<?xml version="1.0" encoding="UTF-8"?>
<testsuite xmlns:xsi="http://www.w3.org/2001/XMLSchema-instance" xsi:noNamespaceSchemaLocation="https://maven.apache.org/surefire/maven-failsafe-plugin/xsd/failsafe-test-report-3.0.xsd" version="3.0" name="starter.CucumberTestSuite" time="64.146" tests="8" errors="0" skipped="0" failures="0">
  <properties>
    <property name="java.specification.version" value="17"/>
    <property name="webdriver.chrome.driver" value="src/test/resources/webdrivers/chromedriver"/>
    <property name="sun.cpu.isalist" value="amd64"/>
    <property name="sun.jnu.encoding" value="Cp1252"/>
    <property name="java.class.path" value="C:\Users\VICTUS\IdeaProjects\MiniProject\target\test-classes;C:\Users\VICTUS\.m2\repository\net\serenity-bdd\serenity-core\3.6.21\serenity-core-3.6.21.jar;C:\Users\VICTUS\.m2\repository\net\serenity-bdd\serenity-model\3.6.21\serenity-model-3.6.21.jar;C:\Users\VICTUS\.m2\repository\org\apache\commons\commons-text\1.10.0\commons-text-1.10.0.jar;C:\Users\VICTUS\.m2\repository\commons-net\commons-net\3.9.0\commons-net-3.9.0.jar;C:\Users\VICTUS\.m2\repository\com\google\guava\guava\31.1-jre\guava-31.1-jre.jar;C:\Users\VICTUS\.m2\repository\com\google\guava\failureaccess\1.0.1\failureaccess-1.0.1.jar;C:\Users\VICTUS\.m2\repository\com\google\guava\listenablefuture\9999.0-empty-to-avoid-conflict-with-guava\listenablefuture-9999.0-empty-to-avoid-conflict-with-guava.jar;C:\Users\VICTUS\.m2\repository\com\google\code\findbugs\jsr305\3.0.2\jsr305-3.0.2.jar;C:\Users\VICTUS\.m2\repository\org\checkerframework\checker-qual\3.12.0\checker-qual-3.12.0.jar;C:\Users\VICTUS\.m2\repository\com\google\errorprone\error_prone_annotations\2.11.0\error_prone_annotations-2.11.0.jar;C:\Users\VICTUS\.m2\repository\com\google\j2objc\j2objc-annotations\1.3\j2objc-annotations-1.3.jar;C:\Users\VICTUS\.m2\repository\com\google\inject\guice\5.1.0\guice-5.1.0.jar;C:\Users\VICTUS\.m2\repository\javax\inject\javax.inject\1\javax.inject-1.jar;C:\Users\VICTUS\.m2\repository\aopalliance\aopalliance\1.0\aopalliance-1.0.jar;C:\Users\VICTUS\.m2\repository\org\jsoup\jsoup\1.14.3\jsoup-1.14.3.jar;C:\Users\VICTUS\.m2\repository\com\thoughtworks\xstream\xstream\1.4.20\xstream-1.4.20.jar;C:\Users\VICTUS\.m2\repository\io\github\x-stream\mxparser\1.2.2\mxparser-1.2.2.jar;C:\Users\VICTUS\.m2\repository\xmlpull\xmlpull\1.1.3.1\xmlpull-1.1.3.1.jar;C:\Users\VICTUS\.m2\repository\com\typesafe\config\1.4.2\config-1.4.2.jar;C:\Users\VICTUS\.m2\repository\org\imgscalr\imgscalr-lib\4.2\imgscalr-lib-4.2.jar;C:\Users\VICTUS\.m2\repository\org\awaitility\awaitility\4.2.0\awaitility-4.2.0.jar;C:\Users\VICTUS\.m2\repository\org\freemarker\freemarker\2.3.31\freemarker-2.3.31.jar;C:\Users\VICTUS\.m2\repository\io\github\classgraph\classgraph\4.8.138\classgraph-4.8.138.jar;C:\Users\VICTUS\.m2\repository\net\sourceforge\jexcelapi\jxl\2.6.12\jxl-2.6.12.jar;C:\Users\VICTUS\.m2\repository\net\bytebuddy\byte-buddy-agent\1.14.2\byte-buddy-agent-1.14.2.jar;C:\Users\VICTUS\.m2\repository\org\objenesis\objenesis\3.3\objenesis-3.3.jar;C:\Users\VICTUS\.m2\repository\net\serenity-bdd\serenity-reports\3.6.21\serenity-reports-3.6.21.jar;C:\Users\VICTUS\.m2\repository\net\serenity-bdd\serenity-stats\3.6.21\serenity-stats-3.6.21.jar;C:\Users\VICTUS\.m2\repository\net\serenity-bdd\serenity-reports-configuration\3.6.21\serenity-reports-configuration-3.6.21.jar;C:\Users\VICTUS\.m2\repository\com\vladsch\flexmark\flexmark-all\0.62.2\flexmark-all-0.62.2.jar;C:\Users\VICTUS\.m2\repository\com\vladsch\flexmark\flexmark\0.62.2\flexmark-0.62.2.jar;C:\Users\VICTUS\.m2\repository\com\vladsch\flexmark\flexmark-ext-abbreviation\0.62.2\flexmark-ext-abbreviation-0.62.2.jar;C:\Users\VICTUS\.m2\repository\com\vladsch\flexmark\flexmark-util\0.62.2\flexmark-util-0.62.2.jar;C:\Users\VICTUS\.m2\repository\com\vladsch\flexmark\flexmark-ext-admonition\0.62.2\flexmark-ext-admonition-0.62.2.jar;C:\Users\VICTUS\.m2\repository\com\vladsch\flexmark\flexmark-ext-anchorlink\0.62.2\flexmark-ext-anchorlink-0.62.2.jar;C:\Users\VICTUS\.m2\repository\com\vladsch\flexmark\flexmark-ext-aside\0.62.2\flexmark-ext-aside-0.62.2.jar;C:\Users\VICTUS\.m2\repository\com\vladsch\flexmark\flexmark-ext-attributes\0.62.2\flexmark-ext-attributes-0.62.2.jar;C:\Users\VICTUS\.m2\repository\com\vladsch\flexmark\flexmark-ext-autolink\0.62.2\flexmark-ext-autolink-0.62.2.jar;C:\Users\VICTUS\.m2\repository\org\nibor\autolink\autolink\0.6.0\autolink-0.6.0.jar;C:\Users\VICTUS\.m2\repository\com\vladsch\flexmark\flexmark-ext-definition\0.62.2\flexmark-ext-definition-0.62.2.jar;C:\Users\VICTUS\.m2\repository\com\vladsch\flexmark\flexmark-ext-emoji\0.62.2\flexmark-ext-emoji-0.62.2.jar;C:\Users\VICTUS\.m2\repository\com\vladsch\flexmark\flexmark-ext-enumerated-reference\0.62.2\flexmark-ext-enumerated-reference-0.62.2.jar;C:\Users\VICTUS\.m2\repository\com\vladsch\flexmark\flexmark-ext-escaped-character\0.62.2\flexmark-ext-escaped-character-0.62.2.jar;C:\Users\VICTUS\.m2\repository\com\vladsch\flexmark\flexmark-ext-footnotes\0.62.2\flexmark-ext-footnotes-0.62.2.jar;C:\Users\VICTUS\.m2\repository\com\vladsch\flexmark\flexmark-ext-gfm-issues\0.62.2\flexmark-ext-gfm-issues-0.62.2.jar;C:\Users\VICTUS\.m2\repository\com\vladsch\flexmark\flexmark-ext-gfm-strikethrough\0.62.2\flexmark-ext-gfm-strikethrough-0.62.2.jar;C:\Users\VICTUS\.m2\repository\com\vladsch\flexmark\flexmark-ext-gfm-tasklist\0.62.2\flexmark-ext-gfm-tasklist-0.62.2.jar;C:\Users\VICTUS\.m2\repository\com\vladsch\flexmark\flexmark-ext-gfm-users\0.62.2\flexmark-ext-gfm-users-0.62.2.jar;C:\Users\VICTUS\.m2\repository\com\vladsch\flexmark\flexmark-ext-gitlab\0.62.2\flexmark-ext-gitlab-0.62.2.jar;C:\Users\VICTUS\.m2\repository\com\vladsch\flexmark\flexmark-ext-jekyll-front-matter\0.62.2\flexmark-ext-jekyll-front-matter-0.62.2.jar;C:\Users\VICTUS\.m2\repository\com\vladsch\flexmark\flexmark-ext-jekyll-tag\0.62.2\flexmark-ext-jekyll-tag-0.62.2.jar;C:\Users\VICTUS\.m2\repository\com\vladsch\flexmark\flexmark-ext-media-tags\0.62.2\flexmark-ext-media-tags-0.62.2.jar;C:\Users\VICTUS\.m2\repository\com\vladsch\flexmark\flexmark-ext-macros\0.62.2\flexmark-ext-macros-0.62.2.jar;C:\Users\VICTUS\.m2\repository\com\vladsch\flexmark\flexmark-ext-ins\0.62.2\flexmark-ext-ins-0.62.2.jar;C:\Users\VICTUS\.m2\repository\com\vladsch\flexmark\flexmark-ext-xwiki-macros\0.62.2\flexmark-ext-xwiki-macros-0.62.2.jar;C:\Users\VICTUS\.m2\repository\com\vladsch\flexmark\flexmark-ext-superscript\0.62.2\flexmark-ext-superscript-0.62.2.jar;C:\Users\VICTUS\.m2\repository\com\vladsch\flexmark\flexmark-ext-tables\0.62.2\flexmark-ext-tables-0.62.2.jar;C:\Users\VICTUS\.m2\repository\com\vladsch\flexmark\flexmark-ext-toc\0.62.2\flexmark-ext-toc-0.62.2.jar;C:\Users\VICTUS\.m2\repository\com\vladsch\flexmark\flexmark-ext-typographic\0.62.2\flexmark-ext-typographic-0.62.2.jar;C:\Users\VICTUS\.m2\repository\com\vladsch\flexmark\flexmark-ext-wikilink\0.62.2\flexmark-ext-wikilink-0.62.2.jar;C:\Users\VICTUS\.m2\repository\com\vladsch\flexmark\flexmark-ext-yaml-front-matter\0.62.2\flexmark-ext-yaml-front-matter-0.62.2.jar;C:\Users\VICTUS\.m2\repository\com\vladsch\flexmark\flexmark-ext-youtube-embedded\0.62.2\flexmark-ext-youtube-embedded-0.62.2.jar;C:\Users\VICTUS\.m2\repository\com\vladsch\flexmark\flexmark-html2md-converter\0.62.2\flexmark-html2md-converter-0.62.2.jar;C:\Users\VICTUS\.m2\repository\com\vladsch\flexmark\flexmark-jira-converter\0.62.2\flexmark-jira-converter-0.62.2.jar;C:\Users\VICTUS\.m2\repository\com\vladsch\flexmark\flexmark-pdf-converter\0.62.2\flexmark-pdf-converter-0.62.2.jar;C:\Users\VICTUS\.m2\repository\com\openhtmltopdf\openhtmltopdf-core\1.0.0\openhtmltopdf-core-1.0.0.jar;C:\Users\VICTUS\.m2\repository\com\openhtmltopdf\openhtmltopdf-pdfbox\1.0.0\openhtmltopdf-pdfbox-1.0.0.jar;C:\Users\VICTUS\.m2\repository\org\apache\pdfbox\pdfbox\2.0.16\pdfbox-2.0.16.jar;C:\Users\VICTUS\.m2\repository\org\apache\pdfbox\fontbox\2.0.16\fontbox-2.0.16.jar;C:\Users\VICTUS\.m2\repository\org\apache\pdfbox\xmpbox\2.0.16\xmpbox-2.0.16.jar;C:\Users\VICTUS\.m2\repository\de\rototor\pdfbox\graphics2d\0.24\graphics2d-0.24.jar;C:\Users\VICTUS\.m2\repository\com\openhtmltopdf\openhtmltopdf-rtl-support\1.0.0\openhtmltopdf-rtl-support-1.0.0.jar;C:\Users\VICTUS\.m2\repository\com\openhtmltopdf\openhtmltopdf-jsoup-dom-converter\1.0.0\openhtmltopdf-jsoup-dom-converter-1.0.0.jar;C:\Users\VICTUS\.m2\repository\com\vladsch\flexmark\flexmark-profile-pegdown\0.62.2\flexmark-profile-pegdown-0.62.2.jar;C:\Users\VICTUS\.m2\repository\com\vladsch\flexmark\flexmark-util-ast\0.62.2\flexmark-util-ast-0.62.2.jar;C:\Users\VICTUS\.m2\repository\com\vladsch\flexmark\flexmark-util-builder\0.62.2\flexmark-util-builder-0.62.2.jar;C:\Users\VICTUS\.m2\repository\com\vladsch\flexmark\flexmark-util-collection\0.62.2\flexmark-util-collection-0.62.2.jar;C:\Users\VICTUS\.m2\repository\com\vladsch\flexmark\flexmark-util-data\0.62.2\flexmark-util-data-0.62.2.jar;C:\Users\VICTUS\.m2\repository\com\vladsch\flexmark\flexmark-util-dependency\0.62.2\flexmark-util-dependency-0.62.2.jar;C:\Users\VICTUS\.m2\repository\com\vladsch\flexmark\flexmark-util-format\0.62.2\flexmark-util-format-0.62.2.jar;C:\Users\VICTUS\.m2\repository\com\vladsch\flexmark\flexmark-util-html\0.62.2\flexmark-util-html-0.62.2.jar;C:\Users\VICTUS\.m2\repository\com\vladsch\flexmark\flexmark-util-misc\0.62.2\flexmark-util-misc-0.62.2.jar;C:\Users\VICTUS\.m2\repository\com\vladsch\flexmark\flexmark-util-options\0.62.2\flexmark-util-options-0.62.2.jar;C:\Users\VICTUS\.m2\repository\com\vladsch\flexmark\flexmark-util-sequence\0.62.2\flexmark-util-sequence-0.62.2.jar;C:\Users\VICTUS\.m2\repository\com\vladsch\flexmark\flexmark-util-visitor\0.62.2\flexmark-util-visitor-0.62.2.jar;C:\Users\VICTUS\.m2\repository\com\vladsch\flexmark\flexmark-youtrack-converter\0.62.2\flexmark-youtrack-converter-0.62.2.jar;C:\Users\VICTUS\.m2\repository\com\ibm\icu\icu4j\72.1\icu4j-72.1.jar;C:\Users\VICTUS\.m2\repository\es\nitaur\markdown\txtmark\0.16\txtmark-0.16.jar;C:\Users\VICTUS\.m2\repository\net\serenity-bdd\serenity-report-resources\3.6.21\serenity-report-resources-3.6.21.jar;C:\Users\VICTUS\.m2\repository\com\google\code\gson\gson\2.10.1\gson-2.10.1.jar;C:\Users\VICTUS\.m2\repository\com\fasterxml\jackson\core\jackson-core\2.15.0-rc1\jackson-core-2.15.0-rc1.jar;C:\Users\VICTUS\.m2\repository\com\fasterxml\jackson\core\jackson-databind\2.15.0-rc1\jackson-databind-2.15.0-rc1.jar;C:\Users\VICTUS\.m2\repository\com\fasterxml\jackson\core\jackson-annotations\2.15.0-rc1\jackson-annotations-2.15.0-rc1.jar;C:\Users\VICTUS\.m2\repository\commons-codec\commons-codec\1.15\commons-codec-1.15.jar;C:\Users\VICTUS\.m2\repository\commons-io\commons-io\2.11.0\commons-io-2.11.0.jar;C:\Users\VICTUS\.m2\repository\org\apache\httpcomponents\httpclient\4.5.13\httpclient-4.5.13.jar;C:\Users\VICTUS\.m2\repository\org\apache\httpcomponents\httpcore\4.4.13\httpcore-4.4.13.jar;C:\Users\VICTUS\.m2\repository\commons-logging\commons-logging\1.2\commons-logging-1.2.jar;C:\Users\VICTUS\.m2\repository\org\seleniumhq\selenium\selenium-java\4.8.1\selenium-java-4.8.1.jar;C:\Users\VICTUS\.m2\repository\org\seleniumhq\selenium\selenium-devtools-v108\4.8.1\selenium-devtools-v108-4.8.1.jar;C:\Users\VICTUS\.m2\repository\org\seleniumhq\selenium\selenium-devtools-v109\4.8.1\selenium-devtools-v109-4.8.1.jar;C:\Users\VICTUS\.m2\repository\org\seleniumhq\selenium\selenium-devtools-v110\4.8.1\selenium-devtools-v110-4.8.1.jar;C:\Users\VICTUS\.m2\repository\org\seleniumhq\selenium\selenium-devtools-v85\4.8.1\selenium-devtools-v85-4.8.1.jar;C:\Users\VICTUS\.m2\repository\org\seleniumhq\selenium\selenium-remote-driver\4.8.1\selenium-remote-driver-4.8.1.jar;C:\Users\VICTUS\.m2\repository\com\beust\jcommander\1.82\jcommander-1.82.jar;C:\Users\VICTUS\.m2\repository\io\netty\netty-buffer\4.1.87.Final\netty-buffer-4.1.87.Final.jar;C:\Users\VICTUS\.m2\repository\io\netty\netty-codec-http\4.1.87.Final\netty-codec-http-4.1.87.Final.jar;C:\Users\VICTUS\.m2\repository\io\netty\netty-codec\4.1.87.Final\netty-codec-4.1.87.Final.jar;C:\Users\VICTUS\.m2\repository\io\netty\netty-handler\4.1.87.Final\netty-handler-4.1.87.Final.jar;C:\Users\VICTUS\.m2\repository\io\netty\netty-common\4.1.87.Final\netty-common-4.1.87.Final.jar;C:\Users\VICTUS\.m2\repository\io\netty\netty-transport-classes-epoll\4.1.87.Final\netty-transport-classes-epoll-4.1.87.Final.jar;C:\Users\VICTUS\.m2\repository\io\netty\netty-transport-classes-kqueue\4.1.87.Final\netty-transport-classes-kqueue-4.1.87.Final.jar;C:\Users\VICTUS\.m2\repository\io\netty\netty-transport-native-epoll\4.1.87.Final\netty-transport-native-epoll-4.1.87.Final.jar;C:\Users\VICTUS\.m2\repository\io\netty\netty-transport-native-kqueue\4.1.87.Final\netty-transport-native-kqueue-4.1.87.Final.jar;C:\Users\VICTUS\.m2\repository\io\netty\netty-transport-native-unix-common\4.1.87.Final\netty-transport-native-unix-common-4.1.87.Final.jar;C:\Users\VICTUS\.m2\repository\io\netty\netty-transport\4.1.87.Final\netty-transport-4.1.87.Final.jar;C:\Users\VICTUS\.m2\repository\io\netty\netty-resolver\4.1.87.Final\netty-resolver-4.1.87.Final.jar;C:\Users\VICTUS\.m2\repository\io\opentelemetry\opentelemetry-api\1.22.0\opentelemetry-api-1.22.0.jar;C:\Users\VICTUS\.m2\repository\io\opentelemetry\opentelemetry-context\1.22.0\opentelemetry-context-1.22.0.jar;C:\Users\VICTUS\.m2\repository\io\opentelemetry\opentelemetry-exporter-logging\1.22.0\opentelemetry-exporter-logging-1.22.0.jar;C:\Users\VICTUS\.m2\repository\io\opentelemetry\opentelemetry-sdk-metrics\1.22.0\opentelemetry-sdk-metrics-1.22.0.jar;C:\Users\VICTUS\.m2\repository\io\opentelemetry\opentelemetry-sdk-logs\1.22.0-alpha\opentelemetry-sdk-logs-1.22.0-alpha.jar;C:\Users\VICTUS\.m2\repository\io\opentelemetry\opentelemetry-api-logs\1.22.0-alpha\opentelemetry-api-logs-1.22.0-alpha.jar;C:\Users\VICTUS\.m2\repository\io\opentelemetry\opentelemetry-sdk-common\1.22.0\opentelemetry-sdk-common-1.22.0.jar;C:\Users\VICTUS\.m2\repository\io\opentelemetry\opentelemetry-sdk-extension-autoconfigure-spi\1.22.0\opentelemetry-sdk-extension-autoconfigure-spi-1.22.0.jar;C:\Users\VICTUS\.m2\repository\io\opentelemetry\opentelemetry-sdk-extension-autoconfigure\1.22.0-alpha\opentelemetry-sdk-extension-autoconfigure-1.22.0-alpha.jar;C:\Users\VICTUS\.m2\repository\io\opentelemetry\opentelemetry-sdk-trace\1.22.0\opentelemetry-sdk-trace-1.22.0.jar;C:\Users\VICTUS\.m2\repository\io\opentelemetry\opentelemetry-sdk\1.22.0\opentelemetry-sdk-1.22.0.jar;C:\Users\VICTUS\.m2\repository\io\opentelemetry\opentelemetry-semconv\1.22.0-alpha\opentelemetry-semconv-1.22.0-alpha.jar;C:\Users\VICTUS\.m2\repository\io\ous\jtoml\2.0.0\jtoml-2.0.0.jar;C:\Users\VICTUS\.m2\repository\org\apache\commons\commons-exec\1.3\commons-exec-1.3.jar;C:\Users\VICTUS\.m2\repository\org\asynchttpclient\async-http-client\2.12.3\async-http-client-2.12.3.jar;C:\Users\VICTUS\.m2\repository\org\asynchttpclient\async-http-client-netty-utils\2.12.3\async-http-client-netty-utils-2.12.3.jar;C:\Users\VICTUS\.m2\repository\io\netty\netty-codec-socks\4.1.60.Final\netty-codec-socks-4.1.60.Final.jar;C:\Users\VICTUS\.m2\repository\io\netty\netty-handler-proxy\4.1.60.Final\netty-handler-proxy-4.1.60.Final.jar;C:\Users\VICTUS\.m2\repository\io\netty\netty-transport-native-epoll\4.1.60.Final\netty-transport-native-epoll-4.1.60.Final-linux-x86_64.jar;C:\Users\VICTUS\.m2\repository\io\netty\netty-transport-native-kqueue\4.1.60.Final\netty-transport-native-kqueue-4.1.60.Final-osx-x86_64.jar;C:\Users\VICTUS\.m2\repository\org\reactivestreams\reactive-streams\1.0.3\reactive-streams-1.0.3.jar;C:\Users\VICTUS\.m2\repository\com\typesafe\netty\netty-reactive-streams\2.0.4\netty-reactive-streams-2.0.4.jar;C:\Users\VICTUS\.m2\repository\org\seleniumhq\selenium\selenium-manager\4.8.1\selenium-manager-4.8.1.jar;C:\Users\VICTUS\.m2\repository\org\seleniumhq\selenium\selenium-safari-driver\4.8.1\selenium-safari-driver-4.8.1.jar;C:\Users\VICTUS\.m2\repository\org\seleniumhq\selenium\selenium-api\4.8.1\selenium-api-4.8.1.jar;C:\Users\VICTUS\.m2\repository\org\seleniumhq\selenium\selenium-support\4.8.1\selenium-support-4.8.1.jar;C:\Users\VICTUS\.m2\repository\com\google\auto\service\auto-service-annotations\1.0.1\auto-service-annotations-1.0.1.jar;C:\Users\VICTUS\.m2\repository\com\google\auto\service\auto-service\1.0.1\auto-service-1.0.1.jar;C:\Users\VICTUS\.m2\repository\com\google\auto\auto-common\1.2\auto-common-1.2.jar;C:\Users\VICTUS\.m2\repository\org\seleniumhq\selenium\selenium-json\4.8.1\selenium-json-4.8.1.jar;C:\Users\VICTUS\.m2\repository\org\seleniumhq\selenium\selenium-chrome-driver\4.8.1\selenium-chrome-driver-4.8.1.jar;C:\Users\VICTUS\.m2\repository\org\seleniumhq\selenium\selenium-chromium-driver\4.8.1\selenium-chromium-driver-4.8.1.jar;C:\Users\VICTUS\.m2\repository\org\seleniumhq\selenium\selenium-firefox-driver\4.8.1\selenium-firefox-driver-4.8.1.jar;C:\Users\VICTUS\.m2\repository\org\seleniumhq\selenium\selenium-http\4.8.1\selenium-http-4.8.1.jar;C:\Users\VICTUS\.m2\repository\dev\failsafe\failsafe\3.3.0\failsafe-3.3.0.jar;C:\Users\VICTUS\.m2\repository\org\seleniumhq\selenium\selenium-edge-driver\4.8.1\selenium-edge-driver-4.8.1.jar;C:\Users\VICTUS\.m2\repository\org\seleniumhq\selenium\selenium-ie-driver\4.8.1\selenium-ie-driver-4.8.1.jar;C:\Users\VICTUS\.m2\repository\org\projectlombok\lombok\1.18.20\lombok-1.18.20.jar;C:\Users\VICTUS\.m2\repository\io\appium\java-client\8.3.0\java-client-8.3.0.jar;C:\Users\VICTUS\.m2\repository\commons-validator\commons-validator\1.7\commons-validator-1.7.jar;C:\Users\VICTUS\.m2\repository\commons-digester\commons-digester\2.1\commons-digester-2.1.jar;C:\Users\VICTUS\.m2\repository\org\apache\groovy\groovy\4.0.10\groovy-4.0.10.jar;C:\Users\VICTUS\.m2\repository\net\sf\opencsv\opencsv\2.0\opencsv-2.0.jar;C:\Users\VICTUS\.m2\repository\commons-beanutils\commons-beanutils\1.9.4\commons-beanutils-1.9.4.jar;C:\Users\VICTUS\.m2\repository\org\apache\commons\commons-lang3\3.12.0\commons-lang3-3.12.0.jar;C:\Users\VICTUS\.m2\repository\commons-collections\commons-collections\3.2.2\commons-collections-3.2.2.jar;C:\Users\VICTUS\.m2\repository\org\fluentlenium\fluentlenium-core\0.10.2\fluentlenium-core-0.10.2.jar;C:\Users\VICTUS\.m2\repository\io\github\bonigarcia\webdrivermanager\5.3.0\webdrivermanager-5.3.0.jar;C:\Users\VICTUS\.m2\repository\com\github\docker-java\docker-java\3.2.13\docker-java-3.2.13.jar;C:\Users\VICTUS\.m2\repository\com\github\docker-java\docker-java-core\3.2.13\docker-java-core-3.2.13.jar;C:\Users\VICTUS\.m2\repository\com\github\docker-java\docker-java-api\3.2.13\docker-java-api-3.2.13.jar;C:\Users\VICTUS\.m2\repository\org\apache\commons\commons-compress\1.21\commons-compress-1.21.jar;C:\Users\VICTUS\.m2\repository\org\bouncycastle\bcpkix-jdk15on\1.64\bcpkix-jdk15on-1.64.jar;C:\Users\VICTUS\.m2\repository\org\bouncycastle\bcprov-jdk15on\1.64\bcprov-jdk15on-1.64.jar;C:\Users\VICTUS\.m2\repository\org\slf4j\jcl-over-slf4j\1.7.30\jcl-over-slf4j-1.7.30.jar;C:\Users\VICTUS\.m2\repository\com\github\docker-java\docker-java-transport-httpclient5\3.2.13\docker-java-transport-httpclient5-3.2.13.jar;C:\Users\VICTUS\.m2\repository\com\github\docker-java\docker-java-transport\3.2.13\docker-java-transport-3.2.13.jar;C:\Users\VICTUS\.m2\repository\net\java\dev\jna\jna\5.8.0\jna-5.8.0.jar;C:\Users\VICTUS\.m2\repository\org\brotli\dec\0.1.2\dec-0.1.2.jar;C:\Users\VICTUS\.m2\repository\org\apache\httpcomponents\client5\httpclient5\5.1.3\httpclient5-5.1.3.jar;C:\Users\VICTUS\.m2\repository\org\apache\httpcomponents\core5\httpcore5\5.1.3\httpcore5-5.1.3.jar;C:\Users\VICTUS\.m2\repository\org\apache\httpcomponents\core5\httpcore5-h2\5.1.3\httpcore5-h2-5.1.3.jar;C:\Users\VICTUS\.m2\repository\com\jhlabs\filters\2.0.235\filters-2.0.235.jar;C:\Users\VICTUS\.m2\repository\com\paulhammant\ngwebdriver\1.1.6\ngwebdriver-1.1.6.jar;C:\Users\VICTUS\.m2\repository\joda-time\joda-time\2.12.2\joda-time-2.12.2.jar;C:\Users\VICTUS\.m2\repository\org\hamcrest\hamcrest\2.2\hamcrest-2.2.jar;C:\Users\VICTUS\.m2\repository\com\google\jimfs\jimfs\1.2\jimfs-1.2.jar;C:\Users\VICTUS\.m2\repository\org\mockito\mockito-core\3.3.3\mockito-core-3.3.3.jar;C:\Users\VICTUS\.m2\repository\javax\xml\bind\jaxb-api\2.3.1\jaxb-api-2.3.1.jar;C:\Users\VICTUS\.m2\repository\javax\activation\javax.activation-api\1.2.0\javax.activation-api-1.2.0.jar;C:\Users\VICTUS\.m2\repository\com\sun\xml\bind\jaxb-core\2.3.0.1\jaxb-core-2.3.0.1.jar;C:\Users\VICTUS\.m2\repository\com\sun\xml\bind\jaxb-impl\2.3.3\jaxb-impl-2.3.3.jar;C:\Users\VICTUS\.m2\repository\jakarta\xml\bind\jakarta.xml.bind-api\2.3.3\jakarta.xml.bind-api-2.3.3.jar;C:\Users\VICTUS\.m2\repository\com\sun\activation\jakarta.activation\1.2.2\jakarta.activation-1.2.2.jar;C:\Users\VICTUS\.m2\repository\javax\activation\activation\1.1.1\activation-1.1.1.jar;C:\Users\VICTUS\.m2\repository\net\serenity-bdd\serenity-cucumber\3.6.21\serenity-cucumber-3.6.21.jar;C:\Users\VICTUS\.m2\repository\io\cucumber\cucumber-core\7.11.0\cucumber-core-7.11.0.jar;C:\Users\VICTUS\.m2\repository\io\cucumber\cucumber-gherkin\7.11.0\cucumber-gherkin-7.11.0.jar;C:\Users\VICTUS\.m2\repository\io\cucumber\cucumber-gherkin-messages\7.11.0\cucumber-gherkin-messages-7.11.0.jar;C:\Users\VICTUS\.m2\repository\io\cucumber\gherkin\26.0.3\gherkin-26.0.3.jar;C:\Users\VICTUS\.m2\repository\io\cucumber\messages\21.0.1\messages-21.0.1.jar;C:\Users\VICTUS\.m2\repository\io\cucumber\tag-expressions\5.0.1\tag-expressions-5.0.1.jar;C:\Users\VICTUS\.m2\repository\io\cucumber\cucumber-expressions\16.1.1\cucumber-expressions-16.1.1.jar;C:\Users\VICTUS\.m2\repository\io\cucumber\datatable\7.11.0\datatable-7.11.0.jar;C:\Users\VICTUS\.m2\repository\io\cucumber\cucumber-plugin\7.11.0\cucumber-plugin-7.11.0.jar;C:\Users\VICTUS\.m2\repository\io\cucumber\docstring\7.11.0\docstring-7.11.0.jar;C:\Users\VICTUS\.m2\repository\io\cucumber\html-formatter\20.2.1\html-formatter-20.2.1.jar;C:\Users\VICTUS\.m2\repository\io\cucumber\junit-xml-formatter\0.1.0\junit-xml-formatter-0.1.0.jar;C:\Users\VICTUS\.m2\repository\io\cucumber\ci-environment\9.1.0\ci-environment-9.1.0.jar;C:\Users\VICTUS\.m2\repository\io\cucumber\cucumber-java\7.11.0\cucumber-java-7.11.0.jar;C:\Users\VICTUS\.m2\repository\io\cucumber\cucumber-junit\7.11.0\cucumber-junit-7.11.0.jar;C:\Users\VICTUS\.m2\repository\org\apache\commons\commons-csv\1.5\commons-csv-1.5.jar;C:\Users\VICTUS\.m2\repository\net\serenity-bdd\serenity-screenplay\3.6.21\serenity-screenplay-3.6.21.jar;C:\Users\VICTUS\.m2\repository\net\serenity-bdd\serenity-screenplay-webdriver\3.6.21\serenity-screenplay-webdriver-3.6.21.jar;C:\Users\VICTUS\.m2\repository\net\serenity-bdd\serenity-ensure\3.6.21\serenity-ensure-3.6.21.jar;C:\Users\VICTUS\.m2\repository\net\serenity-bdd\serenity-junit\3.6.21\serenity-junit-3.6.21.jar;C:\Users\VICTUS\.m2\repository\org\jetbrains\kotlin\kotlin-stdlib\1.8.10\kotlin-stdlib-1.8.10.jar;C:\Users\VICTUS\.m2\repository\org\jetbrains\kotlin\kotlin-stdlib-common\1.8.10\kotlin-stdlib-common-1.8.10.jar;C:\Users\VICTUS\.m2\repository\org\jetbrains\annotations\13.0\annotations-13.0.jar;C:\Users\VICTUS\.m2\repository\org\junit\platform\junit-platform-launcher\1.8.2\junit-platform-launcher-1.8.2.jar;C:\Users\VICTUS\.m2\repository\org\junit\platform\junit-platform-engine\1.8.2\junit-platform-engine-1.8.2.jar;C:\Users\VICTUS\.m2\repository\org\opentest4j\opentest4j\1.2.0\opentest4j-1.2.0.jar;C:\Users\VICTUS\.m2\repository\org\junit\platform\junit-platform-commons\1.8.2\junit-platform-commons-1.8.2.jar;C:\Users\VICTUS\.m2\repository\org\apiguardian\apiguardian-api\1.1.2\apiguardian-api-1.1.2.jar;C:\Users\VICTUS\.m2\repository\org\junit\jupiter\junit-jupiter-engine\5.8.2\junit-jupiter-engine-5.8.2.jar;C:\Users\VICTUS\.m2\repository\org\junit\jupiter\junit-jupiter-api\5.8.2\junit-jupiter-api-5.8.2.jar;C:\Users\VICTUS\.m2\repository\org\junit\vintage\junit-vintage-engine\5.8.2\junit-vintage-engine-5.8.2.jar;C:\Users\VICTUS\.m2\repository\junit\junit\4.13.2\junit-4.13.2.jar;C:\Users\VICTUS\.m2\repository\org\hamcrest\hamcrest-core\1.3\hamcrest-core-1.3.jar;C:\Users\VICTUS\.m2\repository\ch\qos\logback\logback-classic\1.2.10\logback-classic-1.2.10.jar;C:\Users\VICTUS\.m2\repository\ch\qos\logback\logback-core\1.2.10\logback-core-1.2.10.jar;C:\Users\VICTUS\.m2\repository\org\slf4j\slf4j-api\1.7.32\slf4j-api-1.7.32.jar;C:\Users\VICTUS\.m2\repository\org\assertj\assertj-core\3.23.1\assertj-core-3.23.1.jar;C:\Users\VICTUS\.m2\repository\net\bytebuddy\byte-buddy\1.12.10\byte-buddy-1.12.10.jar;"/>
    <property name="java.vm.vendor" value="Oracle Corporation"/>
    <property name="sun.arch.data.model" value="64"/>
    <property name="user.variant" value=""/>
    <property name="java.vendor.url" value="https://java.oracle.com/"/>
    <property name="user.timezone" value="Asia/Jakarta"/>
    <property name="os.name" value="Windows 11"/>
    <property name="java.vm.specification.version" value="17"/>
    <property name="sun.java.launcher" value="SUN_STANDARD"/>
    <property name="user.country" value="ID"/>
    <property name="sun.boot.library.path" value="C:\Program Files\Java\jdk-17.0.3.1\bin"/>
    <property name="sun.java.command" value="org.apache.maven.surefire.booter.ForkedBooter C:\Users\VICTUS\AppData\Local\Temp\surefire5585748540749922783 2023-05-09T18-42-55_941-jvmRun1 surefire2754591735568145487tmp surefire_014689797376194637063tmp"/>
    <property name="jdk.debug" value="release"/>
    <property name="surefire.test.class.path" value="C:\Users\VICTUS\IdeaProjects\MiniProject\target\test-classes;C:\Users\VICTUS\.m2\repository\net\serenity-bdd\serenity-core\3.6.21\serenity-core-3.6.21.jar;C:\Users\VICTUS\.m2\repository\net\serenity-bdd\serenity-model\3.6.21\serenity-model-3.6.21.jar;C:\Users\VICTUS\.m2\repository\org\apache\commons\commons-text\1.10.0\commons-text-1.10.0.jar;C:\Users\VICTUS\.m2\repository\commons-net\commons-net\3.9.0\commons-net-3.9.0.jar;C:\Users\VICTUS\.m2\repository\com\google\guava\guava\31.1-jre\guava-31.1-jre.jar;C:\Users\VICTUS\.m2\repository\com\google\guava\failureaccess\1.0.1\failureaccess-1.0.1.jar;C:\Users\VICTUS\.m2\repository\com\google\guava\listenablefuture\9999.0-empty-to-avoid-conflict-with-guava\listenablefuture-9999.0-empty-to-avoid-conflict-with-guava.jar;C:\Users\VICTUS\.m2\repository\com\google\code\findbugs\jsr305\3.0.2\jsr305-3.0.2.jar;C:\Users\VICTUS\.m2\repository\org\checkerframework\checker-qual\3.12.0\checker-qual-3.12.0.jar;C:\Users\VICTUS\.m2\repository\com\google\errorprone\error_prone_annotations\2.11.0\error_prone_annotations-2.11.0.jar;C:\Users\VICTUS\.m2\repository\com\google\j2objc\j2objc-annotations\1.3\j2objc-annotations-1.3.jar;C:\Users\VICTUS\.m2\repository\com\google\inject\guice\5.1.0\guice-5.1.0.jar;C:\Users\VICTUS\.m2\repository\javax\inject\javax.inject\1\javax.inject-1.jar;C:\Users\VICTUS\.m2\repository\aopalliance\aopalliance\1.0\aopalliance-1.0.jar;C:\Users\VICTUS\.m2\repository\org\jsoup\jsoup\1.14.3\jsoup-1.14.3.jar;C:\Users\VICTUS\.m2\repository\com\thoughtworks\xstream\xstream\1.4.20\xstream-1.4.20.jar;C:\Users\VICTUS\.m2\repository\io\github\x-stream\mxparser\1.2.2\mxparser-1.2.2.jar;C:\Users\VICTUS\.m2\repository\xmlpull\xmlpull\1.1.3.1\xmlpull-1.1.3.1.jar;C:\Users\VICTUS\.m2\repository\com\typesafe\config\1.4.2\config-1.4.2.jar;C:\Users\VICTUS\.m2\repository\org\imgscalr\imgscalr-lib\4.2\imgscalr-lib-4.2.jar;C:\Users\VICTUS\.m2\repository\org\awaitility\awaitility\4.2.0\awaitility-4.2.0.jar;C:\Users\VICTUS\.m2\repository\org\freemarker\freemarker\2.3.31\freemarker-2.3.31.jar;C:\Users\VICTUS\.m2\repository\io\github\classgraph\classgraph\4.8.138\classgraph-4.8.138.jar;C:\Users\VICTUS\.m2\repository\net\sourceforge\jexcelapi\jxl\2.6.12\jxl-2.6.12.jar;C:\Users\VICTUS\.m2\repository\net\bytebuddy\byte-buddy-agent\1.14.2\byte-buddy-agent-1.14.2.jar;C:\Users\VICTUS\.m2\repository\org\objenesis\objenesis\3.3\objenesis-3.3.jar;C:\Users\VICTUS\.m2\repository\net\serenity-bdd\serenity-reports\3.6.21\serenity-reports-3.6.21.jar;C:\Users\VICTUS\.m2\repository\net\serenity-bdd\serenity-stats\3.6.21\serenity-stats-3.6.21.jar;C:\Users\VICTUS\.m2\repository\net\serenity-bdd\serenity-reports-configuration\3.6.21\serenity-reports-configuration-3.6.21.jar;C:\Users\VICTUS\.m2\repository\com\vladsch\flexmark\flexmark-all\0.62.2\flexmark-all-0.62.2.jar;C:\Users\VICTUS\.m2\repository\com\vladsch\flexmark\flexmark\0.62.2\flexmark-0.62.2.jar;C:\Users\VICTUS\.m2\repository\com\vladsch\flexmark\flexmark-ext-abbreviation\0.62.2\flexmark-ext-abbreviation-0.62.2.jar;C:\Users\VICTUS\.m2\repository\com\vladsch\flexmark\flexmark-util\0.62.2\flexmark-util-0.62.2.jar;C:\Users\VICTUS\.m2\repository\com\vladsch\flexmark\flexmark-ext-admonition\0.62.2\flexmark-ext-admonition-0.62.2.jar;C:\Users\VICTUS\.m2\repository\com\vladsch\flexmark\flexmark-ext-anchorlink\0.62.2\flexmark-ext-anchorlink-0.62.2.jar;C:\Users\VICTUS\.m2\repository\com\vladsch\flexmark\flexmark-ext-aside\0.62.2\flexmark-ext-aside-0.62.2.jar;C:\Users\VICTUS\.m2\repository\com\vladsch\flexmark\flexmark-ext-attributes\0.62.2\flexmark-ext-attributes-0.62.2.jar;C:\Users\VICTUS\.m2\repository\com\vladsch\flexmark\flexmark-ext-autolink\0.62.2\flexmark-ext-autolink-0.62.2.jar;C:\Users\VICTUS\.m2\repository\org\nibor\autolink\autolink\0.6.0\autolink-0.6.0.jar;C:\Users\VICTUS\.m2\repository\com\vladsch\flexmark\flexmark-ext-definition\0.62.2\flexmark-ext-definition-0.62.2.jar;C:\Users\VICTUS\.m2\repository\com\vladsch\flexmark\flexmark-ext-emoji\0.62.2\flexmark-ext-emoji-0.62.2.jar;C:\Users\VICTUS\.m2\repository\com\vladsch\flexmark\flexmark-ext-enumerated-reference\0.62.2\flexmark-ext-enumerated-reference-0.62.2.jar;C:\Users\VICTUS\.m2\repository\com\vladsch\flexmark\flexmark-ext-escaped-character\0.62.2\flexmark-ext-escaped-character-0.62.2.jar;C:\Users\VICTUS\.m2\repository\com\vladsch\flexmark\flexmark-ext-footnotes\0.62.2\flexmark-ext-footnotes-0.62.2.jar;C:\Users\VICTUS\.m2\repository\com\vladsch\flexmark\flexmark-ext-gfm-issues\0.62.2\flexmark-ext-gfm-issues-0.62.2.jar;C:\Users\VICTUS\.m2\repository\com\vladsch\flexmark\flexmark-ext-gfm-strikethrough\0.62.2\flexmark-ext-gfm-strikethrough-0.62.2.jar;C:\Users\VICTUS\.m2\repository\com\vladsch\flexmark\flexmark-ext-gfm-tasklist\0.62.2\flexmark-ext-gfm-tasklist-0.62.2.jar;C:\Users\VICTUS\.m2\repository\com\vladsch\flexmark\flexmark-ext-gfm-users\0.62.2\flexmark-ext-gfm-users-0.62.2.jar;C:\Users\VICTUS\.m2\repository\com\vladsch\flexmark\flexmark-ext-gitlab\0.62.2\flexmark-ext-gitlab-0.62.2.jar;C:\Users\VICTUS\.m2\repository\com\vladsch\flexmark\flexmark-ext-jekyll-front-matter\0.62.2\flexmark-ext-jekyll-front-matter-0.62.2.jar;C:\Users\VICTUS\.m2\repository\com\vladsch\flexmark\flexmark-ext-jekyll-tag\0.62.2\flexmark-ext-jekyll-tag-0.62.2.jar;C:\Users\VICTUS\.m2\repository\com\vladsch\flexmark\flexmark-ext-media-tags\0.62.2\flexmark-ext-media-tags-0.62.2.jar;C:\Users\VICTUS\.m2\repository\com\vladsch\flexmark\flexmark-ext-macros\0.62.2\flexmark-ext-macros-0.62.2.jar;C:\Users\VICTUS\.m2\repository\com\vladsch\flexmark\flexmark-ext-ins\0.62.2\flexmark-ext-ins-0.62.2.jar;C:\Users\VICTUS\.m2\repository\com\vladsch\flexmark\flexmark-ext-xwiki-macros\0.62.2\flexmark-ext-xwiki-macros-0.62.2.jar;C:\Users\VICTUS\.m2\repository\com\vladsch\flexmark\flexmark-ext-superscript\0.62.2\flexmark-ext-superscript-0.62.2.jar;C:\Users\VICTUS\.m2\repository\com\vladsch\flexmark\flexmark-ext-tables\0.62.2\flexmark-ext-tables-0.62.2.jar;C:\Users\VICTUS\.m2\repository\com\vladsch\flexmark\flexmark-ext-toc\0.62.2\flexmark-ext-toc-0.62.2.jar;C:\Users\VICTUS\.m2\repository\com\vladsch\flexmark\flexmark-ext-typographic\0.62.2\flexmark-ext-typographic-0.62.2.jar;C:\Users\VICTUS\.m2\repository\com\vladsch\flexmark\flexmark-ext-wikilink\0.62.2\flexmark-ext-wikilink-0.62.2.jar;C:\Users\VICTUS\.m2\repository\com\vladsch\flexmark\flexmark-ext-yaml-front-matter\0.62.2\flexmark-ext-yaml-front-matter-0.62.2.jar;C:\Users\VICTUS\.m2\repository\com\vladsch\flexmark\flexmark-ext-youtube-embedded\0.62.2\flexmark-ext-youtube-embedded-0.62.2.jar;C:\Users\VICTUS\.m2\repository\com\vladsch\flexmark\flexmark-html2md-converter\0.62.2\flexmark-html2md-converter-0.62.2.jar;C:\Users\VICTUS\.m2\repository\com\vladsch\flexmark\flexmark-jira-converter\0.62.2\flexmark-jira-converter-0.62.2.jar;C:\Users\VICTUS\.m2\repository\com\vladsch\flexmark\flexmark-pdf-converter\0.62.2\flexmark-pdf-converter-0.62.2.jar;C:\Users\VICTUS\.m2\repository\com\openhtmltopdf\openhtmltopdf-core\1.0.0\openhtmltopdf-core-1.0.0.jar;C:\Users\VICTUS\.m2\repository\com\openhtmltopdf\openhtmltopdf-pdfbox\1.0.0\openhtmltopdf-pdfbox-1.0.0.jar;C:\Users\VICTUS\.m2\repository\org\apache\pdfbox\pdfbox\2.0.16\pdfbox-2.0.16.jar;C:\Users\VICTUS\.m2\repository\org\apache\pdfbox\fontbox\2.0.16\fontbox-2.0.16.jar;C:\Users\VICTUS\.m2\repository\org\apache\pdfbox\xmpbox\2.0.16\xmpbox-2.0.16.jar;C:\Users\VICTUS\.m2\repository\de\rototor\pdfbox\graphics2d\0.24\graphics2d-0.24.jar;C:\Users\VICTUS\.m2\repository\com\openhtmltopdf\openhtmltopdf-rtl-support\1.0.0\openhtmltopdf-rtl-support-1.0.0.jar;C:\Users\VICTUS\.m2\repository\com\openhtmltopdf\openhtmltopdf-jsoup-dom-converter\1.0.0\openhtmltopdf-jsoup-dom-converter-1.0.0.jar;C:\Users\VICTUS\.m2\repository\com\vladsch\flexmark\flexmark-profile-pegdown\0.62.2\flexmark-profile-pegdown-0.62.2.jar;C:\Users\VICTUS\.m2\repository\com\vladsch\flexmark\flexmark-util-ast\0.62.2\flexmark-util-ast-0.62.2.jar;C:\Users\VICTUS\.m2\repository\com\vladsch\flexmark\flexmark-util-builder\0.62.2\flexmark-util-builder-0.62.2.jar;C:\Users\VICTUS\.m2\repository\com\vladsch\flexmark\flexmark-util-collection\0.62.2\flexmark-util-collection-0.62.2.jar;C:\Users\VICTUS\.m2\repository\com\vladsch\flexmark\flexmark-util-data\0.62.2\flexmark-util-data-0.62.2.jar;C:\Users\VICTUS\.m2\repository\com\vladsch\flexmark\flexmark-util-dependency\0.62.2\flexmark-util-dependency-0.62.2.jar;C:\Users\VICTUS\.m2\repository\com\vladsch\flexmark\flexmark-util-format\0.62.2\flexmark-util-format-0.62.2.jar;C:\Users\VICTUS\.m2\repository\com\vladsch\flexmark\flexmark-util-html\0.62.2\flexmark-util-html-0.62.2.jar;C:\Users\VICTUS\.m2\repository\com\vladsch\flexmark\flexmark-util-misc\0.62.2\flexmark-util-misc-0.62.2.jar;C:\Users\VICTUS\.m2\repository\com\vladsch\flexmark\flexmark-util-options\0.62.2\flexmark-util-options-0.62.2.jar;C:\Users\VICTUS\.m2\repository\com\vladsch\flexmark\flexmark-util-sequence\0.62.2\flexmark-util-sequence-0.62.2.jar;C:\Users\VICTUS\.m2\repository\com\vladsch\flexmark\flexmark-util-visitor\0.62.2\flexmark-util-visitor-0.62.2.jar;C:\Users\VICTUS\.m2\repository\com\vladsch\flexmark\flexmark-youtrack-converter\0.62.2\flexmark-youtrack-converter-0.62.2.jar;C:\Users\VICTUS\.m2\repository\com\ibm\icu\icu4j\72.1\icu4j-72.1.jar;C:\Users\VICTUS\.m2\repository\es\nitaur\markdown\txtmark\0.16\txtmark-0.16.jar;C:\Users\VICTUS\.m2\repository\net\serenity-bdd\serenity-report-resources\3.6.21\serenity-report-resources-3.6.21.jar;C:\Users\VICTUS\.m2\repository\com\google\code\gson\gson\2.10.1\gson-2.10.1.jar;C:\Users\VICTUS\.m2\repository\com\fasterxml\jackson\core\jackson-core\2.15.0-rc1\jackson-core-2.15.0-rc1.jar;C:\Users\VICTUS\.m2\repository\com\fasterxml\jackson\core\jackson-databind\2.15.0-rc1\jackson-databind-2.15.0-rc1.jar;C:\Users\VICTUS\.m2\repository\com\fasterxml\jackson\core\jackson-annotations\2.15.0-rc1\jackson-annotations-2.15.0-rc1.jar;C:\Users\VICTUS\.m2\repository\commons-codec\commons-codec\1.15\commons-codec-1.15.jar;C:\Users\VICTUS\.m2\repository\commons-io\commons-io\2.11.0\commons-io-2.11.0.jar;C:\Users\VICTUS\.m2\repository\org\apache\httpcomponents\httpclient\4.5.13\httpclient-4.5.13.jar;C:\Users\VICTUS\.m2\repository\org\apache\httpcomponents\httpcore\4.4.13\httpcore-4.4.13.jar;C:\Users\VICTUS\.m2\repository\commons-logging\commons-logging\1.2\commons-logging-1.2.jar;C:\Users\VICTUS\.m2\repository\org\seleniumhq\selenium\selenium-java\4.8.1\selenium-java-4.8.1.jar;C:\Users\VICTUS\.m2\repository\org\seleniumhq\selenium\selenium-devtools-v108\4.8.1\selenium-devtools-v108-4.8.1.jar;C:\Users\VICTUS\.m2\repository\org\seleniumhq\selenium\selenium-devtools-v109\4.8.1\selenium-devtools-v109-4.8.1.jar;C:\Users\VICTUS\.m2\repository\org\seleniumhq\selenium\selenium-devtools-v110\4.8.1\selenium-devtools-v110-4.8.1.jar;C:\Users\VICTUS\.m2\repository\org\seleniumhq\selenium\selenium-devtools-v85\4.8.1\selenium-devtools-v85-4.8.1.jar;C:\Users\VICTUS\.m2\repository\org\seleniumhq\selenium\selenium-remote-driver\4.8.1\selenium-remote-driver-4.8.1.jar;C:\Users\VICTUS\.m2\repository\com\beust\jcommander\1.82\jcommander-1.82.jar;C:\Users\VICTUS\.m2\repository\io\netty\netty-buffer\4.1.87.Final\netty-buffer-4.1.87.Final.jar;C:\Users\VICTUS\.m2\repository\io\netty\netty-codec-http\4.1.87.Final\netty-codec-http-4.1.87.Final.jar;C:\Users\VICTUS\.m2\repository\io\netty\netty-codec\4.1.87.Final\netty-codec-4.1.87.Final.jar;C:\Users\VICTUS\.m2\repository\io\netty\netty-handler\4.1.87.Final\netty-handler-4.1.87.Final.jar;C:\Users\VICTUS\.m2\repository\io\netty\netty-common\4.1.87.Final\netty-common-4.1.87.Final.jar;C:\Users\VICTUS\.m2\repository\io\netty\netty-transport-classes-epoll\4.1.87.Final\netty-transport-classes-epoll-4.1.87.Final.jar;C:\Users\VICTUS\.m2\repository\io\netty\netty-transport-classes-kqueue\4.1.87.Final\netty-transport-classes-kqueue-4.1.87.Final.jar;C:\Users\VICTUS\.m2\repository\io\netty\netty-transport-native-epoll\4.1.87.Final\netty-transport-native-epoll-4.1.87.Final.jar;C:\Users\VICTUS\.m2\repository\io\netty\netty-transport-native-kqueue\4.1.87.Final\netty-transport-native-kqueue-4.1.87.Final.jar;C:\Users\VICTUS\.m2\repository\io\netty\netty-transport-native-unix-common\4.1.87.Final\netty-transport-native-unix-common-4.1.87.Final.jar;C:\Users\VICTUS\.m2\repository\io\netty\netty-transport\4.1.87.Final\netty-transport-4.1.87.Final.jar;C:\Users\VICTUS\.m2\repository\io\netty\netty-resolver\4.1.87.Final\netty-resolver-4.1.87.Final.jar;C:\Users\VICTUS\.m2\repository\io\opentelemetry\opentelemetry-api\1.22.0\opentelemetry-api-1.22.0.jar;C:\Users\VICTUS\.m2\repository\io\opentelemetry\opentelemetry-context\1.22.0\opentelemetry-context-1.22.0.jar;C:\Users\VICTUS\.m2\repository\io\opentelemetry\opentelemetry-exporter-logging\1.22.0\opentelemetry-exporter-logging-1.22.0.jar;C:\Users\VICTUS\.m2\repository\io\opentelemetry\opentelemetry-sdk-metrics\1.22.0\opentelemetry-sdk-metrics-1.22.0.jar;C:\Users\VICTUS\.m2\repository\io\opentelemetry\opentelemetry-sdk-logs\1.22.0-alpha\opentelemetry-sdk-logs-1.22.0-alpha.jar;C:\Users\VICTUS\.m2\repository\io\opentelemetry\opentelemetry-api-logs\1.22.0-alpha\opentelemetry-api-logs-1.22.0-alpha.jar;C:\Users\VICTUS\.m2\repository\io\opentelemetry\opentelemetry-sdk-common\1.22.0\opentelemetry-sdk-common-1.22.0.jar;C:\Users\VICTUS\.m2\repository\io\opentelemetry\opentelemetry-sdk-extension-autoconfigure-spi\1.22.0\opentelemetry-sdk-extension-autoconfigure-spi-1.22.0.jar;C:\Users\VICTUS\.m2\repository\io\opentelemetry\opentelemetry-sdk-extension-autoconfigure\1.22.0-alpha\opentelemetry-sdk-extension-autoconfigure-1.22.0-alpha.jar;C:\Users\VICTUS\.m2\repository\io\opentelemetry\opentelemetry-sdk-trace\1.22.0\opentelemetry-sdk-trace-1.22.0.jar;C:\Users\VICTUS\.m2\repository\io\opentelemetry\opentelemetry-sdk\1.22.0\opentelemetry-sdk-1.22.0.jar;C:\Users\VICTUS\.m2\repository\io\opentelemetry\opentelemetry-semconv\1.22.0-alpha\opentelemetry-semconv-1.22.0-alpha.jar;C:\Users\VICTUS\.m2\repository\io\ous\jtoml\2.0.0\jtoml-2.0.0.jar;C:\Users\VICTUS\.m2\repository\org\apache\commons\commons-exec\1.3\commons-exec-1.3.jar;C:\Users\VICTUS\.m2\repository\org\asynchttpclient\async-http-client\2.12.3\async-http-client-2.12.3.jar;C:\Users\VICTUS\.m2\repository\org\asynchttpclient\async-http-client-netty-utils\2.12.3\async-http-client-netty-utils-2.12.3.jar;C:\Users\VICTUS\.m2\repository\io\netty\netty-codec-socks\4.1.60.Final\netty-codec-socks-4.1.60.Final.jar;C:\Users\VICTUS\.m2\repository\io\netty\netty-handler-proxy\4.1.60.Final\netty-handler-proxy-4.1.60.Final.jar;C:\Users\VICTUS\.m2\repository\io\netty\netty-transport-native-epoll\4.1.60.Final\netty-transport-native-epoll-4.1.60.Final-linux-x86_64.jar;C:\Users\VICTUS\.m2\repository\io\netty\netty-transport-native-kqueue\4.1.60.Final\netty-transport-native-kqueue-4.1.60.Final-osx-x86_64.jar;C:\Users\VICTUS\.m2\repository\org\reactivestreams\reactive-streams\1.0.3\reactive-streams-1.0.3.jar;C:\Users\VICTUS\.m2\repository\com\typesafe\netty\netty-reactive-streams\2.0.4\netty-reactive-streams-2.0.4.jar;C:\Users\VICTUS\.m2\repository\org\seleniumhq\selenium\selenium-manager\4.8.1\selenium-manager-4.8.1.jar;C:\Users\VICTUS\.m2\repository\org\seleniumhq\selenium\selenium-safari-driver\4.8.1\selenium-safari-driver-4.8.1.jar;C:\Users\VICTUS\.m2\repository\org\seleniumhq\selenium\selenium-api\4.8.1\selenium-api-4.8.1.jar;C:\Users\VICTUS\.m2\repository\org\seleniumhq\selenium\selenium-support\4.8.1\selenium-support-4.8.1.jar;C:\Users\VICTUS\.m2\repository\com\google\auto\service\auto-service-annotations\1.0.1\auto-service-annotations-1.0.1.jar;C:\Users\VICTUS\.m2\repository\com\google\auto\service\auto-service\1.0.1\auto-service-1.0.1.jar;C:\Users\VICTUS\.m2\repository\com\google\auto\auto-common\1.2\auto-common-1.2.jar;C:\Users\VICTUS\.m2\repository\org\seleniumhq\selenium\selenium-json\4.8.1\selenium-json-4.8.1.jar;C:\Users\VICTUS\.m2\repository\org\seleniumhq\selenium\selenium-chrome-driver\4.8.1\selenium-chrome-driver-4.8.1.jar;C:\Users\VICTUS\.m2\repository\org\seleniumhq\selenium\selenium-chromium-driver\4.8.1\selenium-chromium-driver-4.8.1.jar;C:\Users\VICTUS\.m2\repository\org\seleniumhq\selenium\selenium-firefox-driver\4.8.1\selenium-firefox-driver-4.8.1.jar;C:\Users\VICTUS\.m2\repository\org\seleniumhq\selenium\selenium-http\4.8.1\selenium-http-4.8.1.jar;C:\Users\VICTUS\.m2\repository\dev\failsafe\failsafe\3.3.0\failsafe-3.3.0.jar;C:\Users\VICTUS\.m2\repository\org\seleniumhq\selenium\selenium-edge-driver\4.8.1\selenium-edge-driver-4.8.1.jar;C:\Users\VICTUS\.m2\repository\org\seleniumhq\selenium\selenium-ie-driver\4.8.1\selenium-ie-driver-4.8.1.jar;C:\Users\VICTUS\.m2\repository\org\projectlombok\lombok\1.18.20\lombok-1.18.20.jar;C:\Users\VICTUS\.m2\repository\io\appium\java-client\8.3.0\java-client-8.3.0.jar;C:\Users\VICTUS\.m2\repository\commons-validator\commons-validator\1.7\commons-validator-1.7.jar;C:\Users\VICTUS\.m2\repository\commons-digester\commons-digester\2.1\commons-digester-2.1.jar;C:\Users\VICTUS\.m2\repository\org\apache\groovy\groovy\4.0.10\groovy-4.0.10.jar;C:\Users\VICTUS\.m2\repository\net\sf\opencsv\opencsv\2.0\opencsv-2.0.jar;C:\Users\VICTUS\.m2\repository\commons-beanutils\commons-beanutils\1.9.4\commons-beanutils-1.9.4.jar;C:\Users\VICTUS\.m2\repository\org\apache\commons\commons-lang3\3.12.0\commons-lang3-3.12.0.jar;C:\Users\VICTUS\.m2\repository\commons-collections\commons-collections\3.2.2\commons-collections-3.2.2.jar;C:\Users\VICTUS\.m2\repository\org\fluentlenium\fluentlenium-core\0.10.2\fluentlenium-core-0.10.2.jar;C:\Users\VICTUS\.m2\repository\io\github\bonigarcia\webdrivermanager\5.3.0\webdrivermanager-5.3.0.jar;C:\Users\VICTUS\.m2\repository\com\github\docker-java\docker-java\3.2.13\docker-java-3.2.13.jar;C:\Users\VICTUS\.m2\repository\com\github\docker-java\docker-java-core\3.2.13\docker-java-core-3.2.13.jar;C:\Users\VICTUS\.m2\repository\com\github\docker-java\docker-java-api\3.2.13\docker-java-api-3.2.13.jar;C:\Users\VICTUS\.m2\repository\org\apache\commons\commons-compress\1.21\commons-compress-1.21.jar;C:\Users\VICTUS\.m2\repository\org\bouncycastle\bcpkix-jdk15on\1.64\bcpkix-jdk15on-1.64.jar;C:\Users\VICTUS\.m2\repository\org\bouncycastle\bcprov-jdk15on\1.64\bcprov-jdk15on-1.64.jar;C:\Users\VICTUS\.m2\repository\org\slf4j\jcl-over-slf4j\1.7.30\jcl-over-slf4j-1.7.30.jar;C:\Users\VICTUS\.m2\repository\com\github\docker-java\docker-java-transport-httpclient5\3.2.13\docker-java-transport-httpclient5-3.2.13.jar;C:\Users\VICTUS\.m2\repository\com\github\docker-java\docker-java-transport\3.2.13\docker-java-transport-3.2.13.jar;C:\Users\VICTUS\.m2\repository\net\java\dev\jna\jna\5.8.0\jna-5.8.0.jar;C:\Users\VICTUS\.m2\repository\org\brotli\dec\0.1.2\dec-0.1.2.jar;C:\Users\VICTUS\.m2\repository\org\apache\httpcomponents\client5\httpclient5\5.1.3\httpclient5-5.1.3.jar;C:\Users\VICTUS\.m2\repository\org\apache\httpcomponents\core5\httpcore5\5.1.3\httpcore5-5.1.3.jar;C:\Users\VICTUS\.m2\repository\org\apache\httpcomponents\core5\httpcore5-h2\5.1.3\httpcore5-h2-5.1.3.jar;C:\Users\VICTUS\.m2\repository\com\jhlabs\filters\2.0.235\filters-2.0.235.jar;C:\Users\VICTUS\.m2\repository\com\paulhammant\ngwebdriver\1.1.6\ngwebdriver-1.1.6.jar;C:\Users\VICTUS\.m2\repository\joda-time\joda-time\2.12.2\joda-time-2.12.2.jar;C:\Users\VICTUS\.m2\repository\org\hamcrest\hamcrest\2.2\hamcrest-2.2.jar;C:\Users\VICTUS\.m2\repository\com\google\jimfs\jimfs\1.2\jimfs-1.2.jar;C:\Users\VICTUS\.m2\repository\org\mockito\mockito-core\3.3.3\mockito-core-3.3.3.jar;C:\Users\VICTUS\.m2\repository\javax\xml\bind\jaxb-api\2.3.1\jaxb-api-2.3.1.jar;C:\Users\VICTUS\.m2\repository\javax\activation\javax.activation-api\1.2.0\javax.activation-api-1.2.0.jar;C:\Users\VICTUS\.m2\repository\com\sun\xml\bind\jaxb-core\2.3.0.1\jaxb-core-2.3.0.1.jar;C:\Users\VICTUS\.m2\repository\com\sun\xml\bind\jaxb-impl\2.3.3\jaxb-impl-2.3.3.jar;C:\Users\VICTUS\.m2\repository\jakarta\xml\bind\jakarta.xml.bind-api\2.3.3\jakarta.xml.bind-api-2.3.3.jar;C:\Users\VICTUS\.m2\repository\com\sun\activation\jakarta.activation\1.2.2\jakarta.activation-1.2.2.jar;C:\Users\VICTUS\.m2\repository\javax\activation\activation\1.1.1\activation-1.1.1.jar;C:\Users\VICTUS\.m2\repository\net\serenity-bdd\serenity-cucumber\3.6.21\serenity-cucumber-3.6.21.jar;C:\Users\VICTUS\.m2\repository\io\cucumber\cucumber-core\7.11.0\cucumber-core-7.11.0.jar;C:\Users\VICTUS\.m2\repository\io\cucumber\cucumber-gherkin\7.11.0\cucumber-gherkin-7.11.0.jar;C:\Users\VICTUS\.m2\repository\io\cucumber\cucumber-gherkin-messages\7.11.0\cucumber-gherkin-messages-7.11.0.jar;C:\Users\VICTUS\.m2\repository\io\cucumber\gherkin\26.0.3\gherkin-26.0.3.jar;C:\Users\VICTUS\.m2\repository\io\cucumber\messages\21.0.1\messages-21.0.1.jar;C:\Users\VICTUS\.m2\repository\io\cucumber\tag-expressions\5.0.1\tag-expressions-5.0.1.jar;C:\Users\VICTUS\.m2\repository\io\cucumber\cucumber-expressions\16.1.1\cucumber-expressions-16.1.1.jar;C:\Users\VICTUS\.m2\repository\io\cucumber\datatable\7.11.0\datatable-7.11.0.jar;C:\Users\VICTUS\.m2\repository\io\cucumber\cucumber-plugin\7.11.0\cucumber-plugin-7.11.0.jar;C:\Users\VICTUS\.m2\repository\io\cucumber\docstring\7.11.0\docstring-7.11.0.jar;C:\Users\VICTUS\.m2\repository\io\cucumber\html-formatter\20.2.1\html-formatter-20.2.1.jar;C:\Users\VICTUS\.m2\repository\io\cucumber\junit-xml-formatter\0.1.0\junit-xml-formatter-0.1.0.jar;C:\Users\VICTUS\.m2\repository\io\cucumber\ci-environment\9.1.0\ci-environment-9.1.0.jar;C:\Users\VICTUS\.m2\repository\io\cucumber\cucumber-java\7.11.0\cucumber-java-7.11.0.jar;C:\Users\VICTUS\.m2\repository\io\cucumber\cucumber-junit\7.11.0\cucumber-junit-7.11.0.jar;C:\Users\VICTUS\.m2\repository\org\apache\commons\commons-csv\1.5\commons-csv-1.5.jar;C:\Users\VICTUS\.m2\repository\net\serenity-bdd\serenity-screenplay\3.6.21\serenity-screenplay-3.6.21.jar;C:\Users\VICTUS\.m2\repository\net\serenity-bdd\serenity-screenplay-webdriver\3.6.21\serenity-screenplay-webdriver-3.6.21.jar;C:\Users\VICTUS\.m2\repository\net\serenity-bdd\serenity-ensure\3.6.21\serenity-ensure-3.6.21.jar;C:\Users\VICTUS\.m2\repository\net\serenity-bdd\serenity-junit\3.6.21\serenity-junit-3.6.21.jar;C:\Users\VICTUS\.m2\repository\org\jetbrains\kotlin\kotlin-stdlib\1.8.10\kotlin-stdlib-1.8.10.jar;C:\Users\VICTUS\.m2\repository\org\jetbrains\kotlin\kotlin-stdlib-common\1.8.10\kotlin-stdlib-common-1.8.10.jar;C:\Users\VICTUS\.m2\repository\org\jetbrains\annotations\13.0\annotations-13.0.jar;C:\Users\VICTUS\.m2\repository\org\junit\platform\junit-platform-launcher\1.8.2\junit-platform-launcher-1.8.2.jar;C:\Users\VICTUS\.m2\repository\org\junit\platform\junit-platform-engine\1.8.2\junit-platform-engine-1.8.2.jar;C:\Users\VICTUS\.m2\repository\org\opentest4j\opentest4j\1.2.0\opentest4j-1.2.0.jar;C:\Users\VICTUS\.m2\repository\org\junit\platform\junit-platform-commons\1.8.2\junit-platform-commons-1.8.2.jar;C:\Users\VICTUS\.m2\repository\org\apiguardian\apiguardian-api\1.1.2\apiguardian-api-1.1.2.jar;C:\Users\VICTUS\.m2\repository\org\junit\jupiter\junit-jupiter-engine\5.8.2\junit-jupiter-engine-5.8.2.jar;C:\Users\VICTUS\.m2\repository\org\junit\jupiter\junit-jupiter-api\5.8.2\junit-jupiter-api-5.8.2.jar;C:\Users\VICTUS\.m2\repository\org\junit\vintage\junit-vintage-engine\5.8.2\junit-vintage-engine-5.8.2.jar;C:\Users\VICTUS\.m2\repository\junit\junit\4.13.2\junit-4.13.2.jar;C:\Users\VICTUS\.m2\repository\org\hamcrest\hamcrest-core\1.3\hamcrest-core-1.3.jar;C:\Users\VICTUS\.m2\repository\ch\qos\logback\logback-classic\1.2.10\logback-classic-1.2.10.jar;C:\Users\VICTUS\.m2\repository\ch\qos\logback\logback-core\1.2.10\logback-core-1.2.10.jar;C:\Users\VICTUS\.m2\repository\org\slf4j\slf4j-api\1.7.32\slf4j-api-1.7.32.jar;C:\Users\VICTUS\.m2\repository\org\assertj\assertj-core\3.23.1\assertj-core-3.23.1.jar;C:\Users\VICTUS\.m2\repository\net\bytebuddy\byte-buddy\1.12.10\byte-buddy-1.12.10.jar;"/>
    <property name="sun.cpu.endian" value="little"/>
    <property name="user.home" value="C:\Users\VICTUS"/>
    <property name="user.language" value="en"/>
    <property name="java.specification.vendor" value="Oracle Corporation"/>
    <property name="jdk.module.path" value="C:\Users\VICTUS\IdeaProjects\MiniProject\target\MiniProject-1.0-SNAPSHOT.jar"/>
    <property name="java.version.date" value="2022-04-22"/>
    <property name="java.home" value="C:\Program Files\Java\jdk-17.0.3.1"/>
    <property name="file.separator" value="\"/>
    <property name="basedir" value="C:\Users\VICTUS\IdeaProjects\MiniProject"/>
    <property name="java.vm.compressedOopsMode" value="Zero based"/>
    <property name="line.separator" value="&#10;"/>
    <property name="java.vm.specification.vendor" value="Oracle Corporation"/>
    <property name="java.specification.name" value="Java Platform API Specification"/>
    <property name="surefire.real.class.path" value="C:\Users\VICTUS\.m2\repository\org\apache\maven\surefire\surefire-booter\3.0.0-M5\surefire-booter-3.0.0-M5.jar;C:\Users\VICTUS\.m2\repository\org\apache\maven\surefire\surefire-api\3.0.0-M5\surefire-api-3.0.0-M5.jar;C:\Users\VICTUS\.m2\repository\org\apache\maven\surefire\surefire-logger-api\3.0.0-M5\surefire-logger-api-3.0.0-M5.jar;C:\Users\VICTUS\.m2\repository\org\apache\maven\surefire\surefire-shared-utils\3.0.0-M4\surefire-shared-utils-3.0.0-M4.jar;C:\Users\VICTUS\.m2\repository\org\apache\maven\surefire\surefire-extensions-spi\3.0.0-M5\surefire-extensions-spi-3.0.0-M5.jar;C:\Users\VICTUS\IdeaProjects\MiniProject\target\test-classes;C:\Users\VICTUS\.m2\repository\net\serenity-bdd\serenity-core\3.6.21\serenity-core-3.6.21.jar;C:\Users\VICTUS\.m2\repository\net\serenity-bdd\serenity-model\3.6.21\serenity-model-3.6.21.jar;C:\Users\VICTUS\.m2\repository\org\apache\commons\commons-text\1.10.0\commons-text-1.10.0.jar;C:\Users\VICTUS\.m2\repository\commons-net\commons-net\3.9.0\commons-net-3.9.0.jar;C:\Users\VICTUS\.m2\repository\com\google\guava\guava\31.1-jre\guava-31.1-jre.jar;C:\Users\VICTUS\.m2\repository\com\google\guava\failureaccess\1.0.1\failureaccess-1.0.1.jar;C:\Users\VICTUS\.m2\repository\com\google\guava\listenablefuture\9999.0-empty-to-avoid-conflict-with-guava\listenablefuture-9999.0-empty-to-avoid-conflict-with-guava.jar;C:\Users\VICTUS\.m2\repository\com\google\code\findbugs\jsr305\3.0.2\jsr305-3.0.2.jar;C:\Users\VICTUS\.m2\repository\org\checkerframework\checker-qual\3.12.0\checker-qual-3.12.0.jar;C:\Users\VICTUS\.m2\repository\com\google\errorprone\error_prone_annotations\2.11.0\error_prone_annotations-2.11.0.jar;C:\Users\VICTUS\.m2\repository\com\google\j2objc\j2objc-annotations\1.3\j2objc-annotations-1.3.jar;C:\Users\VICTUS\.m2\repository\com\google\inject\guice\5.1.0\guice-5.1.0.jar;C:\Users\VICTUS\.m2\repository\javax\inject\javax.inject\1\javax.inject-1.jar;C:\Users\VICTUS\.m2\repository\aopalliance\aopalliance\1.0\aopalliance-1.0.jar;C:\Users\VICTUS\.m2\repository\org\jsoup\jsoup\1.14.3\jsoup-1.14.3.jar;C:\Users\VICTUS\.m2\repository\com\thoughtworks\xstream\xstream\1.4.20\xstream-1.4.20.jar;C:\Users\VICTUS\.m2\repository\io\github\x-stream\mxparser\1.2.2\mxparser-1.2.2.jar;C:\Users\VICTUS\.m2\repository\xmlpull\xmlpull\1.1.3.1\xmlpull-1.1.3.1.jar;C:\Users\VICTUS\.m2\repository\com\typesafe\config\1.4.2\config-1.4.2.jar;C:\Users\VICTUS\.m2\repository\org\imgscalr\imgscalr-lib\4.2\imgscalr-lib-4.2.jar;C:\Users\VICTUS\.m2\repository\org\awaitility\awaitility\4.2.0\awaitility-4.2.0.jar;C:\Users\VICTUS\.m2\repository\org\freemarker\freemarker\2.3.31\freemarker-2.3.31.jar;C:\Users\VICTUS\.m2\repository\io\github\classgraph\classgraph\4.8.138\classgraph-4.8.138.jar;C:\Users\VICTUS\.m2\repository\net\sourceforge\jexcelapi\jxl\2.6.12\jxl-2.6.12.jar;C:\Users\VICTUS\.m2\repository\net\bytebuddy\byte-buddy-agent\1.14.2\byte-buddy-agent-1.14.2.jar;C:\Users\VICTUS\.m2\repository\org\objenesis\objenesis\3.3\objenesis-3.3.jar;C:\Users\VICTUS\.m2\repository\net\serenity-bdd\serenity-reports\3.6.21\serenity-reports-3.6.21.jar;C:\Users\VICTUS\.m2\repository\net\serenity-bdd\serenity-stats\3.6.21\serenity-stats-3.6.21.jar;C:\Users\VICTUS\.m2\repository\net\serenity-bdd\serenity-reports-configuration\3.6.21\serenity-reports-configuration-3.6.21.jar;C:\Users\VICTUS\.m2\repository\com\vladsch\flexmark\flexmark-all\0.62.2\flexmark-all-0.62.2.jar;C:\Users\VICTUS\.m2\repository\com\vladsch\flexmark\flexmark\0.62.2\flexmark-0.62.2.jar;C:\Users\VICTUS\.m2\repository\com\vladsch\flexmark\flexmark-ext-abbreviation\0.62.2\flexmark-ext-abbreviation-0.62.2.jar;C:\Users\VICTUS\.m2\repository\com\vladsch\flexmark\flexmark-util\0.62.2\flexmark-util-0.62.2.jar;C:\Users\VICTUS\.m2\repository\com\vladsch\flexmark\flexmark-ext-admonition\0.62.2\flexmark-ext-admonition-0.62.2.jar;C:\Users\VICTUS\.m2\repository\com\vladsch\flexmark\flexmark-ext-anchorlink\0.62.2\flexmark-ext-anchorlink-0.62.2.jar;C:\Users\VICTUS\.m2\repository\com\vladsch\flexmark\flexmark-ext-aside\0.62.2\flexmark-ext-aside-0.62.2.jar;C:\Users\VICTUS\.m2\repository\com\vladsch\flexmark\flexmark-ext-attributes\0.62.2\flexmark-ext-attributes-0.62.2.jar;C:\Users\VICTUS\.m2\repository\com\vladsch\flexmark\flexmark-ext-autolink\0.62.2\flexmark-ext-autolink-0.62.2.jar;C:\Users\VICTUS\.m2\repository\org\nibor\autolink\autolink\0.6.0\autolink-0.6.0.jar;C:\Users\VICTUS\.m2\repository\com\vladsch\flexmark\flexmark-ext-definition\0.62.2\flexmark-ext-definition-0.62.2.jar;C:\Users\VICTUS\.m2\repository\com\vladsch\flexmark\flexmark-ext-emoji\0.62.2\flexmark-ext-emoji-0.62.2.jar;C:\Users\VICTUS\.m2\repository\com\vladsch\flexmark\flexmark-ext-enumerated-reference\0.62.2\flexmark-ext-enumerated-reference-0.62.2.jar;C:\Users\VICTUS\.m2\repository\com\vladsch\flexmark\flexmark-ext-escaped-character\0.62.2\flexmark-ext-escaped-character-0.62.2.jar;C:\Users\VICTUS\.m2\repository\com\vladsch\flexmark\flexmark-ext-footnotes\0.62.2\flexmark-ext-footnotes-0.62.2.jar;C:\Users\VICTUS\.m2\repository\com\vladsch\flexmark\flexmark-ext-gfm-issues\0.62.2\flexmark-ext-gfm-issues-0.62.2.jar;C:\Users\VICTUS\.m2\repository\com\vladsch\flexmark\flexmark-ext-gfm-strikethrough\0.62.2\flexmark-ext-gfm-strikethrough-0.62.2.jar;C:\Users\VICTUS\.m2\repository\com\vladsch\flexmark\flexmark-ext-gfm-tasklist\0.62.2\flexmark-ext-gfm-tasklist-0.62.2.jar;C:\Users\VICTUS\.m2\repository\com\vladsch\flexmark\flexmark-ext-gfm-users\0.62.2\flexmark-ext-gfm-users-0.62.2.jar;C:\Users\VICTUS\.m2\repository\com\vladsch\flexmark\flexmark-ext-gitlab\0.62.2\flexmark-ext-gitlab-0.62.2.jar;C:\Users\VICTUS\.m2\repository\com\vladsch\flexmark\flexmark-ext-jekyll-front-matter\0.62.2\flexmark-ext-jekyll-front-matter-0.62.2.jar;C:\Users\VICTUS\.m2\repository\com\vladsch\flexmark\flexmark-ext-jekyll-tag\0.62.2\flexmark-ext-jekyll-tag-0.62.2.jar;C:\Users\VICTUS\.m2\repository\com\vladsch\flexmark\flexmark-ext-media-tags\0.62.2\flexmark-ext-media-tags-0.62.2.jar;C:\Users\VICTUS\.m2\repository\com\vladsch\flexmark\flexmark-ext-macros\0.62.2\flexmark-ext-macros-0.62.2.jar;C:\Users\VICTUS\.m2\repository\com\vladsch\flexmark\flexmark-ext-ins\0.62.2\flexmark-ext-ins-0.62.2.jar;C:\Users\VICTUS\.m2\repository\com\vladsch\flexmark\flexmark-ext-xwiki-macros\0.62.2\flexmark-ext-xwiki-macros-0.62.2.jar;C:\Users\VICTUS\.m2\repository\com\vladsch\flexmark\flexmark-ext-superscript\0.62.2\flexmark-ext-superscript-0.62.2.jar;C:\Users\VICTUS\.m2\repository\com\vladsch\flexmark\flexmark-ext-tables\0.62.2\flexmark-ext-tables-0.62.2.jar;C:\Users\VICTUS\.m2\repository\com\vladsch\flexmark\flexmark-ext-toc\0.62.2\flexmark-ext-toc-0.62.2.jar;C:\Users\VICTUS\.m2\repository\com\vladsch\flexmark\flexmark-ext-typographic\0.62.2\flexmark-ext-typographic-0.62.2.jar;C:\Users\VICTUS\.m2\repository\com\vladsch\flexmark\flexmark-ext-wikilink\0.62.2\flexmark-ext-wikilink-0.62.2.jar;C:\Users\VICTUS\.m2\repository\com\vladsch\flexmark\flexmark-ext-yaml-front-matter\0.62.2\flexmark-ext-yaml-front-matter-0.62.2.jar;C:\Users\VICTUS\.m2\repository\com\vladsch\flexmark\flexmark-ext-youtube-embedded\0.62.2\flexmark-ext-youtube-embedded-0.62.2.jar;C:\Users\VICTUS\.m2\repository\com\vladsch\flexmark\flexmark-html2md-converter\0.62.2\flexmark-html2md-converter-0.62.2.jar;C:\Users\VICTUS\.m2\repository\com\vladsch\flexmark\flexmark-jira-converter\0.62.2\flexmark-jira-converter-0.62.2.jar;C:\Users\VICTUS\.m2\repository\com\vladsch\flexmark\flexmark-pdf-converter\0.62.2\flexmark-pdf-converter-0.62.2.jar;C:\Users\VICTUS\.m2\repository\com\openhtmltopdf\openhtmltopdf-core\1.0.0\openhtmltopdf-core-1.0.0.jar;C:\Users\VICTUS\.m2\repository\com\openhtmltopdf\openhtmltopdf-pdfbox\1.0.0\openhtmltopdf-pdfbox-1.0.0.jar;C:\Users\VICTUS\.m2\repository\org\apache\pdfbox\pdfbox\2.0.16\pdfbox-2.0.16.jar;C:\Users\VICTUS\.m2\repository\org\apache\pdfbox\fontbox\2.0.16\fontbox-2.0.16.jar;C:\Users\VICTUS\.m2\repository\org\apache\pdfbox\xmpbox\2.0.16\xmpbox-2.0.16.jar;C:\Users\VICTUS\.m2\repository\de\rototor\pdfbox\graphics2d\0.24\graphics2d-0.24.jar;C:\Users\VICTUS\.m2\repository\com\openhtmltopdf\openhtmltopdf-rtl-support\1.0.0\openhtmltopdf-rtl-support-1.0.0.jar;C:\Users\VICTUS\.m2\repository\com\openhtmltopdf\openhtmltopdf-jsoup-dom-converter\1.0.0\openhtmltopdf-jsoup-dom-converter-1.0.0.jar;C:\Users\VICTUS\.m2\repository\com\vladsch\flexmark\flexmark-profile-pegdown\0.62.2\flexmark-profile-pegdown-0.62.2.jar;C:\Users\VICTUS\.m2\repository\com\vladsch\flexmark\flexmark-util-ast\0.62.2\flexmark-util-ast-0.62.2.jar;C:\Users\VICTUS\.m2\repository\com\vladsch\flexmark\flexmark-util-builder\0.62.2\flexmark-util-builder-0.62.2.jar;C:\Users\VICTUS\.m2\repository\com\vladsch\flexmark\flexmark-util-collection\0.62.2\flexmark-util-collection-0.62.2.jar;C:\Users\VICTUS\.m2\repository\com\vladsch\flexmark\flexmark-util-data\0.62.2\flexmark-util-data-0.62.2.jar;C:\Users\VICTUS\.m2\repository\com\vladsch\flexmark\flexmark-util-dependency\0.62.2\flexmark-util-dependency-0.62.2.jar;C:\Users\VICTUS\.m2\repository\com\vladsch\flexmark\flexmark-util-format\0.62.2\flexmark-util-format-0.62.2.jar;C:\Users\VICTUS\.m2\repository\com\vladsch\flexmark\flexmark-util-html\0.62.2\flexmark-util-html-0.62.2.jar;C:\Users\VICTUS\.m2\repository\com\vladsch\flexmark\flexmark-util-misc\0.62.2\flexmark-util-misc-0.62.2.jar;C:\Users\VICTUS\.m2\repository\com\vladsch\flexmark\flexmark-util-options\0.62.2\flexmark-util-options-0.62.2.jar;C:\Users\VICTUS\.m2\repository\com\vladsch\flexmark\flexmark-util-sequence\0.62.2\flexmark-util-sequence-0.62.2.jar;C:\Users\VICTUS\.m2\repository\com\vladsch\flexmark\flexmark-util-visitor\0.62.2\flexmark-util-visitor-0.62.2.jar;C:\Users\VICTUS\.m2\repository\com\vladsch\flexmark\flexmark-youtrack-converter\0.62.2\flexmark-youtrack-converter-0.62.2.jar;C:\Users\VICTUS\.m2\repository\com\ibm\icu\icu4j\72.1\icu4j-72.1.jar;C:\Users\VICTUS\.m2\repository\es\nitaur\markdown\txtmark\0.16\txtmark-0.16.jar;C:\Users\VICTUS\.m2\repository\net\serenity-bdd\serenity-report-resources\3.6.21\serenity-report-resources-3.6.21.jar;C:\Users\VICTUS\.m2\repository\com\google\code\gson\gson\2.10.1\gson-2.10.1.jar;C:\Users\VICTUS\.m2\repository\com\fasterxml\jackson\core\jackson-core\2.15.0-rc1\jackson-core-2.15.0-rc1.jar;C:\Users\VICTUS\.m2\repository\com\fasterxml\jackson\core\jackson-databind\2.15.0-rc1\jackson-databind-2.15.0-rc1.jar;C:\Users\VICTUS\.m2\repository\com\fasterxml\jackson\core\jackson-annotations\2.15.0-rc1\jackson-annotations-2.15.0-rc1.jar;C:\Users\VICTUS\.m2\repository\commons-codec\commons-codec\1.15\commons-codec-1.15.jar;C:\Users\VICTUS\.m2\repository\commons-io\commons-io\2.11.0\commons-io-2.11.0.jar;C:\Users\VICTUS\.m2\repository\org\apache\httpcomponents\httpclient\4.5.13\httpclient-4.5.13.jar;C:\Users\VICTUS\.m2\repository\org\apache\httpcomponents\httpcore\4.4.13\httpcore-4.4.13.jar;C:\Users\VICTUS\.m2\repository\commons-logging\commons-logging\1.2\commons-logging-1.2.jar;C:\Users\VICTUS\.m2\repository\org\seleniumhq\selenium\selenium-java\4.8.1\selenium-java-4.8.1.jar;C:\Users\VICTUS\.m2\repository\org\seleniumhq\selenium\selenium-devtools-v108\4.8.1\selenium-devtools-v108-4.8.1.jar;C:\Users\VICTUS\.m2\repository\org\seleniumhq\selenium\selenium-devtools-v109\4.8.1\selenium-devtools-v109-4.8.1.jar;C:\Users\VICTUS\.m2\repository\org\seleniumhq\selenium\selenium-devtools-v110\4.8.1\selenium-devtools-v110-4.8.1.jar;C:\Users\VICTUS\.m2\repository\org\seleniumhq\selenium\selenium-devtools-v85\4.8.1\selenium-devtools-v85-4.8.1.jar;C:\Users\VICTUS\.m2\repository\org\seleniumhq\selenium\selenium-remote-driver\4.8.1\selenium-remote-driver-4.8.1.jar;C:\Users\VICTUS\.m2\repository\com\beust\jcommander\1.82\jcommander-1.82.jar;C:\Users\VICTUS\.m2\repository\io\netty\netty-buffer\4.1.87.Final\netty-buffer-4.1.87.Final.jar;C:\Users\VICTUS\.m2\repository\io\netty\netty-codec-http\4.1.87.Final\netty-codec-http-4.1.87.Final.jar;C:\Users\VICTUS\.m2\repository\io\netty\netty-codec\4.1.87.Final\netty-codec-4.1.87.Final.jar;C:\Users\VICTUS\.m2\repository\io\netty\netty-handler\4.1.87.Final\netty-handler-4.1.87.Final.jar;C:\Users\VICTUS\.m2\repository\io\netty\netty-common\4.1.87.Final\netty-common-4.1.87.Final.jar;C:\Users\VICTUS\.m2\repository\io\netty\netty-transport-classes-epoll\4.1.87.Final\netty-transport-classes-epoll-4.1.87.Final.jar;C:\Users\VICTUS\.m2\repository\io\netty\netty-transport-classes-kqueue\4.1.87.Final\netty-transport-classes-kqueue-4.1.87.Final.jar;C:\Users\VICTUS\.m2\repository\io\netty\netty-transport-native-epoll\4.1.87.Final\netty-transport-native-epoll-4.1.87.Final.jar;C:\Users\VICTUS\.m2\repository\io\netty\netty-transport-native-kqueue\4.1.87.Final\netty-transport-native-kqueue-4.1.87.Final.jar;C:\Users\VICTUS\.m2\repository\io\netty\netty-transport-native-unix-common\4.1.87.Final\netty-transport-native-unix-common-4.1.87.Final.jar;C:\Users\VICTUS\.m2\repository\io\netty\netty-transport\4.1.87.Final\netty-transport-4.1.87.Final.jar;C:\Users\VICTUS\.m2\repository\io\netty\netty-resolver\4.1.87.Final\netty-resolver-4.1.87.Final.jar;C:\Users\VICTUS\.m2\repository\io\opentelemetry\opentelemetry-api\1.22.0\opentelemetry-api-1.22.0.jar;C:\Users\VICTUS\.m2\repository\io\opentelemetry\opentelemetry-context\1.22.0\opentelemetry-context-1.22.0.jar;C:\Users\VICTUS\.m2\repository\io\opentelemetry\opentelemetry-exporter-logging\1.22.0\opentelemetry-exporter-logging-1.22.0.jar;C:\Users\VICTUS\.m2\repository\io\opentelemetry\opentelemetry-sdk-metrics\1.22.0\opentelemetry-sdk-metrics-1.22.0.jar;C:\Users\VICTUS\.m2\repository\io\opentelemetry\opentelemetry-sdk-logs\1.22.0-alpha\opentelemetry-sdk-logs-1.22.0-alpha.jar;C:\Users\VICTUS\.m2\repository\io\opentelemetry\opentelemetry-api-logs\1.22.0-alpha\opentelemetry-api-logs-1.22.0-alpha.jar;C:\Users\VICTUS\.m2\repository\io\opentelemetry\opentelemetry-sdk-common\1.22.0\opentelemetry-sdk-common-1.22.0.jar;C:\Users\VICTUS\.m2\repository\io\opentelemetry\opentelemetry-sdk-extension-autoconfigure-spi\1.22.0\opentelemetry-sdk-extension-autoconfigure-spi-1.22.0.jar;C:\Users\VICTUS\.m2\repository\io\opentelemetry\opentelemetry-sdk-extension-autoconfigure\1.22.0-alpha\opentelemetry-sdk-extension-autoconfigure-1.22.0-alpha.jar;C:\Users\VICTUS\.m2\repository\io\opentelemetry\opentelemetry-sdk-trace\1.22.0\opentelemetry-sdk-trace-1.22.0.jar;C:\Users\VICTUS\.m2\repository\io\opentelemetry\opentelemetry-sdk\1.22.0\opentelemetry-sdk-1.22.0.jar;C:\Users\VICTUS\.m2\repository\io\opentelemetry\opentelemetry-semconv\1.22.0-alpha\opentelemetry-semconv-1.22.0-alpha.jar;C:\Users\VICTUS\.m2\repository\io\ous\jtoml\2.0.0\jtoml-2.0.0.jar;C:\Users\VICTUS\.m2\repository\org\apache\commons\commons-exec\1.3\commons-exec-1.3.jar;C:\Users\VICTUS\.m2\repository\org\asynchttpclient\async-http-client\2.12.3\async-http-client-2.12.3.jar;C:\Users\VICTUS\.m2\repository\org\asynchttpclient\async-http-client-netty-utils\2.12.3\async-http-client-netty-utils-2.12.3.jar;C:\Users\VICTUS\.m2\repository\io\netty\netty-codec-socks\4.1.60.Final\netty-codec-socks-4.1.60.Final.jar;C:\Users\VICTUS\.m2\repository\io\netty\netty-handler-proxy\4.1.60.Final\netty-handler-proxy-4.1.60.Final.jar;C:\Users\VICTUS\.m2\repository\io\netty\netty-transport-native-epoll\4.1.60.Final\netty-transport-native-epoll-4.1.60.Final-linux-x86_64.jar;C:\Users\VICTUS\.m2\repository\io\netty\netty-transport-native-kqueue\4.1.60.Final\netty-transport-native-kqueue-4.1.60.Final-osx-x86_64.jar;C:\Users\VICTUS\.m2\repository\org\reactivestreams\reactive-streams\1.0.3\reactive-streams-1.0.3.jar;C:\Users\VICTUS\.m2\repository\com\typesafe\netty\netty-reactive-streams\2.0.4\netty-reactive-streams-2.0.4.jar;C:\Users\VICTUS\.m2\repository\org\seleniumhq\selenium\selenium-manager\4.8.1\selenium-manager-4.8.1.jar;C:\Users\VICTUS\.m2\repository\org\seleniumhq\selenium\selenium-safari-driver\4.8.1\selenium-safari-driver-4.8.1.jar;C:\Users\VICTUS\.m2\repository\org\seleniumhq\selenium\selenium-api\4.8.1\selenium-api-4.8.1.jar;C:\Users\VICTUS\.m2\repository\org\seleniumhq\selenium\selenium-support\4.8.1\selenium-support-4.8.1.jar;C:\Users\VICTUS\.m2\repository\com\google\auto\service\auto-service-annotations\1.0.1\auto-service-annotations-1.0.1.jar;C:\Users\VICTUS\.m2\repository\com\google\auto\service\auto-service\1.0.1\auto-service-1.0.1.jar;C:\Users\VICTUS\.m2\repository\com\google\auto\auto-common\1.2\auto-common-1.2.jar;C:\Users\VICTUS\.m2\repository\org\seleniumhq\selenium\selenium-json\4.8.1\selenium-json-4.8.1.jar;C:\Users\VICTUS\.m2\repository\org\seleniumhq\selenium\selenium-chrome-driver\4.8.1\selenium-chrome-driver-4.8.1.jar;C:\Users\VICTUS\.m2\repository\org\seleniumhq\selenium\selenium-chromium-driver\4.8.1\selenium-chromium-driver-4.8.1.jar;C:\Users\VICTUS\.m2\repository\org\seleniumhq\selenium\selenium-firefox-driver\4.8.1\selenium-firefox-driver-4.8.1.jar;C:\Users\VICTUS\.m2\repository\org\seleniumhq\selenium\selenium-http\4.8.1\selenium-http-4.8.1.jar;C:\Users\VICTUS\.m2\repository\dev\failsafe\failsafe\3.3.0\failsafe-3.3.0.jar;C:\Users\VICTUS\.m2\repository\org\seleniumhq\selenium\selenium-edge-driver\4.8.1\selenium-edge-driver-4.8.1.jar;C:\Users\VICTUS\.m2\repository\org\seleniumhq\selenium\selenium-ie-driver\4.8.1\selenium-ie-driver-4.8.1.jar;C:\Users\VICTUS\.m2\repository\org\projectlombok\lombok\1.18.20\lombok-1.18.20.jar;C:\Users\VICTUS\.m2\repository\io\appium\java-client\8.3.0\java-client-8.3.0.jar;C:\Users\VICTUS\.m2\repository\commons-validator\commons-validator\1.7\commons-validator-1.7.jar;C:\Users\VICTUS\.m2\repository\commons-digester\commons-digester\2.1\commons-digester-2.1.jar;C:\Users\VICTUS\.m2\repository\org\apache\groovy\groovy\4.0.10\groovy-4.0.10.jar;C:\Users\VICTUS\.m2\repository\net\sf\opencsv\opencsv\2.0\opencsv-2.0.jar;C:\Users\VICTUS\.m2\repository\commons-beanutils\commons-beanutils\1.9.4\commons-beanutils-1.9.4.jar;C:\Users\VICTUS\.m2\repository\org\apache\commons\commons-lang3\3.12.0\commons-lang3-3.12.0.jar;C:\Users\VICTUS\.m2\repository\commons-collections\commons-collections\3.2.2\commons-collections-3.2.2.jar;C:\Users\VICTUS\.m2\repository\org\fluentlenium\fluentlenium-core\0.10.2\fluentlenium-core-0.10.2.jar;C:\Users\VICTUS\.m2\repository\io\github\bonigarcia\webdrivermanager\5.3.0\webdrivermanager-5.3.0.jar;C:\Users\VICTUS\.m2\repository\com\github\docker-java\docker-java\3.2.13\docker-java-3.2.13.jar;C:\Users\VICTUS\.m2\repository\com\github\docker-java\docker-java-core\3.2.13\docker-java-core-3.2.13.jar;C:\Users\VICTUS\.m2\repository\com\github\docker-java\docker-java-api\3.2.13\docker-java-api-3.2.13.jar;C:\Users\VICTUS\.m2\repository\org\apache\commons\commons-compress\1.21\commons-compress-1.21.jar;C:\Users\VICTUS\.m2\repository\org\bouncycastle\bcpkix-jdk15on\1.64\bcpkix-jdk15on-1.64.jar;C:\Users\VICTUS\.m2\repository\org\bouncycastle\bcprov-jdk15on\1.64\bcprov-jdk15on-1.64.jar;C:\Users\VICTUS\.m2\repository\org\slf4j\jcl-over-slf4j\1.7.30\jcl-over-slf4j-1.7.30.jar;C:\Users\VICTUS\.m2\repository\com\github\docker-java\docker-java-transport-httpclient5\3.2.13\docker-java-transport-httpclient5-3.2.13.jar;C:\Users\VICTUS\.m2\repository\com\github\docker-java\docker-java-transport\3.2.13\docker-java-transport-3.2.13.jar;C:\Users\VICTUS\.m2\repository\net\java\dev\jna\jna\5.8.0\jna-5.8.0.jar;C:\Users\VICTUS\.m2\repository\org\brotli\dec\0.1.2\dec-0.1.2.jar;C:\Users\VICTUS\.m2\repository\org\apache\httpcomponents\client5\httpclient5\5.1.3\httpclient5-5.1.3.jar;C:\Users\VICTUS\.m2\repository\org\apache\httpcomponents\core5\httpcore5\5.1.3\httpcore5-5.1.3.jar;C:\Users\VICTUS\.m2\repository\org\apache\httpcomponents\core5\httpcore5-h2\5.1.3\httpcore5-h2-5.1.3.jar;C:\Users\VICTUS\.m2\repository\com\jhlabs\filters\2.0.235\filters-2.0.235.jar;C:\Users\VICTUS\.m2\repository\com\paulhammant\ngwebdriver\1.1.6\ngwebdriver-1.1.6.jar;C:\Users\VICTUS\.m2\repository\joda-time\joda-time\2.12.2\joda-time-2.12.2.jar;C:\Users\VICTUS\.m2\repository\org\hamcrest\hamcrest\2.2\hamcrest-2.2.jar;C:\Users\VICTUS\.m2\repository\com\google\jimfs\jimfs\1.2\jimfs-1.2.jar;C:\Users\VICTUS\.m2\repository\org\mockito\mockito-core\3.3.3\mockito-core-3.3.3.jar;C:\Users\VICTUS\.m2\repository\javax\xml\bind\jaxb-api\2.3.1\jaxb-api-2.3.1.jar;C:\Users\VICTUS\.m2\repository\javax\activation\javax.activation-api\1.2.0\javax.activation-api-1.2.0.jar;C:\Users\VICTUS\.m2\repository\com\sun\xml\bind\jaxb-core\2.3.0.1\jaxb-core-2.3.0.1.jar;C:\Users\VICTUS\.m2\repository\com\sun\xml\bind\jaxb-impl\2.3.3\jaxb-impl-2.3.3.jar;C:\Users\VICTUS\.m2\repository\jakarta\xml\bind\jakarta.xml.bind-api\2.3.3\jakarta.xml.bind-api-2.3.3.jar;C:\Users\VICTUS\.m2\repository\com\sun\activation\jakarta.activation\1.2.2\jakarta.activation-1.2.2.jar;C:\Users\VICTUS\.m2\repository\javax\activation\activation\1.1.1\activation-1.1.1.jar;C:\Users\VICTUS\.m2\repository\net\serenity-bdd\serenity-cucumber\3.6.21\serenity-cucumber-3.6.21.jar;C:\Users\VICTUS\.m2\repository\io\cucumber\cucumber-core\7.11.0\cucumber-core-7.11.0.jar;C:\Users\VICTUS\.m2\repository\io\cucumber\cucumber-gherkin\7.11.0\cucumber-gherkin-7.11.0.jar;C:\Users\VICTUS\.m2\repository\io\cucumber\cucumber-gherkin-messages\7.11.0\cucumber-gherkin-messages-7.11.0.jar;C:\Users\VICTUS\.m2\repository\io\cucumber\gherkin\26.0.3\gherkin-26.0.3.jar;C:\Users\VICTUS\.m2\repository\io\cucumber\messages\21.0.1\messages-21.0.1.jar;C:\Users\VICTUS\.m2\repository\io\cucumber\tag-expressions\5.0.1\tag-expressions-5.0.1.jar;C:\Users\VICTUS\.m2\repository\io\cucumber\cucumber-expressions\16.1.1\cucumber-expressions-16.1.1.jar;C:\Users\VICTUS\.m2\repository\io\cucumber\datatable\7.11.0\datatable-7.11.0.jar;C:\Users\VICTUS\.m2\repository\io\cucumber\cucumber-plugin\7.11.0\cucumber-plugin-7.11.0.jar;C:\Users\VICTUS\.m2\repository\io\cucumber\docstring\7.11.0\docstring-7.11.0.jar;C:\Users\VICTUS\.m2\repository\io\cucumber\html-formatter\20.2.1\html-formatter-20.2.1.jar;C:\Users\VICTUS\.m2\repository\io\cucumber\junit-xml-formatter\0.1.0\junit-xml-formatter-0.1.0.jar;C:\Users\VICTUS\.m2\repository\io\cucumber\ci-environment\9.1.0\ci-environment-9.1.0.jar;C:\Users\VICTUS\.m2\repository\io\cucumber\cucumber-java\7.11.0\cucumber-java-7.11.0.jar;C:\Users\VICTUS\.m2\repository\io\cucumber\cucumber-junit\7.11.0\cucumber-junit-7.11.0.jar;C:\Users\VICTUS\.m2\repository\org\apache\commons\commons-csv\1.5\commons-csv-1.5.jar;C:\Users\VICTUS\.m2\repository\net\serenity-bdd\serenity-screenplay\3.6.21\serenity-screenplay-3.6.21.jar;C:\Users\VICTUS\.m2\repository\net\serenity-bdd\serenity-screenplay-webdriver\3.6.21\serenity-screenplay-webdriver-3.6.21.jar;C:\Users\VICTUS\.m2\repository\net\serenity-bdd\serenity-ensure\3.6.21\serenity-ensure-3.6.21.jar;C:\Users\VICTUS\.m2\repository\net\serenity-bdd\serenity-junit\3.6.21\serenity-junit-3.6.21.jar;C:\Users\VICTUS\.m2\repository\org\jetbrains\kotlin\kotlin-stdlib\1.8.10\kotlin-stdlib-1.8.10.jar;C:\Users\VICTUS\.m2\repository\org\jetbrains\kotlin\kotlin-stdlib-common\1.8.10\kotlin-stdlib-common-1.8.10.jar;C:\Users\VICTUS\.m2\repository\org\jetbrains\annotations\13.0\annotations-13.0.jar;C:\Users\VICTUS\.m2\repository\org\junit\platform\junit-platform-launcher\1.8.2\junit-platform-launcher-1.8.2.jar;C:\Users\VICTUS\.m2\repository\org\junit\platform\junit-platform-engine\1.8.2\junit-platform-engine-1.8.2.jar;C:\Users\VICTUS\.m2\repository\org\opentest4j\opentest4j\1.2.0\opentest4j-1.2.0.jar;C:\Users\VICTUS\.m2\repository\org\junit\platform\junit-platform-commons\1.8.2\junit-platform-commons-1.8.2.jar;C:\Users\VICTUS\.m2\repository\org\apiguardian\apiguardian-api\1.1.2\apiguardian-api-1.1.2.jar;C:\Users\VICTUS\.m2\repository\org\junit\jupiter\junit-jupiter-engine\5.8.2\junit-jupiter-engine-5.8.2.jar;C:\Users\VICTUS\.m2\repository\org\junit\jupiter\junit-jupiter-api\5.8.2\junit-jupiter-api-5.8.2.jar;C:\Users\VICTUS\.m2\repository\org\junit\vintage\junit-vintage-engine\5.8.2\junit-vintage-engine-5.8.2.jar;C:\Users\VICTUS\.m2\repository\junit\junit\4.13.2\junit-4.13.2.jar;C:\Users\VICTUS\.m2\repository\org\hamcrest\hamcrest-core\1.3\hamcrest-core-1.3.jar;C:\Users\VICTUS\.m2\repository\ch\qos\logback\logback-classic\1.2.10\logback-classic-1.2.10.jar;C:\Users\VICTUS\.m2\repository\ch\qos\logback\logback-core\1.2.10\logback-core-1.2.10.jar;C:\Users\VICTUS\.m2\repository\org\slf4j\slf4j-api\1.7.32\slf4j-api-1.7.32.jar;C:\Users\VICTUS\.m2\repository\org\assertj\assertj-core\3.23.1\assertj-core-3.23.1.jar;C:\Users\VICTUS\.m2\repository\net\bytebuddy\byte-buddy\1.12.10\byte-buddy-1.12.10.jar;C:\Users\VICTUS\.m2\repository\org\apache\maven\surefire\surefire-junit-platform\3.0.0-M5\surefire-junit-platform-3.0.0-M5.jar;C:\Users\VICTUS\.m2\repository\org\apache\maven\surefire\common-java5\3.0.0-M5\common-java5-3.0.0-M5.jar"/>
    <property name="user.script" value=""/>
    <property name="java.protocol.handler.pkgs" value="com.google.common"/>
    <property name="sun.management.compiler" value="HotSpot 64-Bit Tiered Compilers"/>
    <property name="java.runtime.version" value="17.0.3.1+2-LTS-6"/>
    <property name="user.name" value="VICTUS"/>
    <property name="path.separator" value=";"/>
    <property name="os.version" value="10.0"/>
    <property name="java.runtime.name" value="Java(TM) SE Runtime Environment"/>
    <property name="file.encoding" value="Cp1252"/>
    <property name="webdriver.base.url" value=""/>
    <property name="java.vm.name" value="Java HotSpot(TM) 64-Bit Server VM"/>
    <property name="localRepository" value="C:\Users\VICTUS\.m2\repository"/>
    <property name="java.vendor.url.bug" value="https://bugreport.java.com/bugreport/"/>
    <property name="java.io.tmpdir" value="C:\Users\VICTUS\AppData\Local\Temp\"/>
    <property name="java.version" value="17.0.3.1"/>
    <property name="user.dir" value="C:\Users\VICTUS\IdeaProjects\MiniProject"/>
    <property name="os.arch" value="amd64"/>
    <property name="java.vm.specification.name" value="Java Virtual Machine Specification"/>
    <property name="sun.os.patch.level" value=""/>
    <property name="native.encoding" value="Cp1252"/>
    <property name="java.library.path" value="C:\Program Files\Java\jdk-17.0.3.1\bin;C:\WINDOWS\Sun\Java\bin;C:\WINDOWS\system32;C:\WINDOWS;C:\Python311\Scripts\;C:\Python311\;C:\Program Files\Common Files\Oracle\Java\javapath;C:\windows\system32;C:\windows;C:\windows\System32\Wbem;C:\windows\System32\WindowsPowerShell\v1.0\;C:\windows\System32\OpenSSH\;C:\Program Files (x86)\NVIDIA Corporation\PhysX\Common;C:\Program Files\NVIDIA Corporation\NVIDIA NvDLISR;C:\xampp\php;C:\ProgramData\ComposerSetup\bin;C:\Program Files\apache-maven-3.9.0\bin;C:\Program Files\Git\cmd;C:\Program Files\nodejs\;C:\ProgramData\chocolatey\bin;;%SystemRoot%\system32;%SystemRoot%;%SystemRoot%\System32\Wbem;%SYSTEMROOT%\System32\WindowsPowerShell\v1.0\;%SYSTEMROOT%\System32\OpenSSH\;C:\Users\VICTUS\AppData\Local\Programs\Python\Python310\Scripts\;C:\Users\VICTUS\AppData\Local\Programs\Python\Python310\;C:\Users\VICTUS\AppData\Local\Microsoft\WindowsApps;C:\Users\VICTUS\AppData\Local\Programs\Microsoft VS Code\bin;C:\Users\VICTUS\AppData\Roaming\Composer\vendor\bin;C:\Program Files\JetBrains\IntelliJ IDEA Community Edition 2022.2.1\bin;;C:\Users\VICTUS\AppData\Roaming\npm;C:\Users\VICTUS\AppData\Local\Android\sdk\platform-tools;;."/>
    <property name="java.vm.info" value="mixed mode"/>
    <property name="java.vendor" value="Oracle Corporation"/>
    <property name="java.vm.version" value="17.0.3.1+2-LTS-6"/>
    <property name="sun.io.unicode.encoding" value="UnicodeLittle"/>
    <property name="java.class.version" value="61.0"/>
  </properties>
  <testcase name="As user, I have be able to success add item to cart" classname="AddToCartPos" time="10.472">
    <system-out><![CDATA[18:42:58.577 [main] DEBUG net.thucydides.core.guice.Injectors - Created injector for module net.thucydides.core.guice.ThucydidesModule
18:42:58.803 [main] DEBUG io.cucumber.core.plugin.SerenityReporter - Running feature from file:///C:/Users/VICTUS/IdeaProjects/MiniProject/src/test/resources/features/AddToCartPos.feature
18:42:58.931 [main] DEBUG net.thucydides.core.guice.Injectors - Created injector for module net.thucydides.core.guice.webdriver.WebDriverModule
18:42:58.946 [main] INFO  - 

-------------------------------------------------------------------------------------
     _______. _______ .______       _______ .__   __.  __  .___________.____    ____ 
    /       ||   ____||   _  \     |   ____||  \ |  | |  | |           |\   \  /   / 
   |   (----`|  |__   |  |_)  |    |  |__   |   \|  | |  | `---|  |----` \   \/   /  
    \   \    |   __|  |      /     |   __|  |  . `  | |  |     |  |       \_    _/   
.----)   |   |  |____ |  |\  \----.|  |____ |  |\   | |  |     |  |         |  |     
|_______/    |_______|| _| `._____||_______||__| \__| |__|     |__|         |__|    
                                                                                     
 News and tutorials at http://www.serenity-bdd.info                                  
 Documentation at https://wakaleo.gitbooks.io/the-serenity-book/content/             
 Join the Serenity Community on Gitter: https://gitter.im/serenity-bdd/serenity-core 
 Serenity BDD Support and Training at http://serenity-bdd.info/#/trainingandsupport  
-------------------------------------------------------------------------------------

18:42:58.949 [main] DEBUG net.thucydides.core.steps.StepEventBus - Test suite started for story net.thucydides.core.model.Story@5d621c8
18:42:58.952 [main] INFO  - Test Suite Started: Add to cart pos
18:42:58.963 [main] DEBUG io.cucumber.core.plugin.SerenityReporter - Running feature from file:///C:/Users/VICTUS/IdeaProjects/MiniProject/src/test/resources/features/LoginNeg.feature
18:42:58.967 [main] DEBUG net.thucydides.core.steps.StepEventBus - Test suite started for story net.thucydides.core.model.Story@5f9ab0e8
18:42:58.967 [main] INFO  - Test Suite Started: Login neg
18:42:58.969 [main] DEBUG io.cucumber.core.plugin.SerenityReporter - Running feature from file:///C:/Users/VICTUS/IdeaProjects/MiniProject/src/test/resources/features/LoginPos.feature
18:42:58.971 [main] DEBUG net.thucydides.core.steps.StepEventBus - Test suite started for story net.thucydides.core.model.Story@778c568
18:42:58.971 [main] INFO  - Test Suite Started: Login pos
18:42:58.972 [main] DEBUG io.cucumber.core.plugin.SerenityReporter - Running feature from file:///C:/Users/VICTUS/IdeaProjects/MiniProject/src/test/resources/features/PurchaseNeg.feature
18:42:58.974 [main] DEBUG net.thucydides.core.steps.StepEventBus - Test suite started for story net.thucydides.core.model.Story@ef80b9a8
18:42:58.974 [main] INFO  - Test Suite Started: Purchase neg
18:42:58.974 [main] DEBUG io.cucumber.core.plugin.SerenityReporter - Running feature from file:///C:/Users/VICTUS/IdeaProjects/MiniProject/src/test/resources/features/PurchasePos.feature
18:42:58.978 [main] DEBUG net.thucydides.core.steps.StepEventBus - Test suite started for story net.thucydides.core.model.Story@975ece28
18:42:58.978 [main] INFO  - Test Suite Started: Purchase pos
18:42:58.978 [main] DEBUG io.cucumber.core.plugin.SerenityReporter - Running feature from file:///C:/Users/VICTUS/IdeaProjects/MiniProject/src/test/resources/features/RegisterNeg.feature
18:42:58.980 [main] DEBUG net.thucydides.core.steps.StepEventBus - Test suite started for story net.thucydides.core.model.Story@14b61f68
18:42:58.980 [main] INFO  - Test Suite Started: Register neg
18:42:58.980 [main] DEBUG io.cucumber.core.plugin.SerenityReporter - Running feature from file:///C:/Users/VICTUS/IdeaProjects/MiniProject/src/test/resources/features/RegisterPos.feature
18:42:58.983 [main] DEBUG net.thucydides.core.steps.StepEventBus - Test suite started for story net.thucydides.core.model.Story@bc9433e8
18:42:58.984 [main] INFO  - Test Suite Started: Register pos
18:42:58.984 [main] DEBUG io.cucumber.core.plugin.SerenityReporter - Running feature from file:///C:/Users/VICTUS/IdeaProjects/MiniProject/src/test/resources/features/ViewDetailPos.feature
18:42:58.987 [main] DEBUG net.thucydides.core.steps.StepEventBus - Test suite started for story net.thucydides.core.model.Story@fb68f068
18:42:58.987 [main] INFO  - Test Suite Started: View detail pos
18:42:58.988 [main] DEBUG io.cucumber.core.plugin.SerenityReporter - Running feature from file:///C:/Users/VICTUS/IdeaProjects/MiniProject/src/test/resources/features/AddToCartPos.feature
18:42:58.990 [main] DEBUG net.thucydides.core.steps.StepEventBus - Test suite started for story net.thucydides.core.model.Story@5d621c8
18:42:58.990 [main] INFO  - Test Suite Started: Add to cart pos

@AddToCartPos @userA
Scenario: As user, I have be able to success add item to cart &amp#27;[90m# src/test/resources/features/AddToCartPos.feature:8&amp#27;[0m
18:42:59.072 [main] DEBUG io.cucumber.core.plugin.SerenityReporter - Running feature from file:///C:/Users/VICTUS/IdeaProjects/MiniProject/src/test/resources/features/AddToCartPos.feature
18:42:59.162 [main] INFO  - 
  _____   ___   ___   _____     ___   _____     _     ___   _____   ___   ___  
 |_   _| | __| / __| |_   _|   / __| |_   _|   /_\   | _ \ |_   _| | __| |   \ 
   | |   | _|  \__ \   | |     \__ \   | |    / _ \  |   /   | |   | _|  | |) |
   |_|   |___| |___/   |_|     |___/   |_|   /_/ \_\ |_|_\   |_|   |___| |___/ 

As user, I have be able to success add item to cart(addtocartpos;as-user--i-have-be-able-to-success-add-item-to-cart)
--------------------------------------------------------------------------------
18:42:59.218 [main] DEBUG net.thucydides.core.requirements.model.cucumber.CucumberParser - Loading feature C:\Users\VICTUS\IdeaProjects\MiniProject\src\test\resources\features\AddToCartPos.feature
18:42:59.232 [main] DEBUG net.thucydides.core.requirements.model.cucumber.CucumberParser - Loading feature C:\Users\VICTUS\IdeaProjects\MiniProject\src\test\resources\features\LoginNeg.feature
18:42:59.236 [main] DEBUG net.thucydides.core.requirements.model.cucumber.CucumberParser - Loading feature C:\Users\VICTUS\IdeaProjects\MiniProject\src\test\resources\features\LoginPos.feature
18:42:59.239 [main] DEBUG net.thucydides.core.requirements.model.cucumber.CucumberParser - Loading feature C:\Users\VICTUS\IdeaProjects\MiniProject\src\test\resources\features\PurchaseNeg.feature
18:42:59.244 [main] DEBUG net.thucydides.core.requirements.model.cucumber.CucumberParser - Loading feature C:\Users\VICTUS\IdeaProjects\MiniProject\src\test\resources\features\PurchasePos.feature
18:42:59.249 [main] DEBUG net.thucydides.core.requirements.model.cucumber.CucumberParser - Loading feature C:\Users\VICTUS\IdeaProjects\MiniProject\src\test\resources\features\RegisterNeg.feature
18:42:59.253 [main] DEBUG net.thucydides.core.requirements.model.cucumber.CucumberParser - Loading feature C:\Users\VICTUS\IdeaProjects\MiniProject\src\test\resources\features\RegisterPos.feature
18:42:59.258 [main] DEBUG net.thucydides.core.requirements.model.cucumber.CucumberParser - Loading feature C:\Users\VICTUS\IdeaProjects\MiniProject\src\test\resources\features\ViewDetailPos.feature
18:42:59.766 [main] INFO net.serenitybdd.core.webdriver.driverproviders.ChromeDriverProvider - Starting Chrome driver instance with capabilities:
18:42:59.768 [main] INFO net.serenitybdd.core.webdriver.driverproviders.ChromeDriverProvider - Capabilities {acceptInsecureCerts: false, browserName: chrome, goog:chromeOptions: {args: [remote-allow-origins=*], extensions: []}}
18:42:59.843 [main] DEBUG io.netty.util.internal.logging.InternalLoggerFactory - Using SLF4J as the default logging framework
18:42:59.846 [main] DEBUG io.netty.util.ResourceLeakDetector - -Dio.netty.leakDetection.level: simple
18:42:59.846 [main] DEBUG io.netty.util.ResourceLeakDetector - -Dio.netty.leakDetection.targetRecords: 4
18:42:59.850 [main] DEBUG io.netty.util.ResourceLeakDetectorFactory - Loaded default ResourceLeakDetector: io.netty.util.ResourceLeakDetector@643ba1ed
18:42:59.866 [main] DEBUG io.netty.util.internal.PlatformDependent0 - -Dio.netty.noUnsafe: false
18:42:59.866 [main] DEBUG io.netty.util.internal.PlatformDependent0 - Java version: 17
18:42:59.867 [main] DEBUG io.netty.util.internal.PlatformDependent0 - sun.misc.Unsafe.theUnsafe: available
18:42:59.867 [main] DEBUG io.netty.util.internal.PlatformDependent0 - sun.misc.Unsafe.copyMemory: available
18:42:59.867 [main] DEBUG io.netty.util.internal.PlatformDependent0 - sun.misc.Unsafe.storeFence: available
18:42:59.869 [main] DEBUG io.netty.util.internal.PlatformDependent0 - java.nio.Buffer.address: available
18:42:59.869 [main] DEBUG io.netty.util.internal.PlatformDependent0 - direct buffer constructor: unavailable: Reflective setAccessible(true) disabled
18:42:59.870 [main] DEBUG io.netty.util.internal.PlatformDependent0 - java.nio.Bits.unaligned: available, true
18:42:59.870 [main] DEBUG io.netty.util.internal.PlatformDependent0 - jdk.internal.misc.Unsafe.allocateUninitializedArray(int): unavailable: class io.netty.util.internal.PlatformDependent0$7 cannot access class jdk.internal.misc.Unsafe (in module java.base) because module java.base does not export jdk.internal.misc to unnamed module @51dcb805
18:42:59.871 [main] DEBUG io.netty.util.internal.PlatformDependent0 - java.nio.DirectByteBuffer.<init>(long, int): unavailable
18:42:59.871 [main] DEBUG io.netty.util.internal.PlatformDependent - sun.misc.Unsafe: available
18:42:59.874 [main] DEBUG io.netty.util.internal.PlatformDependent - maxDirectMemory: 4120903680 bytes (maybe)
18:42:59.874 [main] DEBUG io.netty.util.internal.PlatformDependent - -Dio.netty.tmpdir: C:\Users\VICTUS\AppData\Local\Temp (java.io.tmpdir)
18:42:59.874 [main] DEBUG io.netty.util.internal.PlatformDependent - -Dio.netty.bitMode: 64 (sun.arch.data.model)
18:42:59.874 [main] DEBUG io.netty.util.internal.PlatformDependent - Platform: Windows
18:42:59.875 [main] DEBUG io.netty.util.internal.PlatformDependent - -Dio.netty.maxDirectMemory: -1 bytes
18:42:59.875 [main] DEBUG io.netty.util.internal.PlatformDependent - -Dio.netty.uninitializedArrayAllocationThreshold: -1
18:42:59.876 [main] DEBUG io.netty.util.internal.CleanerJava9 - java.nio.ByteBuffer.cleaner(): available
18:42:59.876 [main] DEBUG io.netty.util.internal.PlatformDependent - -Dio.netty.noPreferDirect: false
18:42:59.880 [main] DEBUG io.netty.util.internal.PlatformDependent - org.jctools-core.MpscChunkedArrayQueue: available
18:42:59.899 [main] DEBUG io.netty.util.internal.InternalThreadLocalMap - -Dio.netty.threadLocalMap.stringBuilder.initialSize: 1024
18:42:59.899 [main] DEBUG io.netty.util.internal.InternalThreadLocalMap - -Dio.netty.threadLocalMap.stringBuilder.maxSize: 4096
18:43:00.026 [main] DEBUG io.netty.handler.ssl.JdkSslContext - Default protocols (JDK): [TLSv1.3, TLSv1.2] 
18:43:00.026 [main] DEBUG io.netty.handler.ssl.JdkSslContext - Default cipher suites (JDK): [TLS_ECDHE_ECDSA_WITH_AES_256_GCM_SHA384, TLS_ECDHE_ECDSA_WITH_AES_128_GCM_SHA256, TLS_ECDHE_RSA_WITH_AES_128_GCM_SHA256, TLS_ECDHE_RSA_WITH_AES_256_GCM_SHA384, TLS_ECDHE_RSA_WITH_AES_128_CBC_SHA, TLS_ECDHE_RSA_WITH_AES_256_CBC_SHA, TLS_RSA_WITH_AES_128_GCM_SHA256, TLS_RSA_WITH_AES_128_CBC_SHA, TLS_RSA_WITH_AES_256_CBC_SHA, TLS_AES_128_GCM_SHA256, TLS_AES_256_GCM_SHA384]
18:43:00.058 [main] DEBUG io.netty.channel.MultithreadEventLoopGroup - -Dio.netty.eventLoopThreads: 24
18:43:00.068 [main] DEBUG io.netty.channel.nio.NioEventLoop - -Dio.netty.noKeySetOptimization: false
18:43:00.068 [main] DEBUG io.netty.channel.nio.NioEventLoop - -Dio.netty.selectorAutoRebuildThreshold: 512
18:43:00.138 [main] DEBUG io.netty.buffer.PooledByteBufAllocator - -Dio.netty.allocator.numHeapArenas: 24
18:43:00.138 [main] DEBUG io.netty.buffer.PooledByteBufAllocator - -Dio.netty.allocator.numDirectArenas: 24
18:43:00.138 [main] DEBUG io.netty.buffer.PooledByteBufAllocator - -Dio.netty.allocator.pageSize: 8192
18:43:00.138 [main] DEBUG io.netty.buffer.PooledByteBufAllocator - -Dio.netty.allocator.maxOrder: 9
18:43:00.138 [main] DEBUG io.netty.buffer.PooledByteBufAllocator - -Dio.netty.allocator.chunkSize: 4194304
18:43:00.138 [main] DEBUG io.netty.buffer.PooledByteBufAllocator - -Dio.netty.allocator.smallCacheSize: 256
18:43:00.138 [main] DEBUG io.netty.buffer.PooledByteBufAllocator - -Dio.netty.allocator.normalCacheSize: 64
18:43:00.138 [main] DEBUG io.netty.buffer.PooledByteBufAllocator - -Dio.netty.allocator.maxCachedBufferCapacity: 32768
18:43:00.138 [main] DEBUG io.netty.buffer.PooledByteBufAllocator - -Dio.netty.allocator.cacheTrimInterval: 8192
18:43:00.138 [main] DEBUG io.netty.buffer.PooledByteBufAllocator - -Dio.netty.allocator.cacheTrimIntervalMillis: 0
18:43:00.138 [main] DEBUG io.netty.buffer.PooledByteBufAllocator - -Dio.netty.allocator.useCacheForAllThreads: false
18:43:00.138 [main] DEBUG io.netty.buffer.PooledByteBufAllocator - -Dio.netty.allocator.maxCachedByteBuffersPerChunk: 1023
18:43:00.148 [main] DEBUG io.netty.buffer.ByteBufUtil - -Dio.netty.allocator.type: pooled
18:43:00.148 [main] DEBUG io.netty.buffer.ByteBufUtil - -Dio.netty.threadLocalDirectBufferSize: 0
18:43:00.148 [main] DEBUG io.netty.buffer.ByteBufUtil - -Dio.netty.maxThreadLocalCharBufferSize: 16384
18:43:00.412 [Forwarding newSession on session null to remote] DEBUG io.netty.channel.DefaultChannelId - -Dio.netty.processId: 60160 (auto-detected)
18:43:00.413 [Forwarding newSession on session null to remote] DEBUG io.netty.util.NetUtil - -Djava.net.preferIPv4Stack: false
18:43:00.413 [Forwarding newSession on session null to remote] DEBUG io.netty.util.NetUtil - -Djava.net.preferIPv6Addresses: false
18:43:00.428 [Forwarding newSession on session null to remote] DEBUG io.netty.util.NetUtilInitializations - Loopback interface: lo (Software Loopback Interface 1, 127.0.0.1)
18:43:00.429 [Forwarding newSession on session null to remote] DEBUG io.netty.util.NetUtil - Failed to get SOMAXCONN from sysctl and file \proc\sys\net\core\somaxconn. Default: 200
18:43:00.468 [Forwarding newSession on session null to remote] DEBUG io.netty.channel.DefaultChannelId - -Dio.netty.machineId: b4:8c:9d:ff:fe:1b:1b:f3 (auto-detected)
18:43:00.526 [AsyncHttpClient-1-2] DEBUG io.netty.buffer.AbstractByteBuf - -Dio.netty.buffer.checkAccessible: true
18:43:00.526 [AsyncHttpClient-1-2] DEBUG io.netty.buffer.AbstractByteBuf - -Dio.netty.buffer.checkBounds: true
18:43:00.526 [AsyncHttpClient-1-2] DEBUG io.netty.util.ResourceLeakDetectorFactory - Loaded default ResourceLeakDetector: io.netty.util.ResourceLeakDetector@3875f88a
18:43:00.537 [AsyncHttpClient-1-2] DEBUG org.asynchttpclient.netty.channel.NettyConnectListener - Using new Channel '[id: 0xc97371c8, L:/127.0.0.1:64643 - R:localhost/127.0.0.1:5264]' for 'POST' to '/session'
18:43:00.550 [AsyncHttpClient-1-2] DEBUG io.netty.util.Recycler - -Dio.netty.recycler.maxCapacityPerThread: 4096
18:43:00.550 [AsyncHttpClient-1-2] DEBUG io.netty.util.Recycler - -Dio.netty.recycler.ratio: 8
18:43:00.550 [AsyncHttpClient-1-2] DEBUG io.netty.util.Recycler - -Dio.netty.recycler.chunkSize: 32
18:43:00.550 [AsyncHttpClient-1-2] DEBUG io.netty.util.Recycler - -Dio.netty.recycler.blocking: false
18:43:01.328 [AsyncHttpClient-1-2] DEBUG io.netty.handler.codec.compression.Brotli - brotli4j not in the classpath; Brotli support will be unavailable.
18:43:01.328 [AsyncHttpClient-1-2] DEBUG org.asynchttpclient.netty.handler.HttpHandler - 

Request DefaultHttpRequest(decodeResult: success, version: HTTP/1.1)
POST /session HTTP/1.1
User-Agent: selenium/4.8.1 (java windows)
Content-Length: 507
Content-Type: application/json; charset=utf-8
host: localhost:5264
accept: */*

Response DefaultHttpResponse(decodeResult: success, version: HTTP/1.1)
HTTP/1.1 200 OK
Content-Length: 860
Content-Type: application/json; charset=utf-8
cache-control: no-cache

18:43:01.336 [AsyncHttpClient-1-2] DEBUG org.asynchttpclient.netty.channel.ChannelManager - Adding key: http://localhost:5264 for channel [id: 0xc97371c8, L:/127.0.0.1:64643 - R:localhost/127.0.0.1:5264]
18:43:01.409 [AsyncHttpClient-1-3] DEBUG org.asynchttpclient.netty.channel.NettyConnectListener - Using new Channel '[id: 0x0d4142ea, L:/127.0.0.1:64651 - R:localhost/127.0.0.1:64645]' for 'GET' to '/json/version'
18:43:01.413 [AsyncHttpClient-1-3] DEBUG org.asynchttpclient.netty.handler.HttpHandler - 

Request DefaultFullHttpRequest(decodeResult: success, version: HTTP/1.1, content: EmptyByteBufBE)
GET /json/version HTTP/1.1
User-Agent: selenium/4.8.1 (java windows)
host: localhost:64645
accept: */*

Response DefaultHttpResponse(decodeResult: success, version: HTTP/1.1)
HTTP/1.1 200 OK
Content-Security-Policy: frame-ancestors 'none'
Content-Length: 424
Content-Type: application/json; charset=UTF-8

18:43:01.414 [AsyncHttpClient-1-3] DEBUG org.asynchttpclient.netty.channel.ChannelManager - Adding key: http://localhost:64645 for channel [id: 0x0d4142ea, L:/127.0.0.1:64651 - R:localhost/127.0.0.1:64645]
18:43:01.427 [main] DEBUG io.netty.util.internal.ThreadLocalRandom - -Dio.netty.initialSeedUniquifier: 0x4e2a6a1ba78e08c7
18:43:01.449 [AsyncHttpClient-1-4] DEBUG org.asynchttpclient.netty.channel.NettyConnectListener - Using new Channel '[id: 0x8858a973, L:/127.0.0.1:64652 - R:localhost/127.0.0.1:64645]' for 'GET' to '/devtools/browser/aa4060c0-a31f-43fc-b7e5-ff18a4cd61a4'
18:43:01.453 [AsyncHttpClient-1-4] DEBUG org.asynchttpclient.netty.handler.WebSocketHandler - 

Request DefaultFullHttpRequest(decodeResult: success, version: HTTP/1.1, content: EmptyByteBufBE)
GET /devtools/browser/aa4060c0-a31f-43fc-b7e5-ff18a4cd61a4 HTTP/1.1
upgrade: websocket
connection: upgrade
sec-websocket-key: Y9xwn1L4QBJZcQnNbhjhOg==
sec-websocket-version: 13
origin: http://localhost:64645
host: localhost:64645
accept: */*
user-agent: AHC/2.1

Response DefaultHttpResponse(decodeResult: success, version: HTTP/1.1)
HTTP/1.1 101 WebSocket Protocol Handshake
Upgrade: WebSocket
Connection: Upgrade
Sec-WebSocket-Accept: N3/Aex73hd/2r1bZYNQQBHTMuGc=

18:43:01.605 [Forwarding get on session 0c55b55dfade35fb26b0e489741daf67 to remote] DEBUG org.asynchttpclient.netty.request.NettyRequestSender - Using pooled Channel '[id: 0xc97371c8, L:/127.0.0.1:64643 - R:localhost/127.0.0.1:5264]' for 'POST' to 'http://localhost:5264/session/0c55b55dfade35fb26b0e489741daf67/url'
18:43:01.605 [Forwarding get on session 0c55b55dfade35fb26b0e489741daf67 to remote] DEBUG org.asynchttpclient.netty.request.NettyRequestSender - Using open Channel [id: 0xc97371c8, L:/127.0.0.1:64643 - R:localhost/127.0.0.1:5264] for POST '/session/0c55b55dfade35fb26b0e489741daf67/url'
18:43:02.187 [AsyncHttpClient-1-1] DEBUG org.asynchttpclient.netty.channel.DefaultChannelPool - Entry count for : http://localhost:64645 : 1
18:43:03.286 [AsyncHttpClient-1-1] DEBUG org.asynchttpclient.netty.channel.DefaultChannelPool - Entry count for : http://localhost:64645 : 1
18:43:04.389 [AsyncHttpClient-1-1] DEBUG org.asynchttpclient.netty.channel.DefaultChannelPool - Entry count for : http://localhost:64645 : 1
18:43:05.492 [AsyncHttpClient-1-1] DEBUG org.asynchttpclient.netty.channel.DefaultChannelPool - Entry count for : http://localhost:64645 : 1
18:43:06.011 [AsyncHttpClient-1-2] DEBUG org.asynchttpclient.netty.handler.HttpHandler - 

Request DefaultHttpRequest(decodeResult: success, version: HTTP/1.1)
POST /session/0c55b55dfade35fb26b0e489741daf67/url HTTP/1.1
User-Agent: selenium/4.8.1 (java windows)
Content-Length: 59
Content-Type: application/json; charset=utf-8
host: localhost:5264
accept: */*

Response DefaultHttpResponse(decodeResult: success, version: HTTP/1.1)
HTTP/1.1 200 OK
Content-Length: 14
Content-Type: application/json; charset=utf-8
cache-control: no-cache

18:43:06.011 [AsyncHttpClient-1-2] DEBUG org.asynchttpclient.netty.channel.ChannelManager - Adding key: http://localhost:5264 for channel [id: 0xc97371c8, L:/127.0.0.1:64643 - R:localhost/127.0.0.1:5264]
18:43:06.015 [Forwarding setTimeout on session 0c55b55dfade35fb26b0e489741daf67 to remote] DEBUG org.asynchttpclient.netty.request.NettyRequestSender - Using pooled Channel '[id: 0xc97371c8, L:/127.0.0.1:64643 - R:localhost/127.0.0.1:5264]' for 'POST' to 'http://localhost:5264/session/0c55b55dfade35fb26b0e489741daf67/timeouts'
18:43:06.015 [Forwarding setTimeout on session 0c55b55dfade35fb26b0e489741daf67 to remote] DEBUG org.asynchttpclient.netty.request.NettyRequestSender - Using open Channel [id: 0xc97371c8, L:/127.0.0.1:64643 - R:localhost/127.0.0.1:5264] for POST '/session/0c55b55dfade35fb26b0e489741daf67/timeouts'
18:43:06.016 [AsyncHttpClient-1-2] DEBUG org.asynchttpclient.netty.handler.HttpHandler - 

Request DefaultHttpRequest(decodeResult: success, version: HTTP/1.1)
POST /session/0c55b55dfade35fb26b0e489741daf67/timeouts HTTP/1.1
User-Agent: selenium/4.8.1 (java windows)
Content-Length: 22
Content-Type: application/json; charset=utf-8
host: localhost:5264
accept: */*

Response DefaultHttpResponse(decodeResult: success, version: HTTP/1.1)
HTTP/1.1 200 OK
Content-Length: 14
Content-Type: application/json; charset=utf-8
cache-control: no-cache

18:43:06.016 [AsyncHttpClient-1-2] DEBUG org.asynchttpclient.netty.channel.ChannelManager - Adding key: http://localhost:5264 for channel [id: 0xc97371c8, L:/127.0.0.1:64643 - R:localhost/127.0.0.1:5264]
18:43:06.045 [main] DEBUG net.serenitybdd.core.photography.Darkroom - Opening darkroom
18:43:06.047 [Darkroom Processing Line] DEBUG net.serenitybdd.core.photography.DarkroomProcessingLine - Darkroom processing line starting up
18:43:06.059 [Forwarding getAlertText on session 0c55b55dfade35fb26b0e489741daf67 to remote] DEBUG org.asynchttpclient.netty.request.NettyRequestSender - Using pooled Channel '[id: 0xc97371c8, L:/127.0.0.1:64643 - R:localhost/127.0.0.1:5264]' for 'GET' to 'http://localhost:5264/session/0c55b55dfade35fb26b0e489741daf67/alert/text'
18:43:06.060 [Forwarding getAlertText on session 0c55b55dfade35fb26b0e489741daf67 to remote] DEBUG org.asynchttpclient.netty.request.NettyRequestSender - Using open Channel [id: 0xc97371c8, L:/127.0.0.1:64643 - R:localhost/127.0.0.1:5264] for GET '/session/0c55b55dfade35fb26b0e489741daf67/alert/text'
18:43:06.298 [AsyncHttpClient-1-2] DEBUG org.asynchttpclient.netty.handler.HttpHandler - 

Request DefaultFullHttpRequest(decodeResult: success, version: HTTP/1.1, content: EmptyByteBufBE)
GET /session/0c55b55dfade35fb26b0e489741daf67/alert/text HTTP/1.1
User-Agent: selenium/4.8.1 (java windows)
Cache-Control: no-cache
Content-Type: application/json; charset=utf-8
host: localhost:5264
accept: */*

Response DefaultHttpResponse(decodeResult: success, version: HTTP/1.1)
HTTP/1.1 404 Not Found
Content-Length: 821
Content-Type: application/json; charset=utf-8
cache-control: no-cache

18:43:06.298 [AsyncHttpClient-1-2] DEBUG org.asynchttpclient.netty.channel.ChannelManager - Adding key: http://localhost:5264 for channel [id: 0xc97371c8, L:/127.0.0.1:64643 - R:localhost/127.0.0.1:5264]
18:43:06.303 [Forwarding getCurrentUrl on session 0c55b55dfade35fb26b0e489741daf67 to remote] DEBUG org.asynchttpclient.netty.request.NettyRequestSender - Using pooled Channel '[id: 0xc97371c8, L:/127.0.0.1:64643 - R:localhost/127.0.0.1:5264]' for 'GET' to 'http://localhost:5264/session/0c55b55dfade35fb26b0e489741daf67/url'
18:43:06.303 [Forwarding getCurrentUrl on session 0c55b55dfade35fb26b0e489741daf67 to remote] DEBUG org.asynchttpclient.netty.request.NettyRequestSender - Using open Channel [id: 0xc97371c8, L:/127.0.0.1:64643 - R:localhost/127.0.0.1:5264] for GET '/session/0c55b55dfade35fb26b0e489741daf67/url'
18:43:06.307 [AsyncHttpClient-1-2] DEBUG org.asynchttpclient.netty.handler.HttpHandler - 

Request DefaultFullHttpRequest(decodeResult: success, version: HTTP/1.1, content: EmptyByteBufBE)
GET /session/0c55b55dfade35fb26b0e489741daf67/url HTTP/1.1
User-Agent: selenium/4.8.1 (java windows)
Cache-Control: no-cache
Content-Type: application/json; charset=utf-8
host: localhost:5264
accept: */*

Response DefaultHttpResponse(decodeResult: success, version: HTTP/1.1)
HTTP/1.1 200 OK
Content-Length: 41
Content-Type: application/json; charset=utf-8
cache-control: no-cache

18:43:06.307 [AsyncHttpClient-1-2] DEBUG org.asynchttpclient.netty.channel.ChannelManager - Adding key: http://localhost:5264 for channel [id: 0xc97371c8, L:/127.0.0.1:64643 - R:localhost/127.0.0.1:5264]
18:43:06.309 [Forwarding screenshot on session 0c55b55dfade35fb26b0e489741daf67 to remote] DEBUG org.asynchttpclient.netty.request.NettyRequestSender - Using pooled Channel '[id: 0xc97371c8, L:/127.0.0.1:64643 - R:localhost/127.0.0.1:5264]' for 'GET' to 'http://localhost:5264/session/0c55b55dfade35fb26b0e489741daf67/screenshot'
18:43:06.309 [Forwarding screenshot on session 0c55b55dfade35fb26b0e489741daf67 to remote] DEBUG org.asynchttpclient.netty.request.NettyRequestSender - Using open Channel [id: 0xc97371c8, L:/127.0.0.1:64643 - R:localhost/127.0.0.1:5264] for GET '/session/0c55b55dfade35fb26b0e489741daf67/screenshot'
18:43:06.589 [AsyncHttpClient-1-1] DEBUG org.asynchttpclient.netty.channel.DefaultChannelPool - Entry count for : http://localhost:64645 : 1
18:43:06.678 [AsyncHttpClient-1-2] DEBUG org.asynchttpclient.netty.handler.HttpHandler - 

Request DefaultFullHttpRequest(decodeResult: success, version: HTTP/1.1, content: EmptyByteBufBE)
GET /session/0c55b55dfade35fb26b0e489741daf67/screenshot HTTP/1.1
User-Agent: selenium/4.8.1 (java windows)
Cache-Control: no-cache
Content-Type: application/json; charset=utf-8
host: localhost:5264
accept: */*

Response DefaultHttpResponse(decodeResult: success, version: HTTP/1.1)
HTTP/1.1 200 OK
Content-Length: 96608
Content-Type: application/json; charset=utf-8
cache-control: no-cache

18:43:06.679 [AsyncHttpClient-1-2] DEBUG org.asynchttpclient.netty.channel.ChannelManager - Adding key: http://localhost:5264 for channel [id: 0xc97371c8, L:/127.0.0.1:64643 - R:localhost/127.0.0.1:5264]
18:43:06.749 [main] DEBUG net.serenitybdd.core.photography.Darkroom - Send negative for processing for target\site\serenity\122e58814d0fc629db23b4ff9ae0233e3316bf515077042bd85aa8163b0365ff.png
18:43:06.750 [Darkroom Processing Line] DEBUG net.serenitybdd.core.photography.DarkroomProcessingLine - Processing screenshot image in /var/screenshots/screenshot-15676379899701858191
18:43:06.750 [Darkroom Processing Line] DEBUG net.serenitybdd.core.photography.DarkroomProcessingLine - Saving screenshot to target\site\serenity\122e58814d0fc629db23b4ff9ae0233e3316bf515077042bd85aa8163b0365ff.png
18:43:06.752 [Forwarding getPageSource on session 0c55b55dfade35fb26b0e489741daf67 to remote] DEBUG org.asynchttpclient.netty.request.NettyRequestSender - Using pooled Channel '[id: 0xc97371c8, L:/127.0.0.1:64643 - R:localhost/127.0.0.1:5264]' for 'POST' to 'http://localhost:5264/session/0c55b55dfade35fb26b0e489741daf67/execute/sync'
18:43:06.753 [Forwarding getPageSource on session 0c55b55dfade35fb26b0e489741daf67 to remote] DEBUG org.asynchttpclient.netty.request.NettyRequestSender - Using open Channel [id: 0xc97371c8, L:/127.0.0.1:64643 - R:localhost/127.0.0.1:5264] for POST '/session/0c55b55dfade35fb26b0e489741daf67/execute/sync'
18:43:06.834 [AsyncHttpClient-1-2] DEBUG org.asynchttpclient.netty.handler.HttpHandler - 

Request DefaultHttpRequest(decodeResult: success, version: HTTP/1.1)
POST /session/0c55b55dfade35fb26b0e489741daf67/execute/sync HTTP/1.1
User-Agent: selenium/4.8.1 (java windows)
Content-Length: 176
Content-Type: application/json; charset=utf-8
host: localhost:5264
accept: */*

Response DefaultHttpResponse(decodeResult: success, version: HTTP/1.1)
HTTP/1.1 200 OK
Content-Length: 904358
Content-Type: application/json; charset=utf-8
cache-control: no-cache

18:43:06.840 [AsyncHttpClient-1-2] DEBUG org.asynchttpclient.netty.channel.ChannelManager - Adding key: http://localhost:5264 for channel [id: 0xc97371c8, L:/127.0.0.1:64643 - R:localhost/127.0.0.1:5264]
18:43:07.126 [Forwarding getCurrentUrl on session 0c55b55dfade35fb26b0e489741daf67 to remote] DEBUG org.asynchttpclient.netty.request.NettyRequestSender - Using pooled Channel '[id: 0xc97371c8, L:/127.0.0.1:64643 - R:localhost/127.0.0.1:5264]' for 'GET' to 'http://localhost:5264/session/0c55b55dfade35fb26b0e489741daf67/url'
18:43:07.126 [Forwarding getCurrentUrl on session 0c55b55dfade35fb26b0e489741daf67 to remote] DEBUG org.asynchttpclient.netty.request.NettyRequestSender - Using open Channel [id: 0xc97371c8, L:/127.0.0.1:64643 - R:localhost/127.0.0.1:5264] for GET '/session/0c55b55dfade35fb26b0e489741daf67/url'
18:43:07.129 [AsyncHttpClient-1-2] DEBUG org.asynchttpclient.netty.handler.HttpHandler - 

Request DefaultFullHttpRequest(decodeResult: success, version: HTTP/1.1, content: EmptyByteBufBE)
GET /session/0c55b55dfade35fb26b0e489741daf67/url HTTP/1.1
User-Agent: selenium/4.8.1 (java windows)
Cache-Control: no-cache
Content-Type: application/json; charset=utf-8
host: localhost:5264
accept: */*

Response DefaultHttpResponse(decodeResult: success, version: HTTP/1.1)
HTTP/1.1 200 OK
Content-Length: 41
Content-Type: application/json; charset=utf-8
cache-control: no-cache

18:43:07.130 [AsyncHttpClient-1-2] DEBUG org.asynchttpclient.netty.channel.ChannelManager - Adding key: http://localhost:5264 for channel [id: 0xc97371c8, L:/127.0.0.1:64643 - R:localhost/127.0.0.1:5264]
18:43:07.141 [main] DEBUG net.thucydides.core.steps.StepInterceptor - STARTING STEP: AddToCartPosSteps.onTheNonAccountHomePage - validateOnHomePage
18:43:07.148 [Forwarding findElement on session 0c55b55dfade35fb26b0e489741daf67 to remote] DEBUG org.asynchttpclient.netty.request.NettyRequestSender - Using pooled Channel '[id: 0xc97371c8, L:/127.0.0.1:64643 - R:localhost/127.0.0.1:5264]' for 'POST' to 'http://localhost:5264/session/0c55b55dfade35fb26b0e489741daf67/element'
18:43:07.150 [Forwarding findElement on session 0c55b55dfade35fb26b0e489741daf67 to remote] DEBUG org.asynchttpclient.netty.request.NettyRequestSender - Using open Channel [id: 0xc97371c8, L:/127.0.0.1:64643 - R:localhost/127.0.0.1:5264] for POST '/session/0c55b55dfade35fb26b0e489741daf67/element'
18:43:07.164 [AsyncHttpClient-1-2] DEBUG org.asynchttpclient.netty.handler.HttpHandler - 

Request DefaultHttpRequest(decodeResult: success, version: HTTP/1.1)
POST /session/0c55b55dfade35fb26b0e489741daf67/element HTTP/1.1
User-Agent: selenium/4.8.1 (java windows)
Content-Length: 208
Content-Type: application/json; charset=utf-8
host: localhost:5264
accept: */*

Response DefaultHttpResponse(decodeResult: success, version: HTTP/1.1)
HTTP/1.1 200 OK
Content-Length: 88
Content-Type: application/json; charset=utf-8
cache-control: no-cache

18:43:07.164 [AsyncHttpClient-1-2] DEBUG org.asynchttpclient.netty.channel.ChannelManager - Adding key: http://localhost:5264 for channel [id: 0xc97371c8, L:/127.0.0.1:64643 - R:localhost/127.0.0.1:5264]
18:43:07.173 [Forwarding isElementDisplayed on session 0c55b55dfade35fb26b0e489741daf67 to remote] DEBUG org.asynchttpclient.netty.request.NettyRequestSender - Using pooled Channel '[id: 0xc97371c8, L:/127.0.0.1:64643 - R:localhost/127.0.0.1:5264]' for 'POST' to 'http://localhost:5264/session/0c55b55dfade35fb26b0e489741daf67/execute/sync'
18:43:07.173 [Forwarding isElementDisplayed on session 0c55b55dfade35fb26b0e489741daf67 to remote] DEBUG org.asynchttpclient.netty.request.NettyRequestSender - Using open Channel [id: 0xc97371c8, L:/127.0.0.1:64643 - R:localhost/127.0.0.1:5264] for POST '/session/0c55b55dfade35fb26b0e489741daf67/execute/sync'
18:43:07.181 [AsyncHttpClient-1-2] DEBUG org.asynchttpclient.netty.handler.HttpHandler - 

Request DefaultHttpRequest(decodeResult: success, version: HTTP/1.1)
POST /session/0c55b55dfade35fb26b0e489741daf67/execute/sync HTTP/1.1
User-Agent: selenium/4.8.1 (java windows)
Content-Length: 48807
Content-Type: application/json; charset=utf-8
host: localhost:5264
accept: */*

Response DefaultHttpResponse(decodeResult: success, version: HTTP/1.1)
HTTP/1.1 200 OK
Content-Length: 14
Content-Type: application/json; charset=utf-8
cache-control: no-cache

18:43:07.181 [AsyncHttpClient-1-2] DEBUG org.asynchttpclient.netty.channel.ChannelManager - Adding key: http://localhost:5264 for channel [id: 0xc97371c8, L:/127.0.0.1:64643 - R:localhost/127.0.0.1:5264]
18:43:07.187 [Forwarding getAlertText on session 0c55b55dfade35fb26b0e489741daf67 to remote] DEBUG org.asynchttpclient.netty.request.NettyRequestSender - Using pooled Channel '[id: 0xc97371c8, L:/127.0.0.1:64643 - R:localhost/127.0.0.1:5264]' for 'GET' to 'http://localhost:5264/session/0c55b55dfade35fb26b0e489741daf67/alert/text'
18:43:07.187 [Forwarding getAlertText on session 0c55b55dfade35fb26b0e489741daf67 to remote] DEBUG org.asynchttpclient.netty.request.NettyRequestSender - Using open Channel [id: 0xc97371c8, L:/127.0.0.1:64643 - R:localhost/127.0.0.1:5264] for GET '/session/0c55b55dfade35fb26b0e489741daf67/alert/text'
18:43:07.190 [AsyncHttpClient-1-2] DEBUG org.asynchttpclient.netty.handler.HttpHandler - 

Request DefaultFullHttpRequest(decodeResult: success, version: HTTP/1.1, content: EmptyByteBufBE)
GET /session/0c55b55dfade35fb26b0e489741daf67/alert/text HTTP/1.1
User-Agent: selenium/4.8.1 (java windows)
Cache-Control: no-cache
Content-Type: application/json; charset=utf-8
host: localhost:5264
accept: */*

Response DefaultHttpResponse(decodeResult: success, version: HTTP/1.1)
HTTP/1.1 404 Not Found
Content-Length: 821
Content-Type: application/json; charset=utf-8
cache-control: no-cache

18:43:07.190 [AsyncHttpClient-1-2] DEBUG org.asynchttpclient.netty.channel.ChannelManager - Adding key: http://localhost:5264 for channel [id: 0xc97371c8, L:/127.0.0.1:64643 - R:localhost/127.0.0.1:5264]
18:43:07.191 [Forwarding getCurrentUrl on session 0c55b55dfade35fb26b0e489741daf67 to remote] DEBUG org.asynchttpclient.netty.request.NettyRequestSender - Using pooled Channel '[id: 0xc97371c8, L:/127.0.0.1:64643 - R:localhost/127.0.0.1:5264]' for 'GET' to 'http://localhost:5264/session/0c55b55dfade35fb26b0e489741daf67/url'
18:43:07.192 [Forwarding getCurrentUrl on session 0c55b55dfade35fb26b0e489741daf67 to remote] DEBUG org.asynchttpclient.netty.request.NettyRequestSender - Using open Channel [id: 0xc97371c8, L:/127.0.0.1:64643 - R:localhost/127.0.0.1:5264] for GET '/session/0c55b55dfade35fb26b0e489741daf67/url'
18:43:07.195 [AsyncHttpClient-1-2] DEBUG org.asynchttpclient.netty.handler.HttpHandler - 

Request DefaultFullHttpRequest(decodeResult: success, version: HTTP/1.1, content: EmptyByteBufBE)
GET /session/0c55b55dfade35fb26b0e489741daf67/url HTTP/1.1
User-Agent: selenium/4.8.1 (java windows)
Cache-Control: no-cache
Content-Type: application/json; charset=utf-8
host: localhost:5264
accept: */*

Response DefaultHttpResponse(decodeResult: success, version: HTTP/1.1)
HTTP/1.1 200 OK
Content-Length: 41
Content-Type: application/json; charset=utf-8
cache-control: no-cache

18:43:07.195 [AsyncHttpClient-1-2] DEBUG org.asynchttpclient.netty.channel.ChannelManager - Adding key: http://localhost:5264 for channel [id: 0xc97371c8, L:/127.0.0.1:64643 - R:localhost/127.0.0.1:5264]
18:43:07.196 [Forwarding screenshot on session 0c55b55dfade35fb26b0e489741daf67 to remote] DEBUG org.asynchttpclient.netty.request.NettyRequestSender - Using pooled Channel '[id: 0xc97371c8, L:/127.0.0.1:64643 - R:localhost/127.0.0.1:5264]' for 'GET' to 'http://localhost:5264/session/0c55b55dfade35fb26b0e489741daf67/screenshot'
18:43:07.196 [Forwarding screenshot on session 0c55b55dfade35fb26b0e489741daf67 to remote] DEBUG org.asynchttpclient.netty.request.NettyRequestSender - Using open Channel [id: 0xc97371c8, L:/127.0.0.1:64643 - R:localhost/127.0.0.1:5264] for GET '/session/0c55b55dfade35fb26b0e489741daf67/screenshot'
18:43:07.269 [AsyncHttpClient-1-2] DEBUG org.asynchttpclient.netty.handler.HttpHandler - 

Request DefaultFullHttpRequest(decodeResult: success, version: HTTP/1.1, content: EmptyByteBufBE)
GET /session/0c55b55dfade35fb26b0e489741daf67/screenshot HTTP/1.1
User-Agent: selenium/4.8.1 (java windows)
Cache-Control: no-cache
Content-Type: application/json; charset=utf-8
host: localhost:5264
accept: */*

Response DefaultHttpResponse(decodeResult: success, version: HTTP/1.1)
HTTP/1.1 200 OK
Content-Length: 96608
Content-Type: application/json; charset=utf-8
cache-control: no-cache

18:43:07.271 [AsyncHttpClient-1-2] DEBUG org.asynchttpclient.netty.channel.ChannelManager - Adding key: http://localhost:5264 for channel [id: 0xc97371c8, L:/127.0.0.1:64643 - R:localhost/127.0.0.1:5264]
18:43:07.279 [main] DEBUG net.serenitybdd.core.photography.Darkroom - Send negative for processing for target\site\serenity\122e58814d0fc629db23b4ff9ae0233e3316bf515077042bd85aa8163b0365ff.png
18:43:07.282 [main] DEBUG net.thucydides.core.steps.StepInterceptor - STEP DONE: validateOnHomePage
  &amp#27;[32mGiven &amp#27;[0m&amp#27;[32mI am on the Home page&amp#27;[0m                                 &amp#27;[90m# starter.stepDefinition.AddToCartPosSteps.onTheNonAccountHomePage()&amp#27;[0m
18:43:07.298 [Forwarding getPageSource on session 0c55b55dfade35fb26b0e489741daf67 to remote] DEBUG org.asynchttpclient.netty.request.NettyRequestSender - Using pooled Channel '[id: 0xc97371c8, L:/127.0.0.1:64643 - R:localhost/127.0.0.1:5264]' for 'POST' to 'http://localhost:5264/session/0c55b55dfade35fb26b0e489741daf67/execute/sync'
18:43:07.298 [Forwarding getPageSource on session 0c55b55dfade35fb26b0e489741daf67 to remote] DEBUG org.asynchttpclient.netty.request.NettyRequestSender - Using open Channel [id: 0xc97371c8, L:/127.0.0.1:64643 - R:localhost/127.0.0.1:5264] for POST '/session/0c55b55dfade35fb26b0e489741daf67/execute/sync'
18:43:07.336 [AsyncHttpClient-1-2] DEBUG org.asynchttpclient.netty.handler.HttpHandler - 

Request DefaultHttpRequest(decodeResult: success, version: HTTP/1.1)
POST /session/0c55b55dfade35fb26b0e489741daf67/execute/sync HTTP/1.1
User-Agent: selenium/4.8.1 (java windows)
Content-Length: 176
Content-Type: application/json; charset=utf-8
host: localhost:5264
accept: */*

Response DefaultHttpResponse(decodeResult: success, version: HTTP/1.1)
HTTP/1.1 200 OK
Content-Length: 904358
Content-Type: application/json; charset=utf-8
cache-control: no-cache

18:43:07.339 [AsyncHttpClient-1-2] DEBUG org.asynchttpclient.netty.channel.ChannelManager - Adding key: http://localhost:5264 for channel [id: 0xc97371c8, L:/127.0.0.1:64643 - R:localhost/127.0.0.1:5264]
18:43:07.430 [Forwarding getCurrentUrl on session 0c55b55dfade35fb26b0e489741daf67 to remote] DEBUG org.asynchttpclient.netty.request.NettyRequestSender - Using pooled Channel '[id: 0xc97371c8, L:/127.0.0.1:64643 - R:localhost/127.0.0.1:5264]' for 'GET' to 'http://localhost:5264/session/0c55b55dfade35fb26b0e489741daf67/url'
18:43:07.430 [Forwarding getCurrentUrl on session 0c55b55dfade35fb26b0e489741daf67 to remote] DEBUG org.asynchttpclient.netty.request.NettyRequestSender - Using open Channel [id: 0xc97371c8, L:/127.0.0.1:64643 - R:localhost/127.0.0.1:5264] for GET '/session/0c55b55dfade35fb26b0e489741daf67/url'
18:43:07.433 [AsyncHttpClient-1-2] DEBUG org.asynchttpclient.netty.handler.HttpHandler - 

Request DefaultFullHttpRequest(decodeResult: success, version: HTTP/1.1, content: EmptyByteBufBE)
GET /session/0c55b55dfade35fb26b0e489741daf67/url HTTP/1.1
User-Agent: selenium/4.8.1 (java windows)
Cache-Control: no-cache
Content-Type: application/json; charset=utf-8
host: localhost:5264
accept: */*

Response DefaultHttpResponse(decodeResult: success, version: HTTP/1.1)
HTTP/1.1 200 OK
Content-Length: 41
Content-Type: application/json; charset=utf-8
cache-control: no-cache

18:43:07.433 [AsyncHttpClient-1-2] DEBUG org.asynchttpclient.netty.channel.ChannelManager - Adding key: http://localhost:5264 for channel [id: 0xc97371c8, L:/127.0.0.1:64643 - R:localhost/127.0.0.1:5264]
18:43:07.449 [Forwarding getAlertText on session 0c55b55dfade35fb26b0e489741daf67 to remote] DEBUG org.asynchttpclient.netty.request.NettyRequestSender - Using pooled Channel '[id: 0xc97371c8, L:/127.0.0.1:64643 - R:localhost/127.0.0.1:5264]' for 'GET' to 'http://localhost:5264/session/0c55b55dfade35fb26b0e489741daf67/alert/text'
18:43:07.449 [Forwarding getAlertText on session 0c55b55dfade35fb26b0e489741daf67 to remote] DEBUG org.asynchttpclient.netty.request.NettyRequestSender - Using open Channel [id: 0xc97371c8, L:/127.0.0.1:64643 - R:localhost/127.0.0.1:5264] for GET '/session/0c55b55dfade35fb26b0e489741daf67/alert/text'
18:43:07.451 [AsyncHttpClient-1-2] DEBUG org.asynchttpclient.netty.handler.HttpHandler - 

Request DefaultFullHttpRequest(decodeResult: success, version: HTTP/1.1, content: EmptyByteBufBE)
GET /session/0c55b55dfade35fb26b0e489741daf67/alert/text HTTP/1.1
User-Agent: selenium/4.8.1 (java windows)
Cache-Control: no-cache
Content-Type: application/json; charset=utf-8
host: localhost:5264
accept: */*

Response DefaultHttpResponse(decodeResult: success, version: HTTP/1.1)
HTTP/1.1 404 Not Found
Content-Length: 821
Content-Type: application/json; charset=utf-8
cache-control: no-cache

18:43:07.451 [AsyncHttpClient-1-2] DEBUG org.asynchttpclient.netty.channel.ChannelManager - Adding key: http://localhost:5264 for channel [id: 0xc97371c8, L:/127.0.0.1:64643 - R:localhost/127.0.0.1:5264]
18:43:07.453 [Forwarding getCurrentUrl on session 0c55b55dfade35fb26b0e489741daf67 to remote] DEBUG org.asynchttpclient.netty.request.NettyRequestSender - Using pooled Channel '[id: 0xc97371c8, L:/127.0.0.1:64643 - R:localhost/127.0.0.1:5264]' for 'GET' to 'http://localhost:5264/session/0c55b55dfade35fb26b0e489741daf67/url'
18:43:07.453 [Forwarding getCurrentUrl on session 0c55b55dfade35fb26b0e489741daf67 to remote] DEBUG org.asynchttpclient.netty.request.NettyRequestSender - Using open Channel [id: 0xc97371c8, L:/127.0.0.1:64643 - R:localhost/127.0.0.1:5264] for GET '/session/0c55b55dfade35fb26b0e489741daf67/url'
18:43:07.455 [AsyncHttpClient-1-2] DEBUG org.asynchttpclient.netty.handler.HttpHandler - 

Request DefaultFullHttpRequest(decodeResult: success, version: HTTP/1.1, content: EmptyByteBufBE)
GET /session/0c55b55dfade35fb26b0e489741daf67/url HTTP/1.1
User-Agent: selenium/4.8.1 (java windows)
Cache-Control: no-cache
Content-Type: application/json; charset=utf-8
host: localhost:5264
accept: */*

Response DefaultHttpResponse(decodeResult: success, version: HTTP/1.1)
HTTP/1.1 200 OK
Content-Length: 41
Content-Type: application/json; charset=utf-8
cache-control: no-cache

18:43:07.455 [AsyncHttpClient-1-2] DEBUG org.asynchttpclient.netty.channel.ChannelManager - Adding key: http://localhost:5264 for channel [id: 0xc97371c8, L:/127.0.0.1:64643 - R:localhost/127.0.0.1:5264]
18:43:07.457 [Forwarding screenshot on session 0c55b55dfade35fb26b0e489741daf67 to remote] DEBUG org.asynchttpclient.netty.request.NettyRequestSender - Using pooled Channel '[id: 0xc97371c8, L:/127.0.0.1:64643 - R:localhost/127.0.0.1:5264]' for 'GET' to 'http://localhost:5264/session/0c55b55dfade35fb26b0e489741daf67/screenshot'
18:43:07.458 [Forwarding screenshot on session 0c55b55dfade35fb26b0e489741daf67 to remote] DEBUG org.asynchttpclient.netty.request.NettyRequestSender - Using open Channel [id: 0xc97371c8, L:/127.0.0.1:64643 - R:localhost/127.0.0.1:5264] for GET '/session/0c55b55dfade35fb26b0e489741daf67/screenshot'
18:43:07.532 [AsyncHttpClient-1-2] DEBUG org.asynchttpclient.netty.handler.HttpHandler - 

Request DefaultFullHttpRequest(decodeResult: success, version: HTTP/1.1, content: EmptyByteBufBE)
GET /session/0c55b55dfade35fb26b0e489741daf67/screenshot HTTP/1.1
User-Agent: selenium/4.8.1 (java windows)
Cache-Control: no-cache
Content-Type: application/json; charset=utf-8
host: localhost:5264
accept: */*

Response DefaultHttpResponse(decodeResult: success, version: HTTP/1.1)
HTTP/1.1 200 OK
Content-Length: 96608
Content-Type: application/json; charset=utf-8
cache-control: no-cache

18:43:07.533 [AsyncHttpClient-1-2] DEBUG org.asynchttpclient.netty.channel.ChannelManager - Adding key: http://localhost:5264 for channel [id: 0xc97371c8, L:/127.0.0.1:64643 - R:localhost/127.0.0.1:5264]
18:43:07.538 [main] DEBUG net.serenitybdd.core.photography.Darkroom - Send negative for processing for target\site\serenity\122e58814d0fc629db23b4ff9ae0233e3316bf515077042bd85aa8163b0365ff.png
18:43:07.540 [Forwarding getPageSource on session 0c55b55dfade35fb26b0e489741daf67 to remote] DEBUG org.asynchttpclient.netty.request.NettyRequestSender - Using pooled Channel '[id: 0xc97371c8, L:/127.0.0.1:64643 - R:localhost/127.0.0.1:5264]' for 'POST' to 'http://localhost:5264/session/0c55b55dfade35fb26b0e489741daf67/execute/sync'
18:43:07.540 [Forwarding getPageSource on session 0c55b55dfade35fb26b0e489741daf67 to remote] DEBUG org.asynchttpclient.netty.request.NettyRequestSender - Using open Channel [id: 0xc97371c8, L:/127.0.0.1:64643 - R:localhost/127.0.0.1:5264] for POST '/session/0c55b55dfade35fb26b0e489741daf67/execute/sync'
18:43:07.573 [AsyncHttpClient-1-2] DEBUG org.asynchttpclient.netty.handler.HttpHandler - 

Request DefaultHttpRequest(decodeResult: success, version: HTTP/1.1)
POST /session/0c55b55dfade35fb26b0e489741daf67/execute/sync HTTP/1.1
User-Agent: selenium/4.8.1 (java windows)
Content-Length: 176
Content-Type: application/json; charset=utf-8
host: localhost:5264
accept: */*

Response DefaultHttpResponse(decodeResult: success, version: HTTP/1.1)
HTTP/1.1 200 OK
Content-Length: 904358
Content-Type: application/json; charset=utf-8
cache-control: no-cache

18:43:07.575 [AsyncHttpClient-1-2] DEBUG org.asynchttpclient.netty.channel.ChannelManager - Adding key: http://localhost:5264 for channel [id: 0xc97371c8, L:/127.0.0.1:64643 - R:localhost/127.0.0.1:5264]
18:43:07.634 [Forwarding getCurrentUrl on session 0c55b55dfade35fb26b0e489741daf67 to remote] DEBUG org.asynchttpclient.netty.request.NettyRequestSender - Using pooled Channel '[id: 0xc97371c8, L:/127.0.0.1:64643 - R:localhost/127.0.0.1:5264]' for 'GET' to 'http://localhost:5264/session/0c55b55dfade35fb26b0e489741daf67/url'
18:43:07.634 [Forwarding getCurrentUrl on session 0c55b55dfade35fb26b0e489741daf67 to remote] DEBUG org.asynchttpclient.netty.request.NettyRequestSender - Using open Channel [id: 0xc97371c8, L:/127.0.0.1:64643 - R:localhost/127.0.0.1:5264] for GET '/session/0c55b55dfade35fb26b0e489741daf67/url'
18:43:07.637 [AsyncHttpClient-1-2] DEBUG org.asynchttpclient.netty.handler.HttpHandler - 

Request DefaultFullHttpRequest(decodeResult: success, version: HTTP/1.1, content: EmptyByteBufBE)
GET /session/0c55b55dfade35fb26b0e489741daf67/url HTTP/1.1
User-Agent: selenium/4.8.1 (java windows)
Cache-Control: no-cache
Content-Type: application/json; charset=utf-8
host: localhost:5264
accept: */*

Response DefaultHttpResponse(decodeResult: success, version: HTTP/1.1)
HTTP/1.1 200 OK
Content-Length: 41
Content-Type: application/json; charset=utf-8
cache-control: no-cache

18:43:07.637 [AsyncHttpClient-1-2] DEBUG org.asynchttpclient.netty.channel.ChannelManager - Adding key: http://localhost:5264 for channel [id: 0xc97371c8, L:/127.0.0.1:64643 - R:localhost/127.0.0.1:5264]
18:43:07.643 [main] DEBUG net.thucydides.core.steps.StepInterceptor - STARTING STEP: AddToCartPosSteps.clickLoginHomeButton - clickLoginHomeButton
18:43:07.648 [Forwarding findElement on session 0c55b55dfade35fb26b0e489741daf67 to remote] DEBUG org.asynchttpclient.netty.request.NettyRequestSender - Using pooled Channel '[id: 0xc97371c8, L:/127.0.0.1:64643 - R:localhost/127.0.0.1:5264]' for 'POST' to 'http://localhost:5264/session/0c55b55dfade35fb26b0e489741daf67/element'
18:43:07.648 [Forwarding findElement on session 0c55b55dfade35fb26b0e489741daf67 to remote] DEBUG org.asynchttpclient.netty.request.NettyRequestSender - Using open Channel [id: 0xc97371c8, L:/127.0.0.1:64643 - R:localhost/127.0.0.1:5264] for POST '/session/0c55b55dfade35fb26b0e489741daf67/element'
18:43:07.660 [AsyncHttpClient-1-2] DEBUG org.asynchttpclient.netty.handler.HttpHandler - 

Request DefaultHttpRequest(decodeResult: success, version: HTTP/1.1)
POST /session/0c55b55dfade35fb26b0e489741daf67/element HTTP/1.1
User-Agent: selenium/4.8.1 (java windows)
Content-Length: 208
Content-Type: application/json; charset=utf-8
host: localhost:5264
accept: */*

Response DefaultHttpResponse(decodeResult: success, version: HTTP/1.1)
HTTP/1.1 200 OK
Content-Length: 88
Content-Type: application/json; charset=utf-8
cache-control: no-cache

18:43:07.660 [AsyncHttpClient-1-2] DEBUG org.asynchttpclient.netty.channel.ChannelManager - Adding key: http://localhost:5264 for channel [id: 0xc97371c8, L:/127.0.0.1:64643 - R:localhost/127.0.0.1:5264]
18:43:07.662 [Forwarding getElementTagName on session 0c55b55dfade35fb26b0e489741daf67 to remote] DEBUG org.asynchttpclient.netty.request.NettyRequestSender - Using pooled Channel '[id: 0xc97371c8, L:/127.0.0.1:64643 - R:localhost/127.0.0.1:5264]' for 'GET' to 'http://localhost:5264/session/0c55b55dfade35fb26b0e489741daf67/element/66c6ec00-9586-428c-b4ed-60e1125f235f/name'
18:43:07.662 [Forwarding getElementTagName on session 0c55b55dfade35fb26b0e489741daf67 to remote] DEBUG org.asynchttpclient.netty.request.NettyRequestSender - Using open Channel [id: 0xc97371c8, L:/127.0.0.1:64643 - R:localhost/127.0.0.1:5264] for GET '/session/0c55b55dfade35fb26b0e489741daf67/element/66c6ec00-9586-428c-b4ed-60e1125f235f/name'
18:43:07.666 [AsyncHttpClient-1-2] DEBUG org.asynchttpclient.netty.handler.HttpHandler - 

Request DefaultFullHttpRequest(decodeResult: success, version: HTTP/1.1, content: EmptyByteBufBE)
GET /session/0c55b55dfade35fb26b0e489741daf67/element/66c6ec00-9586-428c-b4ed-60e1125f235f/name HTTP/1.1
User-Agent: selenium/4.8.1 (java windows)
Cache-Control: no-cache
Content-Type: application/json; charset=utf-8
host: localhost:5264
accept: */*

Response DefaultHttpResponse(decodeResult: success, version: HTTP/1.1)
HTTP/1.1 200 OK
Content-Length: 16
Content-Type: application/json; charset=utf-8
cache-control: no-cache

18:43:07.666 [AsyncHttpClient-1-2] DEBUG org.asynchttpclient.netty.channel.ChannelManager - Adding key: http://localhost:5264 for channel [id: 0xc97371c8, L:/127.0.0.1:64643 - R:localhost/127.0.0.1:5264]
18:43:07.668 [Forwarding getElementTagName on session 0c55b55dfade35fb26b0e489741daf67 to remote] DEBUG org.asynchttpclient.netty.request.NettyRequestSender - Using pooled Channel '[id: 0xc97371c8, L:/127.0.0.1:64643 - R:localhost/127.0.0.1:5264]' for 'GET' to 'http://localhost:5264/session/0c55b55dfade35fb26b0e489741daf67/element/66c6ec00-9586-428c-b4ed-60e1125f235f/name'
18:43:07.668 [Forwarding getElementTagName on session 0c55b55dfade35fb26b0e489741daf67 to remote] DEBUG org.asynchttpclient.netty.request.NettyRequestSender - Using open Channel [id: 0xc97371c8, L:/127.0.0.1:64643 - R:localhost/127.0.0.1:5264] for GET '/session/0c55b55dfade35fb26b0e489741daf67/element/66c6ec00-9586-428c-b4ed-60e1125f235f/name'
18:43:07.670 [AsyncHttpClient-1-2] DEBUG org.asynchttpclient.netty.handler.HttpHandler - 

Request DefaultFullHttpRequest(decodeResult: success, version: HTTP/1.1, content: EmptyByteBufBE)
GET /session/0c55b55dfade35fb26b0e489741daf67/element/66c6ec00-9586-428c-b4ed-60e1125f235f/name HTTP/1.1
User-Agent: selenium/4.8.1 (java windows)
Cache-Control: no-cache
Content-Type: application/json; charset=utf-8
host: localhost:5264
accept: */*

Response DefaultHttpResponse(decodeResult: success, version: HTTP/1.1)
HTTP/1.1 200 OK
Content-Length: 16
Content-Type: application/json; charset=utf-8
cache-control: no-cache

18:43:07.670 [AsyncHttpClient-1-2] DEBUG org.asynchttpclient.netty.channel.ChannelManager - Adding key: http://localhost:5264 for channel [id: 0xc97371c8, L:/127.0.0.1:64643 - R:localhost/127.0.0.1:5264]
18:43:07.673 [Forwarding findElement on session 0c55b55dfade35fb26b0e489741daf67 to remote] DEBUG org.asynchttpclient.netty.request.NettyRequestSender - Using pooled Channel '[id: 0xc97371c8, L:/127.0.0.1:64643 - R:localhost/127.0.0.1:5264]' for 'POST' to 'http://localhost:5264/session/0c55b55dfade35fb26b0e489741daf67/element'
18:43:07.673 [Forwarding findElement on session 0c55b55dfade35fb26b0e489741daf67 to remote] DEBUG org.asynchttpclient.netty.request.NettyRequestSender - Using open Channel [id: 0xc97371c8, L:/127.0.0.1:64643 - R:localhost/127.0.0.1:5264] for POST '/session/0c55b55dfade35fb26b0e489741daf67/element'
18:43:07.683 [AsyncHttpClient-1-2] DEBUG org.asynchttpclient.netty.handler.HttpHandler - 

Request DefaultHttpRequest(decodeResult: success, version: HTTP/1.1)
POST /session/0c55b55dfade35fb26b0e489741daf67/element HTTP/1.1
User-Agent: selenium/4.8.1 (java windows)
Content-Length: 208
Content-Type: application/json; charset=utf-8
host: localhost:5264
accept: */*

Response DefaultHttpResponse(decodeResult: success, version: HTTP/1.1)
HTTP/1.1 200 OK
Content-Length: 88
Content-Type: application/json; charset=utf-8
cache-control: no-cache

18:43:07.683 [AsyncHttpClient-1-2] DEBUG org.asynchttpclient.netty.channel.ChannelManager - Adding key: http://localhost:5264 for channel [id: 0xc97371c8, L:/127.0.0.1:64643 - R:localhost/127.0.0.1:5264]
18:43:07.685 [Forwarding clickElement on session 0c55b55dfade35fb26b0e489741daf67 to remote] DEBUG org.asynchttpclient.netty.request.NettyRequestSender - Using pooled Channel '[id: 0xc97371c8, L:/127.0.0.1:64643 - R:localhost/127.0.0.1:5264]' for 'POST' to 'http://localhost:5264/session/0c55b55dfade35fb26b0e489741daf67/element/66c6ec00-9586-428c-b4ed-60e1125f235f/click'
18:43:07.685 [Forwarding clickElement on session 0c55b55dfade35fb26b0e489741daf67 to remote] DEBUG org.asynchttpclient.netty.request.NettyRequestSender - Using open Channel [id: 0xc97371c8, L:/127.0.0.1:64643 - R:localhost/127.0.0.1:5264] for POST '/session/0c55b55dfade35fb26b0e489741daf67/element/66c6ec00-9586-428c-b4ed-60e1125f235f/click'
18:43:07.686 [AsyncHttpClient-1-1] DEBUG org.asynchttpclient.netty.channel.DefaultChannelPool - Entry count for : http://localhost:64645 : 1
18:43:07.780 [AsyncHttpClient-1-2] DEBUG org.asynchttpclient.netty.handler.HttpHandler - 

Request DefaultHttpRequest(decodeResult: success, version: HTTP/1.1)
POST /session/0c55b55dfade35fb26b0e489741daf67/element/66c6ec00-9586-428c-b4ed-60e1125f235f/click HTTP/1.1
User-Agent: selenium/4.8.1 (java windows)
Content-Length: 50
Content-Type: application/json; charset=utf-8
host: localhost:5264
accept: */*

Response DefaultHttpResponse(decodeResult: success, version: HTTP/1.1)
HTTP/1.1 200 OK
Content-Length: 14
Content-Type: application/json; charset=utf-8
cache-control: no-cache

18:43:07.781 [AsyncHttpClient-1-2] DEBUG org.asynchttpclient.netty.channel.ChannelManager - Adding key: http://localhost:5264 for channel [id: 0xc97371c8, L:/127.0.0.1:64643 - R:localhost/127.0.0.1:5264]
18:43:07.794 [Forwarding getAlertText on session 0c55b55dfade35fb26b0e489741daf67 to remote] DEBUG org.asynchttpclient.netty.request.NettyRequestSender - Using pooled Channel '[id: 0xc97371c8, L:/127.0.0.1:64643 - R:localhost/127.0.0.1:5264]' for 'GET' to 'http://localhost:5264/session/0c55b55dfade35fb26b0e489741daf67/alert/text'
18:43:07.794 [Forwarding getAlertText on session 0c55b55dfade35fb26b0e489741daf67 to remote] DEBUG org.asynchttpclient.netty.request.NettyRequestSender - Using open Channel [id: 0xc97371c8, L:/127.0.0.1:64643 - R:localhost/127.0.0.1:5264] for GET '/session/0c55b55dfade35fb26b0e489741daf67/alert/text'
18:43:07.806 [AsyncHttpClient-1-2] DEBUG org.asynchttpclient.netty.handler.HttpHandler - 

Request DefaultFullHttpRequest(decodeResult: success, version: HTTP/1.1, content: EmptyByteBufBE)
GET /session/0c55b55dfade35fb26b0e489741daf67/alert/text HTTP/1.1
User-Agent: selenium/4.8.1 (java windows)
Cache-Control: no-cache
Content-Type: application/json; charset=utf-8
host: localhost:5264
accept: */*

Response DefaultHttpResponse(decodeResult: success, version: HTTP/1.1)
HTTP/1.1 404 Not Found
Content-Length: 821
Content-Type: application/json; charset=utf-8
cache-control: no-cache

18:43:07.806 [AsyncHttpClient-1-2] DEBUG org.asynchttpclient.netty.channel.ChannelManager - Adding key: http://localhost:5264 for channel [id: 0xc97371c8, L:/127.0.0.1:64643 - R:localhost/127.0.0.1:5264]
18:43:07.810 [Forwarding getCurrentUrl on session 0c55b55dfade35fb26b0e489741daf67 to remote] DEBUG org.asynchttpclient.netty.request.NettyRequestSender - Using pooled Channel '[id: 0xc97371c8, L:/127.0.0.1:64643 - R:localhost/127.0.0.1:5264]' for 'GET' to 'http://localhost:5264/session/0c55b55dfade35fb26b0e489741daf67/url'
18:43:07.810 [Forwarding getCurrentUrl on session 0c55b55dfade35fb26b0e489741daf67 to remote] DEBUG org.asynchttpclient.netty.request.NettyRequestSender - Using open Channel [id: 0xc97371c8, L:/127.0.0.1:64643 - R:localhost/127.0.0.1:5264] for GET '/session/0c55b55dfade35fb26b0e489741daf67/url'
18:43:07.818 [AsyncHttpClient-1-2] DEBUG org.asynchttpclient.netty.handler.HttpHandler - 

Request DefaultFullHttpRequest(decodeResult: success, version: HTTP/1.1, content: EmptyByteBufBE)
GET /session/0c55b55dfade35fb26b0e489741daf67/url HTTP/1.1
User-Agent: selenium/4.8.1 (java windows)
Cache-Control: no-cache
Content-Type: application/json; charset=utf-8
host: localhost:5264
accept: */*

Response DefaultHttpResponse(decodeResult: success, version: HTTP/1.1)
HTTP/1.1 200 OK
Content-Length: 41
Content-Type: application/json; charset=utf-8
cache-control: no-cache

18:43:07.819 [AsyncHttpClient-1-2] DEBUG org.asynchttpclient.netty.channel.ChannelManager - Adding key: http://localhost:5264 for channel [id: 0xc97371c8, L:/127.0.0.1:64643 - R:localhost/127.0.0.1:5264]
18:43:07.821 [Forwarding screenshot on session 0c55b55dfade35fb26b0e489741daf67 to remote] DEBUG org.asynchttpclient.netty.request.NettyRequestSender - Using pooled Channel '[id: 0xc97371c8, L:/127.0.0.1:64643 - R:localhost/127.0.0.1:5264]' for 'GET' to 'http://localhost:5264/session/0c55b55dfade35fb26b0e489741daf67/screenshot'
18:43:07.821 [Forwarding screenshot on session 0c55b55dfade35fb26b0e489741daf67 to remote] DEBUG org.asynchttpclient.netty.request.NettyRequestSender - Using open Channel [id: 0xc97371c8, L:/127.0.0.1:64643 - R:localhost/127.0.0.1:5264] for GET '/session/0c55b55dfade35fb26b0e489741daf67/screenshot'
18:43:07.992 [AsyncHttpClient-1-2] DEBUG org.asynchttpclient.netty.handler.HttpHandler - 

Request DefaultFullHttpRequest(decodeResult: success, version: HTTP/1.1, content: EmptyByteBufBE)
GET /session/0c55b55dfade35fb26b0e489741daf67/screenshot HTTP/1.1
User-Agent: selenium/4.8.1 (java windows)
Cache-Control: no-cache
Content-Type: application/json; charset=utf-8
host: localhost:5264
accept: */*

Response DefaultHttpResponse(decodeResult: success, version: HTTP/1.1)
HTTP/1.1 200 OK
Content-Length: 99116
Content-Type: application/json; charset=utf-8
cache-control: no-cache

18:43:07.993 [AsyncHttpClient-1-2] DEBUG org.asynchttpclient.netty.channel.ChannelManager - Adding key: http://localhost:5264 for channel [id: 0xc97371c8, L:/127.0.0.1:64643 - R:localhost/127.0.0.1:5264]
18:43:07.997 [main] DEBUG net.serenitybdd.core.photography.Darkroom - Send negative for processing for target\site\serenity\d7bb989913b85786dc6126a4efda0bf2e6d0411756742115752ddd0bed3a1f54.png
18:43:07.997 [Darkroom Processing Line] DEBUG net.serenitybdd.core.photography.DarkroomProcessingLine - Processing screenshot image in /var/screenshots/screenshot-12576052036764864646
18:43:07.997 [Darkroom Processing Line] DEBUG net.serenitybdd.core.photography.DarkroomProcessingLine - Saving screenshot to target\site\serenity\d7bb989913b85786dc6126a4efda0bf2e6d0411756742115752ddd0bed3a1f54.png
18:43:07.997 [main] DEBUG net.thucydides.core.steps.StepInterceptor - STEP DONE: clickLoginHomeButton
  &amp#27;[32mWhen &amp#27;[0m&amp#27;[32mI click beli button in one of many items&amp#27;[0m               &amp#27;[90m# starter.stepDefinition.AddToCartPosSteps.clickLoginHomeButton()&amp#27;[0m
18:43:08.006 [Forwarding getPageSource on session 0c55b55dfade35fb26b0e489741daf67 to remote] DEBUG org.asynchttpclient.netty.request.NettyRequestSender - Using pooled Channel '[id: 0xc97371c8, L:/127.0.0.1:64643 - R:localhost/127.0.0.1:5264]' for 'POST' to 'http://localhost:5264/session/0c55b55dfade35fb26b0e489741daf67/execute/sync'
18:43:08.006 [Forwarding getPageSource on session 0c55b55dfade35fb26b0e489741daf67 to remote] DEBUG org.asynchttpclient.netty.request.NettyRequestSender - Using open Channel [id: 0xc97371c8, L:/127.0.0.1:64643 - R:localhost/127.0.0.1:5264] for POST '/session/0c55b55dfade35fb26b0e489741daf67/execute/sync'
18:43:08.049 [AsyncHttpClient-1-2] DEBUG org.asynchttpclient.netty.handler.HttpHandler - 

Request DefaultHttpRequest(decodeResult: success, version: HTTP/1.1)
POST /session/0c55b55dfade35fb26b0e489741daf67/execute/sync HTTP/1.1
User-Agent: selenium/4.8.1 (java windows)
Content-Length: 176
Content-Type: application/json; charset=utf-8
host: localhost:5264
accept: */*

Response DefaultHttpResponse(decodeResult: success, version: HTTP/1.1)
HTTP/1.1 200 OK
Content-Length: 904744
Content-Type: application/json; charset=utf-8
cache-control: no-cache

18:43:08.051 [AsyncHttpClient-1-2] DEBUG org.asynchttpclient.netty.channel.ChannelManager - Adding key: http://localhost:5264 for channel [id: 0xc97371c8, L:/127.0.0.1:64643 - R:localhost/127.0.0.1:5264]
18:43:08.127 [Forwarding getCurrentUrl on session 0c55b55dfade35fb26b0e489741daf67 to remote] DEBUG org.asynchttpclient.netty.request.NettyRequestSender - Using pooled Channel '[id: 0xc97371c8, L:/127.0.0.1:64643 - R:localhost/127.0.0.1:5264]' for 'GET' to 'http://localhost:5264/session/0c55b55dfade35fb26b0e489741daf67/url'
18:43:08.127 [Forwarding getCurrentUrl on session 0c55b55dfade35fb26b0e489741daf67 to remote] DEBUG org.asynchttpclient.netty.request.NettyRequestSender - Using open Channel [id: 0xc97371c8, L:/127.0.0.1:64643 - R:localhost/127.0.0.1:5264] for GET '/session/0c55b55dfade35fb26b0e489741daf67/url'
18:43:08.134 [AsyncHttpClient-1-2] DEBUG org.asynchttpclient.netty.handler.HttpHandler - 

Request DefaultFullHttpRequest(decodeResult: success, version: HTTP/1.1, content: EmptyByteBufBE)
GET /session/0c55b55dfade35fb26b0e489741daf67/url HTTP/1.1
User-Agent: selenium/4.8.1 (java windows)
Cache-Control: no-cache
Content-Type: application/json; charset=utf-8
host: localhost:5264
accept: */*

Response DefaultHttpResponse(decodeResult: success, version: HTTP/1.1)
HTTP/1.1 200 OK
Content-Length: 41
Content-Type: application/json; charset=utf-8
cache-control: no-cache

18:43:08.134 [AsyncHttpClient-1-2] DEBUG org.asynchttpclient.netty.channel.ChannelManager - Adding key: http://localhost:5264 for channel [id: 0xc97371c8, L:/127.0.0.1:64643 - R:localhost/127.0.0.1:5264]
18:43:08.146 [Forwarding getAlertText on session 0c55b55dfade35fb26b0e489741daf67 to remote] DEBUG org.asynchttpclient.netty.request.NettyRequestSender - Using pooled Channel '[id: 0xc97371c8, L:/127.0.0.1:64643 - R:localhost/127.0.0.1:5264]' for 'GET' to 'http://localhost:5264/session/0c55b55dfade35fb26b0e489741daf67/alert/text'
18:43:08.146 [Forwarding getAlertText on session 0c55b55dfade35fb26b0e489741daf67 to remote] DEBUG org.asynchttpclient.netty.request.NettyRequestSender - Using open Channel [id: 0xc97371c8, L:/127.0.0.1:64643 - R:localhost/127.0.0.1:5264] for GET '/session/0c55b55dfade35fb26b0e489741daf67/alert/text'
18:43:08.151 [AsyncHttpClient-1-2] DEBUG org.asynchttpclient.netty.handler.HttpHandler - 

Request DefaultFullHttpRequest(decodeResult: success, version: HTTP/1.1, content: EmptyByteBufBE)
GET /session/0c55b55dfade35fb26b0e489741daf67/alert/text HTTP/1.1
User-Agent: selenium/4.8.1 (java windows)
Cache-Control: no-cache
Content-Type: application/json; charset=utf-8
host: localhost:5264
accept: */*

Response DefaultHttpResponse(decodeResult: success, version: HTTP/1.1)
HTTP/1.1 404 Not Found
Content-Length: 821
Content-Type: application/json; charset=utf-8
cache-control: no-cache

18:43:08.151 [AsyncHttpClient-1-2] DEBUG org.asynchttpclient.netty.channel.ChannelManager - Adding key: http://localhost:5264 for channel [id: 0xc97371c8, L:/127.0.0.1:64643 - R:localhost/127.0.0.1:5264]
18:43:08.152 [Forwarding getCurrentUrl on session 0c55b55dfade35fb26b0e489741daf67 to remote] DEBUG org.asynchttpclient.netty.request.NettyRequestSender - Using pooled Channel '[id: 0xc97371c8, L:/127.0.0.1:64643 - R:localhost/127.0.0.1:5264]' for 'GET' to 'http://localhost:5264/session/0c55b55dfade35fb26b0e489741daf67/url'
18:43:08.154 [Forwarding getCurrentUrl on session 0c55b55dfade35fb26b0e489741daf67 to remote] DEBUG org.asynchttpclient.netty.request.NettyRequestSender - Using open Channel [id: 0xc97371c8, L:/127.0.0.1:64643 - R:localhost/127.0.0.1:5264] for GET '/session/0c55b55dfade35fb26b0e489741daf67/url'
18:43:08.156 [AsyncHttpClient-1-2] DEBUG org.asynchttpclient.netty.handler.HttpHandler - 

Request DefaultFullHttpRequest(decodeResult: success, version: HTTP/1.1, content: EmptyByteBufBE)
GET /session/0c55b55dfade35fb26b0e489741daf67/url HTTP/1.1
User-Agent: selenium/4.8.1 (java windows)
Cache-Control: no-cache
Content-Type: application/json; charset=utf-8
host: localhost:5264
accept: */*

Response DefaultHttpResponse(decodeResult: success, version: HTTP/1.1)
HTTP/1.1 200 OK
Content-Length: 41
Content-Type: application/json; charset=utf-8
cache-control: no-cache

18:43:08.156 [AsyncHttpClient-1-2] DEBUG org.asynchttpclient.netty.channel.ChannelManager - Adding key: http://localhost:5264 for channel [id: 0xc97371c8, L:/127.0.0.1:64643 - R:localhost/127.0.0.1:5264]
18:43:08.157 [Forwarding screenshot on session 0c55b55dfade35fb26b0e489741daf67 to remote] DEBUG org.asynchttpclient.netty.request.NettyRequestSender - Using pooled Channel '[id: 0xc97371c8, L:/127.0.0.1:64643 - R:localhost/127.0.0.1:5264]' for 'GET' to 'http://localhost:5264/session/0c55b55dfade35fb26b0e489741daf67/screenshot'
18:43:08.157 [Forwarding screenshot on session 0c55b55dfade35fb26b0e489741daf67 to remote] DEBUG org.asynchttpclient.netty.request.NettyRequestSender - Using open Channel [id: 0xc97371c8, L:/127.0.0.1:64643 - R:localhost/127.0.0.1:5264] for GET '/session/0c55b55dfade35fb26b0e489741daf67/screenshot'
18:43:08.279 [AsyncHttpClient-1-2] DEBUG org.asynchttpclient.netty.handler.HttpHandler - 

Request DefaultFullHttpRequest(decodeResult: success, version: HTTP/1.1, content: EmptyByteBufBE)
GET /session/0c55b55dfade35fb26b0e489741daf67/screenshot HTTP/1.1
User-Agent: selenium/4.8.1 (java windows)
Cache-Control: no-cache
Content-Type: application/json; charset=utf-8
host: localhost:5264
accept: */*

Response DefaultHttpResponse(decodeResult: success, version: HTTP/1.1)
HTTP/1.1 200 OK
Content-Length: 97880
Content-Type: application/json; charset=utf-8
cache-control: no-cache

18:43:08.280 [AsyncHttpClient-1-2] DEBUG org.asynchttpclient.netty.channel.ChannelManager - Adding key: http://localhost:5264 for channel [id: 0xc97371c8, L:/127.0.0.1:64643 - R:localhost/127.0.0.1:5264]
18:43:08.284 [main] DEBUG net.serenitybdd.core.photography.Darkroom - Send negative for processing for target\site\serenity\2937cf96117f6e1a0aeb31e18749607fd70feadbfa97e20eca705147dc805aa9.png
18:43:08.284 [Darkroom Processing Line] DEBUG net.serenitybdd.core.photography.DarkroomProcessingLine - Processing screenshot image in /var/screenshots/screenshot-6424972754851005808
18:43:08.285 [Darkroom Processing Line] DEBUG net.serenitybdd.core.photography.DarkroomProcessingLine - Saving screenshot to target\site\serenity\2937cf96117f6e1a0aeb31e18749607fd70feadbfa97e20eca705147dc805aa9.png
18:43:08.288 [Forwarding getPageSource on session 0c55b55dfade35fb26b0e489741daf67 to remote] DEBUG org.asynchttpclient.netty.request.NettyRequestSender - Using pooled Channel '[id: 0xc97371c8, L:/127.0.0.1:64643 - R:localhost/127.0.0.1:5264]' for 'POST' to 'http://localhost:5264/session/0c55b55dfade35fb26b0e489741daf67/execute/sync'
18:43:08.288 [Forwarding getPageSource on session 0c55b55dfade35fb26b0e489741daf67 to remote] DEBUG org.asynchttpclient.netty.request.NettyRequestSender - Using open Channel [id: 0xc97371c8, L:/127.0.0.1:64643 - R:localhost/127.0.0.1:5264] for POST '/session/0c55b55dfade35fb26b0e489741daf67/execute/sync'
18:43:08.357 [AsyncHttpClient-1-2] DEBUG org.asynchttpclient.netty.handler.HttpHandler - 

Request DefaultHttpRequest(decodeResult: success, version: HTTP/1.1)
POST /session/0c55b55dfade35fb26b0e489741daf67/execute/sync HTTP/1.1
User-Agent: selenium/4.8.1 (java windows)
Content-Length: 176
Content-Type: application/json; charset=utf-8
host: localhost:5264
accept: */*

Response DefaultHttpResponse(decodeResult: success, version: HTTP/1.1)
HTTP/1.1 200 OK
Content-Length: 904343
Content-Type: application/json; charset=utf-8
cache-control: no-cache

18:43:08.361 [AsyncHttpClient-1-2] DEBUG org.asynchttpclient.netty.channel.ChannelManager - Adding key: http://localhost:5264 for channel [id: 0xc97371c8, L:/127.0.0.1:64643 - R:localhost/127.0.0.1:5264]
18:43:08.435 [Forwarding getCurrentUrl on session 0c55b55dfade35fb26b0e489741daf67 to remote] DEBUG org.asynchttpclient.netty.request.NettyRequestSender - Using pooled Channel '[id: 0xc97371c8, L:/127.0.0.1:64643 - R:localhost/127.0.0.1:5264]' for 'GET' to 'http://localhost:5264/session/0c55b55dfade35fb26b0e489741daf67/url'
18:43:08.435 [Forwarding getCurrentUrl on session 0c55b55dfade35fb26b0e489741daf67 to remote] DEBUG org.asynchttpclient.netty.request.NettyRequestSender - Using open Channel [id: 0xc97371c8, L:/127.0.0.1:64643 - R:localhost/127.0.0.1:5264] for GET '/session/0c55b55dfade35fb26b0e489741daf67/url'
18:43:08.439 [AsyncHttpClient-1-2] DEBUG org.asynchttpclient.netty.handler.HttpHandler - 

Request DefaultFullHttpRequest(decodeResult: success, version: HTTP/1.1, content: EmptyByteBufBE)
GET /session/0c55b55dfade35fb26b0e489741daf67/url HTTP/1.1
User-Agent: selenium/4.8.1 (java windows)
Cache-Control: no-cache
Content-Type: application/json; charset=utf-8
host: localhost:5264
accept: */*

Response DefaultHttpResponse(decodeResult: success, version: HTTP/1.1)
HTTP/1.1 200 OK
Content-Length: 41
Content-Type: application/json; charset=utf-8
cache-control: no-cache

18:43:08.439 [AsyncHttpClient-1-2] DEBUG org.asynchttpclient.netty.channel.ChannelManager - Adding key: http://localhost:5264 for channel [id: 0xc97371c8, L:/127.0.0.1:64643 - R:localhost/127.0.0.1:5264]
18:43:08.445 [main] DEBUG net.thucydides.core.steps.StepInterceptor - STARTING STEP: AddToCartPosSteps.clickCartIcon - clickCartIcon
18:43:08.448 [Forwarding findElement on session 0c55b55dfade35fb26b0e489741daf67 to remote] DEBUG org.asynchttpclient.netty.request.NettyRequestSender - Using pooled Channel '[id: 0xc97371c8, L:/127.0.0.1:64643 - R:localhost/127.0.0.1:5264]' for 'POST' to 'http://localhost:5264/session/0c55b55dfade35fb26b0e489741daf67/element'
18:43:08.448 [Forwarding findElement on session 0c55b55dfade35fb26b0e489741daf67 to remote] DEBUG org.asynchttpclient.netty.request.NettyRequestSender - Using open Channel [id: 0xc97371c8, L:/127.0.0.1:64643 - R:localhost/127.0.0.1:5264] for POST '/session/0c55b55dfade35fb26b0e489741daf67/element'
18:43:08.462 [AsyncHttpClient-1-2] DEBUG org.asynchttpclient.netty.handler.HttpHandler - 

Request DefaultHttpRequest(decodeResult: success, version: HTTP/1.1)
POST /session/0c55b55dfade35fb26b0e489741daf67/element HTTP/1.1
User-Agent: selenium/4.8.1 (java windows)
Content-Length: 209
Content-Type: application/json; charset=utf-8
host: localhost:5264
accept: */*

Response DefaultHttpResponse(decodeResult: success, version: HTTP/1.1)
HTTP/1.1 200 OK
Content-Length: 88
Content-Type: application/json; charset=utf-8
cache-control: no-cache

18:43:08.463 [AsyncHttpClient-1-2] DEBUG org.asynchttpclient.netty.channel.ChannelManager - Adding key: http://localhost:5264 for channel [id: 0xc97371c8, L:/127.0.0.1:64643 - R:localhost/127.0.0.1:5264]
18:43:08.464 [Forwarding getElementTagName on session 0c55b55dfade35fb26b0e489741daf67 to remote] DEBUG org.asynchttpclient.netty.request.NettyRequestSender - Using pooled Channel '[id: 0xc97371c8, L:/127.0.0.1:64643 - R:localhost/127.0.0.1:5264]' for 'GET' to 'http://localhost:5264/session/0c55b55dfade35fb26b0e489741daf67/element/c4e18c91-86c7-49cb-9912-5908c43109a6/name'
18:43:08.464 [Forwarding getElementTagName on session 0c55b55dfade35fb26b0e489741daf67 to remote] DEBUG org.asynchttpclient.netty.request.NettyRequestSender - Using open Channel [id: 0xc97371c8, L:/127.0.0.1:64643 - R:localhost/127.0.0.1:5264] for GET '/session/0c55b55dfade35fb26b0e489741daf67/element/c4e18c91-86c7-49cb-9912-5908c43109a6/name'
18:43:08.468 [AsyncHttpClient-1-2] DEBUG org.asynchttpclient.netty.handler.HttpHandler - 

Request DefaultFullHttpRequest(decodeResult: success, version: HTTP/1.1, content: EmptyByteBufBE)
GET /session/0c55b55dfade35fb26b0e489741daf67/element/c4e18c91-86c7-49cb-9912-5908c43109a6/name HTTP/1.1
User-Agent: selenium/4.8.1 (java windows)
Cache-Control: no-cache
Content-Type: application/json; charset=utf-8
host: localhost:5264
accept: */*

Response DefaultHttpResponse(decodeResult: success, version: HTTP/1.1)
HTTP/1.1 200 OK
Content-Length: 13
Content-Type: application/json; charset=utf-8
cache-control: no-cache

18:43:08.468 [AsyncHttpClient-1-2] DEBUG org.asynchttpclient.netty.channel.ChannelManager - Adding key: http://localhost:5264 for channel [id: 0xc97371c8, L:/127.0.0.1:64643 - R:localhost/127.0.0.1:5264]
18:43:08.470 [Forwarding getElementTagName on session 0c55b55dfade35fb26b0e489741daf67 to remote] DEBUG org.asynchttpclient.netty.request.NettyRequestSender - Using pooled Channel '[id: 0xc97371c8, L:/127.0.0.1:64643 - R:localhost/127.0.0.1:5264]' for 'GET' to 'http://localhost:5264/session/0c55b55dfade35fb26b0e489741daf67/element/c4e18c91-86c7-49cb-9912-5908c43109a6/name'
18:43:08.470 [Forwarding getElementTagName on session 0c55b55dfade35fb26b0e489741daf67 to remote] DEBUG org.asynchttpclient.netty.request.NettyRequestSender - Using open Channel [id: 0xc97371c8, L:/127.0.0.1:64643 - R:localhost/127.0.0.1:5264] for GET '/session/0c55b55dfade35fb26b0e489741daf67/element/c4e18c91-86c7-49cb-9912-5908c43109a6/name'
18:43:08.472 [AsyncHttpClient-1-2] DEBUG org.asynchttpclient.netty.handler.HttpHandler - 

Request DefaultFullHttpRequest(decodeResult: success, version: HTTP/1.1, content: EmptyByteBufBE)
GET /session/0c55b55dfade35fb26b0e489741daf67/element/c4e18c91-86c7-49cb-9912-5908c43109a6/name HTTP/1.1
User-Agent: selenium/4.8.1 (java windows)
Cache-Control: no-cache
Content-Type: application/json; charset=utf-8
host: localhost:5264
accept: */*

Response DefaultHttpResponse(decodeResult: success, version: HTTP/1.1)
HTTP/1.1 200 OK
Content-Length: 13
Content-Type: application/json; charset=utf-8
cache-control: no-cache

18:43:08.472 [AsyncHttpClient-1-2] DEBUG org.asynchttpclient.netty.channel.ChannelManager - Adding key: http://localhost:5264 for channel [id: 0xc97371c8, L:/127.0.0.1:64643 - R:localhost/127.0.0.1:5264]
18:43:08.473 [Forwarding findElement on session 0c55b55dfade35fb26b0e489741daf67 to remote] DEBUG org.asynchttpclient.netty.request.NettyRequestSender - Using pooled Channel '[id: 0xc97371c8, L:/127.0.0.1:64643 - R:localhost/127.0.0.1:5264]' for 'POST' to 'http://localhost:5264/session/0c55b55dfade35fb26b0e489741daf67/element'
18:43:08.474 [Forwarding findElement on session 0c55b55dfade35fb26b0e489741daf67 to remote] DEBUG org.asynchttpclient.netty.request.NettyRequestSender - Using open Channel [id: 0xc97371c8, L:/127.0.0.1:64643 - R:localhost/127.0.0.1:5264] for POST '/session/0c55b55dfade35fb26b0e489741daf67/element'
18:43:08.483 [AsyncHttpClient-1-2] DEBUG org.asynchttpclient.netty.handler.HttpHandler - 

Request DefaultHttpRequest(decodeResult: success, version: HTTP/1.1)
POST /session/0c55b55dfade35fb26b0e489741daf67/element HTTP/1.1
User-Agent: selenium/4.8.1 (java windows)
Content-Length: 209
Content-Type: application/json; charset=utf-8
host: localhost:5264
accept: */*

Response DefaultHttpResponse(decodeResult: success, version: HTTP/1.1)
HTTP/1.1 200 OK
Content-Length: 88
Content-Type: application/json; charset=utf-8
cache-control: no-cache

18:43:08.483 [AsyncHttpClient-1-2] DEBUG org.asynchttpclient.netty.channel.ChannelManager - Adding key: http://localhost:5264 for channel [id: 0xc97371c8, L:/127.0.0.1:64643 - R:localhost/127.0.0.1:5264]
18:43:08.485 [Forwarding clickElement on session 0c55b55dfade35fb26b0e489741daf67 to remote] DEBUG org.asynchttpclient.netty.request.NettyRequestSender - Using pooled Channel '[id: 0xc97371c8, L:/127.0.0.1:64643 - R:localhost/127.0.0.1:5264]' for 'POST' to 'http://localhost:5264/session/0c55b55dfade35fb26b0e489741daf67/element/c4e18c91-86c7-49cb-9912-5908c43109a6/click'
18:43:08.485 [Forwarding clickElement on session 0c55b55dfade35fb26b0e489741daf67 to remote] DEBUG org.asynchttpclient.netty.request.NettyRequestSender - Using open Channel [id: 0xc97371c8, L:/127.0.0.1:64643 - R:localhost/127.0.0.1:5264] for POST '/session/0c55b55dfade35fb26b0e489741daf67/element/c4e18c91-86c7-49cb-9912-5908c43109a6/click'
18:43:08.536 [AsyncHttpClient-1-2] DEBUG org.asynchttpclient.netty.handler.HttpHandler - 

Request DefaultHttpRequest(decodeResult: success, version: HTTP/1.1)
POST /session/0c55b55dfade35fb26b0e489741daf67/element/c4e18c91-86c7-49cb-9912-5908c43109a6/click HTTP/1.1
User-Agent: selenium/4.8.1 (java windows)
Content-Length: 50
Content-Type: application/json; charset=utf-8
host: localhost:5264
accept: */*

Response DefaultHttpResponse(decodeResult: success, version: HTTP/1.1)
HTTP/1.1 200 OK
Content-Length: 14
Content-Type: application/json; charset=utf-8
cache-control: no-cache

18:43:08.536 [AsyncHttpClient-1-2] DEBUG org.asynchttpclient.netty.channel.ChannelManager - Adding key: http://localhost:5264 for channel [id: 0xc97371c8, L:/127.0.0.1:64643 - R:localhost/127.0.0.1:5264]
18:43:08.543 [Forwarding getAlertText on session 0c55b55dfade35fb26b0e489741daf67 to remote] DEBUG org.asynchttpclient.netty.request.NettyRequestSender - Using pooled Channel '[id: 0xc97371c8, L:/127.0.0.1:64643 - R:localhost/127.0.0.1:5264]' for 'GET' to 'http://localhost:5264/session/0c55b55dfade35fb26b0e489741daf67/alert/text'
18:43:08.543 [Forwarding getAlertText on session 0c55b55dfade35fb26b0e489741daf67 to remote] DEBUG org.asynchttpclient.netty.request.NettyRequestSender - Using open Channel [id: 0xc97371c8, L:/127.0.0.1:64643 - R:localhost/127.0.0.1:5264] for GET '/session/0c55b55dfade35fb26b0e489741daf67/alert/text'
18:43:08.793 [AsyncHttpClient-1-1] DEBUG org.asynchttpclient.netty.channel.DefaultChannelPool - Entry count for : http://localhost:64645 : 1
18:43:08.795 [AsyncHttpClient-1-2] DEBUG org.asynchttpclient.netty.handler.HttpHandler - 

Request DefaultFullHttpRequest(decodeResult: success, version: HTTP/1.1, content: EmptyByteBufBE)
GET /session/0c55b55dfade35fb26b0e489741daf67/alert/text HTTP/1.1
User-Agent: selenium/4.8.1 (java windows)
Cache-Control: no-cache
Content-Type: application/json; charset=utf-8
host: localhost:5264
accept: */*

Response DefaultHttpResponse(decodeResult: success, version: HTTP/1.1)
HTTP/1.1 404 Not Found
Content-Length: 821
Content-Type: application/json; charset=utf-8
cache-control: no-cache

18:43:08.795 [AsyncHttpClient-1-2] DEBUG org.asynchttpclient.netty.channel.ChannelManager - Adding key: http://localhost:5264 for channel [id: 0xc97371c8, L:/127.0.0.1:64643 - R:localhost/127.0.0.1:5264]
18:43:08.797 [Forwarding getCurrentUrl on session 0c55b55dfade35fb26b0e489741daf67 to remote] DEBUG org.asynchttpclient.netty.request.NettyRequestSender - Using pooled Channel '[id: 0xc97371c8, L:/127.0.0.1:64643 - R:localhost/127.0.0.1:5264]' for 'GET' to 'http://localhost:5264/session/0c55b55dfade35fb26b0e489741daf67/url'
18:43:08.797 [Forwarding getCurrentUrl on session 0c55b55dfade35fb26b0e489741daf67 to remote] DEBUG org.asynchttpclient.netty.request.NettyRequestSender - Using open Channel [id: 0xc97371c8, L:/127.0.0.1:64643 - R:localhost/127.0.0.1:5264] for GET '/session/0c55b55dfade35fb26b0e489741daf67/url'
18:43:08.800 [AsyncHttpClient-1-2] DEBUG org.asynchttpclient.netty.handler.HttpHandler - 

Request DefaultFullHttpRequest(decodeResult: success, version: HTTP/1.1, content: EmptyByteBufBE)
GET /session/0c55b55dfade35fb26b0e489741daf67/url HTTP/1.1
User-Agent: selenium/4.8.1 (java windows)
Cache-Control: no-cache
Content-Type: application/json; charset=utf-8
host: localhost:5264
accept: */*

Response DefaultHttpResponse(decodeResult: success, version: HTTP/1.1)
HTTP/1.1 200 OK
Content-Length: 46
Content-Type: application/json; charset=utf-8
cache-control: no-cache

18:43:08.800 [AsyncHttpClient-1-2] DEBUG org.asynchttpclient.netty.channel.ChannelManager - Adding key: http://localhost:5264 for channel [id: 0xc97371c8, L:/127.0.0.1:64643 - R:localhost/127.0.0.1:5264]
18:43:08.800 [Forwarding screenshot on session 0c55b55dfade35fb26b0e489741daf67 to remote] DEBUG org.asynchttpclient.netty.request.NettyRequestSender - Using pooled Channel '[id: 0xc97371c8, L:/127.0.0.1:64643 - R:localhost/127.0.0.1:5264]' for 'GET' to 'http://localhost:5264/session/0c55b55dfade35fb26b0e489741daf67/screenshot'
18:43:08.802 [Forwarding screenshot on session 0c55b55dfade35fb26b0e489741daf67 to remote] DEBUG org.asynchttpclient.netty.request.NettyRequestSender - Using open Channel [id: 0xc97371c8, L:/127.0.0.1:64643 - R:localhost/127.0.0.1:5264] for GET '/session/0c55b55dfade35fb26b0e489741daf67/screenshot'
18:43:08.906 [AsyncHttpClient-1-2] DEBUG org.asynchttpclient.netty.handler.HttpHandler - 

Request DefaultFullHttpRequest(decodeResult: success, version: HTTP/1.1, content: EmptyByteBufBE)
GET /session/0c55b55dfade35fb26b0e489741daf67/screenshot HTTP/1.1
User-Agent: selenium/4.8.1 (java windows)
Cache-Control: no-cache
Content-Type: application/json; charset=utf-8
host: localhost:5264
accept: */*

Response DefaultHttpResponse(decodeResult: success, version: HTTP/1.1)
HTTP/1.1 200 OK
Content-Length: 36656
Content-Type: application/json; charset=utf-8
cache-control: no-cache

18:43:08.906 [AsyncHttpClient-1-2] DEBUG org.asynchttpclient.netty.channel.ChannelManager - Adding key: http://localhost:5264 for channel [id: 0xc97371c8, L:/127.0.0.1:64643 - R:localhost/127.0.0.1:5264]
18:43:08.908 [main] DEBUG net.serenitybdd.core.photography.Darkroom - Send negative for processing for target\site\serenity\6ef1f3422a4fc54f8ed7dd99ab9a1d5f5866559fff07b05b9b7054d8e0189e8e.png
18:43:08.908 [main] DEBUG net.thucydides.core.steps.StepInterceptor - STEP DONE: clickCartIcon
18:43:08.908 [Darkroom Processing Line] DEBUG net.serenitybdd.core.photography.DarkroomProcessingLine - Processing screenshot image in /var/screenshots/screenshot-15181101247772455407
  &amp#27;[32mAnd &amp#27;[0m&amp#27;[32mI click cart icon&amp#27;[0m                                       &amp#27;[90m# starter.stepDefinition.AddToCartPosSteps.clickCartIcon()&amp#27;[0m
18:43:08.908 [Darkroom Processing Line] DEBUG net.serenitybdd.core.photography.DarkroomProcessingLine - Saving screenshot to target\site\serenity\6ef1f3422a4fc54f8ed7dd99ab9a1d5f5866559fff07b05b9b7054d8e0189e8e.png
18:43:08.917 [Forwarding getPageSource on session 0c55b55dfade35fb26b0e489741daf67 to remote] DEBUG org.asynchttpclient.netty.request.NettyRequestSender - Using pooled Channel '[id: 0xc97371c8, L:/127.0.0.1:64643 - R:localhost/127.0.0.1:5264]' for 'POST' to 'http://localhost:5264/session/0c55b55dfade35fb26b0e489741daf67/execute/sync'
18:43:08.917 [Forwarding getPageSource on session 0c55b55dfade35fb26b0e489741daf67 to remote] DEBUG org.asynchttpclient.netty.request.NettyRequestSender - Using open Channel [id: 0xc97371c8, L:/127.0.0.1:64643 - R:localhost/127.0.0.1:5264] for POST '/session/0c55b55dfade35fb26b0e489741daf67/execute/sync'
18:43:08.926 [AsyncHttpClient-1-2] DEBUG org.asynchttpclient.netty.handler.HttpHandler - 

Request DefaultHttpRequest(decodeResult: success, version: HTTP/1.1)
POST /session/0c55b55dfade35fb26b0e489741daf67/execute/sync HTTP/1.1
User-Agent: selenium/4.8.1 (java windows)
Content-Length: 176
Content-Type: application/json; charset=utf-8
host: localhost:5264
accept: */*

Response DefaultHttpResponse(decodeResult: success, version: HTTP/1.1)
HTTP/1.1 200 OK
Content-Length: 22025
Content-Type: application/json; charset=utf-8
cache-control: no-cache

18:43:08.926 [AsyncHttpClient-1-2] DEBUG org.asynchttpclient.netty.channel.ChannelManager - Adding key: http://localhost:5264 for channel [id: 0xc97371c8, L:/127.0.0.1:64643 - R:localhost/127.0.0.1:5264]
18:43:08.928 [Forwarding getCurrentUrl on session 0c55b55dfade35fb26b0e489741daf67 to remote] DEBUG org.asynchttpclient.netty.request.NettyRequestSender - Using pooled Channel '[id: 0xc97371c8, L:/127.0.0.1:64643 - R:localhost/127.0.0.1:5264]' for 'GET' to 'http://localhost:5264/session/0c55b55dfade35fb26b0e489741daf67/url'
18:43:08.928 [Forwarding getCurrentUrl on session 0c55b55dfade35fb26b0e489741daf67 to remote] DEBUG org.asynchttpclient.netty.request.NettyRequestSender - Using open Channel [id: 0xc97371c8, L:/127.0.0.1:64643 - R:localhost/127.0.0.1:5264] for GET '/session/0c55b55dfade35fb26b0e489741daf67/url'
18:43:08.931 [AsyncHttpClient-1-2] DEBUG org.asynchttpclient.netty.handler.HttpHandler - 

Request DefaultFullHttpRequest(decodeResult: success, version: HTTP/1.1, content: EmptyByteBufBE)
GET /session/0c55b55dfade35fb26b0e489741daf67/url HTTP/1.1
User-Agent: selenium/4.8.1 (java windows)
Cache-Control: no-cache
Content-Type: application/json; charset=utf-8
host: localhost:5264
accept: */*

Response DefaultHttpResponse(decodeResult: success, version: HTTP/1.1)
HTTP/1.1 200 OK
Content-Length: 46
Content-Type: application/json; charset=utf-8
cache-control: no-cache

18:43:08.931 [AsyncHttpClient-1-2] DEBUG org.asynchttpclient.netty.channel.ChannelManager - Adding key: http://localhost:5264 for channel [id: 0xc97371c8, L:/127.0.0.1:64643 - R:localhost/127.0.0.1:5264]
18:43:08.982 [Forwarding findElement on session 0c55b55dfade35fb26b0e489741daf67 to remote] DEBUG org.asynchttpclient.netty.request.NettyRequestSender - Using pooled Channel '[id: 0xc97371c8, L:/127.0.0.1:64643 - R:localhost/127.0.0.1:5264]' for 'POST' to 'http://localhost:5264/session/0c55b55dfade35fb26b0e489741daf67/element'
18:43:08.983 [Forwarding findElement on session 0c55b55dfade35fb26b0e489741daf67 to remote] DEBUG org.asynchttpclient.netty.request.NettyRequestSender - Using open Channel [id: 0xc97371c8, L:/127.0.0.1:64643 - R:localhost/127.0.0.1:5264] for POST '/session/0c55b55dfade35fb26b0e489741daf67/element'
18:43:09.062 [AsyncHttpClient-1-2] DEBUG org.asynchttpclient.netty.handler.HttpHandler - 

Request DefaultHttpRequest(decodeResult: success, version: HTTP/1.1)
POST /session/0c55b55dfade35fb26b0e489741daf67/element HTTP/1.1
User-Agent: selenium/4.8.1 (java windows)
Content-Length: 209
Content-Type: application/json; charset=utf-8
host: localhost:5264
accept: */*

Response DefaultHttpResponse(decodeResult: success, version: HTTP/1.1)
HTTP/1.1 200 OK
Content-Length: 88
Content-Type: application/json; charset=utf-8
cache-control: no-cache

18:43:09.062 [AsyncHttpClient-1-2] DEBUG org.asynchttpclient.netty.channel.ChannelManager - Adding key: http://localhost:5264 for channel [id: 0xc97371c8, L:/127.0.0.1:64643 - R:localhost/127.0.0.1:5264]
18:43:09.067 [Forwarding isElementDisplayed on session 0c55b55dfade35fb26b0e489741daf67 to remote] DEBUG org.asynchttpclient.netty.request.NettyRequestSender - Using pooled Channel '[id: 0xc97371c8, L:/127.0.0.1:64643 - R:localhost/127.0.0.1:5264]' for 'POST' to 'http://localhost:5264/session/0c55b55dfade35fb26b0e489741daf67/execute/sync'
18:43:09.067 [Forwarding isElementDisplayed on session 0c55b55dfade35fb26b0e489741daf67 to remote] DEBUG org.asynchttpclient.netty.request.NettyRequestSender - Using open Channel [id: 0xc97371c8, L:/127.0.0.1:64643 - R:localhost/127.0.0.1:5264] for POST '/session/0c55b55dfade35fb26b0e489741daf67/execute/sync'
18:43:09.079 [AsyncHttpClient-1-2] DEBUG org.asynchttpclient.netty.handler.HttpHandler - 

Request DefaultHttpRequest(decodeResult: success, version: HTTP/1.1)
POST /session/0c55b55dfade35fb26b0e489741daf67/execute/sync HTTP/1.1
User-Agent: selenium/4.8.1 (java windows)
Content-Length: 48807
Content-Type: application/json; charset=utf-8
host: localhost:5264
accept: */*

Response DefaultHttpResponse(decodeResult: success, version: HTTP/1.1)
HTTP/1.1 200 OK
Content-Length: 14
Content-Type: application/json; charset=utf-8
cache-control: no-cache

18:43:09.079 [AsyncHttpClient-1-2] DEBUG org.asynchttpclient.netty.channel.ChannelManager - Adding key: http://localhost:5264 for channel [id: 0xc97371c8, L:/127.0.0.1:64643 - R:localhost/127.0.0.1:5264]
  &amp#27;[32mThen &amp#27;[0m&amp#27;[32mI have my product on the cart&amp#27;[0m                          &amp#27;[90m# starter.stepDefinition.AddToCartPosSteps.validateOnCartPage()&amp#27;[0m
18:43:09.084 [Forwarding getAlertText on session 0c55b55dfade35fb26b0e489741daf67 to remote] DEBUG org.asynchttpclient.netty.request.NettyRequestSender - Using pooled Channel '[id: 0xc97371c8, L:/127.0.0.1:64643 - R:localhost/127.0.0.1:5264]' for 'GET' to 'http://localhost:5264/session/0c55b55dfade35fb26b0e489741daf67/alert/text'
18:43:09.084 [Forwarding getAlertText on session 0c55b55dfade35fb26b0e489741daf67 to remote] DEBUG org.asynchttpclient.netty.request.NettyRequestSender - Using open Channel [id: 0xc97371c8, L:/127.0.0.1:64643 - R:localhost/127.0.0.1:5264] for GET '/session/0c55b55dfade35fb26b0e489741daf67/alert/text'
18:43:09.086 [AsyncHttpClient-1-2] DEBUG org.asynchttpclient.netty.handler.HttpHandler - 

Request DefaultFullHttpRequest(decodeResult: success, version: HTTP/1.1, content: EmptyByteBufBE)
GET /session/0c55b55dfade35fb26b0e489741daf67/alert/text HTTP/1.1
User-Agent: selenium/4.8.1 (java windows)
Cache-Control: no-cache
Content-Type: application/json; charset=utf-8
host: localhost:5264
accept: */*

Response DefaultHttpResponse(decodeResult: success, version: HTTP/1.1)
HTTP/1.1 404 Not Found
Content-Length: 821
Content-Type: application/json; charset=utf-8
cache-control: no-cache

18:43:09.086 [AsyncHttpClient-1-2] DEBUG org.asynchttpclient.netty.channel.ChannelManager - Adding key: http://localhost:5264 for channel [id: 0xc97371c8, L:/127.0.0.1:64643 - R:localhost/127.0.0.1:5264]
18:43:09.087 [Forwarding getCurrentUrl on session 0c55b55dfade35fb26b0e489741daf67 to remote] DEBUG org.asynchttpclient.netty.request.NettyRequestSender - Using pooled Channel '[id: 0xc97371c8, L:/127.0.0.1:64643 - R:localhost/127.0.0.1:5264]' for 'GET' to 'http://localhost:5264/session/0c55b55dfade35fb26b0e489741daf67/url'
18:43:09.087 [Forwarding getCurrentUrl on session 0c55b55dfade35fb26b0e489741daf67 to remote] DEBUG org.asynchttpclient.netty.request.NettyRequestSender - Using open Channel [id: 0xc97371c8, L:/127.0.0.1:64643 - R:localhost/127.0.0.1:5264] for GET '/session/0c55b55dfade35fb26b0e489741daf67/url'
18:43:09.090 [AsyncHttpClient-1-2] DEBUG org.asynchttpclient.netty.handler.HttpHandler - 

Request DefaultFullHttpRequest(decodeResult: success, version: HTTP/1.1, content: EmptyByteBufBE)
GET /session/0c55b55dfade35fb26b0e489741daf67/url HTTP/1.1
User-Agent: selenium/4.8.1 (java windows)
Cache-Control: no-cache
Content-Type: application/json; charset=utf-8
host: localhost:5264
accept: */*

Response DefaultHttpResponse(decodeResult: success, version: HTTP/1.1)
HTTP/1.1 200 OK
Content-Length: 46
Content-Type: application/json; charset=utf-8
cache-control: no-cache

18:43:09.090 [AsyncHttpClient-1-2] DEBUG org.asynchttpclient.netty.channel.ChannelManager - Adding key: http://localhost:5264 for channel [id: 0xc97371c8, L:/127.0.0.1:64643 - R:localhost/127.0.0.1:5264]
18:43:09.091 [Forwarding screenshot on session 0c55b55dfade35fb26b0e489741daf67 to remote] DEBUG org.asynchttpclient.netty.request.NettyRequestSender - Using pooled Channel '[id: 0xc97371c8, L:/127.0.0.1:64643 - R:localhost/127.0.0.1:5264]' for 'GET' to 'http://localhost:5264/session/0c55b55dfade35fb26b0e489741daf67/screenshot'
18:43:09.091 [Forwarding screenshot on session 0c55b55dfade35fb26b0e489741daf67 to remote] DEBUG org.asynchttpclient.netty.request.NettyRequestSender - Using open Channel [id: 0xc97371c8, L:/127.0.0.1:64643 - R:localhost/127.0.0.1:5264] for GET '/session/0c55b55dfade35fb26b0e489741daf67/screenshot'
18:43:09.209 [AsyncHttpClient-1-2] DEBUG org.asynchttpclient.netty.handler.HttpHandler - 

Request DefaultFullHttpRequest(decodeResult: success, version: HTTP/1.1, content: EmptyByteBufBE)
GET /session/0c55b55dfade35fb26b0e489741daf67/screenshot HTTP/1.1
User-Agent: selenium/4.8.1 (java windows)
Cache-Control: no-cache
Content-Type: application/json; charset=utf-8
host: localhost:5264
accept: */*

Response DefaultHttpResponse(decodeResult: success, version: HTTP/1.1)
HTTP/1.1 200 OK
Content-Length: 36288
Content-Type: application/json; charset=utf-8
cache-control: no-cache

18:43:09.211 [AsyncHttpClient-1-2] DEBUG org.asynchttpclient.netty.channel.ChannelManager - Adding key: http://localhost:5264 for channel [id: 0xc97371c8, L:/127.0.0.1:64643 - R:localhost/127.0.0.1:5264]
18:43:09.212 [main] DEBUG net.serenitybdd.core.photography.Darkroom - Send negative for processing for target\site\serenity\7e34c3106e1cc8aab10c153be11f160ee0e6368be7a7c090a6995b376e1022c6.png
18:43:09.213 [Darkroom Processing Line] DEBUG net.serenitybdd.core.photography.DarkroomProcessingLine - Processing screenshot image in /var/screenshots/screenshot-3675807914289269605
18:43:09.213 [Darkroom Processing Line] DEBUG net.serenitybdd.core.photography.DarkroomProcessingLine - Saving screenshot to target\site\serenity\7e34c3106e1cc8aab10c153be11f160ee0e6368be7a7c090a6995b376e1022c6.png
18:43:09.216 [main] INFO  - 
  _____   ___   ___   _____     ___     _     ___   ___   ___   ___  
 |_   _| | __| / __| |_   _|   | _ \   /_\   / __| / __| | __| |   \ 
   | |   | _|  \__ \   | |     |  _/  / _ \  \__ \ \__ \ | _|  | |) |
   |_|   |___| |___/   |_|     |_|   /_/ \_\ |___/ |___/ |___| |___/ 

As user, I have be able to success add item to cart
----------------------------------------------------------------------
18:43:09.251 [Driver Command Executor] DEBUG org.asynchttpclient.netty.request.NettyRequestSender - Using pooled Channel '[id: 0xc97371c8, L:/127.0.0.1:64643 - R:localhost/127.0.0.1:5264]' for 'DELETE' to 'http://localhost:5264/session/0c55b55dfade35fb26b0e489741daf67'
18:43:09.251 [Driver Command Executor] DEBUG org.asynchttpclient.netty.request.NettyRequestSender - Using open Channel [id: 0xc97371c8, L:/127.0.0.1:64643 - R:localhost/127.0.0.1:5264] for DELETE '/session/0c55b55dfade35fb26b0e489741daf67'
18:43:09.253 [AsyncHttpClient-1-4] DEBUG org.asynchttpclient.netty.handler.WebSocketHandler - Channel Closed: [id: 0x8858a973, L:/127.0.0.1:64652 ! R:localhost/127.0.0.1:64645] with attribute NettyResponseFuture{currentRetry=0,
	isDone=1,
	isCancelled=0,
	asyncHandler=org.asynchttpclient.ws.WebSocketUpgradeHandler@28fb407,
	nettyRequest=org.asynchttpclient.netty.request.NettyRequest@540f48a2,
	future=java.util.concurrent.CompletableFuture@149406d6[Completed normally],
	uri=ws://localhost:64645/devtools/browser/aa4060c0-a31f-43fc-b7e5-ff18a4cd61a4,
	keepAlive=true,
	redirectCount=0,
	timeoutsHolder=null,
	inAuth=0,
	touch=1683632581470}
18:43:09.253 [AsyncHttpClient-1-4] DEBUG org.asynchttpclient.netty.channel.ChannelManager - Closing Channel [id: 0x8858a973, L:/127.0.0.1:64652 ! R:localhost/127.0.0.1:64645] 
18:43:09.313 [AsyncHttpClient-1-3] DEBUG org.asynchttpclient.netty.handler.HttpHandler - Unexpected I/O exception on channel [id: 0x0d4142ea, L:/127.0.0.1:64651 - R:localhost/127.0.0.1:64645]
java.net.SocketException: Connection reset
	at java.base/sun.nio.ch.SocketChannelImpl.throwConnectionReset(SocketChannelImpl.java:394)
	at java.base/sun.nio.ch.SocketChannelImpl.read(SocketChannelImpl.java:426)
	at io.netty.buffer.PooledByteBuf.setBytes(PooledByteBuf.java:259)
	at io.netty.buffer.AbstractByteBuf.writeBytes(AbstractByteBuf.java:1132)
	at io.netty.channel.socket.nio.NioSocketChannel.doReadBytes(NioSocketChannel.java:357)
	at io.netty.channel.nio.AbstractNioByteChannel$NioByteUnsafe.read(AbstractNioByteChannel.java:151)
	at io.netty.channel.nio.NioEventLoop.processSelectedKey(NioEventLoop.java:788)
	at io.netty.channel.nio.NioEventLoop.processSelectedKeysOptimized(NioEventLoop.java:724)
	at io.netty.channel.nio.NioEventLoop.processSelectedKeys(NioEventLoop.java:650)
	at io.netty.channel.nio.NioEventLoop.run(NioEventLoop.java:562)
	at io.netty.util.concurrent.SingleThreadEventExecutor$4.run(SingleThreadEventExecutor.java:997)
	at io.netty.util.internal.ThreadExecutorMap$2.run(ThreadExecutorMap.java:74)
	at io.netty.util.concurrent.FastThreadLocalRunnable.run(FastThreadLocalRunnable.java:30)
	at java.base/java.lang.Thread.run(Thread.java:833)
18:43:09.313 [AsyncHttpClient-1-3] DEBUG org.asynchttpclient.netty.channel.ChannelManager - Closing Channel [id: 0x0d4142ea, L:/127.0.0.1:64651 - R:localhost/127.0.0.1:64645] 
18:43:09.316 [AsyncHttpClient-1-3] DEBUG org.asynchttpclient.netty.handler.HttpHandler - Channel Closed: [id: 0x0d4142ea, L:/127.0.0.1:64651 ! R:localhost/127.0.0.1:64645] with attribute DISCARD
18:43:09.324 [AsyncHttpClient-1-2] DEBUG org.asynchttpclient.netty.handler.HttpHandler - 

Request DefaultFullHttpRequest(decodeResult: success, version: HTTP/1.1, content: EmptyByteBufBE)
DELETE /session/0c55b55dfade35fb26b0e489741daf67 HTTP/1.1
User-Agent: selenium/4.8.1 (java windows)
Content-Type: application/json; charset=utf-8
host: localhost:5264
accept: */*

Response DefaultHttpResponse(decodeResult: success, version: HTTP/1.1)
HTTP/1.1 200 OK
Content-Length: 14
Content-Type: application/json; charset=utf-8
cache-control: no-cache

18:43:09.324 [AsyncHttpClient-1-2] DEBUG org.asynchttpclient.netty.channel.ChannelManager - Adding key: http://localhost:5264 for channel [id: 0xc97371c8, L:/127.0.0.1:64643 - R:localhost/127.0.0.1:5264]
18:43:09.401 [AsyncHttpClient-1-2] DEBUG org.asynchttpclient.netty.handler.HttpHandler - Channel Closed: [id: 0xc97371c8, L:/127.0.0.1:64643 ! R:localhost/127.0.0.1:5264] with attribute DISCARD
]]></system-out>
    <system-err><![CDATA[Starting ChromeDriver 112.0.5615.49 (bd2a7bcb881c11e8cfe3078709382934e3916914-refs/branch-heads/5615@{#936}) on port 5264
Only local connections are allowed.
Please see https://chromedriver.chromium.org/security-considerations for suggestions on keeping ChromeDriver safe.
ChromeDriver was started successfully.
May 09, 2023 6:43:01 PM org.openqa.selenium.devtools.CdpVersionFinder findNearestMatch
WARNING: Unable to find an exact match for CDP version 112, so returning the closest version found: 110
]]></system-err>
  </testcase>
  <testcase name="As user, I have to be prevented to success register" classname="LoginNeg" time="5.577">
    <system-out><![CDATA[18:43:09.466 [main] DEBUG io.cucumber.core.plugin.SerenityReporter - Running feature from file:///C:/Users/VICTUS/IdeaProjects/MiniProject/src/test/resources/features/LoginNeg.feature
18:43:09.469 [main] DEBUG net.thucydides.core.steps.StepEventBus - Test suite started for story net.thucydides.core.model.Story@5f9ab0e8
18:43:09.470 [main] INFO  - Test Suite Started: Login neg

@LoginNeg @userA
Scenario: As user, I have to be prevented to success register &amp#27;[90m# src/test/resources/features/LoginNeg.feature:8&amp#27;[0m
18:43:09.478 [main] DEBUG io.cucumber.core.plugin.SerenityReporter - Running feature from file:///C:/Users/VICTUS/IdeaProjects/MiniProject/src/test/resources/features/LoginNeg.feature
18:43:09.479 [main] INFO  - 
  _____   ___   ___   _____     ___   _____     _     ___   _____   ___   ___  
 |_   _| | __| / __| |_   _|   / __| |_   _|   /_\   | _ \ |_   _| | __| |   \ 
   | |   | _|  \__ \   | |     \__ \   | |    / _ \  |   /   | |   | _|  | |) |
   |_|   |___| |___/   |_|     |___/   |_|   /_/ \_\ |_|_\   |_|   |___| |___/ 

As user, I have to be prevented to success register(loginneg;as-user--i-have-to-be-prevented-to-success-register)
--------------------------------------------------------------------------------
18:43:09.609 [main] INFO net.serenitybdd.core.webdriver.driverproviders.ChromeDriverProvider - Starting Chrome driver instance with capabilities:
18:43:09.609 [main] INFO net.serenitybdd.core.webdriver.driverproviders.ChromeDriverProvider - Capabilities {acceptInsecureCerts: false, browserName: chrome, goog:chromeOptions: {args: [remote-allow-origins=*], extensions: []}}
18:43:09.700 [AsyncHttpClient-1-5] DEBUG org.asynchttpclient.netty.channel.NettyConnectListener - Using new Channel '[id: 0x64136066, L:/127.0.0.1:64668 - R:localhost/127.0.0.1:38867]' for 'POST' to '/session'
18:43:09.886 [AsyncHttpClient-1-1] DEBUG org.asynchttpclient.netty.channel.DefaultChannelPool - Entry count for : http://localhost:64645 : 1
18:43:09.886 [AsyncHttpClient-1-1] DEBUG org.asynchttpclient.netty.channel.DefaultChannelPool - Entry count for : http://localhost:5264 : 1
18:43:09.886 [AsyncHttpClient-1-1] DEBUG org.asynchttpclient.netty.channel.DefaultChannelPool - Adding Candidate expired Channel [id: 0x0d4142ea, L:/127.0.0.1:64651 ! R:localhost/127.0.0.1:64645] isIdleTimeoutExpired=false isRemotelyClosed=true isTtlExpired=false
18:43:09.886 [AsyncHttpClient-1-1] DEBUG org.asynchttpclient.netty.channel.DefaultChannelPool - Closing Idle Channel [id: 0x0d4142ea, L:/127.0.0.1:64651 ! R:localhost/127.0.0.1:64645]
18:43:09.886 [AsyncHttpClient-1-1] DEBUG org.asynchttpclient.netty.channel.DefaultChannelPool - Adding Candidate expired Channel [id: 0xc97371c8, L:/127.0.0.1:64643 ! R:localhost/127.0.0.1:5264] isIdleTimeoutExpired=false isRemotelyClosed=true isTtlExpired=false
18:43:09.886 [AsyncHttpClient-1-1] DEBUG org.asynchttpclient.netty.channel.DefaultChannelPool - Closing Idle Channel [id: 0xc97371c8, L:/127.0.0.1:64643 ! R:localhost/127.0.0.1:5264]
18:43:09.886 [AsyncHttpClient-1-1] DEBUG org.asynchttpclient.netty.channel.DefaultChannelPool - Closed 2 connections out of 2 in 0 ms
18:43:10.684 [AsyncHttpClient-1-5] DEBUG org.asynchttpclient.netty.handler.HttpHandler - 

Request DefaultHttpRequest(decodeResult: success, version: HTTP/1.1)
POST /session HTTP/1.1
User-Agent: selenium/4.8.1 (java windows)
Content-Length: 507
Content-Type: application/json; charset=utf-8
host: localhost:38867
accept: */*

Response DefaultHttpResponse(decodeResult: success, version: HTTP/1.1)
HTTP/1.1 200 OK
Content-Length: 861
Content-Type: application/json; charset=utf-8
cache-control: no-cache

18:43:10.684 [AsyncHttpClient-1-5] DEBUG org.asynchttpclient.netty.channel.ChannelManager - Adding key: http://localhost:38867 for channel [id: 0x64136066, L:/127.0.0.1:64668 - R:localhost/127.0.0.1:38867]
18:43:10.732 [AsyncHttpClient-1-6] DEBUG org.asynchttpclient.netty.channel.NettyConnectListener - Using new Channel '[id: 0x1522bd0a, L:/127.0.0.1:64675 - R:localhost/127.0.0.1:64669]' for 'GET' to '/json/version'
18:43:10.737 [AsyncHttpClient-1-6] DEBUG org.asynchttpclient.netty.handler.HttpHandler - 

Request DefaultFullHttpRequest(decodeResult: success, version: HTTP/1.1, content: EmptyByteBufBE)
GET /json/version HTTP/1.1
User-Agent: selenium/4.8.1 (java windows)
host: localhost:64669
accept: */*

Response DefaultHttpResponse(decodeResult: success, version: HTTP/1.1)
HTTP/1.1 200 OK
Content-Security-Policy: frame-ancestors 'none'
Content-Length: 424
Content-Type: application/json; charset=UTF-8

18:43:10.738 [AsyncHttpClient-1-6] DEBUG org.asynchttpclient.netty.channel.ChannelManager - Adding key: http://localhost:64669 for channel [id: 0x1522bd0a, L:/127.0.0.1:64675 - R:localhost/127.0.0.1:64669]
18:43:10.790 [AsyncHttpClient-1-7] DEBUG org.asynchttpclient.netty.channel.NettyConnectListener - Using new Channel '[id: 0x01ab0df5, L:/127.0.0.1:64676 - R:localhost/127.0.0.1:64669]' for 'GET' to '/devtools/browser/1cae542f-733f-4ec5-8e8d-62673d227a4b'
18:43:10.792 [AsyncHttpClient-1-7] DEBUG org.asynchttpclient.netty.handler.WebSocketHandler - 

Request DefaultFullHttpRequest(decodeResult: success, version: HTTP/1.1, content: EmptyByteBufBE)
GET /devtools/browser/1cae542f-733f-4ec5-8e8d-62673d227a4b HTTP/1.1
upgrade: websocket
connection: upgrade
sec-websocket-key: 9YFF5RnA1XEjrbsFFznWLg==
sec-websocket-version: 13
origin: http://localhost:64669
host: localhost:64669
accept: */*
user-agent: AHC/2.1

Response DefaultHttpResponse(decodeResult: success, version: HTTP/1.1)
HTTP/1.1 101 WebSocket Protocol Handshake
Upgrade: WebSocket
Connection: Upgrade
Sec-WebSocket-Accept: wxnGhf1c36cn9TlxJAR2KBp2c6o=

18:43:10.798 [Forwarding get on session 0ae1848a5fd1a766682e3e02270c4edf to remote] DEBUG org.asynchttpclient.netty.request.NettyRequestSender - Using pooled Channel '[id: 0x64136066, L:/127.0.0.1:64668 - R:localhost/127.0.0.1:38867]' for 'POST' to 'http://localhost:38867/session/0ae1848a5fd1a766682e3e02270c4edf/url'
18:43:10.798 [Forwarding get on session 0ae1848a5fd1a766682e3e02270c4edf to remote] DEBUG org.asynchttpclient.netty.request.NettyRequestSender - Using open Channel [id: 0x64136066, L:/127.0.0.1:64668 - R:localhost/127.0.0.1:38867] for POST '/session/0ae1848a5fd1a766682e3e02270c4edf/url'
18:43:10.986 [AsyncHttpClient-1-1] DEBUG org.asynchttpclient.netty.channel.DefaultChannelPool - Entry count for : http://localhost:64669 : 1
18:43:11.807 [AsyncHttpClient-1-5] DEBUG org.asynchttpclient.netty.handler.HttpHandler - 

Request DefaultHttpRequest(decodeResult: success, version: HTTP/1.1)
POST /session/0ae1848a5fd1a766682e3e02270c4edf/url HTTP/1.1
User-Agent: selenium/4.8.1 (java windows)
Content-Length: 59
Content-Type: application/json; charset=utf-8
host: localhost:38867
accept: */*

Response DefaultHttpResponse(decodeResult: success, version: HTTP/1.1)
HTTP/1.1 200 OK
Content-Length: 14
Content-Type: application/json; charset=utf-8
cache-control: no-cache

18:43:11.807 [AsyncHttpClient-1-5] DEBUG org.asynchttpclient.netty.channel.ChannelManager - Adding key: http://localhost:38867 for channel [id: 0x64136066, L:/127.0.0.1:64668 - R:localhost/127.0.0.1:38867]
18:43:11.807 [Forwarding setTimeout on session 0ae1848a5fd1a766682e3e02270c4edf to remote] DEBUG org.asynchttpclient.netty.request.NettyRequestSender - Using pooled Channel '[id: 0x64136066, L:/127.0.0.1:64668 - R:localhost/127.0.0.1:38867]' for 'POST' to 'http://localhost:38867/session/0ae1848a5fd1a766682e3e02270c4edf/timeouts'
18:43:11.808 [Forwarding setTimeout on session 0ae1848a5fd1a766682e3e02270c4edf to remote] DEBUG org.asynchttpclient.netty.request.NettyRequestSender - Using open Channel [id: 0x64136066, L:/127.0.0.1:64668 - R:localhost/127.0.0.1:38867] for POST '/session/0ae1848a5fd1a766682e3e02270c4edf/timeouts'
18:43:11.808 [AsyncHttpClient-1-5] DEBUG org.asynchttpclient.netty.handler.HttpHandler - 

Request DefaultHttpRequest(decodeResult: success, version: HTTP/1.1)
POST /session/0ae1848a5fd1a766682e3e02270c4edf/timeouts HTTP/1.1
User-Agent: selenium/4.8.1 (java windows)
Content-Length: 22
Content-Type: application/json; charset=utf-8
host: localhost:38867
accept: */*

Response DefaultHttpResponse(decodeResult: success, version: HTTP/1.1)
HTTP/1.1 200 OK
Content-Length: 14
Content-Type: application/json; charset=utf-8
cache-control: no-cache

18:43:11.808 [AsyncHttpClient-1-5] DEBUG org.asynchttpclient.netty.channel.ChannelManager - Adding key: http://localhost:38867 for channel [id: 0x64136066, L:/127.0.0.1:64668 - R:localhost/127.0.0.1:38867]
18:43:11.816 [main] DEBUG net.serenitybdd.core.photography.Darkroom - Opening darkroom
18:43:11.816 [Darkroom Processing Line] DEBUG net.serenitybdd.core.photography.DarkroomProcessingLine - Darkroom processing line starting up
18:43:11.817 [Forwarding getAlertText on session 0ae1848a5fd1a766682e3e02270c4edf to remote] DEBUG org.asynchttpclient.netty.request.NettyRequestSender - Using pooled Channel '[id: 0x64136066, L:/127.0.0.1:64668 - R:localhost/127.0.0.1:38867]' for 'GET' to 'http://localhost:38867/session/0ae1848a5fd1a766682e3e02270c4edf/alert/text'
18:43:11.817 [Forwarding getAlertText on session 0ae1848a5fd1a766682e3e02270c4edf to remote] DEBUG org.asynchttpclient.netty.request.NettyRequestSender - Using open Channel [id: 0x64136066, L:/127.0.0.1:64668 - R:localhost/127.0.0.1:38867] for GET '/session/0ae1848a5fd1a766682e3e02270c4edf/alert/text'
18:43:11.818 [AsyncHttpClient-1-5] DEBUG org.asynchttpclient.netty.handler.HttpHandler - 

Request DefaultFullHttpRequest(decodeResult: success, version: HTTP/1.1, content: EmptyByteBufBE)
GET /session/0ae1848a5fd1a766682e3e02270c4edf/alert/text HTTP/1.1
User-Agent: selenium/4.8.1 (java windows)
Cache-Control: no-cache
Content-Type: application/json; charset=utf-8
host: localhost:38867
accept: */*

Response DefaultHttpResponse(decodeResult: success, version: HTTP/1.1)
HTTP/1.1 404 Not Found
Content-Length: 821
Content-Type: application/json; charset=utf-8
cache-control: no-cache

18:43:11.818 [AsyncHttpClient-1-5] DEBUG org.asynchttpclient.netty.channel.ChannelManager - Adding key: http://localhost:38867 for channel [id: 0x64136066, L:/127.0.0.1:64668 - R:localhost/127.0.0.1:38867]
18:43:11.820 [Forwarding getCurrentUrl on session 0ae1848a5fd1a766682e3e02270c4edf to remote] DEBUG org.asynchttpclient.netty.request.NettyRequestSender - Using pooled Channel '[id: 0x64136066, L:/127.0.0.1:64668 - R:localhost/127.0.0.1:38867]' for 'GET' to 'http://localhost:38867/session/0ae1848a5fd1a766682e3e02270c4edf/url'
18:43:11.820 [Forwarding getCurrentUrl on session 0ae1848a5fd1a766682e3e02270c4edf to remote] DEBUG org.asynchttpclient.netty.request.NettyRequestSender - Using open Channel [id: 0x64136066, L:/127.0.0.1:64668 - R:localhost/127.0.0.1:38867] for GET '/session/0ae1848a5fd1a766682e3e02270c4edf/url'
18:43:11.822 [AsyncHttpClient-1-5] DEBUG org.asynchttpclient.netty.handler.HttpHandler - 

Request DefaultFullHttpRequest(decodeResult: success, version: HTTP/1.1, content: EmptyByteBufBE)
GET /session/0ae1848a5fd1a766682e3e02270c4edf/url HTTP/1.1
User-Agent: selenium/4.8.1 (java windows)
Cache-Control: no-cache
Content-Type: application/json; charset=utf-8
host: localhost:38867
accept: */*

Response DefaultHttpResponse(decodeResult: success, version: HTTP/1.1)
HTTP/1.1 200 OK
Content-Length: 41
Content-Type: application/json; charset=utf-8
cache-control: no-cache

18:43:11.822 [AsyncHttpClient-1-5] DEBUG org.asynchttpclient.netty.channel.ChannelManager - Adding key: http://localhost:38867 for channel [id: 0x64136066, L:/127.0.0.1:64668 - R:localhost/127.0.0.1:38867]
18:43:11.824 [Forwarding screenshot on session 0ae1848a5fd1a766682e3e02270c4edf to remote] DEBUG org.asynchttpclient.netty.request.NettyRequestSender - Using pooled Channel '[id: 0x64136066, L:/127.0.0.1:64668 - R:localhost/127.0.0.1:38867]' for 'GET' to 'http://localhost:38867/session/0ae1848a5fd1a766682e3e02270c4edf/screenshot'
18:43:11.824 [Forwarding screenshot on session 0ae1848a5fd1a766682e3e02270c4edf to remote] DEBUG org.asynchttpclient.netty.request.NettyRequestSender - Using open Channel [id: 0x64136066, L:/127.0.0.1:64668 - R:localhost/127.0.0.1:38867] for GET '/session/0ae1848a5fd1a766682e3e02270c4edf/screenshot'
18:43:11.935 [AsyncHttpClient-1-5] DEBUG org.asynchttpclient.netty.handler.HttpHandler - 

Request DefaultFullHttpRequest(decodeResult: success, version: HTTP/1.1, content: EmptyByteBufBE)
GET /session/0ae1848a5fd1a766682e3e02270c4edf/screenshot HTTP/1.1
User-Agent: selenium/4.8.1 (java windows)
Cache-Control: no-cache
Content-Type: application/json; charset=utf-8
host: localhost:38867
accept: */*

Response DefaultHttpResponse(decodeResult: success, version: HTTP/1.1)
HTTP/1.1 200 OK
Content-Length: 38548
Content-Type: application/json; charset=utf-8
cache-control: no-cache

18:43:11.936 [AsyncHttpClient-1-5] DEBUG org.asynchttpclient.netty.channel.ChannelManager - Adding key: http://localhost:38867 for channel [id: 0x64136066, L:/127.0.0.1:64668 - R:localhost/127.0.0.1:38867]
18:43:11.938 [main] DEBUG net.serenitybdd.core.photography.Darkroom - Send negative for processing for target\site\serenity\4685f262057adf593d6dc7f820a2dd0fe76df63d35b2d9bf9db3a859ce7d6ff3.png
18:43:11.939 [Darkroom Processing Line] DEBUG net.serenitybdd.core.photography.DarkroomProcessingLine - Processing screenshot image in /var/screenshots/screenshot-460875754649644912
18:43:11.939 [Darkroom Processing Line] DEBUG net.serenitybdd.core.photography.DarkroomProcessingLine - Saving screenshot to target\site\serenity\4685f262057adf593d6dc7f820a2dd0fe76df63d35b2d9bf9db3a859ce7d6ff3.png
18:43:11.940 [Forwarding getPageSource on session 0ae1848a5fd1a766682e3e02270c4edf to remote] DEBUG org.asynchttpclient.netty.request.NettyRequestSender - Using pooled Channel '[id: 0x64136066, L:/127.0.0.1:64668 - R:localhost/127.0.0.1:38867]' for 'POST' to 'http://localhost:38867/session/0ae1848a5fd1a766682e3e02270c4edf/execute/sync'
18:43:11.940 [Forwarding getPageSource on session 0ae1848a5fd1a766682e3e02270c4edf to remote] DEBUG org.asynchttpclient.netty.request.NettyRequestSender - Using open Channel [id: 0x64136066, L:/127.0.0.1:64668 - R:localhost/127.0.0.1:38867] for POST '/session/0ae1848a5fd1a766682e3e02270c4edf/execute/sync'
18:43:11.944 [AsyncHttpClient-1-5] DEBUG org.asynchttpclient.netty.handler.HttpHandler - 

Request DefaultHttpRequest(decodeResult: success, version: HTTP/1.1)
POST /session/0ae1848a5fd1a766682e3e02270c4edf/execute/sync HTTP/1.1
User-Agent: selenium/4.8.1 (java windows)
Content-Length: 176
Content-Type: application/json; charset=utf-8
host: localhost:38867
accept: */*

Response DefaultHttpResponse(decodeResult: success, version: HTTP/1.1)
HTTP/1.1 200 OK
Content-Length: 28534
Content-Type: application/json; charset=utf-8
cache-control: no-cache

18:43:11.945 [AsyncHttpClient-1-5] DEBUG org.asynchttpclient.netty.channel.ChannelManager - Adding key: http://localhost:38867 for channel [id: 0x64136066, L:/127.0.0.1:64668 - R:localhost/127.0.0.1:38867]
18:43:11.947 [Forwarding getCurrentUrl on session 0ae1848a5fd1a766682e3e02270c4edf to remote] DEBUG org.asynchttpclient.netty.request.NettyRequestSender - Using pooled Channel '[id: 0x64136066, L:/127.0.0.1:64668 - R:localhost/127.0.0.1:38867]' for 'GET' to 'http://localhost:38867/session/0ae1848a5fd1a766682e3e02270c4edf/url'
18:43:11.947 [Forwarding getCurrentUrl on session 0ae1848a5fd1a766682e3e02270c4edf to remote] DEBUG org.asynchttpclient.netty.request.NettyRequestSender - Using open Channel [id: 0x64136066, L:/127.0.0.1:64668 - R:localhost/127.0.0.1:38867] for GET '/session/0ae1848a5fd1a766682e3e02270c4edf/url'
18:43:11.950 [AsyncHttpClient-1-5] DEBUG org.asynchttpclient.netty.handler.HttpHandler - 

Request DefaultFullHttpRequest(decodeResult: success, version: HTTP/1.1, content: EmptyByteBufBE)
GET /session/0ae1848a5fd1a766682e3e02270c4edf/url HTTP/1.1
User-Agent: selenium/4.8.1 (java windows)
Cache-Control: no-cache
Content-Type: application/json; charset=utf-8
host: localhost:38867
accept: */*

Response DefaultHttpResponse(decodeResult: success, version: HTTP/1.1)
HTTP/1.1 200 OK
Content-Length: 41
Content-Type: application/json; charset=utf-8
cache-control: no-cache

18:43:11.950 [AsyncHttpClient-1-5] DEBUG org.asynchttpclient.netty.channel.ChannelManager - Adding key: http://localhost:38867 for channel [id: 0x64136066, L:/127.0.0.1:64668 - R:localhost/127.0.0.1:38867]
18:43:11.955 [main] DEBUG net.thucydides.core.steps.StepInterceptor - STARTING STEP: LoginNegSteps.onTheNonAccountHomePage - validateOnNonAccountHomePage
18:43:11.957 [Forwarding findElement on session 0ae1848a5fd1a766682e3e02270c4edf to remote] DEBUG org.asynchttpclient.netty.request.NettyRequestSender - Using pooled Channel '[id: 0x64136066, L:/127.0.0.1:64668 - R:localhost/127.0.0.1:38867]' for 'POST' to 'http://localhost:38867/session/0ae1848a5fd1a766682e3e02270c4edf/element'
18:43:11.957 [Forwarding findElement on session 0ae1848a5fd1a766682e3e02270c4edf to remote] DEBUG org.asynchttpclient.netty.request.NettyRequestSender - Using open Channel [id: 0x64136066, L:/127.0.0.1:64668 - R:localhost/127.0.0.1:38867] for POST '/session/0ae1848a5fd1a766682e3e02270c4edf/element'
18:43:11.968 [AsyncHttpClient-1-5] DEBUG org.asynchttpclient.netty.handler.HttpHandler - 

Request DefaultHttpRequest(decodeResult: success, version: HTTP/1.1)
POST /session/0ae1848a5fd1a766682e3e02270c4edf/element HTTP/1.1
User-Agent: selenium/4.8.1 (java windows)
Content-Length: 168
Content-Type: application/json; charset=utf-8
host: localhost:38867
accept: */*

Response DefaultHttpResponse(decodeResult: success, version: HTTP/1.1)
HTTP/1.1 200 OK
Content-Length: 88
Content-Type: application/json; charset=utf-8
cache-control: no-cache

18:43:11.968 [AsyncHttpClient-1-5] DEBUG org.asynchttpclient.netty.channel.ChannelManager - Adding key: http://localhost:38867 for channel [id: 0x64136066, L:/127.0.0.1:64668 - R:localhost/127.0.0.1:38867]
18:43:11.972 [Forwarding isElementDisplayed on session 0ae1848a5fd1a766682e3e02270c4edf to remote] DEBUG org.asynchttpclient.netty.request.NettyRequestSender - Using pooled Channel '[id: 0x64136066, L:/127.0.0.1:64668 - R:localhost/127.0.0.1:38867]' for 'POST' to 'http://localhost:38867/session/0ae1848a5fd1a766682e3e02270c4edf/execute/sync'
18:43:11.972 [Forwarding isElementDisplayed on session 0ae1848a5fd1a766682e3e02270c4edf to remote] DEBUG org.asynchttpclient.netty.request.NettyRequestSender - Using open Channel [id: 0x64136066, L:/127.0.0.1:64668 - R:localhost/127.0.0.1:38867] for POST '/session/0ae1848a5fd1a766682e3e02270c4edf/execute/sync'
18:43:11.983 [AsyncHttpClient-1-5] DEBUG org.asynchttpclient.netty.handler.HttpHandler - 

Request DefaultHttpRequest(decodeResult: success, version: HTTP/1.1)
POST /session/0ae1848a5fd1a766682e3e02270c4edf/execute/sync HTTP/1.1
User-Agent: selenium/4.8.1 (java windows)
Content-Length: 48807
Content-Type: application/json; charset=utf-8
host: localhost:38867
accept: */*

Response DefaultHttpResponse(decodeResult: success, version: HTTP/1.1)
HTTP/1.1 200 OK
Content-Length: 14
Content-Type: application/json; charset=utf-8
cache-control: no-cache

18:43:11.984 [AsyncHttpClient-1-5] DEBUG org.asynchttpclient.netty.channel.ChannelManager - Adding key: http://localhost:38867 for channel [id: 0x64136066, L:/127.0.0.1:64668 - R:localhost/127.0.0.1:38867]
18:43:11.987 [main] DEBUG net.thucydides.core.steps.StepInterceptor - STEP DONE: validateOnNonAccountHomePage
  &amp#27;[32mGiven &amp#27;[0m&amp#27;[32mI am on the nonaccount Home page&amp#27;[0m                      &amp#27;[90m# starter.stepDefinition.LoginNegSteps.onTheNonAccountHomePage()&amp#27;[0m
18:43:11.991 [Forwarding getAlertText on session 0ae1848a5fd1a766682e3e02270c4edf to remote] DEBUG org.asynchttpclient.netty.request.NettyRequestSender - Using pooled Channel '[id: 0x64136066, L:/127.0.0.1:64668 - R:localhost/127.0.0.1:38867]' for 'GET' to 'http://localhost:38867/session/0ae1848a5fd1a766682e3e02270c4edf/alert/text'
18:43:11.991 [Forwarding getAlertText on session 0ae1848a5fd1a766682e3e02270c4edf to remote] DEBUG org.asynchttpclient.netty.request.NettyRequestSender - Using open Channel [id: 0x64136066, L:/127.0.0.1:64668 - R:localhost/127.0.0.1:38867] for GET '/session/0ae1848a5fd1a766682e3e02270c4edf/alert/text'
18:43:11.993 [AsyncHttpClient-1-5] DEBUG org.asynchttpclient.netty.handler.HttpHandler - 

Request DefaultFullHttpRequest(decodeResult: success, version: HTTP/1.1, content: EmptyByteBufBE)
GET /session/0ae1848a5fd1a766682e3e02270c4edf/alert/text HTTP/1.1
User-Agent: selenium/4.8.1 (java windows)
Cache-Control: no-cache
Content-Type: application/json; charset=utf-8
host: localhost:38867
accept: */*

Response DefaultHttpResponse(decodeResult: success, version: HTTP/1.1)
HTTP/1.1 404 Not Found
Content-Length: 821
Content-Type: application/json; charset=utf-8
cache-control: no-cache

18:43:11.993 [AsyncHttpClient-1-5] DEBUG org.asynchttpclient.netty.channel.ChannelManager - Adding key: http://localhost:38867 for channel [id: 0x64136066, L:/127.0.0.1:64668 - R:localhost/127.0.0.1:38867]
18:43:11.995 [Forwarding getCurrentUrl on session 0ae1848a5fd1a766682e3e02270c4edf to remote] DEBUG org.asynchttpclient.netty.request.NettyRequestSender - Using pooled Channel '[id: 0x64136066, L:/127.0.0.1:64668 - R:localhost/127.0.0.1:38867]' for 'GET' to 'http://localhost:38867/session/0ae1848a5fd1a766682e3e02270c4edf/url'
18:43:11.995 [Forwarding getCurrentUrl on session 0ae1848a5fd1a766682e3e02270c4edf to remote] DEBUG org.asynchttpclient.netty.request.NettyRequestSender - Using open Channel [id: 0x64136066, L:/127.0.0.1:64668 - R:localhost/127.0.0.1:38867] for GET '/session/0ae1848a5fd1a766682e3e02270c4edf/url'
18:43:11.997 [AsyncHttpClient-1-5] DEBUG org.asynchttpclient.netty.handler.HttpHandler - 

Request DefaultFullHttpRequest(decodeResult: success, version: HTTP/1.1, content: EmptyByteBufBE)
GET /session/0ae1848a5fd1a766682e3e02270c4edf/url HTTP/1.1
User-Agent: selenium/4.8.1 (java windows)
Cache-Control: no-cache
Content-Type: application/json; charset=utf-8
host: localhost:38867
accept: */*

Response DefaultHttpResponse(decodeResult: success, version: HTTP/1.1)
HTTP/1.1 200 OK
Content-Length: 41
Content-Type: application/json; charset=utf-8
cache-control: no-cache

18:43:11.998 [AsyncHttpClient-1-5] DEBUG org.asynchttpclient.netty.channel.ChannelManager - Adding key: http://localhost:38867 for channel [id: 0x64136066, L:/127.0.0.1:64668 - R:localhost/127.0.0.1:38867]
18:43:11.999 [Forwarding screenshot on session 0ae1848a5fd1a766682e3e02270c4edf to remote] DEBUG org.asynchttpclient.netty.request.NettyRequestSender - Using pooled Channel '[id: 0x64136066, L:/127.0.0.1:64668 - R:localhost/127.0.0.1:38867]' for 'GET' to 'http://localhost:38867/session/0ae1848a5fd1a766682e3e02270c4edf/screenshot'
18:43:12.001 [Forwarding screenshot on session 0ae1848a5fd1a766682e3e02270c4edf to remote] DEBUG org.asynchttpclient.netty.request.NettyRequestSender - Using open Channel [id: 0x64136066, L:/127.0.0.1:64668 - R:localhost/127.0.0.1:38867] for GET '/session/0ae1848a5fd1a766682e3e02270c4edf/screenshot'
18:43:12.090 [AsyncHttpClient-1-1] DEBUG org.asynchttpclient.netty.channel.DefaultChannelPool - Entry count for : http://localhost:64669 : 1
18:43:12.103 [AsyncHttpClient-1-5] DEBUG org.asynchttpclient.netty.handler.HttpHandler - 

Request DefaultFullHttpRequest(decodeResult: success, version: HTTP/1.1, content: EmptyByteBufBE)
GET /session/0ae1848a5fd1a766682e3e02270c4edf/screenshot HTTP/1.1
User-Agent: selenium/4.8.1 (java windows)
Cache-Control: no-cache
Content-Type: application/json; charset=utf-8
host: localhost:38867
accept: */*

Response DefaultHttpResponse(decodeResult: success, version: HTTP/1.1)
HTTP/1.1 200 OK
Content-Length: 35328
Content-Type: application/json; charset=utf-8
cache-control: no-cache

18:43:12.103 [AsyncHttpClient-1-5] DEBUG org.asynchttpclient.netty.channel.ChannelManager - Adding key: http://localhost:38867 for channel [id: 0x64136066, L:/127.0.0.1:64668 - R:localhost/127.0.0.1:38867]
18:43:12.106 [main] DEBUG net.serenitybdd.core.photography.Darkroom - Send negative for processing for target\site\serenity\bce078aa111df1a66d6aeb87ca05bdfb86ac00d46d61100d673842f2ac314133.png
18:43:12.106 [Darkroom Processing Line] DEBUG net.serenitybdd.core.photography.DarkroomProcessingLine - Processing screenshot image in /var/screenshots/screenshot-5735310613309489203
18:43:12.107 [Darkroom Processing Line] DEBUG net.serenitybdd.core.photography.DarkroomProcessingLine - Saving screenshot to target\site\serenity\bce078aa111df1a66d6aeb87ca05bdfb86ac00d46d61100d673842f2ac314133.png
18:43:12.112 [Forwarding getPageSource on session 0ae1848a5fd1a766682e3e02270c4edf to remote] DEBUG org.asynchttpclient.netty.request.NettyRequestSender - Using pooled Channel '[id: 0x64136066, L:/127.0.0.1:64668 - R:localhost/127.0.0.1:38867]' for 'POST' to 'http://localhost:38867/session/0ae1848a5fd1a766682e3e02270c4edf/execute/sync'
18:43:12.112 [Forwarding getPageSource on session 0ae1848a5fd1a766682e3e02270c4edf to remote] DEBUG org.asynchttpclient.netty.request.NettyRequestSender - Using open Channel [id: 0x64136066, L:/127.0.0.1:64668 - R:localhost/127.0.0.1:38867] for POST '/session/0ae1848a5fd1a766682e3e02270c4edf/execute/sync'
18:43:12.117 [AsyncHttpClient-1-5] DEBUG org.asynchttpclient.netty.handler.HttpHandler - 

Request DefaultHttpRequest(decodeResult: success, version: HTTP/1.1)
POST /session/0ae1848a5fd1a766682e3e02270c4edf/execute/sync HTTP/1.1
User-Agent: selenium/4.8.1 (java windows)
Content-Length: 176
Content-Type: application/json; charset=utf-8
host: localhost:38867
accept: */*

Response DefaultHttpResponse(decodeResult: success, version: HTTP/1.1)
HTTP/1.1 200 OK
Content-Length: 28534
Content-Type: application/json; charset=utf-8
cache-control: no-cache

18:43:12.117 [AsyncHttpClient-1-5] DEBUG org.asynchttpclient.netty.channel.ChannelManager - Adding key: http://localhost:38867 for channel [id: 0x64136066, L:/127.0.0.1:64668 - R:localhost/127.0.0.1:38867]
18:43:12.120 [Forwarding getCurrentUrl on session 0ae1848a5fd1a766682e3e02270c4edf to remote] DEBUG org.asynchttpclient.netty.request.NettyRequestSender - Using pooled Channel '[id: 0x64136066, L:/127.0.0.1:64668 - R:localhost/127.0.0.1:38867]' for 'GET' to 'http://localhost:38867/session/0ae1848a5fd1a766682e3e02270c4edf/url'
18:43:12.120 [Forwarding getCurrentUrl on session 0ae1848a5fd1a766682e3e02270c4edf to remote] DEBUG org.asynchttpclient.netty.request.NettyRequestSender - Using open Channel [id: 0x64136066, L:/127.0.0.1:64668 - R:localhost/127.0.0.1:38867] for GET '/session/0ae1848a5fd1a766682e3e02270c4edf/url'
18:43:12.125 [AsyncHttpClient-1-5] DEBUG org.asynchttpclient.netty.handler.HttpHandler - 

Request DefaultFullHttpRequest(decodeResult: success, version: HTTP/1.1, content: EmptyByteBufBE)
GET /session/0ae1848a5fd1a766682e3e02270c4edf/url HTTP/1.1
User-Agent: selenium/4.8.1 (java windows)
Cache-Control: no-cache
Content-Type: application/json; charset=utf-8
host: localhost:38867
accept: */*

Response DefaultHttpResponse(decodeResult: success, version: HTTP/1.1)
HTTP/1.1 200 OK
Content-Length: 41
Content-Type: application/json; charset=utf-8
cache-control: no-cache

18:43:12.125 [AsyncHttpClient-1-5] DEBUG org.asynchttpclient.netty.channel.ChannelManager - Adding key: http://localhost:38867 for channel [id: 0x64136066, L:/127.0.0.1:64668 - R:localhost/127.0.0.1:38867]
18:43:12.134 [Forwarding getPageSource on session 0ae1848a5fd1a766682e3e02270c4edf to remote] DEBUG org.asynchttpclient.netty.request.NettyRequestSender - Using pooled Channel '[id: 0x64136066, L:/127.0.0.1:64668 - R:localhost/127.0.0.1:38867]' for 'POST' to 'http://localhost:38867/session/0ae1848a5fd1a766682e3e02270c4edf/execute/sync'
18:43:12.134 [Forwarding getPageSource on session 0ae1848a5fd1a766682e3e02270c4edf to remote] DEBUG org.asynchttpclient.netty.request.NettyRequestSender - Using open Channel [id: 0x64136066, L:/127.0.0.1:64668 - R:localhost/127.0.0.1:38867] for POST '/session/0ae1848a5fd1a766682e3e02270c4edf/execute/sync'
18:43:12.138 [AsyncHttpClient-1-5] DEBUG org.asynchttpclient.netty.handler.HttpHandler - 

Request DefaultHttpRequest(decodeResult: success, version: HTTP/1.1)
POST /session/0ae1848a5fd1a766682e3e02270c4edf/execute/sync HTTP/1.1
User-Agent: selenium/4.8.1 (java windows)
Content-Length: 176
Content-Type: application/json; charset=utf-8
host: localhost:38867
accept: */*

Response DefaultHttpResponse(decodeResult: success, version: HTTP/1.1)
HTTP/1.1 200 OK
Content-Length: 28534
Content-Type: application/json; charset=utf-8
cache-control: no-cache

18:43:12.139 [AsyncHttpClient-1-5] DEBUG org.asynchttpclient.netty.channel.ChannelManager - Adding key: http://localhost:38867 for channel [id: 0x64136066, L:/127.0.0.1:64668 - R:localhost/127.0.0.1:38867]
18:43:12.142 [Forwarding getCurrentUrl on session 0ae1848a5fd1a766682e3e02270c4edf to remote] DEBUG org.asynchttpclient.netty.request.NettyRequestSender - Using pooled Channel '[id: 0x64136066, L:/127.0.0.1:64668 - R:localhost/127.0.0.1:38867]' for 'GET' to 'http://localhost:38867/session/0ae1848a5fd1a766682e3e02270c4edf/url'
18:43:12.142 [Forwarding getCurrentUrl on session 0ae1848a5fd1a766682e3e02270c4edf to remote] DEBUG org.asynchttpclient.netty.request.NettyRequestSender - Using open Channel [id: 0x64136066, L:/127.0.0.1:64668 - R:localhost/127.0.0.1:38867] for GET '/session/0ae1848a5fd1a766682e3e02270c4edf/url'
18:43:12.144 [AsyncHttpClient-1-5] DEBUG org.asynchttpclient.netty.handler.HttpHandler - 

Request DefaultFullHttpRequest(decodeResult: success, version: HTTP/1.1, content: EmptyByteBufBE)
GET /session/0ae1848a5fd1a766682e3e02270c4edf/url HTTP/1.1
User-Agent: selenium/4.8.1 (java windows)
Cache-Control: no-cache
Content-Type: application/json; charset=utf-8
host: localhost:38867
accept: */*

Response DefaultHttpResponse(decodeResult: success, version: HTTP/1.1)
HTTP/1.1 200 OK
Content-Length: 41
Content-Type: application/json; charset=utf-8
cache-control: no-cache

18:43:12.145 [AsyncHttpClient-1-5] DEBUG org.asynchttpclient.netty.channel.ChannelManager - Adding key: http://localhost:38867 for channel [id: 0x64136066, L:/127.0.0.1:64668 - R:localhost/127.0.0.1:38867]
18:43:12.146 [main] DEBUG net.thucydides.core.steps.StepInterceptor - STARTING STEP: LoginNegSteps.clickLoginHomeButton - clickLoginHomeButton
18:43:12.149 [Forwarding findElement on session 0ae1848a5fd1a766682e3e02270c4edf to remote] DEBUG org.asynchttpclient.netty.request.NettyRequestSender - Using pooled Channel '[id: 0x64136066, L:/127.0.0.1:64668 - R:localhost/127.0.0.1:38867]' for 'POST' to 'http://localhost:38867/session/0ae1848a5fd1a766682e3e02270c4edf/element'
18:43:12.149 [Forwarding findElement on session 0ae1848a5fd1a766682e3e02270c4edf to remote] DEBUG org.asynchttpclient.netty.request.NettyRequestSender - Using open Channel [id: 0x64136066, L:/127.0.0.1:64668 - R:localhost/127.0.0.1:38867] for POST '/session/0ae1848a5fd1a766682e3e02270c4edf/element'
18:43:12.157 [AsyncHttpClient-1-5] DEBUG org.asynchttpclient.netty.handler.HttpHandler - 

Request DefaultHttpRequest(decodeResult: success, version: HTTP/1.1)
POST /session/0ae1848a5fd1a766682e3e02270c4edf/element HTTP/1.1
User-Agent: selenium/4.8.1 (java windows)
Content-Length: 168
Content-Type: application/json; charset=utf-8
host: localhost:38867
accept: */*

Response DefaultHttpResponse(decodeResult: success, version: HTTP/1.1)
HTTP/1.1 200 OK
Content-Length: 88
Content-Type: application/json; charset=utf-8
cache-control: no-cache

18:43:12.157 [AsyncHttpClient-1-5] DEBUG org.asynchttpclient.netty.channel.ChannelManager - Adding key: http://localhost:38867 for channel [id: 0x64136066, L:/127.0.0.1:64668 - R:localhost/127.0.0.1:38867]
18:43:12.159 [Forwarding getElementTagName on session 0ae1848a5fd1a766682e3e02270c4edf to remote] DEBUG org.asynchttpclient.netty.request.NettyRequestSender - Using pooled Channel '[id: 0x64136066, L:/127.0.0.1:64668 - R:localhost/127.0.0.1:38867]' for 'GET' to 'http://localhost:38867/session/0ae1848a5fd1a766682e3e02270c4edf/element/befade77-4522-45eb-9ef3-477592b22985/name'
18:43:12.159 [Forwarding getElementTagName on session 0ae1848a5fd1a766682e3e02270c4edf to remote] DEBUG org.asynchttpclient.netty.request.NettyRequestSender - Using open Channel [id: 0x64136066, L:/127.0.0.1:64668 - R:localhost/127.0.0.1:38867] for GET '/session/0ae1848a5fd1a766682e3e02270c4edf/element/befade77-4522-45eb-9ef3-477592b22985/name'
18:43:13.185 [AsyncHttpClient-1-1] DEBUG org.asynchttpclient.netty.channel.DefaultChannelPool - Entry count for : http://localhost:64669 : 1
18:43:13.550 [AsyncHttpClient-1-5] DEBUG org.asynchttpclient.netty.handler.HttpHandler - 

Request DefaultFullHttpRequest(decodeResult: success, version: HTTP/1.1, content: EmptyByteBufBE)
GET /session/0ae1848a5fd1a766682e3e02270c4edf/element/befade77-4522-45eb-9ef3-477592b22985/name HTTP/1.1
User-Agent: selenium/4.8.1 (java windows)
Cache-Control: no-cache
Content-Type: application/json; charset=utf-8
host: localhost:38867
accept: */*

Response DefaultHttpResponse(decodeResult: success, version: HTTP/1.1)
HTTP/1.1 200 OK
Content-Length: 13
Content-Type: application/json; charset=utf-8
cache-control: no-cache

18:43:13.550 [AsyncHttpClient-1-5] DEBUG org.asynchttpclient.netty.channel.ChannelManager - Adding key: http://localhost:38867 for channel [id: 0x64136066, L:/127.0.0.1:64668 - R:localhost/127.0.0.1:38867]
18:43:13.553 [Forwarding getElementTagName on session 0ae1848a5fd1a766682e3e02270c4edf to remote] DEBUG org.asynchttpclient.netty.request.NettyRequestSender - Using pooled Channel '[id: 0x64136066, L:/127.0.0.1:64668 - R:localhost/127.0.0.1:38867]' for 'GET' to 'http://localhost:38867/session/0ae1848a5fd1a766682e3e02270c4edf/element/befade77-4522-45eb-9ef3-477592b22985/name'
18:43:13.553 [Forwarding getElementTagName on session 0ae1848a5fd1a766682e3e02270c4edf to remote] DEBUG org.asynchttpclient.netty.request.NettyRequestSender - Using open Channel [id: 0x64136066, L:/127.0.0.1:64668 - R:localhost/127.0.0.1:38867] for GET '/session/0ae1848a5fd1a766682e3e02270c4edf/element/befade77-4522-45eb-9ef3-477592b22985/name'
18:43:13.556 [AsyncHttpClient-1-5] DEBUG org.asynchttpclient.netty.handler.HttpHandler - 

Request DefaultFullHttpRequest(decodeResult: success, version: HTTP/1.1, content: EmptyByteBufBE)
GET /session/0ae1848a5fd1a766682e3e02270c4edf/element/befade77-4522-45eb-9ef3-477592b22985/name HTTP/1.1
User-Agent: selenium/4.8.1 (java windows)
Cache-Control: no-cache
Content-Type: application/json; charset=utf-8
host: localhost:38867
accept: */*

Response DefaultHttpResponse(decodeResult: success, version: HTTP/1.1)
HTTP/1.1 200 OK
Content-Length: 13
Content-Type: application/json; charset=utf-8
cache-control: no-cache

18:43:13.556 [AsyncHttpClient-1-5] DEBUG org.asynchttpclient.netty.channel.ChannelManager - Adding key: http://localhost:38867 for channel [id: 0x64136066, L:/127.0.0.1:64668 - R:localhost/127.0.0.1:38867]
18:43:13.560 [Forwarding findElement on session 0ae1848a5fd1a766682e3e02270c4edf to remote] DEBUG org.asynchttpclient.netty.request.NettyRequestSender - Using pooled Channel '[id: 0x64136066, L:/127.0.0.1:64668 - R:localhost/127.0.0.1:38867]' for 'POST' to 'http://localhost:38867/session/0ae1848a5fd1a766682e3e02270c4edf/element'
18:43:13.560 [Forwarding findElement on session 0ae1848a5fd1a766682e3e02270c4edf to remote] DEBUG org.asynchttpclient.netty.request.NettyRequestSender - Using open Channel [id: 0x64136066, L:/127.0.0.1:64668 - R:localhost/127.0.0.1:38867] for POST '/session/0ae1848a5fd1a766682e3e02270c4edf/element'
18:43:13.573 [AsyncHttpClient-1-5] DEBUG org.asynchttpclient.netty.handler.HttpHandler - 

Request DefaultHttpRequest(decodeResult: success, version: HTTP/1.1)
POST /session/0ae1848a5fd1a766682e3e02270c4edf/element HTTP/1.1
User-Agent: selenium/4.8.1 (java windows)
Content-Length: 168
Content-Type: application/json; charset=utf-8
host: localhost:38867
accept: */*

Response DefaultHttpResponse(decodeResult: success, version: HTTP/1.1)
HTTP/1.1 200 OK
Content-Length: 88
Content-Type: application/json; charset=utf-8
cache-control: no-cache

18:43:13.573 [AsyncHttpClient-1-5] DEBUG org.asynchttpclient.netty.channel.ChannelManager - Adding key: http://localhost:38867 for channel [id: 0x64136066, L:/127.0.0.1:64668 - R:localhost/127.0.0.1:38867]
18:43:13.575 [Forwarding clickElement on session 0ae1848a5fd1a766682e3e02270c4edf to remote] DEBUG org.asynchttpclient.netty.request.NettyRequestSender - Using pooled Channel '[id: 0x64136066, L:/127.0.0.1:64668 - R:localhost/127.0.0.1:38867]' for 'POST' to 'http://localhost:38867/session/0ae1848a5fd1a766682e3e02270c4edf/element/befade77-4522-45eb-9ef3-477592b22985/click'
18:43:13.575 [Forwarding clickElement on session 0ae1848a5fd1a766682e3e02270c4edf to remote] DEBUG org.asynchttpclient.netty.request.NettyRequestSender - Using open Channel [id: 0x64136066, L:/127.0.0.1:64668 - R:localhost/127.0.0.1:38867] for POST '/session/0ae1848a5fd1a766682e3e02270c4edf/element/befade77-4522-45eb-9ef3-477592b22985/click'
18:43:13.611 [AsyncHttpClient-1-5] DEBUG org.asynchttpclient.netty.handler.HttpHandler - 

Request DefaultHttpRequest(decodeResult: success, version: HTTP/1.1)
POST /session/0ae1848a5fd1a766682e3e02270c4edf/element/befade77-4522-45eb-9ef3-477592b22985/click HTTP/1.1
User-Agent: selenium/4.8.1 (java windows)
Content-Length: 50
Content-Type: application/json; charset=utf-8
host: localhost:38867
accept: */*

Response DefaultHttpResponse(decodeResult: success, version: HTTP/1.1)
HTTP/1.1 200 OK
Content-Length: 14
Content-Type: application/json; charset=utf-8
cache-control: no-cache

18:43:13.611 [AsyncHttpClient-1-5] DEBUG org.asynchttpclient.netty.channel.ChannelManager - Adding key: http://localhost:38867 for channel [id: 0x64136066, L:/127.0.0.1:64668 - R:localhost/127.0.0.1:38867]
18:43:13.616 [Forwarding getAlertText on session 0ae1848a5fd1a766682e3e02270c4edf to remote] DEBUG org.asynchttpclient.netty.request.NettyRequestSender - Using pooled Channel '[id: 0x64136066, L:/127.0.0.1:64668 - R:localhost/127.0.0.1:38867]' for 'GET' to 'http://localhost:38867/session/0ae1848a5fd1a766682e3e02270c4edf/alert/text'
18:43:13.616 [Forwarding getAlertText on session 0ae1848a5fd1a766682e3e02270c4edf to remote] DEBUG org.asynchttpclient.netty.request.NettyRequestSender - Using open Channel [id: 0x64136066, L:/127.0.0.1:64668 - R:localhost/127.0.0.1:38867] for GET '/session/0ae1848a5fd1a766682e3e02270c4edf/alert/text'
18:43:13.777 [AsyncHttpClient-1-5] DEBUG org.asynchttpclient.netty.handler.HttpHandler - 

Request DefaultFullHttpRequest(decodeResult: success, version: HTTP/1.1, content: EmptyByteBufBE)
GET /session/0ae1848a5fd1a766682e3e02270c4edf/alert/text HTTP/1.1
User-Agent: selenium/4.8.1 (java windows)
Cache-Control: no-cache
Content-Type: application/json; charset=utf-8
host: localhost:38867
accept: */*

Response DefaultHttpResponse(decodeResult: success, version: HTTP/1.1)
HTTP/1.1 404 Not Found
Content-Length: 821
Content-Type: application/json; charset=utf-8
cache-control: no-cache

18:43:13.777 [AsyncHttpClient-1-5] DEBUG org.asynchttpclient.netty.channel.ChannelManager - Adding key: http://localhost:38867 for channel [id: 0x64136066, L:/127.0.0.1:64668 - R:localhost/127.0.0.1:38867]
18:43:13.778 [Forwarding getCurrentUrl on session 0ae1848a5fd1a766682e3e02270c4edf to remote] DEBUG org.asynchttpclient.netty.request.NettyRequestSender - Using pooled Channel '[id: 0x64136066, L:/127.0.0.1:64668 - R:localhost/127.0.0.1:38867]' for 'GET' to 'http://localhost:38867/session/0ae1848a5fd1a766682e3e02270c4edf/url'
18:43:13.778 [Forwarding getCurrentUrl on session 0ae1848a5fd1a766682e3e02270c4edf to remote] DEBUG org.asynchttpclient.netty.request.NettyRequestSender - Using open Channel [id: 0x64136066, L:/127.0.0.1:64668 - R:localhost/127.0.0.1:38867] for GET '/session/0ae1848a5fd1a766682e3e02270c4edf/url'
18:43:13.781 [AsyncHttpClient-1-5] DEBUG org.asynchttpclient.netty.handler.HttpHandler - 

Request DefaultFullHttpRequest(decodeResult: success, version: HTTP/1.1, content: EmptyByteBufBE)
GET /session/0ae1848a5fd1a766682e3e02270c4edf/url HTTP/1.1
User-Agent: selenium/4.8.1 (java windows)
Cache-Control: no-cache
Content-Type: application/json; charset=utf-8
host: localhost:38867
accept: */*

Response DefaultHttpResponse(decodeResult: success, version: HTTP/1.1)
HTTP/1.1 200 OK
Content-Length: 51
Content-Type: application/json; charset=utf-8
cache-control: no-cache

18:43:13.781 [AsyncHttpClient-1-5] DEBUG org.asynchttpclient.netty.channel.ChannelManager - Adding key: http://localhost:38867 for channel [id: 0x64136066, L:/127.0.0.1:64668 - R:localhost/127.0.0.1:38867]
18:43:13.783 [Forwarding screenshot on session 0ae1848a5fd1a766682e3e02270c4edf to remote] DEBUG org.asynchttpclient.netty.request.NettyRequestSender - Using pooled Channel '[id: 0x64136066, L:/127.0.0.1:64668 - R:localhost/127.0.0.1:38867]' for 'GET' to 'http://localhost:38867/session/0ae1848a5fd1a766682e3e02270c4edf/screenshot'
18:43:13.783 [Forwarding screenshot on session 0ae1848a5fd1a766682e3e02270c4edf to remote] DEBUG org.asynchttpclient.netty.request.NettyRequestSender - Using open Channel [id: 0x64136066, L:/127.0.0.1:64668 - R:localhost/127.0.0.1:38867] for GET '/session/0ae1848a5fd1a766682e3e02270c4edf/screenshot'
18:43:13.949 [AsyncHttpClient-1-5] DEBUG org.asynchttpclient.netty.handler.HttpHandler - 

Request DefaultFullHttpRequest(decodeResult: success, version: HTTP/1.1, content: EmptyByteBufBE)
GET /session/0ae1848a5fd1a766682e3e02270c4edf/screenshot HTTP/1.1
User-Agent: selenium/4.8.1 (java windows)
Cache-Control: no-cache
Content-Type: application/json; charset=utf-8
host: localhost:38867
accept: */*

Response DefaultHttpResponse(decodeResult: success, version: HTTP/1.1)
HTTP/1.1 200 OK
Content-Length: 33920
Content-Type: application/json; charset=utf-8
cache-control: no-cache

18:43:13.949 [AsyncHttpClient-1-5] DEBUG org.asynchttpclient.netty.channel.ChannelManager - Adding key: http://localhost:38867 for channel [id: 0x64136066, L:/127.0.0.1:64668 - R:localhost/127.0.0.1:38867]
18:43:13.951 [main] DEBUG net.serenitybdd.core.photography.Darkroom - Send negative for processing for target\site\serenity\216f75d3da0a51789e521b3f10e355a6c2c00b191d68ca09918ea9f79cd0e8cf.png
18:43:13.951 [main] DEBUG net.thucydides.core.steps.StepInterceptor - STEP DONE: clickLoginHomeButton
  &amp#27;[32mWhen &amp#27;[0m&amp#27;[32mI click login-home icon&amp#27;[0m                                &amp#27;[90m# starter.stepDefinition.LoginNegSteps.clickLoginHomeButton()&amp#27;[0m
18:43:13.951 [Darkroom Processing Line] DEBUG net.serenitybdd.core.photography.DarkroomProcessingLine - Processing screenshot image in /var/screenshots/screenshot-11020643346065643107
18:43:13.951 [Darkroom Processing Line] DEBUG net.serenitybdd.core.photography.DarkroomProcessingLine - Saving screenshot to target\site\serenity\216f75d3da0a51789e521b3f10e355a6c2c00b191d68ca09918ea9f79cd0e8cf.png
18:43:13.959 [Forwarding getPageSource on session 0ae1848a5fd1a766682e3e02270c4edf to remote] DEBUG org.asynchttpclient.netty.request.NettyRequestSender - Using pooled Channel '[id: 0x64136066, L:/127.0.0.1:64668 - R:localhost/127.0.0.1:38867]' for 'POST' to 'http://localhost:38867/session/0ae1848a5fd1a766682e3e02270c4edf/execute/sync'
18:43:13.959 [Forwarding getPageSource on session 0ae1848a5fd1a766682e3e02270c4edf to remote] DEBUG org.asynchttpclient.netty.request.NettyRequestSender - Using open Channel [id: 0x64136066, L:/127.0.0.1:64668 - R:localhost/127.0.0.1:38867] for POST '/session/0ae1848a5fd1a766682e3e02270c4edf/execute/sync'
18:43:13.964 [AsyncHttpClient-1-5] DEBUG org.asynchttpclient.netty.handler.HttpHandler - 

Request DefaultHttpRequest(decodeResult: success, version: HTTP/1.1)
POST /session/0ae1848a5fd1a766682e3e02270c4edf/execute/sync HTTP/1.1
User-Agent: selenium/4.8.1 (java windows)
Content-Length: 176
Content-Type: application/json; charset=utf-8
host: localhost:38867
accept: */*

Response DefaultHttpResponse(decodeResult: success, version: HTTP/1.1)
HTTP/1.1 200 OK
Content-Length: 21997
Content-Type: application/json; charset=utf-8
cache-control: no-cache

18:43:13.964 [AsyncHttpClient-1-5] DEBUG org.asynchttpclient.netty.channel.ChannelManager - Adding key: http://localhost:38867 for channel [id: 0x64136066, L:/127.0.0.1:64668 - R:localhost/127.0.0.1:38867]
18:43:13.968 [Forwarding getCurrentUrl on session 0ae1848a5fd1a766682e3e02270c4edf to remote] DEBUG org.asynchttpclient.netty.request.NettyRequestSender - Using pooled Channel '[id: 0x64136066, L:/127.0.0.1:64668 - R:localhost/127.0.0.1:38867]' for 'GET' to 'http://localhost:38867/session/0ae1848a5fd1a766682e3e02270c4edf/url'
18:43:13.968 [Forwarding getCurrentUrl on session 0ae1848a5fd1a766682e3e02270c4edf to remote] DEBUG org.asynchttpclient.netty.request.NettyRequestSender - Using open Channel [id: 0x64136066, L:/127.0.0.1:64668 - R:localhost/127.0.0.1:38867] for GET '/session/0ae1848a5fd1a766682e3e02270c4edf/url'
18:43:13.970 [AsyncHttpClient-1-5] DEBUG org.asynchttpclient.netty.handler.HttpHandler - 

Request DefaultFullHttpRequest(decodeResult: success, version: HTTP/1.1, content: EmptyByteBufBE)
GET /session/0ae1848a5fd1a766682e3e02270c4edf/url HTTP/1.1
User-Agent: selenium/4.8.1 (java windows)
Cache-Control: no-cache
Content-Type: application/json; charset=utf-8
host: localhost:38867
accept: */*

Response DefaultHttpResponse(decodeResult: success, version: HTTP/1.1)
HTTP/1.1 200 OK
Content-Length: 51
Content-Type: application/json; charset=utf-8
cache-control: no-cache

18:43:13.970 [AsyncHttpClient-1-5] DEBUG org.asynchttpclient.netty.channel.ChannelManager - Adding key: http://localhost:38867 for channel [id: 0x64136066, L:/127.0.0.1:64668 - R:localhost/127.0.0.1:38867]
18:43:13.979 [Forwarding getPageSource on session 0ae1848a5fd1a766682e3e02270c4edf to remote] DEBUG org.asynchttpclient.netty.request.NettyRequestSender - Using pooled Channel '[id: 0x64136066, L:/127.0.0.1:64668 - R:localhost/127.0.0.1:38867]' for 'POST' to 'http://localhost:38867/session/0ae1848a5fd1a766682e3e02270c4edf/execute/sync'
18:43:13.979 [Forwarding getPageSource on session 0ae1848a5fd1a766682e3e02270c4edf to remote] DEBUG org.asynchttpclient.netty.request.NettyRequestSender - Using open Channel [id: 0x64136066, L:/127.0.0.1:64668 - R:localhost/127.0.0.1:38867] for POST '/session/0ae1848a5fd1a766682e3e02270c4edf/execute/sync'
18:43:13.983 [AsyncHttpClient-1-5] DEBUG org.asynchttpclient.netty.handler.HttpHandler - 

Request DefaultHttpRequest(decodeResult: success, version: HTTP/1.1)
POST /session/0ae1848a5fd1a766682e3e02270c4edf/execute/sync HTTP/1.1
User-Agent: selenium/4.8.1 (java windows)
Content-Length: 176
Content-Type: application/json; charset=utf-8
host: localhost:38867
accept: */*

Response DefaultHttpResponse(decodeResult: success, version: HTTP/1.1)
HTTP/1.1 200 OK
Content-Length: 21997
Content-Type: application/json; charset=utf-8
cache-control: no-cache

18:43:13.983 [AsyncHttpClient-1-5] DEBUG org.asynchttpclient.netty.channel.ChannelManager - Adding key: http://localhost:38867 for channel [id: 0x64136066, L:/127.0.0.1:64668 - R:localhost/127.0.0.1:38867]
18:43:13.986 [Forwarding getCurrentUrl on session 0ae1848a5fd1a766682e3e02270c4edf to remote] DEBUG org.asynchttpclient.netty.request.NettyRequestSender - Using pooled Channel '[id: 0x64136066, L:/127.0.0.1:64668 - R:localhost/127.0.0.1:38867]' for 'GET' to 'http://localhost:38867/session/0ae1848a5fd1a766682e3e02270c4edf/url'
18:43:13.986 [Forwarding getCurrentUrl on session 0ae1848a5fd1a766682e3e02270c4edf to remote] DEBUG org.asynchttpclient.netty.request.NettyRequestSender - Using open Channel [id: 0x64136066, L:/127.0.0.1:64668 - R:localhost/127.0.0.1:38867] for GET '/session/0ae1848a5fd1a766682e3e02270c4edf/url'
18:43:13.990 [AsyncHttpClient-1-5] DEBUG org.asynchttpclient.netty.handler.HttpHandler - 

Request DefaultFullHttpRequest(decodeResult: success, version: HTTP/1.1, content: EmptyByteBufBE)
GET /session/0ae1848a5fd1a766682e3e02270c4edf/url HTTP/1.1
User-Agent: selenium/4.8.1 (java windows)
Cache-Control: no-cache
Content-Type: application/json; charset=utf-8
host: localhost:38867
accept: */*

Response DefaultHttpResponse(decodeResult: success, version: HTTP/1.1)
HTTP/1.1 200 OK
Content-Length: 51
Content-Type: application/json; charset=utf-8
cache-control: no-cache

18:43:13.990 [AsyncHttpClient-1-5] DEBUG org.asynchttpclient.netty.channel.ChannelManager - Adding key: http://localhost:38867 for channel [id: 0x64136066, L:/127.0.0.1:64668 - R:localhost/127.0.0.1:38867]
18:43:13.992 [main] DEBUG net.thucydides.core.steps.StepInterceptor - STARTING STEP: LoginNegSteps.inputValidEmail - inputValidEmail
18:43:13.995 [Forwarding findElement on session 0ae1848a5fd1a766682e3e02270c4edf to remote] DEBUG org.asynchttpclient.netty.request.NettyRequestSender - Using pooled Channel '[id: 0x64136066, L:/127.0.0.1:64668 - R:localhost/127.0.0.1:38867]' for 'POST' to 'http://localhost:38867/session/0ae1848a5fd1a766682e3e02270c4edf/element'
18:43:13.995 [Forwarding findElement on session 0ae1848a5fd1a766682e3e02270c4edf to remote] DEBUG org.asynchttpclient.netty.request.NettyRequestSender - Using open Channel [id: 0x64136066, L:/127.0.0.1:64668 - R:localhost/127.0.0.1:38867] for POST '/session/0ae1848a5fd1a766682e3e02270c4edf/element'
18:43:14.003 [AsyncHttpClient-1-5] DEBUG org.asynchttpclient.netty.handler.HttpHandler - 

Request DefaultHttpRequest(decodeResult: success, version: HTTP/1.1)
POST /session/0ae1848a5fd1a766682e3e02270c4edf/element HTTP/1.1
User-Agent: selenium/4.8.1 (java windows)
Content-Length: 125
Content-Type: application/json; charset=utf-8
host: localhost:38867
accept: */*

Response DefaultHttpResponse(decodeResult: success, version: HTTP/1.1)
HTTP/1.1 200 OK
Content-Length: 88
Content-Type: application/json; charset=utf-8
cache-control: no-cache

18:43:14.003 [AsyncHttpClient-1-5] DEBUG org.asynchttpclient.netty.channel.ChannelManager - Adding key: http://localhost:38867 for channel [id: 0x64136066, L:/127.0.0.1:64668 - R:localhost/127.0.0.1:38867]
18:43:14.005 [Forwarding clearElement on session 0ae1848a5fd1a766682e3e02270c4edf to remote] DEBUG org.asynchttpclient.netty.request.NettyRequestSender - Using pooled Channel '[id: 0x64136066, L:/127.0.0.1:64668 - R:localhost/127.0.0.1:38867]' for 'POST' to 'http://localhost:38867/session/0ae1848a5fd1a766682e3e02270c4edf/element/17f6d871-30be-470a-8443-983e01284d86/clear'
18:43:14.006 [Forwarding clearElement on session 0ae1848a5fd1a766682e3e02270c4edf to remote] DEBUG org.asynchttpclient.netty.request.NettyRequestSender - Using open Channel [id: 0x64136066, L:/127.0.0.1:64668 - R:localhost/127.0.0.1:38867] for POST '/session/0ae1848a5fd1a766682e3e02270c4edf/element/17f6d871-30be-470a-8443-983e01284d86/clear'
18:43:14.030 [AsyncHttpClient-1-5] DEBUG org.asynchttpclient.netty.handler.HttpHandler - 

Request DefaultHttpRequest(decodeResult: success, version: HTTP/1.1)
POST /session/0ae1848a5fd1a766682e3e02270c4edf/element/17f6d871-30be-470a-8443-983e01284d86/clear HTTP/1.1
User-Agent: selenium/4.8.1 (java windows)
Content-Length: 50
Content-Type: application/json; charset=utf-8
host: localhost:38867
accept: */*

Response DefaultHttpResponse(decodeResult: success, version: HTTP/1.1)
HTTP/1.1 200 OK
Content-Length: 14
Content-Type: application/json; charset=utf-8
cache-control: no-cache

18:43:14.030 [AsyncHttpClient-1-5] DEBUG org.asynchttpclient.netty.channel.ChannelManager - Adding key: http://localhost:38867 for channel [id: 0x64136066, L:/127.0.0.1:64668 - R:localhost/127.0.0.1:38867]
18:43:14.034 [Forwarding sendKeysToElement on session 0ae1848a5fd1a766682e3e02270c4edf to remote] DEBUG org.asynchttpclient.netty.request.NettyRequestSender - Using pooled Channel '[id: 0x64136066, L:/127.0.0.1:64668 - R:localhost/127.0.0.1:38867]' for 'POST' to 'http://localhost:38867/session/0ae1848a5fd1a766682e3e02270c4edf/element/17f6d871-30be-470a-8443-983e01284d86/value'
18:43:14.034 [Forwarding sendKeysToElement on session 0ae1848a5fd1a766682e3e02270c4edf to remote] DEBUG org.asynchttpclient.netty.request.NettyRequestSender - Using open Channel [id: 0x64136066, L:/127.0.0.1:64668 - R:localhost/127.0.0.1:38867] for POST '/session/0ae1848a5fd1a766682e3e02270c4edf/element/17f6d871-30be-470a-8443-983e01284d86/value'
18:43:14.150 [AsyncHttpClient-1-5] DEBUG org.asynchttpclient.netty.handler.HttpHandler - 

Request DefaultHttpRequest(decodeResult: success, version: HTTP/1.1)
POST /session/0ae1848a5fd1a766682e3e02270c4edf/element/17f6d871-30be-470a-8443-983e01284d86/value HTTP/1.1
User-Agent: selenium/4.8.1 (java windows)
Content-Length: 461
Content-Type: application/json; charset=utf-8
host: localhost:38867
accept: */*

Response DefaultHttpResponse(decodeResult: success, version: HTTP/1.1)
HTTP/1.1 200 OK
Content-Length: 14
Content-Type: application/json; charset=utf-8
cache-control: no-cache

18:43:14.150 [AsyncHttpClient-1-5] DEBUG org.asynchttpclient.netty.channel.ChannelManager - Adding key: http://localhost:38867 for channel [id: 0x64136066, L:/127.0.0.1:64668 - R:localhost/127.0.0.1:38867]
18:43:14.155 [Forwarding getAlertText on session 0ae1848a5fd1a766682e3e02270c4edf to remote] DEBUG org.asynchttpclient.netty.request.NettyRequestSender - Using pooled Channel '[id: 0x64136066, L:/127.0.0.1:64668 - R:localhost/127.0.0.1:38867]' for 'GET' to 'http://localhost:38867/session/0ae1848a5fd1a766682e3e02270c4edf/alert/text'
18:43:14.155 [Forwarding getAlertText on session 0ae1848a5fd1a766682e3e02270c4edf to remote] DEBUG org.asynchttpclient.netty.request.NettyRequestSender - Using open Channel [id: 0x64136066, L:/127.0.0.1:64668 - R:localhost/127.0.0.1:38867] for GET '/session/0ae1848a5fd1a766682e3e02270c4edf/alert/text'
18:43:14.156 [AsyncHttpClient-1-5] DEBUG org.asynchttpclient.netty.handler.HttpHandler - 

Request DefaultFullHttpRequest(decodeResult: success, version: HTTP/1.1, content: EmptyByteBufBE)
GET /session/0ae1848a5fd1a766682e3e02270c4edf/alert/text HTTP/1.1
User-Agent: selenium/4.8.1 (java windows)
Cache-Control: no-cache
Content-Type: application/json; charset=utf-8
host: localhost:38867
accept: */*

Response DefaultHttpResponse(decodeResult: success, version: HTTP/1.1)
HTTP/1.1 404 Not Found
Content-Length: 821
Content-Type: application/json; charset=utf-8
cache-control: no-cache

18:43:14.157 [AsyncHttpClient-1-5] DEBUG org.asynchttpclient.netty.channel.ChannelManager - Adding key: http://localhost:38867 for channel [id: 0x64136066, L:/127.0.0.1:64668 - R:localhost/127.0.0.1:38867]
18:43:14.159 [Forwarding getCurrentUrl on session 0ae1848a5fd1a766682e3e02270c4edf to remote] DEBUG org.asynchttpclient.netty.request.NettyRequestSender - Using pooled Channel '[id: 0x64136066, L:/127.0.0.1:64668 - R:localhost/127.0.0.1:38867]' for 'GET' to 'http://localhost:38867/session/0ae1848a5fd1a766682e3e02270c4edf/url'
18:43:14.159 [Forwarding getCurrentUrl on session 0ae1848a5fd1a766682e3e02270c4edf to remote] DEBUG org.asynchttpclient.netty.request.NettyRequestSender - Using open Channel [id: 0x64136066, L:/127.0.0.1:64668 - R:localhost/127.0.0.1:38867] for GET '/session/0ae1848a5fd1a766682e3e02270c4edf/url'
18:43:14.161 [AsyncHttpClient-1-5] DEBUG org.asynchttpclient.netty.handler.HttpHandler - 

Request DefaultFullHttpRequest(decodeResult: success, version: HTTP/1.1, content: EmptyByteBufBE)
GET /session/0ae1848a5fd1a766682e3e02270c4edf/url HTTP/1.1
User-Agent: selenium/4.8.1 (java windows)
Cache-Control: no-cache
Content-Type: application/json; charset=utf-8
host: localhost:38867
accept: */*

Response DefaultHttpResponse(decodeResult: success, version: HTTP/1.1)
HTTP/1.1 200 OK
Content-Length: 51
Content-Type: application/json; charset=utf-8
cache-control: no-cache

18:43:14.161 [AsyncHttpClient-1-5] DEBUG org.asynchttpclient.netty.channel.ChannelManager - Adding key: http://localhost:38867 for channel [id: 0x64136066, L:/127.0.0.1:64668 - R:localhost/127.0.0.1:38867]
18:43:14.162 [Forwarding screenshot on session 0ae1848a5fd1a766682e3e02270c4edf to remote] DEBUG org.asynchttpclient.netty.request.NettyRequestSender - Using pooled Channel '[id: 0x64136066, L:/127.0.0.1:64668 - R:localhost/127.0.0.1:38867]' for 'GET' to 'http://localhost:38867/session/0ae1848a5fd1a766682e3e02270c4edf/screenshot'
18:43:14.162 [Forwarding screenshot on session 0ae1848a5fd1a766682e3e02270c4edf to remote] DEBUG org.asynchttpclient.netty.request.NettyRequestSender - Using open Channel [id: 0x64136066, L:/127.0.0.1:64668 - R:localhost/127.0.0.1:38867] for GET '/session/0ae1848a5fd1a766682e3e02270c4edf/screenshot'
18:43:14.264 [AsyncHttpClient-1-5] DEBUG org.asynchttpclient.netty.handler.HttpHandler - 

Request DefaultFullHttpRequest(decodeResult: success, version: HTTP/1.1, content: EmptyByteBufBE)
GET /session/0ae1848a5fd1a766682e3e02270c4edf/screenshot HTTP/1.1
User-Agent: selenium/4.8.1 (java windows)
Cache-Control: no-cache
Content-Type: application/json; charset=utf-8
host: localhost:38867
accept: */*

Response DefaultHttpResponse(decodeResult: success, version: HTTP/1.1)
HTTP/1.1 200 OK
Content-Length: 42520
Content-Type: application/json; charset=utf-8
cache-control: no-cache

18:43:14.265 [AsyncHttpClient-1-5] DEBUG org.asynchttpclient.netty.channel.ChannelManager - Adding key: http://localhost:38867 for channel [id: 0x64136066, L:/127.0.0.1:64668 - R:localhost/127.0.0.1:38867]
18:43:14.266 [main] DEBUG net.serenitybdd.core.photography.Darkroom - Send negative for processing for target\site\serenity\dabf1217360b0e03adc89be2725e469e8ca2e2d82b027a54f8993d409f1c7fcd.png
18:43:14.266 [main] DEBUG net.thucydides.core.steps.StepInterceptor - STEP DONE: inputValidEmail
18:43:14.266 [Darkroom Processing Line] DEBUG net.serenitybdd.core.photography.DarkroomProcessingLine - Processing screenshot image in /var/screenshots/screenshot-12393114200189694521
18:43:14.266 [Darkroom Processing Line] DEBUG net.serenitybdd.core.photography.DarkroomProcessingLine - Saving screenshot to target\site\serenity\dabf1217360b0e03adc89be2725e469e8ca2e2d82b027a54f8993d409f1c7fcd.png
  &amp#27;[32mAnd &amp#27;[0m&amp#27;[32mI input Valid Email&amp#27;[0m                                     &amp#27;[90m# starter.stepDefinition.LoginNegSteps.inputValidEmail()&amp#27;[0m
18:43:14.273 [Forwarding getPageSource on session 0ae1848a5fd1a766682e3e02270c4edf to remote] DEBUG org.asynchttpclient.netty.request.NettyRequestSender - Using pooled Channel '[id: 0x64136066, L:/127.0.0.1:64668 - R:localhost/127.0.0.1:38867]' for 'POST' to 'http://localhost:38867/session/0ae1848a5fd1a766682e3e02270c4edf/execute/sync'
18:43:14.273 [Forwarding getPageSource on session 0ae1848a5fd1a766682e3e02270c4edf to remote] DEBUG org.asynchttpclient.netty.request.NettyRequestSender - Using open Channel [id: 0x64136066, L:/127.0.0.1:64668 - R:localhost/127.0.0.1:38867] for POST '/session/0ae1848a5fd1a766682e3e02270c4edf/execute/sync'
18:43:14.279 [AsyncHttpClient-1-5] DEBUG org.asynchttpclient.netty.handler.HttpHandler - 

Request DefaultHttpRequest(decodeResult: success, version: HTTP/1.1)
POST /session/0ae1848a5fd1a766682e3e02270c4edf/execute/sync HTTP/1.1
User-Agent: selenium/4.8.1 (java windows)
Content-Length: 176
Content-Type: application/json; charset=utf-8
host: localhost:38867
accept: */*

Response DefaultHttpResponse(decodeResult: success, version: HTTP/1.1)
HTTP/1.1 200 OK
Content-Length: 21788
Content-Type: application/json; charset=utf-8
cache-control: no-cache

18:43:14.280 [AsyncHttpClient-1-5] DEBUG org.asynchttpclient.netty.channel.ChannelManager - Adding key: http://localhost:38867 for channel [id: 0x64136066, L:/127.0.0.1:64668 - R:localhost/127.0.0.1:38867]
18:43:14.284 [Forwarding getCurrentUrl on session 0ae1848a5fd1a766682e3e02270c4edf to remote] DEBUG org.asynchttpclient.netty.request.NettyRequestSender - Using pooled Channel '[id: 0x64136066, L:/127.0.0.1:64668 - R:localhost/127.0.0.1:38867]' for 'GET' to 'http://localhost:38867/session/0ae1848a5fd1a766682e3e02270c4edf/url'
18:43:14.284 [Forwarding getCurrentUrl on session 0ae1848a5fd1a766682e3e02270c4edf to remote] DEBUG org.asynchttpclient.netty.request.NettyRequestSender - Using open Channel [id: 0x64136066, L:/127.0.0.1:64668 - R:localhost/127.0.0.1:38867] for GET '/session/0ae1848a5fd1a766682e3e02270c4edf/url'
18:43:14.287 [AsyncHttpClient-1-5] DEBUG org.asynchttpclient.netty.handler.HttpHandler - 

Request DefaultFullHttpRequest(decodeResult: success, version: HTTP/1.1, content: EmptyByteBufBE)
GET /session/0ae1848a5fd1a766682e3e02270c4edf/url HTTP/1.1
User-Agent: selenium/4.8.1 (java windows)
Cache-Control: no-cache
Content-Type: application/json; charset=utf-8
host: localhost:38867
accept: */*

Response DefaultHttpResponse(decodeResult: success, version: HTTP/1.1)
HTTP/1.1 200 OK
Content-Length: 51
Content-Type: application/json; charset=utf-8
cache-control: no-cache

18:43:14.287 [AsyncHttpClient-1-5] DEBUG org.asynchttpclient.netty.channel.ChannelManager - Adding key: http://localhost:38867 for channel [id: 0x64136066, L:/127.0.0.1:64668 - R:localhost/127.0.0.1:38867]
18:43:14.290 [AsyncHttpClient-1-1] DEBUG org.asynchttpclient.netty.channel.DefaultChannelPool - Entry count for : http://localhost:64669 : 1
18:43:14.290 [AsyncHttpClient-1-1] DEBUG org.asynchttpclient.netty.channel.DefaultChannelPool - Entry count for : http://localhost:38867 : 1
18:43:14.296 [Forwarding getPageSource on session 0ae1848a5fd1a766682e3e02270c4edf to remote] DEBUG org.asynchttpclient.netty.request.NettyRequestSender - Using pooled Channel '[id: 0x64136066, L:/127.0.0.1:64668 - R:localhost/127.0.0.1:38867]' for 'POST' to 'http://localhost:38867/session/0ae1848a5fd1a766682e3e02270c4edf/execute/sync'
18:43:14.296 [Forwarding getPageSource on session 0ae1848a5fd1a766682e3e02270c4edf to remote] DEBUG org.asynchttpclient.netty.request.NettyRequestSender - Using open Channel [id: 0x64136066, L:/127.0.0.1:64668 - R:localhost/127.0.0.1:38867] for POST '/session/0ae1848a5fd1a766682e3e02270c4edf/execute/sync'
18:43:14.298 [AsyncHttpClient-1-5] DEBUG org.asynchttpclient.netty.handler.HttpHandler - 

Request DefaultHttpRequest(decodeResult: success, version: HTTP/1.1)
POST /session/0ae1848a5fd1a766682e3e02270c4edf/execute/sync HTTP/1.1
User-Agent: selenium/4.8.1 (java windows)
Content-Length: 176
Content-Type: application/json; charset=utf-8
host: localhost:38867
accept: */*

Response DefaultHttpResponse(decodeResult: success, version: HTTP/1.1)
HTTP/1.1 200 OK
Content-Length: 21788
Content-Type: application/json; charset=utf-8
cache-control: no-cache

18:43:14.299 [AsyncHttpClient-1-5] DEBUG org.asynchttpclient.netty.channel.ChannelManager - Adding key: http://localhost:38867 for channel [id: 0x64136066, L:/127.0.0.1:64668 - R:localhost/127.0.0.1:38867]
18:43:14.300 [Forwarding getCurrentUrl on session 0ae1848a5fd1a766682e3e02270c4edf to remote] DEBUG org.asynchttpclient.netty.request.NettyRequestSender - Using pooled Channel '[id: 0x64136066, L:/127.0.0.1:64668 - R:localhost/127.0.0.1:38867]' for 'GET' to 'http://localhost:38867/session/0ae1848a5fd1a766682e3e02270c4edf/url'
18:43:14.300 [Forwarding getCurrentUrl on session 0ae1848a5fd1a766682e3e02270c4edf to remote] DEBUG org.asynchttpclient.netty.request.NettyRequestSender - Using open Channel [id: 0x64136066, L:/127.0.0.1:64668 - R:localhost/127.0.0.1:38867] for GET '/session/0ae1848a5fd1a766682e3e02270c4edf/url'
18:43:14.302 [AsyncHttpClient-1-5] DEBUG org.asynchttpclient.netty.handler.HttpHandler - 

Request DefaultFullHttpRequest(decodeResult: success, version: HTTP/1.1, content: EmptyByteBufBE)
GET /session/0ae1848a5fd1a766682e3e02270c4edf/url HTTP/1.1
User-Agent: selenium/4.8.1 (java windows)
Cache-Control: no-cache
Content-Type: application/json; charset=utf-8
host: localhost:38867
accept: */*

Response DefaultHttpResponse(decodeResult: success, version: HTTP/1.1)
HTTP/1.1 200 OK
Content-Length: 51
Content-Type: application/json; charset=utf-8
cache-control: no-cache

18:43:14.302 [AsyncHttpClient-1-5] DEBUG org.asynchttpclient.netty.channel.ChannelManager - Adding key: http://localhost:38867 for channel [id: 0x64136066, L:/127.0.0.1:64668 - R:localhost/127.0.0.1:38867]
18:43:14.304 [main] DEBUG net.thucydides.core.steps.StepInterceptor - STARTING STEP: LoginNegSteps.inputInalidPassword - inputInvalidPassword
18:43:14.308 [Forwarding findElement on session 0ae1848a5fd1a766682e3e02270c4edf to remote] DEBUG org.asynchttpclient.netty.request.NettyRequestSender - Using pooled Channel '[id: 0x64136066, L:/127.0.0.1:64668 - R:localhost/127.0.0.1:38867]' for 'POST' to 'http://localhost:38867/session/0ae1848a5fd1a766682e3e02270c4edf/element'
18:43:14.308 [Forwarding findElement on session 0ae1848a5fd1a766682e3e02270c4edf to remote] DEBUG org.asynchttpclient.netty.request.NettyRequestSender - Using open Channel [id: 0x64136066, L:/127.0.0.1:64668 - R:localhost/127.0.0.1:38867] for POST '/session/0ae1848a5fd1a766682e3e02270c4edf/element'
18:43:14.316 [AsyncHttpClient-1-5] DEBUG org.asynchttpclient.netty.handler.HttpHandler - 

Request DefaultHttpRequest(decodeResult: success, version: HTTP/1.1)
POST /session/0ae1848a5fd1a766682e3e02270c4edf/element HTTP/1.1
User-Agent: selenium/4.8.1 (java windows)
Content-Length: 128
Content-Type: application/json; charset=utf-8
host: localhost:38867
accept: */*

Response DefaultHttpResponse(decodeResult: success, version: HTTP/1.1)
HTTP/1.1 200 OK
Content-Length: 88
Content-Type: application/json; charset=utf-8
cache-control: no-cache

18:43:14.316 [AsyncHttpClient-1-5] DEBUG org.asynchttpclient.netty.channel.ChannelManager - Adding key: http://localhost:38867 for channel [id: 0x64136066, L:/127.0.0.1:64668 - R:localhost/127.0.0.1:38867]
18:43:14.317 [Forwarding clearElement on session 0ae1848a5fd1a766682e3e02270c4edf to remote] DEBUG org.asynchttpclient.netty.request.NettyRequestSender - Using pooled Channel '[id: 0x64136066, L:/127.0.0.1:64668 - R:localhost/127.0.0.1:38867]' for 'POST' to 'http://localhost:38867/session/0ae1848a5fd1a766682e3e02270c4edf/element/ec91a539-6ab1-4b23-98a2-c243711d637b/clear'
18:43:14.317 [Forwarding clearElement on session 0ae1848a5fd1a766682e3e02270c4edf to remote] DEBUG org.asynchttpclient.netty.request.NettyRequestSender - Using open Channel [id: 0x64136066, L:/127.0.0.1:64668 - R:localhost/127.0.0.1:38867] for POST '/session/0ae1848a5fd1a766682e3e02270c4edf/element/ec91a539-6ab1-4b23-98a2-c243711d637b/clear'
18:43:14.339 [AsyncHttpClient-1-5] DEBUG org.asynchttpclient.netty.handler.HttpHandler - 

Request DefaultHttpRequest(decodeResult: success, version: HTTP/1.1)
POST /session/0ae1848a5fd1a766682e3e02270c4edf/element/ec91a539-6ab1-4b23-98a2-c243711d637b/clear HTTP/1.1
User-Agent: selenium/4.8.1 (java windows)
Content-Length: 50
Content-Type: application/json; charset=utf-8
host: localhost:38867
accept: */*

Response DefaultHttpResponse(decodeResult: success, version: HTTP/1.1)
HTTP/1.1 200 OK
Content-Length: 14
Content-Type: application/json; charset=utf-8
cache-control: no-cache

18:43:14.339 [AsyncHttpClient-1-5] DEBUG org.asynchttpclient.netty.channel.ChannelManager - Adding key: http://localhost:38867 for channel [id: 0x64136066, L:/127.0.0.1:64668 - R:localhost/127.0.0.1:38867]
18:43:14.341 [Forwarding sendKeysToElement on session 0ae1848a5fd1a766682e3e02270c4edf to remote] DEBUG org.asynchttpclient.netty.request.NettyRequestSender - Using pooled Channel '[id: 0x64136066, L:/127.0.0.1:64668 - R:localhost/127.0.0.1:38867]' for 'POST' to 'http://localhost:38867/session/0ae1848a5fd1a766682e3e02270c4edf/element/ec91a539-6ab1-4b23-98a2-c243711d637b/value'
18:43:14.341 [Forwarding sendKeysToElement on session 0ae1848a5fd1a766682e3e02270c4edf to remote] DEBUG org.asynchttpclient.netty.request.NettyRequestSender - Using open Channel [id: 0x64136066, L:/127.0.0.1:64668 - R:localhost/127.0.0.1:38867] for POST '/session/0ae1848a5fd1a766682e3e02270c4edf/element/ec91a539-6ab1-4b23-98a2-c243711d637b/value'
18:43:14.410 [AsyncHttpClient-1-5] DEBUG org.asynchttpclient.netty.handler.HttpHandler - 

Request DefaultHttpRequest(decodeResult: success, version: HTTP/1.1)
POST /session/0ae1848a5fd1a766682e3e02270c4edf/element/ec91a539-6ab1-4b23-98a2-c243711d637b/value HTTP/1.1
User-Agent: selenium/4.8.1 (java windows)
Content-Length: 231
Content-Type: application/json; charset=utf-8
host: localhost:38867
accept: */*

Response DefaultHttpResponse(decodeResult: success, version: HTTP/1.1)
HTTP/1.1 200 OK
Content-Length: 14
Content-Type: application/json; charset=utf-8
cache-control: no-cache

18:43:14.410 [AsyncHttpClient-1-5] DEBUG org.asynchttpclient.netty.channel.ChannelManager - Adding key: http://localhost:38867 for channel [id: 0x64136066, L:/127.0.0.1:64668 - R:localhost/127.0.0.1:38867]
18:43:14.416 [Forwarding getAlertText on session 0ae1848a5fd1a766682e3e02270c4edf to remote] DEBUG org.asynchttpclient.netty.request.NettyRequestSender - Using pooled Channel '[id: 0x64136066, L:/127.0.0.1:64668 - R:localhost/127.0.0.1:38867]' for 'GET' to 'http://localhost:38867/session/0ae1848a5fd1a766682e3e02270c4edf/alert/text'
18:43:14.416 [Forwarding getAlertText on session 0ae1848a5fd1a766682e3e02270c4edf to remote] DEBUG org.asynchttpclient.netty.request.NettyRequestSender - Using open Channel [id: 0x64136066, L:/127.0.0.1:64668 - R:localhost/127.0.0.1:38867] for GET '/session/0ae1848a5fd1a766682e3e02270c4edf/alert/text'
18:43:14.418 [AsyncHttpClient-1-5] DEBUG org.asynchttpclient.netty.handler.HttpHandler - 

Request DefaultFullHttpRequest(decodeResult: success, version: HTTP/1.1, content: EmptyByteBufBE)
GET /session/0ae1848a5fd1a766682e3e02270c4edf/alert/text HTTP/1.1
User-Agent: selenium/4.8.1 (java windows)
Cache-Control: no-cache
Content-Type: application/json; charset=utf-8
host: localhost:38867
accept: */*

Response DefaultHttpResponse(decodeResult: success, version: HTTP/1.1)
HTTP/1.1 404 Not Found
Content-Length: 821
Content-Type: application/json; charset=utf-8
cache-control: no-cache

18:43:14.418 [AsyncHttpClient-1-5] DEBUG org.asynchttpclient.netty.channel.ChannelManager - Adding key: http://localhost:38867 for channel [id: 0x64136066, L:/127.0.0.1:64668 - R:localhost/127.0.0.1:38867]
18:43:14.419 [Forwarding getCurrentUrl on session 0ae1848a5fd1a766682e3e02270c4edf to remote] DEBUG org.asynchttpclient.netty.request.NettyRequestSender - Using pooled Channel '[id: 0x64136066, L:/127.0.0.1:64668 - R:localhost/127.0.0.1:38867]' for 'GET' to 'http://localhost:38867/session/0ae1848a5fd1a766682e3e02270c4edf/url'
18:43:14.419 [Forwarding getCurrentUrl on session 0ae1848a5fd1a766682e3e02270c4edf to remote] DEBUG org.asynchttpclient.netty.request.NettyRequestSender - Using open Channel [id: 0x64136066, L:/127.0.0.1:64668 - R:localhost/127.0.0.1:38867] for GET '/session/0ae1848a5fd1a766682e3e02270c4edf/url'
18:43:14.422 [AsyncHttpClient-1-5] DEBUG org.asynchttpclient.netty.handler.HttpHandler - 

Request DefaultFullHttpRequest(decodeResult: success, version: HTTP/1.1, content: EmptyByteBufBE)
GET /session/0ae1848a5fd1a766682e3e02270c4edf/url HTTP/1.1
User-Agent: selenium/4.8.1 (java windows)
Cache-Control: no-cache
Content-Type: application/json; charset=utf-8
host: localhost:38867
accept: */*

Response DefaultHttpResponse(decodeResult: success, version: HTTP/1.1)
HTTP/1.1 200 OK
Content-Length: 51
Content-Type: application/json; charset=utf-8
cache-control: no-cache

18:43:14.422 [AsyncHttpClient-1-5] DEBUG org.asynchttpclient.netty.channel.ChannelManager - Adding key: http://localhost:38867 for channel [id: 0x64136066, L:/127.0.0.1:64668 - R:localhost/127.0.0.1:38867]
18:43:14.423 [Forwarding screenshot on session 0ae1848a5fd1a766682e3e02270c4edf to remote] DEBUG org.asynchttpclient.netty.request.NettyRequestSender - Using pooled Channel '[id: 0x64136066, L:/127.0.0.1:64668 - R:localhost/127.0.0.1:38867]' for 'GET' to 'http://localhost:38867/session/0ae1848a5fd1a766682e3e02270c4edf/screenshot'
18:43:14.423 [Forwarding screenshot on session 0ae1848a5fd1a766682e3e02270c4edf to remote] DEBUG org.asynchttpclient.netty.request.NettyRequestSender - Using open Channel [id: 0x64136066, L:/127.0.0.1:64668 - R:localhost/127.0.0.1:38867] for GET '/session/0ae1848a5fd1a766682e3e02270c4edf/screenshot'
18:43:14.547 [AsyncHttpClient-1-5] DEBUG org.asynchttpclient.netty.handler.HttpHandler - 

Request DefaultFullHttpRequest(decodeResult: success, version: HTTP/1.1, content: EmptyByteBufBE)
GET /session/0ae1848a5fd1a766682e3e02270c4edf/screenshot HTTP/1.1
User-Agent: selenium/4.8.1 (java windows)
Cache-Control: no-cache
Content-Type: application/json; charset=utf-8
host: localhost:38867
accept: */*

Response DefaultHttpResponse(decodeResult: success, version: HTTP/1.1)
HTTP/1.1 200 OK
Content-Length: 47616
Content-Type: application/json; charset=utf-8
cache-control: no-cache

18:43:14.547 [AsyncHttpClient-1-5] DEBUG org.asynchttpclient.netty.channel.ChannelManager - Adding key: http://localhost:38867 for channel [id: 0x64136066, L:/127.0.0.1:64668 - R:localhost/127.0.0.1:38867]
18:43:14.550 [main] DEBUG net.serenitybdd.core.photography.Darkroom - Send negative for processing for target\site\serenity\2c431ed0c55f3cb623bbf91410bc1d38130cd450f10701cf43835d4f1083cf46.png
18:43:14.550 [main] DEBUG net.thucydides.core.steps.StepInterceptor - STEP DONE: inputInvalidPassword
18:43:14.550 [Darkroom Processing Line] DEBUG net.serenitybdd.core.photography.DarkroomProcessingLine - Processing screenshot image in /var/screenshots/screenshot-15293560398223400915
18:43:14.550 [Darkroom Processing Line] DEBUG net.serenitybdd.core.photography.DarkroomProcessingLine - Saving screenshot to target\site\serenity\2c431ed0c55f3cb623bbf91410bc1d38130cd450f10701cf43835d4f1083cf46.png
  &amp#27;[32mAnd &amp#27;[0m&amp#27;[32mI input invalid Password&amp#27;[0m                                &amp#27;[90m# starter.stepDefinition.LoginNegSteps.inputInalidPassword()&amp#27;[0m
18:43:14.558 [Forwarding getPageSource on session 0ae1848a5fd1a766682e3e02270c4edf to remote] DEBUG org.asynchttpclient.netty.request.NettyRequestSender - Using pooled Channel '[id: 0x64136066, L:/127.0.0.1:64668 - R:localhost/127.0.0.1:38867]' for 'POST' to 'http://localhost:38867/session/0ae1848a5fd1a766682e3e02270c4edf/execute/sync'
18:43:14.558 [Forwarding getPageSource on session 0ae1848a5fd1a766682e3e02270c4edf to remote] DEBUG org.asynchttpclient.netty.request.NettyRequestSender - Using open Channel [id: 0x64136066, L:/127.0.0.1:64668 - R:localhost/127.0.0.1:38867] for POST '/session/0ae1848a5fd1a766682e3e02270c4edf/execute/sync'
18:43:14.563 [AsyncHttpClient-1-5] DEBUG org.asynchttpclient.netty.handler.HttpHandler - 

Request DefaultHttpRequest(decodeResult: success, version: HTTP/1.1)
POST /session/0ae1848a5fd1a766682e3e02270c4edf/execute/sync HTTP/1.1
User-Agent: selenium/4.8.1 (java windows)
Content-Length: 176
Content-Type: application/json; charset=utf-8
host: localhost:38867
accept: */*

Response DefaultHttpResponse(decodeResult: success, version: HTTP/1.1)
HTTP/1.1 200 OK
Content-Length: 21847
Content-Type: application/json; charset=utf-8
cache-control: no-cache

18:43:14.563 [AsyncHttpClient-1-5] DEBUG org.asynchttpclient.netty.channel.ChannelManager - Adding key: http://localhost:38867 for channel [id: 0x64136066, L:/127.0.0.1:64668 - R:localhost/127.0.0.1:38867]
18:43:14.566 [Forwarding getCurrentUrl on session 0ae1848a5fd1a766682e3e02270c4edf to remote] DEBUG org.asynchttpclient.netty.request.NettyRequestSender - Using pooled Channel '[id: 0x64136066, L:/127.0.0.1:64668 - R:localhost/127.0.0.1:38867]' for 'GET' to 'http://localhost:38867/session/0ae1848a5fd1a766682e3e02270c4edf/url'
18:43:14.566 [Forwarding getCurrentUrl on session 0ae1848a5fd1a766682e3e02270c4edf to remote] DEBUG org.asynchttpclient.netty.request.NettyRequestSender - Using open Channel [id: 0x64136066, L:/127.0.0.1:64668 - R:localhost/127.0.0.1:38867] for GET '/session/0ae1848a5fd1a766682e3e02270c4edf/url'
18:43:14.569 [AsyncHttpClient-1-5] DEBUG org.asynchttpclient.netty.handler.HttpHandler - 

Request DefaultFullHttpRequest(decodeResult: success, version: HTTP/1.1, content: EmptyByteBufBE)
GET /session/0ae1848a5fd1a766682e3e02270c4edf/url HTTP/1.1
User-Agent: selenium/4.8.1 (java windows)
Cache-Control: no-cache
Content-Type: application/json; charset=utf-8
host: localhost:38867
accept: */*

Response DefaultHttpResponse(decodeResult: success, version: HTTP/1.1)
HTTP/1.1 200 OK
Content-Length: 51
Content-Type: application/json; charset=utf-8
cache-control: no-cache

18:43:14.569 [AsyncHttpClient-1-5] DEBUG org.asynchttpclient.netty.channel.ChannelManager - Adding key: http://localhost:38867 for channel [id: 0x64136066, L:/127.0.0.1:64668 - R:localhost/127.0.0.1:38867]
18:43:14.581 [Forwarding getPageSource on session 0ae1848a5fd1a766682e3e02270c4edf to remote] DEBUG org.asynchttpclient.netty.request.NettyRequestSender - Using pooled Channel '[id: 0x64136066, L:/127.0.0.1:64668 - R:localhost/127.0.0.1:38867]' for 'POST' to 'http://localhost:38867/session/0ae1848a5fd1a766682e3e02270c4edf/execute/sync'
18:43:14.581 [Forwarding getPageSource on session 0ae1848a5fd1a766682e3e02270c4edf to remote] DEBUG org.asynchttpclient.netty.request.NettyRequestSender - Using open Channel [id: 0x64136066, L:/127.0.0.1:64668 - R:localhost/127.0.0.1:38867] for POST '/session/0ae1848a5fd1a766682e3e02270c4edf/execute/sync'
18:43:14.592 [AsyncHttpClient-1-5] DEBUG org.asynchttpclient.netty.handler.HttpHandler - 

Request DefaultHttpRequest(decodeResult: success, version: HTTP/1.1)
POST /session/0ae1848a5fd1a766682e3e02270c4edf/execute/sync HTTP/1.1
User-Agent: selenium/4.8.1 (java windows)
Content-Length: 176
Content-Type: application/json; charset=utf-8
host: localhost:38867
accept: */*

Response DefaultHttpResponse(decodeResult: success, version: HTTP/1.1)
HTTP/1.1 200 OK
Content-Length: 21847
Content-Type: application/json; charset=utf-8
cache-control: no-cache

18:43:14.592 [AsyncHttpClient-1-5] DEBUG org.asynchttpclient.netty.channel.ChannelManager - Adding key: http://localhost:38867 for channel [id: 0x64136066, L:/127.0.0.1:64668 - R:localhost/127.0.0.1:38867]
18:43:14.595 [Forwarding getCurrentUrl on session 0ae1848a5fd1a766682e3e02270c4edf to remote] DEBUG org.asynchttpclient.netty.request.NettyRequestSender - Using pooled Channel '[id: 0x64136066, L:/127.0.0.1:64668 - R:localhost/127.0.0.1:38867]' for 'GET' to 'http://localhost:38867/session/0ae1848a5fd1a766682e3e02270c4edf/url'
18:43:14.595 [Forwarding getCurrentUrl on session 0ae1848a5fd1a766682e3e02270c4edf to remote] DEBUG org.asynchttpclient.netty.request.NettyRequestSender - Using open Channel [id: 0x64136066, L:/127.0.0.1:64668 - R:localhost/127.0.0.1:38867] for GET '/session/0ae1848a5fd1a766682e3e02270c4edf/url'
18:43:14.598 [AsyncHttpClient-1-5] DEBUG org.asynchttpclient.netty.handler.HttpHandler - 

Request DefaultFullHttpRequest(decodeResult: success, version: HTTP/1.1, content: EmptyByteBufBE)
GET /session/0ae1848a5fd1a766682e3e02270c4edf/url HTTP/1.1
User-Agent: selenium/4.8.1 (java windows)
Cache-Control: no-cache
Content-Type: application/json; charset=utf-8
host: localhost:38867
accept: */*

Response DefaultHttpResponse(decodeResult: success, version: HTTP/1.1)
HTTP/1.1 200 OK
Content-Length: 51
Content-Type: application/json; charset=utf-8
cache-control: no-cache

18:43:14.598 [AsyncHttpClient-1-5] DEBUG org.asynchttpclient.netty.channel.ChannelManager - Adding key: http://localhost:38867 for channel [id: 0x64136066, L:/127.0.0.1:64668 - R:localhost/127.0.0.1:38867]
18:43:14.600 [main] DEBUG net.thucydides.core.steps.StepInterceptor - STARTING STEP: LoginNegSteps.clickRegisterButton - clickRegisterButton
18:43:14.608 [Forwarding findElement on session 0ae1848a5fd1a766682e3e02270c4edf to remote] DEBUG org.asynchttpclient.netty.request.NettyRequestSender - Using pooled Channel '[id: 0x64136066, L:/127.0.0.1:64668 - R:localhost/127.0.0.1:38867]' for 'POST' to 'http://localhost:38867/session/0ae1848a5fd1a766682e3e02270c4edf/element'
18:43:14.608 [Forwarding findElement on session 0ae1848a5fd1a766682e3e02270c4edf to remote] DEBUG org.asynchttpclient.netty.request.NettyRequestSender - Using open Channel [id: 0x64136066, L:/127.0.0.1:64668 - R:localhost/127.0.0.1:38867] for POST '/session/0ae1848a5fd1a766682e3e02270c4edf/element'
18:43:14.621 [AsyncHttpClient-1-5] DEBUG org.asynchttpclient.netty.handler.HttpHandler - 

Request DefaultHttpRequest(decodeResult: success, version: HTTP/1.1)
POST /session/0ae1848a5fd1a766682e3e02270c4edf/element HTTP/1.1
User-Agent: selenium/4.8.1 (java windows)
Content-Length: 160
Content-Type: application/json; charset=utf-8
host: localhost:38867
accept: */*

Response DefaultHttpResponse(decodeResult: success, version: HTTP/1.1)
HTTP/1.1 200 OK
Content-Length: 88
Content-Type: application/json; charset=utf-8
cache-control: no-cache

18:43:14.621 [AsyncHttpClient-1-5] DEBUG org.asynchttpclient.netty.channel.ChannelManager - Adding key: http://localhost:38867 for channel [id: 0x64136066, L:/127.0.0.1:64668 - R:localhost/127.0.0.1:38867]
18:43:14.623 [Forwarding getElementTagName on session 0ae1848a5fd1a766682e3e02270c4edf to remote] DEBUG org.asynchttpclient.netty.request.NettyRequestSender - Using pooled Channel '[id: 0x64136066, L:/127.0.0.1:64668 - R:localhost/127.0.0.1:38867]' for 'GET' to 'http://localhost:38867/session/0ae1848a5fd1a766682e3e02270c4edf/element/71e8a29a-805e-4c9d-b966-8587ea1c365c/name'
18:43:14.623 [Forwarding getElementTagName on session 0ae1848a5fd1a766682e3e02270c4edf to remote] DEBUG org.asynchttpclient.netty.request.NettyRequestSender - Using open Channel [id: 0x64136066, L:/127.0.0.1:64668 - R:localhost/127.0.0.1:38867] for GET '/session/0ae1848a5fd1a766682e3e02270c4edf/element/71e8a29a-805e-4c9d-b966-8587ea1c365c/name'
18:43:14.626 [AsyncHttpClient-1-5] DEBUG org.asynchttpclient.netty.handler.HttpHandler - 

Request DefaultFullHttpRequest(decodeResult: success, version: HTTP/1.1, content: EmptyByteBufBE)
GET /session/0ae1848a5fd1a766682e3e02270c4edf/element/71e8a29a-805e-4c9d-b966-8587ea1c365c/name HTTP/1.1
User-Agent: selenium/4.8.1 (java windows)
Cache-Control: no-cache
Content-Type: application/json; charset=utf-8
host: localhost:38867
accept: */*

Response DefaultHttpResponse(decodeResult: success, version: HTTP/1.1)
HTTP/1.1 200 OK
Content-Length: 16
Content-Type: application/json; charset=utf-8
cache-control: no-cache

18:43:14.626 [AsyncHttpClient-1-5] DEBUG org.asynchttpclient.netty.channel.ChannelManager - Adding key: http://localhost:38867 for channel [id: 0x64136066, L:/127.0.0.1:64668 - R:localhost/127.0.0.1:38867]
18:43:14.628 [Forwarding getElementTagName on session 0ae1848a5fd1a766682e3e02270c4edf to remote] DEBUG org.asynchttpclient.netty.request.NettyRequestSender - Using pooled Channel '[id: 0x64136066, L:/127.0.0.1:64668 - R:localhost/127.0.0.1:38867]' for 'GET' to 'http://localhost:38867/session/0ae1848a5fd1a766682e3e02270c4edf/element/71e8a29a-805e-4c9d-b966-8587ea1c365c/name'
18:43:14.628 [Forwarding getElementTagName on session 0ae1848a5fd1a766682e3e02270c4edf to remote] DEBUG org.asynchttpclient.netty.request.NettyRequestSender - Using open Channel [id: 0x64136066, L:/127.0.0.1:64668 - R:localhost/127.0.0.1:38867] for GET '/session/0ae1848a5fd1a766682e3e02270c4edf/element/71e8a29a-805e-4c9d-b966-8587ea1c365c/name'
18:43:14.630 [AsyncHttpClient-1-5] DEBUG org.asynchttpclient.netty.handler.HttpHandler - 

Request DefaultFullHttpRequest(decodeResult: success, version: HTTP/1.1, content: EmptyByteBufBE)
GET /session/0ae1848a5fd1a766682e3e02270c4edf/element/71e8a29a-805e-4c9d-b966-8587ea1c365c/name HTTP/1.1
User-Agent: selenium/4.8.1 (java windows)
Cache-Control: no-cache
Content-Type: application/json; charset=utf-8
host: localhost:38867
accept: */*

Response DefaultHttpResponse(decodeResult: success, version: HTTP/1.1)
HTTP/1.1 200 OK
Content-Length: 16
Content-Type: application/json; charset=utf-8
cache-control: no-cache

18:43:14.630 [AsyncHttpClient-1-5] DEBUG org.asynchttpclient.netty.channel.ChannelManager - Adding key: http://localhost:38867 for channel [id: 0x64136066, L:/127.0.0.1:64668 - R:localhost/127.0.0.1:38867]
18:43:14.631 [Forwarding findElement on session 0ae1848a5fd1a766682e3e02270c4edf to remote] DEBUG org.asynchttpclient.netty.request.NettyRequestSender - Using pooled Channel '[id: 0x64136066, L:/127.0.0.1:64668 - R:localhost/127.0.0.1:38867]' for 'POST' to 'http://localhost:38867/session/0ae1848a5fd1a766682e3e02270c4edf/element'
18:43:14.631 [Forwarding findElement on session 0ae1848a5fd1a766682e3e02270c4edf to remote] DEBUG org.asynchttpclient.netty.request.NettyRequestSender - Using open Channel [id: 0x64136066, L:/127.0.0.1:64668 - R:localhost/127.0.0.1:38867] for POST '/session/0ae1848a5fd1a766682e3e02270c4edf/element'
18:43:14.640 [AsyncHttpClient-1-5] DEBUG org.asynchttpclient.netty.handler.HttpHandler - 

Request DefaultHttpRequest(decodeResult: success, version: HTTP/1.1)
POST /session/0ae1848a5fd1a766682e3e02270c4edf/element HTTP/1.1
User-Agent: selenium/4.8.1 (java windows)
Content-Length: 160
Content-Type: application/json; charset=utf-8
host: localhost:38867
accept: */*

Response DefaultHttpResponse(decodeResult: success, version: HTTP/1.1)
HTTP/1.1 200 OK
Content-Length: 88
Content-Type: application/json; charset=utf-8
cache-control: no-cache

18:43:14.640 [AsyncHttpClient-1-5] DEBUG org.asynchttpclient.netty.channel.ChannelManager - Adding key: http://localhost:38867 for channel [id: 0x64136066, L:/127.0.0.1:64668 - R:localhost/127.0.0.1:38867]
18:43:14.642 [Forwarding clickElement on session 0ae1848a5fd1a766682e3e02270c4edf to remote] DEBUG org.asynchttpclient.netty.request.NettyRequestSender - Using pooled Channel '[id: 0x64136066, L:/127.0.0.1:64668 - R:localhost/127.0.0.1:38867]' for 'POST' to 'http://localhost:38867/session/0ae1848a5fd1a766682e3e02270c4edf/element/71e8a29a-805e-4c9d-b966-8587ea1c365c/click'
18:43:14.642 [Forwarding clickElement on session 0ae1848a5fd1a766682e3e02270c4edf to remote] DEBUG org.asynchttpclient.netty.request.NettyRequestSender - Using open Channel [id: 0x64136066, L:/127.0.0.1:64668 - R:localhost/127.0.0.1:38867] for POST '/session/0ae1848a5fd1a766682e3e02270c4edf/element/71e8a29a-805e-4c9d-b966-8587ea1c365c/click'
18:43:14.675 [AsyncHttpClient-1-5] DEBUG org.asynchttpclient.netty.handler.HttpHandler - 

Request DefaultHttpRequest(decodeResult: success, version: HTTP/1.1)
POST /session/0ae1848a5fd1a766682e3e02270c4edf/element/71e8a29a-805e-4c9d-b966-8587ea1c365c/click HTTP/1.1
User-Agent: selenium/4.8.1 (java windows)
Content-Length: 50
Content-Type: application/json; charset=utf-8
host: localhost:38867
accept: */*

Response DefaultHttpResponse(decodeResult: success, version: HTTP/1.1)
HTTP/1.1 200 OK
Content-Length: 14
Content-Type: application/json; charset=utf-8
cache-control: no-cache

18:43:14.675 [AsyncHttpClient-1-5] DEBUG org.asynchttpclient.netty.channel.ChannelManager - Adding key: http://localhost:38867 for channel [id: 0x64136066, L:/127.0.0.1:64668 - R:localhost/127.0.0.1:38867]
18:43:14.682 [Forwarding getAlertText on session 0ae1848a5fd1a766682e3e02270c4edf to remote] DEBUG org.asynchttpclient.netty.request.NettyRequestSender - Using pooled Channel '[id: 0x64136066, L:/127.0.0.1:64668 - R:localhost/127.0.0.1:38867]' for 'GET' to 'http://localhost:38867/session/0ae1848a5fd1a766682e3e02270c4edf/alert/text'
18:43:14.682 [Forwarding getAlertText on session 0ae1848a5fd1a766682e3e02270c4edf to remote] DEBUG org.asynchttpclient.netty.request.NettyRequestSender - Using open Channel [id: 0x64136066, L:/127.0.0.1:64668 - R:localhost/127.0.0.1:38867] for GET '/session/0ae1848a5fd1a766682e3e02270c4edf/alert/text'
18:43:14.685 [AsyncHttpClient-1-5] DEBUG org.asynchttpclient.netty.handler.HttpHandler - 

Request DefaultFullHttpRequest(decodeResult: success, version: HTTP/1.1, content: EmptyByteBufBE)
GET /session/0ae1848a5fd1a766682e3e02270c4edf/alert/text HTTP/1.1
User-Agent: selenium/4.8.1 (java windows)
Cache-Control: no-cache
Content-Type: application/json; charset=utf-8
host: localhost:38867
accept: */*

Response DefaultHttpResponse(decodeResult: success, version: HTTP/1.1)
HTTP/1.1 404 Not Found
Content-Length: 821
Content-Type: application/json; charset=utf-8
cache-control: no-cache

18:43:14.685 [AsyncHttpClient-1-5] DEBUG org.asynchttpclient.netty.channel.ChannelManager - Adding key: http://localhost:38867 for channel [id: 0x64136066, L:/127.0.0.1:64668 - R:localhost/127.0.0.1:38867]
18:43:14.686 [Forwarding getCurrentUrl on session 0ae1848a5fd1a766682e3e02270c4edf to remote] DEBUG org.asynchttpclient.netty.request.NettyRequestSender - Using pooled Channel '[id: 0x64136066, L:/127.0.0.1:64668 - R:localhost/127.0.0.1:38867]' for 'GET' to 'http://localhost:38867/session/0ae1848a5fd1a766682e3e02270c4edf/url'
18:43:14.686 [Forwarding getCurrentUrl on session 0ae1848a5fd1a766682e3e02270c4edf to remote] DEBUG org.asynchttpclient.netty.request.NettyRequestSender - Using open Channel [id: 0x64136066, L:/127.0.0.1:64668 - R:localhost/127.0.0.1:38867] for GET '/session/0ae1848a5fd1a766682e3e02270c4edf/url'
18:43:14.688 [AsyncHttpClient-1-5] DEBUG org.asynchttpclient.netty.handler.HttpHandler - 

Request DefaultFullHttpRequest(decodeResult: success, version: HTTP/1.1, content: EmptyByteBufBE)
GET /session/0ae1848a5fd1a766682e3e02270c4edf/url HTTP/1.1
User-Agent: selenium/4.8.1 (java windows)
Cache-Control: no-cache
Content-Type: application/json; charset=utf-8
host: localhost:38867
accept: */*

Response DefaultHttpResponse(decodeResult: success, version: HTTP/1.1)
HTTP/1.1 200 OK
Content-Length: 51
Content-Type: application/json; charset=utf-8
cache-control: no-cache

18:43:14.688 [AsyncHttpClient-1-5] DEBUG org.asynchttpclient.netty.channel.ChannelManager - Adding key: http://localhost:38867 for channel [id: 0x64136066, L:/127.0.0.1:64668 - R:localhost/127.0.0.1:38867]
18:43:14.689 [Forwarding screenshot on session 0ae1848a5fd1a766682e3e02270c4edf to remote] DEBUG org.asynchttpclient.netty.request.NettyRequestSender - Using pooled Channel '[id: 0x64136066, L:/127.0.0.1:64668 - R:localhost/127.0.0.1:38867]' for 'GET' to 'http://localhost:38867/session/0ae1848a5fd1a766682e3e02270c4edf/screenshot'
18:43:14.689 [Forwarding screenshot on session 0ae1848a5fd1a766682e3e02270c4edf to remote] DEBUG org.asynchttpclient.netty.request.NettyRequestSender - Using open Channel [id: 0x64136066, L:/127.0.0.1:64668 - R:localhost/127.0.0.1:38867] for GET '/session/0ae1848a5fd1a766682e3e02270c4edf/screenshot'
18:43:14.810 [AsyncHttpClient-1-5] DEBUG org.asynchttpclient.netty.handler.HttpHandler - 

Request DefaultFullHttpRequest(decodeResult: success, version: HTTP/1.1, content: EmptyByteBufBE)
GET /session/0ae1848a5fd1a766682e3e02270c4edf/screenshot HTTP/1.1
User-Agent: selenium/4.8.1 (java windows)
Cache-Control: no-cache
Content-Type: application/json; charset=utf-8
host: localhost:38867
accept: */*

Response DefaultHttpResponse(decodeResult: success, version: HTTP/1.1)
HTTP/1.1 200 OK
Content-Length: 46628
Content-Type: application/json; charset=utf-8
cache-control: no-cache

18:43:14.811 [AsyncHttpClient-1-5] DEBUG org.asynchttpclient.netty.channel.ChannelManager - Adding key: http://localhost:38867 for channel [id: 0x64136066, L:/127.0.0.1:64668 - R:localhost/127.0.0.1:38867]
18:43:14.812 [main] DEBUG net.serenitybdd.core.photography.Darkroom - Send negative for processing for target\site\serenity\c16c0e47f1f8cd814f6551e009d7f5f15e4d5a68d56b0294cda273217ca04240.png
18:43:14.812 [main] DEBUG net.thucydides.core.steps.StepInterceptor - STEP DONE: clickRegisterButton
18:43:14.812 [Darkroom Processing Line] DEBUG net.serenitybdd.core.photography.DarkroomProcessingLine - Processing screenshot image in /var/screenshots/screenshot-6229686218410399282
18:43:14.812 [Darkroom Processing Line] DEBUG net.serenitybdd.core.photography.DarkroomProcessingLine - Saving screenshot to target\site\serenity\c16c0e47f1f8cd814f6551e009d7f5f15e4d5a68d56b0294cda273217ca04240.png
  &amp#27;[32mAnd &amp#27;[0m&amp#27;[32mI click Login Button&amp#27;[0m                                    &amp#27;[90m# starter.stepDefinition.LoginNegSteps.clickRegisterButton()&amp#27;[0m
18:43:14.820 [Forwarding getPageSource on session 0ae1848a5fd1a766682e3e02270c4edf to remote] DEBUG org.asynchttpclient.netty.request.NettyRequestSender - Using pooled Channel '[id: 0x64136066, L:/127.0.0.1:64668 - R:localhost/127.0.0.1:38867]' for 'POST' to 'http://localhost:38867/session/0ae1848a5fd1a766682e3e02270c4edf/execute/sync'
18:43:14.820 [Forwarding getPageSource on session 0ae1848a5fd1a766682e3e02270c4edf to remote] DEBUG org.asynchttpclient.netty.request.NettyRequestSender - Using open Channel [id: 0x64136066, L:/127.0.0.1:64668 - R:localhost/127.0.0.1:38867] for POST '/session/0ae1848a5fd1a766682e3e02270c4edf/execute/sync'
18:43:14.824 [AsyncHttpClient-1-5] DEBUG org.asynchttpclient.netty.handler.HttpHandler - 

Request DefaultHttpRequest(decodeResult: success, version: HTTP/1.1)
POST /session/0ae1848a5fd1a766682e3e02270c4edf/execute/sync HTTP/1.1
User-Agent: selenium/4.8.1 (java windows)
Content-Length: 176
Content-Type: application/json; charset=utf-8
host: localhost:38867
accept: */*

Response DefaultHttpResponse(decodeResult: success, version: HTTP/1.1)
HTTP/1.1 200 OK
Content-Length: 22576
Content-Type: application/json; charset=utf-8
cache-control: no-cache

18:43:14.824 [AsyncHttpClient-1-5] DEBUG org.asynchttpclient.netty.channel.ChannelManager - Adding key: http://localhost:38867 for channel [id: 0x64136066, L:/127.0.0.1:64668 - R:localhost/127.0.0.1:38867]
18:43:14.825 [Forwarding getCurrentUrl on session 0ae1848a5fd1a766682e3e02270c4edf to remote] DEBUG org.asynchttpclient.netty.request.NettyRequestSender - Using pooled Channel '[id: 0x64136066, L:/127.0.0.1:64668 - R:localhost/127.0.0.1:38867]' for 'GET' to 'http://localhost:38867/session/0ae1848a5fd1a766682e3e02270c4edf/url'
18:43:14.825 [Forwarding getCurrentUrl on session 0ae1848a5fd1a766682e3e02270c4edf to remote] DEBUG org.asynchttpclient.netty.request.NettyRequestSender - Using open Channel [id: 0x64136066, L:/127.0.0.1:64668 - R:localhost/127.0.0.1:38867] for GET '/session/0ae1848a5fd1a766682e3e02270c4edf/url'
18:43:14.827 [AsyncHttpClient-1-5] DEBUG org.asynchttpclient.netty.handler.HttpHandler - 

Request DefaultFullHttpRequest(decodeResult: success, version: HTTP/1.1, content: EmptyByteBufBE)
GET /session/0ae1848a5fd1a766682e3e02270c4edf/url HTTP/1.1
User-Agent: selenium/4.8.1 (java windows)
Cache-Control: no-cache
Content-Type: application/json; charset=utf-8
host: localhost:38867
accept: */*

Response DefaultHttpResponse(decodeResult: success, version: HTTP/1.1)
HTTP/1.1 200 OK
Content-Length: 51
Content-Type: application/json; charset=utf-8
cache-control: no-cache

18:43:14.827 [AsyncHttpClient-1-5] DEBUG org.asynchttpclient.netty.channel.ChannelManager - Adding key: http://localhost:38867 for channel [id: 0x64136066, L:/127.0.0.1:64668 - R:localhost/127.0.0.1:38867]
18:43:14.832 [Forwarding findElement on session 0ae1848a5fd1a766682e3e02270c4edf to remote] DEBUG org.asynchttpclient.netty.request.NettyRequestSender - Using pooled Channel '[id: 0x64136066, L:/127.0.0.1:64668 - R:localhost/127.0.0.1:38867]' for 'POST' to 'http://localhost:38867/session/0ae1848a5fd1a766682e3e02270c4edf/element'
18:43:14.832 [Forwarding findElement on session 0ae1848a5fd1a766682e3e02270c4edf to remote] DEBUG org.asynchttpclient.netty.request.NettyRequestSender - Using open Channel [id: 0x64136066, L:/127.0.0.1:64668 - R:localhost/127.0.0.1:38867] for POST '/session/0ae1848a5fd1a766682e3e02270c4edf/element'
18:43:14.840 [AsyncHttpClient-1-5] DEBUG org.asynchttpclient.netty.handler.HttpHandler - 

Request DefaultHttpRequest(decodeResult: success, version: HTTP/1.1)
POST /session/0ae1848a5fd1a766682e3e02270c4edf/element HTTP/1.1
User-Agent: selenium/4.8.1 (java windows)
Content-Length: 160
Content-Type: application/json; charset=utf-8
host: localhost:38867
accept: */*

Response DefaultHttpResponse(decodeResult: success, version: HTTP/1.1)
HTTP/1.1 200 OK
Content-Length: 88
Content-Type: application/json; charset=utf-8
cache-control: no-cache

18:43:14.840 [AsyncHttpClient-1-5] DEBUG org.asynchttpclient.netty.channel.ChannelManager - Adding key: http://localhost:38867 for channel [id: 0x64136066, L:/127.0.0.1:64668 - R:localhost/127.0.0.1:38867]
18:43:14.843 [Forwarding isElementDisplayed on session 0ae1848a5fd1a766682e3e02270c4edf to remote] DEBUG org.asynchttpclient.netty.request.NettyRequestSender - Using pooled Channel '[id: 0x64136066, L:/127.0.0.1:64668 - R:localhost/127.0.0.1:38867]' for 'POST' to 'http://localhost:38867/session/0ae1848a5fd1a766682e3e02270c4edf/execute/sync'
18:43:14.843 [Forwarding isElementDisplayed on session 0ae1848a5fd1a766682e3e02270c4edf to remote] DEBUG org.asynchttpclient.netty.request.NettyRequestSender - Using open Channel [id: 0x64136066, L:/127.0.0.1:64668 - R:localhost/127.0.0.1:38867] for POST '/session/0ae1848a5fd1a766682e3e02270c4edf/execute/sync'
18:43:14.855 [AsyncHttpClient-1-5] DEBUG org.asynchttpclient.netty.handler.HttpHandler - 

Request DefaultHttpRequest(decodeResult: success, version: HTTP/1.1)
POST /session/0ae1848a5fd1a766682e3e02270c4edf/execute/sync HTTP/1.1
User-Agent: selenium/4.8.1 (java windows)
Content-Length: 48807
Content-Type: application/json; charset=utf-8
host: localhost:38867
accept: */*

Response DefaultHttpResponse(decodeResult: success, version: HTTP/1.1)
HTTP/1.1 200 OK
Content-Length: 14
Content-Type: application/json; charset=utf-8
cache-control: no-cache

18:43:14.855 [AsyncHttpClient-1-5] DEBUG org.asynchttpclient.netty.channel.ChannelManager - Adding key: http://localhost:38867 for channel [id: 0x64136066, L:/127.0.0.1:64668 - R:localhost/127.0.0.1:38867]
  &amp#27;[32mThen &amp#27;[0m&amp#27;[32mI am still remain in Login form&amp#27;[0m                        &amp#27;[90m# starter.stepDefinition.LoginNegSteps.onLoginForm()&amp#27;[0m
18:43:14.859 [main] INFO  - 
  _____   ___   ___   _____     ___     _     ___   ___   ___   ___  
 |_   _| | __| / __| |_   _|   | _ \   /_\   / __| / __| | __| |   \ 
   | |   | _|  \__ \   | |     |  _/  / _ \  \__ \ \__ \ | _|  | |) |
   |_|   |___| |___/   |_|     |_|   /_/ \_\ |___/ |___/ |___| |___/ 

As user, I have to be prevented to success register
----------------------------------------------------------------------
18:43:14.859 [Driver Command Executor] DEBUG org.asynchttpclient.netty.request.NettyRequestSender - Using pooled Channel '[id: 0x64136066, L:/127.0.0.1:64668 - R:localhost/127.0.0.1:38867]' for 'DELETE' to 'http://localhost:38867/session/0ae1848a5fd1a766682e3e02270c4edf'
18:43:14.859 [Driver Command Executor] DEBUG org.asynchttpclient.netty.request.NettyRequestSender - Using open Channel [id: 0x64136066, L:/127.0.0.1:64668 - R:localhost/127.0.0.1:38867] for DELETE '/session/0ae1848a5fd1a766682e3e02270c4edf'
18:43:14.859 [AsyncHttpClient-1-7] DEBUG org.asynchttpclient.netty.handler.WebSocketHandler - Channel Closed: [id: 0x01ab0df5, L:/127.0.0.1:64676 ! R:localhost/127.0.0.1:64669] with attribute NettyResponseFuture{currentRetry=0,
	isDone=1,
	isCancelled=0,
	asyncHandler=org.asynchttpclient.ws.WebSocketUpgradeHandler@6b769917,
	nettyRequest=org.asynchttpclient.netty.request.NettyRequest@2e741a1d,
	future=java.util.concurrent.CompletableFuture@38ffc87e[Completed normally],
	uri=ws://localhost:64669/devtools/browser/1cae542f-733f-4ec5-8e8d-62673d227a4b,
	keepAlive=true,
	redirectCount=0,
	timeoutsHolder=null,
	inAuth=0,
	touch=1683632590793}
18:43:14.860 [AsyncHttpClient-1-7] DEBUG org.asynchttpclient.netty.channel.ChannelManager - Closing Channel [id: 0x01ab0df5, L:/127.0.0.1:64676 ! R:localhost/127.0.0.1:64669] 
18:43:14.920 [AsyncHttpClient-1-6] DEBUG org.asynchttpclient.netty.handler.HttpHandler - Unexpected I/O exception on channel [id: 0x1522bd0a, L:/127.0.0.1:64675 - R:localhost/127.0.0.1:64669]
java.net.SocketException: Connection reset
	at java.base/sun.nio.ch.SocketChannelImpl.throwConnectionReset(SocketChannelImpl.java:394)
	at java.base/sun.nio.ch.SocketChannelImpl.read(SocketChannelImpl.java:426)
	at io.netty.buffer.PooledByteBuf.setBytes(PooledByteBuf.java:259)
	at io.netty.buffer.AbstractByteBuf.writeBytes(AbstractByteBuf.java:1132)
	at io.netty.channel.socket.nio.NioSocketChannel.doReadBytes(NioSocketChannel.java:357)
	at io.netty.channel.nio.AbstractNioByteChannel$NioByteUnsafe.read(AbstractNioByteChannel.java:151)
	at io.netty.channel.nio.NioEventLoop.processSelectedKey(NioEventLoop.java:788)
	at io.netty.channel.nio.NioEventLoop.processSelectedKeysOptimized(NioEventLoop.java:724)
	at io.netty.channel.nio.NioEventLoop.processSelectedKeys(NioEventLoop.java:650)
	at io.netty.channel.nio.NioEventLoop.run(NioEventLoop.java:562)
	at io.netty.util.concurrent.SingleThreadEventExecutor$4.run(SingleThreadEventExecutor.java:997)
	at io.netty.util.internal.ThreadExecutorMap$2.run(ThreadExecutorMap.java:74)
	at io.netty.util.concurrent.FastThreadLocalRunnable.run(FastThreadLocalRunnable.java:30)
	at java.base/java.lang.Thread.run(Thread.java:833)
18:43:14.920 [AsyncHttpClient-1-6] DEBUG org.asynchttpclient.netty.channel.ChannelManager - Closing Channel [id: 0x1522bd0a, L:/127.0.0.1:64675 - R:localhost/127.0.0.1:64669] 
18:43:14.921 [AsyncHttpClient-1-6] DEBUG org.asynchttpclient.netty.handler.HttpHandler - Channel Closed: [id: 0x1522bd0a, L:/127.0.0.1:64675 ! R:localhost/127.0.0.1:64669] with attribute DISCARD
18:43:14.935 [AsyncHttpClient-1-5] DEBUG org.asynchttpclient.netty.handler.HttpHandler - 

Request DefaultFullHttpRequest(decodeResult: success, version: HTTP/1.1, content: EmptyByteBufBE)
DELETE /session/0ae1848a5fd1a766682e3e02270c4edf HTTP/1.1
User-Agent: selenium/4.8.1 (java windows)
Content-Type: application/json; charset=utf-8
host: localhost:38867
accept: */*

Response DefaultHttpResponse(decodeResult: success, version: HTTP/1.1)
HTTP/1.1 200 OK
Content-Length: 14
Content-Type: application/json; charset=utf-8
cache-control: no-cache

18:43:14.935 [AsyncHttpClient-1-5] DEBUG org.asynchttpclient.netty.channel.ChannelManager - Adding key: http://localhost:38867 for channel [id: 0x64136066, L:/127.0.0.1:64668 - R:localhost/127.0.0.1:38867]
18:43:15.015 [AsyncHttpClient-1-5] DEBUG org.asynchttpclient.netty.handler.HttpHandler - Channel Closed: [id: 0x64136066, L:/127.0.0.1:64668 ! R:localhost/127.0.0.1:38867] with attribute DISCARD
]]></system-out>
    <system-err><![CDATA[Starting ChromeDriver 112.0.5615.49 (bd2a7bcb881c11e8cfe3078709382934e3916914-refs/branch-heads/5615@{#936}) on port 38867
Only local connections are allowed.
Please see https://chromedriver.chromium.org/security-considerations for suggestions on keeping ChromeDriver safe.
ChromeDriver was started successfully.
May 09, 2023 6:43:10 PM org.openqa.selenium.devtools.CdpVersionFinder findNearestMatch
WARNING: Unable to find an exact match for CDP version 112, so returning the closest version found: 110
]]></system-err>
  </testcase>
  <testcase name="As user, I have be able to success register" classname="LoginPos" time="7.094">
    <system-out><![CDATA[18:43:15.048 [main] DEBUG io.cucumber.core.plugin.SerenityReporter - Running feature from file:///C:/Users/VICTUS/IdeaProjects/MiniProject/src/test/resources/features/LoginPos.feature
18:43:15.051 [main] DEBUG net.thucydides.core.steps.StepEventBus - Test suite started for story net.thucydides.core.model.Story@778c568
18:43:15.052 [main] INFO  - Test Suite Started: Login pos

@LoginPos @userA
Scenario: As user, I have be able to success register &amp#27;[90m# src/test/resources/features/LoginPos.feature:8&amp#27;[0m
18:43:15.057 [main] DEBUG io.cucumber.core.plugin.SerenityReporter - Running feature from file:///C:/Users/VICTUS/IdeaProjects/MiniProject/src/test/resources/features/LoginPos.feature
18:43:15.059 [main] INFO  - 
  _____   ___   ___   _____     ___   _____     _     ___   _____   ___   ___  
 |_   _| | __| / __| |_   _|   / __| |_   _|   /_\   | _ \ |_   _| | __| |   \ 
   | |   | _|  \__ \   | |     \__ \   | |    / _ \  |   /   | |   | _|  | |) |
   |_|   |___| |___/   |_|     |___/   |_|   /_/ \_\ |_|_\   |_|   |___| |___/ 

As user, I have be able to success register(loginpos;as-user--i-have-be-able-to-success-register)
--------------------------------------------------------------------------------
18:43:15.157 [main] INFO net.serenitybdd.core.webdriver.driverproviders.ChromeDriverProvider - Starting Chrome driver instance with capabilities:
18:43:15.157 [main] INFO net.serenitybdd.core.webdriver.driverproviders.ChromeDriverProvider - Capabilities {acceptInsecureCerts: false, browserName: chrome, goog:chromeOptions: {args: [remote-allow-origins=*], extensions: []}}
18:43:15.225 [AsyncHttpClient-1-8] DEBUG org.asynchttpclient.netty.channel.NettyConnectListener - Using new Channel '[id: 0x12575cc1, L:/127.0.0.1:64690 - R:localhost/127.0.0.1:29648]' for 'POST' to '/session'
18:43:15.388 [AsyncHttpClient-1-1] DEBUG org.asynchttpclient.netty.channel.DefaultChannelPool - Entry count for : http://localhost:64669 : 1
18:43:15.388 [AsyncHttpClient-1-1] DEBUG org.asynchttpclient.netty.channel.DefaultChannelPool - Entry count for : http://localhost:38867 : 1
18:43:15.388 [AsyncHttpClient-1-1] DEBUG org.asynchttpclient.netty.channel.DefaultChannelPool - Adding Candidate expired Channel [id: 0x1522bd0a, L:/127.0.0.1:64675 ! R:localhost/127.0.0.1:64669] isIdleTimeoutExpired=false isRemotelyClosed=true isTtlExpired=false
18:43:15.388 [AsyncHttpClient-1-1] DEBUG org.asynchttpclient.netty.channel.DefaultChannelPool - Closing Idle Channel [id: 0x1522bd0a, L:/127.0.0.1:64675 ! R:localhost/127.0.0.1:64669]
18:43:15.388 [AsyncHttpClient-1-1] DEBUG org.asynchttpclient.netty.channel.DefaultChannelPool - Adding Candidate expired Channel [id: 0x64136066, L:/127.0.0.1:64668 ! R:localhost/127.0.0.1:38867] isIdleTimeoutExpired=false isRemotelyClosed=true isTtlExpired=false
18:43:15.388 [AsyncHttpClient-1-1] DEBUG org.asynchttpclient.netty.channel.DefaultChannelPool - Closing Idle Channel [id: 0x64136066, L:/127.0.0.1:64668 ! R:localhost/127.0.0.1:38867]
18:43:15.388 [AsyncHttpClient-1-1] DEBUG org.asynchttpclient.netty.channel.DefaultChannelPool - Closed 2 connections out of 2 in 0 ms
18:43:15.896 [AsyncHttpClient-1-8] DEBUG org.asynchttpclient.netty.handler.HttpHandler - 

Request DefaultHttpRequest(decodeResult: success, version: HTTP/1.1)
POST /session HTTP/1.1
User-Agent: selenium/4.8.1 (java windows)
Content-Length: 507
Content-Type: application/json; charset=utf-8
host: localhost:29648
accept: */*

Response DefaultHttpResponse(decodeResult: success, version: HTTP/1.1)
HTTP/1.1 200 OK
Content-Length: 859
Content-Type: application/json; charset=utf-8
cache-control: no-cache

18:43:15.896 [AsyncHttpClient-1-8] DEBUG org.asynchttpclient.netty.channel.ChannelManager - Adding key: http://localhost:29648 for channel [id: 0x12575cc1, L:/127.0.0.1:64690 - R:localhost/127.0.0.1:29648]
18:43:15.935 [AsyncHttpClient-1-9] DEBUG org.asynchttpclient.netty.channel.NettyConnectListener - Using new Channel '[id: 0x2fa5ead4, L:/127.0.0.1:64698 - R:localhost/127.0.0.1:64691]' for 'GET' to '/json/version'
18:43:15.937 [AsyncHttpClient-1-9] DEBUG org.asynchttpclient.netty.handler.HttpHandler - 

Request DefaultFullHttpRequest(decodeResult: success, version: HTTP/1.1, content: EmptyByteBufBE)
GET /json/version HTTP/1.1
User-Agent: selenium/4.8.1 (java windows)
host: localhost:64691
accept: */*

Response DefaultHttpResponse(decodeResult: success, version: HTTP/1.1)
HTTP/1.1 200 OK
Content-Security-Policy: frame-ancestors 'none'
Content-Length: 424
Content-Type: application/json; charset=UTF-8

18:43:15.937 [AsyncHttpClient-1-9] DEBUG org.asynchttpclient.netty.channel.ChannelManager - Adding key: http://localhost:64691 for channel [id: 0x2fa5ead4, L:/127.0.0.1:64698 - R:localhost/127.0.0.1:64691]
18:43:15.962 [AsyncHttpClient-1-10] DEBUG org.asynchttpclient.netty.channel.NettyConnectListener - Using new Channel '[id: 0x0d72c762, L:/127.0.0.1:64700 - R:localhost/127.0.0.1:64691]' for 'GET' to '/devtools/browser/586cd79d-55d8-41c1-9912-d8673ae0b7a1'
18:43:15.964 [AsyncHttpClient-1-10] DEBUG org.asynchttpclient.netty.handler.WebSocketHandler - 

Request DefaultFullHttpRequest(decodeResult: success, version: HTTP/1.1, content: EmptyByteBufBE)
GET /devtools/browser/586cd79d-55d8-41c1-9912-d8673ae0b7a1 HTTP/1.1
upgrade: websocket
connection: upgrade
sec-websocket-key: f9ZTuAIopoRBIGKx66mU6g==
sec-websocket-version: 13
origin: http://localhost:64691
host: localhost:64691
accept: */*
user-agent: AHC/2.1

Response DefaultHttpResponse(decodeResult: success, version: HTTP/1.1)
HTTP/1.1 101 WebSocket Protocol Handshake
Upgrade: WebSocket
Connection: Upgrade
Sec-WebSocket-Accept: QDbwwpZXJfi+tumdrLZEDKeBcTM=

18:43:15.969 [Forwarding get on session 941f6d4568530a52bafa3e6744885bdf to remote] DEBUG org.asynchttpclient.netty.request.NettyRequestSender - Using pooled Channel '[id: 0x12575cc1, L:/127.0.0.1:64690 - R:localhost/127.0.0.1:29648]' for 'POST' to 'http://localhost:29648/session/941f6d4568530a52bafa3e6744885bdf/url'
18:43:15.970 [Forwarding get on session 941f6d4568530a52bafa3e6744885bdf to remote] DEBUG org.asynchttpclient.netty.request.NettyRequestSender - Using open Channel [id: 0x12575cc1, L:/127.0.0.1:64690 - R:localhost/127.0.0.1:29648] for POST '/session/941f6d4568530a52bafa3e6744885bdf/url'
18:43:16.486 [AsyncHttpClient-1-1] DEBUG org.asynchttpclient.netty.channel.DefaultChannelPool - Entry count for : http://localhost:64691 : 1
18:43:17.586 [AsyncHttpClient-1-1] DEBUG org.asynchttpclient.netty.channel.DefaultChannelPool - Entry count for : http://localhost:64691 : 1
18:43:18.689 [AsyncHttpClient-1-1] DEBUG org.asynchttpclient.netty.channel.DefaultChannelPool - Entry count for : http://localhost:64691 : 1
18:43:19.595 [AsyncHttpClient-1-8] DEBUG org.asynchttpclient.netty.handler.HttpHandler - 

Request DefaultHttpRequest(decodeResult: success, version: HTTP/1.1)
POST /session/941f6d4568530a52bafa3e6744885bdf/url HTTP/1.1
User-Agent: selenium/4.8.1 (java windows)
Content-Length: 59
Content-Type: application/json; charset=utf-8
host: localhost:29648
accept: */*

Response DefaultHttpResponse(decodeResult: success, version: HTTP/1.1)
HTTP/1.1 200 OK
Content-Length: 14
Content-Type: application/json; charset=utf-8
cache-control: no-cache

18:43:19.595 [AsyncHttpClient-1-8] DEBUG org.asynchttpclient.netty.channel.ChannelManager - Adding key: http://localhost:29648 for channel [id: 0x12575cc1, L:/127.0.0.1:64690 - R:localhost/127.0.0.1:29648]
18:43:19.596 [Forwarding setTimeout on session 941f6d4568530a52bafa3e6744885bdf to remote] DEBUG org.asynchttpclient.netty.request.NettyRequestSender - Using pooled Channel '[id: 0x12575cc1, L:/127.0.0.1:64690 - R:localhost/127.0.0.1:29648]' for 'POST' to 'http://localhost:29648/session/941f6d4568530a52bafa3e6744885bdf/timeouts'
18:43:19.596 [Forwarding setTimeout on session 941f6d4568530a52bafa3e6744885bdf to remote] DEBUG org.asynchttpclient.netty.request.NettyRequestSender - Using open Channel [id: 0x12575cc1, L:/127.0.0.1:64690 - R:localhost/127.0.0.1:29648] for POST '/session/941f6d4568530a52bafa3e6744885bdf/timeouts'
18:43:19.597 [AsyncHttpClient-1-8] DEBUG org.asynchttpclient.netty.handler.HttpHandler - 

Request DefaultHttpRequest(decodeResult: success, version: HTTP/1.1)
POST /session/941f6d4568530a52bafa3e6744885bdf/timeouts HTTP/1.1
User-Agent: selenium/4.8.1 (java windows)
Content-Length: 22
Content-Type: application/json; charset=utf-8
host: localhost:29648
accept: */*

Response DefaultHttpResponse(decodeResult: success, version: HTTP/1.1)
HTTP/1.1 200 OK
Content-Length: 14
Content-Type: application/json; charset=utf-8
cache-control: no-cache

18:43:19.597 [AsyncHttpClient-1-8] DEBUG org.asynchttpclient.netty.channel.ChannelManager - Adding key: http://localhost:29648 for channel [id: 0x12575cc1, L:/127.0.0.1:64690 - R:localhost/127.0.0.1:29648]
18:43:19.602 [main] DEBUG net.serenitybdd.core.photography.Darkroom - Opening darkroom
18:43:19.602 [Darkroom Processing Line] DEBUG net.serenitybdd.core.photography.DarkroomProcessingLine - Darkroom processing line starting up
18:43:19.602 [Forwarding getAlertText on session 941f6d4568530a52bafa3e6744885bdf to remote] DEBUG org.asynchttpclient.netty.request.NettyRequestSender - Using pooled Channel '[id: 0x12575cc1, L:/127.0.0.1:64690 - R:localhost/127.0.0.1:29648]' for 'GET' to 'http://localhost:29648/session/941f6d4568530a52bafa3e6744885bdf/alert/text'
18:43:19.603 [Forwarding getAlertText on session 941f6d4568530a52bafa3e6744885bdf to remote] DEBUG org.asynchttpclient.netty.request.NettyRequestSender - Using open Channel [id: 0x12575cc1, L:/127.0.0.1:64690 - R:localhost/127.0.0.1:29648] for GET '/session/941f6d4568530a52bafa3e6744885bdf/alert/text'
18:43:19.604 [AsyncHttpClient-1-8] DEBUG org.asynchttpclient.netty.handler.HttpHandler - 

Request DefaultFullHttpRequest(decodeResult: success, version: HTTP/1.1, content: EmptyByteBufBE)
GET /session/941f6d4568530a52bafa3e6744885bdf/alert/text HTTP/1.1
User-Agent: selenium/4.8.1 (java windows)
Cache-Control: no-cache
Content-Type: application/json; charset=utf-8
host: localhost:29648
accept: */*

Response DefaultHttpResponse(decodeResult: success, version: HTTP/1.1)
HTTP/1.1 404 Not Found
Content-Length: 821
Content-Type: application/json; charset=utf-8
cache-control: no-cache

18:43:19.604 [AsyncHttpClient-1-8] DEBUG org.asynchttpclient.netty.channel.ChannelManager - Adding key: http://localhost:29648 for channel [id: 0x12575cc1, L:/127.0.0.1:64690 - R:localhost/127.0.0.1:29648]
18:43:19.605 [Forwarding getCurrentUrl on session 941f6d4568530a52bafa3e6744885bdf to remote] DEBUG org.asynchttpclient.netty.request.NettyRequestSender - Using pooled Channel '[id: 0x12575cc1, L:/127.0.0.1:64690 - R:localhost/127.0.0.1:29648]' for 'GET' to 'http://localhost:29648/session/941f6d4568530a52bafa3e6744885bdf/url'
18:43:19.605 [Forwarding getCurrentUrl on session 941f6d4568530a52bafa3e6744885bdf to remote] DEBUG org.asynchttpclient.netty.request.NettyRequestSender - Using open Channel [id: 0x12575cc1, L:/127.0.0.1:64690 - R:localhost/127.0.0.1:29648] for GET '/session/941f6d4568530a52bafa3e6744885bdf/url'
18:43:19.607 [AsyncHttpClient-1-8] DEBUG org.asynchttpclient.netty.handler.HttpHandler - 

Request DefaultFullHttpRequest(decodeResult: success, version: HTTP/1.1, content: EmptyByteBufBE)
GET /session/941f6d4568530a52bafa3e6744885bdf/url HTTP/1.1
User-Agent: selenium/4.8.1 (java windows)
Cache-Control: no-cache
Content-Type: application/json; charset=utf-8
host: localhost:29648
accept: */*

Response DefaultHttpResponse(decodeResult: success, version: HTTP/1.1)
HTTP/1.1 200 OK
Content-Length: 41
Content-Type: application/json; charset=utf-8
cache-control: no-cache

18:43:19.608 [AsyncHttpClient-1-8] DEBUG org.asynchttpclient.netty.channel.ChannelManager - Adding key: http://localhost:29648 for channel [id: 0x12575cc1, L:/127.0.0.1:64690 - R:localhost/127.0.0.1:29648]
18:43:19.608 [Forwarding screenshot on session 941f6d4568530a52bafa3e6744885bdf to remote] DEBUG org.asynchttpclient.netty.request.NettyRequestSender - Using pooled Channel '[id: 0x12575cc1, L:/127.0.0.1:64690 - R:localhost/127.0.0.1:29648]' for 'GET' to 'http://localhost:29648/session/941f6d4568530a52bafa3e6744885bdf/screenshot'
18:43:19.608 [Forwarding screenshot on session 941f6d4568530a52bafa3e6744885bdf to remote] DEBUG org.asynchttpclient.netty.request.NettyRequestSender - Using open Channel [id: 0x12575cc1, L:/127.0.0.1:64690 - R:localhost/127.0.0.1:29648] for GET '/session/941f6d4568530a52bafa3e6744885bdf/screenshot'
18:43:19.691 [AsyncHttpClient-1-8] DEBUG org.asynchttpclient.netty.handler.HttpHandler - 

Request DefaultFullHttpRequest(decodeResult: success, version: HTTP/1.1, content: EmptyByteBufBE)
GET /session/941f6d4568530a52bafa3e6744885bdf/screenshot HTTP/1.1
User-Agent: selenium/4.8.1 (java windows)
Cache-Control: no-cache
Content-Type: application/json; charset=utf-8
host: localhost:29648
accept: */*

Response DefaultHttpResponse(decodeResult: success, version: HTTP/1.1)
HTTP/1.1 200 OK
Content-Length: 96608
Content-Type: application/json; charset=utf-8
cache-control: no-cache

18:43:19.691 [AsyncHttpClient-1-8] DEBUG org.asynchttpclient.netty.channel.ChannelManager - Adding key: http://localhost:29648 for channel [id: 0x12575cc1, L:/127.0.0.1:64690 - R:localhost/127.0.0.1:29648]
18:43:19.692 [main] DEBUG net.serenitybdd.core.photography.Darkroom - Send negative for processing for target\site\serenity\122e58814d0fc629db23b4ff9ae0233e3316bf515077042bd85aa8163b0365ff.png
18:43:19.694 [Forwarding getPageSource on session 941f6d4568530a52bafa3e6744885bdf to remote] DEBUG org.asynchttpclient.netty.request.NettyRequestSender - Using pooled Channel '[id: 0x12575cc1, L:/127.0.0.1:64690 - R:localhost/127.0.0.1:29648]' for 'POST' to 'http://localhost:29648/session/941f6d4568530a52bafa3e6744885bdf/execute/sync'
18:43:19.694 [Forwarding getPageSource on session 941f6d4568530a52bafa3e6744885bdf to remote] DEBUG org.asynchttpclient.netty.request.NettyRequestSender - Using open Channel [id: 0x12575cc1, L:/127.0.0.1:64690 - R:localhost/127.0.0.1:29648] for POST '/session/941f6d4568530a52bafa3e6744885bdf/execute/sync'
18:43:19.727 [AsyncHttpClient-1-8] DEBUG org.asynchttpclient.netty.handler.HttpHandler - 

Request DefaultHttpRequest(decodeResult: success, version: HTTP/1.1)
POST /session/941f6d4568530a52bafa3e6744885bdf/execute/sync HTTP/1.1
User-Agent: selenium/4.8.1 (java windows)
Content-Length: 176
Content-Type: application/json; charset=utf-8
host: localhost:29648
accept: */*

Response DefaultHttpResponse(decodeResult: success, version: HTTP/1.1)
HTTP/1.1 200 OK
Content-Length: 904358
Content-Type: application/json; charset=utf-8
cache-control: no-cache

18:43:19.729 [AsyncHttpClient-1-8] DEBUG org.asynchttpclient.netty.channel.ChannelManager - Adding key: http://localhost:29648 for channel [id: 0x12575cc1, L:/127.0.0.1:64690 - R:localhost/127.0.0.1:29648]
18:43:19.771 [Forwarding getCurrentUrl on session 941f6d4568530a52bafa3e6744885bdf to remote] DEBUG org.asynchttpclient.netty.request.NettyRequestSender - Using pooled Channel '[id: 0x12575cc1, L:/127.0.0.1:64690 - R:localhost/127.0.0.1:29648]' for 'GET' to 'http://localhost:29648/session/941f6d4568530a52bafa3e6744885bdf/url'
18:43:19.771 [Forwarding getCurrentUrl on session 941f6d4568530a52bafa3e6744885bdf to remote] DEBUG org.asynchttpclient.netty.request.NettyRequestSender - Using open Channel [id: 0x12575cc1, L:/127.0.0.1:64690 - R:localhost/127.0.0.1:29648] for GET '/session/941f6d4568530a52bafa3e6744885bdf/url'
18:43:19.773 [AsyncHttpClient-1-8] DEBUG org.asynchttpclient.netty.handler.HttpHandler - 

Request DefaultFullHttpRequest(decodeResult: success, version: HTTP/1.1, content: EmptyByteBufBE)
GET /session/941f6d4568530a52bafa3e6744885bdf/url HTTP/1.1
User-Agent: selenium/4.8.1 (java windows)
Cache-Control: no-cache
Content-Type: application/json; charset=utf-8
host: localhost:29648
accept: */*

Response DefaultHttpResponse(decodeResult: success, version: HTTP/1.1)
HTTP/1.1 200 OK
Content-Length: 41
Content-Type: application/json; charset=utf-8
cache-control: no-cache

18:43:19.773 [AsyncHttpClient-1-8] DEBUG org.asynchttpclient.netty.channel.ChannelManager - Adding key: http://localhost:29648 for channel [id: 0x12575cc1, L:/127.0.0.1:64690 - R:localhost/127.0.0.1:29648]
18:43:19.777 [main] DEBUG net.thucydides.core.steps.StepInterceptor - STARTING STEP: LoginPosSteps.onTheNonAccountHomePage - validateOnNonAccountHomePage
18:43:19.778 [Forwarding findElement on session 941f6d4568530a52bafa3e6744885bdf to remote] DEBUG org.asynchttpclient.netty.request.NettyRequestSender - Using pooled Channel '[id: 0x12575cc1, L:/127.0.0.1:64690 - R:localhost/127.0.0.1:29648]' for 'POST' to 'http://localhost:29648/session/941f6d4568530a52bafa3e6744885bdf/element'
18:43:19.778 [Forwarding findElement on session 941f6d4568530a52bafa3e6744885bdf to remote] DEBUG org.asynchttpclient.netty.request.NettyRequestSender - Using open Channel [id: 0x12575cc1, L:/127.0.0.1:64690 - R:localhost/127.0.0.1:29648] for POST '/session/941f6d4568530a52bafa3e6744885bdf/element'
18:43:19.786 [AsyncHttpClient-1-1] DEBUG org.asynchttpclient.netty.channel.DefaultChannelPool - Entry count for : http://localhost:64691 : 1
18:43:19.789 [AsyncHttpClient-1-8] DEBUG org.asynchttpclient.netty.handler.HttpHandler - 

Request DefaultHttpRequest(decodeResult: success, version: HTTP/1.1)
POST /session/941f6d4568530a52bafa3e6744885bdf/element HTTP/1.1
User-Agent: selenium/4.8.1 (java windows)
Content-Length: 168
Content-Type: application/json; charset=utf-8
host: localhost:29648
accept: */*

Response DefaultHttpResponse(decodeResult: success, version: HTTP/1.1)
HTTP/1.1 200 OK
Content-Length: 88
Content-Type: application/json; charset=utf-8
cache-control: no-cache

18:43:19.790 [AsyncHttpClient-1-8] DEBUG org.asynchttpclient.netty.channel.ChannelManager - Adding key: http://localhost:29648 for channel [id: 0x12575cc1, L:/127.0.0.1:64690 - R:localhost/127.0.0.1:29648]
18:43:19.792 [Forwarding isElementDisplayed on session 941f6d4568530a52bafa3e6744885bdf to remote] DEBUG org.asynchttpclient.netty.request.NettyRequestSender - Using pooled Channel '[id: 0x12575cc1, L:/127.0.0.1:64690 - R:localhost/127.0.0.1:29648]' for 'POST' to 'http://localhost:29648/session/941f6d4568530a52bafa3e6744885bdf/execute/sync'
18:43:19.792 [Forwarding isElementDisplayed on session 941f6d4568530a52bafa3e6744885bdf to remote] DEBUG org.asynchttpclient.netty.request.NettyRequestSender - Using open Channel [id: 0x12575cc1, L:/127.0.0.1:64690 - R:localhost/127.0.0.1:29648] for POST '/session/941f6d4568530a52bafa3e6744885bdf/execute/sync'
18:43:19.799 [AsyncHttpClient-1-8] DEBUG org.asynchttpclient.netty.handler.HttpHandler - 

Request DefaultHttpRequest(decodeResult: success, version: HTTP/1.1)
POST /session/941f6d4568530a52bafa3e6744885bdf/execute/sync HTTP/1.1
User-Agent: selenium/4.8.1 (java windows)
Content-Length: 48807
Content-Type: application/json; charset=utf-8
host: localhost:29648
accept: */*

Response DefaultHttpResponse(decodeResult: success, version: HTTP/1.1)
HTTP/1.1 200 OK
Content-Length: 14
Content-Type: application/json; charset=utf-8
cache-control: no-cache

18:43:19.799 [AsyncHttpClient-1-8] DEBUG org.asynchttpclient.netty.channel.ChannelManager - Adding key: http://localhost:29648 for channel [id: 0x12575cc1, L:/127.0.0.1:64690 - R:localhost/127.0.0.1:29648]
18:43:19.803 [Forwarding getAlertText on session 941f6d4568530a52bafa3e6744885bdf to remote] DEBUG org.asynchttpclient.netty.request.NettyRequestSender - Using pooled Channel '[id: 0x12575cc1, L:/127.0.0.1:64690 - R:localhost/127.0.0.1:29648]' for 'GET' to 'http://localhost:29648/session/941f6d4568530a52bafa3e6744885bdf/alert/text'
18:43:19.803 [Forwarding getAlertText on session 941f6d4568530a52bafa3e6744885bdf to remote] DEBUG org.asynchttpclient.netty.request.NettyRequestSender - Using open Channel [id: 0x12575cc1, L:/127.0.0.1:64690 - R:localhost/127.0.0.1:29648] for GET '/session/941f6d4568530a52bafa3e6744885bdf/alert/text'
18:43:19.804 [AsyncHttpClient-1-8] DEBUG org.asynchttpclient.netty.handler.HttpHandler - 

Request DefaultFullHttpRequest(decodeResult: success, version: HTTP/1.1, content: EmptyByteBufBE)
GET /session/941f6d4568530a52bafa3e6744885bdf/alert/text HTTP/1.1
User-Agent: selenium/4.8.1 (java windows)
Cache-Control: no-cache
Content-Type: application/json; charset=utf-8
host: localhost:29648
accept: */*

Response DefaultHttpResponse(decodeResult: success, version: HTTP/1.1)
HTTP/1.1 404 Not Found
Content-Length: 821
Content-Type: application/json; charset=utf-8
cache-control: no-cache

18:43:19.804 [AsyncHttpClient-1-8] DEBUG org.asynchttpclient.netty.channel.ChannelManager - Adding key: http://localhost:29648 for channel [id: 0x12575cc1, L:/127.0.0.1:64690 - R:localhost/127.0.0.1:29648]
18:43:19.805 [Forwarding getCurrentUrl on session 941f6d4568530a52bafa3e6744885bdf to remote] DEBUG org.asynchttpclient.netty.request.NettyRequestSender - Using pooled Channel '[id: 0x12575cc1, L:/127.0.0.1:64690 - R:localhost/127.0.0.1:29648]' for 'GET' to 'http://localhost:29648/session/941f6d4568530a52bafa3e6744885bdf/url'
18:43:19.805 [Forwarding getCurrentUrl on session 941f6d4568530a52bafa3e6744885bdf to remote] DEBUG org.asynchttpclient.netty.request.NettyRequestSender - Using open Channel [id: 0x12575cc1, L:/127.0.0.1:64690 - R:localhost/127.0.0.1:29648] for GET '/session/941f6d4568530a52bafa3e6744885bdf/url'
18:43:19.808 [AsyncHttpClient-1-8] DEBUG org.asynchttpclient.netty.handler.HttpHandler - 

Request DefaultFullHttpRequest(decodeResult: success, version: HTTP/1.1, content: EmptyByteBufBE)
GET /session/941f6d4568530a52bafa3e6744885bdf/url HTTP/1.1
User-Agent: selenium/4.8.1 (java windows)
Cache-Control: no-cache
Content-Type: application/json; charset=utf-8
host: localhost:29648
accept: */*

Response DefaultHttpResponse(decodeResult: success, version: HTTP/1.1)
HTTP/1.1 200 OK
Content-Length: 41
Content-Type: application/json; charset=utf-8
cache-control: no-cache

18:43:19.808 [AsyncHttpClient-1-8] DEBUG org.asynchttpclient.netty.channel.ChannelManager - Adding key: http://localhost:29648 for channel [id: 0x12575cc1, L:/127.0.0.1:64690 - R:localhost/127.0.0.1:29648]
18:43:19.809 [Forwarding screenshot on session 941f6d4568530a52bafa3e6744885bdf to remote] DEBUG org.asynchttpclient.netty.request.NettyRequestSender - Using pooled Channel '[id: 0x12575cc1, L:/127.0.0.1:64690 - R:localhost/127.0.0.1:29648]' for 'GET' to 'http://localhost:29648/session/941f6d4568530a52bafa3e6744885bdf/screenshot'
18:43:19.809 [Forwarding screenshot on session 941f6d4568530a52bafa3e6744885bdf to remote] DEBUG org.asynchttpclient.netty.request.NettyRequestSender - Using open Channel [id: 0x12575cc1, L:/127.0.0.1:64690 - R:localhost/127.0.0.1:29648] for GET '/session/941f6d4568530a52bafa3e6744885bdf/screenshot'
18:43:19.880 [AsyncHttpClient-1-8] DEBUG org.asynchttpclient.netty.handler.HttpHandler - 

Request DefaultFullHttpRequest(decodeResult: success, version: HTTP/1.1, content: EmptyByteBufBE)
GET /session/941f6d4568530a52bafa3e6744885bdf/screenshot HTTP/1.1
User-Agent: selenium/4.8.1 (java windows)
Cache-Control: no-cache
Content-Type: application/json; charset=utf-8
host: localhost:29648
accept: */*

Response DefaultHttpResponse(decodeResult: success, version: HTTP/1.1)
HTTP/1.1 200 OK
Content-Length: 96608
Content-Type: application/json; charset=utf-8
cache-control: no-cache

18:43:19.881 [AsyncHttpClient-1-8] DEBUG org.asynchttpclient.netty.channel.ChannelManager - Adding key: http://localhost:29648 for channel [id: 0x12575cc1, L:/127.0.0.1:64690 - R:localhost/127.0.0.1:29648]
18:43:19.884 [main] DEBUG net.serenitybdd.core.photography.Darkroom - Send negative for processing for target\site\serenity\122e58814d0fc629db23b4ff9ae0233e3316bf515077042bd85aa8163b0365ff.png
18:43:19.884 [main] DEBUG net.thucydides.core.steps.StepInterceptor - STEP DONE: validateOnNonAccountHomePage
  &amp#27;[32mGiven &amp#27;[0m&amp#27;[32mI am on the non-account Home page&amp#27;[0m             &amp#27;[90m# starter.stepDefinition.LoginPosSteps.onTheNonAccountHomePage()&amp#27;[0m
18:43:19.889 [Forwarding getPageSource on session 941f6d4568530a52bafa3e6744885bdf to remote] DEBUG org.asynchttpclient.netty.request.NettyRequestSender - Using pooled Channel '[id: 0x12575cc1, L:/127.0.0.1:64690 - R:localhost/127.0.0.1:29648]' for 'POST' to 'http://localhost:29648/session/941f6d4568530a52bafa3e6744885bdf/execute/sync'
18:43:19.889 [Forwarding getPageSource on session 941f6d4568530a52bafa3e6744885bdf to remote] DEBUG org.asynchttpclient.netty.request.NettyRequestSender - Using open Channel [id: 0x12575cc1, L:/127.0.0.1:64690 - R:localhost/127.0.0.1:29648] for POST '/session/941f6d4568530a52bafa3e6744885bdf/execute/sync'
18:43:19.921 [AsyncHttpClient-1-8] DEBUG org.asynchttpclient.netty.handler.HttpHandler - 

Request DefaultHttpRequest(decodeResult: success, version: HTTP/1.1)
POST /session/941f6d4568530a52bafa3e6744885bdf/execute/sync HTTP/1.1
User-Agent: selenium/4.8.1 (java windows)
Content-Length: 176
Content-Type: application/json; charset=utf-8
host: localhost:29648
accept: */*

Response DefaultHttpResponse(decodeResult: success, version: HTTP/1.1)
HTTP/1.1 200 OK
Content-Length: 904358
Content-Type: application/json; charset=utf-8
cache-control: no-cache

18:43:19.922 [AsyncHttpClient-1-8] DEBUG org.asynchttpclient.netty.channel.ChannelManager - Adding key: http://localhost:29648 for channel [id: 0x12575cc1, L:/127.0.0.1:64690 - R:localhost/127.0.0.1:29648]
18:43:19.958 [Forwarding getCurrentUrl on session 941f6d4568530a52bafa3e6744885bdf to remote] DEBUG org.asynchttpclient.netty.request.NettyRequestSender - Using pooled Channel '[id: 0x12575cc1, L:/127.0.0.1:64690 - R:localhost/127.0.0.1:29648]' for 'GET' to 'http://localhost:29648/session/941f6d4568530a52bafa3e6744885bdf/url'
18:43:19.958 [Forwarding getCurrentUrl on session 941f6d4568530a52bafa3e6744885bdf to remote] DEBUG org.asynchttpclient.netty.request.NettyRequestSender - Using open Channel [id: 0x12575cc1, L:/127.0.0.1:64690 - R:localhost/127.0.0.1:29648] for GET '/session/941f6d4568530a52bafa3e6744885bdf/url'
18:43:20.161 [AsyncHttpClient-1-8] DEBUG org.asynchttpclient.netty.handler.HttpHandler - 

Request DefaultFullHttpRequest(decodeResult: success, version: HTTP/1.1, content: EmptyByteBufBE)
GET /session/941f6d4568530a52bafa3e6744885bdf/url HTTP/1.1
User-Agent: selenium/4.8.1 (java windows)
Cache-Control: no-cache
Content-Type: application/json; charset=utf-8
host: localhost:29648
accept: */*

Response DefaultHttpResponse(decodeResult: success, version: HTTP/1.1)
HTTP/1.1 200 OK
Content-Length: 41
Content-Type: application/json; charset=utf-8
cache-control: no-cache

18:43:20.161 [AsyncHttpClient-1-8] DEBUG org.asynchttpclient.netty.channel.ChannelManager - Adding key: http://localhost:29648 for channel [id: 0x12575cc1, L:/127.0.0.1:64690 - R:localhost/127.0.0.1:29648]
18:43:20.170 [Forwarding getAlertText on session 941f6d4568530a52bafa3e6744885bdf to remote] DEBUG org.asynchttpclient.netty.request.NettyRequestSender - Using pooled Channel '[id: 0x12575cc1, L:/127.0.0.1:64690 - R:localhost/127.0.0.1:29648]' for 'GET' to 'http://localhost:29648/session/941f6d4568530a52bafa3e6744885bdf/alert/text'
18:43:20.170 [Forwarding getAlertText on session 941f6d4568530a52bafa3e6744885bdf to remote] DEBUG org.asynchttpclient.netty.request.NettyRequestSender - Using open Channel [id: 0x12575cc1, L:/127.0.0.1:64690 - R:localhost/127.0.0.1:29648] for GET '/session/941f6d4568530a52bafa3e6744885bdf/alert/text'
18:43:20.171 [AsyncHttpClient-1-8] DEBUG org.asynchttpclient.netty.handler.HttpHandler - 

Request DefaultFullHttpRequest(decodeResult: success, version: HTTP/1.1, content: EmptyByteBufBE)
GET /session/941f6d4568530a52bafa3e6744885bdf/alert/text HTTP/1.1
User-Agent: selenium/4.8.1 (java windows)
Cache-Control: no-cache
Content-Type: application/json; charset=utf-8
host: localhost:29648
accept: */*

Response DefaultHttpResponse(decodeResult: success, version: HTTP/1.1)
HTTP/1.1 404 Not Found
Content-Length: 821
Content-Type: application/json; charset=utf-8
cache-control: no-cache

18:43:20.171 [AsyncHttpClient-1-8] DEBUG org.asynchttpclient.netty.channel.ChannelManager - Adding key: http://localhost:29648 for channel [id: 0x12575cc1, L:/127.0.0.1:64690 - R:localhost/127.0.0.1:29648]
18:43:20.172 [Forwarding getCurrentUrl on session 941f6d4568530a52bafa3e6744885bdf to remote] DEBUG org.asynchttpclient.netty.request.NettyRequestSender - Using pooled Channel '[id: 0x12575cc1, L:/127.0.0.1:64690 - R:localhost/127.0.0.1:29648]' for 'GET' to 'http://localhost:29648/session/941f6d4568530a52bafa3e6744885bdf/url'
18:43:20.172 [Forwarding getCurrentUrl on session 941f6d4568530a52bafa3e6744885bdf to remote] DEBUG org.asynchttpclient.netty.request.NettyRequestSender - Using open Channel [id: 0x12575cc1, L:/127.0.0.1:64690 - R:localhost/127.0.0.1:29648] for GET '/session/941f6d4568530a52bafa3e6744885bdf/url'
18:43:20.174 [AsyncHttpClient-1-8] DEBUG org.asynchttpclient.netty.handler.HttpHandler - 

Request DefaultFullHttpRequest(decodeResult: success, version: HTTP/1.1, content: EmptyByteBufBE)
GET /session/941f6d4568530a52bafa3e6744885bdf/url HTTP/1.1
User-Agent: selenium/4.8.1 (java windows)
Cache-Control: no-cache
Content-Type: application/json; charset=utf-8
host: localhost:29648
accept: */*

Response DefaultHttpResponse(decodeResult: success, version: HTTP/1.1)
HTTP/1.1 200 OK
Content-Length: 41
Content-Type: application/json; charset=utf-8
cache-control: no-cache

18:43:20.174 [AsyncHttpClient-1-8] DEBUG org.asynchttpclient.netty.channel.ChannelManager - Adding key: http://localhost:29648 for channel [id: 0x12575cc1, L:/127.0.0.1:64690 - R:localhost/127.0.0.1:29648]
18:43:20.175 [Forwarding screenshot on session 941f6d4568530a52bafa3e6744885bdf to remote] DEBUG org.asynchttpclient.netty.request.NettyRequestSender - Using pooled Channel '[id: 0x12575cc1, L:/127.0.0.1:64690 - R:localhost/127.0.0.1:29648]' for 'GET' to 'http://localhost:29648/session/941f6d4568530a52bafa3e6744885bdf/screenshot'
18:43:20.175 [Forwarding screenshot on session 941f6d4568530a52bafa3e6744885bdf to remote] DEBUG org.asynchttpclient.netty.request.NettyRequestSender - Using open Channel [id: 0x12575cc1, L:/127.0.0.1:64690 - R:localhost/127.0.0.1:29648] for GET '/session/941f6d4568530a52bafa3e6744885bdf/screenshot'
18:43:20.494 [AsyncHttpClient-1-8] DEBUG org.asynchttpclient.netty.handler.HttpHandler - 

Request DefaultFullHttpRequest(decodeResult: success, version: HTTP/1.1, content: EmptyByteBufBE)
GET /session/941f6d4568530a52bafa3e6744885bdf/screenshot HTTP/1.1
User-Agent: selenium/4.8.1 (java windows)
Cache-Control: no-cache
Content-Type: application/json; charset=utf-8
host: localhost:29648
accept: */*

Response DefaultHttpResponse(decodeResult: success, version: HTTP/1.1)
HTTP/1.1 200 OK
Content-Length: 96608
Content-Type: application/json; charset=utf-8
cache-control: no-cache

18:43:20.495 [AsyncHttpClient-1-8] DEBUG org.asynchttpclient.netty.channel.ChannelManager - Adding key: http://localhost:29648 for channel [id: 0x12575cc1, L:/127.0.0.1:64690 - R:localhost/127.0.0.1:29648]
18:43:20.498 [main] DEBUG net.serenitybdd.core.photography.Darkroom - Send negative for processing for target\site\serenity\122e58814d0fc629db23b4ff9ae0233e3316bf515077042bd85aa8163b0365ff.png
18:43:20.500 [Forwarding getPageSource on session 941f6d4568530a52bafa3e6744885bdf to remote] DEBUG org.asynchttpclient.netty.request.NettyRequestSender - Using pooled Channel '[id: 0x12575cc1, L:/127.0.0.1:64690 - R:localhost/127.0.0.1:29648]' for 'POST' to 'http://localhost:29648/session/941f6d4568530a52bafa3e6744885bdf/execute/sync'
18:43:20.500 [Forwarding getPageSource on session 941f6d4568530a52bafa3e6744885bdf to remote] DEBUG org.asynchttpclient.netty.request.NettyRequestSender - Using open Channel [id: 0x12575cc1, L:/127.0.0.1:64690 - R:localhost/127.0.0.1:29648] for POST '/session/941f6d4568530a52bafa3e6744885bdf/execute/sync'
18:43:20.545 [AsyncHttpClient-1-8] DEBUG org.asynchttpclient.netty.handler.HttpHandler - 

Request DefaultHttpRequest(decodeResult: success, version: HTTP/1.1)
POST /session/941f6d4568530a52bafa3e6744885bdf/execute/sync HTTP/1.1
User-Agent: selenium/4.8.1 (java windows)
Content-Length: 176
Content-Type: application/json; charset=utf-8
host: localhost:29648
accept: */*

Response DefaultHttpResponse(decodeResult: success, version: HTTP/1.1)
HTTP/1.1 200 OK
Content-Length: 904358
Content-Type: application/json; charset=utf-8
cache-control: no-cache

18:43:20.546 [AsyncHttpClient-1-8] DEBUG org.asynchttpclient.netty.channel.ChannelManager - Adding key: http://localhost:29648 for channel [id: 0x12575cc1, L:/127.0.0.1:64690 - R:localhost/127.0.0.1:29648]
18:43:20.582 [Forwarding getCurrentUrl on session 941f6d4568530a52bafa3e6744885bdf to remote] DEBUG org.asynchttpclient.netty.request.NettyRequestSender - Using pooled Channel '[id: 0x12575cc1, L:/127.0.0.1:64690 - R:localhost/127.0.0.1:29648]' for 'GET' to 'http://localhost:29648/session/941f6d4568530a52bafa3e6744885bdf/url'
18:43:20.582 [Forwarding getCurrentUrl on session 941f6d4568530a52bafa3e6744885bdf to remote] DEBUG org.asynchttpclient.netty.request.NettyRequestSender - Using open Channel [id: 0x12575cc1, L:/127.0.0.1:64690 - R:localhost/127.0.0.1:29648] for GET '/session/941f6d4568530a52bafa3e6744885bdf/url'
18:43:20.618 [AsyncHttpClient-1-8] DEBUG org.asynchttpclient.netty.handler.HttpHandler - 

Request DefaultFullHttpRequest(decodeResult: success, version: HTTP/1.1, content: EmptyByteBufBE)
GET /session/941f6d4568530a52bafa3e6744885bdf/url HTTP/1.1
User-Agent: selenium/4.8.1 (java windows)
Cache-Control: no-cache
Content-Type: application/json; charset=utf-8
host: localhost:29648
accept: */*

Response DefaultHttpResponse(decodeResult: success, version: HTTP/1.1)
HTTP/1.1 200 OK
Content-Length: 41
Content-Type: application/json; charset=utf-8
cache-control: no-cache

18:43:20.618 [AsyncHttpClient-1-8] DEBUG org.asynchttpclient.netty.channel.ChannelManager - Adding key: http://localhost:29648 for channel [id: 0x12575cc1, L:/127.0.0.1:64690 - R:localhost/127.0.0.1:29648]
18:43:20.621 [main] DEBUG net.thucydides.core.steps.StepInterceptor - STARTING STEP: LoginPosSteps.clickLoginHomeButton - clickLoginHomeButton
18:43:20.623 [Forwarding findElement on session 941f6d4568530a52bafa3e6744885bdf to remote] DEBUG org.asynchttpclient.netty.request.NettyRequestSender - Using pooled Channel '[id: 0x12575cc1, L:/127.0.0.1:64690 - R:localhost/127.0.0.1:29648]' for 'POST' to 'http://localhost:29648/session/941f6d4568530a52bafa3e6744885bdf/element'
18:43:20.623 [Forwarding findElement on session 941f6d4568530a52bafa3e6744885bdf to remote] DEBUG org.asynchttpclient.netty.request.NettyRequestSender - Using open Channel [id: 0x12575cc1, L:/127.0.0.1:64690 - R:localhost/127.0.0.1:29648] for POST '/session/941f6d4568530a52bafa3e6744885bdf/element'
18:43:20.670 [AsyncHttpClient-1-8] DEBUG org.asynchttpclient.netty.handler.HttpHandler - 

Request DefaultHttpRequest(decodeResult: success, version: HTTP/1.1)
POST /session/941f6d4568530a52bafa3e6744885bdf/element HTTP/1.1
User-Agent: selenium/4.8.1 (java windows)
Content-Length: 168
Content-Type: application/json; charset=utf-8
host: localhost:29648
accept: */*

Response DefaultHttpResponse(decodeResult: success, version: HTTP/1.1)
HTTP/1.1 200 OK
Content-Length: 88
Content-Type: application/json; charset=utf-8
cache-control: no-cache

18:43:20.670 [AsyncHttpClient-1-8] DEBUG org.asynchttpclient.netty.channel.ChannelManager - Adding key: http://localhost:29648 for channel [id: 0x12575cc1, L:/127.0.0.1:64690 - R:localhost/127.0.0.1:29648]
18:43:20.671 [Forwarding getElementTagName on session 941f6d4568530a52bafa3e6744885bdf to remote] DEBUG org.asynchttpclient.netty.request.NettyRequestSender - Using pooled Channel '[id: 0x12575cc1, L:/127.0.0.1:64690 - R:localhost/127.0.0.1:29648]' for 'GET' to 'http://localhost:29648/session/941f6d4568530a52bafa3e6744885bdf/element/9b83d07d-759d-40a8-b5da-fcfd2926448c/name'
18:43:20.671 [Forwarding getElementTagName on session 941f6d4568530a52bafa3e6744885bdf to remote] DEBUG org.asynchttpclient.netty.request.NettyRequestSender - Using open Channel [id: 0x12575cc1, L:/127.0.0.1:64690 - R:localhost/127.0.0.1:29648] for GET '/session/941f6d4568530a52bafa3e6744885bdf/element/9b83d07d-759d-40a8-b5da-fcfd2926448c/name'
18:43:20.673 [AsyncHttpClient-1-8] DEBUG org.asynchttpclient.netty.handler.HttpHandler - 

Request DefaultFullHttpRequest(decodeResult: success, version: HTTP/1.1, content: EmptyByteBufBE)
GET /session/941f6d4568530a52bafa3e6744885bdf/element/9b83d07d-759d-40a8-b5da-fcfd2926448c/name HTTP/1.1
User-Agent: selenium/4.8.1 (java windows)
Cache-Control: no-cache
Content-Type: application/json; charset=utf-8
host: localhost:29648
accept: */*

Response DefaultHttpResponse(decodeResult: success, version: HTTP/1.1)
HTTP/1.1 200 OK
Content-Length: 13
Content-Type: application/json; charset=utf-8
cache-control: no-cache

18:43:20.673 [AsyncHttpClient-1-8] DEBUG org.asynchttpclient.netty.channel.ChannelManager - Adding key: http://localhost:29648 for channel [id: 0x12575cc1, L:/127.0.0.1:64690 - R:localhost/127.0.0.1:29648]
18:43:20.674 [Forwarding getElementTagName on session 941f6d4568530a52bafa3e6744885bdf to remote] DEBUG org.asynchttpclient.netty.request.NettyRequestSender - Using pooled Channel '[id: 0x12575cc1, L:/127.0.0.1:64690 - R:localhost/127.0.0.1:29648]' for 'GET' to 'http://localhost:29648/session/941f6d4568530a52bafa3e6744885bdf/element/9b83d07d-759d-40a8-b5da-fcfd2926448c/name'
18:43:20.674 [Forwarding getElementTagName on session 941f6d4568530a52bafa3e6744885bdf to remote] DEBUG org.asynchttpclient.netty.request.NettyRequestSender - Using open Channel [id: 0x12575cc1, L:/127.0.0.1:64690 - R:localhost/127.0.0.1:29648] for GET '/session/941f6d4568530a52bafa3e6744885bdf/element/9b83d07d-759d-40a8-b5da-fcfd2926448c/name'
18:43:20.676 [AsyncHttpClient-1-8] DEBUG org.asynchttpclient.netty.handler.HttpHandler - 

Request DefaultFullHttpRequest(decodeResult: success, version: HTTP/1.1, content: EmptyByteBufBE)
GET /session/941f6d4568530a52bafa3e6744885bdf/element/9b83d07d-759d-40a8-b5da-fcfd2926448c/name HTTP/1.1
User-Agent: selenium/4.8.1 (java windows)
Cache-Control: no-cache
Content-Type: application/json; charset=utf-8
host: localhost:29648
accept: */*

Response DefaultHttpResponse(decodeResult: success, version: HTTP/1.1)
HTTP/1.1 200 OK
Content-Length: 13
Content-Type: application/json; charset=utf-8
cache-control: no-cache

18:43:20.676 [AsyncHttpClient-1-8] DEBUG org.asynchttpclient.netty.channel.ChannelManager - Adding key: http://localhost:29648 for channel [id: 0x12575cc1, L:/127.0.0.1:64690 - R:localhost/127.0.0.1:29648]
18:43:20.677 [Forwarding findElement on session 941f6d4568530a52bafa3e6744885bdf to remote] DEBUG org.asynchttpclient.netty.request.NettyRequestSender - Using pooled Channel '[id: 0x12575cc1, L:/127.0.0.1:64690 - R:localhost/127.0.0.1:29648]' for 'POST' to 'http://localhost:29648/session/941f6d4568530a52bafa3e6744885bdf/element'
18:43:20.677 [Forwarding findElement on session 941f6d4568530a52bafa3e6744885bdf to remote] DEBUG org.asynchttpclient.netty.request.NettyRequestSender - Using open Channel [id: 0x12575cc1, L:/127.0.0.1:64690 - R:localhost/127.0.0.1:29648] for POST '/session/941f6d4568530a52bafa3e6744885bdf/element'
18:43:20.684 [AsyncHttpClient-1-8] DEBUG org.asynchttpclient.netty.handler.HttpHandler - 

Request DefaultHttpRequest(decodeResult: success, version: HTTP/1.1)
POST /session/941f6d4568530a52bafa3e6744885bdf/element HTTP/1.1
User-Agent: selenium/4.8.1 (java windows)
Content-Length: 168
Content-Type: application/json; charset=utf-8
host: localhost:29648
accept: */*

Response DefaultHttpResponse(decodeResult: success, version: HTTP/1.1)
HTTP/1.1 200 OK
Content-Length: 88
Content-Type: application/json; charset=utf-8
cache-control: no-cache

18:43:20.685 [AsyncHttpClient-1-8] DEBUG org.asynchttpclient.netty.channel.ChannelManager - Adding key: http://localhost:29648 for channel [id: 0x12575cc1, L:/127.0.0.1:64690 - R:localhost/127.0.0.1:29648]
18:43:20.685 [Forwarding clickElement on session 941f6d4568530a52bafa3e6744885bdf to remote] DEBUG org.asynchttpclient.netty.request.NettyRequestSender - Using pooled Channel '[id: 0x12575cc1, L:/127.0.0.1:64690 - R:localhost/127.0.0.1:29648]' for 'POST' to 'http://localhost:29648/session/941f6d4568530a52bafa3e6744885bdf/element/9b83d07d-759d-40a8-b5da-fcfd2926448c/click'
18:43:20.685 [Forwarding clickElement on session 941f6d4568530a52bafa3e6744885bdf to remote] DEBUG org.asynchttpclient.netty.request.NettyRequestSender - Using open Channel [id: 0x12575cc1, L:/127.0.0.1:64690 - R:localhost/127.0.0.1:29648] for POST '/session/941f6d4568530a52bafa3e6744885bdf/element/9b83d07d-759d-40a8-b5da-fcfd2926448c/click'
18:43:20.726 [AsyncHttpClient-1-8] DEBUG org.asynchttpclient.netty.handler.HttpHandler - 

Request DefaultHttpRequest(decodeResult: success, version: HTTP/1.1)
POST /session/941f6d4568530a52bafa3e6744885bdf/element/9b83d07d-759d-40a8-b5da-fcfd2926448c/click HTTP/1.1
User-Agent: selenium/4.8.1 (java windows)
Content-Length: 50
Content-Type: application/json; charset=utf-8
host: localhost:29648
accept: */*

Response DefaultHttpResponse(decodeResult: success, version: HTTP/1.1)
HTTP/1.1 200 OK
Content-Length: 14
Content-Type: application/json; charset=utf-8
cache-control: no-cache

18:43:20.726 [AsyncHttpClient-1-8] DEBUG org.asynchttpclient.netty.channel.ChannelManager - Adding key: http://localhost:29648 for channel [id: 0x12575cc1, L:/127.0.0.1:64690 - R:localhost/127.0.0.1:29648]
18:43:20.730 [Forwarding getAlertText on session 941f6d4568530a52bafa3e6744885bdf to remote] DEBUG org.asynchttpclient.netty.request.NettyRequestSender - Using pooled Channel '[id: 0x12575cc1, L:/127.0.0.1:64690 - R:localhost/127.0.0.1:29648]' for 'GET' to 'http://localhost:29648/session/941f6d4568530a52bafa3e6744885bdf/alert/text'
18:43:20.730 [Forwarding getAlertText on session 941f6d4568530a52bafa3e6744885bdf to remote] DEBUG org.asynchttpclient.netty.request.NettyRequestSender - Using open Channel [id: 0x12575cc1, L:/127.0.0.1:64690 - R:localhost/127.0.0.1:29648] for GET '/session/941f6d4568530a52bafa3e6744885bdf/alert/text'
18:43:20.886 [AsyncHttpClient-1-1] DEBUG org.asynchttpclient.netty.channel.DefaultChannelPool - Entry count for : http://localhost:64691 : 1
18:43:20.908 [AsyncHttpClient-1-8] DEBUG org.asynchttpclient.netty.handler.HttpHandler - 

Request DefaultFullHttpRequest(decodeResult: success, version: HTTP/1.1, content: EmptyByteBufBE)
GET /session/941f6d4568530a52bafa3e6744885bdf/alert/text HTTP/1.1
User-Agent: selenium/4.8.1 (java windows)
Cache-Control: no-cache
Content-Type: application/json; charset=utf-8
host: localhost:29648
accept: */*

Response DefaultHttpResponse(decodeResult: success, version: HTTP/1.1)
HTTP/1.1 404 Not Found
Content-Length: 821
Content-Type: application/json; charset=utf-8
cache-control: no-cache

18:43:20.908 [AsyncHttpClient-1-8] DEBUG org.asynchttpclient.netty.channel.ChannelManager - Adding key: http://localhost:29648 for channel [id: 0x12575cc1, L:/127.0.0.1:64690 - R:localhost/127.0.0.1:29648]
18:43:20.909 [Forwarding getCurrentUrl on session 941f6d4568530a52bafa3e6744885bdf to remote] DEBUG org.asynchttpclient.netty.request.NettyRequestSender - Using pooled Channel '[id: 0x12575cc1, L:/127.0.0.1:64690 - R:localhost/127.0.0.1:29648]' for 'GET' to 'http://localhost:29648/session/941f6d4568530a52bafa3e6744885bdf/url'
18:43:20.909 [Forwarding getCurrentUrl on session 941f6d4568530a52bafa3e6744885bdf to remote] DEBUG org.asynchttpclient.netty.request.NettyRequestSender - Using open Channel [id: 0x12575cc1, L:/127.0.0.1:64690 - R:localhost/127.0.0.1:29648] for GET '/session/941f6d4568530a52bafa3e6744885bdf/url'
18:43:20.911 [AsyncHttpClient-1-8] DEBUG org.asynchttpclient.netty.handler.HttpHandler - 

Request DefaultFullHttpRequest(decodeResult: success, version: HTTP/1.1, content: EmptyByteBufBE)
GET /session/941f6d4568530a52bafa3e6744885bdf/url HTTP/1.1
User-Agent: selenium/4.8.1 (java windows)
Cache-Control: no-cache
Content-Type: application/json; charset=utf-8
host: localhost:29648
accept: */*

Response DefaultHttpResponse(decodeResult: success, version: HTTP/1.1)
HTTP/1.1 200 OK
Content-Length: 51
Content-Type: application/json; charset=utf-8
cache-control: no-cache

18:43:20.911 [AsyncHttpClient-1-8] DEBUG org.asynchttpclient.netty.channel.ChannelManager - Adding key: http://localhost:29648 for channel [id: 0x12575cc1, L:/127.0.0.1:64690 - R:localhost/127.0.0.1:29648]
18:43:20.911 [Forwarding screenshot on session 941f6d4568530a52bafa3e6744885bdf to remote] DEBUG org.asynchttpclient.netty.request.NettyRequestSender - Using pooled Channel '[id: 0x12575cc1, L:/127.0.0.1:64690 - R:localhost/127.0.0.1:29648]' for 'GET' to 'http://localhost:29648/session/941f6d4568530a52bafa3e6744885bdf/screenshot'
18:43:20.911 [Forwarding screenshot on session 941f6d4568530a52bafa3e6744885bdf to remote] DEBUG org.asynchttpclient.netty.request.NettyRequestSender - Using open Channel [id: 0x12575cc1, L:/127.0.0.1:64690 - R:localhost/127.0.0.1:29648] for GET '/session/941f6d4568530a52bafa3e6744885bdf/screenshot'
18:43:21.149 [AsyncHttpClient-1-8] DEBUG org.asynchttpclient.netty.handler.HttpHandler - 

Request DefaultFullHttpRequest(decodeResult: success, version: HTTP/1.1, content: EmptyByteBufBE)
GET /session/941f6d4568530a52bafa3e6744885bdf/screenshot HTTP/1.1
User-Agent: selenium/4.8.1 (java windows)
Cache-Control: no-cache
Content-Type: application/json; charset=utf-8
host: localhost:29648
accept: */*

Response DefaultHttpResponse(decodeResult: success, version: HTTP/1.1)
HTTP/1.1 200 OK
Content-Length: 33988
Content-Type: application/json; charset=utf-8
cache-control: no-cache

18:43:21.149 [AsyncHttpClient-1-8] DEBUG org.asynchttpclient.netty.channel.ChannelManager - Adding key: http://localhost:29648 for channel [id: 0x12575cc1, L:/127.0.0.1:64690 - R:localhost/127.0.0.1:29648]
18:43:21.151 [main] DEBUG net.serenitybdd.core.photography.Darkroom - Send negative for processing for target\site\serenity\7f6e1bd9cf05815da9ae33eb1cf9d224753e6a345b31ed9204c0cdb0ca9e0a22.png
18:43:21.151 [Darkroom Processing Line] DEBUG net.serenitybdd.core.photography.DarkroomProcessingLine - Processing screenshot image in /var/screenshots/screenshot-6459149487824273312
18:43:21.151 [main] DEBUG net.thucydides.core.steps.StepInterceptor - STEP DONE: clickLoginHomeButton
18:43:21.151 [Darkroom Processing Line] DEBUG net.serenitybdd.core.photography.DarkroomProcessingLine - Saving screenshot to target\site\serenity\7f6e1bd9cf05815da9ae33eb1cf9d224753e6a345b31ed9204c0cdb0ca9e0a22.png
  &amp#27;[32mWhen &amp#27;[0m&amp#27;[32mI click login home icon&amp#27;[0m                        &amp#27;[90m# starter.stepDefinition.LoginPosSteps.clickLoginHomeButton()&amp#27;[0m
18:43:21.158 [Forwarding getPageSource on session 941f6d4568530a52bafa3e6744885bdf to remote] DEBUG org.asynchttpclient.netty.request.NettyRequestSender - Using pooled Channel '[id: 0x12575cc1, L:/127.0.0.1:64690 - R:localhost/127.0.0.1:29648]' for 'POST' to 'http://localhost:29648/session/941f6d4568530a52bafa3e6744885bdf/execute/sync'
18:43:21.158 [Forwarding getPageSource on session 941f6d4568530a52bafa3e6744885bdf to remote] DEBUG org.asynchttpclient.netty.request.NettyRequestSender - Using open Channel [id: 0x12575cc1, L:/127.0.0.1:64690 - R:localhost/127.0.0.1:29648] for POST '/session/941f6d4568530a52bafa3e6744885bdf/execute/sync'
18:43:21.163 [AsyncHttpClient-1-8] DEBUG org.asynchttpclient.netty.handler.HttpHandler - 

Request DefaultHttpRequest(decodeResult: success, version: HTTP/1.1)
POST /session/941f6d4568530a52bafa3e6744885bdf/execute/sync HTTP/1.1
User-Agent: selenium/4.8.1 (java windows)
Content-Length: 176
Content-Type: application/json; charset=utf-8
host: localhost:29648
accept: */*

Response DefaultHttpResponse(decodeResult: success, version: HTTP/1.1)
HTTP/1.1 200 OK
Content-Length: 21996
Content-Type: application/json; charset=utf-8
cache-control: no-cache

18:43:21.163 [AsyncHttpClient-1-8] DEBUG org.asynchttpclient.netty.channel.ChannelManager - Adding key: http://localhost:29648 for channel [id: 0x12575cc1, L:/127.0.0.1:64690 - R:localhost/127.0.0.1:29648]
18:43:21.165 [Forwarding getCurrentUrl on session 941f6d4568530a52bafa3e6744885bdf to remote] DEBUG org.asynchttpclient.netty.request.NettyRequestSender - Using pooled Channel '[id: 0x12575cc1, L:/127.0.0.1:64690 - R:localhost/127.0.0.1:29648]' for 'GET' to 'http://localhost:29648/session/941f6d4568530a52bafa3e6744885bdf/url'
18:43:21.165 [Forwarding getCurrentUrl on session 941f6d4568530a52bafa3e6744885bdf to remote] DEBUG org.asynchttpclient.netty.request.NettyRequestSender - Using open Channel [id: 0x12575cc1, L:/127.0.0.1:64690 - R:localhost/127.0.0.1:29648] for GET '/session/941f6d4568530a52bafa3e6744885bdf/url'
18:43:21.167 [AsyncHttpClient-1-8] DEBUG org.asynchttpclient.netty.handler.HttpHandler - 

Request DefaultFullHttpRequest(decodeResult: success, version: HTTP/1.1, content: EmptyByteBufBE)
GET /session/941f6d4568530a52bafa3e6744885bdf/url HTTP/1.1
User-Agent: selenium/4.8.1 (java windows)
Cache-Control: no-cache
Content-Type: application/json; charset=utf-8
host: localhost:29648
accept: */*

Response DefaultHttpResponse(decodeResult: success, version: HTTP/1.1)
HTTP/1.1 200 OK
Content-Length: 51
Content-Type: application/json; charset=utf-8
cache-control: no-cache

18:43:21.168 [AsyncHttpClient-1-8] DEBUG org.asynchttpclient.netty.channel.ChannelManager - Adding key: http://localhost:29648 for channel [id: 0x12575cc1, L:/127.0.0.1:64690 - R:localhost/127.0.0.1:29648]
18:43:21.175 [Forwarding getPageSource on session 941f6d4568530a52bafa3e6744885bdf to remote] DEBUG org.asynchttpclient.netty.request.NettyRequestSender - Using pooled Channel '[id: 0x12575cc1, L:/127.0.0.1:64690 - R:localhost/127.0.0.1:29648]' for 'POST' to 'http://localhost:29648/session/941f6d4568530a52bafa3e6744885bdf/execute/sync'
18:43:21.175 [Forwarding getPageSource on session 941f6d4568530a52bafa3e6744885bdf to remote] DEBUG org.asynchttpclient.netty.request.NettyRequestSender - Using open Channel [id: 0x12575cc1, L:/127.0.0.1:64690 - R:localhost/127.0.0.1:29648] for POST '/session/941f6d4568530a52bafa3e6744885bdf/execute/sync'
18:43:21.178 [AsyncHttpClient-1-8] DEBUG org.asynchttpclient.netty.handler.HttpHandler - 

Request DefaultHttpRequest(decodeResult: success, version: HTTP/1.1)
POST /session/941f6d4568530a52bafa3e6744885bdf/execute/sync HTTP/1.1
User-Agent: selenium/4.8.1 (java windows)
Content-Length: 176
Content-Type: application/json; charset=utf-8
host: localhost:29648
accept: */*

Response DefaultHttpResponse(decodeResult: success, version: HTTP/1.1)
HTTP/1.1 200 OK
Content-Length: 21996
Content-Type: application/json; charset=utf-8
cache-control: no-cache

18:43:21.178 [AsyncHttpClient-1-8] DEBUG org.asynchttpclient.netty.channel.ChannelManager - Adding key: http://localhost:29648 for channel [id: 0x12575cc1, L:/127.0.0.1:64690 - R:localhost/127.0.0.1:29648]
18:43:21.179 [Forwarding getCurrentUrl on session 941f6d4568530a52bafa3e6744885bdf to remote] DEBUG org.asynchttpclient.netty.request.NettyRequestSender - Using pooled Channel '[id: 0x12575cc1, L:/127.0.0.1:64690 - R:localhost/127.0.0.1:29648]' for 'GET' to 'http://localhost:29648/session/941f6d4568530a52bafa3e6744885bdf/url'
18:43:21.179 [Forwarding getCurrentUrl on session 941f6d4568530a52bafa3e6744885bdf to remote] DEBUG org.asynchttpclient.netty.request.NettyRequestSender - Using open Channel [id: 0x12575cc1, L:/127.0.0.1:64690 - R:localhost/127.0.0.1:29648] for GET '/session/941f6d4568530a52bafa3e6744885bdf/url'
18:43:21.181 [AsyncHttpClient-1-8] DEBUG org.asynchttpclient.netty.handler.HttpHandler - 

Request DefaultFullHttpRequest(decodeResult: success, version: HTTP/1.1, content: EmptyByteBufBE)
GET /session/941f6d4568530a52bafa3e6744885bdf/url HTTP/1.1
User-Agent: selenium/4.8.1 (java windows)
Cache-Control: no-cache
Content-Type: application/json; charset=utf-8
host: localhost:29648
accept: */*

Response DefaultHttpResponse(decodeResult: success, version: HTTP/1.1)
HTTP/1.1 200 OK
Content-Length: 51
Content-Type: application/json; charset=utf-8
cache-control: no-cache

18:43:21.181 [AsyncHttpClient-1-8] DEBUG org.asynchttpclient.netty.channel.ChannelManager - Adding key: http://localhost:29648 for channel [id: 0x12575cc1, L:/127.0.0.1:64690 - R:localhost/127.0.0.1:29648]
18:43:21.183 [main] DEBUG net.thucydides.core.steps.StepInterceptor - STARTING STEP: LoginPosSteps.inputValidEmail - inputValidEmail
18:43:21.184 [Forwarding findElement on session 941f6d4568530a52bafa3e6744885bdf to remote] DEBUG org.asynchttpclient.netty.request.NettyRequestSender - Using pooled Channel '[id: 0x12575cc1, L:/127.0.0.1:64690 - R:localhost/127.0.0.1:29648]' for 'POST' to 'http://localhost:29648/session/941f6d4568530a52bafa3e6744885bdf/element'
18:43:21.184 [Forwarding findElement on session 941f6d4568530a52bafa3e6744885bdf to remote] DEBUG org.asynchttpclient.netty.request.NettyRequestSender - Using open Channel [id: 0x12575cc1, L:/127.0.0.1:64690 - R:localhost/127.0.0.1:29648] for POST '/session/941f6d4568530a52bafa3e6744885bdf/element'
18:43:21.191 [AsyncHttpClient-1-8] DEBUG org.asynchttpclient.netty.handler.HttpHandler - 

Request DefaultHttpRequest(decodeResult: success, version: HTTP/1.1)
POST /session/941f6d4568530a52bafa3e6744885bdf/element HTTP/1.1
User-Agent: selenium/4.8.1 (java windows)
Content-Length: 125
Content-Type: application/json; charset=utf-8
host: localhost:29648
accept: */*

Response DefaultHttpResponse(decodeResult: success, version: HTTP/1.1)
HTTP/1.1 200 OK
Content-Length: 88
Content-Type: application/json; charset=utf-8
cache-control: no-cache

18:43:21.191 [AsyncHttpClient-1-8] DEBUG org.asynchttpclient.netty.channel.ChannelManager - Adding key: http://localhost:29648 for channel [id: 0x12575cc1, L:/127.0.0.1:64690 - R:localhost/127.0.0.1:29648]
18:43:21.192 [Forwarding clearElement on session 941f6d4568530a52bafa3e6744885bdf to remote] DEBUG org.asynchttpclient.netty.request.NettyRequestSender - Using pooled Channel '[id: 0x12575cc1, L:/127.0.0.1:64690 - R:localhost/127.0.0.1:29648]' for 'POST' to 'http://localhost:29648/session/941f6d4568530a52bafa3e6744885bdf/element/a4439ea7-1c0f-4ce9-a6d6-cd02509404c4/clear'
18:43:21.192 [Forwarding clearElement on session 941f6d4568530a52bafa3e6744885bdf to remote] DEBUG org.asynchttpclient.netty.request.NettyRequestSender - Using open Channel [id: 0x12575cc1, L:/127.0.0.1:64690 - R:localhost/127.0.0.1:29648] for POST '/session/941f6d4568530a52bafa3e6744885bdf/element/a4439ea7-1c0f-4ce9-a6d6-cd02509404c4/clear'
18:43:21.214 [AsyncHttpClient-1-8] DEBUG org.asynchttpclient.netty.handler.HttpHandler - 

Request DefaultHttpRequest(decodeResult: success, version: HTTP/1.1)
POST /session/941f6d4568530a52bafa3e6744885bdf/element/a4439ea7-1c0f-4ce9-a6d6-cd02509404c4/clear HTTP/1.1
User-Agent: selenium/4.8.1 (java windows)
Content-Length: 50
Content-Type: application/json; charset=utf-8
host: localhost:29648
accept: */*

Response DefaultHttpResponse(decodeResult: success, version: HTTP/1.1)
HTTP/1.1 200 OK
Content-Length: 14
Content-Type: application/json; charset=utf-8
cache-control: no-cache

18:43:21.214 [AsyncHttpClient-1-8] DEBUG org.asynchttpclient.netty.channel.ChannelManager - Adding key: http://localhost:29648 for channel [id: 0x12575cc1, L:/127.0.0.1:64690 - R:localhost/127.0.0.1:29648]
18:43:21.217 [Forwarding sendKeysToElement on session 941f6d4568530a52bafa3e6744885bdf to remote] DEBUG org.asynchttpclient.netty.request.NettyRequestSender - Using pooled Channel '[id: 0x12575cc1, L:/127.0.0.1:64690 - R:localhost/127.0.0.1:29648]' for 'POST' to 'http://localhost:29648/session/941f6d4568530a52bafa3e6744885bdf/element/a4439ea7-1c0f-4ce9-a6d6-cd02509404c4/value'
18:43:21.217 [Forwarding sendKeysToElement on session 941f6d4568530a52bafa3e6744885bdf to remote] DEBUG org.asynchttpclient.netty.request.NettyRequestSender - Using open Channel [id: 0x12575cc1, L:/127.0.0.1:64690 - R:localhost/127.0.0.1:29648] for POST '/session/941f6d4568530a52bafa3e6744885bdf/element/a4439ea7-1c0f-4ce9-a6d6-cd02509404c4/value'
18:43:21.290 [AsyncHttpClient-1-8] DEBUG org.asynchttpclient.netty.handler.HttpHandler - 

Request DefaultHttpRequest(decodeResult: success, version: HTTP/1.1)
POST /session/941f6d4568530a52bafa3e6744885bdf/element/a4439ea7-1c0f-4ce9-a6d6-cd02509404c4/value HTTP/1.1
User-Agent: selenium/4.8.1 (java windows)
Content-Length: 241
Content-Type: application/json; charset=utf-8
host: localhost:29648
accept: */*

Response DefaultHttpResponse(decodeResult: success, version: HTTP/1.1)
HTTP/1.1 200 OK
Content-Length: 14
Content-Type: application/json; charset=utf-8
cache-control: no-cache

18:43:21.290 [AsyncHttpClient-1-8] DEBUG org.asynchttpclient.netty.channel.ChannelManager - Adding key: http://localhost:29648 for channel [id: 0x12575cc1, L:/127.0.0.1:64690 - R:localhost/127.0.0.1:29648]
18:43:21.295 [Forwarding getAlertText on session 941f6d4568530a52bafa3e6744885bdf to remote] DEBUG org.asynchttpclient.netty.request.NettyRequestSender - Using pooled Channel '[id: 0x12575cc1, L:/127.0.0.1:64690 - R:localhost/127.0.0.1:29648]' for 'GET' to 'http://localhost:29648/session/941f6d4568530a52bafa3e6744885bdf/alert/text'
18:43:21.295 [Forwarding getAlertText on session 941f6d4568530a52bafa3e6744885bdf to remote] DEBUG org.asynchttpclient.netty.request.NettyRequestSender - Using open Channel [id: 0x12575cc1, L:/127.0.0.1:64690 - R:localhost/127.0.0.1:29648] for GET '/session/941f6d4568530a52bafa3e6744885bdf/alert/text'
18:43:21.296 [AsyncHttpClient-1-8] DEBUG org.asynchttpclient.netty.handler.HttpHandler - 

Request DefaultFullHttpRequest(decodeResult: success, version: HTTP/1.1, content: EmptyByteBufBE)
GET /session/941f6d4568530a52bafa3e6744885bdf/alert/text HTTP/1.1
User-Agent: selenium/4.8.1 (java windows)
Cache-Control: no-cache
Content-Type: application/json; charset=utf-8
host: localhost:29648
accept: */*

Response DefaultHttpResponse(decodeResult: success, version: HTTP/1.1)
HTTP/1.1 404 Not Found
Content-Length: 821
Content-Type: application/json; charset=utf-8
cache-control: no-cache

18:43:21.297 [AsyncHttpClient-1-8] DEBUG org.asynchttpclient.netty.channel.ChannelManager - Adding key: http://localhost:29648 for channel [id: 0x12575cc1, L:/127.0.0.1:64690 - R:localhost/127.0.0.1:29648]
18:43:21.299 [Forwarding getCurrentUrl on session 941f6d4568530a52bafa3e6744885bdf to remote] DEBUG org.asynchttpclient.netty.request.NettyRequestSender - Using pooled Channel '[id: 0x12575cc1, L:/127.0.0.1:64690 - R:localhost/127.0.0.1:29648]' for 'GET' to 'http://localhost:29648/session/941f6d4568530a52bafa3e6744885bdf/url'
18:43:21.299 [Forwarding getCurrentUrl on session 941f6d4568530a52bafa3e6744885bdf to remote] DEBUG org.asynchttpclient.netty.request.NettyRequestSender - Using open Channel [id: 0x12575cc1, L:/127.0.0.1:64690 - R:localhost/127.0.0.1:29648] for GET '/session/941f6d4568530a52bafa3e6744885bdf/url'
18:43:21.302 [AsyncHttpClient-1-8] DEBUG org.asynchttpclient.netty.handler.HttpHandler - 

Request DefaultFullHttpRequest(decodeResult: success, version: HTTP/1.1, content: EmptyByteBufBE)
GET /session/941f6d4568530a52bafa3e6744885bdf/url HTTP/1.1
User-Agent: selenium/4.8.1 (java windows)
Cache-Control: no-cache
Content-Type: application/json; charset=utf-8
host: localhost:29648
accept: */*

Response DefaultHttpResponse(decodeResult: success, version: HTTP/1.1)
HTTP/1.1 200 OK
Content-Length: 51
Content-Type: application/json; charset=utf-8
cache-control: no-cache

18:43:21.302 [AsyncHttpClient-1-8] DEBUG org.asynchttpclient.netty.channel.ChannelManager - Adding key: http://localhost:29648 for channel [id: 0x12575cc1, L:/127.0.0.1:64690 - R:localhost/127.0.0.1:29648]
18:43:21.303 [Forwarding screenshot on session 941f6d4568530a52bafa3e6744885bdf to remote] DEBUG org.asynchttpclient.netty.request.NettyRequestSender - Using pooled Channel '[id: 0x12575cc1, L:/127.0.0.1:64690 - R:localhost/127.0.0.1:29648]' for 'GET' to 'http://localhost:29648/session/941f6d4568530a52bafa3e6744885bdf/screenshot'
18:43:21.303 [Forwarding screenshot on session 941f6d4568530a52bafa3e6744885bdf to remote] DEBUG org.asynchttpclient.netty.request.NettyRequestSender - Using open Channel [id: 0x12575cc1, L:/127.0.0.1:64690 - R:localhost/127.0.0.1:29648] for GET '/session/941f6d4568530a52bafa3e6744885bdf/screenshot'
18:43:21.437 [AsyncHttpClient-1-8] DEBUG org.asynchttpclient.netty.handler.HttpHandler - 

Request DefaultFullHttpRequest(decodeResult: success, version: HTTP/1.1, content: EmptyByteBufBE)
GET /session/941f6d4568530a52bafa3e6744885bdf/screenshot HTTP/1.1
User-Agent: selenium/4.8.1 (java windows)
Cache-Control: no-cache
Content-Type: application/json; charset=utf-8
host: localhost:29648
accept: */*

Response DefaultHttpResponse(decodeResult: success, version: HTTP/1.1)
HTTP/1.1 200 OK
Content-Length: 38828
Content-Type: application/json; charset=utf-8
cache-control: no-cache

18:43:21.437 [AsyncHttpClient-1-8] DEBUG org.asynchttpclient.netty.channel.ChannelManager - Adding key: http://localhost:29648 for channel [id: 0x12575cc1, L:/127.0.0.1:64690 - R:localhost/127.0.0.1:29648]
18:43:21.439 [main] DEBUG net.serenitybdd.core.photography.Darkroom - Send negative for processing for target\site\serenity\bd80e48b38fc47ca9070f94b26072e1e80adb23bfdc5c1de76a7e53697959caa.png
18:43:21.439 [main] DEBUG net.thucydides.core.steps.StepInterceptor - STEP DONE: inputValidEmail
18:43:21.439 [Darkroom Processing Line] DEBUG net.serenitybdd.core.photography.DarkroomProcessingLine - Processing screenshot image in /var/screenshots/screenshot-897096914932239279
18:43:21.439 [Darkroom Processing Line] DEBUG net.serenitybdd.core.photography.DarkroomProcessingLine - Saving screenshot to target\site\serenity\bd80e48b38fc47ca9070f94b26072e1e80adb23bfdc5c1de76a7e53697959caa.png
  &amp#27;[32mAnd &amp#27;[0m&amp#27;[32mI input valid Email&amp#27;[0m                             &amp#27;[90m# starter.stepDefinition.LoginPosSteps.inputValidEmail()&amp#27;[0m
18:43:21.444 [Forwarding getPageSource on session 941f6d4568530a52bafa3e6744885bdf to remote] DEBUG org.asynchttpclient.netty.request.NettyRequestSender - Using pooled Channel '[id: 0x12575cc1, L:/127.0.0.1:64690 - R:localhost/127.0.0.1:29648]' for 'POST' to 'http://localhost:29648/session/941f6d4568530a52bafa3e6744885bdf/execute/sync'
18:43:21.445 [Forwarding getPageSource on session 941f6d4568530a52bafa3e6744885bdf to remote] DEBUG org.asynchttpclient.netty.request.NettyRequestSender - Using open Channel [id: 0x12575cc1, L:/127.0.0.1:64690 - R:localhost/127.0.0.1:29648] for POST '/session/941f6d4568530a52bafa3e6744885bdf/execute/sync'
18:43:21.448 [AsyncHttpClient-1-8] DEBUG org.asynchttpclient.netty.handler.HttpHandler - 

Request DefaultHttpRequest(decodeResult: success, version: HTTP/1.1)
POST /session/941f6d4568530a52bafa3e6744885bdf/execute/sync HTTP/1.1
User-Agent: selenium/4.8.1 (java windows)
Content-Length: 176
Content-Type: application/json; charset=utf-8
host: localhost:29648
accept: */*

Response DefaultHttpResponse(decodeResult: success, version: HTTP/1.1)
HTTP/1.1 200 OK
Content-Length: 21788
Content-Type: application/json; charset=utf-8
cache-control: no-cache

18:43:21.448 [AsyncHttpClient-1-8] DEBUG org.asynchttpclient.netty.channel.ChannelManager - Adding key: http://localhost:29648 for channel [id: 0x12575cc1, L:/127.0.0.1:64690 - R:localhost/127.0.0.1:29648]
18:43:21.450 [Forwarding getCurrentUrl on session 941f6d4568530a52bafa3e6744885bdf to remote] DEBUG org.asynchttpclient.netty.request.NettyRequestSender - Using pooled Channel '[id: 0x12575cc1, L:/127.0.0.1:64690 - R:localhost/127.0.0.1:29648]' for 'GET' to 'http://localhost:29648/session/941f6d4568530a52bafa3e6744885bdf/url'
18:43:21.450 [Forwarding getCurrentUrl on session 941f6d4568530a52bafa3e6744885bdf to remote] DEBUG org.asynchttpclient.netty.request.NettyRequestSender - Using open Channel [id: 0x12575cc1, L:/127.0.0.1:64690 - R:localhost/127.0.0.1:29648] for GET '/session/941f6d4568530a52bafa3e6744885bdf/url'
18:43:21.455 [AsyncHttpClient-1-8] DEBUG org.asynchttpclient.netty.handler.HttpHandler - 

Request DefaultFullHttpRequest(decodeResult: success, version: HTTP/1.1, content: EmptyByteBufBE)
GET /session/941f6d4568530a52bafa3e6744885bdf/url HTTP/1.1
User-Agent: selenium/4.8.1 (java windows)
Cache-Control: no-cache
Content-Type: application/json; charset=utf-8
host: localhost:29648
accept: */*

Response DefaultHttpResponse(decodeResult: success, version: HTTP/1.1)
HTTP/1.1 200 OK
Content-Length: 51
Content-Type: application/json; charset=utf-8
cache-control: no-cache

18:43:21.455 [AsyncHttpClient-1-8] DEBUG org.asynchttpclient.netty.channel.ChannelManager - Adding key: http://localhost:29648 for channel [id: 0x12575cc1, L:/127.0.0.1:64690 - R:localhost/127.0.0.1:29648]
18:43:21.461 [Forwarding getPageSource on session 941f6d4568530a52bafa3e6744885bdf to remote] DEBUG org.asynchttpclient.netty.request.NettyRequestSender - Using pooled Channel '[id: 0x12575cc1, L:/127.0.0.1:64690 - R:localhost/127.0.0.1:29648]' for 'POST' to 'http://localhost:29648/session/941f6d4568530a52bafa3e6744885bdf/execute/sync'
18:43:21.461 [Forwarding getPageSource on session 941f6d4568530a52bafa3e6744885bdf to remote] DEBUG org.asynchttpclient.netty.request.NettyRequestSender - Using open Channel [id: 0x12575cc1, L:/127.0.0.1:64690 - R:localhost/127.0.0.1:29648] for POST '/session/941f6d4568530a52bafa3e6744885bdf/execute/sync'
18:43:21.465 [AsyncHttpClient-1-8] DEBUG org.asynchttpclient.netty.handler.HttpHandler - 

Request DefaultHttpRequest(decodeResult: success, version: HTTP/1.1)
POST /session/941f6d4568530a52bafa3e6744885bdf/execute/sync HTTP/1.1
User-Agent: selenium/4.8.1 (java windows)
Content-Length: 176
Content-Type: application/json; charset=utf-8
host: localhost:29648
accept: */*

Response DefaultHttpResponse(decodeResult: success, version: HTTP/1.1)
HTTP/1.1 200 OK
Content-Length: 21788
Content-Type: application/json; charset=utf-8
cache-control: no-cache

18:43:21.465 [AsyncHttpClient-1-8] DEBUG org.asynchttpclient.netty.channel.ChannelManager - Adding key: http://localhost:29648 for channel [id: 0x12575cc1, L:/127.0.0.1:64690 - R:localhost/127.0.0.1:29648]
18:43:21.466 [Forwarding getCurrentUrl on session 941f6d4568530a52bafa3e6744885bdf to remote] DEBUG org.asynchttpclient.netty.request.NettyRequestSender - Using pooled Channel '[id: 0x12575cc1, L:/127.0.0.1:64690 - R:localhost/127.0.0.1:29648]' for 'GET' to 'http://localhost:29648/session/941f6d4568530a52bafa3e6744885bdf/url'
18:43:21.466 [Forwarding getCurrentUrl on session 941f6d4568530a52bafa3e6744885bdf to remote] DEBUG org.asynchttpclient.netty.request.NettyRequestSender - Using open Channel [id: 0x12575cc1, L:/127.0.0.1:64690 - R:localhost/127.0.0.1:29648] for GET '/session/941f6d4568530a52bafa3e6744885bdf/url'
18:43:21.468 [AsyncHttpClient-1-8] DEBUG org.asynchttpclient.netty.handler.HttpHandler - 

Request DefaultFullHttpRequest(decodeResult: success, version: HTTP/1.1, content: EmptyByteBufBE)
GET /session/941f6d4568530a52bafa3e6744885bdf/url HTTP/1.1
User-Agent: selenium/4.8.1 (java windows)
Cache-Control: no-cache
Content-Type: application/json; charset=utf-8
host: localhost:29648
accept: */*

Response DefaultHttpResponse(decodeResult: success, version: HTTP/1.1)
HTTP/1.1 200 OK
Content-Length: 51
Content-Type: application/json; charset=utf-8
cache-control: no-cache

18:43:21.468 [AsyncHttpClient-1-8] DEBUG org.asynchttpclient.netty.channel.ChannelManager - Adding key: http://localhost:29648 for channel [id: 0x12575cc1, L:/127.0.0.1:64690 - R:localhost/127.0.0.1:29648]
18:43:21.469 [main] DEBUG net.thucydides.core.steps.StepInterceptor - STARTING STEP: LoginPosSteps.inputValidPassword - inputValidPassword
18:43:21.471 [Forwarding findElement on session 941f6d4568530a52bafa3e6744885bdf to remote] DEBUG org.asynchttpclient.netty.request.NettyRequestSender - Using pooled Channel '[id: 0x12575cc1, L:/127.0.0.1:64690 - R:localhost/127.0.0.1:29648]' for 'POST' to 'http://localhost:29648/session/941f6d4568530a52bafa3e6744885bdf/element'
18:43:21.471 [Forwarding findElement on session 941f6d4568530a52bafa3e6744885bdf to remote] DEBUG org.asynchttpclient.netty.request.NettyRequestSender - Using open Channel [id: 0x12575cc1, L:/127.0.0.1:64690 - R:localhost/127.0.0.1:29648] for POST '/session/941f6d4568530a52bafa3e6744885bdf/element'
18:43:21.478 [AsyncHttpClient-1-8] DEBUG org.asynchttpclient.netty.handler.HttpHandler - 

Request DefaultHttpRequest(decodeResult: success, version: HTTP/1.1)
POST /session/941f6d4568530a52bafa3e6744885bdf/element HTTP/1.1
User-Agent: selenium/4.8.1 (java windows)
Content-Length: 128
Content-Type: application/json; charset=utf-8
host: localhost:29648
accept: */*

Response DefaultHttpResponse(decodeResult: success, version: HTTP/1.1)
HTTP/1.1 200 OK
Content-Length: 88
Content-Type: application/json; charset=utf-8
cache-control: no-cache

18:43:21.478 [AsyncHttpClient-1-8] DEBUG org.asynchttpclient.netty.channel.ChannelManager - Adding key: http://localhost:29648 for channel [id: 0x12575cc1, L:/127.0.0.1:64690 - R:localhost/127.0.0.1:29648]
18:43:21.479 [Forwarding clearElement on session 941f6d4568530a52bafa3e6744885bdf to remote] DEBUG org.asynchttpclient.netty.request.NettyRequestSender - Using pooled Channel '[id: 0x12575cc1, L:/127.0.0.1:64690 - R:localhost/127.0.0.1:29648]' for 'POST' to 'http://localhost:29648/session/941f6d4568530a52bafa3e6744885bdf/element/1e735a8d-14f9-4d6c-a86f-d31c2208245c/clear'
18:43:21.479 [Forwarding clearElement on session 941f6d4568530a52bafa3e6744885bdf to remote] DEBUG org.asynchttpclient.netty.request.NettyRequestSender - Using open Channel [id: 0x12575cc1, L:/127.0.0.1:64690 - R:localhost/127.0.0.1:29648] for POST '/session/941f6d4568530a52bafa3e6744885bdf/element/1e735a8d-14f9-4d6c-a86f-d31c2208245c/clear'
18:43:21.500 [AsyncHttpClient-1-8] DEBUG org.asynchttpclient.netty.handler.HttpHandler - 

Request DefaultHttpRequest(decodeResult: success, version: HTTP/1.1)
POST /session/941f6d4568530a52bafa3e6744885bdf/element/1e735a8d-14f9-4d6c-a86f-d31c2208245c/clear HTTP/1.1
User-Agent: selenium/4.8.1 (java windows)
Content-Length: 50
Content-Type: application/json; charset=utf-8
host: localhost:29648
accept: */*

Response DefaultHttpResponse(decodeResult: success, version: HTTP/1.1)
HTTP/1.1 200 OK
Content-Length: 14
Content-Type: application/json; charset=utf-8
cache-control: no-cache

18:43:21.500 [AsyncHttpClient-1-8] DEBUG org.asynchttpclient.netty.channel.ChannelManager - Adding key: http://localhost:29648 for channel [id: 0x12575cc1, L:/127.0.0.1:64690 - R:localhost/127.0.0.1:29648]
18:43:21.502 [Forwarding sendKeysToElement on session 941f6d4568530a52bafa3e6744885bdf to remote] DEBUG org.asynchttpclient.netty.request.NettyRequestSender - Using pooled Channel '[id: 0x12575cc1, L:/127.0.0.1:64690 - R:localhost/127.0.0.1:29648]' for 'POST' to 'http://localhost:29648/session/941f6d4568530a52bafa3e6744885bdf/element/1e735a8d-14f9-4d6c-a86f-d31c2208245c/value'
18:43:21.502 [Forwarding sendKeysToElement on session 941f6d4568530a52bafa3e6744885bdf to remote] DEBUG org.asynchttpclient.netty.request.NettyRequestSender - Using open Channel [id: 0x12575cc1, L:/127.0.0.1:64690 - R:localhost/127.0.0.1:29648] for POST '/session/941f6d4568530a52bafa3e6744885bdf/element/1e735a8d-14f9-4d6c-a86f-d31c2208245c/value'
18:43:21.553 [AsyncHttpClient-1-8] DEBUG org.asynchttpclient.netty.handler.HttpHandler - 

Request DefaultHttpRequest(decodeResult: success, version: HTTP/1.1)
POST /session/941f6d4568530a52bafa3e6744885bdf/element/1e735a8d-14f9-4d6c-a86f-d31c2208245c/value HTTP/1.1
User-Agent: selenium/4.8.1 (java windows)
Content-Length: 211
Content-Type: application/json; charset=utf-8
host: localhost:29648
accept: */*

Response DefaultHttpResponse(decodeResult: success, version: HTTP/1.1)
HTTP/1.1 200 OK
Content-Length: 14
Content-Type: application/json; charset=utf-8
cache-control: no-cache

18:43:21.553 [AsyncHttpClient-1-8] DEBUG org.asynchttpclient.netty.channel.ChannelManager - Adding key: http://localhost:29648 for channel [id: 0x12575cc1, L:/127.0.0.1:64690 - R:localhost/127.0.0.1:29648]
18:43:21.557 [Forwarding getAlertText on session 941f6d4568530a52bafa3e6744885bdf to remote] DEBUG org.asynchttpclient.netty.request.NettyRequestSender - Using pooled Channel '[id: 0x12575cc1, L:/127.0.0.1:64690 - R:localhost/127.0.0.1:29648]' for 'GET' to 'http://localhost:29648/session/941f6d4568530a52bafa3e6744885bdf/alert/text'
18:43:21.557 [Forwarding getAlertText on session 941f6d4568530a52bafa3e6744885bdf to remote] DEBUG org.asynchttpclient.netty.request.NettyRequestSender - Using open Channel [id: 0x12575cc1, L:/127.0.0.1:64690 - R:localhost/127.0.0.1:29648] for GET '/session/941f6d4568530a52bafa3e6744885bdf/alert/text'
18:43:21.558 [AsyncHttpClient-1-8] DEBUG org.asynchttpclient.netty.handler.HttpHandler - 

Request DefaultFullHttpRequest(decodeResult: success, version: HTTP/1.1, content: EmptyByteBufBE)
GET /session/941f6d4568530a52bafa3e6744885bdf/alert/text HTTP/1.1
User-Agent: selenium/4.8.1 (java windows)
Cache-Control: no-cache
Content-Type: application/json; charset=utf-8
host: localhost:29648
accept: */*

Response DefaultHttpResponse(decodeResult: success, version: HTTP/1.1)
HTTP/1.1 404 Not Found
Content-Length: 821
Content-Type: application/json; charset=utf-8
cache-control: no-cache

18:43:21.558 [AsyncHttpClient-1-8] DEBUG org.asynchttpclient.netty.channel.ChannelManager - Adding key: http://localhost:29648 for channel [id: 0x12575cc1, L:/127.0.0.1:64690 - R:localhost/127.0.0.1:29648]
18:43:21.559 [Forwarding getCurrentUrl on session 941f6d4568530a52bafa3e6744885bdf to remote] DEBUG org.asynchttpclient.netty.request.NettyRequestSender - Using pooled Channel '[id: 0x12575cc1, L:/127.0.0.1:64690 - R:localhost/127.0.0.1:29648]' for 'GET' to 'http://localhost:29648/session/941f6d4568530a52bafa3e6744885bdf/url'
18:43:21.559 [Forwarding getCurrentUrl on session 941f6d4568530a52bafa3e6744885bdf to remote] DEBUG org.asynchttpclient.netty.request.NettyRequestSender - Using open Channel [id: 0x12575cc1, L:/127.0.0.1:64690 - R:localhost/127.0.0.1:29648] for GET '/session/941f6d4568530a52bafa3e6744885bdf/url'
18:43:21.562 [AsyncHttpClient-1-8] DEBUG org.asynchttpclient.netty.handler.HttpHandler - 

Request DefaultFullHttpRequest(decodeResult: success, version: HTTP/1.1, content: EmptyByteBufBE)
GET /session/941f6d4568530a52bafa3e6744885bdf/url HTTP/1.1
User-Agent: selenium/4.8.1 (java windows)
Cache-Control: no-cache
Content-Type: application/json; charset=utf-8
host: localhost:29648
accept: */*

Response DefaultHttpResponse(decodeResult: success, version: HTTP/1.1)
HTTP/1.1 200 OK
Content-Length: 51
Content-Type: application/json; charset=utf-8
cache-control: no-cache

18:43:21.562 [AsyncHttpClient-1-8] DEBUG org.asynchttpclient.netty.channel.ChannelManager - Adding key: http://localhost:29648 for channel [id: 0x12575cc1, L:/127.0.0.1:64690 - R:localhost/127.0.0.1:29648]
18:43:21.564 [Forwarding screenshot on session 941f6d4568530a52bafa3e6744885bdf to remote] DEBUG org.asynchttpclient.netty.request.NettyRequestSender - Using pooled Channel '[id: 0x12575cc1, L:/127.0.0.1:64690 - R:localhost/127.0.0.1:29648]' for 'GET' to 'http://localhost:29648/session/941f6d4568530a52bafa3e6744885bdf/screenshot'
18:43:21.564 [Forwarding screenshot on session 941f6d4568530a52bafa3e6744885bdf to remote] DEBUG org.asynchttpclient.netty.request.NettyRequestSender - Using open Channel [id: 0x12575cc1, L:/127.0.0.1:64690 - R:localhost/127.0.0.1:29648] for GET '/session/941f6d4568530a52bafa3e6744885bdf/screenshot'
18:43:21.688 [AsyncHttpClient-1-8] DEBUG org.asynchttpclient.netty.handler.HttpHandler - 

Request DefaultFullHttpRequest(decodeResult: success, version: HTTP/1.1, content: EmptyByteBufBE)
GET /session/941f6d4568530a52bafa3e6744885bdf/screenshot HTTP/1.1
User-Agent: selenium/4.8.1 (java windows)
Cache-Control: no-cache
Content-Type: application/json; charset=utf-8
host: localhost:29648
accept: */*

Response DefaultHttpResponse(decodeResult: success, version: HTTP/1.1)
HTTP/1.1 200 OK
Content-Length: 41488
Content-Type: application/json; charset=utf-8
cache-control: no-cache

18:43:21.689 [AsyncHttpClient-1-8] DEBUG org.asynchttpclient.netty.channel.ChannelManager - Adding key: http://localhost:29648 for channel [id: 0x12575cc1, L:/127.0.0.1:64690 - R:localhost/127.0.0.1:29648]
18:43:21.690 [main] DEBUG net.serenitybdd.core.photography.Darkroom - Send negative for processing for target\site\serenity\786b5b45ae85ff5aef1c9ac519620415e21baa7facccbf11fbccabbc8bbb57a9.png
18:43:21.690 [main] DEBUG net.thucydides.core.steps.StepInterceptor - STEP DONE: inputValidPassword
  &amp#27;[32mAnd &amp#27;[0m&amp#27;[32mI input valid Password&amp#27;[0m                          &amp#27;[90m# starter.stepDefinition.LoginPosSteps.inputValidPassword()&amp#27;[0m
18:43:21.690 [Darkroom Processing Line] DEBUG net.serenitybdd.core.photography.DarkroomProcessingLine - Processing screenshot image in /var/screenshots/screenshot-7956259262112285644
18:43:21.690 [Darkroom Processing Line] DEBUG net.serenitybdd.core.photography.DarkroomProcessingLine - Saving screenshot to target\site\serenity\786b5b45ae85ff5aef1c9ac519620415e21baa7facccbf11fbccabbc8bbb57a9.png
18:43:21.694 [Forwarding getPageSource on session 941f6d4568530a52bafa3e6744885bdf to remote] DEBUG org.asynchttpclient.netty.request.NettyRequestSender - Using pooled Channel '[id: 0x12575cc1, L:/127.0.0.1:64690 - R:localhost/127.0.0.1:29648]' for 'POST' to 'http://localhost:29648/session/941f6d4568530a52bafa3e6744885bdf/execute/sync'
18:43:21.694 [Forwarding getPageSource on session 941f6d4568530a52bafa3e6744885bdf to remote] DEBUG org.asynchttpclient.netty.request.NettyRequestSender - Using open Channel [id: 0x12575cc1, L:/127.0.0.1:64690 - R:localhost/127.0.0.1:29648] for POST '/session/941f6d4568530a52bafa3e6744885bdf/execute/sync'
18:43:21.698 [AsyncHttpClient-1-8] DEBUG org.asynchttpclient.netty.handler.HttpHandler - 

Request DefaultHttpRequest(decodeResult: success, version: HTTP/1.1)
POST /session/941f6d4568530a52bafa3e6744885bdf/execute/sync HTTP/1.1
User-Agent: selenium/4.8.1 (java windows)
Content-Length: 176
Content-Type: application/json; charset=utf-8
host: localhost:29648
accept: */*

Response DefaultHttpResponse(decodeResult: success, version: HTTP/1.1)
HTTP/1.1 200 OK
Content-Length: 21847
Content-Type: application/json; charset=utf-8
cache-control: no-cache

18:43:21.698 [AsyncHttpClient-1-8] DEBUG org.asynchttpclient.netty.channel.ChannelManager - Adding key: http://localhost:29648 for channel [id: 0x12575cc1, L:/127.0.0.1:64690 - R:localhost/127.0.0.1:29648]
18:43:21.698 [Forwarding getCurrentUrl on session 941f6d4568530a52bafa3e6744885bdf to remote] DEBUG org.asynchttpclient.netty.request.NettyRequestSender - Using pooled Channel '[id: 0x12575cc1, L:/127.0.0.1:64690 - R:localhost/127.0.0.1:29648]' for 'GET' to 'http://localhost:29648/session/941f6d4568530a52bafa3e6744885bdf/url'
18:43:21.698 [Forwarding getCurrentUrl on session 941f6d4568530a52bafa3e6744885bdf to remote] DEBUG org.asynchttpclient.netty.request.NettyRequestSender - Using open Channel [id: 0x12575cc1, L:/127.0.0.1:64690 - R:localhost/127.0.0.1:29648] for GET '/session/941f6d4568530a52bafa3e6744885bdf/url'
18:43:21.701 [AsyncHttpClient-1-8] DEBUG org.asynchttpclient.netty.handler.HttpHandler - 

Request DefaultFullHttpRequest(decodeResult: success, version: HTTP/1.1, content: EmptyByteBufBE)
GET /session/941f6d4568530a52bafa3e6744885bdf/url HTTP/1.1
User-Agent: selenium/4.8.1 (java windows)
Cache-Control: no-cache
Content-Type: application/json; charset=utf-8
host: localhost:29648
accept: */*

Response DefaultHttpResponse(decodeResult: success, version: HTTP/1.1)
HTTP/1.1 200 OK
Content-Length: 51
Content-Type: application/json; charset=utf-8
cache-control: no-cache

18:43:21.701 [AsyncHttpClient-1-8] DEBUG org.asynchttpclient.netty.channel.ChannelManager - Adding key: http://localhost:29648 for channel [id: 0x12575cc1, L:/127.0.0.1:64690 - R:localhost/127.0.0.1:29648]
18:43:21.709 [Forwarding getPageSource on session 941f6d4568530a52bafa3e6744885bdf to remote] DEBUG org.asynchttpclient.netty.request.NettyRequestSender - Using pooled Channel '[id: 0x12575cc1, L:/127.0.0.1:64690 - R:localhost/127.0.0.1:29648]' for 'POST' to 'http://localhost:29648/session/941f6d4568530a52bafa3e6744885bdf/execute/sync'
18:43:21.709 [Forwarding getPageSource on session 941f6d4568530a52bafa3e6744885bdf to remote] DEBUG org.asynchttpclient.netty.request.NettyRequestSender - Using open Channel [id: 0x12575cc1, L:/127.0.0.1:64690 - R:localhost/127.0.0.1:29648] for POST '/session/941f6d4568530a52bafa3e6744885bdf/execute/sync'
18:43:21.713 [AsyncHttpClient-1-8] DEBUG org.asynchttpclient.netty.handler.HttpHandler - 

Request DefaultHttpRequest(decodeResult: success, version: HTTP/1.1)
POST /session/941f6d4568530a52bafa3e6744885bdf/execute/sync HTTP/1.1
User-Agent: selenium/4.8.1 (java windows)
Content-Length: 176
Content-Type: application/json; charset=utf-8
host: localhost:29648
accept: */*

Response DefaultHttpResponse(decodeResult: success, version: HTTP/1.1)
HTTP/1.1 200 OK
Content-Length: 21847
Content-Type: application/json; charset=utf-8
cache-control: no-cache

18:43:21.713 [AsyncHttpClient-1-8] DEBUG org.asynchttpclient.netty.channel.ChannelManager - Adding key: http://localhost:29648 for channel [id: 0x12575cc1, L:/127.0.0.1:64690 - R:localhost/127.0.0.1:29648]
18:43:21.713 [Forwarding getCurrentUrl on session 941f6d4568530a52bafa3e6744885bdf to remote] DEBUG org.asynchttpclient.netty.request.NettyRequestSender - Using pooled Channel '[id: 0x12575cc1, L:/127.0.0.1:64690 - R:localhost/127.0.0.1:29648]' for 'GET' to 'http://localhost:29648/session/941f6d4568530a52bafa3e6744885bdf/url'
18:43:21.713 [Forwarding getCurrentUrl on session 941f6d4568530a52bafa3e6744885bdf to remote] DEBUG org.asynchttpclient.netty.request.NettyRequestSender - Using open Channel [id: 0x12575cc1, L:/127.0.0.1:64690 - R:localhost/127.0.0.1:29648] for GET '/session/941f6d4568530a52bafa3e6744885bdf/url'
18:43:21.719 [AsyncHttpClient-1-8] DEBUG org.asynchttpclient.netty.handler.HttpHandler - 

Request DefaultFullHttpRequest(decodeResult: success, version: HTTP/1.1, content: EmptyByteBufBE)
GET /session/941f6d4568530a52bafa3e6744885bdf/url HTTP/1.1
User-Agent: selenium/4.8.1 (java windows)
Cache-Control: no-cache
Content-Type: application/json; charset=utf-8
host: localhost:29648
accept: */*

Response DefaultHttpResponse(decodeResult: success, version: HTTP/1.1)
HTTP/1.1 200 OK
Content-Length: 51
Content-Type: application/json; charset=utf-8
cache-control: no-cache

18:43:21.719 [AsyncHttpClient-1-8] DEBUG org.asynchttpclient.netty.channel.ChannelManager - Adding key: http://localhost:29648 for channel [id: 0x12575cc1, L:/127.0.0.1:64690 - R:localhost/127.0.0.1:29648]
18:43:21.720 [main] DEBUG net.thucydides.core.steps.StepInterceptor - STARTING STEP: LoginPosSteps.clickRegisterButton - clickRegisterButton
18:43:21.723 [Forwarding findElement on session 941f6d4568530a52bafa3e6744885bdf to remote] DEBUG org.asynchttpclient.netty.request.NettyRequestSender - Using pooled Channel '[id: 0x12575cc1, L:/127.0.0.1:64690 - R:localhost/127.0.0.1:29648]' for 'POST' to 'http://localhost:29648/session/941f6d4568530a52bafa3e6744885bdf/element'
18:43:21.723 [Forwarding findElement on session 941f6d4568530a52bafa3e6744885bdf to remote] DEBUG org.asynchttpclient.netty.request.NettyRequestSender - Using open Channel [id: 0x12575cc1, L:/127.0.0.1:64690 - R:localhost/127.0.0.1:29648] for POST '/session/941f6d4568530a52bafa3e6744885bdf/element'
18:43:21.732 [AsyncHttpClient-1-8] DEBUG org.asynchttpclient.netty.handler.HttpHandler - 

Request DefaultHttpRequest(decodeResult: success, version: HTTP/1.1)
POST /session/941f6d4568530a52bafa3e6744885bdf/element HTTP/1.1
User-Agent: selenium/4.8.1 (java windows)
Content-Length: 160
Content-Type: application/json; charset=utf-8
host: localhost:29648
accept: */*

Response DefaultHttpResponse(decodeResult: success, version: HTTP/1.1)
HTTP/1.1 200 OK
Content-Length: 88
Content-Type: application/json; charset=utf-8
cache-control: no-cache

18:43:21.732 [AsyncHttpClient-1-8] DEBUG org.asynchttpclient.netty.channel.ChannelManager - Adding key: http://localhost:29648 for channel [id: 0x12575cc1, L:/127.0.0.1:64690 - R:localhost/127.0.0.1:29648]
18:43:21.733 [Forwarding getElementTagName on session 941f6d4568530a52bafa3e6744885bdf to remote] DEBUG org.asynchttpclient.netty.request.NettyRequestSender - Using pooled Channel '[id: 0x12575cc1, L:/127.0.0.1:64690 - R:localhost/127.0.0.1:29648]' for 'GET' to 'http://localhost:29648/session/941f6d4568530a52bafa3e6744885bdf/element/b3653c60-0d90-4e0b-b799-348be5c9200d/name'
18:43:21.733 [Forwarding getElementTagName on session 941f6d4568530a52bafa3e6744885bdf to remote] DEBUG org.asynchttpclient.netty.request.NettyRequestSender - Using open Channel [id: 0x12575cc1, L:/127.0.0.1:64690 - R:localhost/127.0.0.1:29648] for GET '/session/941f6d4568530a52bafa3e6744885bdf/element/b3653c60-0d90-4e0b-b799-348be5c9200d/name'
18:43:21.735 [AsyncHttpClient-1-8] DEBUG org.asynchttpclient.netty.handler.HttpHandler - 

Request DefaultFullHttpRequest(decodeResult: success, version: HTTP/1.1, content: EmptyByteBufBE)
GET /session/941f6d4568530a52bafa3e6744885bdf/element/b3653c60-0d90-4e0b-b799-348be5c9200d/name HTTP/1.1
User-Agent: selenium/4.8.1 (java windows)
Cache-Control: no-cache
Content-Type: application/json; charset=utf-8
host: localhost:29648
accept: */*

Response DefaultHttpResponse(decodeResult: success, version: HTTP/1.1)
HTTP/1.1 200 OK
Content-Length: 16
Content-Type: application/json; charset=utf-8
cache-control: no-cache

18:43:21.735 [AsyncHttpClient-1-8] DEBUG org.asynchttpclient.netty.channel.ChannelManager - Adding key: http://localhost:29648 for channel [id: 0x12575cc1, L:/127.0.0.1:64690 - R:localhost/127.0.0.1:29648]
18:43:21.736 [Forwarding getElementTagName on session 941f6d4568530a52bafa3e6744885bdf to remote] DEBUG org.asynchttpclient.netty.request.NettyRequestSender - Using pooled Channel '[id: 0x12575cc1, L:/127.0.0.1:64690 - R:localhost/127.0.0.1:29648]' for 'GET' to 'http://localhost:29648/session/941f6d4568530a52bafa3e6744885bdf/element/b3653c60-0d90-4e0b-b799-348be5c9200d/name'
18:43:21.737 [Forwarding getElementTagName on session 941f6d4568530a52bafa3e6744885bdf to remote] DEBUG org.asynchttpclient.netty.request.NettyRequestSender - Using open Channel [id: 0x12575cc1, L:/127.0.0.1:64690 - R:localhost/127.0.0.1:29648] for GET '/session/941f6d4568530a52bafa3e6744885bdf/element/b3653c60-0d90-4e0b-b799-348be5c9200d/name'
18:43:21.739 [AsyncHttpClient-1-8] DEBUG org.asynchttpclient.netty.handler.HttpHandler - 

Request DefaultFullHttpRequest(decodeResult: success, version: HTTP/1.1, content: EmptyByteBufBE)
GET /session/941f6d4568530a52bafa3e6744885bdf/element/b3653c60-0d90-4e0b-b799-348be5c9200d/name HTTP/1.1
User-Agent: selenium/4.8.1 (java windows)
Cache-Control: no-cache
Content-Type: application/json; charset=utf-8
host: localhost:29648
accept: */*

Response DefaultHttpResponse(decodeResult: success, version: HTTP/1.1)
HTTP/1.1 200 OK
Content-Length: 16
Content-Type: application/json; charset=utf-8
cache-control: no-cache

18:43:21.739 [AsyncHttpClient-1-8] DEBUG org.asynchttpclient.netty.channel.ChannelManager - Adding key: http://localhost:29648 for channel [id: 0x12575cc1, L:/127.0.0.1:64690 - R:localhost/127.0.0.1:29648]
18:43:21.740 [Forwarding findElement on session 941f6d4568530a52bafa3e6744885bdf to remote] DEBUG org.asynchttpclient.netty.request.NettyRequestSender - Using pooled Channel '[id: 0x12575cc1, L:/127.0.0.1:64690 - R:localhost/127.0.0.1:29648]' for 'POST' to 'http://localhost:29648/session/941f6d4568530a52bafa3e6744885bdf/element'
18:43:21.740 [Forwarding findElement on session 941f6d4568530a52bafa3e6744885bdf to remote] DEBUG org.asynchttpclient.netty.request.NettyRequestSender - Using open Channel [id: 0x12575cc1, L:/127.0.0.1:64690 - R:localhost/127.0.0.1:29648] for POST '/session/941f6d4568530a52bafa3e6744885bdf/element'
18:43:21.744 [AsyncHttpClient-1-8] DEBUG org.asynchttpclient.netty.handler.HttpHandler - 

Request DefaultHttpRequest(decodeResult: success, version: HTTP/1.1)
POST /session/941f6d4568530a52bafa3e6744885bdf/element HTTP/1.1
User-Agent: selenium/4.8.1 (java windows)
Content-Length: 160
Content-Type: application/json; charset=utf-8
host: localhost:29648
accept: */*

Response DefaultHttpResponse(decodeResult: success, version: HTTP/1.1)
HTTP/1.1 200 OK
Content-Length: 88
Content-Type: application/json; charset=utf-8
cache-control: no-cache

18:43:21.745 [AsyncHttpClient-1-8] DEBUG org.asynchttpclient.netty.channel.ChannelManager - Adding key: http://localhost:29648 for channel [id: 0x12575cc1, L:/127.0.0.1:64690 - R:localhost/127.0.0.1:29648]
18:43:21.747 [Forwarding clickElement on session 941f6d4568530a52bafa3e6744885bdf to remote] DEBUG org.asynchttpclient.netty.request.NettyRequestSender - Using pooled Channel '[id: 0x12575cc1, L:/127.0.0.1:64690 - R:localhost/127.0.0.1:29648]' for 'POST' to 'http://localhost:29648/session/941f6d4568530a52bafa3e6744885bdf/element/b3653c60-0d90-4e0b-b799-348be5c9200d/click'
18:43:21.747 [Forwarding clickElement on session 941f6d4568530a52bafa3e6744885bdf to remote] DEBUG org.asynchttpclient.netty.request.NettyRequestSender - Using open Channel [id: 0x12575cc1, L:/127.0.0.1:64690 - R:localhost/127.0.0.1:29648] for POST '/session/941f6d4568530a52bafa3e6744885bdf/element/b3653c60-0d90-4e0b-b799-348be5c9200d/click'
18:43:21.778 [AsyncHttpClient-1-8] DEBUG org.asynchttpclient.netty.handler.HttpHandler - 

Request DefaultHttpRequest(decodeResult: success, version: HTTP/1.1)
POST /session/941f6d4568530a52bafa3e6744885bdf/element/b3653c60-0d90-4e0b-b799-348be5c9200d/click HTTP/1.1
User-Agent: selenium/4.8.1 (java windows)
Content-Length: 50
Content-Type: application/json; charset=utf-8
host: localhost:29648
accept: */*

Response DefaultHttpResponse(decodeResult: success, version: HTTP/1.1)
HTTP/1.1 200 OK
Content-Length: 14
Content-Type: application/json; charset=utf-8
cache-control: no-cache

18:43:21.778 [AsyncHttpClient-1-8] DEBUG org.asynchttpclient.netty.channel.ChannelManager - Adding key: http://localhost:29648 for channel [id: 0x12575cc1, L:/127.0.0.1:64690 - R:localhost/127.0.0.1:29648]
18:43:21.781 [Forwarding getAlertText on session 941f6d4568530a52bafa3e6744885bdf to remote] DEBUG org.asynchttpclient.netty.request.NettyRequestSender - Using pooled Channel '[id: 0x12575cc1, L:/127.0.0.1:64690 - R:localhost/127.0.0.1:29648]' for 'GET' to 'http://localhost:29648/session/941f6d4568530a52bafa3e6744885bdf/alert/text'
18:43:21.781 [Forwarding getAlertText on session 941f6d4568530a52bafa3e6744885bdf to remote] DEBUG org.asynchttpclient.netty.request.NettyRequestSender - Using open Channel [id: 0x12575cc1, L:/127.0.0.1:64690 - R:localhost/127.0.0.1:29648] for GET '/session/941f6d4568530a52bafa3e6744885bdf/alert/text'
18:43:21.782 [AsyncHttpClient-1-8] DEBUG org.asynchttpclient.netty.handler.HttpHandler - 

Request DefaultFullHttpRequest(decodeResult: success, version: HTTP/1.1, content: EmptyByteBufBE)
GET /session/941f6d4568530a52bafa3e6744885bdf/alert/text HTTP/1.1
User-Agent: selenium/4.8.1 (java windows)
Cache-Control: no-cache
Content-Type: application/json; charset=utf-8
host: localhost:29648
accept: */*

Response DefaultHttpResponse(decodeResult: success, version: HTTP/1.1)
HTTP/1.1 404 Not Found
Content-Length: 821
Content-Type: application/json; charset=utf-8
cache-control: no-cache

18:43:21.782 [AsyncHttpClient-1-8] DEBUG org.asynchttpclient.netty.channel.ChannelManager - Adding key: http://localhost:29648 for channel [id: 0x12575cc1, L:/127.0.0.1:64690 - R:localhost/127.0.0.1:29648]
18:43:21.783 [Forwarding getCurrentUrl on session 941f6d4568530a52bafa3e6744885bdf to remote] DEBUG org.asynchttpclient.netty.request.NettyRequestSender - Using pooled Channel '[id: 0x12575cc1, L:/127.0.0.1:64690 - R:localhost/127.0.0.1:29648]' for 'GET' to 'http://localhost:29648/session/941f6d4568530a52bafa3e6744885bdf/url'
18:43:21.783 [Forwarding getCurrentUrl on session 941f6d4568530a52bafa3e6744885bdf to remote] DEBUG org.asynchttpclient.netty.request.NettyRequestSender - Using open Channel [id: 0x12575cc1, L:/127.0.0.1:64690 - R:localhost/127.0.0.1:29648] for GET '/session/941f6d4568530a52bafa3e6744885bdf/url'
18:43:21.785 [AsyncHttpClient-1-8] DEBUG org.asynchttpclient.netty.handler.HttpHandler - 

Request DefaultFullHttpRequest(decodeResult: success, version: HTTP/1.1, content: EmptyByteBufBE)
GET /session/941f6d4568530a52bafa3e6744885bdf/url HTTP/1.1
User-Agent: selenium/4.8.1 (java windows)
Cache-Control: no-cache
Content-Type: application/json; charset=utf-8
host: localhost:29648
accept: */*

Response DefaultHttpResponse(decodeResult: success, version: HTTP/1.1)
HTTP/1.1 200 OK
Content-Length: 51
Content-Type: application/json; charset=utf-8
cache-control: no-cache

18:43:21.785 [AsyncHttpClient-1-8] DEBUG org.asynchttpclient.netty.channel.ChannelManager - Adding key: http://localhost:29648 for channel [id: 0x12575cc1, L:/127.0.0.1:64690 - R:localhost/127.0.0.1:29648]
18:43:21.786 [Forwarding screenshot on session 941f6d4568530a52bafa3e6744885bdf to remote] DEBUG org.asynchttpclient.netty.request.NettyRequestSender - Using pooled Channel '[id: 0x12575cc1, L:/127.0.0.1:64690 - R:localhost/127.0.0.1:29648]' for 'GET' to 'http://localhost:29648/session/941f6d4568530a52bafa3e6744885bdf/screenshot'
18:43:21.786 [Forwarding screenshot on session 941f6d4568530a52bafa3e6744885bdf to remote] DEBUG org.asynchttpclient.netty.request.NettyRequestSender - Using open Channel [id: 0x12575cc1, L:/127.0.0.1:64690 - R:localhost/127.0.0.1:29648] for GET '/session/941f6d4568530a52bafa3e6744885bdf/screenshot'
18:43:21.903 [AsyncHttpClient-1-8] DEBUG org.asynchttpclient.netty.handler.HttpHandler - 

Request DefaultFullHttpRequest(decodeResult: success, version: HTTP/1.1, content: EmptyByteBufBE)
GET /session/941f6d4568530a52bafa3e6744885bdf/screenshot HTTP/1.1
User-Agent: selenium/4.8.1 (java windows)
Cache-Control: no-cache
Content-Type: application/json; charset=utf-8
host: localhost:29648
accept: */*

Response DefaultHttpResponse(decodeResult: success, version: HTTP/1.1)
HTTP/1.1 200 OK
Content-Length: 41344
Content-Type: application/json; charset=utf-8
cache-control: no-cache

18:43:21.903 [AsyncHttpClient-1-8] DEBUG org.asynchttpclient.netty.channel.ChannelManager - Adding key: http://localhost:29648 for channel [id: 0x12575cc1, L:/127.0.0.1:64690 - R:localhost/127.0.0.1:29648]
18:43:21.904 [main] DEBUG net.serenitybdd.core.photography.Darkroom - Send negative for processing for target\site\serenity\67b05cc66a5c405b5d25345210e3ee7d4a4d6dce79303e6cae5bef9f65ec2587.png
18:43:21.905 [main] DEBUG net.thucydides.core.steps.StepInterceptor - STEP DONE: clickRegisterButton
18:43:21.905 [Darkroom Processing Line] DEBUG net.serenitybdd.core.photography.DarkroomProcessingLine - Processing screenshot image in /var/screenshots/screenshot-12313393883801136202
18:43:21.905 [Darkroom Processing Line] DEBUG net.serenitybdd.core.photography.DarkroomProcessingLine - Saving screenshot to target\site\serenity\67b05cc66a5c405b5d25345210e3ee7d4a4d6dce79303e6cae5bef9f65ec2587.png
  &amp#27;[32mAnd &amp#27;[0m&amp#27;[32mI click Login button&amp#27;[0m                            &amp#27;[90m# starter.stepDefinition.LoginPosSteps.clickRegisterButton()&amp#27;[0m
18:43:21.913 [Forwarding getPageSource on session 941f6d4568530a52bafa3e6744885bdf to remote] DEBUG org.asynchttpclient.netty.request.NettyRequestSender - Using pooled Channel '[id: 0x12575cc1, L:/127.0.0.1:64690 - R:localhost/127.0.0.1:29648]' for 'POST' to 'http://localhost:29648/session/941f6d4568530a52bafa3e6744885bdf/execute/sync'
18:43:21.913 [Forwarding getPageSource on session 941f6d4568530a52bafa3e6744885bdf to remote] DEBUG org.asynchttpclient.netty.request.NettyRequestSender - Using open Channel [id: 0x12575cc1, L:/127.0.0.1:64690 - R:localhost/127.0.0.1:29648] for POST '/session/941f6d4568530a52bafa3e6744885bdf/execute/sync'
18:43:21.917 [AsyncHttpClient-1-8] DEBUG org.asynchttpclient.netty.handler.HttpHandler - 

Request DefaultHttpRequest(decodeResult: success, version: HTTP/1.1)
POST /session/941f6d4568530a52bafa3e6744885bdf/execute/sync HTTP/1.1
User-Agent: selenium/4.8.1 (java windows)
Content-Length: 176
Content-Type: application/json; charset=utf-8
host: localhost:29648
accept: */*

Response DefaultHttpResponse(decodeResult: success, version: HTTP/1.1)
HTTP/1.1 200 OK
Content-Length: 22113
Content-Type: application/json; charset=utf-8
cache-control: no-cache

18:43:21.917 [AsyncHttpClient-1-8] DEBUG org.asynchttpclient.netty.channel.ChannelManager - Adding key: http://localhost:29648 for channel [id: 0x12575cc1, L:/127.0.0.1:64690 - R:localhost/127.0.0.1:29648]
18:43:21.919 [Forwarding getCurrentUrl on session 941f6d4568530a52bafa3e6744885bdf to remote] DEBUG org.asynchttpclient.netty.request.NettyRequestSender - Using pooled Channel '[id: 0x12575cc1, L:/127.0.0.1:64690 - R:localhost/127.0.0.1:29648]' for 'GET' to 'http://localhost:29648/session/941f6d4568530a52bafa3e6744885bdf/url'
18:43:21.919 [Forwarding getCurrentUrl on session 941f6d4568530a52bafa3e6744885bdf to remote] DEBUG org.asynchttpclient.netty.request.NettyRequestSender - Using open Channel [id: 0x12575cc1, L:/127.0.0.1:64690 - R:localhost/127.0.0.1:29648] for GET '/session/941f6d4568530a52bafa3e6744885bdf/url'
18:43:21.922 [AsyncHttpClient-1-8] DEBUG org.asynchttpclient.netty.handler.HttpHandler - 

Request DefaultFullHttpRequest(decodeResult: success, version: HTTP/1.1, content: EmptyByteBufBE)
GET /session/941f6d4568530a52bafa3e6744885bdf/url HTTP/1.1
User-Agent: selenium/4.8.1 (java windows)
Cache-Control: no-cache
Content-Type: application/json; charset=utf-8
host: localhost:29648
accept: */*

Response DefaultHttpResponse(decodeResult: success, version: HTTP/1.1)
HTTP/1.1 200 OK
Content-Length: 51
Content-Type: application/json; charset=utf-8
cache-control: no-cache

18:43:21.923 [AsyncHttpClient-1-8] DEBUG org.asynchttpclient.netty.channel.ChannelManager - Adding key: http://localhost:29648 for channel [id: 0x12575cc1, L:/127.0.0.1:64690 - R:localhost/127.0.0.1:29648]
18:43:21.928 [Forwarding findElement on session 941f6d4568530a52bafa3e6744885bdf to remote] DEBUG org.asynchttpclient.netty.request.NettyRequestSender - Using pooled Channel '[id: 0x12575cc1, L:/127.0.0.1:64690 - R:localhost/127.0.0.1:29648]' for 'POST' to 'http://localhost:29648/session/941f6d4568530a52bafa3e6744885bdf/element'
18:43:21.928 [Forwarding findElement on session 941f6d4568530a52bafa3e6744885bdf to remote] DEBUG org.asynchttpclient.netty.request.NettyRequestSender - Using open Channel [id: 0x12575cc1, L:/127.0.0.1:64690 - R:localhost/127.0.0.1:29648] for POST '/session/941f6d4568530a52bafa3e6744885bdf/element'
18:43:21.939 [AsyncHttpClient-1-8] DEBUG org.asynchttpclient.netty.handler.HttpHandler - 

Request DefaultHttpRequest(decodeResult: success, version: HTTP/1.1)
POST /session/941f6d4568530a52bafa3e6744885bdf/element HTTP/1.1
User-Agent: selenium/4.8.1 (java windows)
Content-Length: 209
Content-Type: application/json; charset=utf-8
host: localhost:29648
accept: */*

Response DefaultHttpResponse(decodeResult: success, version: HTTP/1.1)
HTTP/1.1 200 OK
Content-Length: 88
Content-Type: application/json; charset=utf-8
cache-control: no-cache

18:43:21.939 [AsyncHttpClient-1-8] DEBUG org.asynchttpclient.netty.channel.ChannelManager - Adding key: http://localhost:29648 for channel [id: 0x12575cc1, L:/127.0.0.1:64690 - R:localhost/127.0.0.1:29648]
18:43:21.942 [Forwarding isElementDisplayed on session 941f6d4568530a52bafa3e6744885bdf to remote] DEBUG org.asynchttpclient.netty.request.NettyRequestSender - Using pooled Channel '[id: 0x12575cc1, L:/127.0.0.1:64690 - R:localhost/127.0.0.1:29648]' for 'POST' to 'http://localhost:29648/session/941f6d4568530a52bafa3e6744885bdf/execute/sync'
18:43:21.942 [Forwarding isElementDisplayed on session 941f6d4568530a52bafa3e6744885bdf to remote] DEBUG org.asynchttpclient.netty.request.NettyRequestSender - Using open Channel [id: 0x12575cc1, L:/127.0.0.1:64690 - R:localhost/127.0.0.1:29648] for POST '/session/941f6d4568530a52bafa3e6744885bdf/execute/sync'
18:43:21.951 [AsyncHttpClient-1-8] DEBUG org.asynchttpclient.netty.handler.HttpHandler - 

Request DefaultHttpRequest(decodeResult: success, version: HTTP/1.1)
POST /session/941f6d4568530a52bafa3e6744885bdf/execute/sync HTTP/1.1
User-Agent: selenium/4.8.1 (java windows)
Content-Length: 48807
Content-Type: application/json; charset=utf-8
host: localhost:29648
accept: */*

Response DefaultHttpResponse(decodeResult: success, version: HTTP/1.1)
HTTP/1.1 200 OK
Content-Length: 14
Content-Type: application/json; charset=utf-8
cache-control: no-cache

18:43:21.951 [AsyncHttpClient-1-8] DEBUG org.asynchttpclient.netty.channel.ChannelManager - Adding key: http://localhost:29648 for channel [id: 0x12575cc1, L:/127.0.0.1:64690 - R:localhost/127.0.0.1:29648]
  &amp#27;[32mThen &amp#27;[0m&amp#27;[32mI am on the account home page&amp#27;[0m                  &amp#27;[90m# starter.stepDefinition.LoginPosSteps.onLoginForm()&amp#27;[0m
18:43:21.954 [main] INFO  - 
  _____   ___   ___   _____     ___     _     ___   ___   ___   ___  
 |_   _| | __| / __| |_   _|   | _ \   /_\   / __| / __| | __| |   \ 
   | |   | _|  \__ \   | |     |  _/  / _ \  \__ \ \__ \ | _|  | |) |
   |_|   |___| |___/   |_|     |_|   /_/ \_\ |___/ |___/ |___| |___/ 

As user, I have be able to success register
----------------------------------------------------------------------
18:43:21.955 [Driver Command Executor] DEBUG org.asynchttpclient.netty.request.NettyRequestSender - Using pooled Channel '[id: 0x12575cc1, L:/127.0.0.1:64690 - R:localhost/127.0.0.1:29648]' for 'DELETE' to 'http://localhost:29648/session/941f6d4568530a52bafa3e6744885bdf'
18:43:21.955 [AsyncHttpClient-1-10] DEBUG org.asynchttpclient.netty.handler.WebSocketHandler - Channel Closed: [id: 0x0d72c762, L:/127.0.0.1:64700 ! R:localhost/127.0.0.1:64691] with attribute NettyResponseFuture{currentRetry=0,
	isDone=1,
	isCancelled=0,
	asyncHandler=org.asynchttpclient.ws.WebSocketUpgradeHandler@1ea88f0f,
	nettyRequest=org.asynchttpclient.netty.request.NettyRequest@5baa02be,
	future=java.util.concurrent.CompletableFuture@48ca66a8[Completed normally],
	uri=ws://localhost:64691/devtools/browser/586cd79d-55d8-41c1-9912-d8673ae0b7a1,
	keepAlive=true,
	redirectCount=0,
	timeoutsHolder=null,
	inAuth=0,
	touch=1683632595965}
18:43:21.955 [Driver Command Executor] DEBUG org.asynchttpclient.netty.request.NettyRequestSender - Using open Channel [id: 0x12575cc1, L:/127.0.0.1:64690 - R:localhost/127.0.0.1:29648] for DELETE '/session/941f6d4568530a52bafa3e6744885bdf'
18:43:21.955 [AsyncHttpClient-1-10] DEBUG org.asynchttpclient.netty.channel.ChannelManager - Closing Channel [id: 0x0d72c762, L:/127.0.0.1:64700 ! R:localhost/127.0.0.1:64691] 
18:43:21.992 [AsyncHttpClient-1-1] DEBUG org.asynchttpclient.netty.channel.DefaultChannelPool - Entry count for : http://localhost:64691 : 1
18:43:22.003 [AsyncHttpClient-1-9] DEBUG org.asynchttpclient.netty.handler.HttpHandler - Unexpected I/O exception on channel [id: 0x2fa5ead4, L:/127.0.0.1:64698 - R:localhost/127.0.0.1:64691]
java.net.SocketException: Connection reset
	at java.base/sun.nio.ch.SocketChannelImpl.throwConnectionReset(SocketChannelImpl.java:394)
	at java.base/sun.nio.ch.SocketChannelImpl.read(SocketChannelImpl.java:426)
	at io.netty.buffer.PooledByteBuf.setBytes(PooledByteBuf.java:259)
	at io.netty.buffer.AbstractByteBuf.writeBytes(AbstractByteBuf.java:1132)
	at io.netty.channel.socket.nio.NioSocketChannel.doReadBytes(NioSocketChannel.java:357)
	at io.netty.channel.nio.AbstractNioByteChannel$NioByteUnsafe.read(AbstractNioByteChannel.java:151)
	at io.netty.channel.nio.NioEventLoop.processSelectedKey(NioEventLoop.java:788)
	at io.netty.channel.nio.NioEventLoop.processSelectedKeysOptimized(NioEventLoop.java:724)
	at io.netty.channel.nio.NioEventLoop.processSelectedKeys(NioEventLoop.java:650)
	at io.netty.channel.nio.NioEventLoop.run(NioEventLoop.java:562)
	at io.netty.util.concurrent.SingleThreadEventExecutor$4.run(SingleThreadEventExecutor.java:997)
	at io.netty.util.internal.ThreadExecutorMap$2.run(ThreadExecutorMap.java:74)
	at io.netty.util.concurrent.FastThreadLocalRunnable.run(FastThreadLocalRunnable.java:30)
	at java.base/java.lang.Thread.run(Thread.java:833)
18:43:22.003 [AsyncHttpClient-1-9] DEBUG org.asynchttpclient.netty.channel.ChannelManager - Closing Channel [id: 0x2fa5ead4, L:/127.0.0.1:64698 - R:localhost/127.0.0.1:64691] 
18:43:22.003 [AsyncHttpClient-1-9] DEBUG org.asynchttpclient.netty.handler.HttpHandler - Channel Closed: [id: 0x2fa5ead4, L:/127.0.0.1:64698 ! R:localhost/127.0.0.1:64691] with attribute DISCARD
18:43:22.017 [AsyncHttpClient-1-8] DEBUG org.asynchttpclient.netty.handler.HttpHandler - 

Request DefaultFullHttpRequest(decodeResult: success, version: HTTP/1.1, content: EmptyByteBufBE)
DELETE /session/941f6d4568530a52bafa3e6744885bdf HTTP/1.1
User-Agent: selenium/4.8.1 (java windows)
Content-Type: application/json; charset=utf-8
host: localhost:29648
accept: */*

Response DefaultHttpResponse(decodeResult: success, version: HTTP/1.1)
HTTP/1.1 200 OK
Content-Length: 14
Content-Type: application/json; charset=utf-8
cache-control: no-cache

18:43:22.017 [AsyncHttpClient-1-8] DEBUG org.asynchttpclient.netty.channel.ChannelManager - Adding key: http://localhost:29648 for channel [id: 0x12575cc1, L:/127.0.0.1:64690 - R:localhost/127.0.0.1:29648]
18:43:22.084 [AsyncHttpClient-1-8] DEBUG org.asynchttpclient.netty.handler.HttpHandler - Channel Closed: [id: 0x12575cc1, L:/127.0.0.1:64690 ! R:localhost/127.0.0.1:29648] with attribute DISCARD
]]></system-out>
    <system-err><![CDATA[Starting ChromeDriver 112.0.5615.49 (bd2a7bcb881c11e8cfe3078709382934e3916914-refs/branch-heads/5615@{#936}) on port 29648
Only local connections are allowed.
Please see https://chromedriver.chromium.org/security-considerations for suggestions on keeping ChromeDriver safe.
ChromeDriver was started successfully.
May 09, 2023 6:43:15 PM org.openqa.selenium.devtools.CdpVersionFinder findNearestMatch
WARNING: Unable to find an exact match for CDP version 112, so returning the closest version found: 110
]]></system-err>
  </testcase>
  <testcase name="As user, I have to be prevented to purchase" classname="PurchaseNeg" time="5.249">
    <system-out><![CDATA[18:43:22.146 [main] DEBUG io.cucumber.core.plugin.SerenityReporter - Running feature from file:///C:/Users/VICTUS/IdeaProjects/MiniProject/src/test/resources/features/PurchaseNeg.feature
18:43:22.149 [main] DEBUG net.thucydides.core.steps.StepEventBus - Test suite started for story net.thucydides.core.model.Story@ef80b9a8
18:43:22.149 [main] INFO  - Test Suite Started: Purchase neg

@PurchaseNeg @userA
Scenario: As user, I have to be prevented to purchase &amp#27;[90m# src/test/resources/features/PurchaseNeg.feature:8&amp#27;[0m
18:43:22.154 [main] DEBUG io.cucumber.core.plugin.SerenityReporter - Running feature from file:///C:/Users/VICTUS/IdeaProjects/MiniProject/src/test/resources/features/PurchaseNeg.feature
18:43:22.154 [main] INFO  - 
  _____   ___   ___   _____     ___   _____     _     ___   _____   ___   ___  
 |_   _| | __| / __| |_   _|   / __| |_   _|   /_\   | _ \ |_   _| | __| |   \ 
   | |   | _|  \__ \   | |     \__ \   | |    / _ \  |   /   | |   | _|  | |) |
   |_|   |___| |___/   |_|     |___/   |_|   /_/ \_\ |_|_\   |_|   |___| |___/ 

As user, I have to be prevented to purchase(purchaseneg;as-user--i-have-to-be-prevented-to-purchase)
--------------------------------------------------------------------------------
18:43:22.240 [main] INFO net.serenitybdd.core.webdriver.driverproviders.ChromeDriverProvider - Starting Chrome driver instance with capabilities:
18:43:22.241 [main] INFO net.serenitybdd.core.webdriver.driverproviders.ChromeDriverProvider - Capabilities {acceptInsecureCerts: false, browserName: chrome, goog:chromeOptions: {args: [remote-allow-origins=*], extensions: []}}
18:43:22.305 [AsyncHttpClient-1-11] DEBUG org.asynchttpclient.netty.channel.NettyConnectListener - Using new Channel '[id: 0xf9b37dac, L:/127.0.0.1:64716 - R:localhost/127.0.0.1:25988]' for 'POST' to '/session'
18:43:23.031 [AsyncHttpClient-1-11] DEBUG org.asynchttpclient.netty.handler.HttpHandler - 

Request DefaultHttpRequest(decodeResult: success, version: HTTP/1.1)
POST /session HTTP/1.1
User-Agent: selenium/4.8.1 (java windows)
Content-Length: 507
Content-Type: application/json; charset=utf-8
host: localhost:25988
accept: */*

Response DefaultHttpResponse(decodeResult: success, version: HTTP/1.1)
HTTP/1.1 200 OK
Content-Length: 859
Content-Type: application/json; charset=utf-8
cache-control: no-cache

18:43:23.031 [AsyncHttpClient-1-11] DEBUG org.asynchttpclient.netty.channel.ChannelManager - Adding key: http://localhost:25988 for channel [id: 0xf9b37dac, L:/127.0.0.1:64716 - R:localhost/127.0.0.1:25988]
18:43:23.038 [AsyncHttpClient-1-12] DEBUG org.asynchttpclient.netty.channel.NettyConnectListener - Using new Channel '[id: 0x27129140, L:/127.0.0.1:64723 - R:localhost/127.0.0.1:64717]' for 'GET' to '/json/version'
18:43:23.041 [AsyncHttpClient-1-12] DEBUG org.asynchttpclient.netty.handler.HttpHandler - 

Request DefaultFullHttpRequest(decodeResult: success, version: HTTP/1.1, content: EmptyByteBufBE)
GET /json/version HTTP/1.1
User-Agent: selenium/4.8.1 (java windows)
host: localhost:64717
accept: */*

Response DefaultHttpResponse(decodeResult: success, version: HTTP/1.1)
HTTP/1.1 200 OK
Content-Security-Policy: frame-ancestors 'none'
Content-Length: 424
Content-Type: application/json; charset=UTF-8

18:43:23.041 [AsyncHttpClient-1-12] DEBUG org.asynchttpclient.netty.channel.ChannelManager - Adding key: http://localhost:64717 for channel [id: 0x27129140, L:/127.0.0.1:64723 - R:localhost/127.0.0.1:64717]
18:43:23.044 [AsyncHttpClient-1-13] DEBUG org.asynchttpclient.netty.channel.NettyConnectListener - Using new Channel '[id: 0x4d236ae0, L:/127.0.0.1:64724 - R:localhost/127.0.0.1:64717]' for 'GET' to '/devtools/browser/f7c1f03c-2c73-4fa1-af13-eb5808887705'
18:43:23.058 [AsyncHttpClient-1-13] DEBUG org.asynchttpclient.netty.handler.WebSocketHandler - 

Request DefaultFullHttpRequest(decodeResult: success, version: HTTP/1.1, content: EmptyByteBufBE)
GET /devtools/browser/f7c1f03c-2c73-4fa1-af13-eb5808887705 HTTP/1.1
upgrade: websocket
connection: upgrade
sec-websocket-key: cAr6QRZjUAhuIX+x0qnGUw==
sec-websocket-version: 13
origin: http://localhost:64717
host: localhost:64717
accept: */*
user-agent: AHC/2.1

Response DefaultHttpResponse(decodeResult: success, version: HTTP/1.1)
HTTP/1.1 101 WebSocket Protocol Handshake
Upgrade: WebSocket
Connection: Upgrade
Sec-WebSocket-Accept: E/utlDp/bWf7Cu4MmQP7TBWJ32o=

18:43:23.064 [Forwarding get on session 6d971e1bad7e28cfe09513c877b334ae to remote] DEBUG org.asynchttpclient.netty.request.NettyRequestSender - Using pooled Channel '[id: 0xf9b37dac, L:/127.0.0.1:64716 - R:localhost/127.0.0.1:25988]' for 'POST' to 'http://localhost:25988/session/6d971e1bad7e28cfe09513c877b334ae/url'
18:43:23.064 [Forwarding get on session 6d971e1bad7e28cfe09513c877b334ae to remote] DEBUG org.asynchttpclient.netty.request.NettyRequestSender - Using open Channel [id: 0xf9b37dac, L:/127.0.0.1:64716 - R:localhost/127.0.0.1:25988] for POST '/session/6d971e1bad7e28cfe09513c877b334ae/url'
18:43:23.106 [AsyncHttpClient-1-1] DEBUG org.asynchttpclient.netty.channel.DefaultChannelPool - Entry count for : http://localhost:29648 : 1
18:43:23.106 [AsyncHttpClient-1-1] DEBUG org.asynchttpclient.netty.channel.DefaultChannelPool - Entry count for : http://localhost:64717 : 1
18:43:23.106 [AsyncHttpClient-1-1] DEBUG org.asynchttpclient.netty.channel.DefaultChannelPool - Entry count for : http://localhost:64691 : 1
18:43:23.106 [AsyncHttpClient-1-1] DEBUG org.asynchttpclient.netty.channel.DefaultChannelPool - Adding Candidate expired Channel [id: 0x12575cc1, L:/127.0.0.1:64690 ! R:localhost/127.0.0.1:29648] isIdleTimeoutExpired=false isRemotelyClosed=true isTtlExpired=false
18:43:23.106 [AsyncHttpClient-1-1] DEBUG org.asynchttpclient.netty.channel.DefaultChannelPool - Closing Idle Channel [id: 0x12575cc1, L:/127.0.0.1:64690 ! R:localhost/127.0.0.1:29648]
18:43:23.106 [AsyncHttpClient-1-1] DEBUG org.asynchttpclient.netty.channel.DefaultChannelPool - Adding Candidate expired Channel [id: 0x2fa5ead4, L:/127.0.0.1:64698 ! R:localhost/127.0.0.1:64691] isIdleTimeoutExpired=false isRemotelyClosed=true isTtlExpired=false
18:43:23.106 [AsyncHttpClient-1-1] DEBUG org.asynchttpclient.netty.channel.DefaultChannelPool - Closing Idle Channel [id: 0x2fa5ead4, L:/127.0.0.1:64698 ! R:localhost/127.0.0.1:64691]
18:43:23.106 [AsyncHttpClient-1-1] DEBUG org.asynchttpclient.netty.channel.DefaultChannelPool - Closed 2 connections out of 3 in 0 ms
18:43:24.087 [AsyncHttpClient-1-11] DEBUG org.asynchttpclient.netty.handler.HttpHandler - 

Request DefaultHttpRequest(decodeResult: success, version: HTTP/1.1)
POST /session/6d971e1bad7e28cfe09513c877b334ae/url HTTP/1.1
User-Agent: selenium/4.8.1 (java windows)
Content-Length: 59
Content-Type: application/json; charset=utf-8
host: localhost:25988
accept: */*

Response DefaultHttpResponse(decodeResult: success, version: HTTP/1.1)
HTTP/1.1 200 OK
Content-Length: 14
Content-Type: application/json; charset=utf-8
cache-control: no-cache

18:43:24.087 [AsyncHttpClient-1-11] DEBUG org.asynchttpclient.netty.channel.ChannelManager - Adding key: http://localhost:25988 for channel [id: 0xf9b37dac, L:/127.0.0.1:64716 - R:localhost/127.0.0.1:25988]
18:43:24.088 [Forwarding setTimeout on session 6d971e1bad7e28cfe09513c877b334ae to remote] DEBUG org.asynchttpclient.netty.request.NettyRequestSender - Using pooled Channel '[id: 0xf9b37dac, L:/127.0.0.1:64716 - R:localhost/127.0.0.1:25988]' for 'POST' to 'http://localhost:25988/session/6d971e1bad7e28cfe09513c877b334ae/timeouts'
18:43:24.088 [Forwarding setTimeout on session 6d971e1bad7e28cfe09513c877b334ae to remote] DEBUG org.asynchttpclient.netty.request.NettyRequestSender - Using open Channel [id: 0xf9b37dac, L:/127.0.0.1:64716 - R:localhost/127.0.0.1:25988] for POST '/session/6d971e1bad7e28cfe09513c877b334ae/timeouts'
18:43:24.089 [AsyncHttpClient-1-11] DEBUG org.asynchttpclient.netty.handler.HttpHandler - 

Request DefaultHttpRequest(decodeResult: success, version: HTTP/1.1)
POST /session/6d971e1bad7e28cfe09513c877b334ae/timeouts HTTP/1.1
User-Agent: selenium/4.8.1 (java windows)
Content-Length: 22
Content-Type: application/json; charset=utf-8
host: localhost:25988
accept: */*

Response DefaultHttpResponse(decodeResult: success, version: HTTP/1.1)
HTTP/1.1 200 OK
Content-Length: 14
Content-Type: application/json; charset=utf-8
cache-control: no-cache

18:43:24.089 [AsyncHttpClient-1-11] DEBUG org.asynchttpclient.netty.channel.ChannelManager - Adding key: http://localhost:25988 for channel [id: 0xf9b37dac, L:/127.0.0.1:64716 - R:localhost/127.0.0.1:25988]
18:43:24.092 [main] DEBUG net.serenitybdd.core.photography.Darkroom - Opening darkroom
18:43:24.093 [Darkroom Processing Line] DEBUG net.serenitybdd.core.photography.DarkroomProcessingLine - Darkroom processing line starting up
18:43:24.093 [Forwarding getAlertText on session 6d971e1bad7e28cfe09513c877b334ae to remote] DEBUG org.asynchttpclient.netty.request.NettyRequestSender - Using pooled Channel '[id: 0xf9b37dac, L:/127.0.0.1:64716 - R:localhost/127.0.0.1:25988]' for 'GET' to 'http://localhost:25988/session/6d971e1bad7e28cfe09513c877b334ae/alert/text'
18:43:24.093 [Forwarding getAlertText on session 6d971e1bad7e28cfe09513c877b334ae to remote] DEBUG org.asynchttpclient.netty.request.NettyRequestSender - Using open Channel [id: 0xf9b37dac, L:/127.0.0.1:64716 - R:localhost/127.0.0.1:25988] for GET '/session/6d971e1bad7e28cfe09513c877b334ae/alert/text'
18:43:24.094 [AsyncHttpClient-1-11] DEBUG org.asynchttpclient.netty.handler.HttpHandler - 

Request DefaultFullHttpRequest(decodeResult: success, version: HTTP/1.1, content: EmptyByteBufBE)
GET /session/6d971e1bad7e28cfe09513c877b334ae/alert/text HTTP/1.1
User-Agent: selenium/4.8.1 (java windows)
Cache-Control: no-cache
Content-Type: application/json; charset=utf-8
host: localhost:25988
accept: */*

Response DefaultHttpResponse(decodeResult: success, version: HTTP/1.1)
HTTP/1.1 404 Not Found
Content-Length: 821
Content-Type: application/json; charset=utf-8
cache-control: no-cache

18:43:24.094 [AsyncHttpClient-1-11] DEBUG org.asynchttpclient.netty.channel.ChannelManager - Adding key: http://localhost:25988 for channel [id: 0xf9b37dac, L:/127.0.0.1:64716 - R:localhost/127.0.0.1:25988]
18:43:24.095 [Forwarding getCurrentUrl on session 6d971e1bad7e28cfe09513c877b334ae to remote] DEBUG org.asynchttpclient.netty.request.NettyRequestSender - Using pooled Channel '[id: 0xf9b37dac, L:/127.0.0.1:64716 - R:localhost/127.0.0.1:25988]' for 'GET' to 'http://localhost:25988/session/6d971e1bad7e28cfe09513c877b334ae/url'
18:43:24.095 [Forwarding getCurrentUrl on session 6d971e1bad7e28cfe09513c877b334ae to remote] DEBUG org.asynchttpclient.netty.request.NettyRequestSender - Using open Channel [id: 0xf9b37dac, L:/127.0.0.1:64716 - R:localhost/127.0.0.1:25988] for GET '/session/6d971e1bad7e28cfe09513c877b334ae/url'
18:43:24.098 [AsyncHttpClient-1-11] DEBUG org.asynchttpclient.netty.handler.HttpHandler - 

Request DefaultFullHttpRequest(decodeResult: success, version: HTTP/1.1, content: EmptyByteBufBE)
GET /session/6d971e1bad7e28cfe09513c877b334ae/url HTTP/1.1
User-Agent: selenium/4.8.1 (java windows)
Cache-Control: no-cache
Content-Type: application/json; charset=utf-8
host: localhost:25988
accept: */*

Response DefaultHttpResponse(decodeResult: success, version: HTTP/1.1)
HTTP/1.1 200 OK
Content-Length: 41
Content-Type: application/json; charset=utf-8
cache-control: no-cache

18:43:24.098 [AsyncHttpClient-1-11] DEBUG org.asynchttpclient.netty.channel.ChannelManager - Adding key: http://localhost:25988 for channel [id: 0xf9b37dac, L:/127.0.0.1:64716 - R:localhost/127.0.0.1:25988]
18:43:24.099 [Forwarding screenshot on session 6d971e1bad7e28cfe09513c877b334ae to remote] DEBUG org.asynchttpclient.netty.request.NettyRequestSender - Using pooled Channel '[id: 0xf9b37dac, L:/127.0.0.1:64716 - R:localhost/127.0.0.1:25988]' for 'GET' to 'http://localhost:25988/session/6d971e1bad7e28cfe09513c877b334ae/screenshot'
18:43:24.099 [Forwarding screenshot on session 6d971e1bad7e28cfe09513c877b334ae to remote] DEBUG org.asynchttpclient.netty.request.NettyRequestSender - Using open Channel [id: 0xf9b37dac, L:/127.0.0.1:64716 - R:localhost/127.0.0.1:25988] for GET '/session/6d971e1bad7e28cfe09513c877b334ae/screenshot'
18:43:24.186 [AsyncHttpClient-1-1] DEBUG org.asynchttpclient.netty.channel.DefaultChannelPool - Entry count for : http://localhost:64717 : 1
18:43:24.226 [AsyncHttpClient-1-11] DEBUG org.asynchttpclient.netty.handler.HttpHandler - 

Request DefaultFullHttpRequest(decodeResult: success, version: HTTP/1.1, content: EmptyByteBufBE)
GET /session/6d971e1bad7e28cfe09513c877b334ae/screenshot HTTP/1.1
User-Agent: selenium/4.8.1 (java windows)
Cache-Control: no-cache
Content-Type: application/json; charset=utf-8
host: localhost:25988
accept: */*

Response DefaultHttpResponse(decodeResult: success, version: HTTP/1.1)
HTTP/1.1 200 OK
Content-Length: 36804
Content-Type: application/json; charset=utf-8
cache-control: no-cache

18:43:24.226 [AsyncHttpClient-1-11] DEBUG org.asynchttpclient.netty.channel.ChannelManager - Adding key: http://localhost:25988 for channel [id: 0xf9b37dac, L:/127.0.0.1:64716 - R:localhost/127.0.0.1:25988]
18:43:24.228 [main] DEBUG net.serenitybdd.core.photography.Darkroom - Send negative for processing for target\site\serenity\dad3001294d6642cab78abadd10cb4d4d5102198a17623a57b53934d3f1f1665.png
18:43:24.229 [Darkroom Processing Line] DEBUG net.serenitybdd.core.photography.DarkroomProcessingLine - Processing screenshot image in /var/screenshots/screenshot-9015090243999529854
18:43:24.229 [Darkroom Processing Line] DEBUG net.serenitybdd.core.photography.DarkroomProcessingLine - Saving screenshot to target\site\serenity\dad3001294d6642cab78abadd10cb4d4d5102198a17623a57b53934d3f1f1665.png
18:43:24.229 [Forwarding getPageSource on session 6d971e1bad7e28cfe09513c877b334ae to remote] DEBUG org.asynchttpclient.netty.request.NettyRequestSender - Using pooled Channel '[id: 0xf9b37dac, L:/127.0.0.1:64716 - R:localhost/127.0.0.1:25988]' for 'POST' to 'http://localhost:25988/session/6d971e1bad7e28cfe09513c877b334ae/execute/sync'
18:43:24.229 [Forwarding getPageSource on session 6d971e1bad7e28cfe09513c877b334ae to remote] DEBUG org.asynchttpclient.netty.request.NettyRequestSender - Using open Channel [id: 0xf9b37dac, L:/127.0.0.1:64716 - R:localhost/127.0.0.1:25988] for POST '/session/6d971e1bad7e28cfe09513c877b334ae/execute/sync'
18:43:24.237 [AsyncHttpClient-1-11] DEBUG org.asynchttpclient.netty.handler.HttpHandler - 

Request DefaultHttpRequest(decodeResult: success, version: HTTP/1.1)
POST /session/6d971e1bad7e28cfe09513c877b334ae/execute/sync HTTP/1.1
User-Agent: selenium/4.8.1 (java windows)
Content-Length: 176
Content-Type: application/json; charset=utf-8
host: localhost:25988
accept: */*

Response DefaultHttpResponse(decodeResult: success, version: HTTP/1.1)
HTTP/1.1 200 OK
Content-Length: 28534
Content-Type: application/json; charset=utf-8
cache-control: no-cache

18:43:24.237 [AsyncHttpClient-1-11] DEBUG org.asynchttpclient.netty.channel.ChannelManager - Adding key: http://localhost:25988 for channel [id: 0xf9b37dac, L:/127.0.0.1:64716 - R:localhost/127.0.0.1:25988]
18:43:24.240 [Forwarding getCurrentUrl on session 6d971e1bad7e28cfe09513c877b334ae to remote] DEBUG org.asynchttpclient.netty.request.NettyRequestSender - Using pooled Channel '[id: 0xf9b37dac, L:/127.0.0.1:64716 - R:localhost/127.0.0.1:25988]' for 'GET' to 'http://localhost:25988/session/6d971e1bad7e28cfe09513c877b334ae/url'
18:43:24.240 [Forwarding getCurrentUrl on session 6d971e1bad7e28cfe09513c877b334ae to remote] DEBUG org.asynchttpclient.netty.request.NettyRequestSender - Using open Channel [id: 0xf9b37dac, L:/127.0.0.1:64716 - R:localhost/127.0.0.1:25988] for GET '/session/6d971e1bad7e28cfe09513c877b334ae/url'
18:43:24.242 [AsyncHttpClient-1-11] DEBUG org.asynchttpclient.netty.handler.HttpHandler - 

Request DefaultFullHttpRequest(decodeResult: success, version: HTTP/1.1, content: EmptyByteBufBE)
GET /session/6d971e1bad7e28cfe09513c877b334ae/url HTTP/1.1
User-Agent: selenium/4.8.1 (java windows)
Cache-Control: no-cache
Content-Type: application/json; charset=utf-8
host: localhost:25988
accept: */*

Response DefaultHttpResponse(decodeResult: success, version: HTTP/1.1)
HTTP/1.1 200 OK
Content-Length: 41
Content-Type: application/json; charset=utf-8
cache-control: no-cache

18:43:24.242 [AsyncHttpClient-1-11] DEBUG org.asynchttpclient.netty.channel.ChannelManager - Adding key: http://localhost:25988 for channel [id: 0xf9b37dac, L:/127.0.0.1:64716 - R:localhost/127.0.0.1:25988]
18:43:24.243 [main] DEBUG net.thucydides.core.steps.StepInterceptor - STARTING STEP: PurchaseNegSteps.onTheNonAccountHomePage - validateOnHomePage
18:43:24.245 [Forwarding findElement on session 6d971e1bad7e28cfe09513c877b334ae to remote] DEBUG org.asynchttpclient.netty.request.NettyRequestSender - Using pooled Channel '[id: 0xf9b37dac, L:/127.0.0.1:64716 - R:localhost/127.0.0.1:25988]' for 'POST' to 'http://localhost:25988/session/6d971e1bad7e28cfe09513c877b334ae/element'
18:43:24.246 [Forwarding findElement on session 6d971e1bad7e28cfe09513c877b334ae to remote] DEBUG org.asynchttpclient.netty.request.NettyRequestSender - Using open Channel [id: 0xf9b37dac, L:/127.0.0.1:64716 - R:localhost/127.0.0.1:25988] for POST '/session/6d971e1bad7e28cfe09513c877b334ae/element'
18:43:25.286 [AsyncHttpClient-1-1] DEBUG org.asynchttpclient.netty.channel.DefaultChannelPool - Entry count for : http://localhost:64717 : 1
18:43:25.767 [AsyncHttpClient-1-11] DEBUG org.asynchttpclient.netty.handler.HttpHandler - 

Request DefaultHttpRequest(decodeResult: success, version: HTTP/1.1)
POST /session/6d971e1bad7e28cfe09513c877b334ae/element HTTP/1.1
User-Agent: selenium/4.8.1 (java windows)
Content-Length: 208
Content-Type: application/json; charset=utf-8
host: localhost:25988
accept: */*

Response DefaultHttpResponse(decodeResult: success, version: HTTP/1.1)
HTTP/1.1 200 OK
Content-Length: 88
Content-Type: application/json; charset=utf-8
cache-control: no-cache

18:43:25.767 [AsyncHttpClient-1-11] DEBUG org.asynchttpclient.netty.channel.ChannelManager - Adding key: http://localhost:25988 for channel [id: 0xf9b37dac, L:/127.0.0.1:64716 - R:localhost/127.0.0.1:25988]
18:43:25.768 [Forwarding isElementDisplayed on session 6d971e1bad7e28cfe09513c877b334ae to remote] DEBUG org.asynchttpclient.netty.request.NettyRequestSender - Using pooled Channel '[id: 0xf9b37dac, L:/127.0.0.1:64716 - R:localhost/127.0.0.1:25988]' for 'POST' to 'http://localhost:25988/session/6d971e1bad7e28cfe09513c877b334ae/execute/sync'
18:43:25.768 [Forwarding isElementDisplayed on session 6d971e1bad7e28cfe09513c877b334ae to remote] DEBUG org.asynchttpclient.netty.request.NettyRequestSender - Using open Channel [id: 0xf9b37dac, L:/127.0.0.1:64716 - R:localhost/127.0.0.1:25988] for POST '/session/6d971e1bad7e28cfe09513c877b334ae/execute/sync'
18:43:25.779 [AsyncHttpClient-1-11] DEBUG org.asynchttpclient.netty.handler.HttpHandler - 

Request DefaultHttpRequest(decodeResult: success, version: HTTP/1.1)
POST /session/6d971e1bad7e28cfe09513c877b334ae/execute/sync HTTP/1.1
User-Agent: selenium/4.8.1 (java windows)
Content-Length: 48807
Content-Type: application/json; charset=utf-8
host: localhost:25988
accept: */*

Response DefaultHttpResponse(decodeResult: success, version: HTTP/1.1)
HTTP/1.1 200 OK
Content-Length: 14
Content-Type: application/json; charset=utf-8
cache-control: no-cache

18:43:25.779 [AsyncHttpClient-1-11] DEBUG org.asynchttpclient.netty.channel.ChannelManager - Adding key: http://localhost:25988 for channel [id: 0xf9b37dac, L:/127.0.0.1:64716 - R:localhost/127.0.0.1:25988]
18:43:25.781 [Forwarding getAlertText on session 6d971e1bad7e28cfe09513c877b334ae to remote] DEBUG org.asynchttpclient.netty.request.NettyRequestSender - Using pooled Channel '[id: 0xf9b37dac, L:/127.0.0.1:64716 - R:localhost/127.0.0.1:25988]' for 'GET' to 'http://localhost:25988/session/6d971e1bad7e28cfe09513c877b334ae/alert/text'
18:43:25.781 [Forwarding getAlertText on session 6d971e1bad7e28cfe09513c877b334ae to remote] DEBUG org.asynchttpclient.netty.request.NettyRequestSender - Using open Channel [id: 0xf9b37dac, L:/127.0.0.1:64716 - R:localhost/127.0.0.1:25988] for GET '/session/6d971e1bad7e28cfe09513c877b334ae/alert/text'
18:43:25.782 [AsyncHttpClient-1-11] DEBUG org.asynchttpclient.netty.handler.HttpHandler - 

Request DefaultFullHttpRequest(decodeResult: success, version: HTTP/1.1, content: EmptyByteBufBE)
GET /session/6d971e1bad7e28cfe09513c877b334ae/alert/text HTTP/1.1
User-Agent: selenium/4.8.1 (java windows)
Cache-Control: no-cache
Content-Type: application/json; charset=utf-8
host: localhost:25988
accept: */*

Response DefaultHttpResponse(decodeResult: success, version: HTTP/1.1)
HTTP/1.1 404 Not Found
Content-Length: 821
Content-Type: application/json; charset=utf-8
cache-control: no-cache

18:43:25.782 [AsyncHttpClient-1-11] DEBUG org.asynchttpclient.netty.channel.ChannelManager - Adding key: http://localhost:25988 for channel [id: 0xf9b37dac, L:/127.0.0.1:64716 - R:localhost/127.0.0.1:25988]
18:43:25.783 [Forwarding getCurrentUrl on session 6d971e1bad7e28cfe09513c877b334ae to remote] DEBUG org.asynchttpclient.netty.request.NettyRequestSender - Using pooled Channel '[id: 0xf9b37dac, L:/127.0.0.1:64716 - R:localhost/127.0.0.1:25988]' for 'GET' to 'http://localhost:25988/session/6d971e1bad7e28cfe09513c877b334ae/url'
18:43:25.783 [Forwarding getCurrentUrl on session 6d971e1bad7e28cfe09513c877b334ae to remote] DEBUG org.asynchttpclient.netty.request.NettyRequestSender - Using open Channel [id: 0xf9b37dac, L:/127.0.0.1:64716 - R:localhost/127.0.0.1:25988] for GET '/session/6d971e1bad7e28cfe09513c877b334ae/url'
18:43:25.785 [AsyncHttpClient-1-11] DEBUG org.asynchttpclient.netty.handler.HttpHandler - 

Request DefaultFullHttpRequest(decodeResult: success, version: HTTP/1.1, content: EmptyByteBufBE)
GET /session/6d971e1bad7e28cfe09513c877b334ae/url HTTP/1.1
User-Agent: selenium/4.8.1 (java windows)
Cache-Control: no-cache
Content-Type: application/json; charset=utf-8
host: localhost:25988
accept: */*

Response DefaultHttpResponse(decodeResult: success, version: HTTP/1.1)
HTTP/1.1 200 OK
Content-Length: 41
Content-Type: application/json; charset=utf-8
cache-control: no-cache

18:43:25.785 [AsyncHttpClient-1-11] DEBUG org.asynchttpclient.netty.channel.ChannelManager - Adding key: http://localhost:25988 for channel [id: 0xf9b37dac, L:/127.0.0.1:64716 - R:localhost/127.0.0.1:25988]
18:43:25.786 [Forwarding screenshot on session 6d971e1bad7e28cfe09513c877b334ae to remote] DEBUG org.asynchttpclient.netty.request.NettyRequestSender - Using pooled Channel '[id: 0xf9b37dac, L:/127.0.0.1:64716 - R:localhost/127.0.0.1:25988]' for 'GET' to 'http://localhost:25988/session/6d971e1bad7e28cfe09513c877b334ae/screenshot'
18:43:25.786 [Forwarding screenshot on session 6d971e1bad7e28cfe09513c877b334ae to remote] DEBUG org.asynchttpclient.netty.request.NettyRequestSender - Using open Channel [id: 0xf9b37dac, L:/127.0.0.1:64716 - R:localhost/127.0.0.1:25988] for GET '/session/6d971e1bad7e28cfe09513c877b334ae/screenshot'
18:43:25.851 [AsyncHttpClient-1-11] DEBUG org.asynchttpclient.netty.handler.HttpHandler - 

Request DefaultFullHttpRequest(decodeResult: success, version: HTTP/1.1, content: EmptyByteBufBE)
GET /session/6d971e1bad7e28cfe09513c877b334ae/screenshot HTTP/1.1
User-Agent: selenium/4.8.1 (java windows)
Cache-Control: no-cache
Content-Type: application/json; charset=utf-8
host: localhost:25988
accept: */*

Response DefaultHttpResponse(decodeResult: success, version: HTTP/1.1)
HTTP/1.1 200 OK
Content-Length: 96608
Content-Type: application/json; charset=utf-8
cache-control: no-cache

18:43:25.851 [AsyncHttpClient-1-11] DEBUG org.asynchttpclient.netty.channel.ChannelManager - Adding key: http://localhost:25988 for channel [id: 0xf9b37dac, L:/127.0.0.1:64716 - R:localhost/127.0.0.1:25988]
18:43:25.854 [main] DEBUG net.serenitybdd.core.photography.Darkroom - Send negative for processing for target\site\serenity\122e58814d0fc629db23b4ff9ae0233e3316bf515077042bd85aa8163b0365ff.png
18:43:25.854 [main] DEBUG net.thucydides.core.steps.StepInterceptor - STEP DONE: validateOnHomePage
  &amp#27;[32mGiven &amp#27;[0m&amp#27;[32mI am on the home page&amp#27;[0m                         &amp#27;[90m# starter.stepDefinition.PurchaseNegSteps.onTheNonAccountHomePage()&amp#27;[0m
18:43:25.859 [Forwarding getPageSource on session 6d971e1bad7e28cfe09513c877b334ae to remote] DEBUG org.asynchttpclient.netty.request.NettyRequestSender - Using pooled Channel '[id: 0xf9b37dac, L:/127.0.0.1:64716 - R:localhost/127.0.0.1:25988]' for 'POST' to 'http://localhost:25988/session/6d971e1bad7e28cfe09513c877b334ae/execute/sync'
18:43:25.859 [Forwarding getPageSource on session 6d971e1bad7e28cfe09513c877b334ae to remote] DEBUG org.asynchttpclient.netty.request.NettyRequestSender - Using open Channel [id: 0xf9b37dac, L:/127.0.0.1:64716 - R:localhost/127.0.0.1:25988] for POST '/session/6d971e1bad7e28cfe09513c877b334ae/execute/sync'
18:43:25.893 [AsyncHttpClient-1-11] DEBUG org.asynchttpclient.netty.handler.HttpHandler - 

Request DefaultHttpRequest(decodeResult: success, version: HTTP/1.1)
POST /session/6d971e1bad7e28cfe09513c877b334ae/execute/sync HTTP/1.1
User-Agent: selenium/4.8.1 (java windows)
Content-Length: 176
Content-Type: application/json; charset=utf-8
host: localhost:25988
accept: */*

Response DefaultHttpResponse(decodeResult: success, version: HTTP/1.1)
HTTP/1.1 200 OK
Content-Length: 904358
Content-Type: application/json; charset=utf-8
cache-control: no-cache

18:43:25.894 [AsyncHttpClient-1-11] DEBUG org.asynchttpclient.netty.channel.ChannelManager - Adding key: http://localhost:25988 for channel [id: 0xf9b37dac, L:/127.0.0.1:64716 - R:localhost/127.0.0.1:25988]
18:43:25.928 [Forwarding getCurrentUrl on session 6d971e1bad7e28cfe09513c877b334ae to remote] DEBUG org.asynchttpclient.netty.request.NettyRequestSender - Using pooled Channel '[id: 0xf9b37dac, L:/127.0.0.1:64716 - R:localhost/127.0.0.1:25988]' for 'GET' to 'http://localhost:25988/session/6d971e1bad7e28cfe09513c877b334ae/url'
18:43:25.928 [Forwarding getCurrentUrl on session 6d971e1bad7e28cfe09513c877b334ae to remote] DEBUG org.asynchttpclient.netty.request.NettyRequestSender - Using open Channel [id: 0xf9b37dac, L:/127.0.0.1:64716 - R:localhost/127.0.0.1:25988] for GET '/session/6d971e1bad7e28cfe09513c877b334ae/url'
18:43:25.930 [AsyncHttpClient-1-11] DEBUG org.asynchttpclient.netty.handler.HttpHandler - 

Request DefaultFullHttpRequest(decodeResult: success, version: HTTP/1.1, content: EmptyByteBufBE)
GET /session/6d971e1bad7e28cfe09513c877b334ae/url HTTP/1.1
User-Agent: selenium/4.8.1 (java windows)
Cache-Control: no-cache
Content-Type: application/json; charset=utf-8
host: localhost:25988
accept: */*

Response DefaultHttpResponse(decodeResult: success, version: HTTP/1.1)
HTTP/1.1 200 OK
Content-Length: 41
Content-Type: application/json; charset=utf-8
cache-control: no-cache

18:43:25.931 [AsyncHttpClient-1-11] DEBUG org.asynchttpclient.netty.channel.ChannelManager - Adding key: http://localhost:25988 for channel [id: 0xf9b37dac, L:/127.0.0.1:64716 - R:localhost/127.0.0.1:25988]
18:43:25.937 [Forwarding getAlertText on session 6d971e1bad7e28cfe09513c877b334ae to remote] DEBUG org.asynchttpclient.netty.request.NettyRequestSender - Using pooled Channel '[id: 0xf9b37dac, L:/127.0.0.1:64716 - R:localhost/127.0.0.1:25988]' for 'GET' to 'http://localhost:25988/session/6d971e1bad7e28cfe09513c877b334ae/alert/text'
18:43:25.937 [Forwarding getAlertText on session 6d971e1bad7e28cfe09513c877b334ae to remote] DEBUG org.asynchttpclient.netty.request.NettyRequestSender - Using open Channel [id: 0xf9b37dac, L:/127.0.0.1:64716 - R:localhost/127.0.0.1:25988] for GET '/session/6d971e1bad7e28cfe09513c877b334ae/alert/text'
18:43:25.938 [AsyncHttpClient-1-11] DEBUG org.asynchttpclient.netty.handler.HttpHandler - 

Request DefaultFullHttpRequest(decodeResult: success, version: HTTP/1.1, content: EmptyByteBufBE)
GET /session/6d971e1bad7e28cfe09513c877b334ae/alert/text HTTP/1.1
User-Agent: selenium/4.8.1 (java windows)
Cache-Control: no-cache
Content-Type: application/json; charset=utf-8
host: localhost:25988
accept: */*

Response DefaultHttpResponse(decodeResult: success, version: HTTP/1.1)
HTTP/1.1 404 Not Found
Content-Length: 821
Content-Type: application/json; charset=utf-8
cache-control: no-cache

18:43:25.938 [AsyncHttpClient-1-11] DEBUG org.asynchttpclient.netty.channel.ChannelManager - Adding key: http://localhost:25988 for channel [id: 0xf9b37dac, L:/127.0.0.1:64716 - R:localhost/127.0.0.1:25988]
18:43:25.939 [Forwarding getCurrentUrl on session 6d971e1bad7e28cfe09513c877b334ae to remote] DEBUG org.asynchttpclient.netty.request.NettyRequestSender - Using pooled Channel '[id: 0xf9b37dac, L:/127.0.0.1:64716 - R:localhost/127.0.0.1:25988]' for 'GET' to 'http://localhost:25988/session/6d971e1bad7e28cfe09513c877b334ae/url'
18:43:25.939 [Forwarding getCurrentUrl on session 6d971e1bad7e28cfe09513c877b334ae to remote] DEBUG org.asynchttpclient.netty.request.NettyRequestSender - Using open Channel [id: 0xf9b37dac, L:/127.0.0.1:64716 - R:localhost/127.0.0.1:25988] for GET '/session/6d971e1bad7e28cfe09513c877b334ae/url'
18:43:25.940 [AsyncHttpClient-1-11] DEBUG org.asynchttpclient.netty.handler.HttpHandler - 

Request DefaultFullHttpRequest(decodeResult: success, version: HTTP/1.1, content: EmptyByteBufBE)
GET /session/6d971e1bad7e28cfe09513c877b334ae/url HTTP/1.1
User-Agent: selenium/4.8.1 (java windows)
Cache-Control: no-cache
Content-Type: application/json; charset=utf-8
host: localhost:25988
accept: */*

Response DefaultHttpResponse(decodeResult: success, version: HTTP/1.1)
HTTP/1.1 200 OK
Content-Length: 41
Content-Type: application/json; charset=utf-8
cache-control: no-cache

18:43:25.940 [AsyncHttpClient-1-11] DEBUG org.asynchttpclient.netty.channel.ChannelManager - Adding key: http://localhost:25988 for channel [id: 0xf9b37dac, L:/127.0.0.1:64716 - R:localhost/127.0.0.1:25988]
18:43:25.940 [Forwarding screenshot on session 6d971e1bad7e28cfe09513c877b334ae to remote] DEBUG org.asynchttpclient.netty.request.NettyRequestSender - Using pooled Channel '[id: 0xf9b37dac, L:/127.0.0.1:64716 - R:localhost/127.0.0.1:25988]' for 'GET' to 'http://localhost:25988/session/6d971e1bad7e28cfe09513c877b334ae/screenshot'
18:43:25.940 [Forwarding screenshot on session 6d971e1bad7e28cfe09513c877b334ae to remote] DEBUG org.asynchttpclient.netty.request.NettyRequestSender - Using open Channel [id: 0xf9b37dac, L:/127.0.0.1:64716 - R:localhost/127.0.0.1:25988] for GET '/session/6d971e1bad7e28cfe09513c877b334ae/screenshot'
18:43:26.013 [AsyncHttpClient-1-11] DEBUG org.asynchttpclient.netty.handler.HttpHandler - 

Request DefaultFullHttpRequest(decodeResult: success, version: HTTP/1.1, content: EmptyByteBufBE)
GET /session/6d971e1bad7e28cfe09513c877b334ae/screenshot HTTP/1.1
User-Agent: selenium/4.8.1 (java windows)
Cache-Control: no-cache
Content-Type: application/json; charset=utf-8
host: localhost:25988
accept: */*

Response DefaultHttpResponse(decodeResult: success, version: HTTP/1.1)
HTTP/1.1 200 OK
Content-Length: 96608
Content-Type: application/json; charset=utf-8
cache-control: no-cache

18:43:26.014 [AsyncHttpClient-1-11] DEBUG org.asynchttpclient.netty.channel.ChannelManager - Adding key: http://localhost:25988 for channel [id: 0xf9b37dac, L:/127.0.0.1:64716 - R:localhost/127.0.0.1:25988]
18:43:26.016 [main] DEBUG net.serenitybdd.core.photography.Darkroom - Send negative for processing for target\site\serenity\122e58814d0fc629db23b4ff9ae0233e3316bf515077042bd85aa8163b0365ff.png
18:43:26.017 [Forwarding getPageSource on session 6d971e1bad7e28cfe09513c877b334ae to remote] DEBUG org.asynchttpclient.netty.request.NettyRequestSender - Using pooled Channel '[id: 0xf9b37dac, L:/127.0.0.1:64716 - R:localhost/127.0.0.1:25988]' for 'POST' to 'http://localhost:25988/session/6d971e1bad7e28cfe09513c877b334ae/execute/sync'
18:43:26.017 [Forwarding getPageSource on session 6d971e1bad7e28cfe09513c877b334ae to remote] DEBUG org.asynchttpclient.netty.request.NettyRequestSender - Using open Channel [id: 0xf9b37dac, L:/127.0.0.1:64716 - R:localhost/127.0.0.1:25988] for POST '/session/6d971e1bad7e28cfe09513c877b334ae/execute/sync'
18:43:26.050 [AsyncHttpClient-1-11] DEBUG org.asynchttpclient.netty.handler.HttpHandler - 

Request DefaultHttpRequest(decodeResult: success, version: HTTP/1.1)
POST /session/6d971e1bad7e28cfe09513c877b334ae/execute/sync HTTP/1.1
User-Agent: selenium/4.8.1 (java windows)
Content-Length: 176
Content-Type: application/json; charset=utf-8
host: localhost:25988
accept: */*

Response DefaultHttpResponse(decodeResult: success, version: HTTP/1.1)
HTTP/1.1 200 OK
Content-Length: 904358
Content-Type: application/json; charset=utf-8
cache-control: no-cache

18:43:26.052 [AsyncHttpClient-1-11] DEBUG org.asynchttpclient.netty.channel.ChannelManager - Adding key: http://localhost:25988 for channel [id: 0xf9b37dac, L:/127.0.0.1:64716 - R:localhost/127.0.0.1:25988]
18:43:26.088 [Forwarding getCurrentUrl on session 6d971e1bad7e28cfe09513c877b334ae to remote] DEBUG org.asynchttpclient.netty.request.NettyRequestSender - Using pooled Channel '[id: 0xf9b37dac, L:/127.0.0.1:64716 - R:localhost/127.0.0.1:25988]' for 'GET' to 'http://localhost:25988/session/6d971e1bad7e28cfe09513c877b334ae/url'
18:43:26.088 [Forwarding getCurrentUrl on session 6d971e1bad7e28cfe09513c877b334ae to remote] DEBUG org.asynchttpclient.netty.request.NettyRequestSender - Using open Channel [id: 0xf9b37dac, L:/127.0.0.1:64716 - R:localhost/127.0.0.1:25988] for GET '/session/6d971e1bad7e28cfe09513c877b334ae/url'
18:43:26.092 [AsyncHttpClient-1-11] DEBUG org.asynchttpclient.netty.handler.HttpHandler - 

Request DefaultFullHttpRequest(decodeResult: success, version: HTTP/1.1, content: EmptyByteBufBE)
GET /session/6d971e1bad7e28cfe09513c877b334ae/url HTTP/1.1
User-Agent: selenium/4.8.1 (java windows)
Cache-Control: no-cache
Content-Type: application/json; charset=utf-8
host: localhost:25988
accept: */*

Response DefaultHttpResponse(decodeResult: success, version: HTTP/1.1)
HTTP/1.1 200 OK
Content-Length: 41
Content-Type: application/json; charset=utf-8
cache-control: no-cache

18:43:26.092 [AsyncHttpClient-1-11] DEBUG org.asynchttpclient.netty.channel.ChannelManager - Adding key: http://localhost:25988 for channel [id: 0xf9b37dac, L:/127.0.0.1:64716 - R:localhost/127.0.0.1:25988]
18:43:26.095 [main] DEBUG net.thucydides.core.steps.StepInterceptor - STARTING STEP: PurchaseNegSteps.clickLoginHomeButton - clickLoginHomeButton
18:43:26.096 [Forwarding findElement on session 6d971e1bad7e28cfe09513c877b334ae to remote] DEBUG org.asynchttpclient.netty.request.NettyRequestSender - Using pooled Channel '[id: 0xf9b37dac, L:/127.0.0.1:64716 - R:localhost/127.0.0.1:25988]' for 'POST' to 'http://localhost:25988/session/6d971e1bad7e28cfe09513c877b334ae/element'
18:43:26.096 [Forwarding findElement on session 6d971e1bad7e28cfe09513c877b334ae to remote] DEBUG org.asynchttpclient.netty.request.NettyRequestSender - Using open Channel [id: 0xf9b37dac, L:/127.0.0.1:64716 - R:localhost/127.0.0.1:25988] for POST '/session/6d971e1bad7e28cfe09513c877b334ae/element'
18:43:26.104 [AsyncHttpClient-1-11] DEBUG org.asynchttpclient.netty.handler.HttpHandler - 

Request DefaultHttpRequest(decodeResult: success, version: HTTP/1.1)
POST /session/6d971e1bad7e28cfe09513c877b334ae/element HTTP/1.1
User-Agent: selenium/4.8.1 (java windows)
Content-Length: 208
Content-Type: application/json; charset=utf-8
host: localhost:25988
accept: */*

Response DefaultHttpResponse(decodeResult: success, version: HTTP/1.1)
HTTP/1.1 200 OK
Content-Length: 88
Content-Type: application/json; charset=utf-8
cache-control: no-cache

18:43:26.104 [AsyncHttpClient-1-11] DEBUG org.asynchttpclient.netty.channel.ChannelManager - Adding key: http://localhost:25988 for channel [id: 0xf9b37dac, L:/127.0.0.1:64716 - R:localhost/127.0.0.1:25988]
18:43:26.105 [Forwarding getElementTagName on session 6d971e1bad7e28cfe09513c877b334ae to remote] DEBUG org.asynchttpclient.netty.request.NettyRequestSender - Using pooled Channel '[id: 0xf9b37dac, L:/127.0.0.1:64716 - R:localhost/127.0.0.1:25988]' for 'GET' to 'http://localhost:25988/session/6d971e1bad7e28cfe09513c877b334ae/element/bcdd2903-5a9a-46f1-8f39-cf1d166c6786/name'
18:43:26.105 [Forwarding getElementTagName on session 6d971e1bad7e28cfe09513c877b334ae to remote] DEBUG org.asynchttpclient.netty.request.NettyRequestSender - Using open Channel [id: 0xf9b37dac, L:/127.0.0.1:64716 - R:localhost/127.0.0.1:25988] for GET '/session/6d971e1bad7e28cfe09513c877b334ae/element/bcdd2903-5a9a-46f1-8f39-cf1d166c6786/name'
18:43:26.107 [AsyncHttpClient-1-11] DEBUG org.asynchttpclient.netty.handler.HttpHandler - 

Request DefaultFullHttpRequest(decodeResult: success, version: HTTP/1.1, content: EmptyByteBufBE)
GET /session/6d971e1bad7e28cfe09513c877b334ae/element/bcdd2903-5a9a-46f1-8f39-cf1d166c6786/name HTTP/1.1
User-Agent: selenium/4.8.1 (java windows)
Cache-Control: no-cache
Content-Type: application/json; charset=utf-8
host: localhost:25988
accept: */*

Response DefaultHttpResponse(decodeResult: success, version: HTTP/1.1)
HTTP/1.1 200 OK
Content-Length: 16
Content-Type: application/json; charset=utf-8
cache-control: no-cache

18:43:26.107 [AsyncHttpClient-1-11] DEBUG org.asynchttpclient.netty.channel.ChannelManager - Adding key: http://localhost:25988 for channel [id: 0xf9b37dac, L:/127.0.0.1:64716 - R:localhost/127.0.0.1:25988]
18:43:26.107 [Forwarding getElementTagName on session 6d971e1bad7e28cfe09513c877b334ae to remote] DEBUG org.asynchttpclient.netty.request.NettyRequestSender - Using pooled Channel '[id: 0xf9b37dac, L:/127.0.0.1:64716 - R:localhost/127.0.0.1:25988]' for 'GET' to 'http://localhost:25988/session/6d971e1bad7e28cfe09513c877b334ae/element/bcdd2903-5a9a-46f1-8f39-cf1d166c6786/name'
18:43:26.108 [Forwarding getElementTagName on session 6d971e1bad7e28cfe09513c877b334ae to remote] DEBUG org.asynchttpclient.netty.request.NettyRequestSender - Using open Channel [id: 0xf9b37dac, L:/127.0.0.1:64716 - R:localhost/127.0.0.1:25988] for GET '/session/6d971e1bad7e28cfe09513c877b334ae/element/bcdd2903-5a9a-46f1-8f39-cf1d166c6786/name'
18:43:26.109 [AsyncHttpClient-1-11] DEBUG org.asynchttpclient.netty.handler.HttpHandler - 

Request DefaultFullHttpRequest(decodeResult: success, version: HTTP/1.1, content: EmptyByteBufBE)
GET /session/6d971e1bad7e28cfe09513c877b334ae/element/bcdd2903-5a9a-46f1-8f39-cf1d166c6786/name HTTP/1.1
User-Agent: selenium/4.8.1 (java windows)
Cache-Control: no-cache
Content-Type: application/json; charset=utf-8
host: localhost:25988
accept: */*

Response DefaultHttpResponse(decodeResult: success, version: HTTP/1.1)
HTTP/1.1 200 OK
Content-Length: 16
Content-Type: application/json; charset=utf-8
cache-control: no-cache

18:43:26.109 [AsyncHttpClient-1-11] DEBUG org.asynchttpclient.netty.channel.ChannelManager - Adding key: http://localhost:25988 for channel [id: 0xf9b37dac, L:/127.0.0.1:64716 - R:localhost/127.0.0.1:25988]
18:43:26.110 [Forwarding findElement on session 6d971e1bad7e28cfe09513c877b334ae to remote] DEBUG org.asynchttpclient.netty.request.NettyRequestSender - Using pooled Channel '[id: 0xf9b37dac, L:/127.0.0.1:64716 - R:localhost/127.0.0.1:25988]' for 'POST' to 'http://localhost:25988/session/6d971e1bad7e28cfe09513c877b334ae/element'
18:43:26.110 [Forwarding findElement on session 6d971e1bad7e28cfe09513c877b334ae to remote] DEBUG org.asynchttpclient.netty.request.NettyRequestSender - Using open Channel [id: 0xf9b37dac, L:/127.0.0.1:64716 - R:localhost/127.0.0.1:25988] for POST '/session/6d971e1bad7e28cfe09513c877b334ae/element'
18:43:26.116 [AsyncHttpClient-1-11] DEBUG org.asynchttpclient.netty.handler.HttpHandler - 

Request DefaultHttpRequest(decodeResult: success, version: HTTP/1.1)
POST /session/6d971e1bad7e28cfe09513c877b334ae/element HTTP/1.1
User-Agent: selenium/4.8.1 (java windows)
Content-Length: 208
Content-Type: application/json; charset=utf-8
host: localhost:25988
accept: */*

Response DefaultHttpResponse(decodeResult: success, version: HTTP/1.1)
HTTP/1.1 200 OK
Content-Length: 88
Content-Type: application/json; charset=utf-8
cache-control: no-cache

18:43:26.117 [AsyncHttpClient-1-11] DEBUG org.asynchttpclient.netty.channel.ChannelManager - Adding key: http://localhost:25988 for channel [id: 0xf9b37dac, L:/127.0.0.1:64716 - R:localhost/127.0.0.1:25988]
18:43:26.117 [Forwarding clickElement on session 6d971e1bad7e28cfe09513c877b334ae to remote] DEBUG org.asynchttpclient.netty.request.NettyRequestSender - Using pooled Channel '[id: 0xf9b37dac, L:/127.0.0.1:64716 - R:localhost/127.0.0.1:25988]' for 'POST' to 'http://localhost:25988/session/6d971e1bad7e28cfe09513c877b334ae/element/bcdd2903-5a9a-46f1-8f39-cf1d166c6786/click'
18:43:26.117 [Forwarding clickElement on session 6d971e1bad7e28cfe09513c877b334ae to remote] DEBUG org.asynchttpclient.netty.request.NettyRequestSender - Using open Channel [id: 0xf9b37dac, L:/127.0.0.1:64716 - R:localhost/127.0.0.1:25988] for POST '/session/6d971e1bad7e28cfe09513c877b334ae/element/bcdd2903-5a9a-46f1-8f39-cf1d166c6786/click'
18:43:26.188 [AsyncHttpClient-1-11] DEBUG org.asynchttpclient.netty.handler.HttpHandler - 

Request DefaultHttpRequest(decodeResult: success, version: HTTP/1.1)
POST /session/6d971e1bad7e28cfe09513c877b334ae/element/bcdd2903-5a9a-46f1-8f39-cf1d166c6786/click HTTP/1.1
User-Agent: selenium/4.8.1 (java windows)
Content-Length: 50
Content-Type: application/json; charset=utf-8
host: localhost:25988
accept: */*

Response DefaultHttpResponse(decodeResult: success, version: HTTP/1.1)
HTTP/1.1 200 OK
Content-Length: 14
Content-Type: application/json; charset=utf-8
cache-control: no-cache

18:43:26.189 [AsyncHttpClient-1-11] DEBUG org.asynchttpclient.netty.channel.ChannelManager - Adding key: http://localhost:25988 for channel [id: 0xf9b37dac, L:/127.0.0.1:64716 - R:localhost/127.0.0.1:25988]
18:43:26.193 [Forwarding getAlertText on session 6d971e1bad7e28cfe09513c877b334ae to remote] DEBUG org.asynchttpclient.netty.request.NettyRequestSender - Using pooled Channel '[id: 0xf9b37dac, L:/127.0.0.1:64716 - R:localhost/127.0.0.1:25988]' for 'GET' to 'http://localhost:25988/session/6d971e1bad7e28cfe09513c877b334ae/alert/text'
18:43:26.193 [Forwarding getAlertText on session 6d971e1bad7e28cfe09513c877b334ae to remote] DEBUG org.asynchttpclient.netty.request.NettyRequestSender - Using open Channel [id: 0xf9b37dac, L:/127.0.0.1:64716 - R:localhost/127.0.0.1:25988] for GET '/session/6d971e1bad7e28cfe09513c877b334ae/alert/text'
18:43:26.193 [AsyncHttpClient-1-11] DEBUG org.asynchttpclient.netty.handler.HttpHandler - 

Request DefaultFullHttpRequest(decodeResult: success, version: HTTP/1.1, content: EmptyByteBufBE)
GET /session/6d971e1bad7e28cfe09513c877b334ae/alert/text HTTP/1.1
User-Agent: selenium/4.8.1 (java windows)
Cache-Control: no-cache
Content-Type: application/json; charset=utf-8
host: localhost:25988
accept: */*

Response DefaultHttpResponse(decodeResult: success, version: HTTP/1.1)
HTTP/1.1 404 Not Found
Content-Length: 821
Content-Type: application/json; charset=utf-8
cache-control: no-cache

18:43:26.194 [AsyncHttpClient-1-11] DEBUG org.asynchttpclient.netty.channel.ChannelManager - Adding key: http://localhost:25988 for channel [id: 0xf9b37dac, L:/127.0.0.1:64716 - R:localhost/127.0.0.1:25988]
18:43:26.195 [Forwarding getCurrentUrl on session 6d971e1bad7e28cfe09513c877b334ae to remote] DEBUG org.asynchttpclient.netty.request.NettyRequestSender - Using pooled Channel '[id: 0xf9b37dac, L:/127.0.0.1:64716 - R:localhost/127.0.0.1:25988]' for 'GET' to 'http://localhost:25988/session/6d971e1bad7e28cfe09513c877b334ae/url'
18:43:26.195 [Forwarding getCurrentUrl on session 6d971e1bad7e28cfe09513c877b334ae to remote] DEBUG org.asynchttpclient.netty.request.NettyRequestSender - Using open Channel [id: 0xf9b37dac, L:/127.0.0.1:64716 - R:localhost/127.0.0.1:25988] for GET '/session/6d971e1bad7e28cfe09513c877b334ae/url'
18:43:26.200 [AsyncHttpClient-1-11] DEBUG org.asynchttpclient.netty.handler.HttpHandler - 

Request DefaultFullHttpRequest(decodeResult: success, version: HTTP/1.1, content: EmptyByteBufBE)
GET /session/6d971e1bad7e28cfe09513c877b334ae/url HTTP/1.1
User-Agent: selenium/4.8.1 (java windows)
Cache-Control: no-cache
Content-Type: application/json; charset=utf-8
host: localhost:25988
accept: */*

Response DefaultHttpResponse(decodeResult: success, version: HTTP/1.1)
HTTP/1.1 200 OK
Content-Length: 41
Content-Type: application/json; charset=utf-8
cache-control: no-cache

18:43:26.200 [AsyncHttpClient-1-11] DEBUG org.asynchttpclient.netty.channel.ChannelManager - Adding key: http://localhost:25988 for channel [id: 0xf9b37dac, L:/127.0.0.1:64716 - R:localhost/127.0.0.1:25988]
18:43:26.201 [Forwarding screenshot on session 6d971e1bad7e28cfe09513c877b334ae to remote] DEBUG org.asynchttpclient.netty.request.NettyRequestSender - Using pooled Channel '[id: 0xf9b37dac, L:/127.0.0.1:64716 - R:localhost/127.0.0.1:25988]' for 'GET' to 'http://localhost:25988/session/6d971e1bad7e28cfe09513c877b334ae/screenshot'
18:43:26.201 [Forwarding screenshot on session 6d971e1bad7e28cfe09513c877b334ae to remote] DEBUG org.asynchttpclient.netty.request.NettyRequestSender - Using open Channel [id: 0xf9b37dac, L:/127.0.0.1:64716 - R:localhost/127.0.0.1:25988] for GET '/session/6d971e1bad7e28cfe09513c877b334ae/screenshot'
18:43:26.295 [AsyncHttpClient-1-11] DEBUG org.asynchttpclient.netty.handler.HttpHandler - 

Request DefaultFullHttpRequest(decodeResult: success, version: HTTP/1.1, content: EmptyByteBufBE)
GET /session/6d971e1bad7e28cfe09513c877b334ae/screenshot HTTP/1.1
User-Agent: selenium/4.8.1 (java windows)
Cache-Control: no-cache
Content-Type: application/json; charset=utf-8
host: localhost:25988
accept: */*

Response DefaultHttpResponse(decodeResult: success, version: HTTP/1.1)
HTTP/1.1 200 OK
Content-Length: 98524
Content-Type: application/json; charset=utf-8
cache-control: no-cache

18:43:26.295 [AsyncHttpClient-1-11] DEBUG org.asynchttpclient.netty.channel.ChannelManager - Adding key: http://localhost:25988 for channel [id: 0xf9b37dac, L:/127.0.0.1:64716 - R:localhost/127.0.0.1:25988]
18:43:26.296 [main] DEBUG net.serenitybdd.core.photography.Darkroom - Send negative for processing for target\site\serenity\fe9af3889eb1dccd8762be18428ddf7ddc266166219efbff35b49c399210d49c.png
18:43:26.296 [main] DEBUG net.thucydides.core.steps.StepInterceptor - STEP DONE: clickLoginHomeButton
  &amp#27;[32mWhen &amp#27;[0m&amp#27;[32mI click beli button in one of many products&amp#27;[0m    &amp#27;[90m# starter.stepDefinition.PurchaseNegSteps.clickLoginHomeButton()&amp#27;[0m
18:43:26.296 [Darkroom Processing Line] DEBUG net.serenitybdd.core.photography.DarkroomProcessingLine - Processing screenshot image in /var/screenshots/screenshot-4583894264984082850
18:43:26.296 [Darkroom Processing Line] DEBUG net.serenitybdd.core.photography.DarkroomProcessingLine - Saving screenshot to target\site\serenity\fe9af3889eb1dccd8762be18428ddf7ddc266166219efbff35b49c399210d49c.png
18:43:26.302 [Forwarding getPageSource on session 6d971e1bad7e28cfe09513c877b334ae to remote] DEBUG org.asynchttpclient.netty.request.NettyRequestSender - Using pooled Channel '[id: 0xf9b37dac, L:/127.0.0.1:64716 - R:localhost/127.0.0.1:25988]' for 'POST' to 'http://localhost:25988/session/6d971e1bad7e28cfe09513c877b334ae/execute/sync'
18:43:26.302 [Forwarding getPageSource on session 6d971e1bad7e28cfe09513c877b334ae to remote] DEBUG org.asynchttpclient.netty.request.NettyRequestSender - Using open Channel [id: 0xf9b37dac, L:/127.0.0.1:64716 - R:localhost/127.0.0.1:25988] for POST '/session/6d971e1bad7e28cfe09513c877b334ae/execute/sync'
18:43:26.339 [AsyncHttpClient-1-11] DEBUG org.asynchttpclient.netty.handler.HttpHandler - 

Request DefaultHttpRequest(decodeResult: success, version: HTTP/1.1)
POST /session/6d971e1bad7e28cfe09513c877b334ae/execute/sync HTTP/1.1
User-Agent: selenium/4.8.1 (java windows)
Content-Length: 176
Content-Type: application/json; charset=utf-8
host: localhost:25988
accept: */*

Response DefaultHttpResponse(decodeResult: success, version: HTTP/1.1)
HTTP/1.1 200 OK
Content-Length: 904744
Content-Type: application/json; charset=utf-8
cache-control: no-cache

18:43:26.341 [AsyncHttpClient-1-11] DEBUG org.asynchttpclient.netty.channel.ChannelManager - Adding key: http://localhost:25988 for channel [id: 0xf9b37dac, L:/127.0.0.1:64716 - R:localhost/127.0.0.1:25988]
18:43:26.377 [Forwarding getCurrentUrl on session 6d971e1bad7e28cfe09513c877b334ae to remote] DEBUG org.asynchttpclient.netty.request.NettyRequestSender - Using pooled Channel '[id: 0xf9b37dac, L:/127.0.0.1:64716 - R:localhost/127.0.0.1:25988]' for 'GET' to 'http://localhost:25988/session/6d971e1bad7e28cfe09513c877b334ae/url'
18:43:26.377 [Forwarding getCurrentUrl on session 6d971e1bad7e28cfe09513c877b334ae to remote] DEBUG org.asynchttpclient.netty.request.NettyRequestSender - Using open Channel [id: 0xf9b37dac, L:/127.0.0.1:64716 - R:localhost/127.0.0.1:25988] for GET '/session/6d971e1bad7e28cfe09513c877b334ae/url'
18:43:26.385 [AsyncHttpClient-1-1] DEBUG org.asynchttpclient.netty.channel.DefaultChannelPool - Entry count for : http://localhost:64717 : 1
18:43:26.393 [AsyncHttpClient-1-11] DEBUG org.asynchttpclient.netty.handler.HttpHandler - 

Request DefaultFullHttpRequest(decodeResult: success, version: HTTP/1.1, content: EmptyByteBufBE)
GET /session/6d971e1bad7e28cfe09513c877b334ae/url HTTP/1.1
User-Agent: selenium/4.8.1 (java windows)
Cache-Control: no-cache
Content-Type: application/json; charset=utf-8
host: localhost:25988
accept: */*

Response DefaultHttpResponse(decodeResult: success, version: HTTP/1.1)
HTTP/1.1 200 OK
Content-Length: 41
Content-Type: application/json; charset=utf-8
cache-control: no-cache

18:43:26.393 [AsyncHttpClient-1-11] DEBUG org.asynchttpclient.netty.channel.ChannelManager - Adding key: http://localhost:25988 for channel [id: 0xf9b37dac, L:/127.0.0.1:64716 - R:localhost/127.0.0.1:25988]
18:43:26.406 [Forwarding getAlertText on session 6d971e1bad7e28cfe09513c877b334ae to remote] DEBUG org.asynchttpclient.netty.request.NettyRequestSender - Using pooled Channel '[id: 0xf9b37dac, L:/127.0.0.1:64716 - R:localhost/127.0.0.1:25988]' for 'GET' to 'http://localhost:25988/session/6d971e1bad7e28cfe09513c877b334ae/alert/text'
18:43:26.406 [Forwarding getAlertText on session 6d971e1bad7e28cfe09513c877b334ae to remote] DEBUG org.asynchttpclient.netty.request.NettyRequestSender - Using open Channel [id: 0xf9b37dac, L:/127.0.0.1:64716 - R:localhost/127.0.0.1:25988] for GET '/session/6d971e1bad7e28cfe09513c877b334ae/alert/text'
18:43:26.409 [AsyncHttpClient-1-11] DEBUG org.asynchttpclient.netty.handler.HttpHandler - 

Request DefaultFullHttpRequest(decodeResult: success, version: HTTP/1.1, content: EmptyByteBufBE)
GET /session/6d971e1bad7e28cfe09513c877b334ae/alert/text HTTP/1.1
User-Agent: selenium/4.8.1 (java windows)
Cache-Control: no-cache
Content-Type: application/json; charset=utf-8
host: localhost:25988
accept: */*

Response DefaultHttpResponse(decodeResult: success, version: HTTP/1.1)
HTTP/1.1 404 Not Found
Content-Length: 821
Content-Type: application/json; charset=utf-8
cache-control: no-cache

18:43:26.409 [AsyncHttpClient-1-11] DEBUG org.asynchttpclient.netty.channel.ChannelManager - Adding key: http://localhost:25988 for channel [id: 0xf9b37dac, L:/127.0.0.1:64716 - R:localhost/127.0.0.1:25988]
18:43:26.409 [Forwarding getCurrentUrl on session 6d971e1bad7e28cfe09513c877b334ae to remote] DEBUG org.asynchttpclient.netty.request.NettyRequestSender - Using pooled Channel '[id: 0xf9b37dac, L:/127.0.0.1:64716 - R:localhost/127.0.0.1:25988]' for 'GET' to 'http://localhost:25988/session/6d971e1bad7e28cfe09513c877b334ae/url'
18:43:26.410 [Forwarding getCurrentUrl on session 6d971e1bad7e28cfe09513c877b334ae to remote] DEBUG org.asynchttpclient.netty.request.NettyRequestSender - Using open Channel [id: 0xf9b37dac, L:/127.0.0.1:64716 - R:localhost/127.0.0.1:25988] for GET '/session/6d971e1bad7e28cfe09513c877b334ae/url'
18:43:26.412 [AsyncHttpClient-1-11] DEBUG org.asynchttpclient.netty.handler.HttpHandler - 

Request DefaultFullHttpRequest(decodeResult: success, version: HTTP/1.1, content: EmptyByteBufBE)
GET /session/6d971e1bad7e28cfe09513c877b334ae/url HTTP/1.1
User-Agent: selenium/4.8.1 (java windows)
Cache-Control: no-cache
Content-Type: application/json; charset=utf-8
host: localhost:25988
accept: */*

Response DefaultHttpResponse(decodeResult: success, version: HTTP/1.1)
HTTP/1.1 200 OK
Content-Length: 41
Content-Type: application/json; charset=utf-8
cache-control: no-cache

18:43:26.412 [AsyncHttpClient-1-11] DEBUG org.asynchttpclient.netty.channel.ChannelManager - Adding key: http://localhost:25988 for channel [id: 0xf9b37dac, L:/127.0.0.1:64716 - R:localhost/127.0.0.1:25988]
18:43:26.412 [Forwarding screenshot on session 6d971e1bad7e28cfe09513c877b334ae to remote] DEBUG org.asynchttpclient.netty.request.NettyRequestSender - Using pooled Channel '[id: 0xf9b37dac, L:/127.0.0.1:64716 - R:localhost/127.0.0.1:25988]' for 'GET' to 'http://localhost:25988/session/6d971e1bad7e28cfe09513c877b334ae/screenshot'
18:43:26.412 [Forwarding screenshot on session 6d971e1bad7e28cfe09513c877b334ae to remote] DEBUG org.asynchttpclient.netty.request.NettyRequestSender - Using open Channel [id: 0xf9b37dac, L:/127.0.0.1:64716 - R:localhost/127.0.0.1:25988] for GET '/session/6d971e1bad7e28cfe09513c877b334ae/screenshot'
18:43:26.517 [AsyncHttpClient-1-11] DEBUG org.asynchttpclient.netty.handler.HttpHandler - 

Request DefaultFullHttpRequest(decodeResult: success, version: HTTP/1.1, content: EmptyByteBufBE)
GET /session/6d971e1bad7e28cfe09513c877b334ae/screenshot HTTP/1.1
User-Agent: selenium/4.8.1 (java windows)
Cache-Control: no-cache
Content-Type: application/json; charset=utf-8
host: localhost:25988
accept: */*

Response DefaultHttpResponse(decodeResult: success, version: HTTP/1.1)
HTTP/1.1 200 OK
Content-Length: 98256
Content-Type: application/json; charset=utf-8
cache-control: no-cache

18:43:26.517 [AsyncHttpClient-1-11] DEBUG org.asynchttpclient.netty.channel.ChannelManager - Adding key: http://localhost:25988 for channel [id: 0xf9b37dac, L:/127.0.0.1:64716 - R:localhost/127.0.0.1:25988]
18:43:26.519 [main] DEBUG net.serenitybdd.core.photography.Darkroom - Send negative for processing for target\site\serenity\e33a251a4d45ff594434aaa57af2c416a9cd8b39168c43c8c9a4053a52ffca46.png
18:43:26.520 [Darkroom Processing Line] DEBUG net.serenitybdd.core.photography.DarkroomProcessingLine - Processing screenshot image in /var/screenshots/screenshot-11014180742140601737
18:43:26.520 [Darkroom Processing Line] DEBUG net.serenitybdd.core.photography.DarkroomProcessingLine - Saving screenshot to target\site\serenity\e33a251a4d45ff594434aaa57af2c416a9cd8b39168c43c8c9a4053a52ffca46.png
18:43:26.522 [Forwarding getPageSource on session 6d971e1bad7e28cfe09513c877b334ae to remote] DEBUG org.asynchttpclient.netty.request.NettyRequestSender - Using pooled Channel '[id: 0xf9b37dac, L:/127.0.0.1:64716 - R:localhost/127.0.0.1:25988]' for 'POST' to 'http://localhost:25988/session/6d971e1bad7e28cfe09513c877b334ae/execute/sync'
18:43:26.523 [Forwarding getPageSource on session 6d971e1bad7e28cfe09513c877b334ae to remote] DEBUG org.asynchttpclient.netty.request.NettyRequestSender - Using open Channel [id: 0xf9b37dac, L:/127.0.0.1:64716 - R:localhost/127.0.0.1:25988] for POST '/session/6d971e1bad7e28cfe09513c877b334ae/execute/sync'
18:43:26.563 [AsyncHttpClient-1-11] DEBUG org.asynchttpclient.netty.handler.HttpHandler - 

Request DefaultHttpRequest(decodeResult: success, version: HTTP/1.1)
POST /session/6d971e1bad7e28cfe09513c877b334ae/execute/sync HTTP/1.1
User-Agent: selenium/4.8.1 (java windows)
Content-Length: 176
Content-Type: application/json; charset=utf-8
host: localhost:25988
accept: */*

Response DefaultHttpResponse(decodeResult: success, version: HTTP/1.1)
HTTP/1.1 200 OK
Content-Length: 904675
Content-Type: application/json; charset=utf-8
cache-control: no-cache

18:43:26.564 [AsyncHttpClient-1-11] DEBUG org.asynchttpclient.netty.channel.ChannelManager - Adding key: http://localhost:25988 for channel [id: 0xf9b37dac, L:/127.0.0.1:64716 - R:localhost/127.0.0.1:25988]
18:43:26.605 [Forwarding getCurrentUrl on session 6d971e1bad7e28cfe09513c877b334ae to remote] DEBUG org.asynchttpclient.netty.request.NettyRequestSender - Using pooled Channel '[id: 0xf9b37dac, L:/127.0.0.1:64716 - R:localhost/127.0.0.1:25988]' for 'GET' to 'http://localhost:25988/session/6d971e1bad7e28cfe09513c877b334ae/url'
18:43:26.605 [Forwarding getCurrentUrl on session 6d971e1bad7e28cfe09513c877b334ae to remote] DEBUG org.asynchttpclient.netty.request.NettyRequestSender - Using open Channel [id: 0xf9b37dac, L:/127.0.0.1:64716 - R:localhost/127.0.0.1:25988] for GET '/session/6d971e1bad7e28cfe09513c877b334ae/url'
18:43:26.609 [AsyncHttpClient-1-11] DEBUG org.asynchttpclient.netty.handler.HttpHandler - 

Request DefaultFullHttpRequest(decodeResult: success, version: HTTP/1.1, content: EmptyByteBufBE)
GET /session/6d971e1bad7e28cfe09513c877b334ae/url HTTP/1.1
User-Agent: selenium/4.8.1 (java windows)
Cache-Control: no-cache
Content-Type: application/json; charset=utf-8
host: localhost:25988
accept: */*

Response DefaultHttpResponse(decodeResult: success, version: HTTP/1.1)
HTTP/1.1 200 OK
Content-Length: 41
Content-Type: application/json; charset=utf-8
cache-control: no-cache

18:43:26.609 [AsyncHttpClient-1-11] DEBUG org.asynchttpclient.netty.channel.ChannelManager - Adding key: http://localhost:25988 for channel [id: 0xf9b37dac, L:/127.0.0.1:64716 - R:localhost/127.0.0.1:25988]
18:43:26.613 [main] DEBUG net.thucydides.core.steps.StepInterceptor - STARTING STEP: PurchaseNegSteps.clickCartIcon - clickCartIcon
18:43:26.615 [Forwarding findElement on session 6d971e1bad7e28cfe09513c877b334ae to remote] DEBUG org.asynchttpclient.netty.request.NettyRequestSender - Using pooled Channel '[id: 0xf9b37dac, L:/127.0.0.1:64716 - R:localhost/127.0.0.1:25988]' for 'POST' to 'http://localhost:25988/session/6d971e1bad7e28cfe09513c877b334ae/element'
18:43:26.615 [Forwarding findElement on session 6d971e1bad7e28cfe09513c877b334ae to remote] DEBUG org.asynchttpclient.netty.request.NettyRequestSender - Using open Channel [id: 0xf9b37dac, L:/127.0.0.1:64716 - R:localhost/127.0.0.1:25988] for POST '/session/6d971e1bad7e28cfe09513c877b334ae/element'
18:43:26.626 [AsyncHttpClient-1-11] DEBUG org.asynchttpclient.netty.handler.HttpHandler - 

Request DefaultHttpRequest(decodeResult: success, version: HTTP/1.1)
POST /session/6d971e1bad7e28cfe09513c877b334ae/element HTTP/1.1
User-Agent: selenium/4.8.1 (java windows)
Content-Length: 209
Content-Type: application/json; charset=utf-8
host: localhost:25988
accept: */*

Response DefaultHttpResponse(decodeResult: success, version: HTTP/1.1)
HTTP/1.1 200 OK
Content-Length: 88
Content-Type: application/json; charset=utf-8
cache-control: no-cache

18:43:26.626 [AsyncHttpClient-1-11] DEBUG org.asynchttpclient.netty.channel.ChannelManager - Adding key: http://localhost:25988 for channel [id: 0xf9b37dac, L:/127.0.0.1:64716 - R:localhost/127.0.0.1:25988]
18:43:26.627 [Forwarding getElementTagName on session 6d971e1bad7e28cfe09513c877b334ae to remote] DEBUG org.asynchttpclient.netty.request.NettyRequestSender - Using pooled Channel '[id: 0xf9b37dac, L:/127.0.0.1:64716 - R:localhost/127.0.0.1:25988]' for 'GET' to 'http://localhost:25988/session/6d971e1bad7e28cfe09513c877b334ae/element/088fca4c-0304-4590-a132-332fd682d84e/name'
18:43:26.627 [Forwarding getElementTagName on session 6d971e1bad7e28cfe09513c877b334ae to remote] DEBUG org.asynchttpclient.netty.request.NettyRequestSender - Using open Channel [id: 0xf9b37dac, L:/127.0.0.1:64716 - R:localhost/127.0.0.1:25988] for GET '/session/6d971e1bad7e28cfe09513c877b334ae/element/088fca4c-0304-4590-a132-332fd682d84e/name'
18:43:26.629 [AsyncHttpClient-1-11] DEBUG org.asynchttpclient.netty.handler.HttpHandler - 

Request DefaultFullHttpRequest(decodeResult: success, version: HTTP/1.1, content: EmptyByteBufBE)
GET /session/6d971e1bad7e28cfe09513c877b334ae/element/088fca4c-0304-4590-a132-332fd682d84e/name HTTP/1.1
User-Agent: selenium/4.8.1 (java windows)
Cache-Control: no-cache
Content-Type: application/json; charset=utf-8
host: localhost:25988
accept: */*

Response DefaultHttpResponse(decodeResult: success, version: HTTP/1.1)
HTTP/1.1 200 OK
Content-Length: 13
Content-Type: application/json; charset=utf-8
cache-control: no-cache

18:43:26.629 [AsyncHttpClient-1-11] DEBUG org.asynchttpclient.netty.channel.ChannelManager - Adding key: http://localhost:25988 for channel [id: 0xf9b37dac, L:/127.0.0.1:64716 - R:localhost/127.0.0.1:25988]
18:43:26.632 [Forwarding getElementTagName on session 6d971e1bad7e28cfe09513c877b334ae to remote] DEBUG org.asynchttpclient.netty.request.NettyRequestSender - Using pooled Channel '[id: 0xf9b37dac, L:/127.0.0.1:64716 - R:localhost/127.0.0.1:25988]' for 'GET' to 'http://localhost:25988/session/6d971e1bad7e28cfe09513c877b334ae/element/088fca4c-0304-4590-a132-332fd682d84e/name'
18:43:26.632 [Forwarding getElementTagName on session 6d971e1bad7e28cfe09513c877b334ae to remote] DEBUG org.asynchttpclient.netty.request.NettyRequestSender - Using open Channel [id: 0xf9b37dac, L:/127.0.0.1:64716 - R:localhost/127.0.0.1:25988] for GET '/session/6d971e1bad7e28cfe09513c877b334ae/element/088fca4c-0304-4590-a132-332fd682d84e/name'
18:43:26.636 [AsyncHttpClient-1-11] DEBUG org.asynchttpclient.netty.handler.HttpHandler - 

Request DefaultFullHttpRequest(decodeResult: success, version: HTTP/1.1, content: EmptyByteBufBE)
GET /session/6d971e1bad7e28cfe09513c877b334ae/element/088fca4c-0304-4590-a132-332fd682d84e/name HTTP/1.1
User-Agent: selenium/4.8.1 (java windows)
Cache-Control: no-cache
Content-Type: application/json; charset=utf-8
host: localhost:25988
accept: */*

Response DefaultHttpResponse(decodeResult: success, version: HTTP/1.1)
HTTP/1.1 200 OK
Content-Length: 13
Content-Type: application/json; charset=utf-8
cache-control: no-cache

18:43:26.636 [AsyncHttpClient-1-11] DEBUG org.asynchttpclient.netty.channel.ChannelManager - Adding key: http://localhost:25988 for channel [id: 0xf9b37dac, L:/127.0.0.1:64716 - R:localhost/127.0.0.1:25988]
18:43:26.638 [Forwarding findElement on session 6d971e1bad7e28cfe09513c877b334ae to remote] DEBUG org.asynchttpclient.netty.request.NettyRequestSender - Using pooled Channel '[id: 0xf9b37dac, L:/127.0.0.1:64716 - R:localhost/127.0.0.1:25988]' for 'POST' to 'http://localhost:25988/session/6d971e1bad7e28cfe09513c877b334ae/element'
18:43:26.638 [Forwarding findElement on session 6d971e1bad7e28cfe09513c877b334ae to remote] DEBUG org.asynchttpclient.netty.request.NettyRequestSender - Using open Channel [id: 0xf9b37dac, L:/127.0.0.1:64716 - R:localhost/127.0.0.1:25988] for POST '/session/6d971e1bad7e28cfe09513c877b334ae/element'
18:43:26.648 [AsyncHttpClient-1-11] DEBUG org.asynchttpclient.netty.handler.HttpHandler - 

Request DefaultHttpRequest(decodeResult: success, version: HTTP/1.1)
POST /session/6d971e1bad7e28cfe09513c877b334ae/element HTTP/1.1
User-Agent: selenium/4.8.1 (java windows)
Content-Length: 209
Content-Type: application/json; charset=utf-8
host: localhost:25988
accept: */*

Response DefaultHttpResponse(decodeResult: success, version: HTTP/1.1)
HTTP/1.1 200 OK
Content-Length: 88
Content-Type: application/json; charset=utf-8
cache-control: no-cache

18:43:26.648 [AsyncHttpClient-1-11] DEBUG org.asynchttpclient.netty.channel.ChannelManager - Adding key: http://localhost:25988 for channel [id: 0xf9b37dac, L:/127.0.0.1:64716 - R:localhost/127.0.0.1:25988]
18:43:26.649 [Forwarding clickElement on session 6d971e1bad7e28cfe09513c877b334ae to remote] DEBUG org.asynchttpclient.netty.request.NettyRequestSender - Using pooled Channel '[id: 0xf9b37dac, L:/127.0.0.1:64716 - R:localhost/127.0.0.1:25988]' for 'POST' to 'http://localhost:25988/session/6d971e1bad7e28cfe09513c877b334ae/element/088fca4c-0304-4590-a132-332fd682d84e/click'
18:43:26.649 [Forwarding clickElement on session 6d971e1bad7e28cfe09513c877b334ae to remote] DEBUG org.asynchttpclient.netty.request.NettyRequestSender - Using open Channel [id: 0xf9b37dac, L:/127.0.0.1:64716 - R:localhost/127.0.0.1:25988] for POST '/session/6d971e1bad7e28cfe09513c877b334ae/element/088fca4c-0304-4590-a132-332fd682d84e/click'
18:43:26.687 [AsyncHttpClient-1-11] DEBUG org.asynchttpclient.netty.handler.HttpHandler - 

Request DefaultHttpRequest(decodeResult: success, version: HTTP/1.1)
POST /session/6d971e1bad7e28cfe09513c877b334ae/element/088fca4c-0304-4590-a132-332fd682d84e/click HTTP/1.1
User-Agent: selenium/4.8.1 (java windows)
Content-Length: 50
Content-Type: application/json; charset=utf-8
host: localhost:25988
accept: */*

Response DefaultHttpResponse(decodeResult: success, version: HTTP/1.1)
HTTP/1.1 200 OK
Content-Length: 14
Content-Type: application/json; charset=utf-8
cache-control: no-cache

18:43:26.687 [AsyncHttpClient-1-11] DEBUG org.asynchttpclient.netty.channel.ChannelManager - Adding key: http://localhost:25988 for channel [id: 0xf9b37dac, L:/127.0.0.1:64716 - R:localhost/127.0.0.1:25988]
18:43:26.692 [Forwarding getAlertText on session 6d971e1bad7e28cfe09513c877b334ae to remote] DEBUG org.asynchttpclient.netty.request.NettyRequestSender - Using pooled Channel '[id: 0xf9b37dac, L:/127.0.0.1:64716 - R:localhost/127.0.0.1:25988]' for 'GET' to 'http://localhost:25988/session/6d971e1bad7e28cfe09513c877b334ae/alert/text'
18:43:26.692 [Forwarding getAlertText on session 6d971e1bad7e28cfe09513c877b334ae to remote] DEBUG org.asynchttpclient.netty.request.NettyRequestSender - Using open Channel [id: 0xf9b37dac, L:/127.0.0.1:64716 - R:localhost/127.0.0.1:25988] for GET '/session/6d971e1bad7e28cfe09513c877b334ae/alert/text'
18:43:26.837 [AsyncHttpClient-1-11] DEBUG org.asynchttpclient.netty.handler.HttpHandler - 

Request DefaultFullHttpRequest(decodeResult: success, version: HTTP/1.1, content: EmptyByteBufBE)
GET /session/6d971e1bad7e28cfe09513c877b334ae/alert/text HTTP/1.1
User-Agent: selenium/4.8.1 (java windows)
Cache-Control: no-cache
Content-Type: application/json; charset=utf-8
host: localhost:25988
accept: */*

Response DefaultHttpResponse(decodeResult: success, version: HTTP/1.1)
HTTP/1.1 404 Not Found
Content-Length: 821
Content-Type: application/json; charset=utf-8
cache-control: no-cache

18:43:26.837 [AsyncHttpClient-1-11] DEBUG org.asynchttpclient.netty.channel.ChannelManager - Adding key: http://localhost:25988 for channel [id: 0xf9b37dac, L:/127.0.0.1:64716 - R:localhost/127.0.0.1:25988]
18:43:26.839 [Forwarding getCurrentUrl on session 6d971e1bad7e28cfe09513c877b334ae to remote] DEBUG org.asynchttpclient.netty.request.NettyRequestSender - Using pooled Channel '[id: 0xf9b37dac, L:/127.0.0.1:64716 - R:localhost/127.0.0.1:25988]' for 'GET' to 'http://localhost:25988/session/6d971e1bad7e28cfe09513c877b334ae/url'
18:43:26.839 [Forwarding getCurrentUrl on session 6d971e1bad7e28cfe09513c877b334ae to remote] DEBUG org.asynchttpclient.netty.request.NettyRequestSender - Using open Channel [id: 0xf9b37dac, L:/127.0.0.1:64716 - R:localhost/127.0.0.1:25988] for GET '/session/6d971e1bad7e28cfe09513c877b334ae/url'
18:43:26.843 [AsyncHttpClient-1-11] DEBUG org.asynchttpclient.netty.handler.HttpHandler - 

Request DefaultFullHttpRequest(decodeResult: success, version: HTTP/1.1, content: EmptyByteBufBE)
GET /session/6d971e1bad7e28cfe09513c877b334ae/url HTTP/1.1
User-Agent: selenium/4.8.1 (java windows)
Cache-Control: no-cache
Content-Type: application/json; charset=utf-8
host: localhost:25988
accept: */*

Response DefaultHttpResponse(decodeResult: success, version: HTTP/1.1)
HTTP/1.1 200 OK
Content-Length: 46
Content-Type: application/json; charset=utf-8
cache-control: no-cache

18:43:26.843 [AsyncHttpClient-1-11] DEBUG org.asynchttpclient.netty.channel.ChannelManager - Adding key: http://localhost:25988 for channel [id: 0xf9b37dac, L:/127.0.0.1:64716 - R:localhost/127.0.0.1:25988]
18:43:26.844 [Forwarding screenshot on session 6d971e1bad7e28cfe09513c877b334ae to remote] DEBUG org.asynchttpclient.netty.request.NettyRequestSender - Using pooled Channel '[id: 0xf9b37dac, L:/127.0.0.1:64716 - R:localhost/127.0.0.1:25988]' for 'GET' to 'http://localhost:25988/session/6d971e1bad7e28cfe09513c877b334ae/screenshot'
18:43:26.844 [Forwarding screenshot on session 6d971e1bad7e28cfe09513c877b334ae to remote] DEBUG org.asynchttpclient.netty.request.NettyRequestSender - Using open Channel [id: 0xf9b37dac, L:/127.0.0.1:64716 - R:localhost/127.0.0.1:25988] for GET '/session/6d971e1bad7e28cfe09513c877b334ae/screenshot'
18:43:26.987 [AsyncHttpClient-1-11] DEBUG org.asynchttpclient.netty.handler.HttpHandler - 

Request DefaultFullHttpRequest(decodeResult: success, version: HTTP/1.1, content: EmptyByteBufBE)
GET /session/6d971e1bad7e28cfe09513c877b334ae/screenshot HTTP/1.1
User-Agent: selenium/4.8.1 (java windows)
Cache-Control: no-cache
Content-Type: application/json; charset=utf-8
host: localhost:25988
accept: */*

Response DefaultHttpResponse(decodeResult: success, version: HTTP/1.1)
HTTP/1.1 200 OK
Content-Length: 36648
Content-Type: application/json; charset=utf-8
cache-control: no-cache

18:43:26.987 [AsyncHttpClient-1-11] DEBUG org.asynchttpclient.netty.channel.ChannelManager - Adding key: http://localhost:25988 for channel [id: 0xf9b37dac, L:/127.0.0.1:64716 - R:localhost/127.0.0.1:25988]
18:43:26.989 [main] DEBUG net.serenitybdd.core.photography.Darkroom - Send negative for processing for target\site\serenity\0f47a5632e89d6af644b7ec9d561f45e0c774172fefc05fe101f759552b26deb.png
18:43:26.989 [main] DEBUG net.thucydides.core.steps.StepInterceptor - STEP DONE: clickCartIcon
  &amp#27;[32mAnd &amp#27;[0m&amp#27;[32mI click Cart icon&amp#27;[0m                               &amp#27;[90m# starter.stepDefinition.PurchaseNegSteps.clickCartIcon()&amp#27;[0m
18:43:26.989 [Darkroom Processing Line] DEBUG net.serenitybdd.core.photography.DarkroomProcessingLine - Processing screenshot image in /var/screenshots/screenshot-14288663864890080561
18:43:26.989 [Darkroom Processing Line] DEBUG net.serenitybdd.core.photography.DarkroomProcessingLine - Saving screenshot to target\site\serenity\0f47a5632e89d6af644b7ec9d561f45e0c774172fefc05fe101f759552b26deb.png
18:43:26.994 [Forwarding getPageSource on session 6d971e1bad7e28cfe09513c877b334ae to remote] DEBUG org.asynchttpclient.netty.request.NettyRequestSender - Using pooled Channel '[id: 0xf9b37dac, L:/127.0.0.1:64716 - R:localhost/127.0.0.1:25988]' for 'POST' to 'http://localhost:25988/session/6d971e1bad7e28cfe09513c877b334ae/execute/sync'
18:43:26.994 [Forwarding getPageSource on session 6d971e1bad7e28cfe09513c877b334ae to remote] DEBUG org.asynchttpclient.netty.request.NettyRequestSender - Using open Channel [id: 0xf9b37dac, L:/127.0.0.1:64716 - R:localhost/127.0.0.1:25988] for POST '/session/6d971e1bad7e28cfe09513c877b334ae/execute/sync'
18:43:26.998 [AsyncHttpClient-1-11] DEBUG org.asynchttpclient.netty.handler.HttpHandler - 

Request DefaultHttpRequest(decodeResult: success, version: HTTP/1.1)
POST /session/6d971e1bad7e28cfe09513c877b334ae/execute/sync HTTP/1.1
User-Agent: selenium/4.8.1 (java windows)
Content-Length: 176
Content-Type: application/json; charset=utf-8
host: localhost:25988
accept: */*

Response DefaultHttpResponse(decodeResult: success, version: HTTP/1.1)
HTTP/1.1 200 OK
Content-Length: 22012
Content-Type: application/json; charset=utf-8
cache-control: no-cache

18:43:26.998 [AsyncHttpClient-1-11] DEBUG org.asynchttpclient.netty.channel.ChannelManager - Adding key: http://localhost:25988 for channel [id: 0xf9b37dac, L:/127.0.0.1:64716 - R:localhost/127.0.0.1:25988]
18:43:26.999 [Forwarding getCurrentUrl on session 6d971e1bad7e28cfe09513c877b334ae to remote] DEBUG org.asynchttpclient.netty.request.NettyRequestSender - Using pooled Channel '[id: 0xf9b37dac, L:/127.0.0.1:64716 - R:localhost/127.0.0.1:25988]' for 'GET' to 'http://localhost:25988/session/6d971e1bad7e28cfe09513c877b334ae/url'
18:43:26.999 [Forwarding getCurrentUrl on session 6d971e1bad7e28cfe09513c877b334ae to remote] DEBUG org.asynchttpclient.netty.request.NettyRequestSender - Using open Channel [id: 0xf9b37dac, L:/127.0.0.1:64716 - R:localhost/127.0.0.1:25988] for GET '/session/6d971e1bad7e28cfe09513c877b334ae/url'
18:43:27.002 [AsyncHttpClient-1-11] DEBUG org.asynchttpclient.netty.handler.HttpHandler - 

Request DefaultFullHttpRequest(decodeResult: success, version: HTTP/1.1, content: EmptyByteBufBE)
GET /session/6d971e1bad7e28cfe09513c877b334ae/url HTTP/1.1
User-Agent: selenium/4.8.1 (java windows)
Cache-Control: no-cache
Content-Type: application/json; charset=utf-8
host: localhost:25988
accept: */*

Response DefaultHttpResponse(decodeResult: success, version: HTTP/1.1)
HTTP/1.1 200 OK
Content-Length: 46
Content-Type: application/json; charset=utf-8
cache-control: no-cache

18:43:27.002 [AsyncHttpClient-1-11] DEBUG org.asynchttpclient.netty.channel.ChannelManager - Adding key: http://localhost:25988 for channel [id: 0xf9b37dac, L:/127.0.0.1:64716 - R:localhost/127.0.0.1:25988]
18:43:27.010 [Forwarding getPageSource on session 6d971e1bad7e28cfe09513c877b334ae to remote] DEBUG org.asynchttpclient.netty.request.NettyRequestSender - Using pooled Channel '[id: 0xf9b37dac, L:/127.0.0.1:64716 - R:localhost/127.0.0.1:25988]' for 'POST' to 'http://localhost:25988/session/6d971e1bad7e28cfe09513c877b334ae/execute/sync'
18:43:27.010 [Forwarding getPageSource on session 6d971e1bad7e28cfe09513c877b334ae to remote] DEBUG org.asynchttpclient.netty.request.NettyRequestSender - Using open Channel [id: 0xf9b37dac, L:/127.0.0.1:64716 - R:localhost/127.0.0.1:25988] for POST '/session/6d971e1bad7e28cfe09513c877b334ae/execute/sync'
18:43:27.016 [AsyncHttpClient-1-11] DEBUG org.asynchttpclient.netty.handler.HttpHandler - 

Request DefaultHttpRequest(decodeResult: success, version: HTTP/1.1)
POST /session/6d971e1bad7e28cfe09513c877b334ae/execute/sync HTTP/1.1
User-Agent: selenium/4.8.1 (java windows)
Content-Length: 176
Content-Type: application/json; charset=utf-8
host: localhost:25988
accept: */*

Response DefaultHttpResponse(decodeResult: success, version: HTTP/1.1)
HTTP/1.1 200 OK
Content-Length: 22012
Content-Type: application/json; charset=utf-8
cache-control: no-cache

18:43:27.016 [AsyncHttpClient-1-11] DEBUG org.asynchttpclient.netty.channel.ChannelManager - Adding key: http://localhost:25988 for channel [id: 0xf9b37dac, L:/127.0.0.1:64716 - R:localhost/127.0.0.1:25988]
18:43:27.017 [Forwarding getCurrentUrl on session 6d971e1bad7e28cfe09513c877b334ae to remote] DEBUG org.asynchttpclient.netty.request.NettyRequestSender - Using pooled Channel '[id: 0xf9b37dac, L:/127.0.0.1:64716 - R:localhost/127.0.0.1:25988]' for 'GET' to 'http://localhost:25988/session/6d971e1bad7e28cfe09513c877b334ae/url'
18:43:27.017 [Forwarding getCurrentUrl on session 6d971e1bad7e28cfe09513c877b334ae to remote] DEBUG org.asynchttpclient.netty.request.NettyRequestSender - Using open Channel [id: 0xf9b37dac, L:/127.0.0.1:64716 - R:localhost/127.0.0.1:25988] for GET '/session/6d971e1bad7e28cfe09513c877b334ae/url'
18:43:27.021 [AsyncHttpClient-1-11] DEBUG org.asynchttpclient.netty.handler.HttpHandler - 

Request DefaultFullHttpRequest(decodeResult: success, version: HTTP/1.1, content: EmptyByteBufBE)
GET /session/6d971e1bad7e28cfe09513c877b334ae/url HTTP/1.1
User-Agent: selenium/4.8.1 (java windows)
Cache-Control: no-cache
Content-Type: application/json; charset=utf-8
host: localhost:25988
accept: */*

Response DefaultHttpResponse(decodeResult: success, version: HTTP/1.1)
HTTP/1.1 200 OK
Content-Length: 46
Content-Type: application/json; charset=utf-8
cache-control: no-cache

18:43:27.021 [AsyncHttpClient-1-11] DEBUG org.asynchttpclient.netty.channel.ChannelManager - Adding key: http://localhost:25988 for channel [id: 0xf9b37dac, L:/127.0.0.1:64716 - R:localhost/127.0.0.1:25988]
18:43:27.024 [main] DEBUG net.thucydides.core.steps.StepInterceptor - STARTING STEP: PurchaseNegSteps.clickBayarButton - clickBayarButton
18:43:27.026 [Forwarding findElement on session 6d971e1bad7e28cfe09513c877b334ae to remote] DEBUG org.asynchttpclient.netty.request.NettyRequestSender - Using pooled Channel '[id: 0xf9b37dac, L:/127.0.0.1:64716 - R:localhost/127.0.0.1:25988]' for 'POST' to 'http://localhost:25988/session/6d971e1bad7e28cfe09513c877b334ae/element'
18:43:27.026 [Forwarding findElement on session 6d971e1bad7e28cfe09513c877b334ae to remote] DEBUG org.asynchttpclient.netty.request.NettyRequestSender - Using open Channel [id: 0xf9b37dac, L:/127.0.0.1:64716 - R:localhost/127.0.0.1:25988] for POST '/session/6d971e1bad7e28cfe09513c877b334ae/element'
18:43:27.037 [AsyncHttpClient-1-11] DEBUG org.asynchttpclient.netty.handler.HttpHandler - 

Request DefaultHttpRequest(decodeResult: success, version: HTTP/1.1)
POST /session/6d971e1bad7e28cfe09513c877b334ae/element HTTP/1.1
User-Agent: selenium/4.8.1 (java windows)
Content-Length: 59
Content-Type: application/json; charset=utf-8
host: localhost:25988
accept: */*

Response DefaultHttpResponse(decodeResult: success, version: HTTP/1.1)
HTTP/1.1 200 OK
Content-Length: 88
Content-Type: application/json; charset=utf-8
cache-control: no-cache

18:43:27.037 [AsyncHttpClient-1-11] DEBUG org.asynchttpclient.netty.channel.ChannelManager - Adding key: http://localhost:25988 for channel [id: 0xf9b37dac, L:/127.0.0.1:64716 - R:localhost/127.0.0.1:25988]
18:43:27.038 [Forwarding getElementTagName on session 6d971e1bad7e28cfe09513c877b334ae to remote] DEBUG org.asynchttpclient.netty.request.NettyRequestSender - Using pooled Channel '[id: 0xf9b37dac, L:/127.0.0.1:64716 - R:localhost/127.0.0.1:25988]' for 'GET' to 'http://localhost:25988/session/6d971e1bad7e28cfe09513c877b334ae/element/dda97235-5391-4a72-a3bf-8e76c9de17ed/name'
18:43:27.038 [Forwarding getElementTagName on session 6d971e1bad7e28cfe09513c877b334ae to remote] DEBUG org.asynchttpclient.netty.request.NettyRequestSender - Using open Channel [id: 0xf9b37dac, L:/127.0.0.1:64716 - R:localhost/127.0.0.1:25988] for GET '/session/6d971e1bad7e28cfe09513c877b334ae/element/dda97235-5391-4a72-a3bf-8e76c9de17ed/name'
18:43:27.041 [AsyncHttpClient-1-11] DEBUG org.asynchttpclient.netty.handler.HttpHandler - 

Request DefaultFullHttpRequest(decodeResult: success, version: HTTP/1.1, content: EmptyByteBufBE)
GET /session/6d971e1bad7e28cfe09513c877b334ae/element/dda97235-5391-4a72-a3bf-8e76c9de17ed/name HTTP/1.1
User-Agent: selenium/4.8.1 (java windows)
Cache-Control: no-cache
Content-Type: application/json; charset=utf-8
host: localhost:25988
accept: */*

Response DefaultHttpResponse(decodeResult: success, version: HTTP/1.1)
HTTP/1.1 200 OK
Content-Length: 18
Content-Type: application/json; charset=utf-8
cache-control: no-cache

18:43:27.042 [AsyncHttpClient-1-11] DEBUG org.asynchttpclient.netty.channel.ChannelManager - Adding key: http://localhost:25988 for channel [id: 0xf9b37dac, L:/127.0.0.1:64716 - R:localhost/127.0.0.1:25988]
18:43:27.042 [Forwarding getElementTagName on session 6d971e1bad7e28cfe09513c877b334ae to remote] DEBUG org.asynchttpclient.netty.request.NettyRequestSender - Using pooled Channel '[id: 0xf9b37dac, L:/127.0.0.1:64716 - R:localhost/127.0.0.1:25988]' for 'GET' to 'http://localhost:25988/session/6d971e1bad7e28cfe09513c877b334ae/element/dda97235-5391-4a72-a3bf-8e76c9de17ed/name'
18:43:27.042 [Forwarding getElementTagName on session 6d971e1bad7e28cfe09513c877b334ae to remote] DEBUG org.asynchttpclient.netty.request.NettyRequestSender - Using open Channel [id: 0xf9b37dac, L:/127.0.0.1:64716 - R:localhost/127.0.0.1:25988] for GET '/session/6d971e1bad7e28cfe09513c877b334ae/element/dda97235-5391-4a72-a3bf-8e76c9de17ed/name'
18:43:27.044 [AsyncHttpClient-1-11] DEBUG org.asynchttpclient.netty.handler.HttpHandler - 

Request DefaultFullHttpRequest(decodeResult: success, version: HTTP/1.1, content: EmptyByteBufBE)
GET /session/6d971e1bad7e28cfe09513c877b334ae/element/dda97235-5391-4a72-a3bf-8e76c9de17ed/name HTTP/1.1
User-Agent: selenium/4.8.1 (java windows)
Cache-Control: no-cache
Content-Type: application/json; charset=utf-8
host: localhost:25988
accept: */*

Response DefaultHttpResponse(decodeResult: success, version: HTTP/1.1)
HTTP/1.1 200 OK
Content-Length: 18
Content-Type: application/json; charset=utf-8
cache-control: no-cache

18:43:27.045 [AsyncHttpClient-1-11] DEBUG org.asynchttpclient.netty.channel.ChannelManager - Adding key: http://localhost:25988 for channel [id: 0xf9b37dac, L:/127.0.0.1:64716 - R:localhost/127.0.0.1:25988]
18:43:27.050 [Forwarding isElementEnabled on session 6d971e1bad7e28cfe09513c877b334ae to remote] DEBUG org.asynchttpclient.netty.request.NettyRequestSender - Using pooled Channel '[id: 0xf9b37dac, L:/127.0.0.1:64716 - R:localhost/127.0.0.1:25988]' for 'GET' to 'http://localhost:25988/session/6d971e1bad7e28cfe09513c877b334ae/element/dda97235-5391-4a72-a3bf-8e76c9de17ed/enabled'
18:43:27.050 [Forwarding isElementEnabled on session 6d971e1bad7e28cfe09513c877b334ae to remote] DEBUG org.asynchttpclient.netty.request.NettyRequestSender - Using open Channel [id: 0xf9b37dac, L:/127.0.0.1:64716 - R:localhost/127.0.0.1:25988] for GET '/session/6d971e1bad7e28cfe09513c877b334ae/element/dda97235-5391-4a72-a3bf-8e76c9de17ed/enabled'
18:43:27.055 [AsyncHttpClient-1-11] DEBUG org.asynchttpclient.netty.handler.HttpHandler - 

Request DefaultFullHttpRequest(decodeResult: success, version: HTTP/1.1, content: EmptyByteBufBE)
GET /session/6d971e1bad7e28cfe09513c877b334ae/element/dda97235-5391-4a72-a3bf-8e76c9de17ed/enabled HTTP/1.1
User-Agent: selenium/4.8.1 (java windows)
Cache-Control: no-cache
Content-Type: application/json; charset=utf-8
host: localhost:25988
accept: */*

Response DefaultHttpResponse(decodeResult: success, version: HTTP/1.1)
HTTP/1.1 200 OK
Content-Length: 14
Content-Type: application/json; charset=utf-8
cache-control: no-cache

18:43:27.055 [AsyncHttpClient-1-11] DEBUG org.asynchttpclient.netty.channel.ChannelManager - Adding key: http://localhost:25988 for channel [id: 0xf9b37dac, L:/127.0.0.1:64716 - R:localhost/127.0.0.1:25988]
18:43:27.056 [Forwarding isElementEnabled on session 6d971e1bad7e28cfe09513c877b334ae to remote] DEBUG org.asynchttpclient.netty.request.NettyRequestSender - Using pooled Channel '[id: 0xf9b37dac, L:/127.0.0.1:64716 - R:localhost/127.0.0.1:25988]' for 'GET' to 'http://localhost:25988/session/6d971e1bad7e28cfe09513c877b334ae/element/dda97235-5391-4a72-a3bf-8e76c9de17ed/enabled'
18:43:27.056 [Forwarding isElementEnabled on session 6d971e1bad7e28cfe09513c877b334ae to remote] DEBUG org.asynchttpclient.netty.request.NettyRequestSender - Using open Channel [id: 0xf9b37dac, L:/127.0.0.1:64716 - R:localhost/127.0.0.1:25988] for GET '/session/6d971e1bad7e28cfe09513c877b334ae/element/dda97235-5391-4a72-a3bf-8e76c9de17ed/enabled'
18:43:27.061 [AsyncHttpClient-1-11] DEBUG org.asynchttpclient.netty.handler.HttpHandler - 

Request DefaultFullHttpRequest(decodeResult: success, version: HTTP/1.1, content: EmptyByteBufBE)
GET /session/6d971e1bad7e28cfe09513c877b334ae/element/dda97235-5391-4a72-a3bf-8e76c9de17ed/enabled HTTP/1.1
User-Agent: selenium/4.8.1 (java windows)
Cache-Control: no-cache
Content-Type: application/json; charset=utf-8
host: localhost:25988
accept: */*

Response DefaultHttpResponse(decodeResult: success, version: HTTP/1.1)
HTTP/1.1 200 OK
Content-Length: 14
Content-Type: application/json; charset=utf-8
cache-control: no-cache

18:43:27.061 [AsyncHttpClient-1-11] DEBUG org.asynchttpclient.netty.channel.ChannelManager - Adding key: http://localhost:25988 for channel [id: 0xf9b37dac, L:/127.0.0.1:64716 - R:localhost/127.0.0.1:25988]
18:43:27.063 [Forwarding findElement on session 6d971e1bad7e28cfe09513c877b334ae to remote] DEBUG org.asynchttpclient.netty.request.NettyRequestSender - Using pooled Channel '[id: 0xf9b37dac, L:/127.0.0.1:64716 - R:localhost/127.0.0.1:25988]' for 'POST' to 'http://localhost:25988/session/6d971e1bad7e28cfe09513c877b334ae/element'
18:43:27.063 [Forwarding findElement on session 6d971e1bad7e28cfe09513c877b334ae to remote] DEBUG org.asynchttpclient.netty.request.NettyRequestSender - Using open Channel [id: 0xf9b37dac, L:/127.0.0.1:64716 - R:localhost/127.0.0.1:25988] for POST '/session/6d971e1bad7e28cfe09513c877b334ae/element'
18:43:27.067 [AsyncHttpClient-1-11] DEBUG org.asynchttpclient.netty.handler.HttpHandler - 

Request DefaultHttpRequest(decodeResult: success, version: HTTP/1.1)
POST /session/6d971e1bad7e28cfe09513c877b334ae/element HTTP/1.1
User-Agent: selenium/4.8.1 (java windows)
Content-Length: 59
Content-Type: application/json; charset=utf-8
host: localhost:25988
accept: */*

Response DefaultHttpResponse(decodeResult: success, version: HTTP/1.1)
HTTP/1.1 200 OK
Content-Length: 88
Content-Type: application/json; charset=utf-8
cache-control: no-cache

18:43:27.067 [AsyncHttpClient-1-11] DEBUG org.asynchttpclient.netty.channel.ChannelManager - Adding key: http://localhost:25988 for channel [id: 0xf9b37dac, L:/127.0.0.1:64716 - R:localhost/127.0.0.1:25988]
18:43:27.068 [Forwarding clickElement on session 6d971e1bad7e28cfe09513c877b334ae to remote] DEBUG org.asynchttpclient.netty.request.NettyRequestSender - Using pooled Channel '[id: 0xf9b37dac, L:/127.0.0.1:64716 - R:localhost/127.0.0.1:25988]' for 'POST' to 'http://localhost:25988/session/6d971e1bad7e28cfe09513c877b334ae/element/dda97235-5391-4a72-a3bf-8e76c9de17ed/click'
18:43:27.068 [Forwarding clickElement on session 6d971e1bad7e28cfe09513c877b334ae to remote] DEBUG org.asynchttpclient.netty.request.NettyRequestSender - Using open Channel [id: 0xf9b37dac, L:/127.0.0.1:64716 - R:localhost/127.0.0.1:25988] for POST '/session/6d971e1bad7e28cfe09513c877b334ae/element/dda97235-5391-4a72-a3bf-8e76c9de17ed/click'
18:43:27.090 [AsyncHttpClient-1-11] DEBUG org.asynchttpclient.netty.handler.HttpHandler - 

Request DefaultHttpRequest(decodeResult: success, version: HTTP/1.1)
POST /session/6d971e1bad7e28cfe09513c877b334ae/element/dda97235-5391-4a72-a3bf-8e76c9de17ed/click HTTP/1.1
User-Agent: selenium/4.8.1 (java windows)
Content-Length: 50
Content-Type: application/json; charset=utf-8
host: localhost:25988
accept: */*

Response DefaultHttpResponse(decodeResult: success, version: HTTP/1.1)
HTTP/1.1 200 OK
Content-Length: 14
Content-Type: application/json; charset=utf-8
cache-control: no-cache

18:43:27.090 [AsyncHttpClient-1-11] DEBUG org.asynchttpclient.netty.channel.ChannelManager - Adding key: http://localhost:25988 for channel [id: 0xf9b37dac, L:/127.0.0.1:64716 - R:localhost/127.0.0.1:25988]
18:43:27.096 [Forwarding getAlertText on session 6d971e1bad7e28cfe09513c877b334ae to remote] DEBUG org.asynchttpclient.netty.request.NettyRequestSender - Using pooled Channel '[id: 0xf9b37dac, L:/127.0.0.1:64716 - R:localhost/127.0.0.1:25988]' for 'GET' to 'http://localhost:25988/session/6d971e1bad7e28cfe09513c877b334ae/alert/text'
18:43:27.096 [Forwarding getAlertText on session 6d971e1bad7e28cfe09513c877b334ae to remote] DEBUG org.asynchttpclient.netty.request.NettyRequestSender - Using open Channel [id: 0xf9b37dac, L:/127.0.0.1:64716 - R:localhost/127.0.0.1:25988] for GET '/session/6d971e1bad7e28cfe09513c877b334ae/alert/text'
18:43:27.102 [AsyncHttpClient-1-11] DEBUG org.asynchttpclient.netty.handler.HttpHandler - 

Request DefaultFullHttpRequest(decodeResult: success, version: HTTP/1.1, content: EmptyByteBufBE)
GET /session/6d971e1bad7e28cfe09513c877b334ae/alert/text HTTP/1.1
User-Agent: selenium/4.8.1 (java windows)
Cache-Control: no-cache
Content-Type: application/json; charset=utf-8
host: localhost:25988
accept: */*

Response DefaultHttpResponse(decodeResult: success, version: HTTP/1.1)
HTTP/1.1 404 Not Found
Content-Length: 821
Content-Type: application/json; charset=utf-8
cache-control: no-cache

18:43:27.102 [AsyncHttpClient-1-11] DEBUG org.asynchttpclient.netty.channel.ChannelManager - Adding key: http://localhost:25988 for channel [id: 0xf9b37dac, L:/127.0.0.1:64716 - R:localhost/127.0.0.1:25988]
18:43:27.103 [Forwarding getCurrentUrl on session 6d971e1bad7e28cfe09513c877b334ae to remote] DEBUG org.asynchttpclient.netty.request.NettyRequestSender - Using pooled Channel '[id: 0xf9b37dac, L:/127.0.0.1:64716 - R:localhost/127.0.0.1:25988]' for 'GET' to 'http://localhost:25988/session/6d971e1bad7e28cfe09513c877b334ae/url'
18:43:27.103 [Forwarding getCurrentUrl on session 6d971e1bad7e28cfe09513c877b334ae to remote] DEBUG org.asynchttpclient.netty.request.NettyRequestSender - Using open Channel [id: 0xf9b37dac, L:/127.0.0.1:64716 - R:localhost/127.0.0.1:25988] for GET '/session/6d971e1bad7e28cfe09513c877b334ae/url'
18:43:27.107 [AsyncHttpClient-1-11] DEBUG org.asynchttpclient.netty.handler.HttpHandler - 

Request DefaultFullHttpRequest(decodeResult: success, version: HTTP/1.1, content: EmptyByteBufBE)
GET /session/6d971e1bad7e28cfe09513c877b334ae/url HTTP/1.1
User-Agent: selenium/4.8.1 (java windows)
Cache-Control: no-cache
Content-Type: application/json; charset=utf-8
host: localhost:25988
accept: */*

Response DefaultHttpResponse(decodeResult: success, version: HTTP/1.1)
HTTP/1.1 200 OK
Content-Length: 129
Content-Type: application/json; charset=utf-8
cache-control: no-cache

18:43:27.107 [AsyncHttpClient-1-11] DEBUG org.asynchttpclient.netty.channel.ChannelManager - Adding key: http://localhost:25988 for channel [id: 0xf9b37dac, L:/127.0.0.1:64716 - R:localhost/127.0.0.1:25988]
18:43:27.108 [Forwarding screenshot on session 6d971e1bad7e28cfe09513c877b334ae to remote] DEBUG org.asynchttpclient.netty.request.NettyRequestSender - Using pooled Channel '[id: 0xf9b37dac, L:/127.0.0.1:64716 - R:localhost/127.0.0.1:25988]' for 'GET' to 'http://localhost:25988/session/6d971e1bad7e28cfe09513c877b334ae/screenshot'
18:43:27.108 [Forwarding screenshot on session 6d971e1bad7e28cfe09513c877b334ae to remote] DEBUG org.asynchttpclient.netty.request.NettyRequestSender - Using open Channel [id: 0xf9b37dac, L:/127.0.0.1:64716 - R:localhost/127.0.0.1:25988] for GET '/session/6d971e1bad7e28cfe09513c877b334ae/screenshot'
18:43:27.218 [AsyncHttpClient-1-11] DEBUG org.asynchttpclient.netty.handler.HttpHandler - 

Request DefaultFullHttpRequest(decodeResult: success, version: HTTP/1.1, content: EmptyByteBufBE)
GET /session/6d971e1bad7e28cfe09513c877b334ae/screenshot HTTP/1.1
User-Agent: selenium/4.8.1 (java windows)
Cache-Control: no-cache
Content-Type: application/json; charset=utf-8
host: localhost:25988
accept: */*

Response DefaultHttpResponse(decodeResult: success, version: HTTP/1.1)
HTTP/1.1 200 OK
Content-Length: 33936
Content-Type: application/json; charset=utf-8
cache-control: no-cache

18:43:27.218 [AsyncHttpClient-1-11] DEBUG org.asynchttpclient.netty.channel.ChannelManager - Adding key: http://localhost:25988 for channel [id: 0xf9b37dac, L:/127.0.0.1:64716 - R:localhost/127.0.0.1:25988]
18:43:27.219 [main] DEBUG net.serenitybdd.core.photography.Darkroom - Send negative for processing for target\site\serenity\ec107f1965f1dc141f165e479db4552e8398e9b5f9d43b4aa893c5b12133ed0f.png
18:43:27.219 [main] DEBUG net.thucydides.core.steps.StepInterceptor - STEP DONE: clickBayarButton
18:43:27.219 [Darkroom Processing Line] DEBUG net.serenitybdd.core.photography.DarkroomProcessingLine - Processing screenshot image in /var/screenshots/screenshot-3028032306137402936
  &amp#27;[32mAnd &amp#27;[0m&amp#27;[32mI click Bayar button&amp#27;[0m                            &amp#27;[90m# starter.stepDefinition.PurchaseNegSteps.clickBayarButton()&amp#27;[0m
18:43:27.219 [Darkroom Processing Line] DEBUG net.serenitybdd.core.photography.DarkroomProcessingLine - Saving screenshot to target\site\serenity\ec107f1965f1dc141f165e479db4552e8398e9b5f9d43b4aa893c5b12133ed0f.png
18:43:27.224 [Forwarding getPageSource on session 6d971e1bad7e28cfe09513c877b334ae to remote] DEBUG org.asynchttpclient.netty.request.NettyRequestSender - Using pooled Channel '[id: 0xf9b37dac, L:/127.0.0.1:64716 - R:localhost/127.0.0.1:25988]' for 'POST' to 'http://localhost:25988/session/6d971e1bad7e28cfe09513c877b334ae/execute/sync'
18:43:27.224 [Forwarding getPageSource on session 6d971e1bad7e28cfe09513c877b334ae to remote] DEBUG org.asynchttpclient.netty.request.NettyRequestSender - Using open Channel [id: 0xf9b37dac, L:/127.0.0.1:64716 - R:localhost/127.0.0.1:25988] for POST '/session/6d971e1bad7e28cfe09513c877b334ae/execute/sync'
18:43:27.227 [AsyncHttpClient-1-11] DEBUG org.asynchttpclient.netty.handler.HttpHandler - 

Request DefaultHttpRequest(decodeResult: success, version: HTTP/1.1)
POST /session/6d971e1bad7e28cfe09513c877b334ae/execute/sync HTTP/1.1
User-Agent: selenium/4.8.1 (java windows)
Content-Length: 176
Content-Type: application/json; charset=utf-8
host: localhost:25988
accept: */*

Response DefaultHttpResponse(decodeResult: success, version: HTTP/1.1)
HTTP/1.1 200 OK
Content-Length: 21727
Content-Type: application/json; charset=utf-8
cache-control: no-cache

18:43:27.228 [AsyncHttpClient-1-11] DEBUG org.asynchttpclient.netty.channel.ChannelManager - Adding key: http://localhost:25988 for channel [id: 0xf9b37dac, L:/127.0.0.1:64716 - R:localhost/127.0.0.1:25988]
18:43:27.229 [Forwarding getCurrentUrl on session 6d971e1bad7e28cfe09513c877b334ae to remote] DEBUG org.asynchttpclient.netty.request.NettyRequestSender - Using pooled Channel '[id: 0xf9b37dac, L:/127.0.0.1:64716 - R:localhost/127.0.0.1:25988]' for 'GET' to 'http://localhost:25988/session/6d971e1bad7e28cfe09513c877b334ae/url'
18:43:27.229 [Forwarding getCurrentUrl on session 6d971e1bad7e28cfe09513c877b334ae to remote] DEBUG org.asynchttpclient.netty.request.NettyRequestSender - Using open Channel [id: 0xf9b37dac, L:/127.0.0.1:64716 - R:localhost/127.0.0.1:25988] for GET '/session/6d971e1bad7e28cfe09513c877b334ae/url'
18:43:27.231 [AsyncHttpClient-1-11] DEBUG org.asynchttpclient.netty.handler.HttpHandler - 

Request DefaultFullHttpRequest(decodeResult: success, version: HTTP/1.1, content: EmptyByteBufBE)
GET /session/6d971e1bad7e28cfe09513c877b334ae/url HTTP/1.1
User-Agent: selenium/4.8.1 (java windows)
Cache-Control: no-cache
Content-Type: application/json; charset=utf-8
host: localhost:25988
accept: */*

Response DefaultHttpResponse(decodeResult: success, version: HTTP/1.1)
HTTP/1.1 200 OK
Content-Length: 129
Content-Type: application/json; charset=utf-8
cache-control: no-cache

18:43:27.231 [AsyncHttpClient-1-11] DEBUG org.asynchttpclient.netty.channel.ChannelManager - Adding key: http://localhost:25988 for channel [id: 0xf9b37dac, L:/127.0.0.1:64716 - R:localhost/127.0.0.1:25988]
18:43:27.236 [Forwarding findElement on session 6d971e1bad7e28cfe09513c877b334ae to remote] DEBUG org.asynchttpclient.netty.request.NettyRequestSender - Using pooled Channel '[id: 0xf9b37dac, L:/127.0.0.1:64716 - R:localhost/127.0.0.1:25988]' for 'POST' to 'http://localhost:25988/session/6d971e1bad7e28cfe09513c877b334ae/element'
18:43:27.236 [Forwarding findElement on session 6d971e1bad7e28cfe09513c877b334ae to remote] DEBUG org.asynchttpclient.netty.request.NettyRequestSender - Using open Channel [id: 0xf9b37dac, L:/127.0.0.1:64716 - R:localhost/127.0.0.1:25988] for POST '/session/6d971e1bad7e28cfe09513c877b334ae/element'
18:43:27.239 [AsyncHttpClient-1-11] DEBUG org.asynchttpclient.netty.handler.HttpHandler - 

Request DefaultHttpRequest(decodeResult: success, version: HTTP/1.1)
POST /session/6d971e1bad7e28cfe09513c877b334ae/element HTTP/1.1
User-Agent: selenium/4.8.1 (java windows)
Content-Length: 209
Content-Type: application/json; charset=utf-8
host: localhost:25988
accept: */*

Response DefaultHttpResponse(decodeResult: success, version: HTTP/1.1)
HTTP/1.1 200 OK
Content-Length: 88
Content-Type: application/json; charset=utf-8
cache-control: no-cache

18:43:27.239 [AsyncHttpClient-1-11] DEBUG org.asynchttpclient.netty.channel.ChannelManager - Adding key: http://localhost:25988 for channel [id: 0xf9b37dac, L:/127.0.0.1:64716 - R:localhost/127.0.0.1:25988]
18:43:27.242 [Forwarding isElementDisplayed on session 6d971e1bad7e28cfe09513c877b334ae to remote] DEBUG org.asynchttpclient.netty.request.NettyRequestSender - Using pooled Channel '[id: 0xf9b37dac, L:/127.0.0.1:64716 - R:localhost/127.0.0.1:25988]' for 'POST' to 'http://localhost:25988/session/6d971e1bad7e28cfe09513c877b334ae/execute/sync'
18:43:27.242 [Forwarding isElementDisplayed on session 6d971e1bad7e28cfe09513c877b334ae to remote] DEBUG org.asynchttpclient.netty.request.NettyRequestSender - Using open Channel [id: 0xf9b37dac, L:/127.0.0.1:64716 - R:localhost/127.0.0.1:25988] for POST '/session/6d971e1bad7e28cfe09513c877b334ae/execute/sync'
18:43:27.253 [AsyncHttpClient-1-11] DEBUG org.asynchttpclient.netty.handler.HttpHandler - 

Request DefaultHttpRequest(decodeResult: success, version: HTTP/1.1)
POST /session/6d971e1bad7e28cfe09513c877b334ae/execute/sync HTTP/1.1
User-Agent: selenium/4.8.1 (java windows)
Content-Length: 48807
Content-Type: application/json; charset=utf-8
host: localhost:25988
accept: */*

Response DefaultHttpResponse(decodeResult: success, version: HTTP/1.1)
HTTP/1.1 200 OK
Content-Length: 14
Content-Type: application/json; charset=utf-8
cache-control: no-cache

18:43:27.253 [AsyncHttpClient-1-11] DEBUG org.asynchttpclient.netty.channel.ChannelManager - Adding key: http://localhost:25988 for channel [id: 0xf9b37dac, L:/127.0.0.1:64716 - R:localhost/127.0.0.1:25988]
  &amp#27;[32mThen &amp#27;[0m&amp#27;[32mI am redirected to login form&amp#27;[0m                  &amp#27;[90m# starter.stepDefinition.PurchaseNegSteps.validateOnCartPage()&amp#27;[0m
18:43:27.256 [main] INFO  - 
  _____   ___   ___   _____     ___     _     ___   ___   ___   ___  
 |_   _| | __| / __| |_   _|   | _ \   /_\   / __| / __| | __| |   \ 
   | |   | _|  \__ \   | |     |  _/  / _ \  \__ \ \__ \ | _|  | |) |
   |_|   |___| |___/   |_|     |_|   /_/ \_\ |___/ |___/ |___| |___/ 

As user, I have to be prevented to purchase
----------------------------------------------------------------------
18:43:27.257 [AsyncHttpClient-1-13] DEBUG org.asynchttpclient.netty.handler.WebSocketHandler - Channel Closed: [id: 0x4d236ae0, L:/127.0.0.1:64724 ! R:localhost/127.0.0.1:64717] with attribute NettyResponseFuture{currentRetry=0,
	isDone=1,
	isCancelled=0,
	asyncHandler=org.asynchttpclient.ws.WebSocketUpgradeHandler@330e7886,
	nettyRequest=org.asynchttpclient.netty.request.NettyRequest@760cf083,
	future=java.util.concurrent.CompletableFuture@7f6c3417[Completed normally],
	uri=ws://localhost:64717/devtools/browser/f7c1f03c-2c73-4fa1-af13-eb5808887705,
	keepAlive=true,
	redirectCount=0,
	timeoutsHolder=null,
	inAuth=0,
	touch=1683632603058}
18:43:27.257 [AsyncHttpClient-1-13] DEBUG org.asynchttpclient.netty.channel.ChannelManager - Closing Channel [id: 0x4d236ae0, L:/127.0.0.1:64724 ! R:localhost/127.0.0.1:64717] 
18:43:27.257 [Driver Command Executor] DEBUG org.asynchttpclient.netty.request.NettyRequestSender - Using pooled Channel '[id: 0xf9b37dac, L:/127.0.0.1:64716 - R:localhost/127.0.0.1:25988]' for 'DELETE' to 'http://localhost:25988/session/6d971e1bad7e28cfe09513c877b334ae'
18:43:27.257 [Driver Command Executor] DEBUG org.asynchttpclient.netty.request.NettyRequestSender - Using open Channel [id: 0xf9b37dac, L:/127.0.0.1:64716 - R:localhost/127.0.0.1:25988] for DELETE '/session/6d971e1bad7e28cfe09513c877b334ae'
18:43:27.288 [AsyncHttpClient-1-12] DEBUG org.asynchttpclient.netty.handler.HttpHandler - Unexpected I/O exception on channel [id: 0x27129140, L:/127.0.0.1:64723 - R:localhost/127.0.0.1:64717]
java.net.SocketException: Connection reset
	at java.base/sun.nio.ch.SocketChannelImpl.throwConnectionReset(SocketChannelImpl.java:394)
	at java.base/sun.nio.ch.SocketChannelImpl.read(SocketChannelImpl.java:426)
	at io.netty.buffer.PooledByteBuf.setBytes(PooledByteBuf.java:259)
	at io.netty.buffer.AbstractByteBuf.writeBytes(AbstractByteBuf.java:1132)
	at io.netty.channel.socket.nio.NioSocketChannel.doReadBytes(NioSocketChannel.java:357)
	at io.netty.channel.nio.AbstractNioByteChannel$NioByteUnsafe.read(AbstractNioByteChannel.java:151)
	at io.netty.channel.nio.NioEventLoop.processSelectedKey(NioEventLoop.java:788)
	at io.netty.channel.nio.NioEventLoop.processSelectedKeysOptimized(NioEventLoop.java:724)
	at io.netty.channel.nio.NioEventLoop.processSelectedKeys(NioEventLoop.java:650)
	at io.netty.channel.nio.NioEventLoop.run(NioEventLoop.java:562)
	at io.netty.util.concurrent.SingleThreadEventExecutor$4.run(SingleThreadEventExecutor.java:997)
	at io.netty.util.internal.ThreadExecutorMap$2.run(ThreadExecutorMap.java:74)
	at io.netty.util.concurrent.FastThreadLocalRunnable.run(FastThreadLocalRunnable.java:30)
	at java.base/java.lang.Thread.run(Thread.java:833)
18:43:27.288 [AsyncHttpClient-1-12] DEBUG org.asynchttpclient.netty.channel.ChannelManager - Closing Channel [id: 0x27129140, L:/127.0.0.1:64723 - R:localhost/127.0.0.1:64717] 
18:43:27.289 [AsyncHttpClient-1-12] DEBUG org.asynchttpclient.netty.handler.HttpHandler - Channel Closed: [id: 0x27129140, L:/127.0.0.1:64723 ! R:localhost/127.0.0.1:64717] with attribute DISCARD
18:43:27.299 [AsyncHttpClient-1-11] DEBUG org.asynchttpclient.netty.handler.HttpHandler - 

Request DefaultFullHttpRequest(decodeResult: success, version: HTTP/1.1, content: EmptyByteBufBE)
DELETE /session/6d971e1bad7e28cfe09513c877b334ae HTTP/1.1
User-Agent: selenium/4.8.1 (java windows)
Content-Type: application/json; charset=utf-8
host: localhost:25988
accept: */*

Response DefaultHttpResponse(decodeResult: success, version: HTTP/1.1)
HTTP/1.1 200 OK
Content-Length: 14
Content-Type: application/json; charset=utf-8
cache-control: no-cache

18:43:27.300 [AsyncHttpClient-1-11] DEBUG org.asynchttpclient.netty.channel.ChannelManager - Adding key: http://localhost:25988 for channel [id: 0xf9b37dac, L:/127.0.0.1:64716 - R:localhost/127.0.0.1:25988]
18:43:27.370 [AsyncHttpClient-1-11] DEBUG org.asynchttpclient.netty.handler.HttpHandler - Channel Closed: [id: 0xf9b37dac, L:/127.0.0.1:64716 ! R:localhost/127.0.0.1:25988] with attribute DISCARD
]]></system-out>
    <system-err><![CDATA[Starting ChromeDriver 112.0.5615.49 (bd2a7bcb881c11e8cfe3078709382934e3916914-refs/branch-heads/5615@{#936}) on port 25988
Only local connections are allowed.
Please see https://chromedriver.chromium.org/security-considerations for suggestions on keeping ChromeDriver safe.
ChromeDriver was started successfully.
May 09, 2023 6:43:23 PM org.openqa.selenium.devtools.CdpVersionFinder findNearestMatch
WARNING: Unable to find an exact match for CDP version 112, so returning the closest version found: 110
]]></system-err>
  </testcase>
  <testcase name="As user, I have to be able to purchase something" classname="PurchasePos" time="11.785">
    <system-out><![CDATA[18:43:27.399 [main] DEBUG io.cucumber.core.plugin.SerenityReporter - Running feature from file:///C:/Users/VICTUS/IdeaProjects/MiniProject/src/test/resources/features/PurchasePos.feature
18:43:27.403 [main] DEBUG net.thucydides.core.steps.StepEventBus - Test suite started for story net.thucydides.core.model.Story@975ece28
18:43:27.403 [main] INFO  - Test Suite Started: Purchase pos

@PurchasePos @userA
Scenario: As user, I have to be able to purchase something &amp#27;[90m# src/test/resources/features/PurchasePos.feature:8&amp#27;[0m
18:43:27.410 [main] DEBUG io.cucumber.core.plugin.SerenityReporter - Running feature from file:///C:/Users/VICTUS/IdeaProjects/MiniProject/src/test/resources/features/PurchasePos.feature
18:43:27.411 [main] INFO  - 
  _____   ___   ___   _____     ___   _____     _     ___   _____   ___   ___  
 |_   _| | __| / __| |_   _|   / __| |_   _|   /_\   | _ \ |_   _| | __| |   \ 
   | |   | _|  \__ \   | |     \__ \   | |    / _ \  |   /   | |   | _|  | |) |
   |_|   |___| |___/   |_|     |___/   |_|   /_/ \_\ |_|_\   |_|   |___| |___/ 

As user, I have to be able to purchase something(purchasepos;as-user--i-have-to-be-able-to-purchase-something)
--------------------------------------------------------------------------------
18:43:27.491 [AsyncHttpClient-1-1] DEBUG org.asynchttpclient.netty.channel.DefaultChannelPool - Entry count for : http://localhost:25988 : 1
18:43:27.491 [AsyncHttpClient-1-1] DEBUG org.asynchttpclient.netty.channel.DefaultChannelPool - Entry count for : http://localhost:64717 : 1
18:43:27.491 [AsyncHttpClient-1-1] DEBUG org.asynchttpclient.netty.channel.DefaultChannelPool - Adding Candidate expired Channel [id: 0xf9b37dac, L:/127.0.0.1:64716 ! R:localhost/127.0.0.1:25988] isIdleTimeoutExpired=false isRemotelyClosed=true isTtlExpired=false
18:43:27.491 [AsyncHttpClient-1-1] DEBUG org.asynchttpclient.netty.channel.DefaultChannelPool - Closing Idle Channel [id: 0xf9b37dac, L:/127.0.0.1:64716 ! R:localhost/127.0.0.1:25988]
18:43:27.491 [AsyncHttpClient-1-1] DEBUG org.asynchttpclient.netty.channel.DefaultChannelPool - Adding Candidate expired Channel [id: 0x27129140, L:/127.0.0.1:64723 ! R:localhost/127.0.0.1:64717] isIdleTimeoutExpired=false isRemotelyClosed=true isTtlExpired=false
18:43:27.491 [AsyncHttpClient-1-1] DEBUG org.asynchttpclient.netty.channel.DefaultChannelPool - Closing Idle Channel [id: 0x27129140, L:/127.0.0.1:64723 ! R:localhost/127.0.0.1:64717]
18:43:27.491 [AsyncHttpClient-1-1] DEBUG org.asynchttpclient.netty.channel.DefaultChannelPool - Closed 2 connections out of 2 in 0 ms
18:43:27.513 [main] INFO net.serenitybdd.core.webdriver.driverproviders.ChromeDriverProvider - Starting Chrome driver instance with capabilities:
18:43:27.513 [main] INFO net.serenitybdd.core.webdriver.driverproviders.ChromeDriverProvider - Capabilities {acceptInsecureCerts: false, browserName: chrome, goog:chromeOptions: {args: [remote-allow-origins=*], extensions: []}}
18:43:27.590 [AsyncHttpClient-1-14] DEBUG org.asynchttpclient.netty.channel.NettyConnectListener - Using new Channel '[id: 0x259dbec7, L:/127.0.0.1:64739 - R:localhost/127.0.0.1:7923]' for 'POST' to '/session'
18:43:28.369 [AsyncHttpClient-1-14] DEBUG org.asynchttpclient.netty.handler.HttpHandler - 

Request DefaultHttpRequest(decodeResult: success, version: HTTP/1.1)
POST /session HTTP/1.1
User-Agent: selenium/4.8.1 (java windows)
Content-Length: 507
Content-Type: application/json; charset=utf-8
host: localhost:7923
accept: */*

Response DefaultHttpResponse(decodeResult: success, version: HTTP/1.1)
HTTP/1.1 200 OK
Content-Length: 860
Content-Type: application/json; charset=utf-8
cache-control: no-cache

18:43:28.370 [AsyncHttpClient-1-14] DEBUG org.asynchttpclient.netty.channel.ChannelManager - Adding key: http://localhost:7923 for channel [id: 0x259dbec7, L:/127.0.0.1:64739 - R:localhost/127.0.0.1:7923]
18:43:28.406 [AsyncHttpClient-1-15] DEBUG org.asynchttpclient.netty.channel.NettyConnectListener - Using new Channel '[id: 0x39f5bace, L:/127.0.0.1:64746 - R:localhost/127.0.0.1:64740]' for 'GET' to '/json/version'
18:43:28.408 [AsyncHttpClient-1-15] DEBUG org.asynchttpclient.netty.handler.HttpHandler - 

Request DefaultFullHttpRequest(decodeResult: success, version: HTTP/1.1, content: EmptyByteBufBE)
GET /json/version HTTP/1.1
User-Agent: selenium/4.8.1 (java windows)
host: localhost:64740
accept: */*

Response DefaultHttpResponse(decodeResult: success, version: HTTP/1.1)
HTTP/1.1 200 OK
Content-Security-Policy: frame-ancestors 'none'
Content-Length: 424
Content-Type: application/json; charset=UTF-8

18:43:28.408 [AsyncHttpClient-1-15] DEBUG org.asynchttpclient.netty.channel.ChannelManager - Adding key: http://localhost:64740 for channel [id: 0x39f5bace, L:/127.0.0.1:64746 - R:localhost/127.0.0.1:64740]
18:43:28.412 [AsyncHttpClient-1-16] DEBUG org.asynchttpclient.netty.channel.NettyConnectListener - Using new Channel '[id: 0x67830203, L:/127.0.0.1:64747 - R:localhost/127.0.0.1:64740]' for 'GET' to '/devtools/browser/306a151c-c900-4140-a3dd-19087cc72afd'
18:43:28.418 [AsyncHttpClient-1-16] DEBUG org.asynchttpclient.netty.handler.WebSocketHandler - 

Request DefaultFullHttpRequest(decodeResult: success, version: HTTP/1.1, content: EmptyByteBufBE)
GET /devtools/browser/306a151c-c900-4140-a3dd-19087cc72afd HTTP/1.1
upgrade: websocket
connection: upgrade
sec-websocket-key: aQKoenhsRWqMWqMWmyO1sQ==
sec-websocket-version: 13
origin: http://localhost:64740
host: localhost:64740
accept: */*
user-agent: AHC/2.1

Response DefaultHttpResponse(decodeResult: success, version: HTTP/1.1)
HTTP/1.1 101 WebSocket Protocol Handshake
Upgrade: WebSocket
Connection: Upgrade
Sec-WebSocket-Accept: Te2dxA+IM+lx5tdZMBFLLbHpN+g=

18:43:28.422 [Forwarding get on session 9023590e1751055a99412125698bdf77 to remote] DEBUG org.asynchttpclient.netty.request.NettyRequestSender - Using pooled Channel '[id: 0x259dbec7, L:/127.0.0.1:64739 - R:localhost/127.0.0.1:7923]' for 'POST' to 'http://localhost:7923/session/9023590e1751055a99412125698bdf77/url'
18:43:28.422 [Forwarding get on session 9023590e1751055a99412125698bdf77 to remote] DEBUG org.asynchttpclient.netty.request.NettyRequestSender - Using open Channel [id: 0x259dbec7, L:/127.0.0.1:64739 - R:localhost/127.0.0.1:7923] for POST '/session/9023590e1751055a99412125698bdf77/url'
18:43:28.587 [AsyncHttpClient-1-1] DEBUG org.asynchttpclient.netty.channel.DefaultChannelPool - Entry count for : http://localhost:64740 : 1
18:43:29.691 [AsyncHttpClient-1-1] DEBUG org.asynchttpclient.netty.channel.DefaultChannelPool - Entry count for : http://localhost:64740 : 1
18:43:30.791 [AsyncHttpClient-1-1] DEBUG org.asynchttpclient.netty.channel.DefaultChannelPool - Entry count for : http://localhost:64740 : 1
18:43:31.886 [AsyncHttpClient-1-1] DEBUG org.asynchttpclient.netty.channel.DefaultChannelPool - Entry count for : http://localhost:64740 : 1
18:43:32.175 [AsyncHttpClient-1-14] DEBUG org.asynchttpclient.netty.handler.HttpHandler - 

Request DefaultHttpRequest(decodeResult: success, version: HTTP/1.1)
POST /session/9023590e1751055a99412125698bdf77/url HTTP/1.1
User-Agent: selenium/4.8.1 (java windows)
Content-Length: 59
Content-Type: application/json; charset=utf-8
host: localhost:7923
accept: */*

Response DefaultHttpResponse(decodeResult: success, version: HTTP/1.1)
HTTP/1.1 200 OK
Content-Length: 14
Content-Type: application/json; charset=utf-8
cache-control: no-cache

18:43:32.175 [AsyncHttpClient-1-14] DEBUG org.asynchttpclient.netty.channel.ChannelManager - Adding key: http://localhost:7923 for channel [id: 0x259dbec7, L:/127.0.0.1:64739 - R:localhost/127.0.0.1:7923]
18:43:32.177 [Forwarding setTimeout on session 9023590e1751055a99412125698bdf77 to remote] DEBUG org.asynchttpclient.netty.request.NettyRequestSender - Using pooled Channel '[id: 0x259dbec7, L:/127.0.0.1:64739 - R:localhost/127.0.0.1:7923]' for 'POST' to 'http://localhost:7923/session/9023590e1751055a99412125698bdf77/timeouts'
18:43:32.177 [Forwarding setTimeout on session 9023590e1751055a99412125698bdf77 to remote] DEBUG org.asynchttpclient.netty.request.NettyRequestSender - Using open Channel [id: 0x259dbec7, L:/127.0.0.1:64739 - R:localhost/127.0.0.1:7923] for POST '/session/9023590e1751055a99412125698bdf77/timeouts'
18:43:32.178 [AsyncHttpClient-1-14] DEBUG org.asynchttpclient.netty.handler.HttpHandler - 

Request DefaultHttpRequest(decodeResult: success, version: HTTP/1.1)
POST /session/9023590e1751055a99412125698bdf77/timeouts HTTP/1.1
User-Agent: selenium/4.8.1 (java windows)
Content-Length: 22
Content-Type: application/json; charset=utf-8
host: localhost:7923
accept: */*

Response DefaultHttpResponse(decodeResult: success, version: HTTP/1.1)
HTTP/1.1 200 OK
Content-Length: 14
Content-Type: application/json; charset=utf-8
cache-control: no-cache

18:43:32.178 [AsyncHttpClient-1-14] DEBUG org.asynchttpclient.netty.channel.ChannelManager - Adding key: http://localhost:7923 for channel [id: 0x259dbec7, L:/127.0.0.1:64739 - R:localhost/127.0.0.1:7923]
18:43:32.181 [main] DEBUG net.serenitybdd.core.photography.Darkroom - Opening darkroom
18:43:32.182 [Darkroom Processing Line] DEBUG net.serenitybdd.core.photography.DarkroomProcessingLine - Darkroom processing line starting up
18:43:32.182 [Forwarding getAlertText on session 9023590e1751055a99412125698bdf77 to remote] DEBUG org.asynchttpclient.netty.request.NettyRequestSender - Using pooled Channel '[id: 0x259dbec7, L:/127.0.0.1:64739 - R:localhost/127.0.0.1:7923]' for 'GET' to 'http://localhost:7923/session/9023590e1751055a99412125698bdf77/alert/text'
18:43:32.182 [Forwarding getAlertText on session 9023590e1751055a99412125698bdf77 to remote] DEBUG org.asynchttpclient.netty.request.NettyRequestSender - Using open Channel [id: 0x259dbec7, L:/127.0.0.1:64739 - R:localhost/127.0.0.1:7923] for GET '/session/9023590e1751055a99412125698bdf77/alert/text'
18:43:32.183 [AsyncHttpClient-1-14] DEBUG org.asynchttpclient.netty.handler.HttpHandler - 

Request DefaultFullHttpRequest(decodeResult: success, version: HTTP/1.1, content: EmptyByteBufBE)
GET /session/9023590e1751055a99412125698bdf77/alert/text HTTP/1.1
User-Agent: selenium/4.8.1 (java windows)
Cache-Control: no-cache
Content-Type: application/json; charset=utf-8
host: localhost:7923
accept: */*

Response DefaultHttpResponse(decodeResult: success, version: HTTP/1.1)
HTTP/1.1 404 Not Found
Content-Length: 821
Content-Type: application/json; charset=utf-8
cache-control: no-cache

18:43:32.183 [AsyncHttpClient-1-14] DEBUG org.asynchttpclient.netty.channel.ChannelManager - Adding key: http://localhost:7923 for channel [id: 0x259dbec7, L:/127.0.0.1:64739 - R:localhost/127.0.0.1:7923]
18:43:32.184 [Forwarding getCurrentUrl on session 9023590e1751055a99412125698bdf77 to remote] DEBUG org.asynchttpclient.netty.request.NettyRequestSender - Using pooled Channel '[id: 0x259dbec7, L:/127.0.0.1:64739 - R:localhost/127.0.0.1:7923]' for 'GET' to 'http://localhost:7923/session/9023590e1751055a99412125698bdf77/url'
18:43:32.184 [Forwarding getCurrentUrl on session 9023590e1751055a99412125698bdf77 to remote] DEBUG org.asynchttpclient.netty.request.NettyRequestSender - Using open Channel [id: 0x259dbec7, L:/127.0.0.1:64739 - R:localhost/127.0.0.1:7923] for GET '/session/9023590e1751055a99412125698bdf77/url'
18:43:32.186 [AsyncHttpClient-1-14] DEBUG org.asynchttpclient.netty.handler.HttpHandler - 

Request DefaultFullHttpRequest(decodeResult: success, version: HTTP/1.1, content: EmptyByteBufBE)
GET /session/9023590e1751055a99412125698bdf77/url HTTP/1.1
User-Agent: selenium/4.8.1 (java windows)
Cache-Control: no-cache
Content-Type: application/json; charset=utf-8
host: localhost:7923
accept: */*

Response DefaultHttpResponse(decodeResult: success, version: HTTP/1.1)
HTTP/1.1 200 OK
Content-Length: 41
Content-Type: application/json; charset=utf-8
cache-control: no-cache

18:43:32.186 [AsyncHttpClient-1-14] DEBUG org.asynchttpclient.netty.channel.ChannelManager - Adding key: http://localhost:7923 for channel [id: 0x259dbec7, L:/127.0.0.1:64739 - R:localhost/127.0.0.1:7923]
18:43:32.187 [Forwarding screenshot on session 9023590e1751055a99412125698bdf77 to remote] DEBUG org.asynchttpclient.netty.request.NettyRequestSender - Using pooled Channel '[id: 0x259dbec7, L:/127.0.0.1:64739 - R:localhost/127.0.0.1:7923]' for 'GET' to 'http://localhost:7923/session/9023590e1751055a99412125698bdf77/screenshot'
18:43:32.187 [Forwarding screenshot on session 9023590e1751055a99412125698bdf77 to remote] DEBUG org.asynchttpclient.netty.request.NettyRequestSender - Using open Channel [id: 0x259dbec7, L:/127.0.0.1:64739 - R:localhost/127.0.0.1:7923] for GET '/session/9023590e1751055a99412125698bdf77/screenshot'
18:43:32.264 [AsyncHttpClient-1-14] DEBUG org.asynchttpclient.netty.handler.HttpHandler - 

Request DefaultFullHttpRequest(decodeResult: success, version: HTTP/1.1, content: EmptyByteBufBE)
GET /session/9023590e1751055a99412125698bdf77/screenshot HTTP/1.1
User-Agent: selenium/4.8.1 (java windows)
Cache-Control: no-cache
Content-Type: application/json; charset=utf-8
host: localhost:7923
accept: */*

Response DefaultHttpResponse(decodeResult: success, version: HTTP/1.1)
HTTP/1.1 200 OK
Content-Length: 96608
Content-Type: application/json; charset=utf-8
cache-control: no-cache

18:43:32.266 [AsyncHttpClient-1-14] DEBUG org.asynchttpclient.netty.channel.ChannelManager - Adding key: http://localhost:7923 for channel [id: 0x259dbec7, L:/127.0.0.1:64739 - R:localhost/127.0.0.1:7923]
18:43:32.267 [main] DEBUG net.serenitybdd.core.photography.Darkroom - Send negative for processing for target\site\serenity\122e58814d0fc629db23b4ff9ae0233e3316bf515077042bd85aa8163b0365ff.png
18:43:32.267 [Forwarding getPageSource on session 9023590e1751055a99412125698bdf77 to remote] DEBUG org.asynchttpclient.netty.request.NettyRequestSender - Using pooled Channel '[id: 0x259dbec7, L:/127.0.0.1:64739 - R:localhost/127.0.0.1:7923]' for 'POST' to 'http://localhost:7923/session/9023590e1751055a99412125698bdf77/execute/sync'
18:43:32.268 [Forwarding getPageSource on session 9023590e1751055a99412125698bdf77 to remote] DEBUG org.asynchttpclient.netty.request.NettyRequestSender - Using open Channel [id: 0x259dbec7, L:/127.0.0.1:64739 - R:localhost/127.0.0.1:7923] for POST '/session/9023590e1751055a99412125698bdf77/execute/sync'
18:43:32.301 [AsyncHttpClient-1-14] DEBUG org.asynchttpclient.netty.handler.HttpHandler - 

Request DefaultHttpRequest(decodeResult: success, version: HTTP/1.1)
POST /session/9023590e1751055a99412125698bdf77/execute/sync HTTP/1.1
User-Agent: selenium/4.8.1 (java windows)
Content-Length: 176
Content-Type: application/json; charset=utf-8
host: localhost:7923
accept: */*

Response DefaultHttpResponse(decodeResult: success, version: HTTP/1.1)
HTTP/1.1 200 OK
Content-Length: 904358
Content-Type: application/json; charset=utf-8
cache-control: no-cache

18:43:32.302 [AsyncHttpClient-1-14] DEBUG org.asynchttpclient.netty.channel.ChannelManager - Adding key: http://localhost:7923 for channel [id: 0x259dbec7, L:/127.0.0.1:64739 - R:localhost/127.0.0.1:7923]
18:43:32.338 [Forwarding getCurrentUrl on session 9023590e1751055a99412125698bdf77 to remote] DEBUG org.asynchttpclient.netty.request.NettyRequestSender - Using pooled Channel '[id: 0x259dbec7, L:/127.0.0.1:64739 - R:localhost/127.0.0.1:7923]' for 'GET' to 'http://localhost:7923/session/9023590e1751055a99412125698bdf77/url'
18:43:32.338 [Forwarding getCurrentUrl on session 9023590e1751055a99412125698bdf77 to remote] DEBUG org.asynchttpclient.netty.request.NettyRequestSender - Using open Channel [id: 0x259dbec7, L:/127.0.0.1:64739 - R:localhost/127.0.0.1:7923] for GET '/session/9023590e1751055a99412125698bdf77/url'
18:43:32.341 [AsyncHttpClient-1-14] DEBUG org.asynchttpclient.netty.handler.HttpHandler - 

Request DefaultFullHttpRequest(decodeResult: success, version: HTTP/1.1, content: EmptyByteBufBE)
GET /session/9023590e1751055a99412125698bdf77/url HTTP/1.1
User-Agent: selenium/4.8.1 (java windows)
Cache-Control: no-cache
Content-Type: application/json; charset=utf-8
host: localhost:7923
accept: */*

Response DefaultHttpResponse(decodeResult: success, version: HTTP/1.1)
HTTP/1.1 200 OK
Content-Length: 41
Content-Type: application/json; charset=utf-8
cache-control: no-cache

18:43:32.341 [AsyncHttpClient-1-14] DEBUG org.asynchttpclient.netty.channel.ChannelManager - Adding key: http://localhost:7923 for channel [id: 0x259dbec7, L:/127.0.0.1:64739 - R:localhost/127.0.0.1:7923]
18:43:32.344 [main] DEBUG net.thucydides.core.steps.StepInterceptor - STARTING STEP: PurchasePosSteps.onTheNonAccountHomePage - validateOnNonAccountHomePage
18:43:32.345 [Forwarding findElement on session 9023590e1751055a99412125698bdf77 to remote] DEBUG org.asynchttpclient.netty.request.NettyRequestSender - Using pooled Channel '[id: 0x259dbec7, L:/127.0.0.1:64739 - R:localhost/127.0.0.1:7923]' for 'POST' to 'http://localhost:7923/session/9023590e1751055a99412125698bdf77/element'
18:43:32.345 [Forwarding findElement on session 9023590e1751055a99412125698bdf77 to remote] DEBUG org.asynchttpclient.netty.request.NettyRequestSender - Using open Channel [id: 0x259dbec7, L:/127.0.0.1:64739 - R:localhost/127.0.0.1:7923] for POST '/session/9023590e1751055a99412125698bdf77/element'
18:43:32.357 [AsyncHttpClient-1-14] DEBUG org.asynchttpclient.netty.handler.HttpHandler - 

Request DefaultHttpRequest(decodeResult: success, version: HTTP/1.1)
POST /session/9023590e1751055a99412125698bdf77/element HTTP/1.1
User-Agent: selenium/4.8.1 (java windows)
Content-Length: 168
Content-Type: application/json; charset=utf-8
host: localhost:7923
accept: */*

Response DefaultHttpResponse(decodeResult: success, version: HTTP/1.1)
HTTP/1.1 200 OK
Content-Length: 88
Content-Type: application/json; charset=utf-8
cache-control: no-cache

18:43:32.357 [AsyncHttpClient-1-14] DEBUG org.asynchttpclient.netty.channel.ChannelManager - Adding key: http://localhost:7923 for channel [id: 0x259dbec7, L:/127.0.0.1:64739 - R:localhost/127.0.0.1:7923]
18:43:32.359 [Forwarding isElementDisplayed on session 9023590e1751055a99412125698bdf77 to remote] DEBUG org.asynchttpclient.netty.request.NettyRequestSender - Using pooled Channel '[id: 0x259dbec7, L:/127.0.0.1:64739 - R:localhost/127.0.0.1:7923]' for 'POST' to 'http://localhost:7923/session/9023590e1751055a99412125698bdf77/execute/sync'
18:43:32.359 [Forwarding isElementDisplayed on session 9023590e1751055a99412125698bdf77 to remote] DEBUG org.asynchttpclient.netty.request.NettyRequestSender - Using open Channel [id: 0x259dbec7, L:/127.0.0.1:64739 - R:localhost/127.0.0.1:7923] for POST '/session/9023590e1751055a99412125698bdf77/execute/sync'
18:43:32.366 [AsyncHttpClient-1-14] DEBUG org.asynchttpclient.netty.handler.HttpHandler - 

Request DefaultHttpRequest(decodeResult: success, version: HTTP/1.1)
POST /session/9023590e1751055a99412125698bdf77/execute/sync HTTP/1.1
User-Agent: selenium/4.8.1 (java windows)
Content-Length: 48807
Content-Type: application/json; charset=utf-8
host: localhost:7923
accept: */*

Response DefaultHttpResponse(decodeResult: success, version: HTTP/1.1)
HTTP/1.1 200 OK
Content-Length: 14
Content-Type: application/json; charset=utf-8
cache-control: no-cache

18:43:32.366 [AsyncHttpClient-1-14] DEBUG org.asynchttpclient.netty.channel.ChannelManager - Adding key: http://localhost:7923 for channel [id: 0x259dbec7, L:/127.0.0.1:64739 - R:localhost/127.0.0.1:7923]
18:43:32.368 [Forwarding getAlertText on session 9023590e1751055a99412125698bdf77 to remote] DEBUG org.asynchttpclient.netty.request.NettyRequestSender - Using pooled Channel '[id: 0x259dbec7, L:/127.0.0.1:64739 - R:localhost/127.0.0.1:7923]' for 'GET' to 'http://localhost:7923/session/9023590e1751055a99412125698bdf77/alert/text'
18:43:32.368 [Forwarding getAlertText on session 9023590e1751055a99412125698bdf77 to remote] DEBUG org.asynchttpclient.netty.request.NettyRequestSender - Using open Channel [id: 0x259dbec7, L:/127.0.0.1:64739 - R:localhost/127.0.0.1:7923] for GET '/session/9023590e1751055a99412125698bdf77/alert/text'
18:43:32.369 [AsyncHttpClient-1-14] DEBUG org.asynchttpclient.netty.handler.HttpHandler - 

Request DefaultFullHttpRequest(decodeResult: success, version: HTTP/1.1, content: EmptyByteBufBE)
GET /session/9023590e1751055a99412125698bdf77/alert/text HTTP/1.1
User-Agent: selenium/4.8.1 (java windows)
Cache-Control: no-cache
Content-Type: application/json; charset=utf-8
host: localhost:7923
accept: */*

Response DefaultHttpResponse(decodeResult: success, version: HTTP/1.1)
HTTP/1.1 404 Not Found
Content-Length: 821
Content-Type: application/json; charset=utf-8
cache-control: no-cache

18:43:32.369 [AsyncHttpClient-1-14] DEBUG org.asynchttpclient.netty.channel.ChannelManager - Adding key: http://localhost:7923 for channel [id: 0x259dbec7, L:/127.0.0.1:64739 - R:localhost/127.0.0.1:7923]
18:43:32.369 [Forwarding getCurrentUrl on session 9023590e1751055a99412125698bdf77 to remote] DEBUG org.asynchttpclient.netty.request.NettyRequestSender - Using pooled Channel '[id: 0x259dbec7, L:/127.0.0.1:64739 - R:localhost/127.0.0.1:7923]' for 'GET' to 'http://localhost:7923/session/9023590e1751055a99412125698bdf77/url'
18:43:32.369 [Forwarding getCurrentUrl on session 9023590e1751055a99412125698bdf77 to remote] DEBUG org.asynchttpclient.netty.request.NettyRequestSender - Using open Channel [id: 0x259dbec7, L:/127.0.0.1:64739 - R:localhost/127.0.0.1:7923] for GET '/session/9023590e1751055a99412125698bdf77/url'
18:43:32.371 [AsyncHttpClient-1-14] DEBUG org.asynchttpclient.netty.handler.HttpHandler - 

Request DefaultFullHttpRequest(decodeResult: success, version: HTTP/1.1, content: EmptyByteBufBE)
GET /session/9023590e1751055a99412125698bdf77/url HTTP/1.1
User-Agent: selenium/4.8.1 (java windows)
Cache-Control: no-cache
Content-Type: application/json; charset=utf-8
host: localhost:7923
accept: */*

Response DefaultHttpResponse(decodeResult: success, version: HTTP/1.1)
HTTP/1.1 200 OK
Content-Length: 41
Content-Type: application/json; charset=utf-8
cache-control: no-cache

18:43:32.371 [AsyncHttpClient-1-14] DEBUG org.asynchttpclient.netty.channel.ChannelManager - Adding key: http://localhost:7923 for channel [id: 0x259dbec7, L:/127.0.0.1:64739 - R:localhost/127.0.0.1:7923]
18:43:32.371 [Forwarding screenshot on session 9023590e1751055a99412125698bdf77 to remote] DEBUG org.asynchttpclient.netty.request.NettyRequestSender - Using pooled Channel '[id: 0x259dbec7, L:/127.0.0.1:64739 - R:localhost/127.0.0.1:7923]' for 'GET' to 'http://localhost:7923/session/9023590e1751055a99412125698bdf77/screenshot'
18:43:32.371 [Forwarding screenshot on session 9023590e1751055a99412125698bdf77 to remote] DEBUG org.asynchttpclient.netty.request.NettyRequestSender - Using open Channel [id: 0x259dbec7, L:/127.0.0.1:64739 - R:localhost/127.0.0.1:7923] for GET '/session/9023590e1751055a99412125698bdf77/screenshot'
18:43:32.439 [AsyncHttpClient-1-14] DEBUG org.asynchttpclient.netty.handler.HttpHandler - 

Request DefaultFullHttpRequest(decodeResult: success, version: HTTP/1.1, content: EmptyByteBufBE)
GET /session/9023590e1751055a99412125698bdf77/screenshot HTTP/1.1
User-Agent: selenium/4.8.1 (java windows)
Cache-Control: no-cache
Content-Type: application/json; charset=utf-8
host: localhost:7923
accept: */*

Response DefaultHttpResponse(decodeResult: success, version: HTTP/1.1)
HTTP/1.1 200 OK
Content-Length: 96608
Content-Type: application/json; charset=utf-8
cache-control: no-cache

18:43:32.439 [AsyncHttpClient-1-14] DEBUG org.asynchttpclient.netty.channel.ChannelManager - Adding key: http://localhost:7923 for channel [id: 0x259dbec7, L:/127.0.0.1:64739 - R:localhost/127.0.0.1:7923]
18:43:32.442 [main] DEBUG net.serenitybdd.core.photography.Darkroom - Send negative for processing for target\site\serenity\122e58814d0fc629db23b4ff9ae0233e3316bf515077042bd85aa8163b0365ff.png
18:43:32.443 [main] DEBUG net.thucydides.core.steps.StepInterceptor - STEP DONE: validateOnNonAccountHomePage
  &amp#27;[32mGiven &amp#27;[0m&amp#27;[32mI am on the non-account Homepage&amp#27;[0m                   &amp#27;[90m# starter.stepDefinition.PurchasePosSteps.onTheNonAccountHomePage()&amp#27;[0m
18:43:32.448 [Forwarding getPageSource on session 9023590e1751055a99412125698bdf77 to remote] DEBUG org.asynchttpclient.netty.request.NettyRequestSender - Using pooled Channel '[id: 0x259dbec7, L:/127.0.0.1:64739 - R:localhost/127.0.0.1:7923]' for 'POST' to 'http://localhost:7923/session/9023590e1751055a99412125698bdf77/execute/sync'
18:43:32.448 [Forwarding getPageSource on session 9023590e1751055a99412125698bdf77 to remote] DEBUG org.asynchttpclient.netty.request.NettyRequestSender - Using open Channel [id: 0x259dbec7, L:/127.0.0.1:64739 - R:localhost/127.0.0.1:7923] for POST '/session/9023590e1751055a99412125698bdf77/execute/sync'
18:43:32.668 [AsyncHttpClient-1-14] DEBUG org.asynchttpclient.netty.handler.HttpHandler - 

Request DefaultHttpRequest(decodeResult: success, version: HTTP/1.1)
POST /session/9023590e1751055a99412125698bdf77/execute/sync HTTP/1.1
User-Agent: selenium/4.8.1 (java windows)
Content-Length: 176
Content-Type: application/json; charset=utf-8
host: localhost:7923
accept: */*

Response DefaultHttpResponse(decodeResult: success, version: HTTP/1.1)
HTTP/1.1 200 OK
Content-Length: 904358
Content-Type: application/json; charset=utf-8
cache-control: no-cache

18:43:32.669 [AsyncHttpClient-1-14] DEBUG org.asynchttpclient.netty.channel.ChannelManager - Adding key: http://localhost:7923 for channel [id: 0x259dbec7, L:/127.0.0.1:64739 - R:localhost/127.0.0.1:7923]
18:43:32.703 [Forwarding getCurrentUrl on session 9023590e1751055a99412125698bdf77 to remote] DEBUG org.asynchttpclient.netty.request.NettyRequestSender - Using pooled Channel '[id: 0x259dbec7, L:/127.0.0.1:64739 - R:localhost/127.0.0.1:7923]' for 'GET' to 'http://localhost:7923/session/9023590e1751055a99412125698bdf77/url'
18:43:32.703 [Forwarding getCurrentUrl on session 9023590e1751055a99412125698bdf77 to remote] DEBUG org.asynchttpclient.netty.request.NettyRequestSender - Using open Channel [id: 0x259dbec7, L:/127.0.0.1:64739 - R:localhost/127.0.0.1:7923] for GET '/session/9023590e1751055a99412125698bdf77/url'
18:43:32.924 [AsyncHttpClient-1-14] DEBUG org.asynchttpclient.netty.handler.HttpHandler - 

Request DefaultFullHttpRequest(decodeResult: success, version: HTTP/1.1, content: EmptyByteBufBE)
GET /session/9023590e1751055a99412125698bdf77/url HTTP/1.1
User-Agent: selenium/4.8.1 (java windows)
Cache-Control: no-cache
Content-Type: application/json; charset=utf-8
host: localhost:7923
accept: */*

Response DefaultHttpResponse(decodeResult: success, version: HTTP/1.1)
HTTP/1.1 200 OK
Content-Length: 41
Content-Type: application/json; charset=utf-8
cache-control: no-cache

18:43:32.924 [AsyncHttpClient-1-14] DEBUG org.asynchttpclient.netty.channel.ChannelManager - Adding key: http://localhost:7923 for channel [id: 0x259dbec7, L:/127.0.0.1:64739 - R:localhost/127.0.0.1:7923]
18:43:32.930 [Forwarding getAlertText on session 9023590e1751055a99412125698bdf77 to remote] DEBUG org.asynchttpclient.netty.request.NettyRequestSender - Using pooled Channel '[id: 0x259dbec7, L:/127.0.0.1:64739 - R:localhost/127.0.0.1:7923]' for 'GET' to 'http://localhost:7923/session/9023590e1751055a99412125698bdf77/alert/text'
18:43:32.930 [Forwarding getAlertText on session 9023590e1751055a99412125698bdf77 to remote] DEBUG org.asynchttpclient.netty.request.NettyRequestSender - Using open Channel [id: 0x259dbec7, L:/127.0.0.1:64739 - R:localhost/127.0.0.1:7923] for GET '/session/9023590e1751055a99412125698bdf77/alert/text'
18:43:32.931 [AsyncHttpClient-1-14] DEBUG org.asynchttpclient.netty.handler.HttpHandler - 

Request DefaultFullHttpRequest(decodeResult: success, version: HTTP/1.1, content: EmptyByteBufBE)
GET /session/9023590e1751055a99412125698bdf77/alert/text HTTP/1.1
User-Agent: selenium/4.8.1 (java windows)
Cache-Control: no-cache
Content-Type: application/json; charset=utf-8
host: localhost:7923
accept: */*

Response DefaultHttpResponse(decodeResult: success, version: HTTP/1.1)
HTTP/1.1 404 Not Found
Content-Length: 821
Content-Type: application/json; charset=utf-8
cache-control: no-cache

18:43:32.931 [AsyncHttpClient-1-14] DEBUG org.asynchttpclient.netty.channel.ChannelManager - Adding key: http://localhost:7923 for channel [id: 0x259dbec7, L:/127.0.0.1:64739 - R:localhost/127.0.0.1:7923]
18:43:32.932 [Forwarding getCurrentUrl on session 9023590e1751055a99412125698bdf77 to remote] DEBUG org.asynchttpclient.netty.request.NettyRequestSender - Using pooled Channel '[id: 0x259dbec7, L:/127.0.0.1:64739 - R:localhost/127.0.0.1:7923]' for 'GET' to 'http://localhost:7923/session/9023590e1751055a99412125698bdf77/url'
18:43:32.932 [Forwarding getCurrentUrl on session 9023590e1751055a99412125698bdf77 to remote] DEBUG org.asynchttpclient.netty.request.NettyRequestSender - Using open Channel [id: 0x259dbec7, L:/127.0.0.1:64739 - R:localhost/127.0.0.1:7923] for GET '/session/9023590e1751055a99412125698bdf77/url'
18:43:32.934 [AsyncHttpClient-1-14] DEBUG org.asynchttpclient.netty.handler.HttpHandler - 

Request DefaultFullHttpRequest(decodeResult: success, version: HTTP/1.1, content: EmptyByteBufBE)
GET /session/9023590e1751055a99412125698bdf77/url HTTP/1.1
User-Agent: selenium/4.8.1 (java windows)
Cache-Control: no-cache
Content-Type: application/json; charset=utf-8
host: localhost:7923
accept: */*

Response DefaultHttpResponse(decodeResult: success, version: HTTP/1.1)
HTTP/1.1 200 OK
Content-Length: 41
Content-Type: application/json; charset=utf-8
cache-control: no-cache

18:43:32.934 [AsyncHttpClient-1-14] DEBUG org.asynchttpclient.netty.channel.ChannelManager - Adding key: http://localhost:7923 for channel [id: 0x259dbec7, L:/127.0.0.1:64739 - R:localhost/127.0.0.1:7923]
18:43:32.934 [Forwarding screenshot on session 9023590e1751055a99412125698bdf77 to remote] DEBUG org.asynchttpclient.netty.request.NettyRequestSender - Using pooled Channel '[id: 0x259dbec7, L:/127.0.0.1:64739 - R:localhost/127.0.0.1:7923]' for 'GET' to 'http://localhost:7923/session/9023590e1751055a99412125698bdf77/screenshot'
18:43:32.934 [Forwarding screenshot on session 9023590e1751055a99412125698bdf77 to remote] DEBUG org.asynchttpclient.netty.request.NettyRequestSender - Using open Channel [id: 0x259dbec7, L:/127.0.0.1:64739 - R:localhost/127.0.0.1:7923] for GET '/session/9023590e1751055a99412125698bdf77/screenshot'
18:43:32.990 [AsyncHttpClient-1-1] DEBUG org.asynchttpclient.netty.channel.DefaultChannelPool - Entry count for : http://localhost:64740 : 1
18:43:33.009 [AsyncHttpClient-1-14] DEBUG org.asynchttpclient.netty.handler.HttpHandler - 

Request DefaultFullHttpRequest(decodeResult: success, version: HTTP/1.1, content: EmptyByteBufBE)
GET /session/9023590e1751055a99412125698bdf77/screenshot HTTP/1.1
User-Agent: selenium/4.8.1 (java windows)
Cache-Control: no-cache
Content-Type: application/json; charset=utf-8
host: localhost:7923
accept: */*

Response DefaultHttpResponse(decodeResult: success, version: HTTP/1.1)
HTTP/1.1 200 OK
Content-Length: 96608
Content-Type: application/json; charset=utf-8
cache-control: no-cache

18:43:33.009 [AsyncHttpClient-1-14] DEBUG org.asynchttpclient.netty.channel.ChannelManager - Adding key: http://localhost:7923 for channel [id: 0x259dbec7, L:/127.0.0.1:64739 - R:localhost/127.0.0.1:7923]
18:43:33.012 [main] DEBUG net.serenitybdd.core.photography.Darkroom - Send negative for processing for target\site\serenity\122e58814d0fc629db23b4ff9ae0233e3316bf515077042bd85aa8163b0365ff.png
18:43:33.013 [Forwarding getPageSource on session 9023590e1751055a99412125698bdf77 to remote] DEBUG org.asynchttpclient.netty.request.NettyRequestSender - Using pooled Channel '[id: 0x259dbec7, L:/127.0.0.1:64739 - R:localhost/127.0.0.1:7923]' for 'POST' to 'http://localhost:7923/session/9023590e1751055a99412125698bdf77/execute/sync'
18:43:33.013 [Forwarding getPageSource on session 9023590e1751055a99412125698bdf77 to remote] DEBUG org.asynchttpclient.netty.request.NettyRequestSender - Using open Channel [id: 0x259dbec7, L:/127.0.0.1:64739 - R:localhost/127.0.0.1:7923] for POST '/session/9023590e1751055a99412125698bdf77/execute/sync'
18:43:33.048 [AsyncHttpClient-1-14] DEBUG org.asynchttpclient.netty.handler.HttpHandler - 

Request DefaultHttpRequest(decodeResult: success, version: HTTP/1.1)
POST /session/9023590e1751055a99412125698bdf77/execute/sync HTTP/1.1
User-Agent: selenium/4.8.1 (java windows)
Content-Length: 176
Content-Type: application/json; charset=utf-8
host: localhost:7923
accept: */*

Response DefaultHttpResponse(decodeResult: success, version: HTTP/1.1)
HTTP/1.1 200 OK
Content-Length: 904358
Content-Type: application/json; charset=utf-8
cache-control: no-cache

18:43:33.048 [AsyncHttpClient-1-14] DEBUG org.asynchttpclient.netty.channel.ChannelManager - Adding key: http://localhost:7923 for channel [id: 0x259dbec7, L:/127.0.0.1:64739 - R:localhost/127.0.0.1:7923]
18:43:33.091 [Forwarding getCurrentUrl on session 9023590e1751055a99412125698bdf77 to remote] DEBUG org.asynchttpclient.netty.request.NettyRequestSender - Using pooled Channel '[id: 0x259dbec7, L:/127.0.0.1:64739 - R:localhost/127.0.0.1:7923]' for 'GET' to 'http://localhost:7923/session/9023590e1751055a99412125698bdf77/url'
18:43:33.091 [Forwarding getCurrentUrl on session 9023590e1751055a99412125698bdf77 to remote] DEBUG org.asynchttpclient.netty.request.NettyRequestSender - Using open Channel [id: 0x259dbec7, L:/127.0.0.1:64739 - R:localhost/127.0.0.1:7923] for GET '/session/9023590e1751055a99412125698bdf77/url'
18:43:33.122 [AsyncHttpClient-1-14] DEBUG org.asynchttpclient.netty.handler.HttpHandler - 

Request DefaultFullHttpRequest(decodeResult: success, version: HTTP/1.1, content: EmptyByteBufBE)
GET /session/9023590e1751055a99412125698bdf77/url HTTP/1.1
User-Agent: selenium/4.8.1 (java windows)
Cache-Control: no-cache
Content-Type: application/json; charset=utf-8
host: localhost:7923
accept: */*

Response DefaultHttpResponse(decodeResult: success, version: HTTP/1.1)
HTTP/1.1 200 OK
Content-Length: 41
Content-Type: application/json; charset=utf-8
cache-control: no-cache

18:43:33.122 [AsyncHttpClient-1-14] DEBUG org.asynchttpclient.netty.channel.ChannelManager - Adding key: http://localhost:7923 for channel [id: 0x259dbec7, L:/127.0.0.1:64739 - R:localhost/127.0.0.1:7923]
18:43:33.125 [main] DEBUG net.thucydides.core.steps.StepInterceptor - STARTING STEP: PurchasePosSteps.clickLoginHomeButton - clickLoginHomeButton
18:43:33.126 [Forwarding findElement on session 9023590e1751055a99412125698bdf77 to remote] DEBUG org.asynchttpclient.netty.request.NettyRequestSender - Using pooled Channel '[id: 0x259dbec7, L:/127.0.0.1:64739 - R:localhost/127.0.0.1:7923]' for 'POST' to 'http://localhost:7923/session/9023590e1751055a99412125698bdf77/element'
18:43:33.126 [Forwarding findElement on session 9023590e1751055a99412125698bdf77 to remote] DEBUG org.asynchttpclient.netty.request.NettyRequestSender - Using open Channel [id: 0x259dbec7, L:/127.0.0.1:64739 - R:localhost/127.0.0.1:7923] for POST '/session/9023590e1751055a99412125698bdf77/element'
18:43:33.186 [AsyncHttpClient-1-14] DEBUG org.asynchttpclient.netty.handler.HttpHandler - 

Request DefaultHttpRequest(decodeResult: success, version: HTTP/1.1)
POST /session/9023590e1751055a99412125698bdf77/element HTTP/1.1
User-Agent: selenium/4.8.1 (java windows)
Content-Length: 168
Content-Type: application/json; charset=utf-8
host: localhost:7923
accept: */*

Response DefaultHttpResponse(decodeResult: success, version: HTTP/1.1)
HTTP/1.1 200 OK
Content-Length: 88
Content-Type: application/json; charset=utf-8
cache-control: no-cache

18:43:33.186 [AsyncHttpClient-1-14] DEBUG org.asynchttpclient.netty.channel.ChannelManager - Adding key: http://localhost:7923 for channel [id: 0x259dbec7, L:/127.0.0.1:64739 - R:localhost/127.0.0.1:7923]
18:43:33.187 [Forwarding getElementTagName on session 9023590e1751055a99412125698bdf77 to remote] DEBUG org.asynchttpclient.netty.request.NettyRequestSender - Using pooled Channel '[id: 0x259dbec7, L:/127.0.0.1:64739 - R:localhost/127.0.0.1:7923]' for 'GET' to 'http://localhost:7923/session/9023590e1751055a99412125698bdf77/element/d61a9410-742b-4f8a-bb5e-fe5e6a1fcb2b/name'
18:43:33.187 [Forwarding getElementTagName on session 9023590e1751055a99412125698bdf77 to remote] DEBUG org.asynchttpclient.netty.request.NettyRequestSender - Using open Channel [id: 0x259dbec7, L:/127.0.0.1:64739 - R:localhost/127.0.0.1:7923] for GET '/session/9023590e1751055a99412125698bdf77/element/d61a9410-742b-4f8a-bb5e-fe5e6a1fcb2b/name'
18:43:33.189 [AsyncHttpClient-1-14] DEBUG org.asynchttpclient.netty.handler.HttpHandler - 

Request DefaultFullHttpRequest(decodeResult: success, version: HTTP/1.1, content: EmptyByteBufBE)
GET /session/9023590e1751055a99412125698bdf77/element/d61a9410-742b-4f8a-bb5e-fe5e6a1fcb2b/name HTTP/1.1
User-Agent: selenium/4.8.1 (java windows)
Cache-Control: no-cache
Content-Type: application/json; charset=utf-8
host: localhost:7923
accept: */*

Response DefaultHttpResponse(decodeResult: success, version: HTTP/1.1)
HTTP/1.1 200 OK
Content-Length: 13
Content-Type: application/json; charset=utf-8
cache-control: no-cache

18:43:33.189 [AsyncHttpClient-1-14] DEBUG org.asynchttpclient.netty.channel.ChannelManager - Adding key: http://localhost:7923 for channel [id: 0x259dbec7, L:/127.0.0.1:64739 - R:localhost/127.0.0.1:7923]
18:43:33.190 [Forwarding getElementTagName on session 9023590e1751055a99412125698bdf77 to remote] DEBUG org.asynchttpclient.netty.request.NettyRequestSender - Using pooled Channel '[id: 0x259dbec7, L:/127.0.0.1:64739 - R:localhost/127.0.0.1:7923]' for 'GET' to 'http://localhost:7923/session/9023590e1751055a99412125698bdf77/element/d61a9410-742b-4f8a-bb5e-fe5e6a1fcb2b/name'
18:43:33.190 [Forwarding getElementTagName on session 9023590e1751055a99412125698bdf77 to remote] DEBUG org.asynchttpclient.netty.request.NettyRequestSender - Using open Channel [id: 0x259dbec7, L:/127.0.0.1:64739 - R:localhost/127.0.0.1:7923] for GET '/session/9023590e1751055a99412125698bdf77/element/d61a9410-742b-4f8a-bb5e-fe5e6a1fcb2b/name'
18:43:33.191 [AsyncHttpClient-1-14] DEBUG org.asynchttpclient.netty.handler.HttpHandler - 

Request DefaultFullHttpRequest(decodeResult: success, version: HTTP/1.1, content: EmptyByteBufBE)
GET /session/9023590e1751055a99412125698bdf77/element/d61a9410-742b-4f8a-bb5e-fe5e6a1fcb2b/name HTTP/1.1
User-Agent: selenium/4.8.1 (java windows)
Cache-Control: no-cache
Content-Type: application/json; charset=utf-8
host: localhost:7923
accept: */*

Response DefaultHttpResponse(decodeResult: success, version: HTTP/1.1)
HTTP/1.1 200 OK
Content-Length: 13
Content-Type: application/json; charset=utf-8
cache-control: no-cache

18:43:33.191 [AsyncHttpClient-1-14] DEBUG org.asynchttpclient.netty.channel.ChannelManager - Adding key: http://localhost:7923 for channel [id: 0x259dbec7, L:/127.0.0.1:64739 - R:localhost/127.0.0.1:7923]
18:43:33.192 [Forwarding findElement on session 9023590e1751055a99412125698bdf77 to remote] DEBUG org.asynchttpclient.netty.request.NettyRequestSender - Using pooled Channel '[id: 0x259dbec7, L:/127.0.0.1:64739 - R:localhost/127.0.0.1:7923]' for 'POST' to 'http://localhost:7923/session/9023590e1751055a99412125698bdf77/element'
18:43:33.192 [Forwarding findElement on session 9023590e1751055a99412125698bdf77 to remote] DEBUG org.asynchttpclient.netty.request.NettyRequestSender - Using open Channel [id: 0x259dbec7, L:/127.0.0.1:64739 - R:localhost/127.0.0.1:7923] for POST '/session/9023590e1751055a99412125698bdf77/element'
18:43:33.199 [AsyncHttpClient-1-14] DEBUG org.asynchttpclient.netty.handler.HttpHandler - 

Request DefaultHttpRequest(decodeResult: success, version: HTTP/1.1)
POST /session/9023590e1751055a99412125698bdf77/element HTTP/1.1
User-Agent: selenium/4.8.1 (java windows)
Content-Length: 168
Content-Type: application/json; charset=utf-8
host: localhost:7923
accept: */*

Response DefaultHttpResponse(decodeResult: success, version: HTTP/1.1)
HTTP/1.1 200 OK
Content-Length: 88
Content-Type: application/json; charset=utf-8
cache-control: no-cache

18:43:33.199 [AsyncHttpClient-1-14] DEBUG org.asynchttpclient.netty.channel.ChannelManager - Adding key: http://localhost:7923 for channel [id: 0x259dbec7, L:/127.0.0.1:64739 - R:localhost/127.0.0.1:7923]
18:43:33.200 [Forwarding clickElement on session 9023590e1751055a99412125698bdf77 to remote] DEBUG org.asynchttpclient.netty.request.NettyRequestSender - Using pooled Channel '[id: 0x259dbec7, L:/127.0.0.1:64739 - R:localhost/127.0.0.1:7923]' for 'POST' to 'http://localhost:7923/session/9023590e1751055a99412125698bdf77/element/d61a9410-742b-4f8a-bb5e-fe5e6a1fcb2b/click'
18:43:33.200 [Forwarding clickElement on session 9023590e1751055a99412125698bdf77 to remote] DEBUG org.asynchttpclient.netty.request.NettyRequestSender - Using open Channel [id: 0x259dbec7, L:/127.0.0.1:64739 - R:localhost/127.0.0.1:7923] for POST '/session/9023590e1751055a99412125698bdf77/element/d61a9410-742b-4f8a-bb5e-fe5e6a1fcb2b/click'
18:43:33.244 [AsyncHttpClient-1-14] DEBUG org.asynchttpclient.netty.handler.HttpHandler - 

Request DefaultHttpRequest(decodeResult: success, version: HTTP/1.1)
POST /session/9023590e1751055a99412125698bdf77/element/d61a9410-742b-4f8a-bb5e-fe5e6a1fcb2b/click HTTP/1.1
User-Agent: selenium/4.8.1 (java windows)
Content-Length: 50
Content-Type: application/json; charset=utf-8
host: localhost:7923
accept: */*

Response DefaultHttpResponse(decodeResult: success, version: HTTP/1.1)
HTTP/1.1 200 OK
Content-Length: 14
Content-Type: application/json; charset=utf-8
cache-control: no-cache

18:43:33.244 [AsyncHttpClient-1-14] DEBUG org.asynchttpclient.netty.channel.ChannelManager - Adding key: http://localhost:7923 for channel [id: 0x259dbec7, L:/127.0.0.1:64739 - R:localhost/127.0.0.1:7923]
18:43:33.250 [Forwarding getAlertText on session 9023590e1751055a99412125698bdf77 to remote] DEBUG org.asynchttpclient.netty.request.NettyRequestSender - Using pooled Channel '[id: 0x259dbec7, L:/127.0.0.1:64739 - R:localhost/127.0.0.1:7923]' for 'GET' to 'http://localhost:7923/session/9023590e1751055a99412125698bdf77/alert/text'
18:43:33.250 [Forwarding getAlertText on session 9023590e1751055a99412125698bdf77 to remote] DEBUG org.asynchttpclient.netty.request.NettyRequestSender - Using open Channel [id: 0x259dbec7, L:/127.0.0.1:64739 - R:localhost/127.0.0.1:7923] for GET '/session/9023590e1751055a99412125698bdf77/alert/text'
18:43:33.445 [AsyncHttpClient-1-14] DEBUG org.asynchttpclient.netty.handler.HttpHandler - 

Request DefaultFullHttpRequest(decodeResult: success, version: HTTP/1.1, content: EmptyByteBufBE)
GET /session/9023590e1751055a99412125698bdf77/alert/text HTTP/1.1
User-Agent: selenium/4.8.1 (java windows)
Cache-Control: no-cache
Content-Type: application/json; charset=utf-8
host: localhost:7923
accept: */*

Response DefaultHttpResponse(decodeResult: success, version: HTTP/1.1)
HTTP/1.1 404 Not Found
Content-Length: 821
Content-Type: application/json; charset=utf-8
cache-control: no-cache

18:43:33.445 [AsyncHttpClient-1-14] DEBUG org.asynchttpclient.netty.channel.ChannelManager - Adding key: http://localhost:7923 for channel [id: 0x259dbec7, L:/127.0.0.1:64739 - R:localhost/127.0.0.1:7923]
18:43:33.447 [Forwarding getCurrentUrl on session 9023590e1751055a99412125698bdf77 to remote] DEBUG org.asynchttpclient.netty.request.NettyRequestSender - Using pooled Channel '[id: 0x259dbec7, L:/127.0.0.1:64739 - R:localhost/127.0.0.1:7923]' for 'GET' to 'http://localhost:7923/session/9023590e1751055a99412125698bdf77/url'
18:43:33.447 [Forwarding getCurrentUrl on session 9023590e1751055a99412125698bdf77 to remote] DEBUG org.asynchttpclient.netty.request.NettyRequestSender - Using open Channel [id: 0x259dbec7, L:/127.0.0.1:64739 - R:localhost/127.0.0.1:7923] for GET '/session/9023590e1751055a99412125698bdf77/url'
18:43:33.450 [AsyncHttpClient-1-14] DEBUG org.asynchttpclient.netty.handler.HttpHandler - 

Request DefaultFullHttpRequest(decodeResult: success, version: HTTP/1.1, content: EmptyByteBufBE)
GET /session/9023590e1751055a99412125698bdf77/url HTTP/1.1
User-Agent: selenium/4.8.1 (java windows)
Cache-Control: no-cache
Content-Type: application/json; charset=utf-8
host: localhost:7923
accept: */*

Response DefaultHttpResponse(decodeResult: success, version: HTTP/1.1)
HTTP/1.1 200 OK
Content-Length: 51
Content-Type: application/json; charset=utf-8
cache-control: no-cache

18:43:33.450 [AsyncHttpClient-1-14] DEBUG org.asynchttpclient.netty.channel.ChannelManager - Adding key: http://localhost:7923 for channel [id: 0x259dbec7, L:/127.0.0.1:64739 - R:localhost/127.0.0.1:7923]
18:43:33.451 [Forwarding screenshot on session 9023590e1751055a99412125698bdf77 to remote] DEBUG org.asynchttpclient.netty.request.NettyRequestSender - Using pooled Channel '[id: 0x259dbec7, L:/127.0.0.1:64739 - R:localhost/127.0.0.1:7923]' for 'GET' to 'http://localhost:7923/session/9023590e1751055a99412125698bdf77/screenshot'
18:43:33.451 [Forwarding screenshot on session 9023590e1751055a99412125698bdf77 to remote] DEBUG org.asynchttpclient.netty.request.NettyRequestSender - Using open Channel [id: 0x259dbec7, L:/127.0.0.1:64739 - R:localhost/127.0.0.1:7923] for GET '/session/9023590e1751055a99412125698bdf77/screenshot'
18:43:33.552 [AsyncHttpClient-1-14] DEBUG org.asynchttpclient.netty.handler.HttpHandler - 

Request DefaultFullHttpRequest(decodeResult: success, version: HTTP/1.1, content: EmptyByteBufBE)
GET /session/9023590e1751055a99412125698bdf77/screenshot HTTP/1.1
User-Agent: selenium/4.8.1 (java windows)
Cache-Control: no-cache
Content-Type: application/json; charset=utf-8
host: localhost:7923
accept: */*

Response DefaultHttpResponse(decodeResult: success, version: HTTP/1.1)
HTTP/1.1 200 OK
Content-Length: 33804
Content-Type: application/json; charset=utf-8
cache-control: no-cache

18:43:33.552 [AsyncHttpClient-1-14] DEBUG org.asynchttpclient.netty.channel.ChannelManager - Adding key: http://localhost:7923 for channel [id: 0x259dbec7, L:/127.0.0.1:64739 - R:localhost/127.0.0.1:7923]
18:43:33.553 [main] DEBUG net.serenitybdd.core.photography.Darkroom - Send negative for processing for target\site\serenity\b181dbf2380ac91e5976b762e7636e3f5c29d94d3728d200d17d83dd7e6e4685.png
18:43:33.553 [main] DEBUG net.thucydides.core.steps.StepInterceptor - STEP DONE: clickLoginHomeButton
  &amp#27;[32mWhen &amp#27;[0m&amp#27;[32mI click login icon&amp#27;[0m                                  &amp#27;[90m# starter.stepDefinition.PurchasePosSteps.clickLoginHomeButton()&amp#27;[0m
18:43:33.553 [Darkroom Processing Line] DEBUG net.serenitybdd.core.photography.DarkroomProcessingLine - Processing screenshot image in /var/screenshots/screenshot-7802377299384062008
18:43:33.555 [Darkroom Processing Line] DEBUG net.serenitybdd.core.photography.DarkroomProcessingLine - Saving screenshot to target\site\serenity\b181dbf2380ac91e5976b762e7636e3f5c29d94d3728d200d17d83dd7e6e4685.png
18:43:33.559 [Forwarding getPageSource on session 9023590e1751055a99412125698bdf77 to remote] DEBUG org.asynchttpclient.netty.request.NettyRequestSender - Using pooled Channel '[id: 0x259dbec7, L:/127.0.0.1:64739 - R:localhost/127.0.0.1:7923]' for 'POST' to 'http://localhost:7923/session/9023590e1751055a99412125698bdf77/execute/sync'
18:43:33.559 [Forwarding getPageSource on session 9023590e1751055a99412125698bdf77 to remote] DEBUG org.asynchttpclient.netty.request.NettyRequestSender - Using open Channel [id: 0x259dbec7, L:/127.0.0.1:64739 - R:localhost/127.0.0.1:7923] for POST '/session/9023590e1751055a99412125698bdf77/execute/sync'
18:43:33.562 [AsyncHttpClient-1-14] DEBUG org.asynchttpclient.netty.handler.HttpHandler - 

Request DefaultHttpRequest(decodeResult: success, version: HTTP/1.1)
POST /session/9023590e1751055a99412125698bdf77/execute/sync HTTP/1.1
User-Agent: selenium/4.8.1 (java windows)
Content-Length: 176
Content-Type: application/json; charset=utf-8
host: localhost:7923
accept: */*

Response DefaultHttpResponse(decodeResult: success, version: HTTP/1.1)
HTTP/1.1 200 OK
Content-Length: 21996
Content-Type: application/json; charset=utf-8
cache-control: no-cache

18:43:33.562 [AsyncHttpClient-1-14] DEBUG org.asynchttpclient.netty.channel.ChannelManager - Adding key: http://localhost:7923 for channel [id: 0x259dbec7, L:/127.0.0.1:64739 - R:localhost/127.0.0.1:7923]
18:43:33.563 [Forwarding getCurrentUrl on session 9023590e1751055a99412125698bdf77 to remote] DEBUG org.asynchttpclient.netty.request.NettyRequestSender - Using pooled Channel '[id: 0x259dbec7, L:/127.0.0.1:64739 - R:localhost/127.0.0.1:7923]' for 'GET' to 'http://localhost:7923/session/9023590e1751055a99412125698bdf77/url'
18:43:33.563 [Forwarding getCurrentUrl on session 9023590e1751055a99412125698bdf77 to remote] DEBUG org.asynchttpclient.netty.request.NettyRequestSender - Using open Channel [id: 0x259dbec7, L:/127.0.0.1:64739 - R:localhost/127.0.0.1:7923] for GET '/session/9023590e1751055a99412125698bdf77/url'
18:43:33.566 [AsyncHttpClient-1-14] DEBUG org.asynchttpclient.netty.handler.HttpHandler - 

Request DefaultFullHttpRequest(decodeResult: success, version: HTTP/1.1, content: EmptyByteBufBE)
GET /session/9023590e1751055a99412125698bdf77/url HTTP/1.1
User-Agent: selenium/4.8.1 (java windows)
Cache-Control: no-cache
Content-Type: application/json; charset=utf-8
host: localhost:7923
accept: */*

Response DefaultHttpResponse(decodeResult: success, version: HTTP/1.1)
HTTP/1.1 200 OK
Content-Length: 51
Content-Type: application/json; charset=utf-8
cache-control: no-cache

18:43:33.566 [AsyncHttpClient-1-14] DEBUG org.asynchttpclient.netty.channel.ChannelManager - Adding key: http://localhost:7923 for channel [id: 0x259dbec7, L:/127.0.0.1:64739 - R:localhost/127.0.0.1:7923]
18:43:33.573 [Forwarding getPageSource on session 9023590e1751055a99412125698bdf77 to remote] DEBUG org.asynchttpclient.netty.request.NettyRequestSender - Using pooled Channel '[id: 0x259dbec7, L:/127.0.0.1:64739 - R:localhost/127.0.0.1:7923]' for 'POST' to 'http://localhost:7923/session/9023590e1751055a99412125698bdf77/execute/sync'
18:43:33.574 [Forwarding getPageSource on session 9023590e1751055a99412125698bdf77 to remote] DEBUG org.asynchttpclient.netty.request.NettyRequestSender - Using open Channel [id: 0x259dbec7, L:/127.0.0.1:64739 - R:localhost/127.0.0.1:7923] for POST '/session/9023590e1751055a99412125698bdf77/execute/sync'
18:43:33.577 [AsyncHttpClient-1-14] DEBUG org.asynchttpclient.netty.handler.HttpHandler - 

Request DefaultHttpRequest(decodeResult: success, version: HTTP/1.1)
POST /session/9023590e1751055a99412125698bdf77/execute/sync HTTP/1.1
User-Agent: selenium/4.8.1 (java windows)
Content-Length: 176
Content-Type: application/json; charset=utf-8
host: localhost:7923
accept: */*

Response DefaultHttpResponse(decodeResult: success, version: HTTP/1.1)
HTTP/1.1 200 OK
Content-Length: 21996
Content-Type: application/json; charset=utf-8
cache-control: no-cache

18:43:33.577 [AsyncHttpClient-1-14] DEBUG org.asynchttpclient.netty.channel.ChannelManager - Adding key: http://localhost:7923 for channel [id: 0x259dbec7, L:/127.0.0.1:64739 - R:localhost/127.0.0.1:7923]
18:43:33.578 [Forwarding getCurrentUrl on session 9023590e1751055a99412125698bdf77 to remote] DEBUG org.asynchttpclient.netty.request.NettyRequestSender - Using pooled Channel '[id: 0x259dbec7, L:/127.0.0.1:64739 - R:localhost/127.0.0.1:7923]' for 'GET' to 'http://localhost:7923/session/9023590e1751055a99412125698bdf77/url'
18:43:33.578 [Forwarding getCurrentUrl on session 9023590e1751055a99412125698bdf77 to remote] DEBUG org.asynchttpclient.netty.request.NettyRequestSender - Using open Channel [id: 0x259dbec7, L:/127.0.0.1:64739 - R:localhost/127.0.0.1:7923] for GET '/session/9023590e1751055a99412125698bdf77/url'
18:43:33.580 [AsyncHttpClient-1-14] DEBUG org.asynchttpclient.netty.handler.HttpHandler - 

Request DefaultFullHttpRequest(decodeResult: success, version: HTTP/1.1, content: EmptyByteBufBE)
GET /session/9023590e1751055a99412125698bdf77/url HTTP/1.1
User-Agent: selenium/4.8.1 (java windows)
Cache-Control: no-cache
Content-Type: application/json; charset=utf-8
host: localhost:7923
accept: */*

Response DefaultHttpResponse(decodeResult: success, version: HTTP/1.1)
HTTP/1.1 200 OK
Content-Length: 51
Content-Type: application/json; charset=utf-8
cache-control: no-cache

18:43:33.580 [AsyncHttpClient-1-14] DEBUG org.asynchttpclient.netty.channel.ChannelManager - Adding key: http://localhost:7923 for channel [id: 0x259dbec7, L:/127.0.0.1:64739 - R:localhost/127.0.0.1:7923]
18:43:33.582 [main] DEBUG net.thucydides.core.steps.StepInterceptor - STARTING STEP: PurchasePosSteps.inputValidEmail - inputValidEmail
18:43:33.583 [Forwarding findElement on session 9023590e1751055a99412125698bdf77 to remote] DEBUG org.asynchttpclient.netty.request.NettyRequestSender - Using pooled Channel '[id: 0x259dbec7, L:/127.0.0.1:64739 - R:localhost/127.0.0.1:7923]' for 'POST' to 'http://localhost:7923/session/9023590e1751055a99412125698bdf77/element'
18:43:33.583 [Forwarding findElement on session 9023590e1751055a99412125698bdf77 to remote] DEBUG org.asynchttpclient.netty.request.NettyRequestSender - Using open Channel [id: 0x259dbec7, L:/127.0.0.1:64739 - R:localhost/127.0.0.1:7923] for POST '/session/9023590e1751055a99412125698bdf77/element'
18:43:33.590 [AsyncHttpClient-1-14] DEBUG org.asynchttpclient.netty.handler.HttpHandler - 

Request DefaultHttpRequest(decodeResult: success, version: HTTP/1.1)
POST /session/9023590e1751055a99412125698bdf77/element HTTP/1.1
User-Agent: selenium/4.8.1 (java windows)
Content-Length: 125
Content-Type: application/json; charset=utf-8
host: localhost:7923
accept: */*

Response DefaultHttpResponse(decodeResult: success, version: HTTP/1.1)
HTTP/1.1 200 OK
Content-Length: 88
Content-Type: application/json; charset=utf-8
cache-control: no-cache

18:43:33.590 [AsyncHttpClient-1-14] DEBUG org.asynchttpclient.netty.channel.ChannelManager - Adding key: http://localhost:7923 for channel [id: 0x259dbec7, L:/127.0.0.1:64739 - R:localhost/127.0.0.1:7923]
18:43:33.592 [Forwarding clearElement on session 9023590e1751055a99412125698bdf77 to remote] DEBUG org.asynchttpclient.netty.request.NettyRequestSender - Using pooled Channel '[id: 0x259dbec7, L:/127.0.0.1:64739 - R:localhost/127.0.0.1:7923]' for 'POST' to 'http://localhost:7923/session/9023590e1751055a99412125698bdf77/element/3820fb3e-9c65-4a58-9614-d454edf2f65d/clear'
18:43:33.592 [Forwarding clearElement on session 9023590e1751055a99412125698bdf77 to remote] DEBUG org.asynchttpclient.netty.request.NettyRequestSender - Using open Channel [id: 0x259dbec7, L:/127.0.0.1:64739 - R:localhost/127.0.0.1:7923] for POST '/session/9023590e1751055a99412125698bdf77/element/3820fb3e-9c65-4a58-9614-d454edf2f65d/clear'
18:43:33.689 [AsyncHttpClient-1-14] DEBUG org.asynchttpclient.netty.handler.HttpHandler - 

Request DefaultHttpRequest(decodeResult: success, version: HTTP/1.1)
POST /session/9023590e1751055a99412125698bdf77/element/3820fb3e-9c65-4a58-9614-d454edf2f65d/clear HTTP/1.1
User-Agent: selenium/4.8.1 (java windows)
Content-Length: 50
Content-Type: application/json; charset=utf-8
host: localhost:7923
accept: */*

Response DefaultHttpResponse(decodeResult: success, version: HTTP/1.1)
HTTP/1.1 200 OK
Content-Length: 14
Content-Type: application/json; charset=utf-8
cache-control: no-cache

18:43:33.689 [AsyncHttpClient-1-14] DEBUG org.asynchttpclient.netty.channel.ChannelManager - Adding key: http://localhost:7923 for channel [id: 0x259dbec7, L:/127.0.0.1:64739 - R:localhost/127.0.0.1:7923]
18:43:33.690 [Forwarding sendKeysToElement on session 9023590e1751055a99412125698bdf77 to remote] DEBUG org.asynchttpclient.netty.request.NettyRequestSender - Using pooled Channel '[id: 0x259dbec7, L:/127.0.0.1:64739 - R:localhost/127.0.0.1:7923]' for 'POST' to 'http://localhost:7923/session/9023590e1751055a99412125698bdf77/element/3820fb3e-9c65-4a58-9614-d454edf2f65d/value'
18:43:33.690 [Forwarding sendKeysToElement on session 9023590e1751055a99412125698bdf77 to remote] DEBUG org.asynchttpclient.netty.request.NettyRequestSender - Using open Channel [id: 0x259dbec7, L:/127.0.0.1:64739 - R:localhost/127.0.0.1:7923] for POST '/session/9023590e1751055a99412125698bdf77/element/3820fb3e-9c65-4a58-9614-d454edf2f65d/value'
18:43:33.750 [AsyncHttpClient-1-14] DEBUG org.asynchttpclient.netty.handler.HttpHandler - 

Request DefaultHttpRequest(decodeResult: success, version: HTTP/1.1)
POST /session/9023590e1751055a99412125698bdf77/element/3820fb3e-9c65-4a58-9614-d454edf2f65d/value HTTP/1.1
User-Agent: selenium/4.8.1 (java windows)
Content-Length: 241
Content-Type: application/json; charset=utf-8
host: localhost:7923
accept: */*

Response DefaultHttpResponse(decodeResult: success, version: HTTP/1.1)
HTTP/1.1 200 OK
Content-Length: 14
Content-Type: application/json; charset=utf-8
cache-control: no-cache

18:43:33.750 [AsyncHttpClient-1-14] DEBUG org.asynchttpclient.netty.channel.ChannelManager - Adding key: http://localhost:7923 for channel [id: 0x259dbec7, L:/127.0.0.1:64739 - R:localhost/127.0.0.1:7923]
18:43:33.754 [Forwarding getAlertText on session 9023590e1751055a99412125698bdf77 to remote] DEBUG org.asynchttpclient.netty.request.NettyRequestSender - Using pooled Channel '[id: 0x259dbec7, L:/127.0.0.1:64739 - R:localhost/127.0.0.1:7923]' for 'GET' to 'http://localhost:7923/session/9023590e1751055a99412125698bdf77/alert/text'
18:43:33.754 [Forwarding getAlertText on session 9023590e1751055a99412125698bdf77 to remote] DEBUG org.asynchttpclient.netty.request.NettyRequestSender - Using open Channel [id: 0x259dbec7, L:/127.0.0.1:64739 - R:localhost/127.0.0.1:7923] for GET '/session/9023590e1751055a99412125698bdf77/alert/text'
18:43:33.755 [AsyncHttpClient-1-14] DEBUG org.asynchttpclient.netty.handler.HttpHandler - 

Request DefaultFullHttpRequest(decodeResult: success, version: HTTP/1.1, content: EmptyByteBufBE)
GET /session/9023590e1751055a99412125698bdf77/alert/text HTTP/1.1
User-Agent: selenium/4.8.1 (java windows)
Cache-Control: no-cache
Content-Type: application/json; charset=utf-8
host: localhost:7923
accept: */*

Response DefaultHttpResponse(decodeResult: success, version: HTTP/1.1)
HTTP/1.1 404 Not Found
Content-Length: 821
Content-Type: application/json; charset=utf-8
cache-control: no-cache

18:43:33.755 [AsyncHttpClient-1-14] DEBUG org.asynchttpclient.netty.channel.ChannelManager - Adding key: http://localhost:7923 for channel [id: 0x259dbec7, L:/127.0.0.1:64739 - R:localhost/127.0.0.1:7923]
18:43:33.756 [Forwarding getCurrentUrl on session 9023590e1751055a99412125698bdf77 to remote] DEBUG org.asynchttpclient.netty.request.NettyRequestSender - Using pooled Channel '[id: 0x259dbec7, L:/127.0.0.1:64739 - R:localhost/127.0.0.1:7923]' for 'GET' to 'http://localhost:7923/session/9023590e1751055a99412125698bdf77/url'
18:43:33.756 [Forwarding getCurrentUrl on session 9023590e1751055a99412125698bdf77 to remote] DEBUG org.asynchttpclient.netty.request.NettyRequestSender - Using open Channel [id: 0x259dbec7, L:/127.0.0.1:64739 - R:localhost/127.0.0.1:7923] for GET '/session/9023590e1751055a99412125698bdf77/url'
18:43:33.758 [AsyncHttpClient-1-14] DEBUG org.asynchttpclient.netty.handler.HttpHandler - 

Request DefaultFullHttpRequest(decodeResult: success, version: HTTP/1.1, content: EmptyByteBufBE)
GET /session/9023590e1751055a99412125698bdf77/url HTTP/1.1
User-Agent: selenium/4.8.1 (java windows)
Cache-Control: no-cache
Content-Type: application/json; charset=utf-8
host: localhost:7923
accept: */*

Response DefaultHttpResponse(decodeResult: success, version: HTTP/1.1)
HTTP/1.1 200 OK
Content-Length: 51
Content-Type: application/json; charset=utf-8
cache-control: no-cache

18:43:33.758 [AsyncHttpClient-1-14] DEBUG org.asynchttpclient.netty.channel.ChannelManager - Adding key: http://localhost:7923 for channel [id: 0x259dbec7, L:/127.0.0.1:64739 - R:localhost/127.0.0.1:7923]
18:43:33.759 [Forwarding screenshot on session 9023590e1751055a99412125698bdf77 to remote] DEBUG org.asynchttpclient.netty.request.NettyRequestSender - Using pooled Channel '[id: 0x259dbec7, L:/127.0.0.1:64739 - R:localhost/127.0.0.1:7923]' for 'GET' to 'http://localhost:7923/session/9023590e1751055a99412125698bdf77/screenshot'
18:43:33.759 [Forwarding screenshot on session 9023590e1751055a99412125698bdf77 to remote] DEBUG org.asynchttpclient.netty.request.NettyRequestSender - Using open Channel [id: 0x259dbec7, L:/127.0.0.1:64739 - R:localhost/127.0.0.1:7923] for GET '/session/9023590e1751055a99412125698bdf77/screenshot'
18:43:33.853 [AsyncHttpClient-1-14] DEBUG org.asynchttpclient.netty.handler.HttpHandler - 

Request DefaultFullHttpRequest(decodeResult: success, version: HTTP/1.1, content: EmptyByteBufBE)
GET /session/9023590e1751055a99412125698bdf77/screenshot HTTP/1.1
User-Agent: selenium/4.8.1 (java windows)
Cache-Control: no-cache
Content-Type: application/json; charset=utf-8
host: localhost:7923
accept: */*

Response DefaultHttpResponse(decodeResult: success, version: HTTP/1.1)
HTTP/1.1 200 OK
Content-Length: 39052
Content-Type: application/json; charset=utf-8
cache-control: no-cache

18:43:33.853 [AsyncHttpClient-1-14] DEBUG org.asynchttpclient.netty.channel.ChannelManager - Adding key: http://localhost:7923 for channel [id: 0x259dbec7, L:/127.0.0.1:64739 - R:localhost/127.0.0.1:7923]
18:43:33.854 [main] DEBUG net.serenitybdd.core.photography.Darkroom - Send negative for processing for target\site\serenity\1c0e2bcadfae9e831ddeeb4c2f7512b1d83889fe829d619683e1ef0977eb000c.png
18:43:33.855 [main] DEBUG net.thucydides.core.steps.StepInterceptor - STEP DONE: inputValidEmail
18:43:33.855 [Darkroom Processing Line] DEBUG net.serenitybdd.core.photography.DarkroomProcessingLine - Processing screenshot image in /var/screenshots/screenshot-8044089818598325527
18:43:33.855 [Darkroom Processing Line] DEBUG net.serenitybdd.core.photography.DarkroomProcessingLine - Saving screenshot to target\site\serenity\1c0e2bcadfae9e831ddeeb4c2f7512b1d83889fe829d619683e1ef0977eb000c.png
  &amp#27;[32mAnd &amp#27;[0m&amp#27;[32mI input Valid email&amp#27;[0m                                  &amp#27;[90m# starter.stepDefinition.PurchasePosSteps.inputValidEmail()&amp#27;[0m
18:43:33.861 [Forwarding getPageSource on session 9023590e1751055a99412125698bdf77 to remote] DEBUG org.asynchttpclient.netty.request.NettyRequestSender - Using pooled Channel '[id: 0x259dbec7, L:/127.0.0.1:64739 - R:localhost/127.0.0.1:7923]' for 'POST' to 'http://localhost:7923/session/9023590e1751055a99412125698bdf77/execute/sync'
18:43:33.861 [Forwarding getPageSource on session 9023590e1751055a99412125698bdf77 to remote] DEBUG org.asynchttpclient.netty.request.NettyRequestSender - Using open Channel [id: 0x259dbec7, L:/127.0.0.1:64739 - R:localhost/127.0.0.1:7923] for POST '/session/9023590e1751055a99412125698bdf77/execute/sync'
18:43:33.865 [AsyncHttpClient-1-14] DEBUG org.asynchttpclient.netty.handler.HttpHandler - 

Request DefaultHttpRequest(decodeResult: success, version: HTTP/1.1)
POST /session/9023590e1751055a99412125698bdf77/execute/sync HTTP/1.1
User-Agent: selenium/4.8.1 (java windows)
Content-Length: 176
Content-Type: application/json; charset=utf-8
host: localhost:7923
accept: */*

Response DefaultHttpResponse(decodeResult: success, version: HTTP/1.1)
HTTP/1.1 200 OK
Content-Length: 21788
Content-Type: application/json; charset=utf-8
cache-control: no-cache

18:43:33.865 [AsyncHttpClient-1-14] DEBUG org.asynchttpclient.netty.channel.ChannelManager - Adding key: http://localhost:7923 for channel [id: 0x259dbec7, L:/127.0.0.1:64739 - R:localhost/127.0.0.1:7923]
18:43:33.866 [Forwarding getCurrentUrl on session 9023590e1751055a99412125698bdf77 to remote] DEBUG org.asynchttpclient.netty.request.NettyRequestSender - Using pooled Channel '[id: 0x259dbec7, L:/127.0.0.1:64739 - R:localhost/127.0.0.1:7923]' for 'GET' to 'http://localhost:7923/session/9023590e1751055a99412125698bdf77/url'
18:43:33.867 [Forwarding getCurrentUrl on session 9023590e1751055a99412125698bdf77 to remote] DEBUG org.asynchttpclient.netty.request.NettyRequestSender - Using open Channel [id: 0x259dbec7, L:/127.0.0.1:64739 - R:localhost/127.0.0.1:7923] for GET '/session/9023590e1751055a99412125698bdf77/url'
18:43:33.870 [AsyncHttpClient-1-14] DEBUG org.asynchttpclient.netty.handler.HttpHandler - 

Request DefaultFullHttpRequest(decodeResult: success, version: HTTP/1.1, content: EmptyByteBufBE)
GET /session/9023590e1751055a99412125698bdf77/url HTTP/1.1
User-Agent: selenium/4.8.1 (java windows)
Cache-Control: no-cache
Content-Type: application/json; charset=utf-8
host: localhost:7923
accept: */*

Response DefaultHttpResponse(decodeResult: success, version: HTTP/1.1)
HTTP/1.1 200 OK
Content-Length: 51
Content-Type: application/json; charset=utf-8
cache-control: no-cache

18:43:33.870 [AsyncHttpClient-1-14] DEBUG org.asynchttpclient.netty.channel.ChannelManager - Adding key: http://localhost:7923 for channel [id: 0x259dbec7, L:/127.0.0.1:64739 - R:localhost/127.0.0.1:7923]
18:43:33.877 [Forwarding getPageSource on session 9023590e1751055a99412125698bdf77 to remote] DEBUG org.asynchttpclient.netty.request.NettyRequestSender - Using pooled Channel '[id: 0x259dbec7, L:/127.0.0.1:64739 - R:localhost/127.0.0.1:7923]' for 'POST' to 'http://localhost:7923/session/9023590e1751055a99412125698bdf77/execute/sync'
18:43:33.877 [Forwarding getPageSource on session 9023590e1751055a99412125698bdf77 to remote] DEBUG org.asynchttpclient.netty.request.NettyRequestSender - Using open Channel [id: 0x259dbec7, L:/127.0.0.1:64739 - R:localhost/127.0.0.1:7923] for POST '/session/9023590e1751055a99412125698bdf77/execute/sync'
18:43:33.879 [AsyncHttpClient-1-14] DEBUG org.asynchttpclient.netty.handler.HttpHandler - 

Request DefaultHttpRequest(decodeResult: success, version: HTTP/1.1)
POST /session/9023590e1751055a99412125698bdf77/execute/sync HTTP/1.1
User-Agent: selenium/4.8.1 (java windows)
Content-Length: 176
Content-Type: application/json; charset=utf-8
host: localhost:7923
accept: */*

Response DefaultHttpResponse(decodeResult: success, version: HTTP/1.1)
HTTP/1.1 200 OK
Content-Length: 21788
Content-Type: application/json; charset=utf-8
cache-control: no-cache

18:43:33.879 [AsyncHttpClient-1-14] DEBUG org.asynchttpclient.netty.channel.ChannelManager - Adding key: http://localhost:7923 for channel [id: 0x259dbec7, L:/127.0.0.1:64739 - R:localhost/127.0.0.1:7923]
18:43:33.881 [Forwarding getCurrentUrl on session 9023590e1751055a99412125698bdf77 to remote] DEBUG org.asynchttpclient.netty.request.NettyRequestSender - Using pooled Channel '[id: 0x259dbec7, L:/127.0.0.1:64739 - R:localhost/127.0.0.1:7923]' for 'GET' to 'http://localhost:7923/session/9023590e1751055a99412125698bdf77/url'
18:43:33.881 [Forwarding getCurrentUrl on session 9023590e1751055a99412125698bdf77 to remote] DEBUG org.asynchttpclient.netty.request.NettyRequestSender - Using open Channel [id: 0x259dbec7, L:/127.0.0.1:64739 - R:localhost/127.0.0.1:7923] for GET '/session/9023590e1751055a99412125698bdf77/url'
18:43:33.883 [AsyncHttpClient-1-14] DEBUG org.asynchttpclient.netty.handler.HttpHandler - 

Request DefaultFullHttpRequest(decodeResult: success, version: HTTP/1.1, content: EmptyByteBufBE)
GET /session/9023590e1751055a99412125698bdf77/url HTTP/1.1
User-Agent: selenium/4.8.1 (java windows)
Cache-Control: no-cache
Content-Type: application/json; charset=utf-8
host: localhost:7923
accept: */*

Response DefaultHttpResponse(decodeResult: success, version: HTTP/1.1)
HTTP/1.1 200 OK
Content-Length: 51
Content-Type: application/json; charset=utf-8
cache-control: no-cache

18:43:33.883 [AsyncHttpClient-1-14] DEBUG org.asynchttpclient.netty.channel.ChannelManager - Adding key: http://localhost:7923 for channel [id: 0x259dbec7, L:/127.0.0.1:64739 - R:localhost/127.0.0.1:7923]
18:43:33.886 [main] DEBUG net.thucydides.core.steps.StepInterceptor - STARTING STEP: PurchasePosSteps.inputValidPassword - inputValidPassword
18:43:33.888 [Forwarding findElement on session 9023590e1751055a99412125698bdf77 to remote] DEBUG org.asynchttpclient.netty.request.NettyRequestSender - Using pooled Channel '[id: 0x259dbec7, L:/127.0.0.1:64739 - R:localhost/127.0.0.1:7923]' for 'POST' to 'http://localhost:7923/session/9023590e1751055a99412125698bdf77/element'
18:43:33.888 [Forwarding findElement on session 9023590e1751055a99412125698bdf77 to remote] DEBUG org.asynchttpclient.netty.request.NettyRequestSender - Using open Channel [id: 0x259dbec7, L:/127.0.0.1:64739 - R:localhost/127.0.0.1:7923] for POST '/session/9023590e1751055a99412125698bdf77/element'
18:43:33.896 [AsyncHttpClient-1-14] DEBUG org.asynchttpclient.netty.handler.HttpHandler - 

Request DefaultHttpRequest(decodeResult: success, version: HTTP/1.1)
POST /session/9023590e1751055a99412125698bdf77/element HTTP/1.1
User-Agent: selenium/4.8.1 (java windows)
Content-Length: 128
Content-Type: application/json; charset=utf-8
host: localhost:7923
accept: */*

Response DefaultHttpResponse(decodeResult: success, version: HTTP/1.1)
HTTP/1.1 200 OK
Content-Length: 88
Content-Type: application/json; charset=utf-8
cache-control: no-cache

18:43:33.896 [AsyncHttpClient-1-14] DEBUG org.asynchttpclient.netty.channel.ChannelManager - Adding key: http://localhost:7923 for channel [id: 0x259dbec7, L:/127.0.0.1:64739 - R:localhost/127.0.0.1:7923]
18:43:33.897 [Forwarding clearElement on session 9023590e1751055a99412125698bdf77 to remote] DEBUG org.asynchttpclient.netty.request.NettyRequestSender - Using pooled Channel '[id: 0x259dbec7, L:/127.0.0.1:64739 - R:localhost/127.0.0.1:7923]' for 'POST' to 'http://localhost:7923/session/9023590e1751055a99412125698bdf77/element/9cc46b54-0953-4703-ad7c-1d79183cc683/clear'
18:43:33.897 [Forwarding clearElement on session 9023590e1751055a99412125698bdf77 to remote] DEBUG org.asynchttpclient.netty.request.NettyRequestSender - Using open Channel [id: 0x259dbec7, L:/127.0.0.1:64739 - R:localhost/127.0.0.1:7923] for POST '/session/9023590e1751055a99412125698bdf77/element/9cc46b54-0953-4703-ad7c-1d79183cc683/clear'
18:43:33.920 [AsyncHttpClient-1-14] DEBUG org.asynchttpclient.netty.handler.HttpHandler - 

Request DefaultHttpRequest(decodeResult: success, version: HTTP/1.1)
POST /session/9023590e1751055a99412125698bdf77/element/9cc46b54-0953-4703-ad7c-1d79183cc683/clear HTTP/1.1
User-Agent: selenium/4.8.1 (java windows)
Content-Length: 50
Content-Type: application/json; charset=utf-8
host: localhost:7923
accept: */*

Response DefaultHttpResponse(decodeResult: success, version: HTTP/1.1)
HTTP/1.1 200 OK
Content-Length: 14
Content-Type: application/json; charset=utf-8
cache-control: no-cache

18:43:33.920 [AsyncHttpClient-1-14] DEBUG org.asynchttpclient.netty.channel.ChannelManager - Adding key: http://localhost:7923 for channel [id: 0x259dbec7, L:/127.0.0.1:64739 - R:localhost/127.0.0.1:7923]
18:43:33.921 [Forwarding sendKeysToElement on session 9023590e1751055a99412125698bdf77 to remote] DEBUG org.asynchttpclient.netty.request.NettyRequestSender - Using pooled Channel '[id: 0x259dbec7, L:/127.0.0.1:64739 - R:localhost/127.0.0.1:7923]' for 'POST' to 'http://localhost:7923/session/9023590e1751055a99412125698bdf77/element/9cc46b54-0953-4703-ad7c-1d79183cc683/value'
18:43:33.921 [Forwarding sendKeysToElement on session 9023590e1751055a99412125698bdf77 to remote] DEBUG org.asynchttpclient.netty.request.NettyRequestSender - Using open Channel [id: 0x259dbec7, L:/127.0.0.1:64739 - R:localhost/127.0.0.1:7923] for POST '/session/9023590e1751055a99412125698bdf77/element/9cc46b54-0953-4703-ad7c-1d79183cc683/value'
18:43:33.984 [AsyncHttpClient-1-14] DEBUG org.asynchttpclient.netty.handler.HttpHandler - 

Request DefaultHttpRequest(decodeResult: success, version: HTTP/1.1)
POST /session/9023590e1751055a99412125698bdf77/element/9cc46b54-0953-4703-ad7c-1d79183cc683/value HTTP/1.1
User-Agent: selenium/4.8.1 (java windows)
Content-Length: 211
Content-Type: application/json; charset=utf-8
host: localhost:7923
accept: */*

Response DefaultHttpResponse(decodeResult: success, version: HTTP/1.1)
HTTP/1.1 200 OK
Content-Length: 14
Content-Type: application/json; charset=utf-8
cache-control: no-cache

18:43:33.984 [AsyncHttpClient-1-14] DEBUG org.asynchttpclient.netty.channel.ChannelManager - Adding key: http://localhost:7923 for channel [id: 0x259dbec7, L:/127.0.0.1:64739 - R:localhost/127.0.0.1:7923]
18:43:33.987 [Forwarding getAlertText on session 9023590e1751055a99412125698bdf77 to remote] DEBUG org.asynchttpclient.netty.request.NettyRequestSender - Using pooled Channel '[id: 0x259dbec7, L:/127.0.0.1:64739 - R:localhost/127.0.0.1:7923]' for 'GET' to 'http://localhost:7923/session/9023590e1751055a99412125698bdf77/alert/text'
18:43:33.987 [Forwarding getAlertText on session 9023590e1751055a99412125698bdf77 to remote] DEBUG org.asynchttpclient.netty.request.NettyRequestSender - Using open Channel [id: 0x259dbec7, L:/127.0.0.1:64739 - R:localhost/127.0.0.1:7923] for GET '/session/9023590e1751055a99412125698bdf77/alert/text'
18:43:33.988 [AsyncHttpClient-1-14] DEBUG org.asynchttpclient.netty.handler.HttpHandler - 

Request DefaultFullHttpRequest(decodeResult: success, version: HTTP/1.1, content: EmptyByteBufBE)
GET /session/9023590e1751055a99412125698bdf77/alert/text HTTP/1.1
User-Agent: selenium/4.8.1 (java windows)
Cache-Control: no-cache
Content-Type: application/json; charset=utf-8
host: localhost:7923
accept: */*

Response DefaultHttpResponse(decodeResult: success, version: HTTP/1.1)
HTTP/1.1 404 Not Found
Content-Length: 821
Content-Type: application/json; charset=utf-8
cache-control: no-cache

18:43:33.988 [AsyncHttpClient-1-14] DEBUG org.asynchttpclient.netty.channel.ChannelManager - Adding key: http://localhost:7923 for channel [id: 0x259dbec7, L:/127.0.0.1:64739 - R:localhost/127.0.0.1:7923]
18:43:33.988 [Forwarding getCurrentUrl on session 9023590e1751055a99412125698bdf77 to remote] DEBUG org.asynchttpclient.netty.request.NettyRequestSender - Using pooled Channel '[id: 0x259dbec7, L:/127.0.0.1:64739 - R:localhost/127.0.0.1:7923]' for 'GET' to 'http://localhost:7923/session/9023590e1751055a99412125698bdf77/url'
18:43:33.988 [Forwarding getCurrentUrl on session 9023590e1751055a99412125698bdf77 to remote] DEBUG org.asynchttpclient.netty.request.NettyRequestSender - Using open Channel [id: 0x259dbec7, L:/127.0.0.1:64739 - R:localhost/127.0.0.1:7923] for GET '/session/9023590e1751055a99412125698bdf77/url'
18:43:33.990 [AsyncHttpClient-1-14] DEBUG org.asynchttpclient.netty.handler.HttpHandler - 

Request DefaultFullHttpRequest(decodeResult: success, version: HTTP/1.1, content: EmptyByteBufBE)
GET /session/9023590e1751055a99412125698bdf77/url HTTP/1.1
User-Agent: selenium/4.8.1 (java windows)
Cache-Control: no-cache
Content-Type: application/json; charset=utf-8
host: localhost:7923
accept: */*

Response DefaultHttpResponse(decodeResult: success, version: HTTP/1.1)
HTTP/1.1 200 OK
Content-Length: 51
Content-Type: application/json; charset=utf-8
cache-control: no-cache

18:43:33.990 [AsyncHttpClient-1-14] DEBUG org.asynchttpclient.netty.channel.ChannelManager - Adding key: http://localhost:7923 for channel [id: 0x259dbec7, L:/127.0.0.1:64739 - R:localhost/127.0.0.1:7923]
18:43:33.991 [Forwarding screenshot on session 9023590e1751055a99412125698bdf77 to remote] DEBUG org.asynchttpclient.netty.request.NettyRequestSender - Using pooled Channel '[id: 0x259dbec7, L:/127.0.0.1:64739 - R:localhost/127.0.0.1:7923]' for 'GET' to 'http://localhost:7923/session/9023590e1751055a99412125698bdf77/screenshot'
18:43:33.991 [Forwarding screenshot on session 9023590e1751055a99412125698bdf77 to remote] DEBUG org.asynchttpclient.netty.request.NettyRequestSender - Using open Channel [id: 0x259dbec7, L:/127.0.0.1:64739 - R:localhost/127.0.0.1:7923] for GET '/session/9023590e1751055a99412125698bdf77/screenshot'
18:43:34.087 [AsyncHttpClient-1-1] DEBUG org.asynchttpclient.netty.channel.DefaultChannelPool - Entry count for : http://localhost:64740 : 1
18:43:34.097 [AsyncHttpClient-1-14] DEBUG org.asynchttpclient.netty.handler.HttpHandler - 

Request DefaultFullHttpRequest(decodeResult: success, version: HTTP/1.1, content: EmptyByteBufBE)
GET /session/9023590e1751055a99412125698bdf77/screenshot HTTP/1.1
User-Agent: selenium/4.8.1 (java windows)
Cache-Control: no-cache
Content-Type: application/json; charset=utf-8
host: localhost:7923
accept: */*

Response DefaultHttpResponse(decodeResult: success, version: HTTP/1.1)
HTTP/1.1 200 OK
Content-Length: 41560
Content-Type: application/json; charset=utf-8
cache-control: no-cache

18:43:34.097 [AsyncHttpClient-1-14] DEBUG org.asynchttpclient.netty.channel.ChannelManager - Adding key: http://localhost:7923 for channel [id: 0x259dbec7, L:/127.0.0.1:64739 - R:localhost/127.0.0.1:7923]
18:43:34.098 [main] DEBUG net.serenitybdd.core.photography.Darkroom - Send negative for processing for target\site\serenity\ae8ed985c81f692e1d2c841beb2415a49ade44e6cec78dc5d37fc8ade5b75318.png
18:43:34.098 [main] DEBUG net.thucydides.core.steps.StepInterceptor - STEP DONE: inputValidPassword
18:43:34.098 [Darkroom Processing Line] DEBUG net.serenitybdd.core.photography.DarkroomProcessingLine - Processing screenshot image in /var/screenshots/screenshot-3647033895913572582
18:43:34.098 [Darkroom Processing Line] DEBUG net.serenitybdd.core.photography.DarkroomProcessingLine - Saving screenshot to target\site\serenity\ae8ed985c81f692e1d2c841beb2415a49ade44e6cec78dc5d37fc8ade5b75318.png
  &amp#27;[32mAnd &amp#27;[0m&amp#27;[32mI input Valid Password&amp#27;[0m                               &amp#27;[90m# starter.stepDefinition.PurchasePosSteps.inputValidPassword()&amp#27;[0m
18:43:34.104 [Forwarding getPageSource on session 9023590e1751055a99412125698bdf77 to remote] DEBUG org.asynchttpclient.netty.request.NettyRequestSender - Using pooled Channel '[id: 0x259dbec7, L:/127.0.0.1:64739 - R:localhost/127.0.0.1:7923]' for 'POST' to 'http://localhost:7923/session/9023590e1751055a99412125698bdf77/execute/sync'
18:43:34.104 [Forwarding getPageSource on session 9023590e1751055a99412125698bdf77 to remote] DEBUG org.asynchttpclient.netty.request.NettyRequestSender - Using open Channel [id: 0x259dbec7, L:/127.0.0.1:64739 - R:localhost/127.0.0.1:7923] for POST '/session/9023590e1751055a99412125698bdf77/execute/sync'
18:43:34.107 [AsyncHttpClient-1-14] DEBUG org.asynchttpclient.netty.handler.HttpHandler - 

Request DefaultHttpRequest(decodeResult: success, version: HTTP/1.1)
POST /session/9023590e1751055a99412125698bdf77/execute/sync HTTP/1.1
User-Agent: selenium/4.8.1 (java windows)
Content-Length: 176
Content-Type: application/json; charset=utf-8
host: localhost:7923
accept: */*

Response DefaultHttpResponse(decodeResult: success, version: HTTP/1.1)
HTTP/1.1 200 OK
Content-Length: 21847
Content-Type: application/json; charset=utf-8
cache-control: no-cache

18:43:34.108 [AsyncHttpClient-1-14] DEBUG org.asynchttpclient.netty.channel.ChannelManager - Adding key: http://localhost:7923 for channel [id: 0x259dbec7, L:/127.0.0.1:64739 - R:localhost/127.0.0.1:7923]
18:43:34.108 [Forwarding getCurrentUrl on session 9023590e1751055a99412125698bdf77 to remote] DEBUG org.asynchttpclient.netty.request.NettyRequestSender - Using pooled Channel '[id: 0x259dbec7, L:/127.0.0.1:64739 - R:localhost/127.0.0.1:7923]' for 'GET' to 'http://localhost:7923/session/9023590e1751055a99412125698bdf77/url'
18:43:34.108 [Forwarding getCurrentUrl on session 9023590e1751055a99412125698bdf77 to remote] DEBUG org.asynchttpclient.netty.request.NettyRequestSender - Using open Channel [id: 0x259dbec7, L:/127.0.0.1:64739 - R:localhost/127.0.0.1:7923] for GET '/session/9023590e1751055a99412125698bdf77/url'
18:43:34.110 [AsyncHttpClient-1-14] DEBUG org.asynchttpclient.netty.handler.HttpHandler - 

Request DefaultFullHttpRequest(decodeResult: success, version: HTTP/1.1, content: EmptyByteBufBE)
GET /session/9023590e1751055a99412125698bdf77/url HTTP/1.1
User-Agent: selenium/4.8.1 (java windows)
Cache-Control: no-cache
Content-Type: application/json; charset=utf-8
host: localhost:7923
accept: */*

Response DefaultHttpResponse(decodeResult: success, version: HTTP/1.1)
HTTP/1.1 200 OK
Content-Length: 51
Content-Type: application/json; charset=utf-8
cache-control: no-cache

18:43:34.110 [AsyncHttpClient-1-14] DEBUG org.asynchttpclient.netty.channel.ChannelManager - Adding key: http://localhost:7923 for channel [id: 0x259dbec7, L:/127.0.0.1:64739 - R:localhost/127.0.0.1:7923]
18:43:34.118 [Forwarding getPageSource on session 9023590e1751055a99412125698bdf77 to remote] DEBUG org.asynchttpclient.netty.request.NettyRequestSender - Using pooled Channel '[id: 0x259dbec7, L:/127.0.0.1:64739 - R:localhost/127.0.0.1:7923]' for 'POST' to 'http://localhost:7923/session/9023590e1751055a99412125698bdf77/execute/sync'
18:43:34.118 [Forwarding getPageSource on session 9023590e1751055a99412125698bdf77 to remote] DEBUG org.asynchttpclient.netty.request.NettyRequestSender - Using open Channel [id: 0x259dbec7, L:/127.0.0.1:64739 - R:localhost/127.0.0.1:7923] for POST '/session/9023590e1751055a99412125698bdf77/execute/sync'
18:43:34.122 [AsyncHttpClient-1-14] DEBUG org.asynchttpclient.netty.handler.HttpHandler - 

Request DefaultHttpRequest(decodeResult: success, version: HTTP/1.1)
POST /session/9023590e1751055a99412125698bdf77/execute/sync HTTP/1.1
User-Agent: selenium/4.8.1 (java windows)
Content-Length: 176
Content-Type: application/json; charset=utf-8
host: localhost:7923
accept: */*

Response DefaultHttpResponse(decodeResult: success, version: HTTP/1.1)
HTTP/1.1 200 OK
Content-Length: 21847
Content-Type: application/json; charset=utf-8
cache-control: no-cache

18:43:34.123 [AsyncHttpClient-1-14] DEBUG org.asynchttpclient.netty.channel.ChannelManager - Adding key: http://localhost:7923 for channel [id: 0x259dbec7, L:/127.0.0.1:64739 - R:localhost/127.0.0.1:7923]
18:43:34.125 [Forwarding getCurrentUrl on session 9023590e1751055a99412125698bdf77 to remote] DEBUG org.asynchttpclient.netty.request.NettyRequestSender - Using pooled Channel '[id: 0x259dbec7, L:/127.0.0.1:64739 - R:localhost/127.0.0.1:7923]' for 'GET' to 'http://localhost:7923/session/9023590e1751055a99412125698bdf77/url'
18:43:34.125 [Forwarding getCurrentUrl on session 9023590e1751055a99412125698bdf77 to remote] DEBUG org.asynchttpclient.netty.request.NettyRequestSender - Using open Channel [id: 0x259dbec7, L:/127.0.0.1:64739 - R:localhost/127.0.0.1:7923] for GET '/session/9023590e1751055a99412125698bdf77/url'
18:43:34.128 [AsyncHttpClient-1-14] DEBUG org.asynchttpclient.netty.handler.HttpHandler - 

Request DefaultFullHttpRequest(decodeResult: success, version: HTTP/1.1, content: EmptyByteBufBE)
GET /session/9023590e1751055a99412125698bdf77/url HTTP/1.1
User-Agent: selenium/4.8.1 (java windows)
Cache-Control: no-cache
Content-Type: application/json; charset=utf-8
host: localhost:7923
accept: */*

Response DefaultHttpResponse(decodeResult: success, version: HTTP/1.1)
HTTP/1.1 200 OK
Content-Length: 51
Content-Type: application/json; charset=utf-8
cache-control: no-cache

18:43:34.128 [AsyncHttpClient-1-14] DEBUG org.asynchttpclient.netty.channel.ChannelManager - Adding key: http://localhost:7923 for channel [id: 0x259dbec7, L:/127.0.0.1:64739 - R:localhost/127.0.0.1:7923]
18:43:34.130 [main] DEBUG net.thucydides.core.steps.StepInterceptor - STARTING STEP: PurchasePosSteps.clickRegisterButton - clickRegisterButton
18:43:34.132 [Forwarding findElement on session 9023590e1751055a99412125698bdf77 to remote] DEBUG org.asynchttpclient.netty.request.NettyRequestSender - Using pooled Channel '[id: 0x259dbec7, L:/127.0.0.1:64739 - R:localhost/127.0.0.1:7923]' for 'POST' to 'http://localhost:7923/session/9023590e1751055a99412125698bdf77/element'
18:43:34.132 [Forwarding findElement on session 9023590e1751055a99412125698bdf77 to remote] DEBUG org.asynchttpclient.netty.request.NettyRequestSender - Using open Channel [id: 0x259dbec7, L:/127.0.0.1:64739 - R:localhost/127.0.0.1:7923] for POST '/session/9023590e1751055a99412125698bdf77/element'
18:43:34.142 [AsyncHttpClient-1-14] DEBUG org.asynchttpclient.netty.handler.HttpHandler - 

Request DefaultHttpRequest(decodeResult: success, version: HTTP/1.1)
POST /session/9023590e1751055a99412125698bdf77/element HTTP/1.1
User-Agent: selenium/4.8.1 (java windows)
Content-Length: 160
Content-Type: application/json; charset=utf-8
host: localhost:7923
accept: */*

Response DefaultHttpResponse(decodeResult: success, version: HTTP/1.1)
HTTP/1.1 200 OK
Content-Length: 88
Content-Type: application/json; charset=utf-8
cache-control: no-cache

18:43:34.142 [AsyncHttpClient-1-14] DEBUG org.asynchttpclient.netty.channel.ChannelManager - Adding key: http://localhost:7923 for channel [id: 0x259dbec7, L:/127.0.0.1:64739 - R:localhost/127.0.0.1:7923]
18:43:34.142 [Forwarding getElementTagName on session 9023590e1751055a99412125698bdf77 to remote] DEBUG org.asynchttpclient.netty.request.NettyRequestSender - Using pooled Channel '[id: 0x259dbec7, L:/127.0.0.1:64739 - R:localhost/127.0.0.1:7923]' for 'GET' to 'http://localhost:7923/session/9023590e1751055a99412125698bdf77/element/e242a1d8-308b-4727-b33c-75f2c3ec71b8/name'
18:43:34.142 [Forwarding getElementTagName on session 9023590e1751055a99412125698bdf77 to remote] DEBUG org.asynchttpclient.netty.request.NettyRequestSender - Using open Channel [id: 0x259dbec7, L:/127.0.0.1:64739 - R:localhost/127.0.0.1:7923] for GET '/session/9023590e1751055a99412125698bdf77/element/e242a1d8-308b-4727-b33c-75f2c3ec71b8/name'
18:43:34.144 [AsyncHttpClient-1-14] DEBUG org.asynchttpclient.netty.handler.HttpHandler - 

Request DefaultFullHttpRequest(decodeResult: success, version: HTTP/1.1, content: EmptyByteBufBE)
GET /session/9023590e1751055a99412125698bdf77/element/e242a1d8-308b-4727-b33c-75f2c3ec71b8/name HTTP/1.1
User-Agent: selenium/4.8.1 (java windows)
Cache-Control: no-cache
Content-Type: application/json; charset=utf-8
host: localhost:7923
accept: */*

Response DefaultHttpResponse(decodeResult: success, version: HTTP/1.1)
HTTP/1.1 200 OK
Content-Length: 16
Content-Type: application/json; charset=utf-8
cache-control: no-cache

18:43:34.144 [AsyncHttpClient-1-14] DEBUG org.asynchttpclient.netty.channel.ChannelManager - Adding key: http://localhost:7923 for channel [id: 0x259dbec7, L:/127.0.0.1:64739 - R:localhost/127.0.0.1:7923]
18:43:34.146 [Forwarding getElementTagName on session 9023590e1751055a99412125698bdf77 to remote] DEBUG org.asynchttpclient.netty.request.NettyRequestSender - Using pooled Channel '[id: 0x259dbec7, L:/127.0.0.1:64739 - R:localhost/127.0.0.1:7923]' for 'GET' to 'http://localhost:7923/session/9023590e1751055a99412125698bdf77/element/e242a1d8-308b-4727-b33c-75f2c3ec71b8/name'
18:43:34.146 [Forwarding getElementTagName on session 9023590e1751055a99412125698bdf77 to remote] DEBUG org.asynchttpclient.netty.request.NettyRequestSender - Using open Channel [id: 0x259dbec7, L:/127.0.0.1:64739 - R:localhost/127.0.0.1:7923] for GET '/session/9023590e1751055a99412125698bdf77/element/e242a1d8-308b-4727-b33c-75f2c3ec71b8/name'
18:43:34.147 [AsyncHttpClient-1-14] DEBUG org.asynchttpclient.netty.handler.HttpHandler - 

Request DefaultFullHttpRequest(decodeResult: success, version: HTTP/1.1, content: EmptyByteBufBE)
GET /session/9023590e1751055a99412125698bdf77/element/e242a1d8-308b-4727-b33c-75f2c3ec71b8/name HTTP/1.1
User-Agent: selenium/4.8.1 (java windows)
Cache-Control: no-cache
Content-Type: application/json; charset=utf-8
host: localhost:7923
accept: */*

Response DefaultHttpResponse(decodeResult: success, version: HTTP/1.1)
HTTP/1.1 200 OK
Content-Length: 16
Content-Type: application/json; charset=utf-8
cache-control: no-cache

18:43:34.147 [AsyncHttpClient-1-14] DEBUG org.asynchttpclient.netty.channel.ChannelManager - Adding key: http://localhost:7923 for channel [id: 0x259dbec7, L:/127.0.0.1:64739 - R:localhost/127.0.0.1:7923]
18:43:34.148 [Forwarding findElement on session 9023590e1751055a99412125698bdf77 to remote] DEBUG org.asynchttpclient.netty.request.NettyRequestSender - Using pooled Channel '[id: 0x259dbec7, L:/127.0.0.1:64739 - R:localhost/127.0.0.1:7923]' for 'POST' to 'http://localhost:7923/session/9023590e1751055a99412125698bdf77/element'
18:43:34.148 [Forwarding findElement on session 9023590e1751055a99412125698bdf77 to remote] DEBUG org.asynchttpclient.netty.request.NettyRequestSender - Using open Channel [id: 0x259dbec7, L:/127.0.0.1:64739 - R:localhost/127.0.0.1:7923] for POST '/session/9023590e1751055a99412125698bdf77/element'
18:43:34.156 [AsyncHttpClient-1-14] DEBUG org.asynchttpclient.netty.handler.HttpHandler - 

Request DefaultHttpRequest(decodeResult: success, version: HTTP/1.1)
POST /session/9023590e1751055a99412125698bdf77/element HTTP/1.1
User-Agent: selenium/4.8.1 (java windows)
Content-Length: 160
Content-Type: application/json; charset=utf-8
host: localhost:7923
accept: */*

Response DefaultHttpResponse(decodeResult: success, version: HTTP/1.1)
HTTP/1.1 200 OK
Content-Length: 88
Content-Type: application/json; charset=utf-8
cache-control: no-cache

18:43:34.156 [AsyncHttpClient-1-14] DEBUG org.asynchttpclient.netty.channel.ChannelManager - Adding key: http://localhost:7923 for channel [id: 0x259dbec7, L:/127.0.0.1:64739 - R:localhost/127.0.0.1:7923]
18:43:34.157 [Forwarding clickElement on session 9023590e1751055a99412125698bdf77 to remote] DEBUG org.asynchttpclient.netty.request.NettyRequestSender - Using pooled Channel '[id: 0x259dbec7, L:/127.0.0.1:64739 - R:localhost/127.0.0.1:7923]' for 'POST' to 'http://localhost:7923/session/9023590e1751055a99412125698bdf77/element/e242a1d8-308b-4727-b33c-75f2c3ec71b8/click'
18:43:34.157 [Forwarding clickElement on session 9023590e1751055a99412125698bdf77 to remote] DEBUG org.asynchttpclient.netty.request.NettyRequestSender - Using open Channel [id: 0x259dbec7, L:/127.0.0.1:64739 - R:localhost/127.0.0.1:7923] for POST '/session/9023590e1751055a99412125698bdf77/element/e242a1d8-308b-4727-b33c-75f2c3ec71b8/click'
18:43:34.184 [AsyncHttpClient-1-14] DEBUG org.asynchttpclient.netty.handler.HttpHandler - 

Request DefaultHttpRequest(decodeResult: success, version: HTTP/1.1)
POST /session/9023590e1751055a99412125698bdf77/element/e242a1d8-308b-4727-b33c-75f2c3ec71b8/click HTTP/1.1
User-Agent: selenium/4.8.1 (java windows)
Content-Length: 50
Content-Type: application/json; charset=utf-8
host: localhost:7923
accept: */*

Response DefaultHttpResponse(decodeResult: success, version: HTTP/1.1)
HTTP/1.1 200 OK
Content-Length: 14
Content-Type: application/json; charset=utf-8
cache-control: no-cache

18:43:34.184 [AsyncHttpClient-1-14] DEBUG org.asynchttpclient.netty.channel.ChannelManager - Adding key: http://localhost:7923 for channel [id: 0x259dbec7, L:/127.0.0.1:64739 - R:localhost/127.0.0.1:7923]
18:43:34.188 [Forwarding getAlertText on session 9023590e1751055a99412125698bdf77 to remote] DEBUG org.asynchttpclient.netty.request.NettyRequestSender - Using pooled Channel '[id: 0x259dbec7, L:/127.0.0.1:64739 - R:localhost/127.0.0.1:7923]' for 'GET' to 'http://localhost:7923/session/9023590e1751055a99412125698bdf77/alert/text'
18:43:34.188 [Forwarding getAlertText on session 9023590e1751055a99412125698bdf77 to remote] DEBUG org.asynchttpclient.netty.request.NettyRequestSender - Using open Channel [id: 0x259dbec7, L:/127.0.0.1:64739 - R:localhost/127.0.0.1:7923] for GET '/session/9023590e1751055a99412125698bdf77/alert/text'
18:43:34.189 [AsyncHttpClient-1-14] DEBUG org.asynchttpclient.netty.handler.HttpHandler - 

Request DefaultFullHttpRequest(decodeResult: success, version: HTTP/1.1, content: EmptyByteBufBE)
GET /session/9023590e1751055a99412125698bdf77/alert/text HTTP/1.1
User-Agent: selenium/4.8.1 (java windows)
Cache-Control: no-cache
Content-Type: application/json; charset=utf-8
host: localhost:7923
accept: */*

Response DefaultHttpResponse(decodeResult: success, version: HTTP/1.1)
HTTP/1.1 404 Not Found
Content-Length: 821
Content-Type: application/json; charset=utf-8
cache-control: no-cache

18:43:34.189 [AsyncHttpClient-1-14] DEBUG org.asynchttpclient.netty.channel.ChannelManager - Adding key: http://localhost:7923 for channel [id: 0x259dbec7, L:/127.0.0.1:64739 - R:localhost/127.0.0.1:7923]
18:43:34.189 [Forwarding getCurrentUrl on session 9023590e1751055a99412125698bdf77 to remote] DEBUG org.asynchttpclient.netty.request.NettyRequestSender - Using pooled Channel '[id: 0x259dbec7, L:/127.0.0.1:64739 - R:localhost/127.0.0.1:7923]' for 'GET' to 'http://localhost:7923/session/9023590e1751055a99412125698bdf77/url'
18:43:34.189 [Forwarding getCurrentUrl on session 9023590e1751055a99412125698bdf77 to remote] DEBUG org.asynchttpclient.netty.request.NettyRequestSender - Using open Channel [id: 0x259dbec7, L:/127.0.0.1:64739 - R:localhost/127.0.0.1:7923] for GET '/session/9023590e1751055a99412125698bdf77/url'
18:43:34.191 [AsyncHttpClient-1-14] DEBUG org.asynchttpclient.netty.handler.HttpHandler - 

Request DefaultFullHttpRequest(decodeResult: success, version: HTTP/1.1, content: EmptyByteBufBE)
GET /session/9023590e1751055a99412125698bdf77/url HTTP/1.1
User-Agent: selenium/4.8.1 (java windows)
Cache-Control: no-cache
Content-Type: application/json; charset=utf-8
host: localhost:7923
accept: */*

Response DefaultHttpResponse(decodeResult: success, version: HTTP/1.1)
HTTP/1.1 200 OK
Content-Length: 51
Content-Type: application/json; charset=utf-8
cache-control: no-cache

18:43:34.191 [AsyncHttpClient-1-14] DEBUG org.asynchttpclient.netty.channel.ChannelManager - Adding key: http://localhost:7923 for channel [id: 0x259dbec7, L:/127.0.0.1:64739 - R:localhost/127.0.0.1:7923]
18:43:34.191 [Forwarding screenshot on session 9023590e1751055a99412125698bdf77 to remote] DEBUG org.asynchttpclient.netty.request.NettyRequestSender - Using pooled Channel '[id: 0x259dbec7, L:/127.0.0.1:64739 - R:localhost/127.0.0.1:7923]' for 'GET' to 'http://localhost:7923/session/9023590e1751055a99412125698bdf77/screenshot'
18:43:34.191 [Forwarding screenshot on session 9023590e1751055a99412125698bdf77 to remote] DEBUG org.asynchttpclient.netty.request.NettyRequestSender - Using open Channel [id: 0x259dbec7, L:/127.0.0.1:64739 - R:localhost/127.0.0.1:7923] for GET '/session/9023590e1751055a99412125698bdf77/screenshot'
18:43:34.303 [AsyncHttpClient-1-14] DEBUG org.asynchttpclient.netty.handler.HttpHandler - 

Request DefaultFullHttpRequest(decodeResult: success, version: HTTP/1.1, content: EmptyByteBufBE)
GET /session/9023590e1751055a99412125698bdf77/screenshot HTTP/1.1
User-Agent: selenium/4.8.1 (java windows)
Cache-Control: no-cache
Content-Type: application/json; charset=utf-8
host: localhost:7923
accept: */*

Response DefaultHttpResponse(decodeResult: success, version: HTTP/1.1)
HTTP/1.1 200 OK
Content-Length: 41252
Content-Type: application/json; charset=utf-8
cache-control: no-cache

18:43:34.303 [AsyncHttpClient-1-14] DEBUG org.asynchttpclient.netty.channel.ChannelManager - Adding key: http://localhost:7923 for channel [id: 0x259dbec7, L:/127.0.0.1:64739 - R:localhost/127.0.0.1:7923]
18:43:34.304 [main] DEBUG net.serenitybdd.core.photography.Darkroom - Send negative for processing for target\site\serenity\19264d29d8fcc247aba53a36238a1529c218feb83305577c32cd5bae7e7b3d34.png
18:43:34.304 [main] DEBUG net.thucydides.core.steps.StepInterceptor - STEP DONE: clickRegisterButton
18:43:34.304 [Darkroom Processing Line] DEBUG net.serenitybdd.core.photography.DarkroomProcessingLine - Processing screenshot image in /var/screenshots/screenshot-5466109363006586469
18:43:34.304 [Darkroom Processing Line] DEBUG net.serenitybdd.core.photography.DarkroomProcessingLine - Saving screenshot to target\site\serenity\19264d29d8fcc247aba53a36238a1529c218feb83305577c32cd5bae7e7b3d34.png
  &amp#27;[32mAnd &amp#27;[0m&amp#27;[32mI click login Button&amp#27;[0m                                 &amp#27;[90m# starter.stepDefinition.PurchasePosSteps.clickRegisterButton()&amp#27;[0m
18:43:34.311 [Forwarding getPageSource on session 9023590e1751055a99412125698bdf77 to remote] DEBUG org.asynchttpclient.netty.request.NettyRequestSender - Using pooled Channel '[id: 0x259dbec7, L:/127.0.0.1:64739 - R:localhost/127.0.0.1:7923]' for 'POST' to 'http://localhost:7923/session/9023590e1751055a99412125698bdf77/execute/sync'
18:43:34.311 [Forwarding getPageSource on session 9023590e1751055a99412125698bdf77 to remote] DEBUG org.asynchttpclient.netty.request.NettyRequestSender - Using open Channel [id: 0x259dbec7, L:/127.0.0.1:64739 - R:localhost/127.0.0.1:7923] for POST '/session/9023590e1751055a99412125698bdf77/execute/sync'
18:43:34.314 [AsyncHttpClient-1-14] DEBUG org.asynchttpclient.netty.handler.HttpHandler - 

Request DefaultHttpRequest(decodeResult: success, version: HTTP/1.1)
POST /session/9023590e1751055a99412125698bdf77/execute/sync HTTP/1.1
User-Agent: selenium/4.8.1 (java windows)
Content-Length: 176
Content-Type: application/json; charset=utf-8
host: localhost:7923
accept: */*

Response DefaultHttpResponse(decodeResult: success, version: HTTP/1.1)
HTTP/1.1 200 OK
Content-Length: 22115
Content-Type: application/json; charset=utf-8
cache-control: no-cache

18:43:34.314 [AsyncHttpClient-1-14] DEBUG org.asynchttpclient.netty.channel.ChannelManager - Adding key: http://localhost:7923 for channel [id: 0x259dbec7, L:/127.0.0.1:64739 - R:localhost/127.0.0.1:7923]
18:43:34.316 [Forwarding getCurrentUrl on session 9023590e1751055a99412125698bdf77 to remote] DEBUG org.asynchttpclient.netty.request.NettyRequestSender - Using pooled Channel '[id: 0x259dbec7, L:/127.0.0.1:64739 - R:localhost/127.0.0.1:7923]' for 'GET' to 'http://localhost:7923/session/9023590e1751055a99412125698bdf77/url'
18:43:34.316 [Forwarding getCurrentUrl on session 9023590e1751055a99412125698bdf77 to remote] DEBUG org.asynchttpclient.netty.request.NettyRequestSender - Using open Channel [id: 0x259dbec7, L:/127.0.0.1:64739 - R:localhost/127.0.0.1:7923] for GET '/session/9023590e1751055a99412125698bdf77/url'
18:43:34.318 [AsyncHttpClient-1-14] DEBUG org.asynchttpclient.netty.handler.HttpHandler - 

Request DefaultFullHttpRequest(decodeResult: success, version: HTTP/1.1, content: EmptyByteBufBE)
GET /session/9023590e1751055a99412125698bdf77/url HTTP/1.1
User-Agent: selenium/4.8.1 (java windows)
Cache-Control: no-cache
Content-Type: application/json; charset=utf-8
host: localhost:7923
accept: */*

Response DefaultHttpResponse(decodeResult: success, version: HTTP/1.1)
HTTP/1.1 200 OK
Content-Length: 51
Content-Type: application/json; charset=utf-8
cache-control: no-cache

18:43:34.318 [AsyncHttpClient-1-14] DEBUG org.asynchttpclient.netty.channel.ChannelManager - Adding key: http://localhost:7923 for channel [id: 0x259dbec7, L:/127.0.0.1:64739 - R:localhost/127.0.0.1:7923]
18:43:34.324 [Forwarding findElement on session 9023590e1751055a99412125698bdf77 to remote] DEBUG org.asynchttpclient.netty.request.NettyRequestSender - Using pooled Channel '[id: 0x259dbec7, L:/127.0.0.1:64739 - R:localhost/127.0.0.1:7923]' for 'POST' to 'http://localhost:7923/session/9023590e1751055a99412125698bdf77/element'
18:43:34.324 [Forwarding findElement on session 9023590e1751055a99412125698bdf77 to remote] DEBUG org.asynchttpclient.netty.request.NettyRequestSender - Using open Channel [id: 0x259dbec7, L:/127.0.0.1:64739 - R:localhost/127.0.0.1:7923] for POST '/session/9023590e1751055a99412125698bdf77/element'
18:43:34.333 [AsyncHttpClient-1-14] DEBUG org.asynchttpclient.netty.handler.HttpHandler - 

Request DefaultHttpRequest(decodeResult: success, version: HTTP/1.1)
POST /session/9023590e1751055a99412125698bdf77/element HTTP/1.1
User-Agent: selenium/4.8.1 (java windows)
Content-Length: 209
Content-Type: application/json; charset=utf-8
host: localhost:7923
accept: */*

Response DefaultHttpResponse(decodeResult: success, version: HTTP/1.1)
HTTP/1.1 200 OK
Content-Length: 88
Content-Type: application/json; charset=utf-8
cache-control: no-cache

18:43:34.333 [AsyncHttpClient-1-14] DEBUG org.asynchttpclient.netty.channel.ChannelManager - Adding key: http://localhost:7923 for channel [id: 0x259dbec7, L:/127.0.0.1:64739 - R:localhost/127.0.0.1:7923]
18:43:34.336 [Forwarding isElementDisplayed on session 9023590e1751055a99412125698bdf77 to remote] DEBUG org.asynchttpclient.netty.request.NettyRequestSender - Using pooled Channel '[id: 0x259dbec7, L:/127.0.0.1:64739 - R:localhost/127.0.0.1:7923]' for 'POST' to 'http://localhost:7923/session/9023590e1751055a99412125698bdf77/execute/sync'
18:43:34.336 [Forwarding isElementDisplayed on session 9023590e1751055a99412125698bdf77 to remote] DEBUG org.asynchttpclient.netty.request.NettyRequestSender - Using open Channel [id: 0x259dbec7, L:/127.0.0.1:64739 - R:localhost/127.0.0.1:7923] for POST '/session/9023590e1751055a99412125698bdf77/execute/sync'
18:43:34.346 [AsyncHttpClient-1-14] DEBUG org.asynchttpclient.netty.handler.HttpHandler - 

Request DefaultHttpRequest(decodeResult: success, version: HTTP/1.1)
POST /session/9023590e1751055a99412125698bdf77/execute/sync HTTP/1.1
User-Agent: selenium/4.8.1 (java windows)
Content-Length: 48807
Content-Type: application/json; charset=utf-8
host: localhost:7923
accept: */*

Response DefaultHttpResponse(decodeResult: success, version: HTTP/1.1)
HTTP/1.1 200 OK
Content-Length: 14
Content-Type: application/json; charset=utf-8
cache-control: no-cache

18:43:34.346 [AsyncHttpClient-1-14] DEBUG org.asynchttpclient.netty.channel.ChannelManager - Adding key: http://localhost:7923 for channel [id: 0x259dbec7, L:/127.0.0.1:64739 - R:localhost/127.0.0.1:7923]
  &amp#27;[32mAnd &amp#27;[0m&amp#27;[32mI am on my account home page&amp#27;[0m                         &amp#27;[90m# starter.stepDefinition.PurchasePosSteps.onLoginForm()&amp#27;[0m
18:43:34.351 [Forwarding getPageSource on session 9023590e1751055a99412125698bdf77 to remote] DEBUG org.asynchttpclient.netty.request.NettyRequestSender - Using pooled Channel '[id: 0x259dbec7, L:/127.0.0.1:64739 - R:localhost/127.0.0.1:7923]' for 'POST' to 'http://localhost:7923/session/9023590e1751055a99412125698bdf77/execute/sync'
18:43:34.351 [Forwarding getPageSource on session 9023590e1751055a99412125698bdf77 to remote] DEBUG org.asynchttpclient.netty.request.NettyRequestSender - Using open Channel [id: 0x259dbec7, L:/127.0.0.1:64739 - R:localhost/127.0.0.1:7923] for POST '/session/9023590e1751055a99412125698bdf77/execute/sync'
18:43:34.355 [AsyncHttpClient-1-14] DEBUG org.asynchttpclient.netty.handler.HttpHandler - 

Request DefaultHttpRequest(decodeResult: success, version: HTTP/1.1)
POST /session/9023590e1751055a99412125698bdf77/execute/sync HTTP/1.1
User-Agent: selenium/4.8.1 (java windows)
Content-Length: 176
Content-Type: application/json; charset=utf-8
host: localhost:7923
accept: */*

Response DefaultHttpResponse(decodeResult: success, version: HTTP/1.1)
HTTP/1.1 200 OK
Content-Length: 22115
Content-Type: application/json; charset=utf-8
cache-control: no-cache

18:43:34.356 [AsyncHttpClient-1-14] DEBUG org.asynchttpclient.netty.channel.ChannelManager - Adding key: http://localhost:7923 for channel [id: 0x259dbec7, L:/127.0.0.1:64739 - R:localhost/127.0.0.1:7923]
18:43:34.357 [Forwarding getCurrentUrl on session 9023590e1751055a99412125698bdf77 to remote] DEBUG org.asynchttpclient.netty.request.NettyRequestSender - Using pooled Channel '[id: 0x259dbec7, L:/127.0.0.1:64739 - R:localhost/127.0.0.1:7923]' for 'GET' to 'http://localhost:7923/session/9023590e1751055a99412125698bdf77/url'
18:43:34.357 [Forwarding getCurrentUrl on session 9023590e1751055a99412125698bdf77 to remote] DEBUG org.asynchttpclient.netty.request.NettyRequestSender - Using open Channel [id: 0x259dbec7, L:/127.0.0.1:64739 - R:localhost/127.0.0.1:7923] for GET '/session/9023590e1751055a99412125698bdf77/url'
18:43:34.359 [AsyncHttpClient-1-14] DEBUG org.asynchttpclient.netty.handler.HttpHandler - 

Request DefaultFullHttpRequest(decodeResult: success, version: HTTP/1.1, content: EmptyByteBufBE)
GET /session/9023590e1751055a99412125698bdf77/url HTTP/1.1
User-Agent: selenium/4.8.1 (java windows)
Cache-Control: no-cache
Content-Type: application/json; charset=utf-8
host: localhost:7923
accept: */*

Response DefaultHttpResponse(decodeResult: success, version: HTTP/1.1)
HTTP/1.1 200 OK
Content-Length: 51
Content-Type: application/json; charset=utf-8
cache-control: no-cache

18:43:34.359 [AsyncHttpClient-1-14] DEBUG org.asynchttpclient.netty.channel.ChannelManager - Adding key: http://localhost:7923 for channel [id: 0x259dbec7, L:/127.0.0.1:64739 - R:localhost/127.0.0.1:7923]
18:43:34.365 [Forwarding getAlertText on session 9023590e1751055a99412125698bdf77 to remote] DEBUG org.asynchttpclient.netty.request.NettyRequestSender - Using pooled Channel '[id: 0x259dbec7, L:/127.0.0.1:64739 - R:localhost/127.0.0.1:7923]' for 'GET' to 'http://localhost:7923/session/9023590e1751055a99412125698bdf77/alert/text'
18:43:34.365 [Forwarding getAlertText on session 9023590e1751055a99412125698bdf77 to remote] DEBUG org.asynchttpclient.netty.request.NettyRequestSender - Using open Channel [id: 0x259dbec7, L:/127.0.0.1:64739 - R:localhost/127.0.0.1:7923] for GET '/session/9023590e1751055a99412125698bdf77/alert/text'
18:43:34.367 [AsyncHttpClient-1-14] DEBUG org.asynchttpclient.netty.handler.HttpHandler - 

Request DefaultFullHttpRequest(decodeResult: success, version: HTTP/1.1, content: EmptyByteBufBE)
GET /session/9023590e1751055a99412125698bdf77/alert/text HTTP/1.1
User-Agent: selenium/4.8.1 (java windows)
Cache-Control: no-cache
Content-Type: application/json; charset=utf-8
host: localhost:7923
accept: */*

Response DefaultHttpResponse(decodeResult: success, version: HTTP/1.1)
HTTP/1.1 404 Not Found
Content-Length: 821
Content-Type: application/json; charset=utf-8
cache-control: no-cache

18:43:34.367 [AsyncHttpClient-1-14] DEBUG org.asynchttpclient.netty.channel.ChannelManager - Adding key: http://localhost:7923 for channel [id: 0x259dbec7, L:/127.0.0.1:64739 - R:localhost/127.0.0.1:7923]
18:43:34.368 [Forwarding getCurrentUrl on session 9023590e1751055a99412125698bdf77 to remote] DEBUG org.asynchttpclient.netty.request.NettyRequestSender - Using pooled Channel '[id: 0x259dbec7, L:/127.0.0.1:64739 - R:localhost/127.0.0.1:7923]' for 'GET' to 'http://localhost:7923/session/9023590e1751055a99412125698bdf77/url'
18:43:34.368 [Forwarding getCurrentUrl on session 9023590e1751055a99412125698bdf77 to remote] DEBUG org.asynchttpclient.netty.request.NettyRequestSender - Using open Channel [id: 0x259dbec7, L:/127.0.0.1:64739 - R:localhost/127.0.0.1:7923] for GET '/session/9023590e1751055a99412125698bdf77/url'
18:43:35.189 [AsyncHttpClient-1-1] DEBUG org.asynchttpclient.netty.channel.DefaultChannelPool - Entry count for : http://localhost:64740 : 1
18:43:35.290 [AsyncHttpClient-1-14] DEBUG org.asynchttpclient.netty.handler.HttpHandler - 

Request DefaultFullHttpRequest(decodeResult: success, version: HTTP/1.1, content: EmptyByteBufBE)
GET /session/9023590e1751055a99412125698bdf77/url HTTP/1.1
User-Agent: selenium/4.8.1 (java windows)
Cache-Control: no-cache
Content-Type: application/json; charset=utf-8
host: localhost:7923
accept: */*

Response DefaultHttpResponse(decodeResult: success, version: HTTP/1.1)
HTTP/1.1 200 OK
Content-Length: 51
Content-Type: application/json; charset=utf-8
cache-control: no-cache

18:43:35.291 [AsyncHttpClient-1-14] DEBUG org.asynchttpclient.netty.channel.ChannelManager - Adding key: http://localhost:7923 for channel [id: 0x259dbec7, L:/127.0.0.1:64739 - R:localhost/127.0.0.1:7923]
18:43:35.291 [Forwarding screenshot on session 9023590e1751055a99412125698bdf77 to remote] DEBUG org.asynchttpclient.netty.request.NettyRequestSender - Using pooled Channel '[id: 0x259dbec7, L:/127.0.0.1:64739 - R:localhost/127.0.0.1:7923]' for 'GET' to 'http://localhost:7923/session/9023590e1751055a99412125698bdf77/screenshot'
18:43:35.291 [Forwarding screenshot on session 9023590e1751055a99412125698bdf77 to remote] DEBUG org.asynchttpclient.netty.request.NettyRequestSender - Using open Channel [id: 0x259dbec7, L:/127.0.0.1:64739 - R:localhost/127.0.0.1:7923] for GET '/session/9023590e1751055a99412125698bdf77/screenshot'
18:43:35.381 [AsyncHttpClient-1-14] DEBUG org.asynchttpclient.netty.handler.HttpHandler - 

Request DefaultFullHttpRequest(decodeResult: success, version: HTTP/1.1, content: EmptyByteBufBE)
GET /session/9023590e1751055a99412125698bdf77/screenshot HTTP/1.1
User-Agent: selenium/4.8.1 (java windows)
Cache-Control: no-cache
Content-Type: application/json; charset=utf-8
host: localhost:7923
accept: */*

Response DefaultHttpResponse(decodeResult: success, version: HTTP/1.1)
HTTP/1.1 200 OK
Content-Length: 27024
Content-Type: application/json; charset=utf-8
cache-control: no-cache

18:43:35.383 [AsyncHttpClient-1-14] DEBUG org.asynchttpclient.netty.channel.ChannelManager - Adding key: http://localhost:7923 for channel [id: 0x259dbec7, L:/127.0.0.1:64739 - R:localhost/127.0.0.1:7923]
18:43:35.384 [main] DEBUG net.serenitybdd.core.photography.Darkroom - Send negative for processing for target\site\serenity\673fec29a0642dfa97cbcc34bddcfc54174177d9489419c3de01e131a951f471.png
18:43:35.385 [Darkroom Processing Line] DEBUG net.serenitybdd.core.photography.DarkroomProcessingLine - Processing screenshot image in /var/screenshots/screenshot-10758052858562016615
18:43:35.385 [Darkroom Processing Line] DEBUG net.serenitybdd.core.photography.DarkroomProcessingLine - Saving screenshot to target\site\serenity\673fec29a0642dfa97cbcc34bddcfc54174177d9489419c3de01e131a951f471.png
18:43:35.386 [Forwarding getPageSource on session 9023590e1751055a99412125698bdf77 to remote] DEBUG org.asynchttpclient.netty.request.NettyRequestSender - Using pooled Channel '[id: 0x259dbec7, L:/127.0.0.1:64739 - R:localhost/127.0.0.1:7923]' for 'POST' to 'http://localhost:7923/session/9023590e1751055a99412125698bdf77/execute/sync'
18:43:35.386 [Forwarding getPageSource on session 9023590e1751055a99412125698bdf77 to remote] DEBUG org.asynchttpclient.netty.request.NettyRequestSender - Using open Channel [id: 0x259dbec7, L:/127.0.0.1:64739 - R:localhost/127.0.0.1:7923] for POST '/session/9023590e1751055a99412125698bdf77/execute/sync'
18:43:35.389 [AsyncHttpClient-1-14] DEBUG org.asynchttpclient.netty.handler.HttpHandler - 

Request DefaultHttpRequest(decodeResult: success, version: HTTP/1.1)
POST /session/9023590e1751055a99412125698bdf77/execute/sync HTTP/1.1
User-Agent: selenium/4.8.1 (java windows)
Content-Length: 176
Content-Type: application/json; charset=utf-8
host: localhost:7923
accept: */*

Response DefaultHttpResponse(decodeResult: success, version: HTTP/1.1)
HTTP/1.1 200 OK
Content-Length: 28804
Content-Type: application/json; charset=utf-8
cache-control: no-cache

18:43:35.389 [AsyncHttpClient-1-14] DEBUG org.asynchttpclient.netty.channel.ChannelManager - Adding key: http://localhost:7923 for channel [id: 0x259dbec7, L:/127.0.0.1:64739 - R:localhost/127.0.0.1:7923]
18:43:35.391 [Forwarding getCurrentUrl on session 9023590e1751055a99412125698bdf77 to remote] DEBUG org.asynchttpclient.netty.request.NettyRequestSender - Using pooled Channel '[id: 0x259dbec7, L:/127.0.0.1:64739 - R:localhost/127.0.0.1:7923]' for 'GET' to 'http://localhost:7923/session/9023590e1751055a99412125698bdf77/url'
18:43:35.391 [Forwarding getCurrentUrl on session 9023590e1751055a99412125698bdf77 to remote] DEBUG org.asynchttpclient.netty.request.NettyRequestSender - Using open Channel [id: 0x259dbec7, L:/127.0.0.1:64739 - R:localhost/127.0.0.1:7923] for GET '/session/9023590e1751055a99412125698bdf77/url'
18:43:35.393 [AsyncHttpClient-1-14] DEBUG org.asynchttpclient.netty.handler.HttpHandler - 

Request DefaultFullHttpRequest(decodeResult: success, version: HTTP/1.1, content: EmptyByteBufBE)
GET /session/9023590e1751055a99412125698bdf77/url HTTP/1.1
User-Agent: selenium/4.8.1 (java windows)
Cache-Control: no-cache
Content-Type: application/json; charset=utf-8
host: localhost:7923
accept: */*

Response DefaultHttpResponse(decodeResult: success, version: HTTP/1.1)
HTTP/1.1 200 OK
Content-Length: 41
Content-Type: application/json; charset=utf-8
cache-control: no-cache

18:43:35.394 [AsyncHttpClient-1-14] DEBUG org.asynchttpclient.netty.channel.ChannelManager - Adding key: http://localhost:7923 for channel [id: 0x259dbec7, L:/127.0.0.1:64739 - R:localhost/127.0.0.1:7923]
18:43:35.395 [main] DEBUG net.thucydides.core.steps.StepInterceptor - STARTING STEP: PurchasePosSteps.clickBeliButton - clickBeliButton
18:43:35.396 [Forwarding findElement on session 9023590e1751055a99412125698bdf77 to remote] DEBUG org.asynchttpclient.netty.request.NettyRequestSender - Using pooled Channel '[id: 0x259dbec7, L:/127.0.0.1:64739 - R:localhost/127.0.0.1:7923]' for 'POST' to 'http://localhost:7923/session/9023590e1751055a99412125698bdf77/element'
18:43:35.396 [Forwarding findElement on session 9023590e1751055a99412125698bdf77 to remote] DEBUG org.asynchttpclient.netty.request.NettyRequestSender - Using open Channel [id: 0x259dbec7, L:/127.0.0.1:64739 - R:localhost/127.0.0.1:7923] for POST '/session/9023590e1751055a99412125698bdf77/element'
18:43:36.287 [AsyncHttpClient-1-1] DEBUG org.asynchttpclient.netty.channel.DefaultChannelPool - Entry count for : http://localhost:64740 : 1
18:43:36.981 [AsyncHttpClient-1-14] DEBUG org.asynchttpclient.netty.handler.HttpHandler - 

Request DefaultHttpRequest(decodeResult: success, version: HTTP/1.1)
POST /session/9023590e1751055a99412125698bdf77/element HTTP/1.1
User-Agent: selenium/4.8.1 (java windows)
Content-Length: 208
Content-Type: application/json; charset=utf-8
host: localhost:7923
accept: */*

Response DefaultHttpResponse(decodeResult: success, version: HTTP/1.1)
HTTP/1.1 200 OK
Content-Length: 88
Content-Type: application/json; charset=utf-8
cache-control: no-cache

18:43:36.981 [AsyncHttpClient-1-14] DEBUG org.asynchttpclient.netty.channel.ChannelManager - Adding key: http://localhost:7923 for channel [id: 0x259dbec7, L:/127.0.0.1:64739 - R:localhost/127.0.0.1:7923]
18:43:36.982 [Forwarding getElementTagName on session 9023590e1751055a99412125698bdf77 to remote] DEBUG org.asynchttpclient.netty.request.NettyRequestSender - Using pooled Channel '[id: 0x259dbec7, L:/127.0.0.1:64739 - R:localhost/127.0.0.1:7923]' for 'GET' to 'http://localhost:7923/session/9023590e1751055a99412125698bdf77/element/81bedbf3-b2db-4414-b4a1-799f8c862391/name'
18:43:36.982 [Forwarding getElementTagName on session 9023590e1751055a99412125698bdf77 to remote] DEBUG org.asynchttpclient.netty.request.NettyRequestSender - Using open Channel [id: 0x259dbec7, L:/127.0.0.1:64739 - R:localhost/127.0.0.1:7923] for GET '/session/9023590e1751055a99412125698bdf77/element/81bedbf3-b2db-4414-b4a1-799f8c862391/name'
18:43:36.990 [AsyncHttpClient-1-14] DEBUG org.asynchttpclient.netty.handler.HttpHandler - 

Request DefaultFullHttpRequest(decodeResult: success, version: HTTP/1.1, content: EmptyByteBufBE)
GET /session/9023590e1751055a99412125698bdf77/element/81bedbf3-b2db-4414-b4a1-799f8c862391/name HTTP/1.1
User-Agent: selenium/4.8.1 (java windows)
Cache-Control: no-cache
Content-Type: application/json; charset=utf-8
host: localhost:7923
accept: */*

Response DefaultHttpResponse(decodeResult: success, version: HTTP/1.1)
HTTP/1.1 200 OK
Content-Length: 16
Content-Type: application/json; charset=utf-8
cache-control: no-cache

18:43:36.991 [AsyncHttpClient-1-14] DEBUG org.asynchttpclient.netty.channel.ChannelManager - Adding key: http://localhost:7923 for channel [id: 0x259dbec7, L:/127.0.0.1:64739 - R:localhost/127.0.0.1:7923]
18:43:36.991 [Forwarding getElementTagName on session 9023590e1751055a99412125698bdf77 to remote] DEBUG org.asynchttpclient.netty.request.NettyRequestSender - Using pooled Channel '[id: 0x259dbec7, L:/127.0.0.1:64739 - R:localhost/127.0.0.1:7923]' for 'GET' to 'http://localhost:7923/session/9023590e1751055a99412125698bdf77/element/81bedbf3-b2db-4414-b4a1-799f8c862391/name'
18:43:36.991 [Forwarding getElementTagName on session 9023590e1751055a99412125698bdf77 to remote] DEBUG org.asynchttpclient.netty.request.NettyRequestSender - Using open Channel [id: 0x259dbec7, L:/127.0.0.1:64739 - R:localhost/127.0.0.1:7923] for GET '/session/9023590e1751055a99412125698bdf77/element/81bedbf3-b2db-4414-b4a1-799f8c862391/name'
18:43:36.993 [AsyncHttpClient-1-14] DEBUG org.asynchttpclient.netty.handler.HttpHandler - 

Request DefaultFullHttpRequest(decodeResult: success, version: HTTP/1.1, content: EmptyByteBufBE)
GET /session/9023590e1751055a99412125698bdf77/element/81bedbf3-b2db-4414-b4a1-799f8c862391/name HTTP/1.1
User-Agent: selenium/4.8.1 (java windows)
Cache-Control: no-cache
Content-Type: application/json; charset=utf-8
host: localhost:7923
accept: */*

Response DefaultHttpResponse(decodeResult: success, version: HTTP/1.1)
HTTP/1.1 200 OK
Content-Length: 16
Content-Type: application/json; charset=utf-8
cache-control: no-cache

18:43:36.993 [AsyncHttpClient-1-14] DEBUG org.asynchttpclient.netty.channel.ChannelManager - Adding key: http://localhost:7923 for channel [id: 0x259dbec7, L:/127.0.0.1:64739 - R:localhost/127.0.0.1:7923]
18:43:36.995 [Forwarding findElement on session 9023590e1751055a99412125698bdf77 to remote] DEBUG org.asynchttpclient.netty.request.NettyRequestSender - Using pooled Channel '[id: 0x259dbec7, L:/127.0.0.1:64739 - R:localhost/127.0.0.1:7923]' for 'POST' to 'http://localhost:7923/session/9023590e1751055a99412125698bdf77/element'
18:43:36.995 [Forwarding findElement on session 9023590e1751055a99412125698bdf77 to remote] DEBUG org.asynchttpclient.netty.request.NettyRequestSender - Using open Channel [id: 0x259dbec7, L:/127.0.0.1:64739 - R:localhost/127.0.0.1:7923] for POST '/session/9023590e1751055a99412125698bdf77/element'
18:43:37.285 [AsyncHttpClient-1-14] DEBUG org.asynchttpclient.netty.handler.HttpHandler - 

Request DefaultHttpRequest(decodeResult: success, version: HTTP/1.1)
POST /session/9023590e1751055a99412125698bdf77/element HTTP/1.1
User-Agent: selenium/4.8.1 (java windows)
Content-Length: 208
Content-Type: application/json; charset=utf-8
host: localhost:7923
accept: */*

Response DefaultHttpResponse(decodeResult: success, version: HTTP/1.1)
HTTP/1.1 200 OK
Content-Length: 88
Content-Type: application/json; charset=utf-8
cache-control: no-cache

18:43:37.285 [AsyncHttpClient-1-14] DEBUG org.asynchttpclient.netty.channel.ChannelManager - Adding key: http://localhost:7923 for channel [id: 0x259dbec7, L:/127.0.0.1:64739 - R:localhost/127.0.0.1:7923]
18:43:37.286 [Forwarding clickElement on session 9023590e1751055a99412125698bdf77 to remote] DEBUG org.asynchttpclient.netty.request.NettyRequestSender - Using pooled Channel '[id: 0x259dbec7, L:/127.0.0.1:64739 - R:localhost/127.0.0.1:7923]' for 'POST' to 'http://localhost:7923/session/9023590e1751055a99412125698bdf77/element/81bedbf3-b2db-4414-b4a1-799f8c862391/click'
18:43:37.286 [Forwarding clickElement on session 9023590e1751055a99412125698bdf77 to remote] DEBUG org.asynchttpclient.netty.request.NettyRequestSender - Using open Channel [id: 0x259dbec7, L:/127.0.0.1:64739 - R:localhost/127.0.0.1:7923] for POST '/session/9023590e1751055a99412125698bdf77/element/81bedbf3-b2db-4414-b4a1-799f8c862391/click'
18:43:37.356 [AsyncHttpClient-1-14] DEBUG org.asynchttpclient.netty.handler.HttpHandler - 

Request DefaultHttpRequest(decodeResult: success, version: HTTP/1.1)
POST /session/9023590e1751055a99412125698bdf77/element/81bedbf3-b2db-4414-b4a1-799f8c862391/click HTTP/1.1
User-Agent: selenium/4.8.1 (java windows)
Content-Length: 50
Content-Type: application/json; charset=utf-8
host: localhost:7923
accept: */*

Response DefaultHttpResponse(decodeResult: success, version: HTTP/1.1)
HTTP/1.1 200 OK
Content-Length: 14
Content-Type: application/json; charset=utf-8
cache-control: no-cache

18:43:37.356 [AsyncHttpClient-1-14] DEBUG org.asynchttpclient.netty.channel.ChannelManager - Adding key: http://localhost:7923 for channel [id: 0x259dbec7, L:/127.0.0.1:64739 - R:localhost/127.0.0.1:7923]
18:43:37.359 [Forwarding getAlertText on session 9023590e1751055a99412125698bdf77 to remote] DEBUG org.asynchttpclient.netty.request.NettyRequestSender - Using pooled Channel '[id: 0x259dbec7, L:/127.0.0.1:64739 - R:localhost/127.0.0.1:7923]' for 'GET' to 'http://localhost:7923/session/9023590e1751055a99412125698bdf77/alert/text'
18:43:37.359 [Forwarding getAlertText on session 9023590e1751055a99412125698bdf77 to remote] DEBUG org.asynchttpclient.netty.request.NettyRequestSender - Using open Channel [id: 0x259dbec7, L:/127.0.0.1:64739 - R:localhost/127.0.0.1:7923] for GET '/session/9023590e1751055a99412125698bdf77/alert/text'
18:43:37.386 [AsyncHttpClient-1-1] DEBUG org.asynchttpclient.netty.channel.DefaultChannelPool - Entry count for : http://localhost:64740 : 1
18:43:37.471 [AsyncHttpClient-1-14] DEBUG org.asynchttpclient.netty.handler.HttpHandler - 

Request DefaultFullHttpRequest(decodeResult: success, version: HTTP/1.1, content: EmptyByteBufBE)
GET /session/9023590e1751055a99412125698bdf77/alert/text HTTP/1.1
User-Agent: selenium/4.8.1 (java windows)
Cache-Control: no-cache
Content-Type: application/json; charset=utf-8
host: localhost:7923
accept: */*

Response DefaultHttpResponse(decodeResult: success, version: HTTP/1.1)
HTTP/1.1 404 Not Found
Content-Length: 821
Content-Type: application/json; charset=utf-8
cache-control: no-cache

18:43:37.471 [AsyncHttpClient-1-14] DEBUG org.asynchttpclient.netty.channel.ChannelManager - Adding key: http://localhost:7923 for channel [id: 0x259dbec7, L:/127.0.0.1:64739 - R:localhost/127.0.0.1:7923]
18:43:37.471 [Forwarding getCurrentUrl on session 9023590e1751055a99412125698bdf77 to remote] DEBUG org.asynchttpclient.netty.request.NettyRequestSender - Using pooled Channel '[id: 0x259dbec7, L:/127.0.0.1:64739 - R:localhost/127.0.0.1:7923]' for 'GET' to 'http://localhost:7923/session/9023590e1751055a99412125698bdf77/url'
18:43:37.471 [Forwarding getCurrentUrl on session 9023590e1751055a99412125698bdf77 to remote] DEBUG org.asynchttpclient.netty.request.NettyRequestSender - Using open Channel [id: 0x259dbec7, L:/127.0.0.1:64739 - R:localhost/127.0.0.1:7923] for GET '/session/9023590e1751055a99412125698bdf77/url'
18:43:37.474 [AsyncHttpClient-1-14] DEBUG org.asynchttpclient.netty.handler.HttpHandler - 

Request DefaultFullHttpRequest(decodeResult: success, version: HTTP/1.1, content: EmptyByteBufBE)
GET /session/9023590e1751055a99412125698bdf77/url HTTP/1.1
User-Agent: selenium/4.8.1 (java windows)
Cache-Control: no-cache
Content-Type: application/json; charset=utf-8
host: localhost:7923
accept: */*

Response DefaultHttpResponse(decodeResult: success, version: HTTP/1.1)
HTTP/1.1 200 OK
Content-Length: 41
Content-Type: application/json; charset=utf-8
cache-control: no-cache

18:43:37.474 [AsyncHttpClient-1-14] DEBUG org.asynchttpclient.netty.channel.ChannelManager - Adding key: http://localhost:7923 for channel [id: 0x259dbec7, L:/127.0.0.1:64739 - R:localhost/127.0.0.1:7923]
18:43:37.474 [Forwarding screenshot on session 9023590e1751055a99412125698bdf77 to remote] DEBUG org.asynchttpclient.netty.request.NettyRequestSender - Using pooled Channel '[id: 0x259dbec7, L:/127.0.0.1:64739 - R:localhost/127.0.0.1:7923]' for 'GET' to 'http://localhost:7923/session/9023590e1751055a99412125698bdf77/screenshot'
18:43:37.474 [Forwarding screenshot on session 9023590e1751055a99412125698bdf77 to remote] DEBUG org.asynchttpclient.netty.request.NettyRequestSender - Using open Channel [id: 0x259dbec7, L:/127.0.0.1:64739 - R:localhost/127.0.0.1:7923] for GET '/session/9023590e1751055a99412125698bdf77/screenshot'
18:43:37.597 [AsyncHttpClient-1-14] DEBUG org.asynchttpclient.netty.handler.HttpHandler - 

Request DefaultFullHttpRequest(decodeResult: success, version: HTTP/1.1, content: EmptyByteBufBE)
GET /session/9023590e1751055a99412125698bdf77/screenshot HTTP/1.1
User-Agent: selenium/4.8.1 (java windows)
Cache-Control: no-cache
Content-Type: application/json; charset=utf-8
host: localhost:7923
accept: */*

Response DefaultHttpResponse(decodeResult: success, version: HTTP/1.1)
HTTP/1.1 200 OK
Content-Length: 99404
Content-Type: application/json; charset=utf-8
cache-control: no-cache

18:43:37.598 [AsyncHttpClient-1-14] DEBUG org.asynchttpclient.netty.channel.ChannelManager - Adding key: http://localhost:7923 for channel [id: 0x259dbec7, L:/127.0.0.1:64739 - R:localhost/127.0.0.1:7923]
18:43:37.599 [main] DEBUG net.serenitybdd.core.photography.Darkroom - Send negative for processing for target\site\serenity\c86029b0dd7a60801ead00ca5ceaab46c553feb01577aa6291f0183d07dbafc0.png
18:43:37.600 [main] DEBUG net.thucydides.core.steps.StepInterceptor - STEP DONE: clickBeliButton
18:43:37.600 [Darkroom Processing Line] DEBUG net.serenitybdd.core.photography.DarkroomProcessingLine - Processing screenshot image in /var/screenshots/screenshot-15271645037760199362
18:43:37.600 [Darkroom Processing Line] DEBUG net.serenitybdd.core.photography.DarkroomProcessingLine - Saving screenshot to target\site\serenity\c86029b0dd7a60801ead00ca5ceaab46c553feb01577aa6291f0183d07dbafc0.png
  &amp#27;[32mAnd &amp#27;[0m&amp#27;[32mI click Beli button in one of many products&amp#27;[0m          &amp#27;[90m# starter.stepDefinition.PurchasePosSteps.clickBeliButton()&amp#27;[0m
18:43:37.606 [Forwarding getPageSource on session 9023590e1751055a99412125698bdf77 to remote] DEBUG org.asynchttpclient.netty.request.NettyRequestSender - Using pooled Channel '[id: 0x259dbec7, L:/127.0.0.1:64739 - R:localhost/127.0.0.1:7923]' for 'POST' to 'http://localhost:7923/session/9023590e1751055a99412125698bdf77/execute/sync'
18:43:37.606 [Forwarding getPageSource on session 9023590e1751055a99412125698bdf77 to remote] DEBUG org.asynchttpclient.netty.request.NettyRequestSender - Using open Channel [id: 0x259dbec7, L:/127.0.0.1:64739 - R:localhost/127.0.0.1:7923] for POST '/session/9023590e1751055a99412125698bdf77/execute/sync'
18:43:37.642 [AsyncHttpClient-1-14] DEBUG org.asynchttpclient.netty.handler.HttpHandler - 

Request DefaultHttpRequest(decodeResult: success, version: HTTP/1.1)
POST /session/9023590e1751055a99412125698bdf77/execute/sync HTTP/1.1
User-Agent: selenium/4.8.1 (java windows)
Content-Length: 176
Content-Type: application/json; charset=utf-8
host: localhost:7923
accept: */*

Response DefaultHttpResponse(decodeResult: success, version: HTTP/1.1)
HTTP/1.1 200 OK
Content-Length: 905003
Content-Type: application/json; charset=utf-8
cache-control: no-cache

18:43:37.642 [AsyncHttpClient-1-14] DEBUG org.asynchttpclient.netty.channel.ChannelManager - Adding key: http://localhost:7923 for channel [id: 0x259dbec7, L:/127.0.0.1:64739 - R:localhost/127.0.0.1:7923]
18:43:37.682 [Forwarding getCurrentUrl on session 9023590e1751055a99412125698bdf77 to remote] DEBUG org.asynchttpclient.netty.request.NettyRequestSender - Using pooled Channel '[id: 0x259dbec7, L:/127.0.0.1:64739 - R:localhost/127.0.0.1:7923]' for 'GET' to 'http://localhost:7923/session/9023590e1751055a99412125698bdf77/url'
18:43:37.682 [Forwarding getCurrentUrl on session 9023590e1751055a99412125698bdf77 to remote] DEBUG org.asynchttpclient.netty.request.NettyRequestSender - Using open Channel [id: 0x259dbec7, L:/127.0.0.1:64739 - R:localhost/127.0.0.1:7923] for GET '/session/9023590e1751055a99412125698bdf77/url'
18:43:37.684 [AsyncHttpClient-1-14] DEBUG org.asynchttpclient.netty.handler.HttpHandler - 

Request DefaultFullHttpRequest(decodeResult: success, version: HTTP/1.1, content: EmptyByteBufBE)
GET /session/9023590e1751055a99412125698bdf77/url HTTP/1.1
User-Agent: selenium/4.8.1 (java windows)
Cache-Control: no-cache
Content-Type: application/json; charset=utf-8
host: localhost:7923
accept: */*

Response DefaultHttpResponse(decodeResult: success, version: HTTP/1.1)
HTTP/1.1 200 OK
Content-Length: 41
Content-Type: application/json; charset=utf-8
cache-control: no-cache

18:43:37.685 [AsyncHttpClient-1-14] DEBUG org.asynchttpclient.netty.channel.ChannelManager - Adding key: http://localhost:7923 for channel [id: 0x259dbec7, L:/127.0.0.1:64739 - R:localhost/127.0.0.1:7923]
18:43:37.691 [Forwarding getAlertText on session 9023590e1751055a99412125698bdf77 to remote] DEBUG org.asynchttpclient.netty.request.NettyRequestSender - Using pooled Channel '[id: 0x259dbec7, L:/127.0.0.1:64739 - R:localhost/127.0.0.1:7923]' for 'GET' to 'http://localhost:7923/session/9023590e1751055a99412125698bdf77/alert/text'
18:43:37.691 [Forwarding getAlertText on session 9023590e1751055a99412125698bdf77 to remote] DEBUG org.asynchttpclient.netty.request.NettyRequestSender - Using open Channel [id: 0x259dbec7, L:/127.0.0.1:64739 - R:localhost/127.0.0.1:7923] for GET '/session/9023590e1751055a99412125698bdf77/alert/text'
18:43:37.692 [AsyncHttpClient-1-14] DEBUG org.asynchttpclient.netty.handler.HttpHandler - 

Request DefaultFullHttpRequest(decodeResult: success, version: HTTP/1.1, content: EmptyByteBufBE)
GET /session/9023590e1751055a99412125698bdf77/alert/text HTTP/1.1
User-Agent: selenium/4.8.1 (java windows)
Cache-Control: no-cache
Content-Type: application/json; charset=utf-8
host: localhost:7923
accept: */*

Response DefaultHttpResponse(decodeResult: success, version: HTTP/1.1)
HTTP/1.1 404 Not Found
Content-Length: 821
Content-Type: application/json; charset=utf-8
cache-control: no-cache

18:43:37.692 [AsyncHttpClient-1-14] DEBUG org.asynchttpclient.netty.channel.ChannelManager - Adding key: http://localhost:7923 for channel [id: 0x259dbec7, L:/127.0.0.1:64739 - R:localhost/127.0.0.1:7923]
18:43:37.693 [Forwarding getCurrentUrl on session 9023590e1751055a99412125698bdf77 to remote] DEBUG org.asynchttpclient.netty.request.NettyRequestSender - Using pooled Channel '[id: 0x259dbec7, L:/127.0.0.1:64739 - R:localhost/127.0.0.1:7923]' for 'GET' to 'http://localhost:7923/session/9023590e1751055a99412125698bdf77/url'
18:43:37.693 [Forwarding getCurrentUrl on session 9023590e1751055a99412125698bdf77 to remote] DEBUG org.asynchttpclient.netty.request.NettyRequestSender - Using open Channel [id: 0x259dbec7, L:/127.0.0.1:64739 - R:localhost/127.0.0.1:7923] for GET '/session/9023590e1751055a99412125698bdf77/url'
18:43:37.696 [AsyncHttpClient-1-14] DEBUG org.asynchttpclient.netty.handler.HttpHandler - 

Request DefaultFullHttpRequest(decodeResult: success, version: HTTP/1.1, content: EmptyByteBufBE)
GET /session/9023590e1751055a99412125698bdf77/url HTTP/1.1
User-Agent: selenium/4.8.1 (java windows)
Cache-Control: no-cache
Content-Type: application/json; charset=utf-8
host: localhost:7923
accept: */*

Response DefaultHttpResponse(decodeResult: success, version: HTTP/1.1)
HTTP/1.1 200 OK
Content-Length: 41
Content-Type: application/json; charset=utf-8
cache-control: no-cache

18:43:37.696 [AsyncHttpClient-1-14] DEBUG org.asynchttpclient.netty.channel.ChannelManager - Adding key: http://localhost:7923 for channel [id: 0x259dbec7, L:/127.0.0.1:64739 - R:localhost/127.0.0.1:7923]
18:43:37.697 [Forwarding screenshot on session 9023590e1751055a99412125698bdf77 to remote] DEBUG org.asynchttpclient.netty.request.NettyRequestSender - Using pooled Channel '[id: 0x259dbec7, L:/127.0.0.1:64739 - R:localhost/127.0.0.1:7923]' for 'GET' to 'http://localhost:7923/session/9023590e1751055a99412125698bdf77/screenshot'
18:43:37.697 [Forwarding screenshot on session 9023590e1751055a99412125698bdf77 to remote] DEBUG org.asynchttpclient.netty.request.NettyRequestSender - Using open Channel [id: 0x259dbec7, L:/127.0.0.1:64739 - R:localhost/127.0.0.1:7923] for GET '/session/9023590e1751055a99412125698bdf77/screenshot'
18:43:37.798 [AsyncHttpClient-1-14] DEBUG org.asynchttpclient.netty.handler.HttpHandler - 

Request DefaultFullHttpRequest(decodeResult: success, version: HTTP/1.1, content: EmptyByteBufBE)
GET /session/9023590e1751055a99412125698bdf77/screenshot HTTP/1.1
User-Agent: selenium/4.8.1 (java windows)
Cache-Control: no-cache
Content-Type: application/json; charset=utf-8
host: localhost:7923
accept: */*

Response DefaultHttpResponse(decodeResult: success, version: HTTP/1.1)
HTTP/1.1 200 OK
Content-Length: 97880
Content-Type: application/json; charset=utf-8
cache-control: no-cache

18:43:37.798 [AsyncHttpClient-1-14] DEBUG org.asynchttpclient.netty.channel.ChannelManager - Adding key: http://localhost:7923 for channel [id: 0x259dbec7, L:/127.0.0.1:64739 - R:localhost/127.0.0.1:7923]
18:43:37.800 [main] DEBUG net.serenitybdd.core.photography.Darkroom - Send negative for processing for target\site\serenity\fb03e79c92589da889f3e2ca2c11a15100efd93e5f2ef0496012ca4d3d09bf78.png
18:43:37.801 [Darkroom Processing Line] DEBUG net.serenitybdd.core.photography.DarkroomProcessingLine - Processing screenshot image in /var/screenshots/screenshot-3514200669383421770
18:43:37.801 [Darkroom Processing Line] DEBUG net.serenitybdd.core.photography.DarkroomProcessingLine - Saving screenshot to target\site\serenity\fb03e79c92589da889f3e2ca2c11a15100efd93e5f2ef0496012ca4d3d09bf78.png
18:43:37.803 [Forwarding getPageSource on session 9023590e1751055a99412125698bdf77 to remote] DEBUG org.asynchttpclient.netty.request.NettyRequestSender - Using pooled Channel '[id: 0x259dbec7, L:/127.0.0.1:64739 - R:localhost/127.0.0.1:7923]' for 'POST' to 'http://localhost:7923/session/9023590e1751055a99412125698bdf77/execute/sync'
18:43:37.803 [Forwarding getPageSource on session 9023590e1751055a99412125698bdf77 to remote] DEBUG org.asynchttpclient.netty.request.NettyRequestSender - Using open Channel [id: 0x259dbec7, L:/127.0.0.1:64739 - R:localhost/127.0.0.1:7923] for POST '/session/9023590e1751055a99412125698bdf77/execute/sync'
18:43:37.839 [AsyncHttpClient-1-14] DEBUG org.asynchttpclient.netty.handler.HttpHandler - 

Request DefaultHttpRequest(decodeResult: success, version: HTTP/1.1)
POST /session/9023590e1751055a99412125698bdf77/execute/sync HTTP/1.1
User-Agent: selenium/4.8.1 (java windows)
Content-Length: 176
Content-Type: application/json; charset=utf-8
host: localhost:7923
accept: */*

Response DefaultHttpResponse(decodeResult: success, version: HTTP/1.1)
HTTP/1.1 200 OK
Content-Length: 904933
Content-Type: application/json; charset=utf-8
cache-control: no-cache

18:43:37.840 [AsyncHttpClient-1-14] DEBUG org.asynchttpclient.netty.channel.ChannelManager - Adding key: http://localhost:7923 for channel [id: 0x259dbec7, L:/127.0.0.1:64739 - R:localhost/127.0.0.1:7923]
18:43:37.877 [Forwarding getCurrentUrl on session 9023590e1751055a99412125698bdf77 to remote] DEBUG org.asynchttpclient.netty.request.NettyRequestSender - Using pooled Channel '[id: 0x259dbec7, L:/127.0.0.1:64739 - R:localhost/127.0.0.1:7923]' for 'GET' to 'http://localhost:7923/session/9023590e1751055a99412125698bdf77/url'
18:43:37.877 [Forwarding getCurrentUrl on session 9023590e1751055a99412125698bdf77 to remote] DEBUG org.asynchttpclient.netty.request.NettyRequestSender - Using open Channel [id: 0x259dbec7, L:/127.0.0.1:64739 - R:localhost/127.0.0.1:7923] for GET '/session/9023590e1751055a99412125698bdf77/url'
18:43:37.879 [AsyncHttpClient-1-14] DEBUG org.asynchttpclient.netty.handler.HttpHandler - 

Request DefaultFullHttpRequest(decodeResult: success, version: HTTP/1.1, content: EmptyByteBufBE)
GET /session/9023590e1751055a99412125698bdf77/url HTTP/1.1
User-Agent: selenium/4.8.1 (java windows)
Cache-Control: no-cache
Content-Type: application/json; charset=utf-8
host: localhost:7923
accept: */*

Response DefaultHttpResponse(decodeResult: success, version: HTTP/1.1)
HTTP/1.1 200 OK
Content-Length: 41
Content-Type: application/json; charset=utf-8
cache-control: no-cache

18:43:37.879 [AsyncHttpClient-1-14] DEBUG org.asynchttpclient.netty.channel.ChannelManager - Adding key: http://localhost:7923 for channel [id: 0x259dbec7, L:/127.0.0.1:64739 - R:localhost/127.0.0.1:7923]
18:43:37.883 [main] DEBUG net.thucydides.core.steps.StepInterceptor - STARTING STEP: PurchasePosSteps.clickCartIcon - clickCartIcon
18:43:37.885 [Forwarding findElement on session 9023590e1751055a99412125698bdf77 to remote] DEBUG org.asynchttpclient.netty.request.NettyRequestSender - Using pooled Channel '[id: 0x259dbec7, L:/127.0.0.1:64739 - R:localhost/127.0.0.1:7923]' for 'POST' to 'http://localhost:7923/session/9023590e1751055a99412125698bdf77/element'
18:43:37.885 [Forwarding findElement on session 9023590e1751055a99412125698bdf77 to remote] DEBUG org.asynchttpclient.netty.request.NettyRequestSender - Using open Channel [id: 0x259dbec7, L:/127.0.0.1:64739 - R:localhost/127.0.0.1:7923] for POST '/session/9023590e1751055a99412125698bdf77/element'
18:43:37.915 [AsyncHttpClient-1-14] DEBUG org.asynchttpclient.netty.handler.HttpHandler - 

Request DefaultHttpRequest(decodeResult: success, version: HTTP/1.1)
POST /session/9023590e1751055a99412125698bdf77/element HTTP/1.1
User-Agent: selenium/4.8.1 (java windows)
Content-Length: 209
Content-Type: application/json; charset=utf-8
host: localhost:7923
accept: */*

Response DefaultHttpResponse(decodeResult: success, version: HTTP/1.1)
HTTP/1.1 200 OK
Content-Length: 88
Content-Type: application/json; charset=utf-8
cache-control: no-cache

18:43:37.915 [AsyncHttpClient-1-14] DEBUG org.asynchttpclient.netty.channel.ChannelManager - Adding key: http://localhost:7923 for channel [id: 0x259dbec7, L:/127.0.0.1:64739 - R:localhost/127.0.0.1:7923]
18:43:37.916 [Forwarding getElementTagName on session 9023590e1751055a99412125698bdf77 to remote] DEBUG org.asynchttpclient.netty.request.NettyRequestSender - Using pooled Channel '[id: 0x259dbec7, L:/127.0.0.1:64739 - R:localhost/127.0.0.1:7923]' for 'GET' to 'http://localhost:7923/session/9023590e1751055a99412125698bdf77/element/ca23d428-5484-49c3-8d8f-218300f65688/name'
18:43:37.916 [Forwarding getElementTagName on session 9023590e1751055a99412125698bdf77 to remote] DEBUG org.asynchttpclient.netty.request.NettyRequestSender - Using open Channel [id: 0x259dbec7, L:/127.0.0.1:64739 - R:localhost/127.0.0.1:7923] for GET '/session/9023590e1751055a99412125698bdf77/element/ca23d428-5484-49c3-8d8f-218300f65688/name'
18:43:37.918 [AsyncHttpClient-1-14] DEBUG org.asynchttpclient.netty.handler.HttpHandler - 

Request DefaultFullHttpRequest(decodeResult: success, version: HTTP/1.1, content: EmptyByteBufBE)
GET /session/9023590e1751055a99412125698bdf77/element/ca23d428-5484-49c3-8d8f-218300f65688/name HTTP/1.1
User-Agent: selenium/4.8.1 (java windows)
Cache-Control: no-cache
Content-Type: application/json; charset=utf-8
host: localhost:7923
accept: */*

Response DefaultHttpResponse(decodeResult: success, version: HTTP/1.1)
HTTP/1.1 200 OK
Content-Length: 13
Content-Type: application/json; charset=utf-8
cache-control: no-cache

18:43:37.918 [AsyncHttpClient-1-14] DEBUG org.asynchttpclient.netty.channel.ChannelManager - Adding key: http://localhost:7923 for channel [id: 0x259dbec7, L:/127.0.0.1:64739 - R:localhost/127.0.0.1:7923]
18:43:37.918 [Forwarding getElementTagName on session 9023590e1751055a99412125698bdf77 to remote] DEBUG org.asynchttpclient.netty.request.NettyRequestSender - Using pooled Channel '[id: 0x259dbec7, L:/127.0.0.1:64739 - R:localhost/127.0.0.1:7923]' for 'GET' to 'http://localhost:7923/session/9023590e1751055a99412125698bdf77/element/ca23d428-5484-49c3-8d8f-218300f65688/name'
18:43:37.918 [Forwarding getElementTagName on session 9023590e1751055a99412125698bdf77 to remote] DEBUG org.asynchttpclient.netty.request.NettyRequestSender - Using open Channel [id: 0x259dbec7, L:/127.0.0.1:64739 - R:localhost/127.0.0.1:7923] for GET '/session/9023590e1751055a99412125698bdf77/element/ca23d428-5484-49c3-8d8f-218300f65688/name'
18:43:37.920 [AsyncHttpClient-1-14] DEBUG org.asynchttpclient.netty.handler.HttpHandler - 

Request DefaultFullHttpRequest(decodeResult: success, version: HTTP/1.1, content: EmptyByteBufBE)
GET /session/9023590e1751055a99412125698bdf77/element/ca23d428-5484-49c3-8d8f-218300f65688/name HTTP/1.1
User-Agent: selenium/4.8.1 (java windows)
Cache-Control: no-cache
Content-Type: application/json; charset=utf-8
host: localhost:7923
accept: */*

Response DefaultHttpResponse(decodeResult: success, version: HTTP/1.1)
HTTP/1.1 200 OK
Content-Length: 13
Content-Type: application/json; charset=utf-8
cache-control: no-cache

18:43:37.920 [AsyncHttpClient-1-14] DEBUG org.asynchttpclient.netty.channel.ChannelManager - Adding key: http://localhost:7923 for channel [id: 0x259dbec7, L:/127.0.0.1:64739 - R:localhost/127.0.0.1:7923]
18:43:37.921 [Forwarding findElement on session 9023590e1751055a99412125698bdf77 to remote] DEBUG org.asynchttpclient.netty.request.NettyRequestSender - Using pooled Channel '[id: 0x259dbec7, L:/127.0.0.1:64739 - R:localhost/127.0.0.1:7923]' for 'POST' to 'http://localhost:7923/session/9023590e1751055a99412125698bdf77/element'
18:43:37.921 [Forwarding findElement on session 9023590e1751055a99412125698bdf77 to remote] DEBUG org.asynchttpclient.netty.request.NettyRequestSender - Using open Channel [id: 0x259dbec7, L:/127.0.0.1:64739 - R:localhost/127.0.0.1:7923] for POST '/session/9023590e1751055a99412125698bdf77/element'
18:43:37.933 [AsyncHttpClient-1-14] DEBUG org.asynchttpclient.netty.handler.HttpHandler - 

Request DefaultHttpRequest(decodeResult: success, version: HTTP/1.1)
POST /session/9023590e1751055a99412125698bdf77/element HTTP/1.1
User-Agent: selenium/4.8.1 (java windows)
Content-Length: 209
Content-Type: application/json; charset=utf-8
host: localhost:7923
accept: */*

Response DefaultHttpResponse(decodeResult: success, version: HTTP/1.1)
HTTP/1.1 200 OK
Content-Length: 88
Content-Type: application/json; charset=utf-8
cache-control: no-cache

18:43:37.933 [AsyncHttpClient-1-14] DEBUG org.asynchttpclient.netty.channel.ChannelManager - Adding key: http://localhost:7923 for channel [id: 0x259dbec7, L:/127.0.0.1:64739 - R:localhost/127.0.0.1:7923]
18:43:37.933 [Forwarding clickElement on session 9023590e1751055a99412125698bdf77 to remote] DEBUG org.asynchttpclient.netty.request.NettyRequestSender - Using pooled Channel '[id: 0x259dbec7, L:/127.0.0.1:64739 - R:localhost/127.0.0.1:7923]' for 'POST' to 'http://localhost:7923/session/9023590e1751055a99412125698bdf77/element/ca23d428-5484-49c3-8d8f-218300f65688/click'
18:43:37.933 [Forwarding clickElement on session 9023590e1751055a99412125698bdf77 to remote] DEBUG org.asynchttpclient.netty.request.NettyRequestSender - Using open Channel [id: 0x259dbec7, L:/127.0.0.1:64739 - R:localhost/127.0.0.1:7923] for POST '/session/9023590e1751055a99412125698bdf77/element/ca23d428-5484-49c3-8d8f-218300f65688/click'
18:43:37.967 [AsyncHttpClient-1-14] DEBUG org.asynchttpclient.netty.handler.HttpHandler - 

Request DefaultHttpRequest(decodeResult: success, version: HTTP/1.1)
POST /session/9023590e1751055a99412125698bdf77/element/ca23d428-5484-49c3-8d8f-218300f65688/click HTTP/1.1
User-Agent: selenium/4.8.1 (java windows)
Content-Length: 50
Content-Type: application/json; charset=utf-8
host: localhost:7923
accept: */*

Response DefaultHttpResponse(decodeResult: success, version: HTTP/1.1)
HTTP/1.1 200 OK
Content-Length: 14
Content-Type: application/json; charset=utf-8
cache-control: no-cache

18:43:37.968 [AsyncHttpClient-1-14] DEBUG org.asynchttpclient.netty.channel.ChannelManager - Adding key: http://localhost:7923 for channel [id: 0x259dbec7, L:/127.0.0.1:64739 - R:localhost/127.0.0.1:7923]
18:43:37.970 [Forwarding getAlertText on session 9023590e1751055a99412125698bdf77 to remote] DEBUG org.asynchttpclient.netty.request.NettyRequestSender - Using pooled Channel '[id: 0x259dbec7, L:/127.0.0.1:64739 - R:localhost/127.0.0.1:7923]' for 'GET' to 'http://localhost:7923/session/9023590e1751055a99412125698bdf77/alert/text'
18:43:37.970 [Forwarding getAlertText on session 9023590e1751055a99412125698bdf77 to remote] DEBUG org.asynchttpclient.netty.request.NettyRequestSender - Using open Channel [id: 0x259dbec7, L:/127.0.0.1:64739 - R:localhost/127.0.0.1:7923] for GET '/session/9023590e1751055a99412125698bdf77/alert/text'
18:43:38.141 [AsyncHttpClient-1-14] DEBUG org.asynchttpclient.netty.handler.HttpHandler - 

Request DefaultFullHttpRequest(decodeResult: success, version: HTTP/1.1, content: EmptyByteBufBE)
GET /session/9023590e1751055a99412125698bdf77/alert/text HTTP/1.1
User-Agent: selenium/4.8.1 (java windows)
Cache-Control: no-cache
Content-Type: application/json; charset=utf-8
host: localhost:7923
accept: */*

Response DefaultHttpResponse(decodeResult: success, version: HTTP/1.1)
HTTP/1.1 404 Not Found
Content-Length: 821
Content-Type: application/json; charset=utf-8
cache-control: no-cache

18:43:38.141 [AsyncHttpClient-1-14] DEBUG org.asynchttpclient.netty.channel.ChannelManager - Adding key: http://localhost:7923 for channel [id: 0x259dbec7, L:/127.0.0.1:64739 - R:localhost/127.0.0.1:7923]
18:43:38.142 [Forwarding getCurrentUrl on session 9023590e1751055a99412125698bdf77 to remote] DEBUG org.asynchttpclient.netty.request.NettyRequestSender - Using pooled Channel '[id: 0x259dbec7, L:/127.0.0.1:64739 - R:localhost/127.0.0.1:7923]' for 'GET' to 'http://localhost:7923/session/9023590e1751055a99412125698bdf77/url'
18:43:38.142 [Forwarding getCurrentUrl on session 9023590e1751055a99412125698bdf77 to remote] DEBUG org.asynchttpclient.netty.request.NettyRequestSender - Using open Channel [id: 0x259dbec7, L:/127.0.0.1:64739 - R:localhost/127.0.0.1:7923] for GET '/session/9023590e1751055a99412125698bdf77/url'
18:43:38.144 [AsyncHttpClient-1-14] DEBUG org.asynchttpclient.netty.handler.HttpHandler - 

Request DefaultFullHttpRequest(decodeResult: success, version: HTTP/1.1, content: EmptyByteBufBE)
GET /session/9023590e1751055a99412125698bdf77/url HTTP/1.1
User-Agent: selenium/4.8.1 (java windows)
Cache-Control: no-cache
Content-Type: application/json; charset=utf-8
host: localhost:7923
accept: */*

Response DefaultHttpResponse(decodeResult: success, version: HTTP/1.1)
HTTP/1.1 200 OK
Content-Length: 46
Content-Type: application/json; charset=utf-8
cache-control: no-cache

18:43:38.144 [AsyncHttpClient-1-14] DEBUG org.asynchttpclient.netty.channel.ChannelManager - Adding key: http://localhost:7923 for channel [id: 0x259dbec7, L:/127.0.0.1:64739 - R:localhost/127.0.0.1:7923]
18:43:38.144 [Forwarding screenshot on session 9023590e1751055a99412125698bdf77 to remote] DEBUG org.asynchttpclient.netty.request.NettyRequestSender - Using pooled Channel '[id: 0x259dbec7, L:/127.0.0.1:64739 - R:localhost/127.0.0.1:7923]' for 'GET' to 'http://localhost:7923/session/9023590e1751055a99412125698bdf77/screenshot'
18:43:38.144 [Forwarding screenshot on session 9023590e1751055a99412125698bdf77 to remote] DEBUG org.asynchttpclient.netty.request.NettyRequestSender - Using open Channel [id: 0x259dbec7, L:/127.0.0.1:64739 - R:localhost/127.0.0.1:7923] for GET '/session/9023590e1751055a99412125698bdf77/screenshot'
18:43:38.253 [AsyncHttpClient-1-14] DEBUG org.asynchttpclient.netty.handler.HttpHandler - 

Request DefaultFullHttpRequest(decodeResult: success, version: HTTP/1.1, content: EmptyByteBufBE)
GET /session/9023590e1751055a99412125698bdf77/screenshot HTTP/1.1
User-Agent: selenium/4.8.1 (java windows)
Cache-Control: no-cache
Content-Type: application/json; charset=utf-8
host: localhost:7923
accept: */*

Response DefaultHttpResponse(decodeResult: success, version: HTTP/1.1)
HTTP/1.1 200 OK
Content-Length: 36328
Content-Type: application/json; charset=utf-8
cache-control: no-cache

18:43:38.253 [AsyncHttpClient-1-14] DEBUG org.asynchttpclient.netty.channel.ChannelManager - Adding key: http://localhost:7923 for channel [id: 0x259dbec7, L:/127.0.0.1:64739 - R:localhost/127.0.0.1:7923]
18:43:38.254 [main] DEBUG net.serenitybdd.core.photography.Darkroom - Send negative for processing for target\site\serenity\f9c3ed0262823f0a2463de87b52c1f6064f695e002c2f091f1f786f2d26f168a.png
18:43:38.254 [main] DEBUG net.thucydides.core.steps.StepInterceptor - STEP DONE: clickCartIcon
  &amp#27;[32mAnd &amp#27;[0m&amp#27;[32mI click Cart Icon&amp#27;[0m                                    &amp#27;[90m# starter.stepDefinition.PurchasePosSteps.clickCartIcon()&amp#27;[0m
18:43:38.254 [Darkroom Processing Line] DEBUG net.serenitybdd.core.photography.DarkroomProcessingLine - Processing screenshot image in /var/screenshots/screenshot-16821043169511043160
18:43:38.254 [Darkroom Processing Line] DEBUG net.serenitybdd.core.photography.DarkroomProcessingLine - Saving screenshot to target\site\serenity\f9c3ed0262823f0a2463de87b52c1f6064f695e002c2f091f1f786f2d26f168a.png
18:43:38.258 [Forwarding getPageSource on session 9023590e1751055a99412125698bdf77 to remote] DEBUG org.asynchttpclient.netty.request.NettyRequestSender - Using pooled Channel '[id: 0x259dbec7, L:/127.0.0.1:64739 - R:localhost/127.0.0.1:7923]' for 'POST' to 'http://localhost:7923/session/9023590e1751055a99412125698bdf77/execute/sync'
18:43:38.258 [Forwarding getPageSource on session 9023590e1751055a99412125698bdf77 to remote] DEBUG org.asynchttpclient.netty.request.NettyRequestSender - Using open Channel [id: 0x259dbec7, L:/127.0.0.1:64739 - R:localhost/127.0.0.1:7923] for POST '/session/9023590e1751055a99412125698bdf77/execute/sync'
18:43:38.262 [AsyncHttpClient-1-14] DEBUG org.asynchttpclient.netty.handler.HttpHandler - 

Request DefaultHttpRequest(decodeResult: success, version: HTTP/1.1)
POST /session/9023590e1751055a99412125698bdf77/execute/sync HTTP/1.1
User-Agent: selenium/4.8.1 (java windows)
Content-Length: 176
Content-Type: application/json; charset=utf-8
host: localhost:7923
accept: */*

Response DefaultHttpResponse(decodeResult: success, version: HTTP/1.1)
HTTP/1.1 200 OK
Content-Length: 22289
Content-Type: application/json; charset=utf-8
cache-control: no-cache

18:43:38.262 [AsyncHttpClient-1-14] DEBUG org.asynchttpclient.netty.channel.ChannelManager - Adding key: http://localhost:7923 for channel [id: 0x259dbec7, L:/127.0.0.1:64739 - R:localhost/127.0.0.1:7923]
18:43:38.263 [Forwarding getCurrentUrl on session 9023590e1751055a99412125698bdf77 to remote] DEBUG org.asynchttpclient.netty.request.NettyRequestSender - Using pooled Channel '[id: 0x259dbec7, L:/127.0.0.1:64739 - R:localhost/127.0.0.1:7923]' for 'GET' to 'http://localhost:7923/session/9023590e1751055a99412125698bdf77/url'
18:43:38.263 [Forwarding getCurrentUrl on session 9023590e1751055a99412125698bdf77 to remote] DEBUG org.asynchttpclient.netty.request.NettyRequestSender - Using open Channel [id: 0x259dbec7, L:/127.0.0.1:64739 - R:localhost/127.0.0.1:7923] for GET '/session/9023590e1751055a99412125698bdf77/url'
18:43:38.265 [AsyncHttpClient-1-14] DEBUG org.asynchttpclient.netty.handler.HttpHandler - 

Request DefaultFullHttpRequest(decodeResult: success, version: HTTP/1.1, content: EmptyByteBufBE)
GET /session/9023590e1751055a99412125698bdf77/url HTTP/1.1
User-Agent: selenium/4.8.1 (java windows)
Cache-Control: no-cache
Content-Type: application/json; charset=utf-8
host: localhost:7923
accept: */*

Response DefaultHttpResponse(decodeResult: success, version: HTTP/1.1)
HTTP/1.1 200 OK
Content-Length: 46
Content-Type: application/json; charset=utf-8
cache-control: no-cache

18:43:38.266 [AsyncHttpClient-1-14] DEBUG org.asynchttpclient.netty.channel.ChannelManager - Adding key: http://localhost:7923 for channel [id: 0x259dbec7, L:/127.0.0.1:64739 - R:localhost/127.0.0.1:7923]
18:43:38.271 [Forwarding getPageSource on session 9023590e1751055a99412125698bdf77 to remote] DEBUG org.asynchttpclient.netty.request.NettyRequestSender - Using pooled Channel '[id: 0x259dbec7, L:/127.0.0.1:64739 - R:localhost/127.0.0.1:7923]' for 'POST' to 'http://localhost:7923/session/9023590e1751055a99412125698bdf77/execute/sync'
18:43:38.271 [Forwarding getPageSource on session 9023590e1751055a99412125698bdf77 to remote] DEBUG org.asynchttpclient.netty.request.NettyRequestSender - Using open Channel [id: 0x259dbec7, L:/127.0.0.1:64739 - R:localhost/127.0.0.1:7923] for POST '/session/9023590e1751055a99412125698bdf77/execute/sync'
18:43:38.275 [AsyncHttpClient-1-14] DEBUG org.asynchttpclient.netty.handler.HttpHandler - 

Request DefaultHttpRequest(decodeResult: success, version: HTTP/1.1)
POST /session/9023590e1751055a99412125698bdf77/execute/sync HTTP/1.1
User-Agent: selenium/4.8.1 (java windows)
Content-Length: 176
Content-Type: application/json; charset=utf-8
host: localhost:7923
accept: */*

Response DefaultHttpResponse(decodeResult: success, version: HTTP/1.1)
HTTP/1.1 200 OK
Content-Length: 22289
Content-Type: application/json; charset=utf-8
cache-control: no-cache

18:43:38.275 [AsyncHttpClient-1-14] DEBUG org.asynchttpclient.netty.channel.ChannelManager - Adding key: http://localhost:7923 for channel [id: 0x259dbec7, L:/127.0.0.1:64739 - R:localhost/127.0.0.1:7923]
18:43:38.276 [Forwarding getCurrentUrl on session 9023590e1751055a99412125698bdf77 to remote] DEBUG org.asynchttpclient.netty.request.NettyRequestSender - Using pooled Channel '[id: 0x259dbec7, L:/127.0.0.1:64739 - R:localhost/127.0.0.1:7923]' for 'GET' to 'http://localhost:7923/session/9023590e1751055a99412125698bdf77/url'
18:43:38.276 [Forwarding getCurrentUrl on session 9023590e1751055a99412125698bdf77 to remote] DEBUG org.asynchttpclient.netty.request.NettyRequestSender - Using open Channel [id: 0x259dbec7, L:/127.0.0.1:64739 - R:localhost/127.0.0.1:7923] for GET '/session/9023590e1751055a99412125698bdf77/url'
18:43:38.278 [AsyncHttpClient-1-14] DEBUG org.asynchttpclient.netty.handler.HttpHandler - 

Request DefaultFullHttpRequest(decodeResult: success, version: HTTP/1.1, content: EmptyByteBufBE)
GET /session/9023590e1751055a99412125698bdf77/url HTTP/1.1
User-Agent: selenium/4.8.1 (java windows)
Cache-Control: no-cache
Content-Type: application/json; charset=utf-8
host: localhost:7923
accept: */*

Response DefaultHttpResponse(decodeResult: success, version: HTTP/1.1)
HTTP/1.1 200 OK
Content-Length: 46
Content-Type: application/json; charset=utf-8
cache-control: no-cache

18:43:38.278 [AsyncHttpClient-1-14] DEBUG org.asynchttpclient.netty.channel.ChannelManager - Adding key: http://localhost:7923 for channel [id: 0x259dbec7, L:/127.0.0.1:64739 - R:localhost/127.0.0.1:7923]
18:43:38.280 [main] DEBUG net.thucydides.core.steps.StepInterceptor - STARTING STEP: PurchasePosSteps.clickBayarButton - clickBayarButton
18:43:38.282 [Forwarding findElement on session 9023590e1751055a99412125698bdf77 to remote] DEBUG org.asynchttpclient.netty.request.NettyRequestSender - Using pooled Channel '[id: 0x259dbec7, L:/127.0.0.1:64739 - R:localhost/127.0.0.1:7923]' for 'POST' to 'http://localhost:7923/session/9023590e1751055a99412125698bdf77/element'
18:43:38.282 [Forwarding findElement on session 9023590e1751055a99412125698bdf77 to remote] DEBUG org.asynchttpclient.netty.request.NettyRequestSender - Using open Channel [id: 0x259dbec7, L:/127.0.0.1:64739 - R:localhost/127.0.0.1:7923] for POST '/session/9023590e1751055a99412125698bdf77/element'
18:43:38.289 [AsyncHttpClient-1-14] DEBUG org.asynchttpclient.netty.handler.HttpHandler - 

Request DefaultHttpRequest(decodeResult: success, version: HTTP/1.1)
POST /session/9023590e1751055a99412125698bdf77/element HTTP/1.1
User-Agent: selenium/4.8.1 (java windows)
Content-Length: 59
Content-Type: application/json; charset=utf-8
host: localhost:7923
accept: */*

Response DefaultHttpResponse(decodeResult: success, version: HTTP/1.1)
HTTP/1.1 200 OK
Content-Length: 88
Content-Type: application/json; charset=utf-8
cache-control: no-cache

18:43:38.289 [AsyncHttpClient-1-14] DEBUG org.asynchttpclient.netty.channel.ChannelManager - Adding key: http://localhost:7923 for channel [id: 0x259dbec7, L:/127.0.0.1:64739 - R:localhost/127.0.0.1:7923]
18:43:38.290 [Forwarding getElementTagName on session 9023590e1751055a99412125698bdf77 to remote] DEBUG org.asynchttpclient.netty.request.NettyRequestSender - Using pooled Channel '[id: 0x259dbec7, L:/127.0.0.1:64739 - R:localhost/127.0.0.1:7923]' for 'GET' to 'http://localhost:7923/session/9023590e1751055a99412125698bdf77/element/22c73a16-568a-41c1-9216-92617d85d598/name'
18:43:38.290 [Forwarding getElementTagName on session 9023590e1751055a99412125698bdf77 to remote] DEBUG org.asynchttpclient.netty.request.NettyRequestSender - Using open Channel [id: 0x259dbec7, L:/127.0.0.1:64739 - R:localhost/127.0.0.1:7923] for GET '/session/9023590e1751055a99412125698bdf77/element/22c73a16-568a-41c1-9216-92617d85d598/name'
18:43:38.378 [AsyncHttpClient-1-14] DEBUG org.asynchttpclient.netty.handler.HttpHandler - 

Request DefaultFullHttpRequest(decodeResult: success, version: HTTP/1.1, content: EmptyByteBufBE)
GET /session/9023590e1751055a99412125698bdf77/element/22c73a16-568a-41c1-9216-92617d85d598/name HTTP/1.1
User-Agent: selenium/4.8.1 (java windows)
Cache-Control: no-cache
Content-Type: application/json; charset=utf-8
host: localhost:7923
accept: */*

Response DefaultHttpResponse(decodeResult: success, version: HTTP/1.1)
HTTP/1.1 200 OK
Content-Length: 18
Content-Type: application/json; charset=utf-8
cache-control: no-cache

18:43:38.378 [AsyncHttpClient-1-14] DEBUG org.asynchttpclient.netty.channel.ChannelManager - Adding key: http://localhost:7923 for channel [id: 0x259dbec7, L:/127.0.0.1:64739 - R:localhost/127.0.0.1:7923]
18:43:38.380 [Forwarding getElementTagName on session 9023590e1751055a99412125698bdf77 to remote] DEBUG org.asynchttpclient.netty.request.NettyRequestSender - Using pooled Channel '[id: 0x259dbec7, L:/127.0.0.1:64739 - R:localhost/127.0.0.1:7923]' for 'GET' to 'http://localhost:7923/session/9023590e1751055a99412125698bdf77/element/22c73a16-568a-41c1-9216-92617d85d598/name'
18:43:38.380 [Forwarding getElementTagName on session 9023590e1751055a99412125698bdf77 to remote] DEBUG org.asynchttpclient.netty.request.NettyRequestSender - Using open Channel [id: 0x259dbec7, L:/127.0.0.1:64739 - R:localhost/127.0.0.1:7923] for GET '/session/9023590e1751055a99412125698bdf77/element/22c73a16-568a-41c1-9216-92617d85d598/name'
18:43:38.382 [AsyncHttpClient-1-14] DEBUG org.asynchttpclient.netty.handler.HttpHandler - 

Request DefaultFullHttpRequest(decodeResult: success, version: HTTP/1.1, content: EmptyByteBufBE)
GET /session/9023590e1751055a99412125698bdf77/element/22c73a16-568a-41c1-9216-92617d85d598/name HTTP/1.1
User-Agent: selenium/4.8.1 (java windows)
Cache-Control: no-cache
Content-Type: application/json; charset=utf-8
host: localhost:7923
accept: */*

Response DefaultHttpResponse(decodeResult: success, version: HTTP/1.1)
HTTP/1.1 200 OK
Content-Length: 18
Content-Type: application/json; charset=utf-8
cache-control: no-cache

18:43:38.382 [AsyncHttpClient-1-14] DEBUG org.asynchttpclient.netty.channel.ChannelManager - Adding key: http://localhost:7923 for channel [id: 0x259dbec7, L:/127.0.0.1:64739 - R:localhost/127.0.0.1:7923]
18:43:38.384 [Forwarding isElementEnabled on session 9023590e1751055a99412125698bdf77 to remote] DEBUG org.asynchttpclient.netty.request.NettyRequestSender - Using pooled Channel '[id: 0x259dbec7, L:/127.0.0.1:64739 - R:localhost/127.0.0.1:7923]' for 'GET' to 'http://localhost:7923/session/9023590e1751055a99412125698bdf77/element/22c73a16-568a-41c1-9216-92617d85d598/enabled'
18:43:38.384 [Forwarding isElementEnabled on session 9023590e1751055a99412125698bdf77 to remote] DEBUG org.asynchttpclient.netty.request.NettyRequestSender - Using open Channel [id: 0x259dbec7, L:/127.0.0.1:64739 - R:localhost/127.0.0.1:7923] for GET '/session/9023590e1751055a99412125698bdf77/element/22c73a16-568a-41c1-9216-92617d85d598/enabled'
18:43:38.389 [AsyncHttpClient-1-14] DEBUG org.asynchttpclient.netty.handler.HttpHandler - 

Request DefaultFullHttpRequest(decodeResult: success, version: HTTP/1.1, content: EmptyByteBufBE)
GET /session/9023590e1751055a99412125698bdf77/element/22c73a16-568a-41c1-9216-92617d85d598/enabled HTTP/1.1
User-Agent: selenium/4.8.1 (java windows)
Cache-Control: no-cache
Content-Type: application/json; charset=utf-8
host: localhost:7923
accept: */*

Response DefaultHttpResponse(decodeResult: success, version: HTTP/1.1)
HTTP/1.1 200 OK
Content-Length: 14
Content-Type: application/json; charset=utf-8
cache-control: no-cache

18:43:38.389 [AsyncHttpClient-1-14] DEBUG org.asynchttpclient.netty.channel.ChannelManager - Adding key: http://localhost:7923 for channel [id: 0x259dbec7, L:/127.0.0.1:64739 - R:localhost/127.0.0.1:7923]
18:43:38.390 [Forwarding isElementEnabled on session 9023590e1751055a99412125698bdf77 to remote] DEBUG org.asynchttpclient.netty.request.NettyRequestSender - Using pooled Channel '[id: 0x259dbec7, L:/127.0.0.1:64739 - R:localhost/127.0.0.1:7923]' for 'GET' to 'http://localhost:7923/session/9023590e1751055a99412125698bdf77/element/22c73a16-568a-41c1-9216-92617d85d598/enabled'
18:43:38.390 [Forwarding isElementEnabled on session 9023590e1751055a99412125698bdf77 to remote] DEBUG org.asynchttpclient.netty.request.NettyRequestSender - Using open Channel [id: 0x259dbec7, L:/127.0.0.1:64739 - R:localhost/127.0.0.1:7923] for GET '/session/9023590e1751055a99412125698bdf77/element/22c73a16-568a-41c1-9216-92617d85d598/enabled'
18:43:38.396 [AsyncHttpClient-1-14] DEBUG org.asynchttpclient.netty.handler.HttpHandler - 

Request DefaultFullHttpRequest(decodeResult: success, version: HTTP/1.1, content: EmptyByteBufBE)
GET /session/9023590e1751055a99412125698bdf77/element/22c73a16-568a-41c1-9216-92617d85d598/enabled HTTP/1.1
User-Agent: selenium/4.8.1 (java windows)
Cache-Control: no-cache
Content-Type: application/json; charset=utf-8
host: localhost:7923
accept: */*

Response DefaultHttpResponse(decodeResult: success, version: HTTP/1.1)
HTTP/1.1 200 OK
Content-Length: 14
Content-Type: application/json; charset=utf-8
cache-control: no-cache

18:43:38.397 [AsyncHttpClient-1-14] DEBUG org.asynchttpclient.netty.channel.ChannelManager - Adding key: http://localhost:7923 for channel [id: 0x259dbec7, L:/127.0.0.1:64739 - R:localhost/127.0.0.1:7923]
18:43:38.398 [Forwarding findElement on session 9023590e1751055a99412125698bdf77 to remote] DEBUG org.asynchttpclient.netty.request.NettyRequestSender - Using pooled Channel '[id: 0x259dbec7, L:/127.0.0.1:64739 - R:localhost/127.0.0.1:7923]' for 'POST' to 'http://localhost:7923/session/9023590e1751055a99412125698bdf77/element'
18:43:38.398 [Forwarding findElement on session 9023590e1751055a99412125698bdf77 to remote] DEBUG org.asynchttpclient.netty.request.NettyRequestSender - Using open Channel [id: 0x259dbec7, L:/127.0.0.1:64739 - R:localhost/127.0.0.1:7923] for POST '/session/9023590e1751055a99412125698bdf77/element'
18:43:38.404 [AsyncHttpClient-1-14] DEBUG org.asynchttpclient.netty.handler.HttpHandler - 

Request DefaultHttpRequest(decodeResult: success, version: HTTP/1.1)
POST /session/9023590e1751055a99412125698bdf77/element HTTP/1.1
User-Agent: selenium/4.8.1 (java windows)
Content-Length: 59
Content-Type: application/json; charset=utf-8
host: localhost:7923
accept: */*

Response DefaultHttpResponse(decodeResult: success, version: HTTP/1.1)
HTTP/1.1 200 OK
Content-Length: 88
Content-Type: application/json; charset=utf-8
cache-control: no-cache

18:43:38.404 [AsyncHttpClient-1-14] DEBUG org.asynchttpclient.netty.channel.ChannelManager - Adding key: http://localhost:7923 for channel [id: 0x259dbec7, L:/127.0.0.1:64739 - R:localhost/127.0.0.1:7923]
18:43:38.405 [Forwarding clickElement on session 9023590e1751055a99412125698bdf77 to remote] DEBUG org.asynchttpclient.netty.request.NettyRequestSender - Using pooled Channel '[id: 0x259dbec7, L:/127.0.0.1:64739 - R:localhost/127.0.0.1:7923]' for 'POST' to 'http://localhost:7923/session/9023590e1751055a99412125698bdf77/element/22c73a16-568a-41c1-9216-92617d85d598/click'
18:43:38.405 [Forwarding clickElement on session 9023590e1751055a99412125698bdf77 to remote] DEBUG org.asynchttpclient.netty.request.NettyRequestSender - Using open Channel [id: 0x259dbec7, L:/127.0.0.1:64739 - R:localhost/127.0.0.1:7923] for POST '/session/9023590e1751055a99412125698bdf77/element/22c73a16-568a-41c1-9216-92617d85d598/click'
18:43:38.428 [AsyncHttpClient-1-14] DEBUG org.asynchttpclient.netty.handler.HttpHandler - 

Request DefaultHttpRequest(decodeResult: success, version: HTTP/1.1)
POST /session/9023590e1751055a99412125698bdf77/element/22c73a16-568a-41c1-9216-92617d85d598/click HTTP/1.1
User-Agent: selenium/4.8.1 (java windows)
Content-Length: 50
Content-Type: application/json; charset=utf-8
host: localhost:7923
accept: */*

Response DefaultHttpResponse(decodeResult: success, version: HTTP/1.1)
HTTP/1.1 200 OK
Content-Length: 14
Content-Type: application/json; charset=utf-8
cache-control: no-cache

18:43:38.428 [AsyncHttpClient-1-14] DEBUG org.asynchttpclient.netty.channel.ChannelManager - Adding key: http://localhost:7923 for channel [id: 0x259dbec7, L:/127.0.0.1:64739 - R:localhost/127.0.0.1:7923]
18:43:38.431 [Forwarding getAlertText on session 9023590e1751055a99412125698bdf77 to remote] DEBUG org.asynchttpclient.netty.request.NettyRequestSender - Using pooled Channel '[id: 0x259dbec7, L:/127.0.0.1:64739 - R:localhost/127.0.0.1:7923]' for 'GET' to 'http://localhost:7923/session/9023590e1751055a99412125698bdf77/alert/text'
18:43:38.431 [Forwarding getAlertText on session 9023590e1751055a99412125698bdf77 to remote] DEBUG org.asynchttpclient.netty.request.NettyRequestSender - Using open Channel [id: 0x259dbec7, L:/127.0.0.1:64739 - R:localhost/127.0.0.1:7923] for GET '/session/9023590e1751055a99412125698bdf77/alert/text'
18:43:38.449 [AsyncHttpClient-1-14] DEBUG org.asynchttpclient.netty.handler.HttpHandler - 

Request DefaultFullHttpRequest(decodeResult: success, version: HTTP/1.1, content: EmptyByteBufBE)
GET /session/9023590e1751055a99412125698bdf77/alert/text HTTP/1.1
User-Agent: selenium/4.8.1 (java windows)
Cache-Control: no-cache
Content-Type: application/json; charset=utf-8
host: localhost:7923
accept: */*

Response DefaultHttpResponse(decodeResult: success, version: HTTP/1.1)
HTTP/1.1 404 Not Found
Content-Length: 821
Content-Type: application/json; charset=utf-8
cache-control: no-cache

18:43:38.449 [AsyncHttpClient-1-14] DEBUG org.asynchttpclient.netty.channel.ChannelManager - Adding key: http://localhost:7923 for channel [id: 0x259dbec7, L:/127.0.0.1:64739 - R:localhost/127.0.0.1:7923]
18:43:38.450 [Forwarding getCurrentUrl on session 9023590e1751055a99412125698bdf77 to remote] DEBUG org.asynchttpclient.netty.request.NettyRequestSender - Using pooled Channel '[id: 0x259dbec7, L:/127.0.0.1:64739 - R:localhost/127.0.0.1:7923]' for 'GET' to 'http://localhost:7923/session/9023590e1751055a99412125698bdf77/url'
18:43:38.450 [Forwarding getCurrentUrl on session 9023590e1751055a99412125698bdf77 to remote] DEBUG org.asynchttpclient.netty.request.NettyRequestSender - Using open Channel [id: 0x259dbec7, L:/127.0.0.1:64739 - R:localhost/127.0.0.1:7923] for GET '/session/9023590e1751055a99412125698bdf77/url'
18:43:38.459 [AsyncHttpClient-1-14] DEBUG org.asynchttpclient.netty.handler.HttpHandler - 

Request DefaultFullHttpRequest(decodeResult: success, version: HTTP/1.1, content: EmptyByteBufBE)
GET /session/9023590e1751055a99412125698bdf77/url HTTP/1.1
User-Agent: selenium/4.8.1 (java windows)
Cache-Control: no-cache
Content-Type: application/json; charset=utf-8
host: localhost:7923
accept: */*

Response DefaultHttpResponse(decodeResult: success, version: HTTP/1.1)
HTTP/1.1 200 OK
Content-Length: 113
Content-Type: application/json; charset=utf-8
cache-control: no-cache

18:43:38.459 [AsyncHttpClient-1-14] DEBUG org.asynchttpclient.netty.channel.ChannelManager - Adding key: http://localhost:7923 for channel [id: 0x259dbec7, L:/127.0.0.1:64739 - R:localhost/127.0.0.1:7923]
18:43:38.459 [Forwarding screenshot on session 9023590e1751055a99412125698bdf77 to remote] DEBUG org.asynchttpclient.netty.request.NettyRequestSender - Using pooled Channel '[id: 0x259dbec7, L:/127.0.0.1:64739 - R:localhost/127.0.0.1:7923]' for 'GET' to 'http://localhost:7923/session/9023590e1751055a99412125698bdf77/screenshot'
18:43:38.460 [Forwarding screenshot on session 9023590e1751055a99412125698bdf77 to remote] DEBUG org.asynchttpclient.netty.request.NettyRequestSender - Using open Channel [id: 0x259dbec7, L:/127.0.0.1:64739 - R:localhost/127.0.0.1:7923] for GET '/session/9023590e1751055a99412125698bdf77/screenshot'
18:43:38.485 [AsyncHttpClient-1-1] DEBUG org.asynchttpclient.netty.channel.DefaultChannelPool - Entry count for : http://localhost:64740 : 1
18:43:38.977 [AsyncHttpClient-1-14] DEBUG org.asynchttpclient.netty.handler.HttpHandler - 

Request DefaultFullHttpRequest(decodeResult: success, version: HTTP/1.1, content: EmptyByteBufBE)
GET /session/9023590e1751055a99412125698bdf77/screenshot HTTP/1.1
User-Agent: selenium/4.8.1 (java windows)
Cache-Control: no-cache
Content-Type: application/json; charset=utf-8
host: localhost:7923
accept: */*

Response DefaultHttpResponse(decodeResult: success, version: HTTP/1.1)
HTTP/1.1 200 OK
Content-Length: 38416
Content-Type: application/json; charset=utf-8
cache-control: no-cache

18:43:38.978 [AsyncHttpClient-1-14] DEBUG org.asynchttpclient.netty.channel.ChannelManager - Adding key: http://localhost:7923 for channel [id: 0x259dbec7, L:/127.0.0.1:64739 - R:localhost/127.0.0.1:7923]
18:43:38.979 [main] DEBUG net.serenitybdd.core.photography.Darkroom - Send negative for processing for target\site\serenity\3a977373f47c2bc7951a4299e012f7ad93826b9539781b8826e65d7c1304fb40.png
18:43:38.979 [main] DEBUG net.thucydides.core.steps.StepInterceptor - STEP DONE: clickBayarButton
  &amp#27;[32mAnd &amp#27;[0m&amp#27;[32mI click Bayar Button&amp#27;[0m                                 &amp#27;[90m# starter.stepDefinition.PurchasePosSteps.clickBayarButton()&amp#27;[0m
18:43:38.979 [Darkroom Processing Line] DEBUG net.serenitybdd.core.photography.DarkroomProcessingLine - Processing screenshot image in /var/screenshots/screenshot-17419577444855127620
18:43:38.979 [Darkroom Processing Line] DEBUG net.serenitybdd.core.photography.DarkroomProcessingLine - Saving screenshot to target\site\serenity\3a977373f47c2bc7951a4299e012f7ad93826b9539781b8826e65d7c1304fb40.png
18:43:38.983 [Forwarding getPageSource on session 9023590e1751055a99412125698bdf77 to remote] DEBUG org.asynchttpclient.netty.request.NettyRequestSender - Using pooled Channel '[id: 0x259dbec7, L:/127.0.0.1:64739 - R:localhost/127.0.0.1:7923]' for 'POST' to 'http://localhost:7923/session/9023590e1751055a99412125698bdf77/execute/sync'
18:43:38.983 [Forwarding getPageSource on session 9023590e1751055a99412125698bdf77 to remote] DEBUG org.asynchttpclient.netty.request.NettyRequestSender - Using open Channel [id: 0x259dbec7, L:/127.0.0.1:64739 - R:localhost/127.0.0.1:7923] for POST '/session/9023590e1751055a99412125698bdf77/execute/sync'
18:43:38.987 [AsyncHttpClient-1-14] DEBUG org.asynchttpclient.netty.handler.HttpHandler - 

Request DefaultHttpRequest(decodeResult: success, version: HTTP/1.1)
POST /session/9023590e1751055a99412125698bdf77/execute/sync HTTP/1.1
User-Agent: selenium/4.8.1 (java windows)
Content-Length: 176
Content-Type: application/json; charset=utf-8
host: localhost:7923
accept: */*

Response DefaultHttpResponse(decodeResult: success, version: HTTP/1.1)
HTTP/1.1 200 OK
Content-Length: 23957
Content-Type: application/json; charset=utf-8
cache-control: no-cache

18:43:38.987 [AsyncHttpClient-1-14] DEBUG org.asynchttpclient.netty.channel.ChannelManager - Adding key: http://localhost:7923 for channel [id: 0x259dbec7, L:/127.0.0.1:64739 - R:localhost/127.0.0.1:7923]
18:43:39.001 [Forwarding getCurrentUrl on session 9023590e1751055a99412125698bdf77 to remote] DEBUG org.asynchttpclient.netty.request.NettyRequestSender - Using pooled Channel '[id: 0x259dbec7, L:/127.0.0.1:64739 - R:localhost/127.0.0.1:7923]' for 'GET' to 'http://localhost:7923/session/9023590e1751055a99412125698bdf77/url'
18:43:39.001 [Forwarding getCurrentUrl on session 9023590e1751055a99412125698bdf77 to remote] DEBUG org.asynchttpclient.netty.request.NettyRequestSender - Using open Channel [id: 0x259dbec7, L:/127.0.0.1:64739 - R:localhost/127.0.0.1:7923] for GET '/session/9023590e1751055a99412125698bdf77/url'
18:43:39.006 [AsyncHttpClient-1-14] DEBUG org.asynchttpclient.netty.handler.HttpHandler - 

Request DefaultFullHttpRequest(decodeResult: success, version: HTTP/1.1, content: EmptyByteBufBE)
GET /session/9023590e1751055a99412125698bdf77/url HTTP/1.1
User-Agent: selenium/4.8.1 (java windows)
Cache-Control: no-cache
Content-Type: application/json; charset=utf-8
host: localhost:7923
accept: */*

Response DefaultHttpResponse(decodeResult: success, version: HTTP/1.1)
HTTP/1.1 200 OK
Content-Length: 52
Content-Type: application/json; charset=utf-8
cache-control: no-cache

18:43:39.006 [AsyncHttpClient-1-14] DEBUG org.asynchttpclient.netty.channel.ChannelManager - Adding key: http://localhost:7923 for channel [id: 0x259dbec7, L:/127.0.0.1:64739 - R:localhost/127.0.0.1:7923]
18:43:39.012 [Forwarding findElement on session 9023590e1751055a99412125698bdf77 to remote] DEBUG org.asynchttpclient.netty.request.NettyRequestSender - Using pooled Channel '[id: 0x259dbec7, L:/127.0.0.1:64739 - R:localhost/127.0.0.1:7923]' for 'POST' to 'http://localhost:7923/session/9023590e1751055a99412125698bdf77/element'
18:43:39.013 [Forwarding findElement on session 9023590e1751055a99412125698bdf77 to remote] DEBUG org.asynchttpclient.netty.request.NettyRequestSender - Using open Channel [id: 0x259dbec7, L:/127.0.0.1:64739 - R:localhost/127.0.0.1:7923] for POST '/session/9023590e1751055a99412125698bdf77/element'
18:43:39.018 [AsyncHttpClient-1-14] DEBUG org.asynchttpclient.netty.handler.HttpHandler - 

Request DefaultHttpRequest(decodeResult: success, version: HTTP/1.1)
POST /session/9023590e1751055a99412125698bdf77/element HTTP/1.1
User-Agent: selenium/4.8.1 (java windows)
Content-Length: 209
Content-Type: application/json; charset=utf-8
host: localhost:7923
accept: */*

Response DefaultHttpResponse(decodeResult: success, version: HTTP/1.1)
HTTP/1.1 200 OK
Content-Length: 88
Content-Type: application/json; charset=utf-8
cache-control: no-cache

18:43:39.018 [AsyncHttpClient-1-14] DEBUG org.asynchttpclient.netty.channel.ChannelManager - Adding key: http://localhost:7923 for channel [id: 0x259dbec7, L:/127.0.0.1:64739 - R:localhost/127.0.0.1:7923]
18:43:39.020 [Forwarding isElementDisplayed on session 9023590e1751055a99412125698bdf77 to remote] DEBUG org.asynchttpclient.netty.request.NettyRequestSender - Using pooled Channel '[id: 0x259dbec7, L:/127.0.0.1:64739 - R:localhost/127.0.0.1:7923]' for 'POST' to 'http://localhost:7923/session/9023590e1751055a99412125698bdf77/execute/sync'
18:43:39.020 [Forwarding isElementDisplayed on session 9023590e1751055a99412125698bdf77 to remote] DEBUG org.asynchttpclient.netty.request.NettyRequestSender - Using open Channel [id: 0x259dbec7, L:/127.0.0.1:64739 - R:localhost/127.0.0.1:7923] for POST '/session/9023590e1751055a99412125698bdf77/execute/sync'
18:43:39.025 [AsyncHttpClient-1-14] DEBUG org.asynchttpclient.netty.handler.HttpHandler - 

Request DefaultHttpRequest(decodeResult: success, version: HTTP/1.1)
POST /session/9023590e1751055a99412125698bdf77/execute/sync HTTP/1.1
User-Agent: selenium/4.8.1 (java windows)
Content-Length: 48807
Content-Type: application/json; charset=utf-8
host: localhost:7923
accept: */*

Response DefaultHttpResponse(decodeResult: success, version: HTTP/1.1)
HTTP/1.1 200 OK
Content-Length: 14
Content-Type: application/json; charset=utf-8
cache-control: no-cache

18:43:39.025 [AsyncHttpClient-1-14] DEBUG org.asynchttpclient.netty.channel.ChannelManager - Adding key: http://localhost:7923 for channel [id: 0x259dbec7, L:/127.0.0.1:64739 - R:localhost/127.0.0.1:7923]
  &amp#27;[32mThen &amp#27;[0m&amp#27;[32mI am redirected to transaction history page&amp#27;[0m         &amp#27;[90m# starter.stepDefinition.PurchasePosSteps.validateOnTransactionPage()&amp#27;[0m
18:43:39.029 [main] INFO  - 
  _____   ___   ___   _____     ___     _     ___   ___   ___   ___  
 |_   _| | __| / __| |_   _|   | _ \   /_\   / __| / __| | __| |   \ 
   | |   | _|  \__ \   | |     |  _/  / _ \  \__ \ \__ \ | _|  | |) |
   |_|   |___| |___/   |_|     |_|   /_/ \_\ |___/ |___/ |___| |___/ 

As user, I have to be able to purchase something
----------------------------------------------------------------------
18:43:39.030 [Driver Command Executor] DEBUG org.asynchttpclient.netty.request.NettyRequestSender - Using pooled Channel '[id: 0x259dbec7, L:/127.0.0.1:64739 - R:localhost/127.0.0.1:7923]' for 'DELETE' to 'http://localhost:7923/session/9023590e1751055a99412125698bdf77'
18:43:39.030 [AsyncHttpClient-1-16] DEBUG org.asynchttpclient.netty.handler.WebSocketHandler - Channel Closed: [id: 0x67830203, L:/127.0.0.1:64747 ! R:localhost/127.0.0.1:64740] with attribute NettyResponseFuture{currentRetry=0,
	isDone=1,
	isCancelled=0,
	asyncHandler=org.asynchttpclient.ws.WebSocketUpgradeHandler@1d08d075,
	nettyRequest=org.asynchttpclient.netty.request.NettyRequest@580a5db0,
	future=java.util.concurrent.CompletableFuture@4a30ed27[Completed normally],
	uri=ws://localhost:64740/devtools/browser/306a151c-c900-4140-a3dd-19087cc72afd,
	keepAlive=true,
	redirectCount=0,
	timeoutsHolder=null,
	inAuth=0,
	touch=1683632608422}
18:43:39.030 [Driver Command Executor] DEBUG org.asynchttpclient.netty.request.NettyRequestSender - Using open Channel [id: 0x259dbec7, L:/127.0.0.1:64739 - R:localhost/127.0.0.1:7923] for DELETE '/session/9023590e1751055a99412125698bdf77'
18:43:39.030 [AsyncHttpClient-1-16] DEBUG org.asynchttpclient.netty.channel.ChannelManager - Closing Channel [id: 0x67830203, L:/127.0.0.1:64747 ! R:localhost/127.0.0.1:64740] 
18:43:39.061 [AsyncHttpClient-1-15] DEBUG org.asynchttpclient.netty.handler.HttpHandler - Unexpected I/O exception on channel [id: 0x39f5bace, L:/127.0.0.1:64746 - R:localhost/127.0.0.1:64740]
java.net.SocketException: Connection reset
	at java.base/sun.nio.ch.SocketChannelImpl.throwConnectionReset(SocketChannelImpl.java:394)
	at java.base/sun.nio.ch.SocketChannelImpl.read(SocketChannelImpl.java:426)
	at io.netty.buffer.PooledByteBuf.setBytes(PooledByteBuf.java:259)
	at io.netty.buffer.AbstractByteBuf.writeBytes(AbstractByteBuf.java:1132)
	at io.netty.channel.socket.nio.NioSocketChannel.doReadBytes(NioSocketChannel.java:357)
	at io.netty.channel.nio.AbstractNioByteChannel$NioByteUnsafe.read(AbstractNioByteChannel.java:151)
	at io.netty.channel.nio.NioEventLoop.processSelectedKey(NioEventLoop.java:788)
	at io.netty.channel.nio.NioEventLoop.processSelectedKeysOptimized(NioEventLoop.java:724)
	at io.netty.channel.nio.NioEventLoop.processSelectedKeys(NioEventLoop.java:650)
	at io.netty.channel.nio.NioEventLoop.run(NioEventLoop.java:562)
	at io.netty.util.concurrent.SingleThreadEventExecutor$4.run(SingleThreadEventExecutor.java:997)
	at io.netty.util.internal.ThreadExecutorMap$2.run(ThreadExecutorMap.java:74)
	at io.netty.util.concurrent.FastThreadLocalRunnable.run(FastThreadLocalRunnable.java:30)
	at java.base/java.lang.Thread.run(Thread.java:833)
18:43:39.061 [AsyncHttpClient-1-15] DEBUG org.asynchttpclient.netty.channel.ChannelManager - Closing Channel [id: 0x39f5bace, L:/127.0.0.1:64746 - R:localhost/127.0.0.1:64740] 
18:43:39.061 [AsyncHttpClient-1-15] DEBUG org.asynchttpclient.netty.handler.HttpHandler - Channel Closed: [id: 0x39f5bace, L:/127.0.0.1:64746 ! R:localhost/127.0.0.1:64740] with attribute DISCARD
18:43:39.073 [AsyncHttpClient-1-14] DEBUG org.asynchttpclient.netty.handler.HttpHandler - 

Request DefaultFullHttpRequest(decodeResult: success, version: HTTP/1.1, content: EmptyByteBufBE)
DELETE /session/9023590e1751055a99412125698bdf77 HTTP/1.1
User-Agent: selenium/4.8.1 (java windows)
Content-Type: application/json; charset=utf-8
host: localhost:7923
accept: */*

Response DefaultHttpResponse(decodeResult: success, version: HTTP/1.1)
HTTP/1.1 200 OK
Content-Length: 14
Content-Type: application/json; charset=utf-8
cache-control: no-cache

18:43:39.073 [AsyncHttpClient-1-14] DEBUG org.asynchttpclient.netty.channel.ChannelManager - Adding key: http://localhost:7923 for channel [id: 0x259dbec7, L:/127.0.0.1:64739 - R:localhost/127.0.0.1:7923]
18:43:39.143 [AsyncHttpClient-1-14] DEBUG org.asynchttpclient.netty.handler.HttpHandler - Channel Closed: [id: 0x259dbec7, L:/127.0.0.1:64739 ! R:localhost/127.0.0.1:7923] with attribute DISCARD
]]></system-out>
    <system-err><![CDATA[Starting ChromeDriver 112.0.5615.49 (bd2a7bcb881c11e8cfe3078709382934e3916914-refs/branch-heads/5615@{#936}) on port 7923
Only local connections are allowed.
Please see https://chromedriver.chromium.org/security-considerations for suggestions on keeping ChromeDriver safe.
ChromeDriver was started successfully.
May 09, 2023 6:43:28 PM org.openqa.selenium.devtools.CdpVersionFinder findNearestMatch
WARNING: Unable to find an exact match for CDP version 112, so returning the closest version found: 110
]]></system-err>
  </testcase>
  <testcase name="As user, I have be able to prevented to register" classname="RegisterNeg" time="5.413">
    <system-out><![CDATA[18:43:39.189 [main] DEBUG io.cucumber.core.plugin.SerenityReporter - Running feature from file:///C:/Users/VICTUS/IdeaProjects/MiniProject/src/test/resources/features/RegisterNeg.feature
18:43:39.191 [main] DEBUG net.thucydides.core.steps.StepEventBus - Test suite started for story net.thucydides.core.model.Story@14b61f68
18:43:39.191 [main] INFO  - Test Suite Started: Register neg

@RegisterNeg @userA
Scenario: As user, I have be able to prevented to register &amp#27;[90m# src/test/resources/features/RegisterNeg.feature:8&amp#27;[0m
18:43:39.195 [main] DEBUG io.cucumber.core.plugin.SerenityReporter - Running feature from file:///C:/Users/VICTUS/IdeaProjects/MiniProject/src/test/resources/features/RegisterNeg.feature
18:43:39.196 [main] INFO  - 
  _____   ___   ___   _____     ___   _____     _     ___   _____   ___   ___  
 |_   _| | __| / __| |_   _|   / __| |_   _|   /_\   | _ \ |_   _| | __| |   \ 
   | |   | _|  \__ \   | |     \__ \   | |    / _ \  |   /   | |   | _|  | |) |
   |_|   |___| |___/   |_|     |___/   |_|   /_/ \_\ |_|_\   |_|   |___| |___/ 

As user, I have be able to prevented to register(registerneg;as-user--i-have-be-able-to-prevented-to-register)
--------------------------------------------------------------------------------
18:43:39.277 [main] INFO net.serenitybdd.core.webdriver.driverproviders.ChromeDriverProvider - Starting Chrome driver instance with capabilities:
18:43:39.277 [main] INFO net.serenitybdd.core.webdriver.driverproviders.ChromeDriverProvider - Capabilities {acceptInsecureCerts: false, browserName: chrome, goog:chromeOptions: {args: [remote-allow-origins=*], extensions: []}}
18:43:39.339 [AsyncHttpClient-1-17] DEBUG org.asynchttpclient.netty.channel.NettyConnectListener - Using new Channel '[id: 0xf391ef5e, L:/127.0.0.1:64765 - R:localhost/127.0.0.1:32266]' for 'POST' to '/session'
18:43:39.586 [AsyncHttpClient-1-1] DEBUG org.asynchttpclient.netty.channel.DefaultChannelPool - Entry count for : http://localhost:7923 : 1
18:43:39.586 [AsyncHttpClient-1-1] DEBUG org.asynchttpclient.netty.channel.DefaultChannelPool - Entry count for : http://localhost:64740 : 1
18:43:39.587 [AsyncHttpClient-1-1] DEBUG org.asynchttpclient.netty.channel.DefaultChannelPool - Adding Candidate expired Channel [id: 0x259dbec7, L:/127.0.0.1:64739 ! R:localhost/127.0.0.1:7923] isIdleTimeoutExpired=false isRemotelyClosed=true isTtlExpired=false
18:43:39.587 [AsyncHttpClient-1-1] DEBUG org.asynchttpclient.netty.channel.DefaultChannelPool - Closing Idle Channel [id: 0x259dbec7, L:/127.0.0.1:64739 ! R:localhost/127.0.0.1:7923]
18:43:39.587 [AsyncHttpClient-1-1] DEBUG org.asynchttpclient.netty.channel.DefaultChannelPool - Adding Candidate expired Channel [id: 0x39f5bace, L:/127.0.0.1:64746 ! R:localhost/127.0.0.1:64740] isIdleTimeoutExpired=false isRemotelyClosed=true isTtlExpired=false
18:43:39.587 [AsyncHttpClient-1-1] DEBUG org.asynchttpclient.netty.channel.DefaultChannelPool - Closing Idle Channel [id: 0x39f5bace, L:/127.0.0.1:64746 ! R:localhost/127.0.0.1:64740]
18:43:39.587 [AsyncHttpClient-1-1] DEBUG org.asynchttpclient.netty.channel.DefaultChannelPool - Closed 2 connections out of 2 in 1 ms
18:43:40.103 [AsyncHttpClient-1-17] DEBUG org.asynchttpclient.netty.handler.HttpHandler - 

Request DefaultHttpRequest(decodeResult: success, version: HTTP/1.1)
POST /session HTTP/1.1
User-Agent: selenium/4.8.1 (java windows)
Content-Length: 507
Content-Type: application/json; charset=utf-8
host: localhost:32266
accept: */*

Response DefaultHttpResponse(decodeResult: success, version: HTTP/1.1)
HTTP/1.1 200 OK
Content-Length: 861
Content-Type: application/json; charset=utf-8
cache-control: no-cache

18:43:40.103 [AsyncHttpClient-1-17] DEBUG org.asynchttpclient.netty.channel.ChannelManager - Adding key: http://localhost:32266 for channel [id: 0xf391ef5e, L:/127.0.0.1:64765 - R:localhost/127.0.0.1:32266]
18:43:40.126 [AsyncHttpClient-1-18] DEBUG org.asynchttpclient.netty.channel.NettyConnectListener - Using new Channel '[id: 0xee8f3b7b, L:/127.0.0.1:64771 - R:localhost/127.0.0.1:64766]' for 'GET' to '/json/version'
18:43:40.129 [AsyncHttpClient-1-18] DEBUG org.asynchttpclient.netty.handler.HttpHandler - 

Request DefaultFullHttpRequest(decodeResult: success, version: HTTP/1.1, content: EmptyByteBufBE)
GET /json/version HTTP/1.1
User-Agent: selenium/4.8.1 (java windows)
host: localhost:64766
accept: */*

Response DefaultHttpResponse(decodeResult: success, version: HTTP/1.1)
HTTP/1.1 200 OK
Content-Security-Policy: frame-ancestors 'none'
Content-Length: 424
Content-Type: application/json; charset=UTF-8

18:43:40.129 [AsyncHttpClient-1-18] DEBUG org.asynchttpclient.netty.channel.ChannelManager - Adding key: http://localhost:64766 for channel [id: 0xee8f3b7b, L:/127.0.0.1:64771 - R:localhost/127.0.0.1:64766]
18:43:40.157 [AsyncHttpClient-1-19] DEBUG org.asynchttpclient.netty.channel.NettyConnectListener - Using new Channel '[id: 0xa3c5da07, L:/127.0.0.1:64772 - R:localhost/127.0.0.1:64766]' for 'GET' to '/devtools/browser/4d36c458-1298-4a00-b1ac-4e19480ef33e'
18:43:40.159 [AsyncHttpClient-1-19] DEBUG org.asynchttpclient.netty.handler.WebSocketHandler - 

Request DefaultFullHttpRequest(decodeResult: success, version: HTTP/1.1, content: EmptyByteBufBE)
GET /devtools/browser/4d36c458-1298-4a00-b1ac-4e19480ef33e HTTP/1.1
upgrade: websocket
connection: upgrade
sec-websocket-key: PBNy5jYUgeSkjHGFjEKNIQ==
sec-websocket-version: 13
origin: http://localhost:64766
host: localhost:64766
accept: */*
user-agent: AHC/2.1

Response DefaultHttpResponse(decodeResult: success, version: HTTP/1.1)
HTTP/1.1 101 WebSocket Protocol Handshake
Upgrade: WebSocket
Connection: Upgrade
Sec-WebSocket-Accept: sdMCNX2Sm5iAfZILERSbw3VOnW8=

18:43:40.163 [Forwarding get on session 615c16a09a955dd50bb7a65e91c9f994 to remote] DEBUG org.asynchttpclient.netty.request.NettyRequestSender - Using pooled Channel '[id: 0xf391ef5e, L:/127.0.0.1:64765 - R:localhost/127.0.0.1:32266]' for 'POST' to 'http://localhost:32266/session/615c16a09a955dd50bb7a65e91c9f994/url'
18:43:40.163 [Forwarding get on session 615c16a09a955dd50bb7a65e91c9f994 to remote] DEBUG org.asynchttpclient.netty.request.NettyRequestSender - Using open Channel [id: 0xf391ef5e, L:/127.0.0.1:64765 - R:localhost/127.0.0.1:32266] for POST '/session/615c16a09a955dd50bb7a65e91c9f994/url'
18:43:40.686 [AsyncHttpClient-1-1] DEBUG org.asynchttpclient.netty.channel.DefaultChannelPool - Entry count for : http://localhost:64766 : 1
18:43:41.149 [AsyncHttpClient-1-17] DEBUG org.asynchttpclient.netty.handler.HttpHandler - 

Request DefaultHttpRequest(decodeResult: success, version: HTTP/1.1)
POST /session/615c16a09a955dd50bb7a65e91c9f994/url HTTP/1.1
User-Agent: selenium/4.8.1 (java windows)
Content-Length: 59
Content-Type: application/json; charset=utf-8
host: localhost:32266
accept: */*

Response DefaultHttpResponse(decodeResult: success, version: HTTP/1.1)
HTTP/1.1 200 OK
Content-Length: 14
Content-Type: application/json; charset=utf-8
cache-control: no-cache

18:43:41.149 [AsyncHttpClient-1-17] DEBUG org.asynchttpclient.netty.channel.ChannelManager - Adding key: http://localhost:32266 for channel [id: 0xf391ef5e, L:/127.0.0.1:64765 - R:localhost/127.0.0.1:32266]
18:43:41.150 [Forwarding setTimeout on session 615c16a09a955dd50bb7a65e91c9f994 to remote] DEBUG org.asynchttpclient.netty.request.NettyRequestSender - Using pooled Channel '[id: 0xf391ef5e, L:/127.0.0.1:64765 - R:localhost/127.0.0.1:32266]' for 'POST' to 'http://localhost:32266/session/615c16a09a955dd50bb7a65e91c9f994/timeouts'
18:43:41.150 [Forwarding setTimeout on session 615c16a09a955dd50bb7a65e91c9f994 to remote] DEBUG org.asynchttpclient.netty.request.NettyRequestSender - Using open Channel [id: 0xf391ef5e, L:/127.0.0.1:64765 - R:localhost/127.0.0.1:32266] for POST '/session/615c16a09a955dd50bb7a65e91c9f994/timeouts'
18:43:41.150 [AsyncHttpClient-1-17] DEBUG org.asynchttpclient.netty.handler.HttpHandler - 

Request DefaultHttpRequest(decodeResult: success, version: HTTP/1.1)
POST /session/615c16a09a955dd50bb7a65e91c9f994/timeouts HTTP/1.1
User-Agent: selenium/4.8.1 (java windows)
Content-Length: 22
Content-Type: application/json; charset=utf-8
host: localhost:32266
accept: */*

Response DefaultHttpResponse(decodeResult: success, version: HTTP/1.1)
HTTP/1.1 200 OK
Content-Length: 14
Content-Type: application/json; charset=utf-8
cache-control: no-cache

18:43:41.150 [AsyncHttpClient-1-17] DEBUG org.asynchttpclient.netty.channel.ChannelManager - Adding key: http://localhost:32266 for channel [id: 0xf391ef5e, L:/127.0.0.1:64765 - R:localhost/127.0.0.1:32266]
18:43:41.155 [main] DEBUG net.serenitybdd.core.photography.Darkroom - Opening darkroom
18:43:41.155 [Darkroom Processing Line] DEBUG net.serenitybdd.core.photography.DarkroomProcessingLine - Darkroom processing line starting up
18:43:41.155 [Forwarding getAlertText on session 615c16a09a955dd50bb7a65e91c9f994 to remote] DEBUG org.asynchttpclient.netty.request.NettyRequestSender - Using pooled Channel '[id: 0xf391ef5e, L:/127.0.0.1:64765 - R:localhost/127.0.0.1:32266]' for 'GET' to 'http://localhost:32266/session/615c16a09a955dd50bb7a65e91c9f994/alert/text'
18:43:41.155 [Forwarding getAlertText on session 615c16a09a955dd50bb7a65e91c9f994 to remote] DEBUG org.asynchttpclient.netty.request.NettyRequestSender - Using open Channel [id: 0xf391ef5e, L:/127.0.0.1:64765 - R:localhost/127.0.0.1:32266] for GET '/session/615c16a09a955dd50bb7a65e91c9f994/alert/text'
18:43:41.156 [AsyncHttpClient-1-17] DEBUG org.asynchttpclient.netty.handler.HttpHandler - 

Request DefaultFullHttpRequest(decodeResult: success, version: HTTP/1.1, content: EmptyByteBufBE)
GET /session/615c16a09a955dd50bb7a65e91c9f994/alert/text HTTP/1.1
User-Agent: selenium/4.8.1 (java windows)
Cache-Control: no-cache
Content-Type: application/json; charset=utf-8
host: localhost:32266
accept: */*

Response DefaultHttpResponse(decodeResult: success, version: HTTP/1.1)
HTTP/1.1 404 Not Found
Content-Length: 821
Content-Type: application/json; charset=utf-8
cache-control: no-cache

18:43:41.156 [AsyncHttpClient-1-17] DEBUG org.asynchttpclient.netty.channel.ChannelManager - Adding key: http://localhost:32266 for channel [id: 0xf391ef5e, L:/127.0.0.1:64765 - R:localhost/127.0.0.1:32266]
18:43:41.157 [Forwarding getCurrentUrl on session 615c16a09a955dd50bb7a65e91c9f994 to remote] DEBUG org.asynchttpclient.netty.request.NettyRequestSender - Using pooled Channel '[id: 0xf391ef5e, L:/127.0.0.1:64765 - R:localhost/127.0.0.1:32266]' for 'GET' to 'http://localhost:32266/session/615c16a09a955dd50bb7a65e91c9f994/url'
18:43:41.157 [Forwarding getCurrentUrl on session 615c16a09a955dd50bb7a65e91c9f994 to remote] DEBUG org.asynchttpclient.netty.request.NettyRequestSender - Using open Channel [id: 0xf391ef5e, L:/127.0.0.1:64765 - R:localhost/127.0.0.1:32266] for GET '/session/615c16a09a955dd50bb7a65e91c9f994/url'
18:43:41.160 [AsyncHttpClient-1-17] DEBUG org.asynchttpclient.netty.handler.HttpHandler - 

Request DefaultFullHttpRequest(decodeResult: success, version: HTTP/1.1, content: EmptyByteBufBE)
GET /session/615c16a09a955dd50bb7a65e91c9f994/url HTTP/1.1
User-Agent: selenium/4.8.1 (java windows)
Cache-Control: no-cache
Content-Type: application/json; charset=utf-8
host: localhost:32266
accept: */*

Response DefaultHttpResponse(decodeResult: success, version: HTTP/1.1)
HTTP/1.1 200 OK
Content-Length: 41
Content-Type: application/json; charset=utf-8
cache-control: no-cache

18:43:41.162 [AsyncHttpClient-1-17] DEBUG org.asynchttpclient.netty.channel.ChannelManager - Adding key: http://localhost:32266 for channel [id: 0xf391ef5e, L:/127.0.0.1:64765 - R:localhost/127.0.0.1:32266]
18:43:41.162 [Forwarding screenshot on session 615c16a09a955dd50bb7a65e91c9f994 to remote] DEBUG org.asynchttpclient.netty.request.NettyRequestSender - Using pooled Channel '[id: 0xf391ef5e, L:/127.0.0.1:64765 - R:localhost/127.0.0.1:32266]' for 'GET' to 'http://localhost:32266/session/615c16a09a955dd50bb7a65e91c9f994/screenshot'
18:43:41.162 [Forwarding screenshot on session 615c16a09a955dd50bb7a65e91c9f994 to remote] DEBUG org.asynchttpclient.netty.request.NettyRequestSender - Using open Channel [id: 0xf391ef5e, L:/127.0.0.1:64765 - R:localhost/127.0.0.1:32266] for GET '/session/615c16a09a955dd50bb7a65e91c9f994/screenshot'
18:43:41.262 [AsyncHttpClient-1-17] DEBUG org.asynchttpclient.netty.handler.HttpHandler - 

Request DefaultFullHttpRequest(decodeResult: success, version: HTTP/1.1, content: EmptyByteBufBE)
GET /session/615c16a09a955dd50bb7a65e91c9f994/screenshot HTTP/1.1
User-Agent: selenium/4.8.1 (java windows)
Cache-Control: no-cache
Content-Type: application/json; charset=utf-8
host: localhost:32266
accept: */*

Response DefaultHttpResponse(decodeResult: success, version: HTTP/1.1)
HTTP/1.1 200 OK
Content-Length: 32968
Content-Type: application/json; charset=utf-8
cache-control: no-cache

18:43:41.262 [AsyncHttpClient-1-17] DEBUG org.asynchttpclient.netty.channel.ChannelManager - Adding key: http://localhost:32266 for channel [id: 0xf391ef5e, L:/127.0.0.1:64765 - R:localhost/127.0.0.1:32266]
18:43:41.262 [main] DEBUG net.serenitybdd.core.photography.Darkroom - Send negative for processing for target\site\serenity\edc3ceaa27b36ce136ffaf49ea6be70f2e510b400ea30b61ee23996aafe3d8fa.png
18:43:41.263 [Darkroom Processing Line] DEBUG net.serenitybdd.core.photography.DarkroomProcessingLine - Processing screenshot image in /var/screenshots/screenshot-1601383312226099059
18:43:41.263 [Darkroom Processing Line] DEBUG net.serenitybdd.core.photography.DarkroomProcessingLine - Saving screenshot to target\site\serenity\edc3ceaa27b36ce136ffaf49ea6be70f2e510b400ea30b61ee23996aafe3d8fa.png
18:43:41.263 [Forwarding getPageSource on session 615c16a09a955dd50bb7a65e91c9f994 to remote] DEBUG org.asynchttpclient.netty.request.NettyRequestSender - Using pooled Channel '[id: 0xf391ef5e, L:/127.0.0.1:64765 - R:localhost/127.0.0.1:32266]' for 'POST' to 'http://localhost:32266/session/615c16a09a955dd50bb7a65e91c9f994/execute/sync'
18:43:41.263 [Forwarding getPageSource on session 615c16a09a955dd50bb7a65e91c9f994 to remote] DEBUG org.asynchttpclient.netty.request.NettyRequestSender - Using open Channel [id: 0xf391ef5e, L:/127.0.0.1:64765 - R:localhost/127.0.0.1:32266] for POST '/session/615c16a09a955dd50bb7a65e91c9f994/execute/sync'
18:43:41.268 [AsyncHttpClient-1-17] DEBUG org.asynchttpclient.netty.handler.HttpHandler - 

Request DefaultHttpRequest(decodeResult: success, version: HTTP/1.1)
POST /session/615c16a09a955dd50bb7a65e91c9f994/execute/sync HTTP/1.1
User-Agent: selenium/4.8.1 (java windows)
Content-Length: 176
Content-Type: application/json; charset=utf-8
host: localhost:32266
accept: */*

Response DefaultHttpResponse(decodeResult: success, version: HTTP/1.1)
HTTP/1.1 200 OK
Content-Length: 28534
Content-Type: application/json; charset=utf-8
cache-control: no-cache

18:43:41.269 [AsyncHttpClient-1-17] DEBUG org.asynchttpclient.netty.channel.ChannelManager - Adding key: http://localhost:32266 for channel [id: 0xf391ef5e, L:/127.0.0.1:64765 - R:localhost/127.0.0.1:32266]
18:43:41.273 [Forwarding getCurrentUrl on session 615c16a09a955dd50bb7a65e91c9f994 to remote] DEBUG org.asynchttpclient.netty.request.NettyRequestSender - Using pooled Channel '[id: 0xf391ef5e, L:/127.0.0.1:64765 - R:localhost/127.0.0.1:32266]' for 'GET' to 'http://localhost:32266/session/615c16a09a955dd50bb7a65e91c9f994/url'
18:43:41.273 [Forwarding getCurrentUrl on session 615c16a09a955dd50bb7a65e91c9f994 to remote] DEBUG org.asynchttpclient.netty.request.NettyRequestSender - Using open Channel [id: 0xf391ef5e, L:/127.0.0.1:64765 - R:localhost/127.0.0.1:32266] for GET '/session/615c16a09a955dd50bb7a65e91c9f994/url'
18:43:41.276 [AsyncHttpClient-1-17] DEBUG org.asynchttpclient.netty.handler.HttpHandler - 

Request DefaultFullHttpRequest(decodeResult: success, version: HTTP/1.1, content: EmptyByteBufBE)
GET /session/615c16a09a955dd50bb7a65e91c9f994/url HTTP/1.1
User-Agent: selenium/4.8.1 (java windows)
Cache-Control: no-cache
Content-Type: application/json; charset=utf-8
host: localhost:32266
accept: */*

Response DefaultHttpResponse(decodeResult: success, version: HTTP/1.1)
HTTP/1.1 200 OK
Content-Length: 41
Content-Type: application/json; charset=utf-8
cache-control: no-cache

18:43:41.276 [AsyncHttpClient-1-17] DEBUG org.asynchttpclient.netty.channel.ChannelManager - Adding key: http://localhost:32266 for channel [id: 0xf391ef5e, L:/127.0.0.1:64765 - R:localhost/127.0.0.1:32266]
18:43:41.278 [main] DEBUG net.thucydides.core.steps.StepInterceptor - STARTING STEP: RegisterNegSteps.onTheNonAccountHomePage - validateOnNonAccountHomePage
18:43:41.279 [Forwarding findElement on session 615c16a09a955dd50bb7a65e91c9f994 to remote] DEBUG org.asynchttpclient.netty.request.NettyRequestSender - Using pooled Channel '[id: 0xf391ef5e, L:/127.0.0.1:64765 - R:localhost/127.0.0.1:32266]' for 'POST' to 'http://localhost:32266/session/615c16a09a955dd50bb7a65e91c9f994/element'
18:43:41.279 [Forwarding findElement on session 615c16a09a955dd50bb7a65e91c9f994 to remote] DEBUG org.asynchttpclient.netty.request.NettyRequestSender - Using open Channel [id: 0xf391ef5e, L:/127.0.0.1:64765 - R:localhost/127.0.0.1:32266] for POST '/session/615c16a09a955dd50bb7a65e91c9f994/element'
18:43:41.291 [AsyncHttpClient-1-17] DEBUG org.asynchttpclient.netty.handler.HttpHandler - 

Request DefaultHttpRequest(decodeResult: success, version: HTTP/1.1)
POST /session/615c16a09a955dd50bb7a65e91c9f994/element HTTP/1.1
User-Agent: selenium/4.8.1 (java windows)
Content-Length: 168
Content-Type: application/json; charset=utf-8
host: localhost:32266
accept: */*

Response DefaultHttpResponse(decodeResult: success, version: HTTP/1.1)
HTTP/1.1 200 OK
Content-Length: 88
Content-Type: application/json; charset=utf-8
cache-control: no-cache

18:43:41.291 [AsyncHttpClient-1-17] DEBUG org.asynchttpclient.netty.channel.ChannelManager - Adding key: http://localhost:32266 for channel [id: 0xf391ef5e, L:/127.0.0.1:64765 - R:localhost/127.0.0.1:32266]
18:43:41.293 [Forwarding isElementDisplayed on session 615c16a09a955dd50bb7a65e91c9f994 to remote] DEBUG org.asynchttpclient.netty.request.NettyRequestSender - Using pooled Channel '[id: 0xf391ef5e, L:/127.0.0.1:64765 - R:localhost/127.0.0.1:32266]' for 'POST' to 'http://localhost:32266/session/615c16a09a955dd50bb7a65e91c9f994/execute/sync'
18:43:41.293 [Forwarding isElementDisplayed on session 615c16a09a955dd50bb7a65e91c9f994 to remote] DEBUG org.asynchttpclient.netty.request.NettyRequestSender - Using open Channel [id: 0xf391ef5e, L:/127.0.0.1:64765 - R:localhost/127.0.0.1:32266] for POST '/session/615c16a09a955dd50bb7a65e91c9f994/execute/sync'
18:43:41.303 [AsyncHttpClient-1-17] DEBUG org.asynchttpclient.netty.handler.HttpHandler - 

Request DefaultHttpRequest(decodeResult: success, version: HTTP/1.1)
POST /session/615c16a09a955dd50bb7a65e91c9f994/execute/sync HTTP/1.1
User-Agent: selenium/4.8.1 (java windows)
Content-Length: 48807
Content-Type: application/json; charset=utf-8
host: localhost:32266
accept: */*

Response DefaultHttpResponse(decodeResult: success, version: HTTP/1.1)
HTTP/1.1 200 OK
Content-Length: 14
Content-Type: application/json; charset=utf-8
cache-control: no-cache

18:43:41.303 [AsyncHttpClient-1-17] DEBUG org.asynchttpclient.netty.channel.ChannelManager - Adding key: http://localhost:32266 for channel [id: 0xf391ef5e, L:/127.0.0.1:64765 - R:localhost/127.0.0.1:32266]
18:43:41.305 [main] DEBUG net.thucydides.core.steps.StepInterceptor - STEP DONE: validateOnNonAccountHomePage
  &amp#27;[32mGiven &amp#27;[0m&amp#27;[32mI am on the non-account homepage&amp#27;[0m                   &amp#27;[90m# starter.stepDefinition.RegisterNegSteps.onTheNonAccountHomePage()&amp#27;[0m
18:43:41.309 [Forwarding getPageSource on session 615c16a09a955dd50bb7a65e91c9f994 to remote] DEBUG org.asynchttpclient.netty.request.NettyRequestSender - Using pooled Channel '[id: 0xf391ef5e, L:/127.0.0.1:64765 - R:localhost/127.0.0.1:32266]' for 'POST' to 'http://localhost:32266/session/615c16a09a955dd50bb7a65e91c9f994/execute/sync'
18:43:41.309 [Forwarding getPageSource on session 615c16a09a955dd50bb7a65e91c9f994 to remote] DEBUG org.asynchttpclient.netty.request.NettyRequestSender - Using open Channel [id: 0xf391ef5e, L:/127.0.0.1:64765 - R:localhost/127.0.0.1:32266] for POST '/session/615c16a09a955dd50bb7a65e91c9f994/execute/sync'
18:43:41.315 [AsyncHttpClient-1-17] DEBUG org.asynchttpclient.netty.handler.HttpHandler - 

Request DefaultHttpRequest(decodeResult: success, version: HTTP/1.1)
POST /session/615c16a09a955dd50bb7a65e91c9f994/execute/sync HTTP/1.1
User-Agent: selenium/4.8.1 (java windows)
Content-Length: 176
Content-Type: application/json; charset=utf-8
host: localhost:32266
accept: */*

Response DefaultHttpResponse(decodeResult: success, version: HTTP/1.1)
HTTP/1.1 200 OK
Content-Length: 28534
Content-Type: application/json; charset=utf-8
cache-control: no-cache

18:43:41.316 [AsyncHttpClient-1-17] DEBUG org.asynchttpclient.netty.channel.ChannelManager - Adding key: http://localhost:32266 for channel [id: 0xf391ef5e, L:/127.0.0.1:64765 - R:localhost/127.0.0.1:32266]
18:43:41.317 [Forwarding getCurrentUrl on session 615c16a09a955dd50bb7a65e91c9f994 to remote] DEBUG org.asynchttpclient.netty.request.NettyRequestSender - Using pooled Channel '[id: 0xf391ef5e, L:/127.0.0.1:64765 - R:localhost/127.0.0.1:32266]' for 'GET' to 'http://localhost:32266/session/615c16a09a955dd50bb7a65e91c9f994/url'
18:43:41.317 [Forwarding getCurrentUrl on session 615c16a09a955dd50bb7a65e91c9f994 to remote] DEBUG org.asynchttpclient.netty.request.NettyRequestSender - Using open Channel [id: 0xf391ef5e, L:/127.0.0.1:64765 - R:localhost/127.0.0.1:32266] for GET '/session/615c16a09a955dd50bb7a65e91c9f994/url'
18:43:41.319 [AsyncHttpClient-1-17] DEBUG org.asynchttpclient.netty.handler.HttpHandler - 

Request DefaultFullHttpRequest(decodeResult: success, version: HTTP/1.1, content: EmptyByteBufBE)
GET /session/615c16a09a955dd50bb7a65e91c9f994/url HTTP/1.1
User-Agent: selenium/4.8.1 (java windows)
Cache-Control: no-cache
Content-Type: application/json; charset=utf-8
host: localhost:32266
accept: */*

Response DefaultHttpResponse(decodeResult: success, version: HTTP/1.1)
HTTP/1.1 200 OK
Content-Length: 41
Content-Type: application/json; charset=utf-8
cache-control: no-cache

18:43:41.319 [AsyncHttpClient-1-17] DEBUG org.asynchttpclient.netty.channel.ChannelManager - Adding key: http://localhost:32266 for channel [id: 0xf391ef5e, L:/127.0.0.1:64765 - R:localhost/127.0.0.1:32266]
18:43:41.328 [Forwarding getAlertText on session 615c16a09a955dd50bb7a65e91c9f994 to remote] DEBUG org.asynchttpclient.netty.request.NettyRequestSender - Using pooled Channel '[id: 0xf391ef5e, L:/127.0.0.1:64765 - R:localhost/127.0.0.1:32266]' for 'GET' to 'http://localhost:32266/session/615c16a09a955dd50bb7a65e91c9f994/alert/text'
18:43:41.328 [Forwarding getAlertText on session 615c16a09a955dd50bb7a65e91c9f994 to remote] DEBUG org.asynchttpclient.netty.request.NettyRequestSender - Using open Channel [id: 0xf391ef5e, L:/127.0.0.1:64765 - R:localhost/127.0.0.1:32266] for GET '/session/615c16a09a955dd50bb7a65e91c9f994/alert/text'
18:43:41.329 [AsyncHttpClient-1-17] DEBUG org.asynchttpclient.netty.handler.HttpHandler - 

Request DefaultFullHttpRequest(decodeResult: success, version: HTTP/1.1, content: EmptyByteBufBE)
GET /session/615c16a09a955dd50bb7a65e91c9f994/alert/text HTTP/1.1
User-Agent: selenium/4.8.1 (java windows)
Cache-Control: no-cache
Content-Type: application/json; charset=utf-8
host: localhost:32266
accept: */*

Response DefaultHttpResponse(decodeResult: success, version: HTTP/1.1)
HTTP/1.1 404 Not Found
Content-Length: 821
Content-Type: application/json; charset=utf-8
cache-control: no-cache

18:43:41.329 [AsyncHttpClient-1-17] DEBUG org.asynchttpclient.netty.channel.ChannelManager - Adding key: http://localhost:32266 for channel [id: 0xf391ef5e, L:/127.0.0.1:64765 - R:localhost/127.0.0.1:32266]
18:43:41.330 [Forwarding getCurrentUrl on session 615c16a09a955dd50bb7a65e91c9f994 to remote] DEBUG org.asynchttpclient.netty.request.NettyRequestSender - Using pooled Channel '[id: 0xf391ef5e, L:/127.0.0.1:64765 - R:localhost/127.0.0.1:32266]' for 'GET' to 'http://localhost:32266/session/615c16a09a955dd50bb7a65e91c9f994/url'
18:43:41.330 [Forwarding getCurrentUrl on session 615c16a09a955dd50bb7a65e91c9f994 to remote] DEBUG org.asynchttpclient.netty.request.NettyRequestSender - Using open Channel [id: 0xf391ef5e, L:/127.0.0.1:64765 - R:localhost/127.0.0.1:32266] for GET '/session/615c16a09a955dd50bb7a65e91c9f994/url'
18:43:41.333 [AsyncHttpClient-1-17] DEBUG org.asynchttpclient.netty.handler.HttpHandler - 

Request DefaultFullHttpRequest(decodeResult: success, version: HTTP/1.1, content: EmptyByteBufBE)
GET /session/615c16a09a955dd50bb7a65e91c9f994/url HTTP/1.1
User-Agent: selenium/4.8.1 (java windows)
Cache-Control: no-cache
Content-Type: application/json; charset=utf-8
host: localhost:32266
accept: */*

Response DefaultHttpResponse(decodeResult: success, version: HTTP/1.1)
HTTP/1.1 200 OK
Content-Length: 41
Content-Type: application/json; charset=utf-8
cache-control: no-cache

18:43:41.333 [AsyncHttpClient-1-17] DEBUG org.asynchttpclient.netty.channel.ChannelManager - Adding key: http://localhost:32266 for channel [id: 0xf391ef5e, L:/127.0.0.1:64765 - R:localhost/127.0.0.1:32266]
18:43:41.333 [Forwarding screenshot on session 615c16a09a955dd50bb7a65e91c9f994 to remote] DEBUG org.asynchttpclient.netty.request.NettyRequestSender - Using pooled Channel '[id: 0xf391ef5e, L:/127.0.0.1:64765 - R:localhost/127.0.0.1:32266]' for 'GET' to 'http://localhost:32266/session/615c16a09a955dd50bb7a65e91c9f994/screenshot'
18:43:41.333 [Forwarding screenshot on session 615c16a09a955dd50bb7a65e91c9f994 to remote] DEBUG org.asynchttpclient.netty.request.NettyRequestSender - Using open Channel [id: 0xf391ef5e, L:/127.0.0.1:64765 - R:localhost/127.0.0.1:32266] for GET '/session/615c16a09a955dd50bb7a65e91c9f994/screenshot'
18:43:41.788 [AsyncHttpClient-1-1] DEBUG org.asynchttpclient.netty.channel.DefaultChannelPool - Entry count for : http://localhost:64766 : 1
18:43:42.667 [AsyncHttpClient-1-17] DEBUG org.asynchttpclient.netty.handler.HttpHandler - 

Request DefaultFullHttpRequest(decodeResult: success, version: HTTP/1.1, content: EmptyByteBufBE)
GET /session/615c16a09a955dd50bb7a65e91c9f994/screenshot HTTP/1.1
User-Agent: selenium/4.8.1 (java windows)
Cache-Control: no-cache
Content-Type: application/json; charset=utf-8
host: localhost:32266
accept: */*

Response DefaultHttpResponse(decodeResult: success, version: HTTP/1.1)
HTTP/1.1 200 OK
Content-Length: 25448
Content-Type: application/json; charset=utf-8
cache-control: no-cache

18:43:42.668 [AsyncHttpClient-1-17] DEBUG org.asynchttpclient.netty.channel.ChannelManager - Adding key: http://localhost:32266 for channel [id: 0xf391ef5e, L:/127.0.0.1:64765 - R:localhost/127.0.0.1:32266]
18:43:42.669 [main] DEBUG net.serenitybdd.core.photography.Darkroom - Send negative for processing for target\site\serenity\b5dbefae1eb5971bab8c3b79639dd022bed10641e130f8f6b3d1a880f68d09ef.png
18:43:42.669 [Darkroom Processing Line] DEBUG net.serenitybdd.core.photography.DarkroomProcessingLine - Processing screenshot image in /var/screenshots/screenshot-5411921033584316102
18:43:42.669 [Darkroom Processing Line] DEBUG net.serenitybdd.core.photography.DarkroomProcessingLine - Saving screenshot to target\site\serenity\b5dbefae1eb5971bab8c3b79639dd022bed10641e130f8f6b3d1a880f68d09ef.png
18:43:42.670 [Forwarding getPageSource on session 615c16a09a955dd50bb7a65e91c9f994 to remote] DEBUG org.asynchttpclient.netty.request.NettyRequestSender - Using pooled Channel '[id: 0xf391ef5e, L:/127.0.0.1:64765 - R:localhost/127.0.0.1:32266]' for 'POST' to 'http://localhost:32266/session/615c16a09a955dd50bb7a65e91c9f994/execute/sync'
18:43:42.670 [Forwarding getPageSource on session 615c16a09a955dd50bb7a65e91c9f994 to remote] DEBUG org.asynchttpclient.netty.request.NettyRequestSender - Using open Channel [id: 0xf391ef5e, L:/127.0.0.1:64765 - R:localhost/127.0.0.1:32266] for POST '/session/615c16a09a955dd50bb7a65e91c9f994/execute/sync'
18:43:42.707 [AsyncHttpClient-1-17] DEBUG org.asynchttpclient.netty.handler.HttpHandler - 

Request DefaultHttpRequest(decodeResult: success, version: HTTP/1.1)
POST /session/615c16a09a955dd50bb7a65e91c9f994/execute/sync HTTP/1.1
User-Agent: selenium/4.8.1 (java windows)
Content-Length: 176
Content-Type: application/json; charset=utf-8
host: localhost:32266
accept: */*

Response DefaultHttpResponse(decodeResult: success, version: HTTP/1.1)
HTTP/1.1 200 OK
Content-Length: 904358
Content-Type: application/json; charset=utf-8
cache-control: no-cache

18:43:42.709 [AsyncHttpClient-1-17] DEBUG org.asynchttpclient.netty.channel.ChannelManager - Adding key: http://localhost:32266 for channel [id: 0xf391ef5e, L:/127.0.0.1:64765 - R:localhost/127.0.0.1:32266]
18:43:42.758 [Forwarding getCurrentUrl on session 615c16a09a955dd50bb7a65e91c9f994 to remote] DEBUG org.asynchttpclient.netty.request.NettyRequestSender - Using pooled Channel '[id: 0xf391ef5e, L:/127.0.0.1:64765 - R:localhost/127.0.0.1:32266]' for 'GET' to 'http://localhost:32266/session/615c16a09a955dd50bb7a65e91c9f994/url'
18:43:42.758 [Forwarding getCurrentUrl on session 615c16a09a955dd50bb7a65e91c9f994 to remote] DEBUG org.asynchttpclient.netty.request.NettyRequestSender - Using open Channel [id: 0xf391ef5e, L:/127.0.0.1:64765 - R:localhost/127.0.0.1:32266] for GET '/session/615c16a09a955dd50bb7a65e91c9f994/url'
18:43:42.760 [AsyncHttpClient-1-17] DEBUG org.asynchttpclient.netty.handler.HttpHandler - 

Request DefaultFullHttpRequest(decodeResult: success, version: HTTP/1.1, content: EmptyByteBufBE)
GET /session/615c16a09a955dd50bb7a65e91c9f994/url HTTP/1.1
User-Agent: selenium/4.8.1 (java windows)
Cache-Control: no-cache
Content-Type: application/json; charset=utf-8
host: localhost:32266
accept: */*

Response DefaultHttpResponse(decodeResult: success, version: HTTP/1.1)
HTTP/1.1 200 OK
Content-Length: 41
Content-Type: application/json; charset=utf-8
cache-control: no-cache

18:43:42.761 [AsyncHttpClient-1-17] DEBUG org.asynchttpclient.netty.channel.ChannelManager - Adding key: http://localhost:32266 for channel [id: 0xf391ef5e, L:/127.0.0.1:64765 - R:localhost/127.0.0.1:32266]
18:43:42.765 [main] DEBUG net.thucydides.core.steps.StepInterceptor - STARTING STEP: RegisterNegSteps.RegisterNeg1 - RegisterNeg1
18:43:42.766 [Forwarding findElement on session 615c16a09a955dd50bb7a65e91c9f994 to remote] DEBUG org.asynchttpclient.netty.request.NettyRequestSender - Using pooled Channel '[id: 0xf391ef5e, L:/127.0.0.1:64765 - R:localhost/127.0.0.1:32266]' for 'POST' to 'http://localhost:32266/session/615c16a09a955dd50bb7a65e91c9f994/element'
18:43:42.766 [Forwarding findElement on session 615c16a09a955dd50bb7a65e91c9f994 to remote] DEBUG org.asynchttpclient.netty.request.NettyRequestSender - Using open Channel [id: 0xf391ef5e, L:/127.0.0.1:64765 - R:localhost/127.0.0.1:32266] for POST '/session/615c16a09a955dd50bb7a65e91c9f994/element'
18:43:42.779 [AsyncHttpClient-1-17] DEBUG org.asynchttpclient.netty.handler.HttpHandler - 

Request DefaultHttpRequest(decodeResult: success, version: HTTP/1.1)
POST /session/615c16a09a955dd50bb7a65e91c9f994/element HTTP/1.1
User-Agent: selenium/4.8.1 (java windows)
Content-Length: 168
Content-Type: application/json; charset=utf-8
host: localhost:32266
accept: */*

Response DefaultHttpResponse(decodeResult: success, version: HTTP/1.1)
HTTP/1.1 200 OK
Content-Length: 88
Content-Type: application/json; charset=utf-8
cache-control: no-cache

18:43:42.779 [AsyncHttpClient-1-17] DEBUG org.asynchttpclient.netty.channel.ChannelManager - Adding key: http://localhost:32266 for channel [id: 0xf391ef5e, L:/127.0.0.1:64765 - R:localhost/127.0.0.1:32266]
18:43:42.780 [Forwarding getElementTagName on session 615c16a09a955dd50bb7a65e91c9f994 to remote] DEBUG org.asynchttpclient.netty.request.NettyRequestSender - Using pooled Channel '[id: 0xf391ef5e, L:/127.0.0.1:64765 - R:localhost/127.0.0.1:32266]' for 'GET' to 'http://localhost:32266/session/615c16a09a955dd50bb7a65e91c9f994/element/fc653c67-77c5-40ad-ac0f-e0eb45fa76fc/name'
18:43:42.780 [Forwarding getElementTagName on session 615c16a09a955dd50bb7a65e91c9f994 to remote] DEBUG org.asynchttpclient.netty.request.NettyRequestSender - Using open Channel [id: 0xf391ef5e, L:/127.0.0.1:64765 - R:localhost/127.0.0.1:32266] for GET '/session/615c16a09a955dd50bb7a65e91c9f994/element/fc653c67-77c5-40ad-ac0f-e0eb45fa76fc/name'
18:43:42.783 [AsyncHttpClient-1-17] DEBUG org.asynchttpclient.netty.handler.HttpHandler - 

Request DefaultFullHttpRequest(decodeResult: success, version: HTTP/1.1, content: EmptyByteBufBE)
GET /session/615c16a09a955dd50bb7a65e91c9f994/element/fc653c67-77c5-40ad-ac0f-e0eb45fa76fc/name HTTP/1.1
User-Agent: selenium/4.8.1 (java windows)
Cache-Control: no-cache
Content-Type: application/json; charset=utf-8
host: localhost:32266
accept: */*

Response DefaultHttpResponse(decodeResult: success, version: HTTP/1.1)
HTTP/1.1 200 OK
Content-Length: 13
Content-Type: application/json; charset=utf-8
cache-control: no-cache

18:43:42.783 [AsyncHttpClient-1-17] DEBUG org.asynchttpclient.netty.channel.ChannelManager - Adding key: http://localhost:32266 for channel [id: 0xf391ef5e, L:/127.0.0.1:64765 - R:localhost/127.0.0.1:32266]
18:43:42.784 [Forwarding getElementTagName on session 615c16a09a955dd50bb7a65e91c9f994 to remote] DEBUG org.asynchttpclient.netty.request.NettyRequestSender - Using pooled Channel '[id: 0xf391ef5e, L:/127.0.0.1:64765 - R:localhost/127.0.0.1:32266]' for 'GET' to 'http://localhost:32266/session/615c16a09a955dd50bb7a65e91c9f994/element/fc653c67-77c5-40ad-ac0f-e0eb45fa76fc/name'
18:43:42.784 [Forwarding getElementTagName on session 615c16a09a955dd50bb7a65e91c9f994 to remote] DEBUG org.asynchttpclient.netty.request.NettyRequestSender - Using open Channel [id: 0xf391ef5e, L:/127.0.0.1:64765 - R:localhost/127.0.0.1:32266] for GET '/session/615c16a09a955dd50bb7a65e91c9f994/element/fc653c67-77c5-40ad-ac0f-e0eb45fa76fc/name'
18:43:42.787 [AsyncHttpClient-1-17] DEBUG org.asynchttpclient.netty.handler.HttpHandler - 

Request DefaultFullHttpRequest(decodeResult: success, version: HTTP/1.1, content: EmptyByteBufBE)
GET /session/615c16a09a955dd50bb7a65e91c9f994/element/fc653c67-77c5-40ad-ac0f-e0eb45fa76fc/name HTTP/1.1
User-Agent: selenium/4.8.1 (java windows)
Cache-Control: no-cache
Content-Type: application/json; charset=utf-8
host: localhost:32266
accept: */*

Response DefaultHttpResponse(decodeResult: success, version: HTTP/1.1)
HTTP/1.1 200 OK
Content-Length: 13
Content-Type: application/json; charset=utf-8
cache-control: no-cache

18:43:42.787 [AsyncHttpClient-1-17] DEBUG org.asynchttpclient.netty.channel.ChannelManager - Adding key: http://localhost:32266 for channel [id: 0xf391ef5e, L:/127.0.0.1:64765 - R:localhost/127.0.0.1:32266]
18:43:42.788 [Forwarding findElement on session 615c16a09a955dd50bb7a65e91c9f994 to remote] DEBUG org.asynchttpclient.netty.request.NettyRequestSender - Using pooled Channel '[id: 0xf391ef5e, L:/127.0.0.1:64765 - R:localhost/127.0.0.1:32266]' for 'POST' to 'http://localhost:32266/session/615c16a09a955dd50bb7a65e91c9f994/element'
18:43:42.788 [Forwarding findElement on session 615c16a09a955dd50bb7a65e91c9f994 to remote] DEBUG org.asynchttpclient.netty.request.NettyRequestSender - Using open Channel [id: 0xf391ef5e, L:/127.0.0.1:64765 - R:localhost/127.0.0.1:32266] for POST '/session/615c16a09a955dd50bb7a65e91c9f994/element'
18:43:42.803 [AsyncHttpClient-1-17] DEBUG org.asynchttpclient.netty.handler.HttpHandler - 

Request DefaultHttpRequest(decodeResult: success, version: HTTP/1.1)
POST /session/615c16a09a955dd50bb7a65e91c9f994/element HTTP/1.1
User-Agent: selenium/4.8.1 (java windows)
Content-Length: 168
Content-Type: application/json; charset=utf-8
host: localhost:32266
accept: */*

Response DefaultHttpResponse(decodeResult: success, version: HTTP/1.1)
HTTP/1.1 200 OK
Content-Length: 88
Content-Type: application/json; charset=utf-8
cache-control: no-cache

18:43:42.803 [AsyncHttpClient-1-17] DEBUG org.asynchttpclient.netty.channel.ChannelManager - Adding key: http://localhost:32266 for channel [id: 0xf391ef5e, L:/127.0.0.1:64765 - R:localhost/127.0.0.1:32266]
18:43:42.804 [Forwarding clickElement on session 615c16a09a955dd50bb7a65e91c9f994 to remote] DEBUG org.asynchttpclient.netty.request.NettyRequestSender - Using pooled Channel '[id: 0xf391ef5e, L:/127.0.0.1:64765 - R:localhost/127.0.0.1:32266]' for 'POST' to 'http://localhost:32266/session/615c16a09a955dd50bb7a65e91c9f994/element/fc653c67-77c5-40ad-ac0f-e0eb45fa76fc/click'
18:43:42.804 [Forwarding clickElement on session 615c16a09a955dd50bb7a65e91c9f994 to remote] DEBUG org.asynchttpclient.netty.request.NettyRequestSender - Using open Channel [id: 0xf391ef5e, L:/127.0.0.1:64765 - R:localhost/127.0.0.1:32266] for POST '/session/615c16a09a955dd50bb7a65e91c9f994/element/fc653c67-77c5-40ad-ac0f-e0eb45fa76fc/click'
18:43:42.840 [AsyncHttpClient-1-17] DEBUG org.asynchttpclient.netty.handler.HttpHandler - 

Request DefaultHttpRequest(decodeResult: success, version: HTTP/1.1)
POST /session/615c16a09a955dd50bb7a65e91c9f994/element/fc653c67-77c5-40ad-ac0f-e0eb45fa76fc/click HTTP/1.1
User-Agent: selenium/4.8.1 (java windows)
Content-Length: 50
Content-Type: application/json; charset=utf-8
host: localhost:32266
accept: */*

Response DefaultHttpResponse(decodeResult: success, version: HTTP/1.1)
HTTP/1.1 200 OK
Content-Length: 14
Content-Type: application/json; charset=utf-8
cache-control: no-cache

18:43:42.840 [AsyncHttpClient-1-17] DEBUG org.asynchttpclient.netty.channel.ChannelManager - Adding key: http://localhost:32266 for channel [id: 0xf391ef5e, L:/127.0.0.1:64765 - R:localhost/127.0.0.1:32266]
18:43:42.845 [Forwarding getAlertText on session 615c16a09a955dd50bb7a65e91c9f994 to remote] DEBUG org.asynchttpclient.netty.request.NettyRequestSender - Using pooled Channel '[id: 0xf391ef5e, L:/127.0.0.1:64765 - R:localhost/127.0.0.1:32266]' for 'GET' to 'http://localhost:32266/session/615c16a09a955dd50bb7a65e91c9f994/alert/text'
18:43:42.845 [Forwarding getAlertText on session 615c16a09a955dd50bb7a65e91c9f994 to remote] DEBUG org.asynchttpclient.netty.request.NettyRequestSender - Using open Channel [id: 0xf391ef5e, L:/127.0.0.1:64765 - R:localhost/127.0.0.1:32266] for GET '/session/615c16a09a955dd50bb7a65e91c9f994/alert/text'
18:43:42.892 [AsyncHttpClient-1-1] DEBUG org.asynchttpclient.netty.channel.DefaultChannelPool - Entry count for : http://localhost:64766 : 1
18:43:43.000 [AsyncHttpClient-1-17] DEBUG org.asynchttpclient.netty.handler.HttpHandler - 

Request DefaultFullHttpRequest(decodeResult: success, version: HTTP/1.1, content: EmptyByteBufBE)
GET /session/615c16a09a955dd50bb7a65e91c9f994/alert/text HTTP/1.1
User-Agent: selenium/4.8.1 (java windows)
Cache-Control: no-cache
Content-Type: application/json; charset=utf-8
host: localhost:32266
accept: */*

Response DefaultHttpResponse(decodeResult: success, version: HTTP/1.1)
HTTP/1.1 404 Not Found
Content-Length: 821
Content-Type: application/json; charset=utf-8
cache-control: no-cache

18:43:43.000 [AsyncHttpClient-1-17] DEBUG org.asynchttpclient.netty.channel.ChannelManager - Adding key: http://localhost:32266 for channel [id: 0xf391ef5e, L:/127.0.0.1:64765 - R:localhost/127.0.0.1:32266]
18:43:43.002 [Forwarding getCurrentUrl on session 615c16a09a955dd50bb7a65e91c9f994 to remote] DEBUG org.asynchttpclient.netty.request.NettyRequestSender - Using pooled Channel '[id: 0xf391ef5e, L:/127.0.0.1:64765 - R:localhost/127.0.0.1:32266]' for 'GET' to 'http://localhost:32266/session/615c16a09a955dd50bb7a65e91c9f994/url'
18:43:43.002 [Forwarding getCurrentUrl on session 615c16a09a955dd50bb7a65e91c9f994 to remote] DEBUG org.asynchttpclient.netty.request.NettyRequestSender - Using open Channel [id: 0xf391ef5e, L:/127.0.0.1:64765 - R:localhost/127.0.0.1:32266] for GET '/session/615c16a09a955dd50bb7a65e91c9f994/url'
18:43:43.005 [AsyncHttpClient-1-17] DEBUG org.asynchttpclient.netty.handler.HttpHandler - 

Request DefaultFullHttpRequest(decodeResult: success, version: HTTP/1.1, content: EmptyByteBufBE)
GET /session/615c16a09a955dd50bb7a65e91c9f994/url HTTP/1.1
User-Agent: selenium/4.8.1 (java windows)
Cache-Control: no-cache
Content-Type: application/json; charset=utf-8
host: localhost:32266
accept: */*

Response DefaultHttpResponse(decodeResult: success, version: HTTP/1.1)
HTTP/1.1 200 OK
Content-Length: 51
Content-Type: application/json; charset=utf-8
cache-control: no-cache

18:43:43.006 [AsyncHttpClient-1-17] DEBUG org.asynchttpclient.netty.channel.ChannelManager - Adding key: http://localhost:32266 for channel [id: 0xf391ef5e, L:/127.0.0.1:64765 - R:localhost/127.0.0.1:32266]
18:43:43.006 [Forwarding screenshot on session 615c16a09a955dd50bb7a65e91c9f994 to remote] DEBUG org.asynchttpclient.netty.request.NettyRequestSender - Using pooled Channel '[id: 0xf391ef5e, L:/127.0.0.1:64765 - R:localhost/127.0.0.1:32266]' for 'GET' to 'http://localhost:32266/session/615c16a09a955dd50bb7a65e91c9f994/screenshot'
18:43:43.006 [Forwarding screenshot on session 615c16a09a955dd50bb7a65e91c9f994 to remote] DEBUG org.asynchttpclient.netty.request.NettyRequestSender - Using open Channel [id: 0xf391ef5e, L:/127.0.0.1:64765 - R:localhost/127.0.0.1:32266] for GET '/session/615c16a09a955dd50bb7a65e91c9f994/screenshot'
18:43:43.154 [AsyncHttpClient-1-17] DEBUG org.asynchttpclient.netty.handler.HttpHandler - 

Request DefaultFullHttpRequest(decodeResult: success, version: HTTP/1.1, content: EmptyByteBufBE)
GET /session/615c16a09a955dd50bb7a65e91c9f994/screenshot HTTP/1.1
User-Agent: selenium/4.8.1 (java windows)
Cache-Control: no-cache
Content-Type: application/json; charset=utf-8
host: localhost:32266
accept: */*

Response DefaultHttpResponse(decodeResult: success, version: HTTP/1.1)
HTTP/1.1 200 OK
Content-Length: 33920
Content-Type: application/json; charset=utf-8
cache-control: no-cache

18:43:43.154 [AsyncHttpClient-1-17] DEBUG org.asynchttpclient.netty.channel.ChannelManager - Adding key: http://localhost:32266 for channel [id: 0xf391ef5e, L:/127.0.0.1:64765 - R:localhost/127.0.0.1:32266]
18:43:43.155 [main] DEBUG net.serenitybdd.core.photography.Darkroom - Send negative for processing for target\site\serenity\216f75d3da0a51789e521b3f10e355a6c2c00b191d68ca09918ea9f79cd0e8cf.png
18:43:43.155 [main] DEBUG net.thucydides.core.steps.StepInterceptor - STEP DONE: RegisterNeg1
  &amp#27;[32mWhen &amp#27;[0m&amp#27;[32mI click Login home icon&amp#27;[0m                             &amp#27;[90m# starter.stepDefinition.RegisterNegSteps.RegisterNeg1()&amp#27;[0m
18:43:43.164 [Forwarding getPageSource on session 615c16a09a955dd50bb7a65e91c9f994 to remote] DEBUG org.asynchttpclient.netty.request.NettyRequestSender - Using pooled Channel '[id: 0xf391ef5e, L:/127.0.0.1:64765 - R:localhost/127.0.0.1:32266]' for 'POST' to 'http://localhost:32266/session/615c16a09a955dd50bb7a65e91c9f994/execute/sync'
18:43:43.164 [Forwarding getPageSource on session 615c16a09a955dd50bb7a65e91c9f994 to remote] DEBUG org.asynchttpclient.netty.request.NettyRequestSender - Using open Channel [id: 0xf391ef5e, L:/127.0.0.1:64765 - R:localhost/127.0.0.1:32266] for POST '/session/615c16a09a955dd50bb7a65e91c9f994/execute/sync'
18:43:43.167 [AsyncHttpClient-1-17] DEBUG org.asynchttpclient.netty.handler.HttpHandler - 

Request DefaultHttpRequest(decodeResult: success, version: HTTP/1.1)
POST /session/615c16a09a955dd50bb7a65e91c9f994/execute/sync HTTP/1.1
User-Agent: selenium/4.8.1 (java windows)
Content-Length: 176
Content-Type: application/json; charset=utf-8
host: localhost:32266
accept: */*

Response DefaultHttpResponse(decodeResult: success, version: HTTP/1.1)
HTTP/1.1 200 OK
Content-Length: 21996
Content-Type: application/json; charset=utf-8
cache-control: no-cache

18:43:43.167 [AsyncHttpClient-1-17] DEBUG org.asynchttpclient.netty.channel.ChannelManager - Adding key: http://localhost:32266 for channel [id: 0xf391ef5e, L:/127.0.0.1:64765 - R:localhost/127.0.0.1:32266]
18:43:43.170 [Forwarding getCurrentUrl on session 615c16a09a955dd50bb7a65e91c9f994 to remote] DEBUG org.asynchttpclient.netty.request.NettyRequestSender - Using pooled Channel '[id: 0xf391ef5e, L:/127.0.0.1:64765 - R:localhost/127.0.0.1:32266]' for 'GET' to 'http://localhost:32266/session/615c16a09a955dd50bb7a65e91c9f994/url'
18:43:43.170 [Forwarding getCurrentUrl on session 615c16a09a955dd50bb7a65e91c9f994 to remote] DEBUG org.asynchttpclient.netty.request.NettyRequestSender - Using open Channel [id: 0xf391ef5e, L:/127.0.0.1:64765 - R:localhost/127.0.0.1:32266] for GET '/session/615c16a09a955dd50bb7a65e91c9f994/url'
18:43:43.171 [AsyncHttpClient-1-17] DEBUG org.asynchttpclient.netty.handler.HttpHandler - 

Request DefaultFullHttpRequest(decodeResult: success, version: HTTP/1.1, content: EmptyByteBufBE)
GET /session/615c16a09a955dd50bb7a65e91c9f994/url HTTP/1.1
User-Agent: selenium/4.8.1 (java windows)
Cache-Control: no-cache
Content-Type: application/json; charset=utf-8
host: localhost:32266
accept: */*

Response DefaultHttpResponse(decodeResult: success, version: HTTP/1.1)
HTTP/1.1 200 OK
Content-Length: 51
Content-Type: application/json; charset=utf-8
cache-control: no-cache

18:43:43.171 [AsyncHttpClient-1-17] DEBUG org.asynchttpclient.netty.channel.ChannelManager - Adding key: http://localhost:32266 for channel [id: 0xf391ef5e, L:/127.0.0.1:64765 - R:localhost/127.0.0.1:32266]
18:43:43.178 [Forwarding getPageSource on session 615c16a09a955dd50bb7a65e91c9f994 to remote] DEBUG org.asynchttpclient.netty.request.NettyRequestSender - Using pooled Channel '[id: 0xf391ef5e, L:/127.0.0.1:64765 - R:localhost/127.0.0.1:32266]' for 'POST' to 'http://localhost:32266/session/615c16a09a955dd50bb7a65e91c9f994/execute/sync'
18:43:43.178 [Forwarding getPageSource on session 615c16a09a955dd50bb7a65e91c9f994 to remote] DEBUG org.asynchttpclient.netty.request.NettyRequestSender - Using open Channel [id: 0xf391ef5e, L:/127.0.0.1:64765 - R:localhost/127.0.0.1:32266] for POST '/session/615c16a09a955dd50bb7a65e91c9f994/execute/sync'
18:43:43.181 [AsyncHttpClient-1-17] DEBUG org.asynchttpclient.netty.handler.HttpHandler - 

Request DefaultHttpRequest(decodeResult: success, version: HTTP/1.1)
POST /session/615c16a09a955dd50bb7a65e91c9f994/execute/sync HTTP/1.1
User-Agent: selenium/4.8.1 (java windows)
Content-Length: 176
Content-Type: application/json; charset=utf-8
host: localhost:32266
accept: */*

Response DefaultHttpResponse(decodeResult: success, version: HTTP/1.1)
HTTP/1.1 200 OK
Content-Length: 21996
Content-Type: application/json; charset=utf-8
cache-control: no-cache

18:43:43.181 [AsyncHttpClient-1-17] DEBUG org.asynchttpclient.netty.channel.ChannelManager - Adding key: http://localhost:32266 for channel [id: 0xf391ef5e, L:/127.0.0.1:64765 - R:localhost/127.0.0.1:32266]
18:43:43.183 [Forwarding getCurrentUrl on session 615c16a09a955dd50bb7a65e91c9f994 to remote] DEBUG org.asynchttpclient.netty.request.NettyRequestSender - Using pooled Channel '[id: 0xf391ef5e, L:/127.0.0.1:64765 - R:localhost/127.0.0.1:32266]' for 'GET' to 'http://localhost:32266/session/615c16a09a955dd50bb7a65e91c9f994/url'
18:43:43.183 [Forwarding getCurrentUrl on session 615c16a09a955dd50bb7a65e91c9f994 to remote] DEBUG org.asynchttpclient.netty.request.NettyRequestSender - Using open Channel [id: 0xf391ef5e, L:/127.0.0.1:64765 - R:localhost/127.0.0.1:32266] for GET '/session/615c16a09a955dd50bb7a65e91c9f994/url'
18:43:43.185 [AsyncHttpClient-1-17] DEBUG org.asynchttpclient.netty.handler.HttpHandler - 

Request DefaultFullHttpRequest(decodeResult: success, version: HTTP/1.1, content: EmptyByteBufBE)
GET /session/615c16a09a955dd50bb7a65e91c9f994/url HTTP/1.1
User-Agent: selenium/4.8.1 (java windows)
Cache-Control: no-cache
Content-Type: application/json; charset=utf-8
host: localhost:32266
accept: */*

Response DefaultHttpResponse(decodeResult: success, version: HTTP/1.1)
HTTP/1.1 200 OK
Content-Length: 51
Content-Type: application/json; charset=utf-8
cache-control: no-cache

18:43:43.185 [AsyncHttpClient-1-17] DEBUG org.asynchttpclient.netty.channel.ChannelManager - Adding key: http://localhost:32266 for channel [id: 0xf391ef5e, L:/127.0.0.1:64765 - R:localhost/127.0.0.1:32266]
18:43:43.187 [main] DEBUG net.thucydides.core.steps.StepInterceptor - STARTING STEP: RegisterNegSteps.RegisterNeg2 - RegisterNeg2
18:43:43.190 [Forwarding findElement on session 615c16a09a955dd50bb7a65e91c9f994 to remote] DEBUG org.asynchttpclient.netty.request.NettyRequestSender - Using pooled Channel '[id: 0xf391ef5e, L:/127.0.0.1:64765 - R:localhost/127.0.0.1:32266]' for 'POST' to 'http://localhost:32266/session/615c16a09a955dd50bb7a65e91c9f994/element'
18:43:43.190 [Forwarding findElement on session 615c16a09a955dd50bb7a65e91c9f994 to remote] DEBUG org.asynchttpclient.netty.request.NettyRequestSender - Using open Channel [id: 0xf391ef5e, L:/127.0.0.1:64765 - R:localhost/127.0.0.1:32266] for POST '/session/615c16a09a955dd50bb7a65e91c9f994/element'
18:43:43.197 [AsyncHttpClient-1-17] DEBUG org.asynchttpclient.netty.handler.HttpHandler - 

Request DefaultHttpRequest(decodeResult: success, version: HTTP/1.1)
POST /session/615c16a09a955dd50bb7a65e91c9f994/element HTTP/1.1
User-Agent: selenium/4.8.1 (java windows)
Content-Length: 137
Content-Type: application/json; charset=utf-8
host: localhost:32266
accept: */*

Response DefaultHttpResponse(decodeResult: success, version: HTTP/1.1)
HTTP/1.1 200 OK
Content-Length: 88
Content-Type: application/json; charset=utf-8
cache-control: no-cache

18:43:43.197 [AsyncHttpClient-1-17] DEBUG org.asynchttpclient.netty.channel.ChannelManager - Adding key: http://localhost:32266 for channel [id: 0xf391ef5e, L:/127.0.0.1:64765 - R:localhost/127.0.0.1:32266]
18:43:43.198 [Forwarding getElementTagName on session 615c16a09a955dd50bb7a65e91c9f994 to remote] DEBUG org.asynchttpclient.netty.request.NettyRequestSender - Using pooled Channel '[id: 0xf391ef5e, L:/127.0.0.1:64765 - R:localhost/127.0.0.1:32266]' for 'GET' to 'http://localhost:32266/session/615c16a09a955dd50bb7a65e91c9f994/element/262816a9-69d8-4540-9d49-7f5048f31a56/name'
18:43:43.198 [Forwarding getElementTagName on session 615c16a09a955dd50bb7a65e91c9f994 to remote] DEBUG org.asynchttpclient.netty.request.NettyRequestSender - Using open Channel [id: 0xf391ef5e, L:/127.0.0.1:64765 - R:localhost/127.0.0.1:32266] for GET '/session/615c16a09a955dd50bb7a65e91c9f994/element/262816a9-69d8-4540-9d49-7f5048f31a56/name'
18:43:43.199 [AsyncHttpClient-1-17] DEBUG org.asynchttpclient.netty.handler.HttpHandler - 

Request DefaultFullHttpRequest(decodeResult: success, version: HTTP/1.1, content: EmptyByteBufBE)
GET /session/615c16a09a955dd50bb7a65e91c9f994/element/262816a9-69d8-4540-9d49-7f5048f31a56/name HTTP/1.1
User-Agent: selenium/4.8.1 (java windows)
Cache-Control: no-cache
Content-Type: application/json; charset=utf-8
host: localhost:32266
accept: */*

Response DefaultHttpResponse(decodeResult: success, version: HTTP/1.1)
HTTP/1.1 200 OK
Content-Length: 13
Content-Type: application/json; charset=utf-8
cache-control: no-cache

18:43:43.199 [AsyncHttpClient-1-17] DEBUG org.asynchttpclient.netty.channel.ChannelManager - Adding key: http://localhost:32266 for channel [id: 0xf391ef5e, L:/127.0.0.1:64765 - R:localhost/127.0.0.1:32266]
18:43:43.201 [Forwarding getElementTagName on session 615c16a09a955dd50bb7a65e91c9f994 to remote] DEBUG org.asynchttpclient.netty.request.NettyRequestSender - Using pooled Channel '[id: 0xf391ef5e, L:/127.0.0.1:64765 - R:localhost/127.0.0.1:32266]' for 'GET' to 'http://localhost:32266/session/615c16a09a955dd50bb7a65e91c9f994/element/262816a9-69d8-4540-9d49-7f5048f31a56/name'
18:43:43.201 [Forwarding getElementTagName on session 615c16a09a955dd50bb7a65e91c9f994 to remote] DEBUG org.asynchttpclient.netty.request.NettyRequestSender - Using open Channel [id: 0xf391ef5e, L:/127.0.0.1:64765 - R:localhost/127.0.0.1:32266] for GET '/session/615c16a09a955dd50bb7a65e91c9f994/element/262816a9-69d8-4540-9d49-7f5048f31a56/name'
18:43:43.205 [AsyncHttpClient-1-17] DEBUG org.asynchttpclient.netty.handler.HttpHandler - 

Request DefaultFullHttpRequest(decodeResult: success, version: HTTP/1.1, content: EmptyByteBufBE)
GET /session/615c16a09a955dd50bb7a65e91c9f994/element/262816a9-69d8-4540-9d49-7f5048f31a56/name HTTP/1.1
User-Agent: selenium/4.8.1 (java windows)
Cache-Control: no-cache
Content-Type: application/json; charset=utf-8
host: localhost:32266
accept: */*

Response DefaultHttpResponse(decodeResult: success, version: HTTP/1.1)
HTTP/1.1 200 OK
Content-Length: 13
Content-Type: application/json; charset=utf-8
cache-control: no-cache

18:43:43.205 [AsyncHttpClient-1-17] DEBUG org.asynchttpclient.netty.channel.ChannelManager - Adding key: http://localhost:32266 for channel [id: 0xf391ef5e, L:/127.0.0.1:64765 - R:localhost/127.0.0.1:32266]
18:43:43.207 [Forwarding findElement on session 615c16a09a955dd50bb7a65e91c9f994 to remote] DEBUG org.asynchttpclient.netty.request.NettyRequestSender - Using pooled Channel '[id: 0xf391ef5e, L:/127.0.0.1:64765 - R:localhost/127.0.0.1:32266]' for 'POST' to 'http://localhost:32266/session/615c16a09a955dd50bb7a65e91c9f994/element'
18:43:43.207 [Forwarding findElement on session 615c16a09a955dd50bb7a65e91c9f994 to remote] DEBUG org.asynchttpclient.netty.request.NettyRequestSender - Using open Channel [id: 0xf391ef5e, L:/127.0.0.1:64765 - R:localhost/127.0.0.1:32266] for POST '/session/615c16a09a955dd50bb7a65e91c9f994/element'
18:43:43.211 [AsyncHttpClient-1-17] DEBUG org.asynchttpclient.netty.handler.HttpHandler - 

Request DefaultHttpRequest(decodeResult: success, version: HTTP/1.1)
POST /session/615c16a09a955dd50bb7a65e91c9f994/element HTTP/1.1
User-Agent: selenium/4.8.1 (java windows)
Content-Length: 137
Content-Type: application/json; charset=utf-8
host: localhost:32266
accept: */*

Response DefaultHttpResponse(decodeResult: success, version: HTTP/1.1)
HTTP/1.1 200 OK
Content-Length: 88
Content-Type: application/json; charset=utf-8
cache-control: no-cache

18:43:43.211 [AsyncHttpClient-1-17] DEBUG org.asynchttpclient.netty.channel.ChannelManager - Adding key: http://localhost:32266 for channel [id: 0xf391ef5e, L:/127.0.0.1:64765 - R:localhost/127.0.0.1:32266]
18:43:43.212 [Forwarding clickElement on session 615c16a09a955dd50bb7a65e91c9f994 to remote] DEBUG org.asynchttpclient.netty.request.NettyRequestSender - Using pooled Channel '[id: 0xf391ef5e, L:/127.0.0.1:64765 - R:localhost/127.0.0.1:32266]' for 'POST' to 'http://localhost:32266/session/615c16a09a955dd50bb7a65e91c9f994/element/262816a9-69d8-4540-9d49-7f5048f31a56/click'
18:43:43.212 [Forwarding clickElement on session 615c16a09a955dd50bb7a65e91c9f994 to remote] DEBUG org.asynchttpclient.netty.request.NettyRequestSender - Using open Channel [id: 0xf391ef5e, L:/127.0.0.1:64765 - R:localhost/127.0.0.1:32266] for POST '/session/615c16a09a955dd50bb7a65e91c9f994/element/262816a9-69d8-4540-9d49-7f5048f31a56/click'
18:43:43.242 [AsyncHttpClient-1-17] DEBUG org.asynchttpclient.netty.handler.HttpHandler - 

Request DefaultHttpRequest(decodeResult: success, version: HTTP/1.1)
POST /session/615c16a09a955dd50bb7a65e91c9f994/element/262816a9-69d8-4540-9d49-7f5048f31a56/click HTTP/1.1
User-Agent: selenium/4.8.1 (java windows)
Content-Length: 50
Content-Type: application/json; charset=utf-8
host: localhost:32266
accept: */*

Response DefaultHttpResponse(decodeResult: success, version: HTTP/1.1)
HTTP/1.1 200 OK
Content-Length: 14
Content-Type: application/json; charset=utf-8
cache-control: no-cache

18:43:43.242 [AsyncHttpClient-1-17] DEBUG org.asynchttpclient.netty.channel.ChannelManager - Adding key: http://localhost:32266 for channel [id: 0xf391ef5e, L:/127.0.0.1:64765 - R:localhost/127.0.0.1:32266]
18:43:43.245 [Forwarding getAlertText on session 615c16a09a955dd50bb7a65e91c9f994 to remote] DEBUG org.asynchttpclient.netty.request.NettyRequestSender - Using pooled Channel '[id: 0xf391ef5e, L:/127.0.0.1:64765 - R:localhost/127.0.0.1:32266]' for 'GET' to 'http://localhost:32266/session/615c16a09a955dd50bb7a65e91c9f994/alert/text'
18:43:43.246 [Forwarding getAlertText on session 615c16a09a955dd50bb7a65e91c9f994 to remote] DEBUG org.asynchttpclient.netty.request.NettyRequestSender - Using open Channel [id: 0xf391ef5e, L:/127.0.0.1:64765 - R:localhost/127.0.0.1:32266] for GET '/session/615c16a09a955dd50bb7a65e91c9f994/alert/text'
18:43:43.248 [AsyncHttpClient-1-17] DEBUG org.asynchttpclient.netty.handler.HttpHandler - 

Request DefaultFullHttpRequest(decodeResult: success, version: HTTP/1.1, content: EmptyByteBufBE)
GET /session/615c16a09a955dd50bb7a65e91c9f994/alert/text HTTP/1.1
User-Agent: selenium/4.8.1 (java windows)
Cache-Control: no-cache
Content-Type: application/json; charset=utf-8
host: localhost:32266
accept: */*

Response DefaultHttpResponse(decodeResult: success, version: HTTP/1.1)
HTTP/1.1 404 Not Found
Content-Length: 821
Content-Type: application/json; charset=utf-8
cache-control: no-cache

18:43:43.248 [AsyncHttpClient-1-17] DEBUG org.asynchttpclient.netty.channel.ChannelManager - Adding key: http://localhost:32266 for channel [id: 0xf391ef5e, L:/127.0.0.1:64765 - R:localhost/127.0.0.1:32266]
18:43:43.249 [Forwarding getCurrentUrl on session 615c16a09a955dd50bb7a65e91c9f994 to remote] DEBUG org.asynchttpclient.netty.request.NettyRequestSender - Using pooled Channel '[id: 0xf391ef5e, L:/127.0.0.1:64765 - R:localhost/127.0.0.1:32266]' for 'GET' to 'http://localhost:32266/session/615c16a09a955dd50bb7a65e91c9f994/url'
18:43:43.249 [Forwarding getCurrentUrl on session 615c16a09a955dd50bb7a65e91c9f994 to remote] DEBUG org.asynchttpclient.netty.request.NettyRequestSender - Using open Channel [id: 0xf391ef5e, L:/127.0.0.1:64765 - R:localhost/127.0.0.1:32266] for GET '/session/615c16a09a955dd50bb7a65e91c9f994/url'
18:43:43.253 [AsyncHttpClient-1-17] DEBUG org.asynchttpclient.netty.handler.HttpHandler - 

Request DefaultFullHttpRequest(decodeResult: success, version: HTTP/1.1, content: EmptyByteBufBE)
GET /session/615c16a09a955dd50bb7a65e91c9f994/url HTTP/1.1
User-Agent: selenium/4.8.1 (java windows)
Cache-Control: no-cache
Content-Type: application/json; charset=utf-8
host: localhost:32266
accept: */*

Response DefaultHttpResponse(decodeResult: success, version: HTTP/1.1)
HTTP/1.1 200 OK
Content-Length: 54
Content-Type: application/json; charset=utf-8
cache-control: no-cache

18:43:43.253 [AsyncHttpClient-1-17] DEBUG org.asynchttpclient.netty.channel.ChannelManager - Adding key: http://localhost:32266 for channel [id: 0xf391ef5e, L:/127.0.0.1:64765 - R:localhost/127.0.0.1:32266]
18:43:43.254 [Forwarding screenshot on session 615c16a09a955dd50bb7a65e91c9f994 to remote] DEBUG org.asynchttpclient.netty.request.NettyRequestSender - Using pooled Channel '[id: 0xf391ef5e, L:/127.0.0.1:64765 - R:localhost/127.0.0.1:32266]' for 'GET' to 'http://localhost:32266/session/615c16a09a955dd50bb7a65e91c9f994/screenshot'
18:43:43.254 [Forwarding screenshot on session 615c16a09a955dd50bb7a65e91c9f994 to remote] DEBUG org.asynchttpclient.netty.request.NettyRequestSender - Using open Channel [id: 0xf391ef5e, L:/127.0.0.1:64765 - R:localhost/127.0.0.1:32266] for GET '/session/615c16a09a955dd50bb7a65e91c9f994/screenshot'
18:43:43.346 [AsyncHttpClient-1-17] DEBUG org.asynchttpclient.netty.handler.HttpHandler - 

Request DefaultFullHttpRequest(decodeResult: success, version: HTTP/1.1, content: EmptyByteBufBE)
GET /session/615c16a09a955dd50bb7a65e91c9f994/screenshot HTTP/1.1
User-Agent: selenium/4.8.1 (java windows)
Cache-Control: no-cache
Content-Type: application/json; charset=utf-8
host: localhost:32266
accept: */*

Response DefaultHttpResponse(decodeResult: success, version: HTTP/1.1)
HTTP/1.1 200 OK
Content-Length: 38840
Content-Type: application/json; charset=utf-8
cache-control: no-cache

18:43:43.347 [AsyncHttpClient-1-17] DEBUG org.asynchttpclient.netty.channel.ChannelManager - Adding key: http://localhost:32266 for channel [id: 0xf391ef5e, L:/127.0.0.1:64765 - R:localhost/127.0.0.1:32266]
18:43:43.349 [main] DEBUG net.serenitybdd.core.photography.Darkroom - Send negative for processing for target\site\serenity\bb61d69ffd2816827d25ecba08b2106c9e6afd5ee2fbe89cdd17fd5fda4587ca.png
18:43:43.349 [main] DEBUG net.thucydides.core.steps.StepInterceptor - STEP DONE: RegisterNeg2
18:43:43.350 [Darkroom Processing Line] DEBUG net.serenitybdd.core.photography.DarkroomProcessingLine - Processing screenshot image in /var/screenshots/screenshot-7266760613531679023
18:43:43.350 [Darkroom Processing Line] DEBUG net.serenitybdd.core.photography.DarkroomProcessingLine - Saving screenshot to target\site\serenity\bb61d69ffd2816827d25ecba08b2106c9e6afd5ee2fbe89cdd17fd5fda4587ca.png
  &amp#27;[32mAnd &amp#27;[0m&amp#27;[32mI click Register Link&amp#27;[0m                                &amp#27;[90m# starter.stepDefinition.RegisterNegSteps.RegisterNeg2()&amp#27;[0m
18:43:43.358 [Forwarding getPageSource on session 615c16a09a955dd50bb7a65e91c9f994 to remote] DEBUG org.asynchttpclient.netty.request.NettyRequestSender - Using pooled Channel '[id: 0xf391ef5e, L:/127.0.0.1:64765 - R:localhost/127.0.0.1:32266]' for 'POST' to 'http://localhost:32266/session/615c16a09a955dd50bb7a65e91c9f994/execute/sync'
18:43:43.358 [Forwarding getPageSource on session 615c16a09a955dd50bb7a65e91c9f994 to remote] DEBUG org.asynchttpclient.netty.request.NettyRequestSender - Using open Channel [id: 0xf391ef5e, L:/127.0.0.1:64765 - R:localhost/127.0.0.1:32266] for POST '/session/615c16a09a955dd50bb7a65e91c9f994/execute/sync'
18:43:43.362 [AsyncHttpClient-1-17] DEBUG org.asynchttpclient.netty.handler.HttpHandler - 

Request DefaultHttpRequest(decodeResult: success, version: HTTP/1.1)
POST /session/615c16a09a955dd50bb7a65e91c9f994/execute/sync HTTP/1.1
User-Agent: selenium/4.8.1 (java windows)
Content-Length: 176
Content-Type: application/json; charset=utf-8
host: localhost:32266
accept: */*

Response DefaultHttpResponse(decodeResult: success, version: HTTP/1.1)
HTTP/1.1 200 OK
Content-Length: 22655
Content-Type: application/json; charset=utf-8
cache-control: no-cache

18:43:43.362 [AsyncHttpClient-1-17] DEBUG org.asynchttpclient.netty.channel.ChannelManager - Adding key: http://localhost:32266 for channel [id: 0xf391ef5e, L:/127.0.0.1:64765 - R:localhost/127.0.0.1:32266]
18:43:43.362 [Forwarding getCurrentUrl on session 615c16a09a955dd50bb7a65e91c9f994 to remote] DEBUG org.asynchttpclient.netty.request.NettyRequestSender - Using pooled Channel '[id: 0xf391ef5e, L:/127.0.0.1:64765 - R:localhost/127.0.0.1:32266]' for 'GET' to 'http://localhost:32266/session/615c16a09a955dd50bb7a65e91c9f994/url'
18:43:43.362 [Forwarding getCurrentUrl on session 615c16a09a955dd50bb7a65e91c9f994 to remote] DEBUG org.asynchttpclient.netty.request.NettyRequestSender - Using open Channel [id: 0xf391ef5e, L:/127.0.0.1:64765 - R:localhost/127.0.0.1:32266] for GET '/session/615c16a09a955dd50bb7a65e91c9f994/url'
18:43:43.365 [AsyncHttpClient-1-17] DEBUG org.asynchttpclient.netty.handler.HttpHandler - 

Request DefaultFullHttpRequest(decodeResult: success, version: HTTP/1.1, content: EmptyByteBufBE)
GET /session/615c16a09a955dd50bb7a65e91c9f994/url HTTP/1.1
User-Agent: selenium/4.8.1 (java windows)
Cache-Control: no-cache
Content-Type: application/json; charset=utf-8
host: localhost:32266
accept: */*

Response DefaultHttpResponse(decodeResult: success, version: HTTP/1.1)
HTTP/1.1 200 OK
Content-Length: 54
Content-Type: application/json; charset=utf-8
cache-control: no-cache

18:43:43.365 [AsyncHttpClient-1-17] DEBUG org.asynchttpclient.netty.channel.ChannelManager - Adding key: http://localhost:32266 for channel [id: 0xf391ef5e, L:/127.0.0.1:64765 - R:localhost/127.0.0.1:32266]
18:43:43.372 [Forwarding getPageSource on session 615c16a09a955dd50bb7a65e91c9f994 to remote] DEBUG org.asynchttpclient.netty.request.NettyRequestSender - Using pooled Channel '[id: 0xf391ef5e, L:/127.0.0.1:64765 - R:localhost/127.0.0.1:32266]' for 'POST' to 'http://localhost:32266/session/615c16a09a955dd50bb7a65e91c9f994/execute/sync'
18:43:43.372 [Forwarding getPageSource on session 615c16a09a955dd50bb7a65e91c9f994 to remote] DEBUG org.asynchttpclient.netty.request.NettyRequestSender - Using open Channel [id: 0xf391ef5e, L:/127.0.0.1:64765 - R:localhost/127.0.0.1:32266] for POST '/session/615c16a09a955dd50bb7a65e91c9f994/execute/sync'
18:43:43.376 [AsyncHttpClient-1-17] DEBUG org.asynchttpclient.netty.handler.HttpHandler - 

Request DefaultHttpRequest(decodeResult: success, version: HTTP/1.1)
POST /session/615c16a09a955dd50bb7a65e91c9f994/execute/sync HTTP/1.1
User-Agent: selenium/4.8.1 (java windows)
Content-Length: 176
Content-Type: application/json; charset=utf-8
host: localhost:32266
accept: */*

Response DefaultHttpResponse(decodeResult: success, version: HTTP/1.1)
HTTP/1.1 200 OK
Content-Length: 22655
Content-Type: application/json; charset=utf-8
cache-control: no-cache

18:43:43.376 [AsyncHttpClient-1-17] DEBUG org.asynchttpclient.netty.channel.ChannelManager - Adding key: http://localhost:32266 for channel [id: 0xf391ef5e, L:/127.0.0.1:64765 - R:localhost/127.0.0.1:32266]
18:43:43.378 [Forwarding getCurrentUrl on session 615c16a09a955dd50bb7a65e91c9f994 to remote] DEBUG org.asynchttpclient.netty.request.NettyRequestSender - Using pooled Channel '[id: 0xf391ef5e, L:/127.0.0.1:64765 - R:localhost/127.0.0.1:32266]' for 'GET' to 'http://localhost:32266/session/615c16a09a955dd50bb7a65e91c9f994/url'
18:43:43.378 [Forwarding getCurrentUrl on session 615c16a09a955dd50bb7a65e91c9f994 to remote] DEBUG org.asynchttpclient.netty.request.NettyRequestSender - Using open Channel [id: 0xf391ef5e, L:/127.0.0.1:64765 - R:localhost/127.0.0.1:32266] for GET '/session/615c16a09a955dd50bb7a65e91c9f994/url'
18:43:43.379 [AsyncHttpClient-1-17] DEBUG org.asynchttpclient.netty.handler.HttpHandler - 

Request DefaultFullHttpRequest(decodeResult: success, version: HTTP/1.1, content: EmptyByteBufBE)
GET /session/615c16a09a955dd50bb7a65e91c9f994/url HTTP/1.1
User-Agent: selenium/4.8.1 (java windows)
Cache-Control: no-cache
Content-Type: application/json; charset=utf-8
host: localhost:32266
accept: */*

Response DefaultHttpResponse(decodeResult: success, version: HTTP/1.1)
HTTP/1.1 200 OK
Content-Length: 54
Content-Type: application/json; charset=utf-8
cache-control: no-cache

18:43:43.379 [AsyncHttpClient-1-17] DEBUG org.asynchttpclient.netty.channel.ChannelManager - Adding key: http://localhost:32266 for channel [id: 0xf391ef5e, L:/127.0.0.1:64765 - R:localhost/127.0.0.1:32266]
18:43:43.381 [main] DEBUG net.thucydides.core.steps.StepInterceptor - STARTING STEP: RegisterNegSteps.RegisterNeg3 - RegisterNeg3
18:43:43.383 [Forwarding findElement on session 615c16a09a955dd50bb7a65e91c9f994 to remote] DEBUG org.asynchttpclient.netty.request.NettyRequestSender - Using pooled Channel '[id: 0xf391ef5e, L:/127.0.0.1:64765 - R:localhost/127.0.0.1:32266]' for 'POST' to 'http://localhost:32266/session/615c16a09a955dd50bb7a65e91c9f994/element'
18:43:43.383 [Forwarding findElement on session 615c16a09a955dd50bb7a65e91c9f994 to remote] DEBUG org.asynchttpclient.netty.request.NettyRequestSender - Using open Channel [id: 0xf391ef5e, L:/127.0.0.1:64765 - R:localhost/127.0.0.1:32266] for POST '/session/615c16a09a955dd50bb7a65e91c9f994/element'
18:43:43.391 [AsyncHttpClient-1-17] DEBUG org.asynchttpclient.netty.handler.HttpHandler - 

Request DefaultHttpRequest(decodeResult: success, version: HTTP/1.1)
POST /session/615c16a09a955dd50bb7a65e91c9f994/element HTTP/1.1
User-Agent: selenium/4.8.1 (java windows)
Content-Length: 132
Content-Type: application/json; charset=utf-8
host: localhost:32266
accept: */*

Response DefaultHttpResponse(decodeResult: success, version: HTTP/1.1)
HTTP/1.1 200 OK
Content-Length: 88
Content-Type: application/json; charset=utf-8
cache-control: no-cache

18:43:43.391 [AsyncHttpClient-1-17] DEBUG org.asynchttpclient.netty.channel.ChannelManager - Adding key: http://localhost:32266 for channel [id: 0xf391ef5e, L:/127.0.0.1:64765 - R:localhost/127.0.0.1:32266]
18:43:43.392 [Forwarding clearElement on session 615c16a09a955dd50bb7a65e91c9f994 to remote] DEBUG org.asynchttpclient.netty.request.NettyRequestSender - Using pooled Channel '[id: 0xf391ef5e, L:/127.0.0.1:64765 - R:localhost/127.0.0.1:32266]' for 'POST' to 'http://localhost:32266/session/615c16a09a955dd50bb7a65e91c9f994/element/496cc302-8590-4253-aa4d-3b4fee4269cb/clear'
18:43:43.392 [Forwarding clearElement on session 615c16a09a955dd50bb7a65e91c9f994 to remote] DEBUG org.asynchttpclient.netty.request.NettyRequestSender - Using open Channel [id: 0xf391ef5e, L:/127.0.0.1:64765 - R:localhost/127.0.0.1:32266] for POST '/session/615c16a09a955dd50bb7a65e91c9f994/element/496cc302-8590-4253-aa4d-3b4fee4269cb/clear'
18:43:43.417 [AsyncHttpClient-1-17] DEBUG org.asynchttpclient.netty.handler.HttpHandler - 

Request DefaultHttpRequest(decodeResult: success, version: HTTP/1.1)
POST /session/615c16a09a955dd50bb7a65e91c9f994/element/496cc302-8590-4253-aa4d-3b4fee4269cb/clear HTTP/1.1
User-Agent: selenium/4.8.1 (java windows)
Content-Length: 50
Content-Type: application/json; charset=utf-8
host: localhost:32266
accept: */*

Response DefaultHttpResponse(decodeResult: success, version: HTTP/1.1)
HTTP/1.1 200 OK
Content-Length: 14
Content-Type: application/json; charset=utf-8
cache-control: no-cache

18:43:43.417 [AsyncHttpClient-1-17] DEBUG org.asynchttpclient.netty.channel.ChannelManager - Adding key: http://localhost:32266 for channel [id: 0xf391ef5e, L:/127.0.0.1:64765 - R:localhost/127.0.0.1:32266]
18:43:43.419 [Forwarding sendKeysToElement on session 615c16a09a955dd50bb7a65e91c9f994 to remote] DEBUG org.asynchttpclient.netty.request.NettyRequestSender - Using pooled Channel '[id: 0xf391ef5e, L:/127.0.0.1:64765 - R:localhost/127.0.0.1:32266]' for 'POST' to 'http://localhost:32266/session/615c16a09a955dd50bb7a65e91c9f994/element/496cc302-8590-4253-aa4d-3b4fee4269cb/value'
18:43:43.419 [Forwarding sendKeysToElement on session 615c16a09a955dd50bb7a65e91c9f994 to remote] DEBUG org.asynchttpclient.netty.request.NettyRequestSender - Using open Channel [id: 0xf391ef5e, L:/127.0.0.1:64765 - R:localhost/127.0.0.1:32266] for POST '/session/615c16a09a955dd50bb7a65e91c9f994/element/496cc302-8590-4253-aa4d-3b4fee4269cb/value'
18:43:43.518 [AsyncHttpClient-1-17] DEBUG org.asynchttpclient.netty.handler.HttpHandler - 

Request DefaultHttpRequest(decodeResult: success, version: HTTP/1.1)
POST /session/615c16a09a955dd50bb7a65e91c9f994/element/496cc302-8590-4253-aa4d-3b4fee4269cb/value HTTP/1.1
User-Agent: selenium/4.8.1 (java windows)
Content-Length: 371
Content-Type: application/json; charset=utf-8
host: localhost:32266
accept: */*

Response DefaultHttpResponse(decodeResult: success, version: HTTP/1.1)
HTTP/1.1 200 OK
Content-Length: 14
Content-Type: application/json; charset=utf-8
cache-control: no-cache

18:43:43.518 [AsyncHttpClient-1-17] DEBUG org.asynchttpclient.netty.channel.ChannelManager - Adding key: http://localhost:32266 for channel [id: 0xf391ef5e, L:/127.0.0.1:64765 - R:localhost/127.0.0.1:32266]
18:43:43.523 [Forwarding getAlertText on session 615c16a09a955dd50bb7a65e91c9f994 to remote] DEBUG org.asynchttpclient.netty.request.NettyRequestSender - Using pooled Channel '[id: 0xf391ef5e, L:/127.0.0.1:64765 - R:localhost/127.0.0.1:32266]' for 'GET' to 'http://localhost:32266/session/615c16a09a955dd50bb7a65e91c9f994/alert/text'
18:43:43.523 [Forwarding getAlertText on session 615c16a09a955dd50bb7a65e91c9f994 to remote] DEBUG org.asynchttpclient.netty.request.NettyRequestSender - Using open Channel [id: 0xf391ef5e, L:/127.0.0.1:64765 - R:localhost/127.0.0.1:32266] for GET '/session/615c16a09a955dd50bb7a65e91c9f994/alert/text'
18:43:43.524 [AsyncHttpClient-1-17] DEBUG org.asynchttpclient.netty.handler.HttpHandler - 

Request DefaultFullHttpRequest(decodeResult: success, version: HTTP/1.1, content: EmptyByteBufBE)
GET /session/615c16a09a955dd50bb7a65e91c9f994/alert/text HTTP/1.1
User-Agent: selenium/4.8.1 (java windows)
Cache-Control: no-cache
Content-Type: application/json; charset=utf-8
host: localhost:32266
accept: */*

Response DefaultHttpResponse(decodeResult: success, version: HTTP/1.1)
HTTP/1.1 404 Not Found
Content-Length: 821
Content-Type: application/json; charset=utf-8
cache-control: no-cache

18:43:43.526 [AsyncHttpClient-1-17] DEBUG org.asynchttpclient.netty.channel.ChannelManager - Adding key: http://localhost:32266 for channel [id: 0xf391ef5e, L:/127.0.0.1:64765 - R:localhost/127.0.0.1:32266]
18:43:43.527 [Forwarding getCurrentUrl on session 615c16a09a955dd50bb7a65e91c9f994 to remote] DEBUG org.asynchttpclient.netty.request.NettyRequestSender - Using pooled Channel '[id: 0xf391ef5e, L:/127.0.0.1:64765 - R:localhost/127.0.0.1:32266]' for 'GET' to 'http://localhost:32266/session/615c16a09a955dd50bb7a65e91c9f994/url'
18:43:43.527 [Forwarding getCurrentUrl on session 615c16a09a955dd50bb7a65e91c9f994 to remote] DEBUG org.asynchttpclient.netty.request.NettyRequestSender - Using open Channel [id: 0xf391ef5e, L:/127.0.0.1:64765 - R:localhost/127.0.0.1:32266] for GET '/session/615c16a09a955dd50bb7a65e91c9f994/url'
18:43:43.530 [AsyncHttpClient-1-17] DEBUG org.asynchttpclient.netty.handler.HttpHandler - 

Request DefaultFullHttpRequest(decodeResult: success, version: HTTP/1.1, content: EmptyByteBufBE)
GET /session/615c16a09a955dd50bb7a65e91c9f994/url HTTP/1.1
User-Agent: selenium/4.8.1 (java windows)
Cache-Control: no-cache
Content-Type: application/json; charset=utf-8
host: localhost:32266
accept: */*

Response DefaultHttpResponse(decodeResult: success, version: HTTP/1.1)
HTTP/1.1 200 OK
Content-Length: 54
Content-Type: application/json; charset=utf-8
cache-control: no-cache

18:43:43.530 [AsyncHttpClient-1-17] DEBUG org.asynchttpclient.netty.channel.ChannelManager - Adding key: http://localhost:32266 for channel [id: 0xf391ef5e, L:/127.0.0.1:64765 - R:localhost/127.0.0.1:32266]
18:43:43.530 [Forwarding screenshot on session 615c16a09a955dd50bb7a65e91c9f994 to remote] DEBUG org.asynchttpclient.netty.request.NettyRequestSender - Using pooled Channel '[id: 0xf391ef5e, L:/127.0.0.1:64765 - R:localhost/127.0.0.1:32266]' for 'GET' to 'http://localhost:32266/session/615c16a09a955dd50bb7a65e91c9f994/screenshot'
18:43:43.530 [Forwarding screenshot on session 615c16a09a955dd50bb7a65e91c9f994 to remote] DEBUG org.asynchttpclient.netty.request.NettyRequestSender - Using open Channel [id: 0xf391ef5e, L:/127.0.0.1:64765 - R:localhost/127.0.0.1:32266] for GET '/session/615c16a09a955dd50bb7a65e91c9f994/screenshot'
18:43:43.643 [AsyncHttpClient-1-17] DEBUG org.asynchttpclient.netty.handler.HttpHandler - 

Request DefaultFullHttpRequest(decodeResult: success, version: HTTP/1.1, content: EmptyByteBufBE)
GET /session/615c16a09a955dd50bb7a65e91c9f994/screenshot HTTP/1.1
User-Agent: selenium/4.8.1 (java windows)
Cache-Control: no-cache
Content-Type: application/json; charset=utf-8
host: localhost:32266
accept: */*

Response DefaultHttpResponse(decodeResult: success, version: HTTP/1.1)
HTTP/1.1 200 OK
Content-Length: 44572
Content-Type: application/json; charset=utf-8
cache-control: no-cache

18:43:43.643 [AsyncHttpClient-1-17] DEBUG org.asynchttpclient.netty.channel.ChannelManager - Adding key: http://localhost:32266 for channel [id: 0xf391ef5e, L:/127.0.0.1:64765 - R:localhost/127.0.0.1:32266]
18:43:43.644 [main] DEBUG net.serenitybdd.core.photography.Darkroom - Send negative for processing for target\site\serenity\c1dcc543c8a8a2826531979e8c04c7840d908c62fa42db45db6599eb9a039524.png
18:43:43.644 [main] DEBUG net.thucydides.core.steps.StepInterceptor - STEP DONE: RegisterNeg3
18:43:43.644 [Darkroom Processing Line] DEBUG net.serenitybdd.core.photography.DarkroomProcessingLine - Processing screenshot image in /var/screenshots/screenshot-9723768168403387624
18:43:43.644 [Darkroom Processing Line] DEBUG net.serenitybdd.core.photography.DarkroomProcessingLine - Saving screenshot to target\site\serenity\c1dcc543c8a8a2826531979e8c04c7840d908c62fa42db45db6599eb9a039524.png
  &amp#27;[32mAnd &amp#27;[0m&amp#27;[32mI input Fullname&amp#27;[0m                                     &amp#27;[90m# starter.stepDefinition.RegisterNegSteps.RegisterNeg3()&amp#27;[0m
18:43:43.654 [Forwarding getPageSource on session 615c16a09a955dd50bb7a65e91c9f994 to remote] DEBUG org.asynchttpclient.netty.request.NettyRequestSender - Using pooled Channel '[id: 0xf391ef5e, L:/127.0.0.1:64765 - R:localhost/127.0.0.1:32266]' for 'POST' to 'http://localhost:32266/session/615c16a09a955dd50bb7a65e91c9f994/execute/sync'
18:43:43.654 [Forwarding getPageSource on session 615c16a09a955dd50bb7a65e91c9f994 to remote] DEBUG org.asynchttpclient.netty.request.NettyRequestSender - Using open Channel [id: 0xf391ef5e, L:/127.0.0.1:64765 - R:localhost/127.0.0.1:32266] for POST '/session/615c16a09a955dd50bb7a65e91c9f994/execute/sync'
18:43:43.658 [AsyncHttpClient-1-17] DEBUG org.asynchttpclient.netty.handler.HttpHandler - 

Request DefaultHttpRequest(decodeResult: success, version: HTTP/1.1)
POST /session/615c16a09a955dd50bb7a65e91c9f994/execute/sync HTTP/1.1
User-Agent: selenium/4.8.1 (java windows)
Content-Length: 176
Content-Type: application/json; charset=utf-8
host: localhost:32266
accept: */*

Response DefaultHttpResponse(decodeResult: success, version: HTTP/1.1)
HTTP/1.1 200 OK
Content-Length: 22447
Content-Type: application/json; charset=utf-8
cache-control: no-cache

18:43:43.658 [AsyncHttpClient-1-17] DEBUG org.asynchttpclient.netty.channel.ChannelManager - Adding key: http://localhost:32266 for channel [id: 0xf391ef5e, L:/127.0.0.1:64765 - R:localhost/127.0.0.1:32266]
18:43:43.659 [Forwarding getCurrentUrl on session 615c16a09a955dd50bb7a65e91c9f994 to remote] DEBUG org.asynchttpclient.netty.request.NettyRequestSender - Using pooled Channel '[id: 0xf391ef5e, L:/127.0.0.1:64765 - R:localhost/127.0.0.1:32266]' for 'GET' to 'http://localhost:32266/session/615c16a09a955dd50bb7a65e91c9f994/url'
18:43:43.659 [Forwarding getCurrentUrl on session 615c16a09a955dd50bb7a65e91c9f994 to remote] DEBUG org.asynchttpclient.netty.request.NettyRequestSender - Using open Channel [id: 0xf391ef5e, L:/127.0.0.1:64765 - R:localhost/127.0.0.1:32266] for GET '/session/615c16a09a955dd50bb7a65e91c9f994/url'
18:43:43.663 [AsyncHttpClient-1-17] DEBUG org.asynchttpclient.netty.handler.HttpHandler - 

Request DefaultFullHttpRequest(decodeResult: success, version: HTTP/1.1, content: EmptyByteBufBE)
GET /session/615c16a09a955dd50bb7a65e91c9f994/url HTTP/1.1
User-Agent: selenium/4.8.1 (java windows)
Cache-Control: no-cache
Content-Type: application/json; charset=utf-8
host: localhost:32266
accept: */*

Response DefaultHttpResponse(decodeResult: success, version: HTTP/1.1)
HTTP/1.1 200 OK
Content-Length: 54
Content-Type: application/json; charset=utf-8
cache-control: no-cache

18:43:43.663 [AsyncHttpClient-1-17] DEBUG org.asynchttpclient.netty.channel.ChannelManager - Adding key: http://localhost:32266 for channel [id: 0xf391ef5e, L:/127.0.0.1:64765 - R:localhost/127.0.0.1:32266]
18:43:43.669 [Forwarding getPageSource on session 615c16a09a955dd50bb7a65e91c9f994 to remote] DEBUG org.asynchttpclient.netty.request.NettyRequestSender - Using pooled Channel '[id: 0xf391ef5e, L:/127.0.0.1:64765 - R:localhost/127.0.0.1:32266]' for 'POST' to 'http://localhost:32266/session/615c16a09a955dd50bb7a65e91c9f994/execute/sync'
18:43:43.669 [Forwarding getPageSource on session 615c16a09a955dd50bb7a65e91c9f994 to remote] DEBUG org.asynchttpclient.netty.request.NettyRequestSender - Using open Channel [id: 0xf391ef5e, L:/127.0.0.1:64765 - R:localhost/127.0.0.1:32266] for POST '/session/615c16a09a955dd50bb7a65e91c9f994/execute/sync'
18:43:43.672 [AsyncHttpClient-1-17] DEBUG org.asynchttpclient.netty.handler.HttpHandler - 

Request DefaultHttpRequest(decodeResult: success, version: HTTP/1.1)
POST /session/615c16a09a955dd50bb7a65e91c9f994/execute/sync HTTP/1.1
User-Agent: selenium/4.8.1 (java windows)
Content-Length: 176
Content-Type: application/json; charset=utf-8
host: localhost:32266
accept: */*

Response DefaultHttpResponse(decodeResult: success, version: HTTP/1.1)
HTTP/1.1 200 OK
Content-Length: 22447
Content-Type: application/json; charset=utf-8
cache-control: no-cache

18:43:43.672 [AsyncHttpClient-1-17] DEBUG org.asynchttpclient.netty.channel.ChannelManager - Adding key: http://localhost:32266 for channel [id: 0xf391ef5e, L:/127.0.0.1:64765 - R:localhost/127.0.0.1:32266]
18:43:43.674 [Forwarding getCurrentUrl on session 615c16a09a955dd50bb7a65e91c9f994 to remote] DEBUG org.asynchttpclient.netty.request.NettyRequestSender - Using pooled Channel '[id: 0xf391ef5e, L:/127.0.0.1:64765 - R:localhost/127.0.0.1:32266]' for 'GET' to 'http://localhost:32266/session/615c16a09a955dd50bb7a65e91c9f994/url'
18:43:43.674 [Forwarding getCurrentUrl on session 615c16a09a955dd50bb7a65e91c9f994 to remote] DEBUG org.asynchttpclient.netty.request.NettyRequestSender - Using open Channel [id: 0xf391ef5e, L:/127.0.0.1:64765 - R:localhost/127.0.0.1:32266] for GET '/session/615c16a09a955dd50bb7a65e91c9f994/url'
18:43:43.678 [AsyncHttpClient-1-17] DEBUG org.asynchttpclient.netty.handler.HttpHandler - 

Request DefaultFullHttpRequest(decodeResult: success, version: HTTP/1.1, content: EmptyByteBufBE)
GET /session/615c16a09a955dd50bb7a65e91c9f994/url HTTP/1.1
User-Agent: selenium/4.8.1 (java windows)
Cache-Control: no-cache
Content-Type: application/json; charset=utf-8
host: localhost:32266
accept: */*

Response DefaultHttpResponse(decodeResult: success, version: HTTP/1.1)
HTTP/1.1 200 OK
Content-Length: 54
Content-Type: application/json; charset=utf-8
cache-control: no-cache

18:43:43.678 [AsyncHttpClient-1-17] DEBUG org.asynchttpclient.netty.channel.ChannelManager - Adding key: http://localhost:32266 for channel [id: 0xf391ef5e, L:/127.0.0.1:64765 - R:localhost/127.0.0.1:32266]
18:43:43.681 [main] DEBUG net.thucydides.core.steps.StepInterceptor - STARTING STEP: RegisterNegSteps.RegisterNeg4 - RegisterNeg4
18:43:43.683 [Forwarding findElement on session 615c16a09a955dd50bb7a65e91c9f994 to remote] DEBUG org.asynchttpclient.netty.request.NettyRequestSender - Using pooled Channel '[id: 0xf391ef5e, L:/127.0.0.1:64765 - R:localhost/127.0.0.1:32266]' for 'POST' to 'http://localhost:32266/session/615c16a09a955dd50bb7a65e91c9f994/element'
18:43:43.683 [Forwarding findElement on session 615c16a09a955dd50bb7a65e91c9f994 to remote] DEBUG org.asynchttpclient.netty.request.NettyRequestSender - Using open Channel [id: 0xf391ef5e, L:/127.0.0.1:64765 - R:localhost/127.0.0.1:32266] for POST '/session/615c16a09a955dd50bb7a65e91c9f994/element'
18:43:43.693 [AsyncHttpClient-1-17] DEBUG org.asynchttpclient.netty.handler.HttpHandler - 

Request DefaultHttpRequest(decodeResult: success, version: HTTP/1.1)
POST /session/615c16a09a955dd50bb7a65e91c9f994/element HTTP/1.1
User-Agent: selenium/4.8.1 (java windows)
Content-Length: 125
Content-Type: application/json; charset=utf-8
host: localhost:32266
accept: */*

Response DefaultHttpResponse(decodeResult: success, version: HTTP/1.1)
HTTP/1.1 200 OK
Content-Length: 88
Content-Type: application/json; charset=utf-8
cache-control: no-cache

18:43:43.693 [AsyncHttpClient-1-17] DEBUG org.asynchttpclient.netty.channel.ChannelManager - Adding key: http://localhost:32266 for channel [id: 0xf391ef5e, L:/127.0.0.1:64765 - R:localhost/127.0.0.1:32266]
18:43:43.694 [Forwarding clearElement on session 615c16a09a955dd50bb7a65e91c9f994 to remote] DEBUG org.asynchttpclient.netty.request.NettyRequestSender - Using pooled Channel '[id: 0xf391ef5e, L:/127.0.0.1:64765 - R:localhost/127.0.0.1:32266]' for 'POST' to 'http://localhost:32266/session/615c16a09a955dd50bb7a65e91c9f994/element/6acdb663-1ef9-4f95-8a7b-c6d1b7cf4b75/clear'
18:43:43.694 [Forwarding clearElement on session 615c16a09a955dd50bb7a65e91c9f994 to remote] DEBUG org.asynchttpclient.netty.request.NettyRequestSender - Using open Channel [id: 0xf391ef5e, L:/127.0.0.1:64765 - R:localhost/127.0.0.1:32266] for POST '/session/615c16a09a955dd50bb7a65e91c9f994/element/6acdb663-1ef9-4f95-8a7b-c6d1b7cf4b75/clear'
18:43:43.715 [AsyncHttpClient-1-17] DEBUG org.asynchttpclient.netty.handler.HttpHandler - 

Request DefaultHttpRequest(decodeResult: success, version: HTTP/1.1)
POST /session/615c16a09a955dd50bb7a65e91c9f994/element/6acdb663-1ef9-4f95-8a7b-c6d1b7cf4b75/clear HTTP/1.1
User-Agent: selenium/4.8.1 (java windows)
Content-Length: 50
Content-Type: application/json; charset=utf-8
host: localhost:32266
accept: */*

Response DefaultHttpResponse(decodeResult: success, version: HTTP/1.1)
HTTP/1.1 200 OK
Content-Length: 14
Content-Type: application/json; charset=utf-8
cache-control: no-cache

18:43:43.715 [AsyncHttpClient-1-17] DEBUG org.asynchttpclient.netty.channel.ChannelManager - Adding key: http://localhost:32266 for channel [id: 0xf391ef5e, L:/127.0.0.1:64765 - R:localhost/127.0.0.1:32266]
18:43:43.716 [Forwarding sendKeysToElement on session 615c16a09a955dd50bb7a65e91c9f994 to remote] DEBUG org.asynchttpclient.netty.request.NettyRequestSender - Using pooled Channel '[id: 0xf391ef5e, L:/127.0.0.1:64765 - R:localhost/127.0.0.1:32266]' for 'POST' to 'http://localhost:32266/session/615c16a09a955dd50bb7a65e91c9f994/element/6acdb663-1ef9-4f95-8a7b-c6d1b7cf4b75/value'
18:43:43.716 [Forwarding sendKeysToElement on session 615c16a09a955dd50bb7a65e91c9f994 to remote] DEBUG org.asynchttpclient.netty.request.NettyRequestSender - Using open Channel [id: 0xf391ef5e, L:/127.0.0.1:64765 - R:localhost/127.0.0.1:32266] for POST '/session/615c16a09a955dd50bb7a65e91c9f994/element/6acdb663-1ef9-4f95-8a7b-c6d1b7cf4b75/value'
18:43:43.790 [AsyncHttpClient-1-17] DEBUG org.asynchttpclient.netty.handler.HttpHandler - 

Request DefaultHttpRequest(decodeResult: success, version: HTTP/1.1)
POST /session/615c16a09a955dd50bb7a65e91c9f994/element/6acdb663-1ef9-4f95-8a7b-c6d1b7cf4b75/value HTTP/1.1
User-Agent: selenium/4.8.1 (java windows)
Content-Length: 241
Content-Type: application/json; charset=utf-8
host: localhost:32266
accept: */*

Response DefaultHttpResponse(decodeResult: success, version: HTTP/1.1)
HTTP/1.1 200 OK
Content-Length: 14
Content-Type: application/json; charset=utf-8
cache-control: no-cache

18:43:43.790 [AsyncHttpClient-1-17] DEBUG org.asynchttpclient.netty.channel.ChannelManager - Adding key: http://localhost:32266 for channel [id: 0xf391ef5e, L:/127.0.0.1:64765 - R:localhost/127.0.0.1:32266]
18:43:43.794 [Forwarding getAlertText on session 615c16a09a955dd50bb7a65e91c9f994 to remote] DEBUG org.asynchttpclient.netty.request.NettyRequestSender - Using pooled Channel '[id: 0xf391ef5e, L:/127.0.0.1:64765 - R:localhost/127.0.0.1:32266]' for 'GET' to 'http://localhost:32266/session/615c16a09a955dd50bb7a65e91c9f994/alert/text'
18:43:43.794 [Forwarding getAlertText on session 615c16a09a955dd50bb7a65e91c9f994 to remote] DEBUG org.asynchttpclient.netty.request.NettyRequestSender - Using open Channel [id: 0xf391ef5e, L:/127.0.0.1:64765 - R:localhost/127.0.0.1:32266] for GET '/session/615c16a09a955dd50bb7a65e91c9f994/alert/text'
18:43:43.795 [AsyncHttpClient-1-17] DEBUG org.asynchttpclient.netty.handler.HttpHandler - 

Request DefaultFullHttpRequest(decodeResult: success, version: HTTP/1.1, content: EmptyByteBufBE)
GET /session/615c16a09a955dd50bb7a65e91c9f994/alert/text HTTP/1.1
User-Agent: selenium/4.8.1 (java windows)
Cache-Control: no-cache
Content-Type: application/json; charset=utf-8
host: localhost:32266
accept: */*

Response DefaultHttpResponse(decodeResult: success, version: HTTP/1.1)
HTTP/1.1 404 Not Found
Content-Length: 821
Content-Type: application/json; charset=utf-8
cache-control: no-cache

18:43:43.795 [AsyncHttpClient-1-17] DEBUG org.asynchttpclient.netty.channel.ChannelManager - Adding key: http://localhost:32266 for channel [id: 0xf391ef5e, L:/127.0.0.1:64765 - R:localhost/127.0.0.1:32266]
18:43:43.795 [Forwarding getCurrentUrl on session 615c16a09a955dd50bb7a65e91c9f994 to remote] DEBUG org.asynchttpclient.netty.request.NettyRequestSender - Using pooled Channel '[id: 0xf391ef5e, L:/127.0.0.1:64765 - R:localhost/127.0.0.1:32266]' for 'GET' to 'http://localhost:32266/session/615c16a09a955dd50bb7a65e91c9f994/url'
18:43:43.795 [Forwarding getCurrentUrl on session 615c16a09a955dd50bb7a65e91c9f994 to remote] DEBUG org.asynchttpclient.netty.request.NettyRequestSender - Using open Channel [id: 0xf391ef5e, L:/127.0.0.1:64765 - R:localhost/127.0.0.1:32266] for GET '/session/615c16a09a955dd50bb7a65e91c9f994/url'
18:43:43.797 [AsyncHttpClient-1-17] DEBUG org.asynchttpclient.netty.handler.HttpHandler - 

Request DefaultFullHttpRequest(decodeResult: success, version: HTTP/1.1, content: EmptyByteBufBE)
GET /session/615c16a09a955dd50bb7a65e91c9f994/url HTTP/1.1
User-Agent: selenium/4.8.1 (java windows)
Cache-Control: no-cache
Content-Type: application/json; charset=utf-8
host: localhost:32266
accept: */*

Response DefaultHttpResponse(decodeResult: success, version: HTTP/1.1)
HTTP/1.1 200 OK
Content-Length: 54
Content-Type: application/json; charset=utf-8
cache-control: no-cache

18:43:43.797 [AsyncHttpClient-1-17] DEBUG org.asynchttpclient.netty.channel.ChannelManager - Adding key: http://localhost:32266 for channel [id: 0xf391ef5e, L:/127.0.0.1:64765 - R:localhost/127.0.0.1:32266]
18:43:43.798 [Forwarding screenshot on session 615c16a09a955dd50bb7a65e91c9f994 to remote] DEBUG org.asynchttpclient.netty.request.NettyRequestSender - Using pooled Channel '[id: 0xf391ef5e, L:/127.0.0.1:64765 - R:localhost/127.0.0.1:32266]' for 'GET' to 'http://localhost:32266/session/615c16a09a955dd50bb7a65e91c9f994/screenshot'
18:43:43.798 [Forwarding screenshot on session 615c16a09a955dd50bb7a65e91c9f994 to remote] DEBUG org.asynchttpclient.netty.request.NettyRequestSender - Using open Channel [id: 0xf391ef5e, L:/127.0.0.1:64765 - R:localhost/127.0.0.1:32266] for GET '/session/615c16a09a955dd50bb7a65e91c9f994/screenshot'
18:43:43.918 [AsyncHttpClient-1-17] DEBUG org.asynchttpclient.netty.handler.HttpHandler - 

Request DefaultFullHttpRequest(decodeResult: success, version: HTTP/1.1, content: EmptyByteBufBE)
GET /session/615c16a09a955dd50bb7a65e91c9f994/screenshot HTTP/1.1
User-Agent: selenium/4.8.1 (java windows)
Cache-Control: no-cache
Content-Type: application/json; charset=utf-8
host: localhost:32266
accept: */*

Response DefaultHttpResponse(decodeResult: success, version: HTTP/1.1)
HTTP/1.1 200 OK
Content-Length: 48592
Content-Type: application/json; charset=utf-8
cache-control: no-cache

18:43:43.918 [AsyncHttpClient-1-17] DEBUG org.asynchttpclient.netty.channel.ChannelManager - Adding key: http://localhost:32266 for channel [id: 0xf391ef5e, L:/127.0.0.1:64765 - R:localhost/127.0.0.1:32266]
18:43:43.919 [main] DEBUG net.serenitybdd.core.photography.Darkroom - Send negative for processing for target\site\serenity\4fe7294efb8d1659dee676b3ea989dab73c04af050abfa913bdf18b80b1ab2f5.png
18:43:43.919 [main] DEBUG net.thucydides.core.steps.StepInterceptor - STEP DONE: RegisterNeg4
  &amp#27;[32mAnd &amp#27;[0m&amp#27;[32mI input already existed email&amp#27;[0m                        &amp#27;[90m# starter.stepDefinition.RegisterNegSteps.RegisterNeg4()&amp#27;[0m
18:43:43.919 [Darkroom Processing Line] DEBUG net.serenitybdd.core.photography.DarkroomProcessingLine - Processing screenshot image in /var/screenshots/screenshot-5229535323068930530
18:43:43.920 [Darkroom Processing Line] DEBUG net.serenitybdd.core.photography.DarkroomProcessingLine - Saving screenshot to target\site\serenity\4fe7294efb8d1659dee676b3ea989dab73c04af050abfa913bdf18b80b1ab2f5.png
18:43:43.927 [Forwarding getPageSource on session 615c16a09a955dd50bb7a65e91c9f994 to remote] DEBUG org.asynchttpclient.netty.request.NettyRequestSender - Using pooled Channel '[id: 0xf391ef5e, L:/127.0.0.1:64765 - R:localhost/127.0.0.1:32266]' for 'POST' to 'http://localhost:32266/session/615c16a09a955dd50bb7a65e91c9f994/execute/sync'
18:43:43.927 [Forwarding getPageSource on session 615c16a09a955dd50bb7a65e91c9f994 to remote] DEBUG org.asynchttpclient.netty.request.NettyRequestSender - Using open Channel [id: 0xf391ef5e, L:/127.0.0.1:64765 - R:localhost/127.0.0.1:32266] for POST '/session/615c16a09a955dd50bb7a65e91c9f994/execute/sync'
18:43:43.933 [AsyncHttpClient-1-17] DEBUG org.asynchttpclient.netty.handler.HttpHandler - 

Request DefaultHttpRequest(decodeResult: success, version: HTTP/1.1)
POST /session/615c16a09a955dd50bb7a65e91c9f994/execute/sync HTTP/1.1
User-Agent: selenium/4.8.1 (java windows)
Content-Length: 176
Content-Type: application/json; charset=utf-8
host: localhost:32266
accept: */*

Response DefaultHttpResponse(decodeResult: success, version: HTTP/1.1)
HTTP/1.1 200 OK
Content-Length: 22506
Content-Type: application/json; charset=utf-8
cache-control: no-cache

18:43:43.933 [AsyncHttpClient-1-17] DEBUG org.asynchttpclient.netty.channel.ChannelManager - Adding key: http://localhost:32266 for channel [id: 0xf391ef5e, L:/127.0.0.1:64765 - R:localhost/127.0.0.1:32266]
18:43:43.934 [Forwarding getCurrentUrl on session 615c16a09a955dd50bb7a65e91c9f994 to remote] DEBUG org.asynchttpclient.netty.request.NettyRequestSender - Using pooled Channel '[id: 0xf391ef5e, L:/127.0.0.1:64765 - R:localhost/127.0.0.1:32266]' for 'GET' to 'http://localhost:32266/session/615c16a09a955dd50bb7a65e91c9f994/url'
18:43:43.934 [Forwarding getCurrentUrl on session 615c16a09a955dd50bb7a65e91c9f994 to remote] DEBUG org.asynchttpclient.netty.request.NettyRequestSender - Using open Channel [id: 0xf391ef5e, L:/127.0.0.1:64765 - R:localhost/127.0.0.1:32266] for GET '/session/615c16a09a955dd50bb7a65e91c9f994/url'
18:43:43.936 [AsyncHttpClient-1-17] DEBUG org.asynchttpclient.netty.handler.HttpHandler - 

Request DefaultFullHttpRequest(decodeResult: success, version: HTTP/1.1, content: EmptyByteBufBE)
GET /session/615c16a09a955dd50bb7a65e91c9f994/url HTTP/1.1
User-Agent: selenium/4.8.1 (java windows)
Cache-Control: no-cache
Content-Type: application/json; charset=utf-8
host: localhost:32266
accept: */*

Response DefaultHttpResponse(decodeResult: success, version: HTTP/1.1)
HTTP/1.1 200 OK
Content-Length: 54
Content-Type: application/json; charset=utf-8
cache-control: no-cache

18:43:43.936 [AsyncHttpClient-1-17] DEBUG org.asynchttpclient.netty.channel.ChannelManager - Adding key: http://localhost:32266 for channel [id: 0xf391ef5e, L:/127.0.0.1:64765 - R:localhost/127.0.0.1:32266]
18:43:43.942 [Forwarding getPageSource on session 615c16a09a955dd50bb7a65e91c9f994 to remote] DEBUG org.asynchttpclient.netty.request.NettyRequestSender - Using pooled Channel '[id: 0xf391ef5e, L:/127.0.0.1:64765 - R:localhost/127.0.0.1:32266]' for 'POST' to 'http://localhost:32266/session/615c16a09a955dd50bb7a65e91c9f994/execute/sync'
18:43:43.942 [Forwarding getPageSource on session 615c16a09a955dd50bb7a65e91c9f994 to remote] DEBUG org.asynchttpclient.netty.request.NettyRequestSender - Using open Channel [id: 0xf391ef5e, L:/127.0.0.1:64765 - R:localhost/127.0.0.1:32266] for POST '/session/615c16a09a955dd50bb7a65e91c9f994/execute/sync'
18:43:43.945 [AsyncHttpClient-1-17] DEBUG org.asynchttpclient.netty.handler.HttpHandler - 

Request DefaultHttpRequest(decodeResult: success, version: HTTP/1.1)
POST /session/615c16a09a955dd50bb7a65e91c9f994/execute/sync HTTP/1.1
User-Agent: selenium/4.8.1 (java windows)
Content-Length: 176
Content-Type: application/json; charset=utf-8
host: localhost:32266
accept: */*

Response DefaultHttpResponse(decodeResult: success, version: HTTP/1.1)
HTTP/1.1 200 OK
Content-Length: 22506
Content-Type: application/json; charset=utf-8
cache-control: no-cache

18:43:43.945 [AsyncHttpClient-1-17] DEBUG org.asynchttpclient.netty.channel.ChannelManager - Adding key: http://localhost:32266 for channel [id: 0xf391ef5e, L:/127.0.0.1:64765 - R:localhost/127.0.0.1:32266]
18:43:43.947 [Forwarding getCurrentUrl on session 615c16a09a955dd50bb7a65e91c9f994 to remote] DEBUG org.asynchttpclient.netty.request.NettyRequestSender - Using pooled Channel '[id: 0xf391ef5e, L:/127.0.0.1:64765 - R:localhost/127.0.0.1:32266]' for 'GET' to 'http://localhost:32266/session/615c16a09a955dd50bb7a65e91c9f994/url'
18:43:43.947 [Forwarding getCurrentUrl on session 615c16a09a955dd50bb7a65e91c9f994 to remote] DEBUG org.asynchttpclient.netty.request.NettyRequestSender - Using open Channel [id: 0xf391ef5e, L:/127.0.0.1:64765 - R:localhost/127.0.0.1:32266] for GET '/session/615c16a09a955dd50bb7a65e91c9f994/url'
18:43:43.950 [AsyncHttpClient-1-17] DEBUG org.asynchttpclient.netty.handler.HttpHandler - 

Request DefaultFullHttpRequest(decodeResult: success, version: HTTP/1.1, content: EmptyByteBufBE)
GET /session/615c16a09a955dd50bb7a65e91c9f994/url HTTP/1.1
User-Agent: selenium/4.8.1 (java windows)
Cache-Control: no-cache
Content-Type: application/json; charset=utf-8
host: localhost:32266
accept: */*

Response DefaultHttpResponse(decodeResult: success, version: HTTP/1.1)
HTTP/1.1 200 OK
Content-Length: 54
Content-Type: application/json; charset=utf-8
cache-control: no-cache

18:43:43.951 [AsyncHttpClient-1-17] DEBUG org.asynchttpclient.netty.channel.ChannelManager - Adding key: http://localhost:32266 for channel [id: 0xf391ef5e, L:/127.0.0.1:64765 - R:localhost/127.0.0.1:32266]
18:43:43.952 [main] DEBUG net.thucydides.core.steps.StepInterceptor - STARTING STEP: RegisterNegSteps.RegisterNeg5 - RegisterNeg5
18:43:43.955 [Forwarding findElement on session 615c16a09a955dd50bb7a65e91c9f994 to remote] DEBUG org.asynchttpclient.netty.request.NettyRequestSender - Using pooled Channel '[id: 0xf391ef5e, L:/127.0.0.1:64765 - R:localhost/127.0.0.1:32266]' for 'POST' to 'http://localhost:32266/session/615c16a09a955dd50bb7a65e91c9f994/element'
18:43:43.955 [Forwarding findElement on session 615c16a09a955dd50bb7a65e91c9f994 to remote] DEBUG org.asynchttpclient.netty.request.NettyRequestSender - Using open Channel [id: 0xf391ef5e, L:/127.0.0.1:64765 - R:localhost/127.0.0.1:32266] for POST '/session/615c16a09a955dd50bb7a65e91c9f994/element'
18:43:43.962 [AsyncHttpClient-1-17] DEBUG org.asynchttpclient.netty.handler.HttpHandler - 

Request DefaultHttpRequest(decodeResult: success, version: HTTP/1.1)
POST /session/615c16a09a955dd50bb7a65e91c9f994/element HTTP/1.1
User-Agent: selenium/4.8.1 (java windows)
Content-Length: 128
Content-Type: application/json; charset=utf-8
host: localhost:32266
accept: */*

Response DefaultHttpResponse(decodeResult: success, version: HTTP/1.1)
HTTP/1.1 200 OK
Content-Length: 88
Content-Type: application/json; charset=utf-8
cache-control: no-cache

18:43:43.962 [AsyncHttpClient-1-17] DEBUG org.asynchttpclient.netty.channel.ChannelManager - Adding key: http://localhost:32266 for channel [id: 0xf391ef5e, L:/127.0.0.1:64765 - R:localhost/127.0.0.1:32266]
18:43:43.964 [Forwarding clearElement on session 615c16a09a955dd50bb7a65e91c9f994 to remote] DEBUG org.asynchttpclient.netty.request.NettyRequestSender - Using pooled Channel '[id: 0xf391ef5e, L:/127.0.0.1:64765 - R:localhost/127.0.0.1:32266]' for 'POST' to 'http://localhost:32266/session/615c16a09a955dd50bb7a65e91c9f994/element/af688e1f-ca59-4419-8f50-4cfa38df67c4/clear'
18:43:43.964 [Forwarding clearElement on session 615c16a09a955dd50bb7a65e91c9f994 to remote] DEBUG org.asynchttpclient.netty.request.NettyRequestSender - Using open Channel [id: 0xf391ef5e, L:/127.0.0.1:64765 - R:localhost/127.0.0.1:32266] for POST '/session/615c16a09a955dd50bb7a65e91c9f994/element/af688e1f-ca59-4419-8f50-4cfa38df67c4/clear'
18:43:43.985 [AsyncHttpClient-1-17] DEBUG org.asynchttpclient.netty.handler.HttpHandler - 

Request DefaultHttpRequest(decodeResult: success, version: HTTP/1.1)
POST /session/615c16a09a955dd50bb7a65e91c9f994/element/af688e1f-ca59-4419-8f50-4cfa38df67c4/clear HTTP/1.1
User-Agent: selenium/4.8.1 (java windows)
Content-Length: 50
Content-Type: application/json; charset=utf-8
host: localhost:32266
accept: */*

Response DefaultHttpResponse(decodeResult: success, version: HTTP/1.1)
HTTP/1.1 200 OK
Content-Length: 14
Content-Type: application/json; charset=utf-8
cache-control: no-cache

18:43:43.985 [AsyncHttpClient-1-17] DEBUG org.asynchttpclient.netty.channel.ChannelManager - Adding key: http://localhost:32266 for channel [id: 0xf391ef5e, L:/127.0.0.1:64765 - R:localhost/127.0.0.1:32266]
18:43:43.986 [AsyncHttpClient-1-1] DEBUG org.asynchttpclient.netty.channel.DefaultChannelPool - Entry count for : http://localhost:64766 : 1
18:43:43.986 [AsyncHttpClient-1-1] DEBUG org.asynchttpclient.netty.channel.DefaultChannelPool - Entry count for : http://localhost:32266 : 1
18:43:43.986 [Forwarding sendKeysToElement on session 615c16a09a955dd50bb7a65e91c9f994 to remote] DEBUG org.asynchttpclient.netty.request.NettyRequestSender - Using pooled Channel '[id: 0xf391ef5e, L:/127.0.0.1:64765 - R:localhost/127.0.0.1:32266]' for 'POST' to 'http://localhost:32266/session/615c16a09a955dd50bb7a65e91c9f994/element/af688e1f-ca59-4419-8f50-4cfa38df67c4/value'
18:43:43.986 [Forwarding sendKeysToElement on session 615c16a09a955dd50bb7a65e91c9f994 to remote] DEBUG org.asynchttpclient.netty.request.NettyRequestSender - Using open Channel [id: 0xf391ef5e, L:/127.0.0.1:64765 - R:localhost/127.0.0.1:32266] for POST '/session/615c16a09a955dd50bb7a65e91c9f994/element/af688e1f-ca59-4419-8f50-4cfa38df67c4/value'
18:43:44.042 [AsyncHttpClient-1-17] DEBUG org.asynchttpclient.netty.handler.HttpHandler - 

Request DefaultHttpRequest(decodeResult: success, version: HTTP/1.1)
POST /session/615c16a09a955dd50bb7a65e91c9f994/element/af688e1f-ca59-4419-8f50-4cfa38df67c4/value HTTP/1.1
User-Agent: selenium/4.8.1 (java windows)
Content-Length: 211
Content-Type: application/json; charset=utf-8
host: localhost:32266
accept: */*

Response DefaultHttpResponse(decodeResult: success, version: HTTP/1.1)
HTTP/1.1 200 OK
Content-Length: 14
Content-Type: application/json; charset=utf-8
cache-control: no-cache

18:43:44.042 [AsyncHttpClient-1-17] DEBUG org.asynchttpclient.netty.channel.ChannelManager - Adding key: http://localhost:32266 for channel [id: 0xf391ef5e, L:/127.0.0.1:64765 - R:localhost/127.0.0.1:32266]
18:43:44.047 [Forwarding getAlertText on session 615c16a09a955dd50bb7a65e91c9f994 to remote] DEBUG org.asynchttpclient.netty.request.NettyRequestSender - Using pooled Channel '[id: 0xf391ef5e, L:/127.0.0.1:64765 - R:localhost/127.0.0.1:32266]' for 'GET' to 'http://localhost:32266/session/615c16a09a955dd50bb7a65e91c9f994/alert/text'
18:43:44.047 [Forwarding getAlertText on session 615c16a09a955dd50bb7a65e91c9f994 to remote] DEBUG org.asynchttpclient.netty.request.NettyRequestSender - Using open Channel [id: 0xf391ef5e, L:/127.0.0.1:64765 - R:localhost/127.0.0.1:32266] for GET '/session/615c16a09a955dd50bb7a65e91c9f994/alert/text'
18:43:44.050 [AsyncHttpClient-1-17] DEBUG org.asynchttpclient.netty.handler.HttpHandler - 

Request DefaultFullHttpRequest(decodeResult: success, version: HTTP/1.1, content: EmptyByteBufBE)
GET /session/615c16a09a955dd50bb7a65e91c9f994/alert/text HTTP/1.1
User-Agent: selenium/4.8.1 (java windows)
Cache-Control: no-cache
Content-Type: application/json; charset=utf-8
host: localhost:32266
accept: */*

Response DefaultHttpResponse(decodeResult: success, version: HTTP/1.1)
HTTP/1.1 404 Not Found
Content-Length: 821
Content-Type: application/json; charset=utf-8
cache-control: no-cache

18:43:44.050 [AsyncHttpClient-1-17] DEBUG org.asynchttpclient.netty.channel.ChannelManager - Adding key: http://localhost:32266 for channel [id: 0xf391ef5e, L:/127.0.0.1:64765 - R:localhost/127.0.0.1:32266]
18:43:44.052 [Forwarding getCurrentUrl on session 615c16a09a955dd50bb7a65e91c9f994 to remote] DEBUG org.asynchttpclient.netty.request.NettyRequestSender - Using pooled Channel '[id: 0xf391ef5e, L:/127.0.0.1:64765 - R:localhost/127.0.0.1:32266]' for 'GET' to 'http://localhost:32266/session/615c16a09a955dd50bb7a65e91c9f994/url'
18:43:44.052 [Forwarding getCurrentUrl on session 615c16a09a955dd50bb7a65e91c9f994 to remote] DEBUG org.asynchttpclient.netty.request.NettyRequestSender - Using open Channel [id: 0xf391ef5e, L:/127.0.0.1:64765 - R:localhost/127.0.0.1:32266] for GET '/session/615c16a09a955dd50bb7a65e91c9f994/url'
18:43:44.055 [AsyncHttpClient-1-17] DEBUG org.asynchttpclient.netty.handler.HttpHandler - 

Request DefaultFullHttpRequest(decodeResult: success, version: HTTP/1.1, content: EmptyByteBufBE)
GET /session/615c16a09a955dd50bb7a65e91c9f994/url HTTP/1.1
User-Agent: selenium/4.8.1 (java windows)
Cache-Control: no-cache
Content-Type: application/json; charset=utf-8
host: localhost:32266
accept: */*

Response DefaultHttpResponse(decodeResult: success, version: HTTP/1.1)
HTTP/1.1 200 OK
Content-Length: 54
Content-Type: application/json; charset=utf-8
cache-control: no-cache

18:43:44.055 [AsyncHttpClient-1-17] DEBUG org.asynchttpclient.netty.channel.ChannelManager - Adding key: http://localhost:32266 for channel [id: 0xf391ef5e, L:/127.0.0.1:64765 - R:localhost/127.0.0.1:32266]
18:43:44.056 [Forwarding screenshot on session 615c16a09a955dd50bb7a65e91c9f994 to remote] DEBUG org.asynchttpclient.netty.request.NettyRequestSender - Using pooled Channel '[id: 0xf391ef5e, L:/127.0.0.1:64765 - R:localhost/127.0.0.1:32266]' for 'GET' to 'http://localhost:32266/session/615c16a09a955dd50bb7a65e91c9f994/screenshot'
18:43:44.056 [Forwarding screenshot on session 615c16a09a955dd50bb7a65e91c9f994 to remote] DEBUG org.asynchttpclient.netty.request.NettyRequestSender - Using open Channel [id: 0xf391ef5e, L:/127.0.0.1:64765 - R:localhost/127.0.0.1:32266] for GET '/session/615c16a09a955dd50bb7a65e91c9f994/screenshot'
18:43:44.167 [AsyncHttpClient-1-17] DEBUG org.asynchttpclient.netty.handler.HttpHandler - 

Request DefaultFullHttpRequest(decodeResult: success, version: HTTP/1.1, content: EmptyByteBufBE)
GET /session/615c16a09a955dd50bb7a65e91c9f994/screenshot HTTP/1.1
User-Agent: selenium/4.8.1 (java windows)
Cache-Control: no-cache
Content-Type: application/json; charset=utf-8
host: localhost:32266
accept: */*

Response DefaultHttpResponse(decodeResult: success, version: HTTP/1.1)
HTTP/1.1 200 OK
Content-Length: 51008
Content-Type: application/json; charset=utf-8
cache-control: no-cache

18:43:44.167 [AsyncHttpClient-1-17] DEBUG org.asynchttpclient.netty.channel.ChannelManager - Adding key: http://localhost:32266 for channel [id: 0xf391ef5e, L:/127.0.0.1:64765 - R:localhost/127.0.0.1:32266]
18:43:44.168 [main] DEBUG net.serenitybdd.core.photography.Darkroom - Send negative for processing for target\site\serenity\e070caf429f44440c90008313875a113138ec3dc0a24065606a538d4249b912d.png
18:43:44.168 [main] DEBUG net.thucydides.core.steps.StepInterceptor - STEP DONE: RegisterNeg5
  &amp#27;[32mAnd &amp#27;[0m&amp#27;[32mI input password&amp#27;[0m                                     &amp#27;[90m# starter.stepDefinition.RegisterNegSteps.RegisterNeg5()&amp#27;[0m
18:43:44.168 [Darkroom Processing Line] DEBUG net.serenitybdd.core.photography.DarkroomProcessingLine - Processing screenshot image in /var/screenshots/screenshot-5383374549451348879
18:43:44.168 [Darkroom Processing Line] DEBUG net.serenitybdd.core.photography.DarkroomProcessingLine - Saving screenshot to target\site\serenity\e070caf429f44440c90008313875a113138ec3dc0a24065606a538d4249b912d.png
18:43:44.173 [Forwarding getPageSource on session 615c16a09a955dd50bb7a65e91c9f994 to remote] DEBUG org.asynchttpclient.netty.request.NettyRequestSender - Using pooled Channel '[id: 0xf391ef5e, L:/127.0.0.1:64765 - R:localhost/127.0.0.1:32266]' for 'POST' to 'http://localhost:32266/session/615c16a09a955dd50bb7a65e91c9f994/execute/sync'
18:43:44.173 [Forwarding getPageSource on session 615c16a09a955dd50bb7a65e91c9f994 to remote] DEBUG org.asynchttpclient.netty.request.NettyRequestSender - Using open Channel [id: 0xf391ef5e, L:/127.0.0.1:64765 - R:localhost/127.0.0.1:32266] for POST '/session/615c16a09a955dd50bb7a65e91c9f994/execute/sync'
18:43:44.176 [AsyncHttpClient-1-17] DEBUG org.asynchttpclient.netty.handler.HttpHandler - 

Request DefaultHttpRequest(decodeResult: success, version: HTTP/1.1)
POST /session/615c16a09a955dd50bb7a65e91c9f994/execute/sync HTTP/1.1
User-Agent: selenium/4.8.1 (java windows)
Content-Length: 176
Content-Type: application/json; charset=utf-8
host: localhost:32266
accept: */*

Response DefaultHttpResponse(decodeResult: success, version: HTTP/1.1)
HTTP/1.1 200 OK
Content-Length: 22565
Content-Type: application/json; charset=utf-8
cache-control: no-cache

18:43:44.177 [AsyncHttpClient-1-17] DEBUG org.asynchttpclient.netty.channel.ChannelManager - Adding key: http://localhost:32266 for channel [id: 0xf391ef5e, L:/127.0.0.1:64765 - R:localhost/127.0.0.1:32266]
18:43:44.178 [Forwarding getCurrentUrl on session 615c16a09a955dd50bb7a65e91c9f994 to remote] DEBUG org.asynchttpclient.netty.request.NettyRequestSender - Using pooled Channel '[id: 0xf391ef5e, L:/127.0.0.1:64765 - R:localhost/127.0.0.1:32266]' for 'GET' to 'http://localhost:32266/session/615c16a09a955dd50bb7a65e91c9f994/url'
18:43:44.178 [Forwarding getCurrentUrl on session 615c16a09a955dd50bb7a65e91c9f994 to remote] DEBUG org.asynchttpclient.netty.request.NettyRequestSender - Using open Channel [id: 0xf391ef5e, L:/127.0.0.1:64765 - R:localhost/127.0.0.1:32266] for GET '/session/615c16a09a955dd50bb7a65e91c9f994/url'
18:43:44.179 [AsyncHttpClient-1-17] DEBUG org.asynchttpclient.netty.handler.HttpHandler - 

Request DefaultFullHttpRequest(decodeResult: success, version: HTTP/1.1, content: EmptyByteBufBE)
GET /session/615c16a09a955dd50bb7a65e91c9f994/url HTTP/1.1
User-Agent: selenium/4.8.1 (java windows)
Cache-Control: no-cache
Content-Type: application/json; charset=utf-8
host: localhost:32266
accept: */*

Response DefaultHttpResponse(decodeResult: success, version: HTTP/1.1)
HTTP/1.1 200 OK
Content-Length: 54
Content-Type: application/json; charset=utf-8
cache-control: no-cache

18:43:44.179 [AsyncHttpClient-1-17] DEBUG org.asynchttpclient.netty.channel.ChannelManager - Adding key: http://localhost:32266 for channel [id: 0xf391ef5e, L:/127.0.0.1:64765 - R:localhost/127.0.0.1:32266]
18:43:44.187 [Forwarding getPageSource on session 615c16a09a955dd50bb7a65e91c9f994 to remote] DEBUG org.asynchttpclient.netty.request.NettyRequestSender - Using pooled Channel '[id: 0xf391ef5e, L:/127.0.0.1:64765 - R:localhost/127.0.0.1:32266]' for 'POST' to 'http://localhost:32266/session/615c16a09a955dd50bb7a65e91c9f994/execute/sync'
18:43:44.187 [Forwarding getPageSource on session 615c16a09a955dd50bb7a65e91c9f994 to remote] DEBUG org.asynchttpclient.netty.request.NettyRequestSender - Using open Channel [id: 0xf391ef5e, L:/127.0.0.1:64765 - R:localhost/127.0.0.1:32266] for POST '/session/615c16a09a955dd50bb7a65e91c9f994/execute/sync'
18:43:44.192 [AsyncHttpClient-1-17] DEBUG org.asynchttpclient.netty.handler.HttpHandler - 

Request DefaultHttpRequest(decodeResult: success, version: HTTP/1.1)
POST /session/615c16a09a955dd50bb7a65e91c9f994/execute/sync HTTP/1.1
User-Agent: selenium/4.8.1 (java windows)
Content-Length: 176
Content-Type: application/json; charset=utf-8
host: localhost:32266
accept: */*

Response DefaultHttpResponse(decodeResult: success, version: HTTP/1.1)
HTTP/1.1 200 OK
Content-Length: 22565
Content-Type: application/json; charset=utf-8
cache-control: no-cache

18:43:44.192 [AsyncHttpClient-1-17] DEBUG org.asynchttpclient.netty.channel.ChannelManager - Adding key: http://localhost:32266 for channel [id: 0xf391ef5e, L:/127.0.0.1:64765 - R:localhost/127.0.0.1:32266]
18:43:44.193 [Forwarding getCurrentUrl on session 615c16a09a955dd50bb7a65e91c9f994 to remote] DEBUG org.asynchttpclient.netty.request.NettyRequestSender - Using pooled Channel '[id: 0xf391ef5e, L:/127.0.0.1:64765 - R:localhost/127.0.0.1:32266]' for 'GET' to 'http://localhost:32266/session/615c16a09a955dd50bb7a65e91c9f994/url'
18:43:44.193 [Forwarding getCurrentUrl on session 615c16a09a955dd50bb7a65e91c9f994 to remote] DEBUG org.asynchttpclient.netty.request.NettyRequestSender - Using open Channel [id: 0xf391ef5e, L:/127.0.0.1:64765 - R:localhost/127.0.0.1:32266] for GET '/session/615c16a09a955dd50bb7a65e91c9f994/url'
18:43:44.197 [AsyncHttpClient-1-17] DEBUG org.asynchttpclient.netty.handler.HttpHandler - 

Request DefaultFullHttpRequest(decodeResult: success, version: HTTP/1.1, content: EmptyByteBufBE)
GET /session/615c16a09a955dd50bb7a65e91c9f994/url HTTP/1.1
User-Agent: selenium/4.8.1 (java windows)
Cache-Control: no-cache
Content-Type: application/json; charset=utf-8
host: localhost:32266
accept: */*

Response DefaultHttpResponse(decodeResult: success, version: HTTP/1.1)
HTTP/1.1 200 OK
Content-Length: 54
Content-Type: application/json; charset=utf-8
cache-control: no-cache

18:43:44.197 [AsyncHttpClient-1-17] DEBUG org.asynchttpclient.netty.channel.ChannelManager - Adding key: http://localhost:32266 for channel [id: 0xf391ef5e, L:/127.0.0.1:64765 - R:localhost/127.0.0.1:32266]
18:43:44.198 [main] DEBUG net.thucydides.core.steps.StepInterceptor - STARTING STEP: RegisterNegSteps.RegisterNeg6 - RegisterNeg6
18:43:44.200 [Forwarding findElement on session 615c16a09a955dd50bb7a65e91c9f994 to remote] DEBUG org.asynchttpclient.netty.request.NettyRequestSender - Using pooled Channel '[id: 0xf391ef5e, L:/127.0.0.1:64765 - R:localhost/127.0.0.1:32266]' for 'POST' to 'http://localhost:32266/session/615c16a09a955dd50bb7a65e91c9f994/element'
18:43:44.200 [Forwarding findElement on session 615c16a09a955dd50bb7a65e91c9f994 to remote] DEBUG org.asynchttpclient.netty.request.NettyRequestSender - Using open Channel [id: 0xf391ef5e, L:/127.0.0.1:64765 - R:localhost/127.0.0.1:32266] for POST '/session/615c16a09a955dd50bb7a65e91c9f994/element'
18:43:44.210 [AsyncHttpClient-1-17] DEBUG org.asynchttpclient.netty.handler.HttpHandler - 

Request DefaultHttpRequest(decodeResult: success, version: HTTP/1.1)
POST /session/615c16a09a955dd50bb7a65e91c9f994/element HTTP/1.1
User-Agent: selenium/4.8.1 (java windows)
Content-Length: 160
Content-Type: application/json; charset=utf-8
host: localhost:32266
accept: */*

Response DefaultHttpResponse(decodeResult: success, version: HTTP/1.1)
HTTP/1.1 200 OK
Content-Length: 88
Content-Type: application/json; charset=utf-8
cache-control: no-cache

18:43:44.210 [AsyncHttpClient-1-17] DEBUG org.asynchttpclient.netty.channel.ChannelManager - Adding key: http://localhost:32266 for channel [id: 0xf391ef5e, L:/127.0.0.1:64765 - R:localhost/127.0.0.1:32266]
18:43:44.211 [Forwarding getElementTagName on session 615c16a09a955dd50bb7a65e91c9f994 to remote] DEBUG org.asynchttpclient.netty.request.NettyRequestSender - Using pooled Channel '[id: 0xf391ef5e, L:/127.0.0.1:64765 - R:localhost/127.0.0.1:32266]' for 'GET' to 'http://localhost:32266/session/615c16a09a955dd50bb7a65e91c9f994/element/da8b1d81-8e6e-4752-a8a2-a05cfacd0623/name'
18:43:44.211 [Forwarding getElementTagName on session 615c16a09a955dd50bb7a65e91c9f994 to remote] DEBUG org.asynchttpclient.netty.request.NettyRequestSender - Using open Channel [id: 0xf391ef5e, L:/127.0.0.1:64765 - R:localhost/127.0.0.1:32266] for GET '/session/615c16a09a955dd50bb7a65e91c9f994/element/da8b1d81-8e6e-4752-a8a2-a05cfacd0623/name'
18:43:44.214 [AsyncHttpClient-1-17] DEBUG org.asynchttpclient.netty.handler.HttpHandler - 

Request DefaultFullHttpRequest(decodeResult: success, version: HTTP/1.1, content: EmptyByteBufBE)
GET /session/615c16a09a955dd50bb7a65e91c9f994/element/da8b1d81-8e6e-4752-a8a2-a05cfacd0623/name HTTP/1.1
User-Agent: selenium/4.8.1 (java windows)
Cache-Control: no-cache
Content-Type: application/json; charset=utf-8
host: localhost:32266
accept: */*

Response DefaultHttpResponse(decodeResult: success, version: HTTP/1.1)
HTTP/1.1 200 OK
Content-Length: 16
Content-Type: application/json; charset=utf-8
cache-control: no-cache

18:43:44.214 [AsyncHttpClient-1-17] DEBUG org.asynchttpclient.netty.channel.ChannelManager - Adding key: http://localhost:32266 for channel [id: 0xf391ef5e, L:/127.0.0.1:64765 - R:localhost/127.0.0.1:32266]
18:43:44.215 [Forwarding getElementTagName on session 615c16a09a955dd50bb7a65e91c9f994 to remote] DEBUG org.asynchttpclient.netty.request.NettyRequestSender - Using pooled Channel '[id: 0xf391ef5e, L:/127.0.0.1:64765 - R:localhost/127.0.0.1:32266]' for 'GET' to 'http://localhost:32266/session/615c16a09a955dd50bb7a65e91c9f994/element/da8b1d81-8e6e-4752-a8a2-a05cfacd0623/name'
18:43:44.215 [Forwarding getElementTagName on session 615c16a09a955dd50bb7a65e91c9f994 to remote] DEBUG org.asynchttpclient.netty.request.NettyRequestSender - Using open Channel [id: 0xf391ef5e, L:/127.0.0.1:64765 - R:localhost/127.0.0.1:32266] for GET '/session/615c16a09a955dd50bb7a65e91c9f994/element/da8b1d81-8e6e-4752-a8a2-a05cfacd0623/name'
18:43:44.218 [AsyncHttpClient-1-17] DEBUG org.asynchttpclient.netty.handler.HttpHandler - 

Request DefaultFullHttpRequest(decodeResult: success, version: HTTP/1.1, content: EmptyByteBufBE)
GET /session/615c16a09a955dd50bb7a65e91c9f994/element/da8b1d81-8e6e-4752-a8a2-a05cfacd0623/name HTTP/1.1
User-Agent: selenium/4.8.1 (java windows)
Cache-Control: no-cache
Content-Type: application/json; charset=utf-8
host: localhost:32266
accept: */*

Response DefaultHttpResponse(decodeResult: success, version: HTTP/1.1)
HTTP/1.1 200 OK
Content-Length: 16
Content-Type: application/json; charset=utf-8
cache-control: no-cache

18:43:44.218 [AsyncHttpClient-1-17] DEBUG org.asynchttpclient.netty.channel.ChannelManager - Adding key: http://localhost:32266 for channel [id: 0xf391ef5e, L:/127.0.0.1:64765 - R:localhost/127.0.0.1:32266]
18:43:44.219 [Forwarding findElement on session 615c16a09a955dd50bb7a65e91c9f994 to remote] DEBUG org.asynchttpclient.netty.request.NettyRequestSender - Using pooled Channel '[id: 0xf391ef5e, L:/127.0.0.1:64765 - R:localhost/127.0.0.1:32266]' for 'POST' to 'http://localhost:32266/session/615c16a09a955dd50bb7a65e91c9f994/element'
18:43:44.219 [Forwarding findElement on session 615c16a09a955dd50bb7a65e91c9f994 to remote] DEBUG org.asynchttpclient.netty.request.NettyRequestSender - Using open Channel [id: 0xf391ef5e, L:/127.0.0.1:64765 - R:localhost/127.0.0.1:32266] for POST '/session/615c16a09a955dd50bb7a65e91c9f994/element'
18:43:44.224 [AsyncHttpClient-1-17] DEBUG org.asynchttpclient.netty.handler.HttpHandler - 

Request DefaultHttpRequest(decodeResult: success, version: HTTP/1.1)
POST /session/615c16a09a955dd50bb7a65e91c9f994/element HTTP/1.1
User-Agent: selenium/4.8.1 (java windows)
Content-Length: 160
Content-Type: application/json; charset=utf-8
host: localhost:32266
accept: */*

Response DefaultHttpResponse(decodeResult: success, version: HTTP/1.1)
HTTP/1.1 200 OK
Content-Length: 88
Content-Type: application/json; charset=utf-8
cache-control: no-cache

18:43:44.224 [AsyncHttpClient-1-17] DEBUG org.asynchttpclient.netty.channel.ChannelManager - Adding key: http://localhost:32266 for channel [id: 0xf391ef5e, L:/127.0.0.1:64765 - R:localhost/127.0.0.1:32266]
18:43:44.226 [Forwarding clickElement on session 615c16a09a955dd50bb7a65e91c9f994 to remote] DEBUG org.asynchttpclient.netty.request.NettyRequestSender - Using pooled Channel '[id: 0xf391ef5e, L:/127.0.0.1:64765 - R:localhost/127.0.0.1:32266]' for 'POST' to 'http://localhost:32266/session/615c16a09a955dd50bb7a65e91c9f994/element/da8b1d81-8e6e-4752-a8a2-a05cfacd0623/click'
18:43:44.226 [Forwarding clickElement on session 615c16a09a955dd50bb7a65e91c9f994 to remote] DEBUG org.asynchttpclient.netty.request.NettyRequestSender - Using open Channel [id: 0xf391ef5e, L:/127.0.0.1:64765 - R:localhost/127.0.0.1:32266] for POST '/session/615c16a09a955dd50bb7a65e91c9f994/element/da8b1d81-8e6e-4752-a8a2-a05cfacd0623/click'
18:43:44.260 [AsyncHttpClient-1-17] DEBUG org.asynchttpclient.netty.handler.HttpHandler - 

Request DefaultHttpRequest(decodeResult: success, version: HTTP/1.1)
POST /session/615c16a09a955dd50bb7a65e91c9f994/element/da8b1d81-8e6e-4752-a8a2-a05cfacd0623/click HTTP/1.1
User-Agent: selenium/4.8.1 (java windows)
Content-Length: 50
Content-Type: application/json; charset=utf-8
host: localhost:32266
accept: */*

Response DefaultHttpResponse(decodeResult: success, version: HTTP/1.1)
HTTP/1.1 200 OK
Content-Length: 14
Content-Type: application/json; charset=utf-8
cache-control: no-cache

18:43:44.260 [AsyncHttpClient-1-17] DEBUG org.asynchttpclient.netty.channel.ChannelManager - Adding key: http://localhost:32266 for channel [id: 0xf391ef5e, L:/127.0.0.1:64765 - R:localhost/127.0.0.1:32266]
18:43:44.263 [Forwarding getAlertText on session 615c16a09a955dd50bb7a65e91c9f994 to remote] DEBUG org.asynchttpclient.netty.request.NettyRequestSender - Using pooled Channel '[id: 0xf391ef5e, L:/127.0.0.1:64765 - R:localhost/127.0.0.1:32266]' for 'GET' to 'http://localhost:32266/session/615c16a09a955dd50bb7a65e91c9f994/alert/text'
18:43:44.263 [Forwarding getAlertText on session 615c16a09a955dd50bb7a65e91c9f994 to remote] DEBUG org.asynchttpclient.netty.request.NettyRequestSender - Using open Channel [id: 0xf391ef5e, L:/127.0.0.1:64765 - R:localhost/127.0.0.1:32266] for GET '/session/615c16a09a955dd50bb7a65e91c9f994/alert/text'
18:43:44.264 [AsyncHttpClient-1-17] DEBUG org.asynchttpclient.netty.handler.HttpHandler - 

Request DefaultFullHttpRequest(decodeResult: success, version: HTTP/1.1, content: EmptyByteBufBE)
GET /session/615c16a09a955dd50bb7a65e91c9f994/alert/text HTTP/1.1
User-Agent: selenium/4.8.1 (java windows)
Cache-Control: no-cache
Content-Type: application/json; charset=utf-8
host: localhost:32266
accept: */*

Response DefaultHttpResponse(decodeResult: success, version: HTTP/1.1)
HTTP/1.1 404 Not Found
Content-Length: 821
Content-Type: application/json; charset=utf-8
cache-control: no-cache

18:43:44.264 [AsyncHttpClient-1-17] DEBUG org.asynchttpclient.netty.channel.ChannelManager - Adding key: http://localhost:32266 for channel [id: 0xf391ef5e, L:/127.0.0.1:64765 - R:localhost/127.0.0.1:32266]
18:43:44.266 [Forwarding getCurrentUrl on session 615c16a09a955dd50bb7a65e91c9f994 to remote] DEBUG org.asynchttpclient.netty.request.NettyRequestSender - Using pooled Channel '[id: 0xf391ef5e, L:/127.0.0.1:64765 - R:localhost/127.0.0.1:32266]' for 'GET' to 'http://localhost:32266/session/615c16a09a955dd50bb7a65e91c9f994/url'
18:43:44.266 [Forwarding getCurrentUrl on session 615c16a09a955dd50bb7a65e91c9f994 to remote] DEBUG org.asynchttpclient.netty.request.NettyRequestSender - Using open Channel [id: 0xf391ef5e, L:/127.0.0.1:64765 - R:localhost/127.0.0.1:32266] for GET '/session/615c16a09a955dd50bb7a65e91c9f994/url'
18:43:44.274 [AsyncHttpClient-1-17] DEBUG org.asynchttpclient.netty.handler.HttpHandler - 

Request DefaultFullHttpRequest(decodeResult: success, version: HTTP/1.1, content: EmptyByteBufBE)
GET /session/615c16a09a955dd50bb7a65e91c9f994/url HTTP/1.1
User-Agent: selenium/4.8.1 (java windows)
Cache-Control: no-cache
Content-Type: application/json; charset=utf-8
host: localhost:32266
accept: */*

Response DefaultHttpResponse(decodeResult: success, version: HTTP/1.1)
HTTP/1.1 200 OK
Content-Length: 54
Content-Type: application/json; charset=utf-8
cache-control: no-cache

18:43:44.274 [AsyncHttpClient-1-17] DEBUG org.asynchttpclient.netty.channel.ChannelManager - Adding key: http://localhost:32266 for channel [id: 0xf391ef5e, L:/127.0.0.1:64765 - R:localhost/127.0.0.1:32266]
18:43:44.274 [Forwarding screenshot on session 615c16a09a955dd50bb7a65e91c9f994 to remote] DEBUG org.asynchttpclient.netty.request.NettyRequestSender - Using pooled Channel '[id: 0xf391ef5e, L:/127.0.0.1:64765 - R:localhost/127.0.0.1:32266]' for 'GET' to 'http://localhost:32266/session/615c16a09a955dd50bb7a65e91c9f994/screenshot'
18:43:44.275 [Forwarding screenshot on session 615c16a09a955dd50bb7a65e91c9f994 to remote] DEBUG org.asynchttpclient.netty.request.NettyRequestSender - Using open Channel [id: 0xf391ef5e, L:/127.0.0.1:64765 - R:localhost/127.0.0.1:32266] for GET '/session/615c16a09a955dd50bb7a65e91c9f994/screenshot'
18:43:44.371 [AsyncHttpClient-1-17] DEBUG org.asynchttpclient.netty.handler.HttpHandler - 

Request DefaultFullHttpRequest(decodeResult: success, version: HTTP/1.1, content: EmptyByteBufBE)
GET /session/615c16a09a955dd50bb7a65e91c9f994/screenshot HTTP/1.1
User-Agent: selenium/4.8.1 (java windows)
Cache-Control: no-cache
Content-Type: application/json; charset=utf-8
host: localhost:32266
accept: */*

Response DefaultHttpResponse(decodeResult: success, version: HTTP/1.1)
HTTP/1.1 200 OK
Content-Length: 50236
Content-Type: application/json; charset=utf-8
cache-control: no-cache

18:43:44.371 [AsyncHttpClient-1-17] DEBUG org.asynchttpclient.netty.channel.ChannelManager - Adding key: http://localhost:32266 for channel [id: 0xf391ef5e, L:/127.0.0.1:64765 - R:localhost/127.0.0.1:32266]
18:43:44.373 [main] DEBUG net.serenitybdd.core.photography.Darkroom - Send negative for processing for target\site\serenity\7f4da343b343d0b7996df3892b2aeb2e67c29c358bc88bab1e7772d531170ef6.png
18:43:44.373 [main] DEBUG net.thucydides.core.steps.StepInterceptor - STEP DONE: RegisterNeg6
18:43:44.373 [Darkroom Processing Line] DEBUG net.serenitybdd.core.photography.DarkroomProcessingLine - Processing screenshot image in /var/screenshots/screenshot-16325654427265387288
18:43:44.373 [Darkroom Processing Line] DEBUG net.serenitybdd.core.photography.DarkroomProcessingLine - Saving screenshot to target\site\serenity\7f4da343b343d0b7996df3892b2aeb2e67c29c358bc88bab1e7772d531170ef6.png
  &amp#27;[32mAnd &amp#27;[0m&amp#27;[32mI click Register Button&amp#27;[0m                              &amp#27;[90m# starter.stepDefinition.RegisterNegSteps.RegisterNeg6()&amp#27;[0m
18:43:44.378 [Forwarding getPageSource on session 615c16a09a955dd50bb7a65e91c9f994 to remote] DEBUG org.asynchttpclient.netty.request.NettyRequestSender - Using pooled Channel '[id: 0xf391ef5e, L:/127.0.0.1:64765 - R:localhost/127.0.0.1:32266]' for 'POST' to 'http://localhost:32266/session/615c16a09a955dd50bb7a65e91c9f994/execute/sync'
18:43:44.378 [Forwarding getPageSource on session 615c16a09a955dd50bb7a65e91c9f994 to remote] DEBUG org.asynchttpclient.netty.request.NettyRequestSender - Using open Channel [id: 0xf391ef5e, L:/127.0.0.1:64765 - R:localhost/127.0.0.1:32266] for POST '/session/615c16a09a955dd50bb7a65e91c9f994/execute/sync'
18:43:44.381 [AsyncHttpClient-1-17] DEBUG org.asynchttpclient.netty.handler.HttpHandler - 

Request DefaultHttpRequest(decodeResult: success, version: HTTP/1.1)
POST /session/615c16a09a955dd50bb7a65e91c9f994/execute/sync HTTP/1.1
User-Agent: selenium/4.8.1 (java windows)
Content-Length: 176
Content-Type: application/json; charset=utf-8
host: localhost:32266
accept: */*

Response DefaultHttpResponse(decodeResult: success, version: HTTP/1.1)
HTTP/1.1 200 OK
Content-Length: 23278
Content-Type: application/json; charset=utf-8
cache-control: no-cache

18:43:44.381 [AsyncHttpClient-1-17] DEBUG org.asynchttpclient.netty.channel.ChannelManager - Adding key: http://localhost:32266 for channel [id: 0xf391ef5e, L:/127.0.0.1:64765 - R:localhost/127.0.0.1:32266]
18:43:44.382 [Forwarding getCurrentUrl on session 615c16a09a955dd50bb7a65e91c9f994 to remote] DEBUG org.asynchttpclient.netty.request.NettyRequestSender - Using pooled Channel '[id: 0xf391ef5e, L:/127.0.0.1:64765 - R:localhost/127.0.0.1:32266]' for 'GET' to 'http://localhost:32266/session/615c16a09a955dd50bb7a65e91c9f994/url'
18:43:44.382 [Forwarding getCurrentUrl on session 615c16a09a955dd50bb7a65e91c9f994 to remote] DEBUG org.asynchttpclient.netty.request.NettyRequestSender - Using open Channel [id: 0xf391ef5e, L:/127.0.0.1:64765 - R:localhost/127.0.0.1:32266] for GET '/session/615c16a09a955dd50bb7a65e91c9f994/url'
18:43:44.385 [AsyncHttpClient-1-17] DEBUG org.asynchttpclient.netty.handler.HttpHandler - 

Request DefaultFullHttpRequest(decodeResult: success, version: HTTP/1.1, content: EmptyByteBufBE)
GET /session/615c16a09a955dd50bb7a65e91c9f994/url HTTP/1.1
User-Agent: selenium/4.8.1 (java windows)
Cache-Control: no-cache
Content-Type: application/json; charset=utf-8
host: localhost:32266
accept: */*

Response DefaultHttpResponse(decodeResult: success, version: HTTP/1.1)
HTTP/1.1 200 OK
Content-Length: 54
Content-Type: application/json; charset=utf-8
cache-control: no-cache

18:43:44.385 [AsyncHttpClient-1-17] DEBUG org.asynchttpclient.netty.channel.ChannelManager - Adding key: http://localhost:32266 for channel [id: 0xf391ef5e, L:/127.0.0.1:64765 - R:localhost/127.0.0.1:32266]
18:43:44.389 [Forwarding findElement on session 615c16a09a955dd50bb7a65e91c9f994 to remote] DEBUG org.asynchttpclient.netty.request.NettyRequestSender - Using pooled Channel '[id: 0xf391ef5e, L:/127.0.0.1:64765 - R:localhost/127.0.0.1:32266]' for 'POST' to 'http://localhost:32266/session/615c16a09a955dd50bb7a65e91c9f994/element'
18:43:44.389 [Forwarding findElement on session 615c16a09a955dd50bb7a65e91c9f994 to remote] DEBUG org.asynchttpclient.netty.request.NettyRequestSender - Using open Channel [id: 0xf391ef5e, L:/127.0.0.1:64765 - R:localhost/127.0.0.1:32266] for POST '/session/615c16a09a955dd50bb7a65e91c9f994/element'
18:43:44.396 [AsyncHttpClient-1-17] DEBUG org.asynchttpclient.netty.handler.HttpHandler - 

Request DefaultHttpRequest(decodeResult: success, version: HTTP/1.1)
POST /session/615c16a09a955dd50bb7a65e91c9f994/element HTTP/1.1
User-Agent: selenium/4.8.1 (java windows)
Content-Length: 160
Content-Type: application/json; charset=utf-8
host: localhost:32266
accept: */*

Response DefaultHttpResponse(decodeResult: success, version: HTTP/1.1)
HTTP/1.1 200 OK
Content-Length: 88
Content-Type: application/json; charset=utf-8
cache-control: no-cache

18:43:44.396 [AsyncHttpClient-1-17] DEBUG org.asynchttpclient.netty.channel.ChannelManager - Adding key: http://localhost:32266 for channel [id: 0xf391ef5e, L:/127.0.0.1:64765 - R:localhost/127.0.0.1:32266]
18:43:44.398 [Forwarding isElementDisplayed on session 615c16a09a955dd50bb7a65e91c9f994 to remote] DEBUG org.asynchttpclient.netty.request.NettyRequestSender - Using pooled Channel '[id: 0xf391ef5e, L:/127.0.0.1:64765 - R:localhost/127.0.0.1:32266]' for 'POST' to 'http://localhost:32266/session/615c16a09a955dd50bb7a65e91c9f994/execute/sync'
18:43:44.398 [Forwarding isElementDisplayed on session 615c16a09a955dd50bb7a65e91c9f994 to remote] DEBUG org.asynchttpclient.netty.request.NettyRequestSender - Using open Channel [id: 0xf391ef5e, L:/127.0.0.1:64765 - R:localhost/127.0.0.1:32266] for POST '/session/615c16a09a955dd50bb7a65e91c9f994/execute/sync'
18:43:44.411 [AsyncHttpClient-1-17] DEBUG org.asynchttpclient.netty.handler.HttpHandler - 

Request DefaultHttpRequest(decodeResult: success, version: HTTP/1.1)
POST /session/615c16a09a955dd50bb7a65e91c9f994/execute/sync HTTP/1.1
User-Agent: selenium/4.8.1 (java windows)
Content-Length: 48807
Content-Type: application/json; charset=utf-8
host: localhost:32266
accept: */*

Response DefaultHttpResponse(decodeResult: success, version: HTTP/1.1)
HTTP/1.1 200 OK
Content-Length: 14
Content-Type: application/json; charset=utf-8
cache-control: no-cache

18:43:44.411 [AsyncHttpClient-1-17] DEBUG org.asynchttpclient.netty.channel.ChannelManager - Adding key: http://localhost:32266 for channel [id: 0xf391ef5e, L:/127.0.0.1:64765 - R:localhost/127.0.0.1:32266]
  &amp#27;[32mThen &amp#27;[0m&amp#27;[32mI am still remain in Register form&amp#27;[0m                  &amp#27;[90m# starter.stepDefinition.RegisterNegSteps.onLoginForm()&amp#27;[0m
18:43:44.414 [main] INFO  - 
  _____   ___   ___   _____     ___     _     ___   ___   ___   ___  
 |_   _| | __| / __| |_   _|   | _ \   /_\   / __| / __| | __| |   \ 
   | |   | _|  \__ \   | |     |  _/  / _ \  \__ \ \__ \ | _|  | |) |
   |_|   |___| |___/   |_|     |_|   /_/ \_\ |___/ |___/ |___| |___/ 

As user, I have be able to prevented to register
----------------------------------------------------------------------
18:43:44.415 [AsyncHttpClient-1-19] DEBUG org.asynchttpclient.netty.handler.WebSocketHandler - Channel Closed: [id: 0xa3c5da07, L:/127.0.0.1:64772 ! R:localhost/127.0.0.1:64766] with attribute NettyResponseFuture{currentRetry=0,
	isDone=1,
	isCancelled=0,
	asyncHandler=org.asynchttpclient.ws.WebSocketUpgradeHandler@75ffd663,
	nettyRequest=org.asynchttpclient.netty.request.NettyRequest@30fd46b8,
	future=java.util.concurrent.CompletableFuture@72509a91[Completed normally],
	uri=ws://localhost:64766/devtools/browser/4d36c458-1298-4a00-b1ac-4e19480ef33e,
	keepAlive=true,
	redirectCount=0,
	timeoutsHolder=null,
	inAuth=0,
	touch=1683632620160}
18:43:44.415 [Driver Command Executor] DEBUG org.asynchttpclient.netty.request.NettyRequestSender - Using pooled Channel '[id: 0xf391ef5e, L:/127.0.0.1:64765 - R:localhost/127.0.0.1:32266]' for 'DELETE' to 'http://localhost:32266/session/615c16a09a955dd50bb7a65e91c9f994'
18:43:44.415 [Driver Command Executor] DEBUG org.asynchttpclient.netty.request.NettyRequestSender - Using open Channel [id: 0xf391ef5e, L:/127.0.0.1:64765 - R:localhost/127.0.0.1:32266] for DELETE '/session/615c16a09a955dd50bb7a65e91c9f994'
18:43:44.415 [AsyncHttpClient-1-19] DEBUG org.asynchttpclient.netty.channel.ChannelManager - Closing Channel [id: 0xa3c5da07, L:/127.0.0.1:64772 ! R:localhost/127.0.0.1:64766] 
18:43:44.467 [AsyncHttpClient-1-18] DEBUG org.asynchttpclient.netty.handler.HttpHandler - Unexpected I/O exception on channel [id: 0xee8f3b7b, L:/127.0.0.1:64771 - R:localhost/127.0.0.1:64766]
java.net.SocketException: Connection reset
	at java.base/sun.nio.ch.SocketChannelImpl.throwConnectionReset(SocketChannelImpl.java:394)
	at java.base/sun.nio.ch.SocketChannelImpl.read(SocketChannelImpl.java:426)
	at io.netty.buffer.PooledByteBuf.setBytes(PooledByteBuf.java:259)
	at io.netty.buffer.AbstractByteBuf.writeBytes(AbstractByteBuf.java:1132)
	at io.netty.channel.socket.nio.NioSocketChannel.doReadBytes(NioSocketChannel.java:357)
	at io.netty.channel.nio.AbstractNioByteChannel$NioByteUnsafe.read(AbstractNioByteChannel.java:151)
	at io.netty.channel.nio.NioEventLoop.processSelectedKey(NioEventLoop.java:788)
	at io.netty.channel.nio.NioEventLoop.processSelectedKeysOptimized(NioEventLoop.java:724)
	at io.netty.channel.nio.NioEventLoop.processSelectedKeys(NioEventLoop.java:650)
	at io.netty.channel.nio.NioEventLoop.run(NioEventLoop.java:562)
	at io.netty.util.concurrent.SingleThreadEventExecutor$4.run(SingleThreadEventExecutor.java:997)
	at io.netty.util.internal.ThreadExecutorMap$2.run(ThreadExecutorMap.java:74)
	at io.netty.util.concurrent.FastThreadLocalRunnable.run(FastThreadLocalRunnable.java:30)
	at java.base/java.lang.Thread.run(Thread.java:833)
18:43:44.467 [AsyncHttpClient-1-18] DEBUG org.asynchttpclient.netty.channel.ChannelManager - Closing Channel [id: 0xee8f3b7b, L:/127.0.0.1:64771 - R:localhost/127.0.0.1:64766] 
18:43:44.467 [AsyncHttpClient-1-18] DEBUG org.asynchttpclient.netty.handler.HttpHandler - Channel Closed: [id: 0xee8f3b7b, L:/127.0.0.1:64771 ! R:localhost/127.0.0.1:64766] with attribute DISCARD
18:43:44.478 [AsyncHttpClient-1-17] DEBUG org.asynchttpclient.netty.handler.HttpHandler - 

Request DefaultFullHttpRequest(decodeResult: success, version: HTTP/1.1, content: EmptyByteBufBE)
DELETE /session/615c16a09a955dd50bb7a65e91c9f994 HTTP/1.1
User-Agent: selenium/4.8.1 (java windows)
Content-Type: application/json; charset=utf-8
host: localhost:32266
accept: */*

Response DefaultHttpResponse(decodeResult: success, version: HTTP/1.1)
HTTP/1.1 200 OK
Content-Length: 14
Content-Type: application/json; charset=utf-8
cache-control: no-cache

18:43:44.479 [AsyncHttpClient-1-17] DEBUG org.asynchttpclient.netty.channel.ChannelManager - Adding key: http://localhost:32266 for channel [id: 0xf391ef5e, L:/127.0.0.1:64765 - R:localhost/127.0.0.1:32266]
18:43:44.548 [AsyncHttpClient-1-17] DEBUG org.asynchttpclient.netty.handler.HttpHandler - Channel Closed: [id: 0xf391ef5e, L:/127.0.0.1:64765 ! R:localhost/127.0.0.1:32266] with attribute DISCARD
]]></system-out>
    <system-err><![CDATA[Starting ChromeDriver 112.0.5615.49 (bd2a7bcb881c11e8cfe3078709382934e3916914-refs/branch-heads/5615@{#936}) on port 32266
Only local connections are allowed.
Please see https://chromedriver.chromium.org/security-considerations for suggestions on keeping ChromeDriver safe.
ChromeDriver was started successfully.
May 09, 2023 6:43:40 PM org.openqa.selenium.devtools.CdpVersionFinder findNearestMatch
WARNING: Unable to find an exact match for CDP version 112, so returning the closest version found: 110
]]></system-err>
  </testcase>
  <testcase name="As user, I have be able to success register" classname="RegisterPos" time="7.889">
    <system-out><![CDATA[18:43:44.606 [main] DEBUG io.cucumber.core.plugin.SerenityReporter - Running feature from file:///C:/Users/VICTUS/IdeaProjects/MiniProject/src/test/resources/features/RegisterPos.feature
18:43:44.608 [main] DEBUG net.thucydides.core.steps.StepEventBus - Test suite started for story net.thucydides.core.model.Story@bc9433e8
18:43:44.608 [main] INFO  - Test Suite Started: Register pos

@RegisterPos @userA
Scenario: As user, I have be able to success register &amp#27;[90m# src/test/resources/features/RegisterPos.feature:8&amp#27;[0m
18:43:44.612 [main] DEBUG io.cucumber.core.plugin.SerenityReporter - Running feature from file:///C:/Users/VICTUS/IdeaProjects/MiniProject/src/test/resources/features/RegisterPos.feature
18:43:44.614 [main] INFO  - 
  _____   ___   ___   _____     ___   _____     _     ___   _____   ___   ___  
 |_   _| | __| / __| |_   _|   / __| |_   _|   /_\   | _ \ |_   _| | __| |   \ 
   | |   | _|  \__ \   | |     \__ \   | |    / _ \  |   /   | |   | _|  | |) |
   |_|   |___| |___/   |_|     |___/   |_|   /_/ \_\ |_|_\   |_|   |___| |___/ 

As user, I have be able to success register(registerpos;as-user--i-have-be-able-to-success-register)
--------------------------------------------------------------------------------
18:43:44.694 [main] INFO net.serenitybdd.core.webdriver.driverproviders.ChromeDriverProvider - Starting Chrome driver instance with capabilities:
18:43:44.694 [main] INFO net.serenitybdd.core.webdriver.driverproviders.ChromeDriverProvider - Capabilities {acceptInsecureCerts: false, browserName: chrome, goog:chromeOptions: {args: [remote-allow-origins=*], extensions: []}}
18:43:44.767 [AsyncHttpClient-1-20] DEBUG org.asynchttpclient.netty.channel.NettyConnectListener - Using new Channel '[id: 0xfcd998b9, L:/127.0.0.1:64789 - R:localhost/127.0.0.1:11068]' for 'POST' to '/session'
18:43:45.090 [AsyncHttpClient-1-1] DEBUG org.asynchttpclient.netty.channel.DefaultChannelPool - Entry count for : http://localhost:64766 : 1
18:43:45.091 [AsyncHttpClient-1-1] DEBUG org.asynchttpclient.netty.channel.DefaultChannelPool - Entry count for : http://localhost:32266 : 1
18:43:45.091 [AsyncHttpClient-1-1] DEBUG org.asynchttpclient.netty.channel.DefaultChannelPool - Adding Candidate expired Channel [id: 0xee8f3b7b, L:/127.0.0.1:64771 ! R:localhost/127.0.0.1:64766] isIdleTimeoutExpired=false isRemotelyClosed=true isTtlExpired=false
18:43:45.091 [AsyncHttpClient-1-1] DEBUG org.asynchttpclient.netty.channel.DefaultChannelPool - Closing Idle Channel [id: 0xee8f3b7b, L:/127.0.0.1:64771 ! R:localhost/127.0.0.1:64766]
18:43:45.091 [AsyncHttpClient-1-1] DEBUG org.asynchttpclient.netty.channel.DefaultChannelPool - Adding Candidate expired Channel [id: 0xf391ef5e, L:/127.0.0.1:64765 ! R:localhost/127.0.0.1:32266] isIdleTimeoutExpired=false isRemotelyClosed=true isTtlExpired=false
18:43:45.091 [AsyncHttpClient-1-1] DEBUG org.asynchttpclient.netty.channel.DefaultChannelPool - Closing Idle Channel [id: 0xf391ef5e, L:/127.0.0.1:64765 ! R:localhost/127.0.0.1:32266]
18:43:45.091 [AsyncHttpClient-1-1] DEBUG org.asynchttpclient.netty.channel.DefaultChannelPool - Closed 2 connections out of 2 in 0 ms
18:43:45.509 [AsyncHttpClient-1-20] DEBUG org.asynchttpclient.netty.handler.HttpHandler - 

Request DefaultHttpRequest(decodeResult: success, version: HTTP/1.1)
POST /session HTTP/1.1
User-Agent: selenium/4.8.1 (java windows)
Content-Length: 507
Content-Type: application/json; charset=utf-8
host: localhost:11068
accept: */*

Response DefaultHttpResponse(decodeResult: success, version: HTTP/1.1)
HTTP/1.1 200 OK
Content-Length: 861
Content-Type: application/json; charset=utf-8
cache-control: no-cache

18:43:45.509 [AsyncHttpClient-1-20] DEBUG org.asynchttpclient.netty.channel.ChannelManager - Adding key: http://localhost:11068 for channel [id: 0xfcd998b9, L:/127.0.0.1:64789 - R:localhost/127.0.0.1:11068]
18:43:45.532 [AsyncHttpClient-1-21] DEBUG org.asynchttpclient.netty.channel.NettyConnectListener - Using new Channel '[id: 0x344e17ae, L:/127.0.0.1:64797 - R:localhost/127.0.0.1:64791]' for 'GET' to '/json/version'
18:43:45.534 [AsyncHttpClient-1-21] DEBUG org.asynchttpclient.netty.handler.HttpHandler - 

Request DefaultFullHttpRequest(decodeResult: success, version: HTTP/1.1, content: EmptyByteBufBE)
GET /json/version HTTP/1.1
User-Agent: selenium/4.8.1 (java windows)
host: localhost:64791
accept: */*

Response DefaultHttpResponse(decodeResult: success, version: HTTP/1.1)
HTTP/1.1 200 OK
Content-Security-Policy: frame-ancestors 'none'
Content-Length: 424
Content-Type: application/json; charset=UTF-8

18:43:45.534 [AsyncHttpClient-1-21] DEBUG org.asynchttpclient.netty.channel.ChannelManager - Adding key: http://localhost:64791 for channel [id: 0x344e17ae, L:/127.0.0.1:64797 - R:localhost/127.0.0.1:64791]
18:43:45.542 [AsyncHttpClient-1-22] DEBUG org.asynchttpclient.netty.channel.NettyConnectListener - Using new Channel '[id: 0x4db9f449, L:/127.0.0.1:64798 - R:localhost/127.0.0.1:64791]' for 'GET' to '/devtools/browser/389c9782-07f4-46df-8b6c-e834bc60e110'
18:43:45.544 [AsyncHttpClient-1-22] DEBUG org.asynchttpclient.netty.handler.WebSocketHandler - 

Request DefaultFullHttpRequest(decodeResult: success, version: HTTP/1.1, content: EmptyByteBufBE)
GET /devtools/browser/389c9782-07f4-46df-8b6c-e834bc60e110 HTTP/1.1
upgrade: websocket
connection: upgrade
sec-websocket-key: Kc+rtfpC4gg35NX1vIWlZQ==
sec-websocket-version: 13
origin: http://localhost:64791
host: localhost:64791
accept: */*
user-agent: AHC/2.1

Response DefaultHttpResponse(decodeResult: success, version: HTTP/1.1)
HTTP/1.1 101 WebSocket Protocol Handshake
Upgrade: WebSocket
Connection: Upgrade
Sec-WebSocket-Accept: mwSrkgc/hW09hcM3/rrOZnueG0s=

18:43:45.549 [Forwarding get on session f0184842b6222cfdaa0a8abc54ac0d89 to remote] DEBUG org.asynchttpclient.netty.request.NettyRequestSender - Using pooled Channel '[id: 0xfcd998b9, L:/127.0.0.1:64789 - R:localhost/127.0.0.1:11068]' for 'POST' to 'http://localhost:11068/session/f0184842b6222cfdaa0a8abc54ac0d89/url'
18:43:45.549 [Forwarding get on session f0184842b6222cfdaa0a8abc54ac0d89 to remote] DEBUG org.asynchttpclient.netty.request.NettyRequestSender - Using open Channel [id: 0xfcd998b9, L:/127.0.0.1:64789 - R:localhost/127.0.0.1:11068] for POST '/session/f0184842b6222cfdaa0a8abc54ac0d89/url'
18:43:46.190 [AsyncHttpClient-1-1] DEBUG org.asynchttpclient.netty.channel.DefaultChannelPool - Entry count for : http://localhost:64791 : 1
18:43:47.286 [AsyncHttpClient-1-1] DEBUG org.asynchttpclient.netty.channel.DefaultChannelPool - Entry count for : http://localhost:64791 : 1
18:43:48.386 [AsyncHttpClient-1-1] DEBUG org.asynchttpclient.netty.channel.DefaultChannelPool - Entry count for : http://localhost:64791 : 1
18:43:49.422 [AsyncHttpClient-1-20] DEBUG org.asynchttpclient.netty.handler.HttpHandler - 

Request DefaultHttpRequest(decodeResult: success, version: HTTP/1.1)
POST /session/f0184842b6222cfdaa0a8abc54ac0d89/url HTTP/1.1
User-Agent: selenium/4.8.1 (java windows)
Content-Length: 59
Content-Type: application/json; charset=utf-8
host: localhost:11068
accept: */*

Response DefaultHttpResponse(decodeResult: success, version: HTTP/1.1)
HTTP/1.1 200 OK
Content-Length: 14
Content-Type: application/json; charset=utf-8
cache-control: no-cache

18:43:49.422 [AsyncHttpClient-1-20] DEBUG org.asynchttpclient.netty.channel.ChannelManager - Adding key: http://localhost:11068 for channel [id: 0xfcd998b9, L:/127.0.0.1:64789 - R:localhost/127.0.0.1:11068]
18:43:49.423 [Forwarding setTimeout on session f0184842b6222cfdaa0a8abc54ac0d89 to remote] DEBUG org.asynchttpclient.netty.request.NettyRequestSender - Using pooled Channel '[id: 0xfcd998b9, L:/127.0.0.1:64789 - R:localhost/127.0.0.1:11068]' for 'POST' to 'http://localhost:11068/session/f0184842b6222cfdaa0a8abc54ac0d89/timeouts'
18:43:49.423 [Forwarding setTimeout on session f0184842b6222cfdaa0a8abc54ac0d89 to remote] DEBUG org.asynchttpclient.netty.request.NettyRequestSender - Using open Channel [id: 0xfcd998b9, L:/127.0.0.1:64789 - R:localhost/127.0.0.1:11068] for POST '/session/f0184842b6222cfdaa0a8abc54ac0d89/timeouts'
18:43:49.423 [AsyncHttpClient-1-20] DEBUG org.asynchttpclient.netty.handler.HttpHandler - 

Request DefaultHttpRequest(decodeResult: success, version: HTTP/1.1)
POST /session/f0184842b6222cfdaa0a8abc54ac0d89/timeouts HTTP/1.1
User-Agent: selenium/4.8.1 (java windows)
Content-Length: 22
Content-Type: application/json; charset=utf-8
host: localhost:11068
accept: */*

Response DefaultHttpResponse(decodeResult: success, version: HTTP/1.1)
HTTP/1.1 200 OK
Content-Length: 14
Content-Type: application/json; charset=utf-8
cache-control: no-cache

18:43:49.423 [AsyncHttpClient-1-20] DEBUG org.asynchttpclient.netty.channel.ChannelManager - Adding key: http://localhost:11068 for channel [id: 0xfcd998b9, L:/127.0.0.1:64789 - R:localhost/127.0.0.1:11068]
18:43:49.427 [main] DEBUG net.serenitybdd.core.photography.Darkroom - Opening darkroom
18:43:49.428 [Darkroom Processing Line] DEBUG net.serenitybdd.core.photography.DarkroomProcessingLine - Darkroom processing line starting up
18:43:49.428 [Forwarding getAlertText on session f0184842b6222cfdaa0a8abc54ac0d89 to remote] DEBUG org.asynchttpclient.netty.request.NettyRequestSender - Using pooled Channel '[id: 0xfcd998b9, L:/127.0.0.1:64789 - R:localhost/127.0.0.1:11068]' for 'GET' to 'http://localhost:11068/session/f0184842b6222cfdaa0a8abc54ac0d89/alert/text'
18:43:49.428 [Forwarding getAlertText on session f0184842b6222cfdaa0a8abc54ac0d89 to remote] DEBUG org.asynchttpclient.netty.request.NettyRequestSender - Using open Channel [id: 0xfcd998b9, L:/127.0.0.1:64789 - R:localhost/127.0.0.1:11068] for GET '/session/f0184842b6222cfdaa0a8abc54ac0d89/alert/text'
18:43:49.429 [AsyncHttpClient-1-20] DEBUG org.asynchttpclient.netty.handler.HttpHandler - 

Request DefaultFullHttpRequest(decodeResult: success, version: HTTP/1.1, content: EmptyByteBufBE)
GET /session/f0184842b6222cfdaa0a8abc54ac0d89/alert/text HTTP/1.1
User-Agent: selenium/4.8.1 (java windows)
Cache-Control: no-cache
Content-Type: application/json; charset=utf-8
host: localhost:11068
accept: */*

Response DefaultHttpResponse(decodeResult: success, version: HTTP/1.1)
HTTP/1.1 404 Not Found
Content-Length: 821
Content-Type: application/json; charset=utf-8
cache-control: no-cache

18:43:49.430 [AsyncHttpClient-1-20] DEBUG org.asynchttpclient.netty.channel.ChannelManager - Adding key: http://localhost:11068 for channel [id: 0xfcd998b9, L:/127.0.0.1:64789 - R:localhost/127.0.0.1:11068]
18:43:49.430 [Forwarding getCurrentUrl on session f0184842b6222cfdaa0a8abc54ac0d89 to remote] DEBUG org.asynchttpclient.netty.request.NettyRequestSender - Using pooled Channel '[id: 0xfcd998b9, L:/127.0.0.1:64789 - R:localhost/127.0.0.1:11068]' for 'GET' to 'http://localhost:11068/session/f0184842b6222cfdaa0a8abc54ac0d89/url'
18:43:49.430 [Forwarding getCurrentUrl on session f0184842b6222cfdaa0a8abc54ac0d89 to remote] DEBUG org.asynchttpclient.netty.request.NettyRequestSender - Using open Channel [id: 0xfcd998b9, L:/127.0.0.1:64789 - R:localhost/127.0.0.1:11068] for GET '/session/f0184842b6222cfdaa0a8abc54ac0d89/url'
18:43:49.433 [AsyncHttpClient-1-20] DEBUG org.asynchttpclient.netty.handler.HttpHandler - 

Request DefaultFullHttpRequest(decodeResult: success, version: HTTP/1.1, content: EmptyByteBufBE)
GET /session/f0184842b6222cfdaa0a8abc54ac0d89/url HTTP/1.1
User-Agent: selenium/4.8.1 (java windows)
Cache-Control: no-cache
Content-Type: application/json; charset=utf-8
host: localhost:11068
accept: */*

Response DefaultHttpResponse(decodeResult: success, version: HTTP/1.1)
HTTP/1.1 200 OK
Content-Length: 41
Content-Type: application/json; charset=utf-8
cache-control: no-cache

18:43:49.434 [AsyncHttpClient-1-20] DEBUG org.asynchttpclient.netty.channel.ChannelManager - Adding key: http://localhost:11068 for channel [id: 0xfcd998b9, L:/127.0.0.1:64789 - R:localhost/127.0.0.1:11068]
18:43:49.434 [Forwarding screenshot on session f0184842b6222cfdaa0a8abc54ac0d89 to remote] DEBUG org.asynchttpclient.netty.request.NettyRequestSender - Using pooled Channel '[id: 0xfcd998b9, L:/127.0.0.1:64789 - R:localhost/127.0.0.1:11068]' for 'GET' to 'http://localhost:11068/session/f0184842b6222cfdaa0a8abc54ac0d89/screenshot'
18:43:49.434 [Forwarding screenshot on session f0184842b6222cfdaa0a8abc54ac0d89 to remote] DEBUG org.asynchttpclient.netty.request.NettyRequestSender - Using open Channel [id: 0xfcd998b9, L:/127.0.0.1:64789 - R:localhost/127.0.0.1:11068] for GET '/session/f0184842b6222cfdaa0a8abc54ac0d89/screenshot'
18:43:49.487 [AsyncHttpClient-1-1] DEBUG org.asynchttpclient.netty.channel.DefaultChannelPool - Entry count for : http://localhost:64791 : 1
18:43:50.015 [AsyncHttpClient-1-20] DEBUG org.asynchttpclient.netty.handler.HttpHandler - 

Request DefaultFullHttpRequest(decodeResult: success, version: HTTP/1.1, content: EmptyByteBufBE)
GET /session/f0184842b6222cfdaa0a8abc54ac0d89/screenshot HTTP/1.1
User-Agent: selenium/4.8.1 (java windows)
Cache-Control: no-cache
Content-Type: application/json; charset=utf-8
host: localhost:11068
accept: */*

Response DefaultHttpResponse(decodeResult: success, version: HTTP/1.1)
HTTP/1.1 200 OK
Content-Length: 96608
Content-Type: application/json; charset=utf-8
cache-control: no-cache

18:43:50.017 [AsyncHttpClient-1-20] DEBUG org.asynchttpclient.netty.channel.ChannelManager - Adding key: http://localhost:11068 for channel [id: 0xfcd998b9, L:/127.0.0.1:64789 - R:localhost/127.0.0.1:11068]
18:43:50.019 [main] DEBUG net.serenitybdd.core.photography.Darkroom - Send negative for processing for target\site\serenity\122e58814d0fc629db23b4ff9ae0233e3316bf515077042bd85aa8163b0365ff.png
18:43:50.019 [Forwarding getPageSource on session f0184842b6222cfdaa0a8abc54ac0d89 to remote] DEBUG org.asynchttpclient.netty.request.NettyRequestSender - Using pooled Channel '[id: 0xfcd998b9, L:/127.0.0.1:64789 - R:localhost/127.0.0.1:11068]' for 'POST' to 'http://localhost:11068/session/f0184842b6222cfdaa0a8abc54ac0d89/execute/sync'
18:43:50.019 [Forwarding getPageSource on session f0184842b6222cfdaa0a8abc54ac0d89 to remote] DEBUG org.asynchttpclient.netty.request.NettyRequestSender - Using open Channel [id: 0xfcd998b9, L:/127.0.0.1:64789 - R:localhost/127.0.0.1:11068] for POST '/session/f0184842b6222cfdaa0a8abc54ac0d89/execute/sync'
18:43:50.057 [AsyncHttpClient-1-20] DEBUG org.asynchttpclient.netty.handler.HttpHandler - 

Request DefaultHttpRequest(decodeResult: success, version: HTTP/1.1)
POST /session/f0184842b6222cfdaa0a8abc54ac0d89/execute/sync HTTP/1.1
User-Agent: selenium/4.8.1 (java windows)
Content-Length: 176
Content-Type: application/json; charset=utf-8
host: localhost:11068
accept: */*

Response DefaultHttpResponse(decodeResult: success, version: HTTP/1.1)
HTTP/1.1 200 OK
Content-Length: 904358
Content-Type: application/json; charset=utf-8
cache-control: no-cache

18:43:50.058 [AsyncHttpClient-1-20] DEBUG org.asynchttpclient.netty.channel.ChannelManager - Adding key: http://localhost:11068 for channel [id: 0xfcd998b9, L:/127.0.0.1:64789 - R:localhost/127.0.0.1:11068]
18:43:50.098 [Forwarding getCurrentUrl on session f0184842b6222cfdaa0a8abc54ac0d89 to remote] DEBUG org.asynchttpclient.netty.request.NettyRequestSender - Using pooled Channel '[id: 0xfcd998b9, L:/127.0.0.1:64789 - R:localhost/127.0.0.1:11068]' for 'GET' to 'http://localhost:11068/session/f0184842b6222cfdaa0a8abc54ac0d89/url'
18:43:50.098 [Forwarding getCurrentUrl on session f0184842b6222cfdaa0a8abc54ac0d89 to remote] DEBUG org.asynchttpclient.netty.request.NettyRequestSender - Using open Channel [id: 0xfcd998b9, L:/127.0.0.1:64789 - R:localhost/127.0.0.1:11068] for GET '/session/f0184842b6222cfdaa0a8abc54ac0d89/url'
18:43:50.100 [AsyncHttpClient-1-20] DEBUG org.asynchttpclient.netty.handler.HttpHandler - 

Request DefaultFullHttpRequest(decodeResult: success, version: HTTP/1.1, content: EmptyByteBufBE)
GET /session/f0184842b6222cfdaa0a8abc54ac0d89/url HTTP/1.1
User-Agent: selenium/4.8.1 (java windows)
Cache-Control: no-cache
Content-Type: application/json; charset=utf-8
host: localhost:11068
accept: */*

Response DefaultHttpResponse(decodeResult: success, version: HTTP/1.1)
HTTP/1.1 200 OK
Content-Length: 41
Content-Type: application/json; charset=utf-8
cache-control: no-cache

18:43:50.100 [AsyncHttpClient-1-20] DEBUG org.asynchttpclient.netty.channel.ChannelManager - Adding key: http://localhost:11068 for channel [id: 0xfcd998b9, L:/127.0.0.1:64789 - R:localhost/127.0.0.1:11068]
18:43:50.104 [main] DEBUG net.thucydides.core.steps.StepInterceptor - STARTING STEP: RegisterPosSteps.onTheNonAccountHomePage - validateOnNonAccountHomePage
18:43:50.106 [Forwarding findElement on session f0184842b6222cfdaa0a8abc54ac0d89 to remote] DEBUG org.asynchttpclient.netty.request.NettyRequestSender - Using pooled Channel '[id: 0xfcd998b9, L:/127.0.0.1:64789 - R:localhost/127.0.0.1:11068]' for 'POST' to 'http://localhost:11068/session/f0184842b6222cfdaa0a8abc54ac0d89/element'
18:43:50.106 [Forwarding findElement on session f0184842b6222cfdaa0a8abc54ac0d89 to remote] DEBUG org.asynchttpclient.netty.request.NettyRequestSender - Using open Channel [id: 0xfcd998b9, L:/127.0.0.1:64789 - R:localhost/127.0.0.1:11068] for POST '/session/f0184842b6222cfdaa0a8abc54ac0d89/element'
18:43:50.120 [AsyncHttpClient-1-20] DEBUG org.asynchttpclient.netty.handler.HttpHandler - 

Request DefaultHttpRequest(decodeResult: success, version: HTTP/1.1)
POST /session/f0184842b6222cfdaa0a8abc54ac0d89/element HTTP/1.1
User-Agent: selenium/4.8.1 (java windows)
Content-Length: 168
Content-Type: application/json; charset=utf-8
host: localhost:11068
accept: */*

Response DefaultHttpResponse(decodeResult: success, version: HTTP/1.1)
HTTP/1.1 200 OK
Content-Length: 88
Content-Type: application/json; charset=utf-8
cache-control: no-cache

18:43:50.120 [AsyncHttpClient-1-20] DEBUG org.asynchttpclient.netty.channel.ChannelManager - Adding key: http://localhost:11068 for channel [id: 0xfcd998b9, L:/127.0.0.1:64789 - R:localhost/127.0.0.1:11068]
18:43:50.123 [Forwarding isElementDisplayed on session f0184842b6222cfdaa0a8abc54ac0d89 to remote] DEBUG org.asynchttpclient.netty.request.NettyRequestSender - Using pooled Channel '[id: 0xfcd998b9, L:/127.0.0.1:64789 - R:localhost/127.0.0.1:11068]' for 'POST' to 'http://localhost:11068/session/f0184842b6222cfdaa0a8abc54ac0d89/execute/sync'
18:43:50.123 [Forwarding isElementDisplayed on session f0184842b6222cfdaa0a8abc54ac0d89 to remote] DEBUG org.asynchttpclient.netty.request.NettyRequestSender - Using open Channel [id: 0xfcd998b9, L:/127.0.0.1:64789 - R:localhost/127.0.0.1:11068] for POST '/session/f0184842b6222cfdaa0a8abc54ac0d89/execute/sync'
18:43:50.131 [AsyncHttpClient-1-20] DEBUG org.asynchttpclient.netty.handler.HttpHandler - 

Request DefaultHttpRequest(decodeResult: success, version: HTTP/1.1)
POST /session/f0184842b6222cfdaa0a8abc54ac0d89/execute/sync HTTP/1.1
User-Agent: selenium/4.8.1 (java windows)
Content-Length: 48807
Content-Type: application/json; charset=utf-8
host: localhost:11068
accept: */*

Response DefaultHttpResponse(decodeResult: success, version: HTTP/1.1)
HTTP/1.1 200 OK
Content-Length: 14
Content-Type: application/json; charset=utf-8
cache-control: no-cache

18:43:50.133 [AsyncHttpClient-1-20] DEBUG org.asynchttpclient.netty.channel.ChannelManager - Adding key: http://localhost:11068 for channel [id: 0xfcd998b9, L:/127.0.0.1:64789 - R:localhost/127.0.0.1:11068]
18:43:50.136 [Forwarding getAlertText on session f0184842b6222cfdaa0a8abc54ac0d89 to remote] DEBUG org.asynchttpclient.netty.request.NettyRequestSender - Using pooled Channel '[id: 0xfcd998b9, L:/127.0.0.1:64789 - R:localhost/127.0.0.1:11068]' for 'GET' to 'http://localhost:11068/session/f0184842b6222cfdaa0a8abc54ac0d89/alert/text'
18:43:50.136 [Forwarding getAlertText on session f0184842b6222cfdaa0a8abc54ac0d89 to remote] DEBUG org.asynchttpclient.netty.request.NettyRequestSender - Using open Channel [id: 0xfcd998b9, L:/127.0.0.1:64789 - R:localhost/127.0.0.1:11068] for GET '/session/f0184842b6222cfdaa0a8abc54ac0d89/alert/text'
18:43:50.137 [AsyncHttpClient-1-20] DEBUG org.asynchttpclient.netty.handler.HttpHandler - 

Request DefaultFullHttpRequest(decodeResult: success, version: HTTP/1.1, content: EmptyByteBufBE)
GET /session/f0184842b6222cfdaa0a8abc54ac0d89/alert/text HTTP/1.1
User-Agent: selenium/4.8.1 (java windows)
Cache-Control: no-cache
Content-Type: application/json; charset=utf-8
host: localhost:11068
accept: */*

Response DefaultHttpResponse(decodeResult: success, version: HTTP/1.1)
HTTP/1.1 404 Not Found
Content-Length: 821
Content-Type: application/json; charset=utf-8
cache-control: no-cache

18:43:50.137 [AsyncHttpClient-1-20] DEBUG org.asynchttpclient.netty.channel.ChannelManager - Adding key: http://localhost:11068 for channel [id: 0xfcd998b9, L:/127.0.0.1:64789 - R:localhost/127.0.0.1:11068]
18:43:50.138 [Forwarding getCurrentUrl on session f0184842b6222cfdaa0a8abc54ac0d89 to remote] DEBUG org.asynchttpclient.netty.request.NettyRequestSender - Using pooled Channel '[id: 0xfcd998b9, L:/127.0.0.1:64789 - R:localhost/127.0.0.1:11068]' for 'GET' to 'http://localhost:11068/session/f0184842b6222cfdaa0a8abc54ac0d89/url'
18:43:50.138 [Forwarding getCurrentUrl on session f0184842b6222cfdaa0a8abc54ac0d89 to remote] DEBUG org.asynchttpclient.netty.request.NettyRequestSender - Using open Channel [id: 0xfcd998b9, L:/127.0.0.1:64789 - R:localhost/127.0.0.1:11068] for GET '/session/f0184842b6222cfdaa0a8abc54ac0d89/url'
18:43:50.140 [AsyncHttpClient-1-20] DEBUG org.asynchttpclient.netty.handler.HttpHandler - 

Request DefaultFullHttpRequest(decodeResult: success, version: HTTP/1.1, content: EmptyByteBufBE)
GET /session/f0184842b6222cfdaa0a8abc54ac0d89/url HTTP/1.1
User-Agent: selenium/4.8.1 (java windows)
Cache-Control: no-cache
Content-Type: application/json; charset=utf-8
host: localhost:11068
accept: */*

Response DefaultHttpResponse(decodeResult: success, version: HTTP/1.1)
HTTP/1.1 200 OK
Content-Length: 41
Content-Type: application/json; charset=utf-8
cache-control: no-cache

18:43:50.140 [AsyncHttpClient-1-20] DEBUG org.asynchttpclient.netty.channel.ChannelManager - Adding key: http://localhost:11068 for channel [id: 0xfcd998b9, L:/127.0.0.1:64789 - R:localhost/127.0.0.1:11068]
18:43:50.141 [Forwarding screenshot on session f0184842b6222cfdaa0a8abc54ac0d89 to remote] DEBUG org.asynchttpclient.netty.request.NettyRequestSender - Using pooled Channel '[id: 0xfcd998b9, L:/127.0.0.1:64789 - R:localhost/127.0.0.1:11068]' for 'GET' to 'http://localhost:11068/session/f0184842b6222cfdaa0a8abc54ac0d89/screenshot'
18:43:50.141 [Forwarding screenshot on session f0184842b6222cfdaa0a8abc54ac0d89 to remote] DEBUG org.asynchttpclient.netty.request.NettyRequestSender - Using open Channel [id: 0xfcd998b9, L:/127.0.0.1:64789 - R:localhost/127.0.0.1:11068] for GET '/session/f0184842b6222cfdaa0a8abc54ac0d89/screenshot'
18:43:50.219 [AsyncHttpClient-1-20] DEBUG org.asynchttpclient.netty.handler.HttpHandler - 

Request DefaultFullHttpRequest(decodeResult: success, version: HTTP/1.1, content: EmptyByteBufBE)
GET /session/f0184842b6222cfdaa0a8abc54ac0d89/screenshot HTTP/1.1
User-Agent: selenium/4.8.1 (java windows)
Cache-Control: no-cache
Content-Type: application/json; charset=utf-8
host: localhost:11068
accept: */*

Response DefaultHttpResponse(decodeResult: success, version: HTTP/1.1)
HTTP/1.1 200 OK
Content-Length: 96608
Content-Type: application/json; charset=utf-8
cache-control: no-cache

18:43:50.219 [AsyncHttpClient-1-20] DEBUG org.asynchttpclient.netty.channel.ChannelManager - Adding key: http://localhost:11068 for channel [id: 0xfcd998b9, L:/127.0.0.1:64789 - R:localhost/127.0.0.1:11068]
18:43:50.221 [main] DEBUG net.serenitybdd.core.photography.Darkroom - Send negative for processing for target\site\serenity\122e58814d0fc629db23b4ff9ae0233e3316bf515077042bd85aa8163b0365ff.png
18:43:50.222 [main] DEBUG net.thucydides.core.steps.StepInterceptor - STEP DONE: validateOnNonAccountHomePage
  &amp#27;[32mGiven &amp#27;[0m&amp#27;[32mI am on the non-account home page&amp#27;[0m             &amp#27;[90m# starter.stepDefinition.RegisterPosSteps.onTheNonAccountHomePage()&amp#27;[0m
18:43:50.229 [Forwarding getPageSource on session f0184842b6222cfdaa0a8abc54ac0d89 to remote] DEBUG org.asynchttpclient.netty.request.NettyRequestSender - Using pooled Channel '[id: 0xfcd998b9, L:/127.0.0.1:64789 - R:localhost/127.0.0.1:11068]' for 'POST' to 'http://localhost:11068/session/f0184842b6222cfdaa0a8abc54ac0d89/execute/sync'
18:43:50.229 [Forwarding getPageSource on session f0184842b6222cfdaa0a8abc54ac0d89 to remote] DEBUG org.asynchttpclient.netty.request.NettyRequestSender - Using open Channel [id: 0xfcd998b9, L:/127.0.0.1:64789 - R:localhost/127.0.0.1:11068] for POST '/session/f0184842b6222cfdaa0a8abc54ac0d89/execute/sync'
18:43:50.311 [AsyncHttpClient-1-20] DEBUG org.asynchttpclient.netty.handler.HttpHandler - 

Request DefaultHttpRequest(decodeResult: success, version: HTTP/1.1)
POST /session/f0184842b6222cfdaa0a8abc54ac0d89/execute/sync HTTP/1.1
User-Agent: selenium/4.8.1 (java windows)
Content-Length: 176
Content-Type: application/json; charset=utf-8
host: localhost:11068
accept: */*

Response DefaultHttpResponse(decodeResult: success, version: HTTP/1.1)
HTTP/1.1 200 OK
Content-Length: 904358
Content-Type: application/json; charset=utf-8
cache-control: no-cache

18:43:50.312 [AsyncHttpClient-1-20] DEBUG org.asynchttpclient.netty.channel.ChannelManager - Adding key: http://localhost:11068 for channel [id: 0xfcd998b9, L:/127.0.0.1:64789 - R:localhost/127.0.0.1:11068]
18:43:50.364 [Forwarding getCurrentUrl on session f0184842b6222cfdaa0a8abc54ac0d89 to remote] DEBUG org.asynchttpclient.netty.request.NettyRequestSender - Using pooled Channel '[id: 0xfcd998b9, L:/127.0.0.1:64789 - R:localhost/127.0.0.1:11068]' for 'GET' to 'http://localhost:11068/session/f0184842b6222cfdaa0a8abc54ac0d89/url'
18:43:50.364 [Forwarding getCurrentUrl on session f0184842b6222cfdaa0a8abc54ac0d89 to remote] DEBUG org.asynchttpclient.netty.request.NettyRequestSender - Using open Channel [id: 0xfcd998b9, L:/127.0.0.1:64789 - R:localhost/127.0.0.1:11068] for GET '/session/f0184842b6222cfdaa0a8abc54ac0d89/url'
18:43:50.366 [AsyncHttpClient-1-20] DEBUG org.asynchttpclient.netty.handler.HttpHandler - 

Request DefaultFullHttpRequest(decodeResult: success, version: HTTP/1.1, content: EmptyByteBufBE)
GET /session/f0184842b6222cfdaa0a8abc54ac0d89/url HTTP/1.1
User-Agent: selenium/4.8.1 (java windows)
Cache-Control: no-cache
Content-Type: application/json; charset=utf-8
host: localhost:11068
accept: */*

Response DefaultHttpResponse(decodeResult: success, version: HTTP/1.1)
HTTP/1.1 200 OK
Content-Length: 41
Content-Type: application/json; charset=utf-8
cache-control: no-cache

18:43:50.366 [AsyncHttpClient-1-20] DEBUG org.asynchttpclient.netty.channel.ChannelManager - Adding key: http://localhost:11068 for channel [id: 0xfcd998b9, L:/127.0.0.1:64789 - R:localhost/127.0.0.1:11068]
18:43:50.373 [Forwarding getAlertText on session f0184842b6222cfdaa0a8abc54ac0d89 to remote] DEBUG org.asynchttpclient.netty.request.NettyRequestSender - Using pooled Channel '[id: 0xfcd998b9, L:/127.0.0.1:64789 - R:localhost/127.0.0.1:11068]' for 'GET' to 'http://localhost:11068/session/f0184842b6222cfdaa0a8abc54ac0d89/alert/text'
18:43:50.373 [Forwarding getAlertText on session f0184842b6222cfdaa0a8abc54ac0d89 to remote] DEBUG org.asynchttpclient.netty.request.NettyRequestSender - Using open Channel [id: 0xfcd998b9, L:/127.0.0.1:64789 - R:localhost/127.0.0.1:11068] for GET '/session/f0184842b6222cfdaa0a8abc54ac0d89/alert/text'
18:43:50.374 [AsyncHttpClient-1-20] DEBUG org.asynchttpclient.netty.handler.HttpHandler - 

Request DefaultFullHttpRequest(decodeResult: success, version: HTTP/1.1, content: EmptyByteBufBE)
GET /session/f0184842b6222cfdaa0a8abc54ac0d89/alert/text HTTP/1.1
User-Agent: selenium/4.8.1 (java windows)
Cache-Control: no-cache
Content-Type: application/json; charset=utf-8
host: localhost:11068
accept: */*

Response DefaultHttpResponse(decodeResult: success, version: HTTP/1.1)
HTTP/1.1 404 Not Found
Content-Length: 821
Content-Type: application/json; charset=utf-8
cache-control: no-cache

18:43:50.374 [AsyncHttpClient-1-20] DEBUG org.asynchttpclient.netty.channel.ChannelManager - Adding key: http://localhost:11068 for channel [id: 0xfcd998b9, L:/127.0.0.1:64789 - R:localhost/127.0.0.1:11068]
18:43:50.375 [Forwarding getCurrentUrl on session f0184842b6222cfdaa0a8abc54ac0d89 to remote] DEBUG org.asynchttpclient.netty.request.NettyRequestSender - Using pooled Channel '[id: 0xfcd998b9, L:/127.0.0.1:64789 - R:localhost/127.0.0.1:11068]' for 'GET' to 'http://localhost:11068/session/f0184842b6222cfdaa0a8abc54ac0d89/url'
18:43:50.375 [Forwarding getCurrentUrl on session f0184842b6222cfdaa0a8abc54ac0d89 to remote] DEBUG org.asynchttpclient.netty.request.NettyRequestSender - Using open Channel [id: 0xfcd998b9, L:/127.0.0.1:64789 - R:localhost/127.0.0.1:11068] for GET '/session/f0184842b6222cfdaa0a8abc54ac0d89/url'
18:43:50.378 [AsyncHttpClient-1-20] DEBUG org.asynchttpclient.netty.handler.HttpHandler - 

Request DefaultFullHttpRequest(decodeResult: success, version: HTTP/1.1, content: EmptyByteBufBE)
GET /session/f0184842b6222cfdaa0a8abc54ac0d89/url HTTP/1.1
User-Agent: selenium/4.8.1 (java windows)
Cache-Control: no-cache
Content-Type: application/json; charset=utf-8
host: localhost:11068
accept: */*

Response DefaultHttpResponse(decodeResult: success, version: HTTP/1.1)
HTTP/1.1 200 OK
Content-Length: 41
Content-Type: application/json; charset=utf-8
cache-control: no-cache

18:43:50.378 [AsyncHttpClient-1-20] DEBUG org.asynchttpclient.netty.channel.ChannelManager - Adding key: http://localhost:11068 for channel [id: 0xfcd998b9, L:/127.0.0.1:64789 - R:localhost/127.0.0.1:11068]
18:43:50.378 [Forwarding screenshot on session f0184842b6222cfdaa0a8abc54ac0d89 to remote] DEBUG org.asynchttpclient.netty.request.NettyRequestSender - Using pooled Channel '[id: 0xfcd998b9, L:/127.0.0.1:64789 - R:localhost/127.0.0.1:11068]' for 'GET' to 'http://localhost:11068/session/f0184842b6222cfdaa0a8abc54ac0d89/screenshot'
18:43:50.379 [Forwarding screenshot on session f0184842b6222cfdaa0a8abc54ac0d89 to remote] DEBUG org.asynchttpclient.netty.request.NettyRequestSender - Using open Channel [id: 0xfcd998b9, L:/127.0.0.1:64789 - R:localhost/127.0.0.1:11068] for GET '/session/f0184842b6222cfdaa0a8abc54ac0d89/screenshot'
18:43:50.454 [AsyncHttpClient-1-20] DEBUG org.asynchttpclient.netty.handler.HttpHandler - 

Request DefaultFullHttpRequest(decodeResult: success, version: HTTP/1.1, content: EmptyByteBufBE)
GET /session/f0184842b6222cfdaa0a8abc54ac0d89/screenshot HTTP/1.1
User-Agent: selenium/4.8.1 (java windows)
Cache-Control: no-cache
Content-Type: application/json; charset=utf-8
host: localhost:11068
accept: */*

Response DefaultHttpResponse(decodeResult: success, version: HTTP/1.1)
HTTP/1.1 200 OK
Content-Length: 96608
Content-Type: application/json; charset=utf-8
cache-control: no-cache

18:43:50.454 [AsyncHttpClient-1-20] DEBUG org.asynchttpclient.netty.channel.ChannelManager - Adding key: http://localhost:11068 for channel [id: 0xfcd998b9, L:/127.0.0.1:64789 - R:localhost/127.0.0.1:11068]
18:43:50.456 [main] DEBUG net.serenitybdd.core.photography.Darkroom - Send negative for processing for target\site\serenity\122e58814d0fc629db23b4ff9ae0233e3316bf515077042bd85aa8163b0365ff.png
18:43:50.457 [Forwarding getPageSource on session f0184842b6222cfdaa0a8abc54ac0d89 to remote] DEBUG org.asynchttpclient.netty.request.NettyRequestSender - Using pooled Channel '[id: 0xfcd998b9, L:/127.0.0.1:64789 - R:localhost/127.0.0.1:11068]' for 'POST' to 'http://localhost:11068/session/f0184842b6222cfdaa0a8abc54ac0d89/execute/sync'
18:43:50.457 [Forwarding getPageSource on session f0184842b6222cfdaa0a8abc54ac0d89 to remote] DEBUG org.asynchttpclient.netty.request.NettyRequestSender - Using open Channel [id: 0xfcd998b9, L:/127.0.0.1:64789 - R:localhost/127.0.0.1:11068] for POST '/session/f0184842b6222cfdaa0a8abc54ac0d89/execute/sync'
18:43:50.495 [AsyncHttpClient-1-20] DEBUG org.asynchttpclient.netty.handler.HttpHandler - 

Request DefaultHttpRequest(decodeResult: success, version: HTTP/1.1)
POST /session/f0184842b6222cfdaa0a8abc54ac0d89/execute/sync HTTP/1.1
User-Agent: selenium/4.8.1 (java windows)
Content-Length: 176
Content-Type: application/json; charset=utf-8
host: localhost:11068
accept: */*

Response DefaultHttpResponse(decodeResult: success, version: HTTP/1.1)
HTTP/1.1 200 OK
Content-Length: 904358
Content-Type: application/json; charset=utf-8
cache-control: no-cache

18:43:50.495 [AsyncHttpClient-1-20] DEBUG org.asynchttpclient.netty.channel.ChannelManager - Adding key: http://localhost:11068 for channel [id: 0xfcd998b9, L:/127.0.0.1:64789 - R:localhost/127.0.0.1:11068]
18:43:50.542 [Forwarding getCurrentUrl on session f0184842b6222cfdaa0a8abc54ac0d89 to remote] DEBUG org.asynchttpclient.netty.request.NettyRequestSender - Using pooled Channel '[id: 0xfcd998b9, L:/127.0.0.1:64789 - R:localhost/127.0.0.1:11068]' for 'GET' to 'http://localhost:11068/session/f0184842b6222cfdaa0a8abc54ac0d89/url'
18:43:50.542 [Forwarding getCurrentUrl on session f0184842b6222cfdaa0a8abc54ac0d89 to remote] DEBUG org.asynchttpclient.netty.request.NettyRequestSender - Using open Channel [id: 0xfcd998b9, L:/127.0.0.1:64789 - R:localhost/127.0.0.1:11068] for GET '/session/f0184842b6222cfdaa0a8abc54ac0d89/url'
18:43:50.545 [AsyncHttpClient-1-20] DEBUG org.asynchttpclient.netty.handler.HttpHandler - 

Request DefaultFullHttpRequest(decodeResult: success, version: HTTP/1.1, content: EmptyByteBufBE)
GET /session/f0184842b6222cfdaa0a8abc54ac0d89/url HTTP/1.1
User-Agent: selenium/4.8.1 (java windows)
Cache-Control: no-cache
Content-Type: application/json; charset=utf-8
host: localhost:11068
accept: */*

Response DefaultHttpResponse(decodeResult: success, version: HTTP/1.1)
HTTP/1.1 200 OK
Content-Length: 41
Content-Type: application/json; charset=utf-8
cache-control: no-cache

18:43:50.545 [AsyncHttpClient-1-20] DEBUG org.asynchttpclient.netty.channel.ChannelManager - Adding key: http://localhost:11068 for channel [id: 0xfcd998b9, L:/127.0.0.1:64789 - R:localhost/127.0.0.1:11068]
18:43:50.547 [main] DEBUG net.thucydides.core.steps.StepInterceptor - STARTING STEP: RegisterPosSteps.clickLoginHomeButton - clickLoginHomeButton
18:43:50.549 [Forwarding findElement on session f0184842b6222cfdaa0a8abc54ac0d89 to remote] DEBUG org.asynchttpclient.netty.request.NettyRequestSender - Using pooled Channel '[id: 0xfcd998b9, L:/127.0.0.1:64789 - R:localhost/127.0.0.1:11068]' for 'POST' to 'http://localhost:11068/session/f0184842b6222cfdaa0a8abc54ac0d89/element'
18:43:50.549 [Forwarding findElement on session f0184842b6222cfdaa0a8abc54ac0d89 to remote] DEBUG org.asynchttpclient.netty.request.NettyRequestSender - Using open Channel [id: 0xfcd998b9, L:/127.0.0.1:64789 - R:localhost/127.0.0.1:11068] for POST '/session/f0184842b6222cfdaa0a8abc54ac0d89/element'
18:43:50.559 [AsyncHttpClient-1-20] DEBUG org.asynchttpclient.netty.handler.HttpHandler - 

Request DefaultHttpRequest(decodeResult: success, version: HTTP/1.1)
POST /session/f0184842b6222cfdaa0a8abc54ac0d89/element HTTP/1.1
User-Agent: selenium/4.8.1 (java windows)
Content-Length: 168
Content-Type: application/json; charset=utf-8
host: localhost:11068
accept: */*

Response DefaultHttpResponse(decodeResult: success, version: HTTP/1.1)
HTTP/1.1 200 OK
Content-Length: 88
Content-Type: application/json; charset=utf-8
cache-control: no-cache

18:43:50.559 [AsyncHttpClient-1-20] DEBUG org.asynchttpclient.netty.channel.ChannelManager - Adding key: http://localhost:11068 for channel [id: 0xfcd998b9, L:/127.0.0.1:64789 - R:localhost/127.0.0.1:11068]
18:43:50.559 [Forwarding getElementTagName on session f0184842b6222cfdaa0a8abc54ac0d89 to remote] DEBUG org.asynchttpclient.netty.request.NettyRequestSender - Using pooled Channel '[id: 0xfcd998b9, L:/127.0.0.1:64789 - R:localhost/127.0.0.1:11068]' for 'GET' to 'http://localhost:11068/session/f0184842b6222cfdaa0a8abc54ac0d89/element/53cb0095-e639-4a83-a4fd-9ba1e1431943/name'
18:43:50.559 [Forwarding getElementTagName on session f0184842b6222cfdaa0a8abc54ac0d89 to remote] DEBUG org.asynchttpclient.netty.request.NettyRequestSender - Using open Channel [id: 0xfcd998b9, L:/127.0.0.1:64789 - R:localhost/127.0.0.1:11068] for GET '/session/f0184842b6222cfdaa0a8abc54ac0d89/element/53cb0095-e639-4a83-a4fd-9ba1e1431943/name'
18:43:50.562 [AsyncHttpClient-1-20] DEBUG org.asynchttpclient.netty.handler.HttpHandler - 

Request DefaultFullHttpRequest(decodeResult: success, version: HTTP/1.1, content: EmptyByteBufBE)
GET /session/f0184842b6222cfdaa0a8abc54ac0d89/element/53cb0095-e639-4a83-a4fd-9ba1e1431943/name HTTP/1.1
User-Agent: selenium/4.8.1 (java windows)
Cache-Control: no-cache
Content-Type: application/json; charset=utf-8
host: localhost:11068
accept: */*

Response DefaultHttpResponse(decodeResult: success, version: HTTP/1.1)
HTTP/1.1 200 OK
Content-Length: 13
Content-Type: application/json; charset=utf-8
cache-control: no-cache

18:43:50.562 [AsyncHttpClient-1-20] DEBUG org.asynchttpclient.netty.channel.ChannelManager - Adding key: http://localhost:11068 for channel [id: 0xfcd998b9, L:/127.0.0.1:64789 - R:localhost/127.0.0.1:11068]
18:43:50.562 [Forwarding getElementTagName on session f0184842b6222cfdaa0a8abc54ac0d89 to remote] DEBUG org.asynchttpclient.netty.request.NettyRequestSender - Using pooled Channel '[id: 0xfcd998b9, L:/127.0.0.1:64789 - R:localhost/127.0.0.1:11068]' for 'GET' to 'http://localhost:11068/session/f0184842b6222cfdaa0a8abc54ac0d89/element/53cb0095-e639-4a83-a4fd-9ba1e1431943/name'
18:43:50.562 [Forwarding getElementTagName on session f0184842b6222cfdaa0a8abc54ac0d89 to remote] DEBUG org.asynchttpclient.netty.request.NettyRequestSender - Using open Channel [id: 0xfcd998b9, L:/127.0.0.1:64789 - R:localhost/127.0.0.1:11068] for GET '/session/f0184842b6222cfdaa0a8abc54ac0d89/element/53cb0095-e639-4a83-a4fd-9ba1e1431943/name'
18:43:50.564 [AsyncHttpClient-1-20] DEBUG org.asynchttpclient.netty.handler.HttpHandler - 

Request DefaultFullHttpRequest(decodeResult: success, version: HTTP/1.1, content: EmptyByteBufBE)
GET /session/f0184842b6222cfdaa0a8abc54ac0d89/element/53cb0095-e639-4a83-a4fd-9ba1e1431943/name HTTP/1.1
User-Agent: selenium/4.8.1 (java windows)
Cache-Control: no-cache
Content-Type: application/json; charset=utf-8
host: localhost:11068
accept: */*

Response DefaultHttpResponse(decodeResult: success, version: HTTP/1.1)
HTTP/1.1 200 OK
Content-Length: 13
Content-Type: application/json; charset=utf-8
cache-control: no-cache

18:43:50.564 [AsyncHttpClient-1-20] DEBUG org.asynchttpclient.netty.channel.ChannelManager - Adding key: http://localhost:11068 for channel [id: 0xfcd998b9, L:/127.0.0.1:64789 - R:localhost/127.0.0.1:11068]
18:43:50.565 [Forwarding findElement on session f0184842b6222cfdaa0a8abc54ac0d89 to remote] DEBUG org.asynchttpclient.netty.request.NettyRequestSender - Using pooled Channel '[id: 0xfcd998b9, L:/127.0.0.1:64789 - R:localhost/127.0.0.1:11068]' for 'POST' to 'http://localhost:11068/session/f0184842b6222cfdaa0a8abc54ac0d89/element'
18:43:50.565 [Forwarding findElement on session f0184842b6222cfdaa0a8abc54ac0d89 to remote] DEBUG org.asynchttpclient.netty.request.NettyRequestSender - Using open Channel [id: 0xfcd998b9, L:/127.0.0.1:64789 - R:localhost/127.0.0.1:11068] for POST '/session/f0184842b6222cfdaa0a8abc54ac0d89/element'
18:43:50.574 [AsyncHttpClient-1-20] DEBUG org.asynchttpclient.netty.handler.HttpHandler - 

Request DefaultHttpRequest(decodeResult: success, version: HTTP/1.1)
POST /session/f0184842b6222cfdaa0a8abc54ac0d89/element HTTP/1.1
User-Agent: selenium/4.8.1 (java windows)
Content-Length: 168
Content-Type: application/json; charset=utf-8
host: localhost:11068
accept: */*

Response DefaultHttpResponse(decodeResult: success, version: HTTP/1.1)
HTTP/1.1 200 OK
Content-Length: 88
Content-Type: application/json; charset=utf-8
cache-control: no-cache

18:43:50.574 [AsyncHttpClient-1-20] DEBUG org.asynchttpclient.netty.channel.ChannelManager - Adding key: http://localhost:11068 for channel [id: 0xfcd998b9, L:/127.0.0.1:64789 - R:localhost/127.0.0.1:11068]
18:43:50.574 [Forwarding clickElement on session f0184842b6222cfdaa0a8abc54ac0d89 to remote] DEBUG org.asynchttpclient.netty.request.NettyRequestSender - Using pooled Channel '[id: 0xfcd998b9, L:/127.0.0.1:64789 - R:localhost/127.0.0.1:11068]' for 'POST' to 'http://localhost:11068/session/f0184842b6222cfdaa0a8abc54ac0d89/element/53cb0095-e639-4a83-a4fd-9ba1e1431943/click'
18:43:50.574 [Forwarding clickElement on session f0184842b6222cfdaa0a8abc54ac0d89 to remote] DEBUG org.asynchttpclient.netty.request.NettyRequestSender - Using open Channel [id: 0xfcd998b9, L:/127.0.0.1:64789 - R:localhost/127.0.0.1:11068] for POST '/session/f0184842b6222cfdaa0a8abc54ac0d89/element/53cb0095-e639-4a83-a4fd-9ba1e1431943/click'
18:43:50.587 [AsyncHttpClient-1-1] DEBUG org.asynchttpclient.netty.channel.DefaultChannelPool - Entry count for : http://localhost:64791 : 1
18:43:50.605 [AsyncHttpClient-1-20] DEBUG org.asynchttpclient.netty.handler.HttpHandler - 

Request DefaultHttpRequest(decodeResult: success, version: HTTP/1.1)
POST /session/f0184842b6222cfdaa0a8abc54ac0d89/element/53cb0095-e639-4a83-a4fd-9ba1e1431943/click HTTP/1.1
User-Agent: selenium/4.8.1 (java windows)
Content-Length: 50
Content-Type: application/json; charset=utf-8
host: localhost:11068
accept: */*

Response DefaultHttpResponse(decodeResult: success, version: HTTP/1.1)
HTTP/1.1 200 OK
Content-Length: 14
Content-Type: application/json; charset=utf-8
cache-control: no-cache

18:43:50.605 [AsyncHttpClient-1-20] DEBUG org.asynchttpclient.netty.channel.ChannelManager - Adding key: http://localhost:11068 for channel [id: 0xfcd998b9, L:/127.0.0.1:64789 - R:localhost/127.0.0.1:11068]
18:43:50.609 [Forwarding getAlertText on session f0184842b6222cfdaa0a8abc54ac0d89 to remote] DEBUG org.asynchttpclient.netty.request.NettyRequestSender - Using pooled Channel '[id: 0xfcd998b9, L:/127.0.0.1:64789 - R:localhost/127.0.0.1:11068]' for 'GET' to 'http://localhost:11068/session/f0184842b6222cfdaa0a8abc54ac0d89/alert/text'
18:43:50.609 [Forwarding getAlertText on session f0184842b6222cfdaa0a8abc54ac0d89 to remote] DEBUG org.asynchttpclient.netty.request.NettyRequestSender - Using open Channel [id: 0xfcd998b9, L:/127.0.0.1:64789 - R:localhost/127.0.0.1:11068] for GET '/session/f0184842b6222cfdaa0a8abc54ac0d89/alert/text'
18:43:50.791 [AsyncHttpClient-1-20] DEBUG org.asynchttpclient.netty.handler.HttpHandler - 

Request DefaultFullHttpRequest(decodeResult: success, version: HTTP/1.1, content: EmptyByteBufBE)
GET /session/f0184842b6222cfdaa0a8abc54ac0d89/alert/text HTTP/1.1
User-Agent: selenium/4.8.1 (java windows)
Cache-Control: no-cache
Content-Type: application/json; charset=utf-8
host: localhost:11068
accept: */*

Response DefaultHttpResponse(decodeResult: success, version: HTTP/1.1)
HTTP/1.1 404 Not Found
Content-Length: 821
Content-Type: application/json; charset=utf-8
cache-control: no-cache

18:43:50.791 [AsyncHttpClient-1-20] DEBUG org.asynchttpclient.netty.channel.ChannelManager - Adding key: http://localhost:11068 for channel [id: 0xfcd998b9, L:/127.0.0.1:64789 - R:localhost/127.0.0.1:11068]
18:43:50.793 [Forwarding getCurrentUrl on session f0184842b6222cfdaa0a8abc54ac0d89 to remote] DEBUG org.asynchttpclient.netty.request.NettyRequestSender - Using pooled Channel '[id: 0xfcd998b9, L:/127.0.0.1:64789 - R:localhost/127.0.0.1:11068]' for 'GET' to 'http://localhost:11068/session/f0184842b6222cfdaa0a8abc54ac0d89/url'
18:43:50.793 [Forwarding getCurrentUrl on session f0184842b6222cfdaa0a8abc54ac0d89 to remote] DEBUG org.asynchttpclient.netty.request.NettyRequestSender - Using open Channel [id: 0xfcd998b9, L:/127.0.0.1:64789 - R:localhost/127.0.0.1:11068] for GET '/session/f0184842b6222cfdaa0a8abc54ac0d89/url'
18:43:50.794 [AsyncHttpClient-1-20] DEBUG org.asynchttpclient.netty.handler.HttpHandler - 

Request DefaultFullHttpRequest(decodeResult: success, version: HTTP/1.1, content: EmptyByteBufBE)
GET /session/f0184842b6222cfdaa0a8abc54ac0d89/url HTTP/1.1
User-Agent: selenium/4.8.1 (java windows)
Cache-Control: no-cache
Content-Type: application/json; charset=utf-8
host: localhost:11068
accept: */*

Response DefaultHttpResponse(decodeResult: success, version: HTTP/1.1)
HTTP/1.1 200 OK
Content-Length: 51
Content-Type: application/json; charset=utf-8
cache-control: no-cache

18:43:50.794 [AsyncHttpClient-1-20] DEBUG org.asynchttpclient.netty.channel.ChannelManager - Adding key: http://localhost:11068 for channel [id: 0xfcd998b9, L:/127.0.0.1:64789 - R:localhost/127.0.0.1:11068]
18:43:50.795 [Forwarding screenshot on session f0184842b6222cfdaa0a8abc54ac0d89 to remote] DEBUG org.asynchttpclient.netty.request.NettyRequestSender - Using pooled Channel '[id: 0xfcd998b9, L:/127.0.0.1:64789 - R:localhost/127.0.0.1:11068]' for 'GET' to 'http://localhost:11068/session/f0184842b6222cfdaa0a8abc54ac0d89/screenshot'
18:43:50.795 [Forwarding screenshot on session f0184842b6222cfdaa0a8abc54ac0d89 to remote] DEBUG org.asynchttpclient.netty.request.NettyRequestSender - Using open Channel [id: 0xfcd998b9, L:/127.0.0.1:64789 - R:localhost/127.0.0.1:11068] for GET '/session/f0184842b6222cfdaa0a8abc54ac0d89/screenshot'
18:43:51.059 [AsyncHttpClient-1-20] DEBUG org.asynchttpclient.netty.handler.HttpHandler - 

Request DefaultFullHttpRequest(decodeResult: success, version: HTTP/1.1, content: EmptyByteBufBE)
GET /session/f0184842b6222cfdaa0a8abc54ac0d89/screenshot HTTP/1.1
User-Agent: selenium/4.8.1 (java windows)
Cache-Control: no-cache
Content-Type: application/json; charset=utf-8
host: localhost:11068
accept: */*

Response DefaultHttpResponse(decodeResult: success, version: HTTP/1.1)
HTTP/1.1 200 OK
Content-Length: 33876
Content-Type: application/json; charset=utf-8
cache-control: no-cache

18:43:51.059 [AsyncHttpClient-1-20] DEBUG org.asynchttpclient.netty.channel.ChannelManager - Adding key: http://localhost:11068 for channel [id: 0xfcd998b9, L:/127.0.0.1:64789 - R:localhost/127.0.0.1:11068]
18:43:51.061 [main] DEBUG net.serenitybdd.core.photography.Darkroom - Send negative for processing for target\site\serenity\6e368d8da8a944bb1569126a2f9a6c298508a7427367188631b838e811f08dc5.png
18:43:51.061 [main] DEBUG net.thucydides.core.steps.StepInterceptor - STEP DONE: clickLoginHomeButton
  &amp#27;[32mWhen &amp#27;[0m&amp#27;[32mI click login home button&amp#27;[0m                      &amp#27;[90m# starter.stepDefinition.RegisterPosSteps.clickLoginHomeButton()&amp#27;[0m
18:43:51.062 [Darkroom Processing Line] DEBUG net.serenitybdd.core.photography.DarkroomProcessingLine - Processing screenshot image in /var/screenshots/screenshot-5657624215603556979
18:43:51.062 [Darkroom Processing Line] DEBUG net.serenitybdd.core.photography.DarkroomProcessingLine - Saving screenshot to target\site\serenity\6e368d8da8a944bb1569126a2f9a6c298508a7427367188631b838e811f08dc5.png
18:43:51.066 [Forwarding getPageSource on session f0184842b6222cfdaa0a8abc54ac0d89 to remote] DEBUG org.asynchttpclient.netty.request.NettyRequestSender - Using pooled Channel '[id: 0xfcd998b9, L:/127.0.0.1:64789 - R:localhost/127.0.0.1:11068]' for 'POST' to 'http://localhost:11068/session/f0184842b6222cfdaa0a8abc54ac0d89/execute/sync'
18:43:51.066 [Forwarding getPageSource on session f0184842b6222cfdaa0a8abc54ac0d89 to remote] DEBUG org.asynchttpclient.netty.request.NettyRequestSender - Using open Channel [id: 0xfcd998b9, L:/127.0.0.1:64789 - R:localhost/127.0.0.1:11068] for POST '/session/f0184842b6222cfdaa0a8abc54ac0d89/execute/sync'
18:43:51.070 [AsyncHttpClient-1-20] DEBUG org.asynchttpclient.netty.handler.HttpHandler - 

Request DefaultHttpRequest(decodeResult: success, version: HTTP/1.1)
POST /session/f0184842b6222cfdaa0a8abc54ac0d89/execute/sync HTTP/1.1
User-Agent: selenium/4.8.1 (java windows)
Content-Length: 176
Content-Type: application/json; charset=utf-8
host: localhost:11068
accept: */*

Response DefaultHttpResponse(decodeResult: success, version: HTTP/1.1)
HTTP/1.1 200 OK
Content-Length: 21983
Content-Type: application/json; charset=utf-8
cache-control: no-cache

18:43:51.070 [AsyncHttpClient-1-20] DEBUG org.asynchttpclient.netty.channel.ChannelManager - Adding key: http://localhost:11068 for channel [id: 0xfcd998b9, L:/127.0.0.1:64789 - R:localhost/127.0.0.1:11068]
18:43:51.071 [Forwarding getCurrentUrl on session f0184842b6222cfdaa0a8abc54ac0d89 to remote] DEBUG org.asynchttpclient.netty.request.NettyRequestSender - Using pooled Channel '[id: 0xfcd998b9, L:/127.0.0.1:64789 - R:localhost/127.0.0.1:11068]' for 'GET' to 'http://localhost:11068/session/f0184842b6222cfdaa0a8abc54ac0d89/url'
18:43:51.071 [Forwarding getCurrentUrl on session f0184842b6222cfdaa0a8abc54ac0d89 to remote] DEBUG org.asynchttpclient.netty.request.NettyRequestSender - Using open Channel [id: 0xfcd998b9, L:/127.0.0.1:64789 - R:localhost/127.0.0.1:11068] for GET '/session/f0184842b6222cfdaa0a8abc54ac0d89/url'
18:43:51.073 [AsyncHttpClient-1-20] DEBUG org.asynchttpclient.netty.handler.HttpHandler - 

Request DefaultFullHttpRequest(decodeResult: success, version: HTTP/1.1, content: EmptyByteBufBE)
GET /session/f0184842b6222cfdaa0a8abc54ac0d89/url HTTP/1.1
User-Agent: selenium/4.8.1 (java windows)
Cache-Control: no-cache
Content-Type: application/json; charset=utf-8
host: localhost:11068
accept: */*

Response DefaultHttpResponse(decodeResult: success, version: HTTP/1.1)
HTTP/1.1 200 OK
Content-Length: 51
Content-Type: application/json; charset=utf-8
cache-control: no-cache

18:43:51.073 [AsyncHttpClient-1-20] DEBUG org.asynchttpclient.netty.channel.ChannelManager - Adding key: http://localhost:11068 for channel [id: 0xfcd998b9, L:/127.0.0.1:64789 - R:localhost/127.0.0.1:11068]
18:43:51.083 [Forwarding getPageSource on session f0184842b6222cfdaa0a8abc54ac0d89 to remote] DEBUG org.asynchttpclient.netty.request.NettyRequestSender - Using pooled Channel '[id: 0xfcd998b9, L:/127.0.0.1:64789 - R:localhost/127.0.0.1:11068]' for 'POST' to 'http://localhost:11068/session/f0184842b6222cfdaa0a8abc54ac0d89/execute/sync'
18:43:51.083 [Forwarding getPageSource on session f0184842b6222cfdaa0a8abc54ac0d89 to remote] DEBUG org.asynchttpclient.netty.request.NettyRequestSender - Using open Channel [id: 0xfcd998b9, L:/127.0.0.1:64789 - R:localhost/127.0.0.1:11068] for POST '/session/f0184842b6222cfdaa0a8abc54ac0d89/execute/sync'
18:43:51.086 [AsyncHttpClient-1-20] DEBUG org.asynchttpclient.netty.handler.HttpHandler - 

Request DefaultHttpRequest(decodeResult: success, version: HTTP/1.1)
POST /session/f0184842b6222cfdaa0a8abc54ac0d89/execute/sync HTTP/1.1
User-Agent: selenium/4.8.1 (java windows)
Content-Length: 176
Content-Type: application/json; charset=utf-8
host: localhost:11068
accept: */*

Response DefaultHttpResponse(decodeResult: success, version: HTTP/1.1)
HTTP/1.1 200 OK
Content-Length: 21983
Content-Type: application/json; charset=utf-8
cache-control: no-cache

18:43:51.086 [AsyncHttpClient-1-20] DEBUG org.asynchttpclient.netty.channel.ChannelManager - Adding key: http://localhost:11068 for channel [id: 0xfcd998b9, L:/127.0.0.1:64789 - R:localhost/127.0.0.1:11068]
18:43:51.088 [Forwarding getCurrentUrl on session f0184842b6222cfdaa0a8abc54ac0d89 to remote] DEBUG org.asynchttpclient.netty.request.NettyRequestSender - Using pooled Channel '[id: 0xfcd998b9, L:/127.0.0.1:64789 - R:localhost/127.0.0.1:11068]' for 'GET' to 'http://localhost:11068/session/f0184842b6222cfdaa0a8abc54ac0d89/url'
18:43:51.088 [Forwarding getCurrentUrl on session f0184842b6222cfdaa0a8abc54ac0d89 to remote] DEBUG org.asynchttpclient.netty.request.NettyRequestSender - Using open Channel [id: 0xfcd998b9, L:/127.0.0.1:64789 - R:localhost/127.0.0.1:11068] for GET '/session/f0184842b6222cfdaa0a8abc54ac0d89/url'
18:43:51.090 [AsyncHttpClient-1-20] DEBUG org.asynchttpclient.netty.handler.HttpHandler - 

Request DefaultFullHttpRequest(decodeResult: success, version: HTTP/1.1, content: EmptyByteBufBE)
GET /session/f0184842b6222cfdaa0a8abc54ac0d89/url HTTP/1.1
User-Agent: selenium/4.8.1 (java windows)
Cache-Control: no-cache
Content-Type: application/json; charset=utf-8
host: localhost:11068
accept: */*

Response DefaultHttpResponse(decodeResult: success, version: HTTP/1.1)
HTTP/1.1 200 OK
Content-Length: 51
Content-Type: application/json; charset=utf-8
cache-control: no-cache

18:43:51.090 [AsyncHttpClient-1-20] DEBUG org.asynchttpclient.netty.channel.ChannelManager - Adding key: http://localhost:11068 for channel [id: 0xfcd998b9, L:/127.0.0.1:64789 - R:localhost/127.0.0.1:11068]
18:43:51.091 [main] DEBUG net.thucydides.core.steps.StepInterceptor - STARTING STEP: RegisterPosSteps.clickRegisterLink - clickRegisterLink
18:43:51.093 [Forwarding findElement on session f0184842b6222cfdaa0a8abc54ac0d89 to remote] DEBUG org.asynchttpclient.netty.request.NettyRequestSender - Using pooled Channel '[id: 0xfcd998b9, L:/127.0.0.1:64789 - R:localhost/127.0.0.1:11068]' for 'POST' to 'http://localhost:11068/session/f0184842b6222cfdaa0a8abc54ac0d89/element'
18:43:51.093 [Forwarding findElement on session f0184842b6222cfdaa0a8abc54ac0d89 to remote] DEBUG org.asynchttpclient.netty.request.NettyRequestSender - Using open Channel [id: 0xfcd998b9, L:/127.0.0.1:64789 - R:localhost/127.0.0.1:11068] for POST '/session/f0184842b6222cfdaa0a8abc54ac0d89/element'
18:43:51.099 [AsyncHttpClient-1-20] DEBUG org.asynchttpclient.netty.handler.HttpHandler - 

Request DefaultHttpRequest(decodeResult: success, version: HTTP/1.1)
POST /session/f0184842b6222cfdaa0a8abc54ac0d89/element HTTP/1.1
User-Agent: selenium/4.8.1 (java windows)
Content-Length: 137
Content-Type: application/json; charset=utf-8
host: localhost:11068
accept: */*

Response DefaultHttpResponse(decodeResult: success, version: HTTP/1.1)
HTTP/1.1 200 OK
Content-Length: 88
Content-Type: application/json; charset=utf-8
cache-control: no-cache

18:43:51.099 [AsyncHttpClient-1-20] DEBUG org.asynchttpclient.netty.channel.ChannelManager - Adding key: http://localhost:11068 for channel [id: 0xfcd998b9, L:/127.0.0.1:64789 - R:localhost/127.0.0.1:11068]
18:43:51.101 [Forwarding getElementTagName on session f0184842b6222cfdaa0a8abc54ac0d89 to remote] DEBUG org.asynchttpclient.netty.request.NettyRequestSender - Using pooled Channel '[id: 0xfcd998b9, L:/127.0.0.1:64789 - R:localhost/127.0.0.1:11068]' for 'GET' to 'http://localhost:11068/session/f0184842b6222cfdaa0a8abc54ac0d89/element/db4d4463-c4fa-4154-b1a0-fe6fa6063ef6/name'
18:43:51.101 [Forwarding getElementTagName on session f0184842b6222cfdaa0a8abc54ac0d89 to remote] DEBUG org.asynchttpclient.netty.request.NettyRequestSender - Using open Channel [id: 0xfcd998b9, L:/127.0.0.1:64789 - R:localhost/127.0.0.1:11068] for GET '/session/f0184842b6222cfdaa0a8abc54ac0d89/element/db4d4463-c4fa-4154-b1a0-fe6fa6063ef6/name'
18:43:51.102 [AsyncHttpClient-1-20] DEBUG org.asynchttpclient.netty.handler.HttpHandler - 

Request DefaultFullHttpRequest(decodeResult: success, version: HTTP/1.1, content: EmptyByteBufBE)
GET /session/f0184842b6222cfdaa0a8abc54ac0d89/element/db4d4463-c4fa-4154-b1a0-fe6fa6063ef6/name HTTP/1.1
User-Agent: selenium/4.8.1 (java windows)
Cache-Control: no-cache
Content-Type: application/json; charset=utf-8
host: localhost:11068
accept: */*

Response DefaultHttpResponse(decodeResult: success, version: HTTP/1.1)
HTTP/1.1 200 OK
Content-Length: 13
Content-Type: application/json; charset=utf-8
cache-control: no-cache

18:43:51.102 [AsyncHttpClient-1-20] DEBUG org.asynchttpclient.netty.channel.ChannelManager - Adding key: http://localhost:11068 for channel [id: 0xfcd998b9, L:/127.0.0.1:64789 - R:localhost/127.0.0.1:11068]
18:43:51.103 [Forwarding getElementTagName on session f0184842b6222cfdaa0a8abc54ac0d89 to remote] DEBUG org.asynchttpclient.netty.request.NettyRequestSender - Using pooled Channel '[id: 0xfcd998b9, L:/127.0.0.1:64789 - R:localhost/127.0.0.1:11068]' for 'GET' to 'http://localhost:11068/session/f0184842b6222cfdaa0a8abc54ac0d89/element/db4d4463-c4fa-4154-b1a0-fe6fa6063ef6/name'
18:43:51.103 [Forwarding getElementTagName on session f0184842b6222cfdaa0a8abc54ac0d89 to remote] DEBUG org.asynchttpclient.netty.request.NettyRequestSender - Using open Channel [id: 0xfcd998b9, L:/127.0.0.1:64789 - R:localhost/127.0.0.1:11068] for GET '/session/f0184842b6222cfdaa0a8abc54ac0d89/element/db4d4463-c4fa-4154-b1a0-fe6fa6063ef6/name'
18:43:51.105 [AsyncHttpClient-1-20] DEBUG org.asynchttpclient.netty.handler.HttpHandler - 

Request DefaultFullHttpRequest(decodeResult: success, version: HTTP/1.1, content: EmptyByteBufBE)
GET /session/f0184842b6222cfdaa0a8abc54ac0d89/element/db4d4463-c4fa-4154-b1a0-fe6fa6063ef6/name HTTP/1.1
User-Agent: selenium/4.8.1 (java windows)
Cache-Control: no-cache
Content-Type: application/json; charset=utf-8
host: localhost:11068
accept: */*

Response DefaultHttpResponse(decodeResult: success, version: HTTP/1.1)
HTTP/1.1 200 OK
Content-Length: 13
Content-Type: application/json; charset=utf-8
cache-control: no-cache

18:43:51.105 [AsyncHttpClient-1-20] DEBUG org.asynchttpclient.netty.channel.ChannelManager - Adding key: http://localhost:11068 for channel [id: 0xfcd998b9, L:/127.0.0.1:64789 - R:localhost/127.0.0.1:11068]
18:43:51.107 [Forwarding findElement on session f0184842b6222cfdaa0a8abc54ac0d89 to remote] DEBUG org.asynchttpclient.netty.request.NettyRequestSender - Using pooled Channel '[id: 0xfcd998b9, L:/127.0.0.1:64789 - R:localhost/127.0.0.1:11068]' for 'POST' to 'http://localhost:11068/session/f0184842b6222cfdaa0a8abc54ac0d89/element'
18:43:51.107 [Forwarding findElement on session f0184842b6222cfdaa0a8abc54ac0d89 to remote] DEBUG org.asynchttpclient.netty.request.NettyRequestSender - Using open Channel [id: 0xfcd998b9, L:/127.0.0.1:64789 - R:localhost/127.0.0.1:11068] for POST '/session/f0184842b6222cfdaa0a8abc54ac0d89/element'
18:43:51.110 [AsyncHttpClient-1-20] DEBUG org.asynchttpclient.netty.handler.HttpHandler - 

Request DefaultHttpRequest(decodeResult: success, version: HTTP/1.1)
POST /session/f0184842b6222cfdaa0a8abc54ac0d89/element HTTP/1.1
User-Agent: selenium/4.8.1 (java windows)
Content-Length: 137
Content-Type: application/json; charset=utf-8
host: localhost:11068
accept: */*

Response DefaultHttpResponse(decodeResult: success, version: HTTP/1.1)
HTTP/1.1 200 OK
Content-Length: 88
Content-Type: application/json; charset=utf-8
cache-control: no-cache

18:43:51.111 [AsyncHttpClient-1-20] DEBUG org.asynchttpclient.netty.channel.ChannelManager - Adding key: http://localhost:11068 for channel [id: 0xfcd998b9, L:/127.0.0.1:64789 - R:localhost/127.0.0.1:11068]
18:43:51.111 [Forwarding clickElement on session f0184842b6222cfdaa0a8abc54ac0d89 to remote] DEBUG org.asynchttpclient.netty.request.NettyRequestSender - Using pooled Channel '[id: 0xfcd998b9, L:/127.0.0.1:64789 - R:localhost/127.0.0.1:11068]' for 'POST' to 'http://localhost:11068/session/f0184842b6222cfdaa0a8abc54ac0d89/element/db4d4463-c4fa-4154-b1a0-fe6fa6063ef6/click'
18:43:51.111 [Forwarding clickElement on session f0184842b6222cfdaa0a8abc54ac0d89 to remote] DEBUG org.asynchttpclient.netty.request.NettyRequestSender - Using open Channel [id: 0xfcd998b9, L:/127.0.0.1:64789 - R:localhost/127.0.0.1:11068] for POST '/session/f0184842b6222cfdaa0a8abc54ac0d89/element/db4d4463-c4fa-4154-b1a0-fe6fa6063ef6/click'
18:43:51.170 [AsyncHttpClient-1-20] DEBUG org.asynchttpclient.netty.handler.HttpHandler - 

Request DefaultHttpRequest(decodeResult: success, version: HTTP/1.1)
POST /session/f0184842b6222cfdaa0a8abc54ac0d89/element/db4d4463-c4fa-4154-b1a0-fe6fa6063ef6/click HTTP/1.1
User-Agent: selenium/4.8.1 (java windows)
Content-Length: 50
Content-Type: application/json; charset=utf-8
host: localhost:11068
accept: */*

Response DefaultHttpResponse(decodeResult: success, version: HTTP/1.1)
HTTP/1.1 200 OK
Content-Length: 14
Content-Type: application/json; charset=utf-8
cache-control: no-cache

18:43:51.170 [AsyncHttpClient-1-20] DEBUG org.asynchttpclient.netty.channel.ChannelManager - Adding key: http://localhost:11068 for channel [id: 0xfcd998b9, L:/127.0.0.1:64789 - R:localhost/127.0.0.1:11068]
18:43:51.174 [Forwarding getAlertText on session f0184842b6222cfdaa0a8abc54ac0d89 to remote] DEBUG org.asynchttpclient.netty.request.NettyRequestSender - Using pooled Channel '[id: 0xfcd998b9, L:/127.0.0.1:64789 - R:localhost/127.0.0.1:11068]' for 'GET' to 'http://localhost:11068/session/f0184842b6222cfdaa0a8abc54ac0d89/alert/text'
18:43:51.174 [Forwarding getAlertText on session f0184842b6222cfdaa0a8abc54ac0d89 to remote] DEBUG org.asynchttpclient.netty.request.NettyRequestSender - Using open Channel [id: 0xfcd998b9, L:/127.0.0.1:64789 - R:localhost/127.0.0.1:11068] for GET '/session/f0184842b6222cfdaa0a8abc54ac0d89/alert/text'
18:43:51.175 [AsyncHttpClient-1-20] DEBUG org.asynchttpclient.netty.handler.HttpHandler - 

Request DefaultFullHttpRequest(decodeResult: success, version: HTTP/1.1, content: EmptyByteBufBE)
GET /session/f0184842b6222cfdaa0a8abc54ac0d89/alert/text HTTP/1.1
User-Agent: selenium/4.8.1 (java windows)
Cache-Control: no-cache
Content-Type: application/json; charset=utf-8
host: localhost:11068
accept: */*

Response DefaultHttpResponse(decodeResult: success, version: HTTP/1.1)
HTTP/1.1 404 Not Found
Content-Length: 821
Content-Type: application/json; charset=utf-8
cache-control: no-cache

18:43:51.175 [AsyncHttpClient-1-20] DEBUG org.asynchttpclient.netty.channel.ChannelManager - Adding key: http://localhost:11068 for channel [id: 0xfcd998b9, L:/127.0.0.1:64789 - R:localhost/127.0.0.1:11068]
18:43:51.176 [Forwarding getCurrentUrl on session f0184842b6222cfdaa0a8abc54ac0d89 to remote] DEBUG org.asynchttpclient.netty.request.NettyRequestSender - Using pooled Channel '[id: 0xfcd998b9, L:/127.0.0.1:64789 - R:localhost/127.0.0.1:11068]' for 'GET' to 'http://localhost:11068/session/f0184842b6222cfdaa0a8abc54ac0d89/url'
18:43:51.176 [Forwarding getCurrentUrl on session f0184842b6222cfdaa0a8abc54ac0d89 to remote] DEBUG org.asynchttpclient.netty.request.NettyRequestSender - Using open Channel [id: 0xfcd998b9, L:/127.0.0.1:64789 - R:localhost/127.0.0.1:11068] for GET '/session/f0184842b6222cfdaa0a8abc54ac0d89/url'
18:43:51.178 [AsyncHttpClient-1-20] DEBUG org.asynchttpclient.netty.handler.HttpHandler - 

Request DefaultFullHttpRequest(decodeResult: success, version: HTTP/1.1, content: EmptyByteBufBE)
GET /session/f0184842b6222cfdaa0a8abc54ac0d89/url HTTP/1.1
User-Agent: selenium/4.8.1 (java windows)
Cache-Control: no-cache
Content-Type: application/json; charset=utf-8
host: localhost:11068
accept: */*

Response DefaultHttpResponse(decodeResult: success, version: HTTP/1.1)
HTTP/1.1 200 OK
Content-Length: 54
Content-Type: application/json; charset=utf-8
cache-control: no-cache

18:43:51.178 [AsyncHttpClient-1-20] DEBUG org.asynchttpclient.netty.channel.ChannelManager - Adding key: http://localhost:11068 for channel [id: 0xfcd998b9, L:/127.0.0.1:64789 - R:localhost/127.0.0.1:11068]
18:43:51.178 [Forwarding screenshot on session f0184842b6222cfdaa0a8abc54ac0d89 to remote] DEBUG org.asynchttpclient.netty.request.NettyRequestSender - Using pooled Channel '[id: 0xfcd998b9, L:/127.0.0.1:64789 - R:localhost/127.0.0.1:11068]' for 'GET' to 'http://localhost:11068/session/f0184842b6222cfdaa0a8abc54ac0d89/screenshot'
18:43:51.178 [Forwarding screenshot on session f0184842b6222cfdaa0a8abc54ac0d89 to remote] DEBUG org.asynchttpclient.netty.request.NettyRequestSender - Using open Channel [id: 0xfcd998b9, L:/127.0.0.1:64789 - R:localhost/127.0.0.1:11068] for GET '/session/f0184842b6222cfdaa0a8abc54ac0d89/screenshot'
18:43:51.272 [AsyncHttpClient-1-20] DEBUG org.asynchttpclient.netty.handler.HttpHandler - 

Request DefaultFullHttpRequest(decodeResult: success, version: HTTP/1.1, content: EmptyByteBufBE)
GET /session/f0184842b6222cfdaa0a8abc54ac0d89/screenshot HTTP/1.1
User-Agent: selenium/4.8.1 (java windows)
Cache-Control: no-cache
Content-Type: application/json; charset=utf-8
host: localhost:11068
accept: */*

Response DefaultHttpResponse(decodeResult: success, version: HTTP/1.1)
HTTP/1.1 200 OK
Content-Length: 38688
Content-Type: application/json; charset=utf-8
cache-control: no-cache

18:43:51.272 [AsyncHttpClient-1-20] DEBUG org.asynchttpclient.netty.channel.ChannelManager - Adding key: http://localhost:11068 for channel [id: 0xfcd998b9, L:/127.0.0.1:64789 - R:localhost/127.0.0.1:11068]
18:43:51.272 [main] DEBUG net.serenitybdd.core.photography.Darkroom - Send negative for processing for target\site\serenity\feb63f1726fa4f92dcccf0e0f26b17c1b1b466888d6682a2ffdbb2c3ee2e3470.png
18:43:51.274 [main] DEBUG net.thucydides.core.steps.StepInterceptor - STEP DONE: clickRegisterLink
18:43:51.274 [Darkroom Processing Line] DEBUG net.serenitybdd.core.photography.DarkroomProcessingLine - Processing screenshot image in /var/screenshots/screenshot-10307636045018515764
18:43:51.274 [Darkroom Processing Line] DEBUG net.serenitybdd.core.photography.DarkroomProcessingLine - Saving screenshot to target\site\serenity\feb63f1726fa4f92dcccf0e0f26b17c1b1b466888d6682a2ffdbb2c3ee2e3470.png
  &amp#27;[32mAnd &amp#27;[0m&amp#27;[32mI click Register link&amp#27;[0m                           &amp#27;[90m# starter.stepDefinition.RegisterPosSteps.clickRegisterLink()&amp#27;[0m
18:43:51.281 [Forwarding getPageSource on session f0184842b6222cfdaa0a8abc54ac0d89 to remote] DEBUG org.asynchttpclient.netty.request.NettyRequestSender - Using pooled Channel '[id: 0xfcd998b9, L:/127.0.0.1:64789 - R:localhost/127.0.0.1:11068]' for 'POST' to 'http://localhost:11068/session/f0184842b6222cfdaa0a8abc54ac0d89/execute/sync'
18:43:51.281 [Forwarding getPageSource on session f0184842b6222cfdaa0a8abc54ac0d89 to remote] DEBUG org.asynchttpclient.netty.request.NettyRequestSender - Using open Channel [id: 0xfcd998b9, L:/127.0.0.1:64789 - R:localhost/127.0.0.1:11068] for POST '/session/f0184842b6222cfdaa0a8abc54ac0d89/execute/sync'
18:43:51.285 [AsyncHttpClient-1-20] DEBUG org.asynchttpclient.netty.handler.HttpHandler - 

Request DefaultHttpRequest(decodeResult: success, version: HTTP/1.1)
POST /session/f0184842b6222cfdaa0a8abc54ac0d89/execute/sync HTTP/1.1
User-Agent: selenium/4.8.1 (java windows)
Content-Length: 176
Content-Type: application/json; charset=utf-8
host: localhost:11068
accept: */*

Response DefaultHttpResponse(decodeResult: success, version: HTTP/1.1)
HTTP/1.1 200 OK
Content-Length: 22326
Content-Type: application/json; charset=utf-8
cache-control: no-cache

18:43:51.285 [AsyncHttpClient-1-20] DEBUG org.asynchttpclient.netty.channel.ChannelManager - Adding key: http://localhost:11068 for channel [id: 0xfcd998b9, L:/127.0.0.1:64789 - R:localhost/127.0.0.1:11068]
18:43:51.286 [Forwarding getCurrentUrl on session f0184842b6222cfdaa0a8abc54ac0d89 to remote] DEBUG org.asynchttpclient.netty.request.NettyRequestSender - Using pooled Channel '[id: 0xfcd998b9, L:/127.0.0.1:64789 - R:localhost/127.0.0.1:11068]' for 'GET' to 'http://localhost:11068/session/f0184842b6222cfdaa0a8abc54ac0d89/url'
18:43:51.286 [Forwarding getCurrentUrl on session f0184842b6222cfdaa0a8abc54ac0d89 to remote] DEBUG org.asynchttpclient.netty.request.NettyRequestSender - Using open Channel [id: 0xfcd998b9, L:/127.0.0.1:64789 - R:localhost/127.0.0.1:11068] for GET '/session/f0184842b6222cfdaa0a8abc54ac0d89/url'
18:43:51.289 [AsyncHttpClient-1-20] DEBUG org.asynchttpclient.netty.handler.HttpHandler - 

Request DefaultFullHttpRequest(decodeResult: success, version: HTTP/1.1, content: EmptyByteBufBE)
GET /session/f0184842b6222cfdaa0a8abc54ac0d89/url HTTP/1.1
User-Agent: selenium/4.8.1 (java windows)
Cache-Control: no-cache
Content-Type: application/json; charset=utf-8
host: localhost:11068
accept: */*

Response DefaultHttpResponse(decodeResult: success, version: HTTP/1.1)
HTTP/1.1 200 OK
Content-Length: 54
Content-Type: application/json; charset=utf-8
cache-control: no-cache

18:43:51.289 [AsyncHttpClient-1-20] DEBUG org.asynchttpclient.netty.channel.ChannelManager - Adding key: http://localhost:11068 for channel [id: 0xfcd998b9, L:/127.0.0.1:64789 - R:localhost/127.0.0.1:11068]
18:43:51.295 [Forwarding getPageSource on session f0184842b6222cfdaa0a8abc54ac0d89 to remote] DEBUG org.asynchttpclient.netty.request.NettyRequestSender - Using pooled Channel '[id: 0xfcd998b9, L:/127.0.0.1:64789 - R:localhost/127.0.0.1:11068]' for 'POST' to 'http://localhost:11068/session/f0184842b6222cfdaa0a8abc54ac0d89/execute/sync'
18:43:51.295 [Forwarding getPageSource on session f0184842b6222cfdaa0a8abc54ac0d89 to remote] DEBUG org.asynchttpclient.netty.request.NettyRequestSender - Using open Channel [id: 0xfcd998b9, L:/127.0.0.1:64789 - R:localhost/127.0.0.1:11068] for POST '/session/f0184842b6222cfdaa0a8abc54ac0d89/execute/sync'
18:43:51.298 [AsyncHttpClient-1-20] DEBUG org.asynchttpclient.netty.handler.HttpHandler - 

Request DefaultHttpRequest(decodeResult: success, version: HTTP/1.1)
POST /session/f0184842b6222cfdaa0a8abc54ac0d89/execute/sync HTTP/1.1
User-Agent: selenium/4.8.1 (java windows)
Content-Length: 176
Content-Type: application/json; charset=utf-8
host: localhost:11068
accept: */*

Response DefaultHttpResponse(decodeResult: success, version: HTTP/1.1)
HTTP/1.1 200 OK
Content-Length: 22326
Content-Type: application/json; charset=utf-8
cache-control: no-cache

18:43:51.298 [AsyncHttpClient-1-20] DEBUG org.asynchttpclient.netty.channel.ChannelManager - Adding key: http://localhost:11068 for channel [id: 0xfcd998b9, L:/127.0.0.1:64789 - R:localhost/127.0.0.1:11068]
18:43:51.299 [Forwarding getCurrentUrl on session f0184842b6222cfdaa0a8abc54ac0d89 to remote] DEBUG org.asynchttpclient.netty.request.NettyRequestSender - Using pooled Channel '[id: 0xfcd998b9, L:/127.0.0.1:64789 - R:localhost/127.0.0.1:11068]' for 'GET' to 'http://localhost:11068/session/f0184842b6222cfdaa0a8abc54ac0d89/url'
18:43:51.299 [Forwarding getCurrentUrl on session f0184842b6222cfdaa0a8abc54ac0d89 to remote] DEBUG org.asynchttpclient.netty.request.NettyRequestSender - Using open Channel [id: 0xfcd998b9, L:/127.0.0.1:64789 - R:localhost/127.0.0.1:11068] for GET '/session/f0184842b6222cfdaa0a8abc54ac0d89/url'
18:43:51.301 [AsyncHttpClient-1-20] DEBUG org.asynchttpclient.netty.handler.HttpHandler - 

Request DefaultFullHttpRequest(decodeResult: success, version: HTTP/1.1, content: EmptyByteBufBE)
GET /session/f0184842b6222cfdaa0a8abc54ac0d89/url HTTP/1.1
User-Agent: selenium/4.8.1 (java windows)
Cache-Control: no-cache
Content-Type: application/json; charset=utf-8
host: localhost:11068
accept: */*

Response DefaultHttpResponse(decodeResult: success, version: HTTP/1.1)
HTTP/1.1 200 OK
Content-Length: 54
Content-Type: application/json; charset=utf-8
cache-control: no-cache

18:43:51.301 [AsyncHttpClient-1-20] DEBUG org.asynchttpclient.netty.channel.ChannelManager - Adding key: http://localhost:11068 for channel [id: 0xfcd998b9, L:/127.0.0.1:64789 - R:localhost/127.0.0.1:11068]
18:43:51.302 [main] DEBUG net.thucydides.core.steps.StepInterceptor - STARTING STEP: RegisterPosSteps.inputFullName - inputFullName
18:43:51.304 [Forwarding findElement on session f0184842b6222cfdaa0a8abc54ac0d89 to remote] DEBUG org.asynchttpclient.netty.request.NettyRequestSender - Using pooled Channel '[id: 0xfcd998b9, L:/127.0.0.1:64789 - R:localhost/127.0.0.1:11068]' for 'POST' to 'http://localhost:11068/session/f0184842b6222cfdaa0a8abc54ac0d89/element'
18:43:51.305 [Forwarding findElement on session f0184842b6222cfdaa0a8abc54ac0d89 to remote] DEBUG org.asynchttpclient.netty.request.NettyRequestSender - Using open Channel [id: 0xfcd998b9, L:/127.0.0.1:64789 - R:localhost/127.0.0.1:11068] for POST '/session/f0184842b6222cfdaa0a8abc54ac0d89/element'
18:43:51.313 [AsyncHttpClient-1-20] DEBUG org.asynchttpclient.netty.handler.HttpHandler - 

Request DefaultHttpRequest(decodeResult: success, version: HTTP/1.1)
POST /session/f0184842b6222cfdaa0a8abc54ac0d89/element HTTP/1.1
User-Agent: selenium/4.8.1 (java windows)
Content-Length: 132
Content-Type: application/json; charset=utf-8
host: localhost:11068
accept: */*

Response DefaultHttpResponse(decodeResult: success, version: HTTP/1.1)
HTTP/1.1 200 OK
Content-Length: 88
Content-Type: application/json; charset=utf-8
cache-control: no-cache

18:43:51.313 [AsyncHttpClient-1-20] DEBUG org.asynchttpclient.netty.channel.ChannelManager - Adding key: http://localhost:11068 for channel [id: 0xfcd998b9, L:/127.0.0.1:64789 - R:localhost/127.0.0.1:11068]
18:43:51.315 [Forwarding clearElement on session f0184842b6222cfdaa0a8abc54ac0d89 to remote] DEBUG org.asynchttpclient.netty.request.NettyRequestSender - Using pooled Channel '[id: 0xfcd998b9, L:/127.0.0.1:64789 - R:localhost/127.0.0.1:11068]' for 'POST' to 'http://localhost:11068/session/f0184842b6222cfdaa0a8abc54ac0d89/element/46145735-c3ae-4a9d-b1b6-628ef5087124/clear'
18:43:51.315 [Forwarding clearElement on session f0184842b6222cfdaa0a8abc54ac0d89 to remote] DEBUG org.asynchttpclient.netty.request.NettyRequestSender - Using open Channel [id: 0xfcd998b9, L:/127.0.0.1:64789 - R:localhost/127.0.0.1:11068] for POST '/session/f0184842b6222cfdaa0a8abc54ac0d89/element/46145735-c3ae-4a9d-b1b6-628ef5087124/clear'
18:43:51.338 [AsyncHttpClient-1-20] DEBUG org.asynchttpclient.netty.handler.HttpHandler - 

Request DefaultHttpRequest(decodeResult: success, version: HTTP/1.1)
POST /session/f0184842b6222cfdaa0a8abc54ac0d89/element/46145735-c3ae-4a9d-b1b6-628ef5087124/clear HTTP/1.1
User-Agent: selenium/4.8.1 (java windows)
Content-Length: 50
Content-Type: application/json; charset=utf-8
host: localhost:11068
accept: */*

Response DefaultHttpResponse(decodeResult: success, version: HTTP/1.1)
HTTP/1.1 200 OK
Content-Length: 14
Content-Type: application/json; charset=utf-8
cache-control: no-cache

18:43:51.338 [AsyncHttpClient-1-20] DEBUG org.asynchttpclient.netty.channel.ChannelManager - Adding key: http://localhost:11068 for channel [id: 0xfcd998b9, L:/127.0.0.1:64789 - R:localhost/127.0.0.1:11068]
18:43:51.340 [Forwarding sendKeysToElement on session f0184842b6222cfdaa0a8abc54ac0d89 to remote] DEBUG org.asynchttpclient.netty.request.NettyRequestSender - Using pooled Channel '[id: 0xfcd998b9, L:/127.0.0.1:64789 - R:localhost/127.0.0.1:11068]' for 'POST' to 'http://localhost:11068/session/f0184842b6222cfdaa0a8abc54ac0d89/element/46145735-c3ae-4a9d-b1b6-628ef5087124/value'
18:43:51.340 [Forwarding sendKeysToElement on session f0184842b6222cfdaa0a8abc54ac0d89 to remote] DEBUG org.asynchttpclient.netty.request.NettyRequestSender - Using open Channel [id: 0xfcd998b9, L:/127.0.0.1:64789 - R:localhost/127.0.0.1:11068] for POST '/session/f0184842b6222cfdaa0a8abc54ac0d89/element/46145735-c3ae-4a9d-b1b6-628ef5087124/value'
18:43:51.452 [AsyncHttpClient-1-20] DEBUG org.asynchttpclient.netty.handler.HttpHandler - 

Request DefaultHttpRequest(decodeResult: success, version: HTTP/1.1)
POST /session/f0184842b6222cfdaa0a8abc54ac0d89/element/46145735-c3ae-4a9d-b1b6-628ef5087124/value HTTP/1.1
User-Agent: selenium/4.8.1 (java windows)
Content-Length: 371
Content-Type: application/json; charset=utf-8
host: localhost:11068
accept: */*

Response DefaultHttpResponse(decodeResult: success, version: HTTP/1.1)
HTTP/1.1 200 OK
Content-Length: 14
Content-Type: application/json; charset=utf-8
cache-control: no-cache

18:43:51.452 [AsyncHttpClient-1-20] DEBUG org.asynchttpclient.netty.channel.ChannelManager - Adding key: http://localhost:11068 for channel [id: 0xfcd998b9, L:/127.0.0.1:64789 - R:localhost/127.0.0.1:11068]
18:43:51.455 [Forwarding getAlertText on session f0184842b6222cfdaa0a8abc54ac0d89 to remote] DEBUG org.asynchttpclient.netty.request.NettyRequestSender - Using pooled Channel '[id: 0xfcd998b9, L:/127.0.0.1:64789 - R:localhost/127.0.0.1:11068]' for 'GET' to 'http://localhost:11068/session/f0184842b6222cfdaa0a8abc54ac0d89/alert/text'
18:43:51.455 [Forwarding getAlertText on session f0184842b6222cfdaa0a8abc54ac0d89 to remote] DEBUG org.asynchttpclient.netty.request.NettyRequestSender - Using open Channel [id: 0xfcd998b9, L:/127.0.0.1:64789 - R:localhost/127.0.0.1:11068] for GET '/session/f0184842b6222cfdaa0a8abc54ac0d89/alert/text'
18:43:51.456 [AsyncHttpClient-1-20] DEBUG org.asynchttpclient.netty.handler.HttpHandler - 

Request DefaultFullHttpRequest(decodeResult: success, version: HTTP/1.1, content: EmptyByteBufBE)
GET /session/f0184842b6222cfdaa0a8abc54ac0d89/alert/text HTTP/1.1
User-Agent: selenium/4.8.1 (java windows)
Cache-Control: no-cache
Content-Type: application/json; charset=utf-8
host: localhost:11068
accept: */*

Response DefaultHttpResponse(decodeResult: success, version: HTTP/1.1)
HTTP/1.1 404 Not Found
Content-Length: 821
Content-Type: application/json; charset=utf-8
cache-control: no-cache

18:43:51.456 [AsyncHttpClient-1-20] DEBUG org.asynchttpclient.netty.channel.ChannelManager - Adding key: http://localhost:11068 for channel [id: 0xfcd998b9, L:/127.0.0.1:64789 - R:localhost/127.0.0.1:11068]
18:43:51.457 [Forwarding getCurrentUrl on session f0184842b6222cfdaa0a8abc54ac0d89 to remote] DEBUG org.asynchttpclient.netty.request.NettyRequestSender - Using pooled Channel '[id: 0xfcd998b9, L:/127.0.0.1:64789 - R:localhost/127.0.0.1:11068]' for 'GET' to 'http://localhost:11068/session/f0184842b6222cfdaa0a8abc54ac0d89/url'
18:43:51.457 [Forwarding getCurrentUrl on session f0184842b6222cfdaa0a8abc54ac0d89 to remote] DEBUG org.asynchttpclient.netty.request.NettyRequestSender - Using open Channel [id: 0xfcd998b9, L:/127.0.0.1:64789 - R:localhost/127.0.0.1:11068] for GET '/session/f0184842b6222cfdaa0a8abc54ac0d89/url'
18:43:51.460 [AsyncHttpClient-1-20] DEBUG org.asynchttpclient.netty.handler.HttpHandler - 

Request DefaultFullHttpRequest(decodeResult: success, version: HTTP/1.1, content: EmptyByteBufBE)
GET /session/f0184842b6222cfdaa0a8abc54ac0d89/url HTTP/1.1
User-Agent: selenium/4.8.1 (java windows)
Cache-Control: no-cache
Content-Type: application/json; charset=utf-8
host: localhost:11068
accept: */*

Response DefaultHttpResponse(decodeResult: success, version: HTTP/1.1)
HTTP/1.1 200 OK
Content-Length: 54
Content-Type: application/json; charset=utf-8
cache-control: no-cache

18:43:51.460 [AsyncHttpClient-1-20] DEBUG org.asynchttpclient.netty.channel.ChannelManager - Adding key: http://localhost:11068 for channel [id: 0xfcd998b9, L:/127.0.0.1:64789 - R:localhost/127.0.0.1:11068]
18:43:51.461 [Forwarding screenshot on session f0184842b6222cfdaa0a8abc54ac0d89 to remote] DEBUG org.asynchttpclient.netty.request.NettyRequestSender - Using pooled Channel '[id: 0xfcd998b9, L:/127.0.0.1:64789 - R:localhost/127.0.0.1:11068]' for 'GET' to 'http://localhost:11068/session/f0184842b6222cfdaa0a8abc54ac0d89/screenshot'
18:43:51.461 [Forwarding screenshot on session f0184842b6222cfdaa0a8abc54ac0d89 to remote] DEBUG org.asynchttpclient.netty.request.NettyRequestSender - Using open Channel [id: 0xfcd998b9, L:/127.0.0.1:64789 - R:localhost/127.0.0.1:11068] for GET '/session/f0184842b6222cfdaa0a8abc54ac0d89/screenshot'
18:43:51.568 [AsyncHttpClient-1-20] DEBUG org.asynchttpclient.netty.handler.HttpHandler - 

Request DefaultFullHttpRequest(decodeResult: success, version: HTTP/1.1, content: EmptyByteBufBE)
GET /session/f0184842b6222cfdaa0a8abc54ac0d89/screenshot HTTP/1.1
User-Agent: selenium/4.8.1 (java windows)
Cache-Control: no-cache
Content-Type: application/json; charset=utf-8
host: localhost:11068
accept: */*

Response DefaultHttpResponse(decodeResult: success, version: HTTP/1.1)
HTTP/1.1 200 OK
Content-Length: 44196
Content-Type: application/json; charset=utf-8
cache-control: no-cache

18:43:51.568 [AsyncHttpClient-1-20] DEBUG org.asynchttpclient.netty.channel.ChannelManager - Adding key: http://localhost:11068 for channel [id: 0xfcd998b9, L:/127.0.0.1:64789 - R:localhost/127.0.0.1:11068]
18:43:51.569 [main] DEBUG net.serenitybdd.core.photography.Darkroom - Send negative for processing for target\site\serenity\8a4a681cbdc901bc34cde540bdc0e7330494f3e7ad606a7655cb67adf75e4cd2.png
18:43:51.569 [main] DEBUG net.thucydides.core.steps.StepInterceptor - STEP DONE: inputFullName
18:43:51.569 [Darkroom Processing Line] DEBUG net.serenitybdd.core.photography.DarkroomProcessingLine - Processing screenshot image in /var/screenshots/screenshot-773217055439615707
  &amp#27;[32mAnd &amp#27;[0m&amp#27;[32mI input Full name&amp#27;[0m                               &amp#27;[90m# starter.stepDefinition.RegisterPosSteps.inputFullName()&amp#27;[0m
18:43:51.569 [Darkroom Processing Line] DEBUG net.serenitybdd.core.photography.DarkroomProcessingLine - Saving screenshot to target\site\serenity\8a4a681cbdc901bc34cde540bdc0e7330494f3e7ad606a7655cb67adf75e4cd2.png
18:43:51.574 [Forwarding getPageSource on session f0184842b6222cfdaa0a8abc54ac0d89 to remote] DEBUG org.asynchttpclient.netty.request.NettyRequestSender - Using pooled Channel '[id: 0xfcd998b9, L:/127.0.0.1:64789 - R:localhost/127.0.0.1:11068]' for 'POST' to 'http://localhost:11068/session/f0184842b6222cfdaa0a8abc54ac0d89/execute/sync'
18:43:51.574 [Forwarding getPageSource on session f0184842b6222cfdaa0a8abc54ac0d89 to remote] DEBUG org.asynchttpclient.netty.request.NettyRequestSender - Using open Channel [id: 0xfcd998b9, L:/127.0.0.1:64789 - R:localhost/127.0.0.1:11068] for POST '/session/f0184842b6222cfdaa0a8abc54ac0d89/execute/sync'
18:43:51.577 [AsyncHttpClient-1-20] DEBUG org.asynchttpclient.netty.handler.HttpHandler - 

Request DefaultHttpRequest(decodeResult: success, version: HTTP/1.1)
POST /session/f0184842b6222cfdaa0a8abc54ac0d89/execute/sync HTTP/1.1
User-Agent: selenium/4.8.1 (java windows)
Content-Length: 176
Content-Type: application/json; charset=utf-8
host: localhost:11068
accept: */*

Response DefaultHttpResponse(decodeResult: success, version: HTTP/1.1)
HTTP/1.1 200 OK
Content-Length: 22447
Content-Type: application/json; charset=utf-8
cache-control: no-cache

18:43:51.577 [AsyncHttpClient-1-20] DEBUG org.asynchttpclient.netty.channel.ChannelManager - Adding key: http://localhost:11068 for channel [id: 0xfcd998b9, L:/127.0.0.1:64789 - R:localhost/127.0.0.1:11068]
18:43:51.578 [Forwarding getCurrentUrl on session f0184842b6222cfdaa0a8abc54ac0d89 to remote] DEBUG org.asynchttpclient.netty.request.NettyRequestSender - Using pooled Channel '[id: 0xfcd998b9, L:/127.0.0.1:64789 - R:localhost/127.0.0.1:11068]' for 'GET' to 'http://localhost:11068/session/f0184842b6222cfdaa0a8abc54ac0d89/url'
18:43:51.578 [Forwarding getCurrentUrl on session f0184842b6222cfdaa0a8abc54ac0d89 to remote] DEBUG org.asynchttpclient.netty.request.NettyRequestSender - Using open Channel [id: 0xfcd998b9, L:/127.0.0.1:64789 - R:localhost/127.0.0.1:11068] for GET '/session/f0184842b6222cfdaa0a8abc54ac0d89/url'
18:43:51.580 [AsyncHttpClient-1-20] DEBUG org.asynchttpclient.netty.handler.HttpHandler - 

Request DefaultFullHttpRequest(decodeResult: success, version: HTTP/1.1, content: EmptyByteBufBE)
GET /session/f0184842b6222cfdaa0a8abc54ac0d89/url HTTP/1.1
User-Agent: selenium/4.8.1 (java windows)
Cache-Control: no-cache
Content-Type: application/json; charset=utf-8
host: localhost:11068
accept: */*

Response DefaultHttpResponse(decodeResult: success, version: HTTP/1.1)
HTTP/1.1 200 OK
Content-Length: 54
Content-Type: application/json; charset=utf-8
cache-control: no-cache

18:43:51.580 [AsyncHttpClient-1-20] DEBUG org.asynchttpclient.netty.channel.ChannelManager - Adding key: http://localhost:11068 for channel [id: 0xfcd998b9, L:/127.0.0.1:64789 - R:localhost/127.0.0.1:11068]
18:43:51.587 [Forwarding getPageSource on session f0184842b6222cfdaa0a8abc54ac0d89 to remote] DEBUG org.asynchttpclient.netty.request.NettyRequestSender - Using pooled Channel '[id: 0xfcd998b9, L:/127.0.0.1:64789 - R:localhost/127.0.0.1:11068]' for 'POST' to 'http://localhost:11068/session/f0184842b6222cfdaa0a8abc54ac0d89/execute/sync'
18:43:51.587 [Forwarding getPageSource on session f0184842b6222cfdaa0a8abc54ac0d89 to remote] DEBUG org.asynchttpclient.netty.request.NettyRequestSender - Using open Channel [id: 0xfcd998b9, L:/127.0.0.1:64789 - R:localhost/127.0.0.1:11068] for POST '/session/f0184842b6222cfdaa0a8abc54ac0d89/execute/sync'
18:43:51.589 [AsyncHttpClient-1-20] DEBUG org.asynchttpclient.netty.handler.HttpHandler - 

Request DefaultHttpRequest(decodeResult: success, version: HTTP/1.1)
POST /session/f0184842b6222cfdaa0a8abc54ac0d89/execute/sync HTTP/1.1
User-Agent: selenium/4.8.1 (java windows)
Content-Length: 176
Content-Type: application/json; charset=utf-8
host: localhost:11068
accept: */*

Response DefaultHttpResponse(decodeResult: success, version: HTTP/1.1)
HTTP/1.1 200 OK
Content-Length: 22447
Content-Type: application/json; charset=utf-8
cache-control: no-cache

18:43:51.589 [AsyncHttpClient-1-20] DEBUG org.asynchttpclient.netty.channel.ChannelManager - Adding key: http://localhost:11068 for channel [id: 0xfcd998b9, L:/127.0.0.1:64789 - R:localhost/127.0.0.1:11068]
18:43:51.590 [Forwarding getCurrentUrl on session f0184842b6222cfdaa0a8abc54ac0d89 to remote] DEBUG org.asynchttpclient.netty.request.NettyRequestSender - Using pooled Channel '[id: 0xfcd998b9, L:/127.0.0.1:64789 - R:localhost/127.0.0.1:11068]' for 'GET' to 'http://localhost:11068/session/f0184842b6222cfdaa0a8abc54ac0d89/url'
18:43:51.590 [Forwarding getCurrentUrl on session f0184842b6222cfdaa0a8abc54ac0d89 to remote] DEBUG org.asynchttpclient.netty.request.NettyRequestSender - Using open Channel [id: 0xfcd998b9, L:/127.0.0.1:64789 - R:localhost/127.0.0.1:11068] for GET '/session/f0184842b6222cfdaa0a8abc54ac0d89/url'
18:43:51.592 [AsyncHttpClient-1-20] DEBUG org.asynchttpclient.netty.handler.HttpHandler - 

Request DefaultFullHttpRequest(decodeResult: success, version: HTTP/1.1, content: EmptyByteBufBE)
GET /session/f0184842b6222cfdaa0a8abc54ac0d89/url HTTP/1.1
User-Agent: selenium/4.8.1 (java windows)
Cache-Control: no-cache
Content-Type: application/json; charset=utf-8
host: localhost:11068
accept: */*

Response DefaultHttpResponse(decodeResult: success, version: HTTP/1.1)
HTTP/1.1 200 OK
Content-Length: 54
Content-Type: application/json; charset=utf-8
cache-control: no-cache

18:43:51.592 [AsyncHttpClient-1-20] DEBUG org.asynchttpclient.netty.channel.ChannelManager - Adding key: http://localhost:11068 for channel [id: 0xfcd998b9, L:/127.0.0.1:64789 - R:localhost/127.0.0.1:11068]
18:43:51.594 [main] DEBUG net.thucydides.core.steps.StepInterceptor - STARTING STEP: RegisterPosSteps.inputValidEmail - inputValidEmail
18:43:51.595 [Forwarding findElement on session f0184842b6222cfdaa0a8abc54ac0d89 to remote] DEBUG org.asynchttpclient.netty.request.NettyRequestSender - Using pooled Channel '[id: 0xfcd998b9, L:/127.0.0.1:64789 - R:localhost/127.0.0.1:11068]' for 'POST' to 'http://localhost:11068/session/f0184842b6222cfdaa0a8abc54ac0d89/element'
18:43:51.595 [Forwarding findElement on session f0184842b6222cfdaa0a8abc54ac0d89 to remote] DEBUG org.asynchttpclient.netty.request.NettyRequestSender - Using open Channel [id: 0xfcd998b9, L:/127.0.0.1:64789 - R:localhost/127.0.0.1:11068] for POST '/session/f0184842b6222cfdaa0a8abc54ac0d89/element'
18:43:51.606 [AsyncHttpClient-1-20] DEBUG org.asynchttpclient.netty.handler.HttpHandler - 

Request DefaultHttpRequest(decodeResult: success, version: HTTP/1.1)
POST /session/f0184842b6222cfdaa0a8abc54ac0d89/element HTTP/1.1
User-Agent: selenium/4.8.1 (java windows)
Content-Length: 125
Content-Type: application/json; charset=utf-8
host: localhost:11068
accept: */*

Response DefaultHttpResponse(decodeResult: success, version: HTTP/1.1)
HTTP/1.1 200 OK
Content-Length: 88
Content-Type: application/json; charset=utf-8
cache-control: no-cache

18:43:51.606 [AsyncHttpClient-1-20] DEBUG org.asynchttpclient.netty.channel.ChannelManager - Adding key: http://localhost:11068 for channel [id: 0xfcd998b9, L:/127.0.0.1:64789 - R:localhost/127.0.0.1:11068]
18:43:51.609 [Forwarding clearElement on session f0184842b6222cfdaa0a8abc54ac0d89 to remote] DEBUG org.asynchttpclient.netty.request.NettyRequestSender - Using pooled Channel '[id: 0xfcd998b9, L:/127.0.0.1:64789 - R:localhost/127.0.0.1:11068]' for 'POST' to 'http://localhost:11068/session/f0184842b6222cfdaa0a8abc54ac0d89/element/097fc613-c97b-47ff-a318-6bbc6d23657b/clear'
18:43:51.609 [Forwarding clearElement on session f0184842b6222cfdaa0a8abc54ac0d89 to remote] DEBUG org.asynchttpclient.netty.request.NettyRequestSender - Using open Channel [id: 0xfcd998b9, L:/127.0.0.1:64789 - R:localhost/127.0.0.1:11068] for POST '/session/f0184842b6222cfdaa0a8abc54ac0d89/element/097fc613-c97b-47ff-a318-6bbc6d23657b/clear'
18:43:51.630 [AsyncHttpClient-1-20] DEBUG org.asynchttpclient.netty.handler.HttpHandler - 

Request DefaultHttpRequest(decodeResult: success, version: HTTP/1.1)
POST /session/f0184842b6222cfdaa0a8abc54ac0d89/element/097fc613-c97b-47ff-a318-6bbc6d23657b/clear HTTP/1.1
User-Agent: selenium/4.8.1 (java windows)
Content-Length: 50
Content-Type: application/json; charset=utf-8
host: localhost:11068
accept: */*

Response DefaultHttpResponse(decodeResult: success, version: HTTP/1.1)
HTTP/1.1 200 OK
Content-Length: 14
Content-Type: application/json; charset=utf-8
cache-control: no-cache

18:43:51.630 [AsyncHttpClient-1-20] DEBUG org.asynchttpclient.netty.channel.ChannelManager - Adding key: http://localhost:11068 for channel [id: 0xfcd998b9, L:/127.0.0.1:64789 - R:localhost/127.0.0.1:11068]
18:43:51.632 [Forwarding sendKeysToElement on session f0184842b6222cfdaa0a8abc54ac0d89 to remote] DEBUG org.asynchttpclient.netty.request.NettyRequestSender - Using pooled Channel '[id: 0xfcd998b9, L:/127.0.0.1:64789 - R:localhost/127.0.0.1:11068]' for 'POST' to 'http://localhost:11068/session/f0184842b6222cfdaa0a8abc54ac0d89/element/097fc613-c97b-47ff-a318-6bbc6d23657b/value'
18:43:51.633 [Forwarding sendKeysToElement on session f0184842b6222cfdaa0a8abc54ac0d89 to remote] DEBUG org.asynchttpclient.netty.request.NettyRequestSender - Using open Channel [id: 0xfcd998b9, L:/127.0.0.1:64789 - R:localhost/127.0.0.1:11068] for POST '/session/f0184842b6222cfdaa0a8abc54ac0d89/element/097fc613-c97b-47ff-a318-6bbc6d23657b/value'
18:43:51.691 [AsyncHttpClient-1-1] DEBUG org.asynchttpclient.netty.channel.DefaultChannelPool - Entry count for : http://localhost:64791 : 1
18:43:51.703 [AsyncHttpClient-1-20] DEBUG org.asynchttpclient.netty.handler.HttpHandler - 

Request DefaultHttpRequest(decodeResult: success, version: HTTP/1.1)
POST /session/f0184842b6222cfdaa0a8abc54ac0d89/element/097fc613-c97b-47ff-a318-6bbc6d23657b/value HTTP/1.1
User-Agent: selenium/4.8.1 (java windows)
Content-Length: 251
Content-Type: application/json; charset=utf-8
host: localhost:11068
accept: */*

Response DefaultHttpResponse(decodeResult: success, version: HTTP/1.1)
HTTP/1.1 200 OK
Content-Length: 14
Content-Type: application/json; charset=utf-8
cache-control: no-cache

18:43:51.703 [AsyncHttpClient-1-20] DEBUG org.asynchttpclient.netty.channel.ChannelManager - Adding key: http://localhost:11068 for channel [id: 0xfcd998b9, L:/127.0.0.1:64789 - R:localhost/127.0.0.1:11068]
18:43:51.708 [Forwarding getAlertText on session f0184842b6222cfdaa0a8abc54ac0d89 to remote] DEBUG org.asynchttpclient.netty.request.NettyRequestSender - Using pooled Channel '[id: 0xfcd998b9, L:/127.0.0.1:64789 - R:localhost/127.0.0.1:11068]' for 'GET' to 'http://localhost:11068/session/f0184842b6222cfdaa0a8abc54ac0d89/alert/text'
18:43:51.708 [Forwarding getAlertText on session f0184842b6222cfdaa0a8abc54ac0d89 to remote] DEBUG org.asynchttpclient.netty.request.NettyRequestSender - Using open Channel [id: 0xfcd998b9, L:/127.0.0.1:64789 - R:localhost/127.0.0.1:11068] for GET '/session/f0184842b6222cfdaa0a8abc54ac0d89/alert/text'
18:43:51.709 [AsyncHttpClient-1-20] DEBUG org.asynchttpclient.netty.handler.HttpHandler - 

Request DefaultFullHttpRequest(decodeResult: success, version: HTTP/1.1, content: EmptyByteBufBE)
GET /session/f0184842b6222cfdaa0a8abc54ac0d89/alert/text HTTP/1.1
User-Agent: selenium/4.8.1 (java windows)
Cache-Control: no-cache
Content-Type: application/json; charset=utf-8
host: localhost:11068
accept: */*

Response DefaultHttpResponse(decodeResult: success, version: HTTP/1.1)
HTTP/1.1 404 Not Found
Content-Length: 821
Content-Type: application/json; charset=utf-8
cache-control: no-cache

18:43:51.709 [AsyncHttpClient-1-20] DEBUG org.asynchttpclient.netty.channel.ChannelManager - Adding key: http://localhost:11068 for channel [id: 0xfcd998b9, L:/127.0.0.1:64789 - R:localhost/127.0.0.1:11068]
18:43:51.709 [Forwarding getCurrentUrl on session f0184842b6222cfdaa0a8abc54ac0d89 to remote] DEBUG org.asynchttpclient.netty.request.NettyRequestSender - Using pooled Channel '[id: 0xfcd998b9, L:/127.0.0.1:64789 - R:localhost/127.0.0.1:11068]' for 'GET' to 'http://localhost:11068/session/f0184842b6222cfdaa0a8abc54ac0d89/url'
18:43:51.709 [Forwarding getCurrentUrl on session f0184842b6222cfdaa0a8abc54ac0d89 to remote] DEBUG org.asynchttpclient.netty.request.NettyRequestSender - Using open Channel [id: 0xfcd998b9, L:/127.0.0.1:64789 - R:localhost/127.0.0.1:11068] for GET '/session/f0184842b6222cfdaa0a8abc54ac0d89/url'
18:43:51.711 [AsyncHttpClient-1-20] DEBUG org.asynchttpclient.netty.handler.HttpHandler - 

Request DefaultFullHttpRequest(decodeResult: success, version: HTTP/1.1, content: EmptyByteBufBE)
GET /session/f0184842b6222cfdaa0a8abc54ac0d89/url HTTP/1.1
User-Agent: selenium/4.8.1 (java windows)
Cache-Control: no-cache
Content-Type: application/json; charset=utf-8
host: localhost:11068
accept: */*

Response DefaultHttpResponse(decodeResult: success, version: HTTP/1.1)
HTTP/1.1 200 OK
Content-Length: 54
Content-Type: application/json; charset=utf-8
cache-control: no-cache

18:43:51.711 [AsyncHttpClient-1-20] DEBUG org.asynchttpclient.netty.channel.ChannelManager - Adding key: http://localhost:11068 for channel [id: 0xfcd998b9, L:/127.0.0.1:64789 - R:localhost/127.0.0.1:11068]
18:43:51.711 [Forwarding screenshot on session f0184842b6222cfdaa0a8abc54ac0d89 to remote] DEBUG org.asynchttpclient.netty.request.NettyRequestSender - Using pooled Channel '[id: 0xfcd998b9, L:/127.0.0.1:64789 - R:localhost/127.0.0.1:11068]' for 'GET' to 'http://localhost:11068/session/f0184842b6222cfdaa0a8abc54ac0d89/screenshot'
18:43:51.711 [Forwarding screenshot on session f0184842b6222cfdaa0a8abc54ac0d89 to remote] DEBUG org.asynchttpclient.netty.request.NettyRequestSender - Using open Channel [id: 0xfcd998b9, L:/127.0.0.1:64789 - R:localhost/127.0.0.1:11068] for GET '/session/f0184842b6222cfdaa0a8abc54ac0d89/screenshot'
18:43:51.804 [AsyncHttpClient-1-20] DEBUG org.asynchttpclient.netty.handler.HttpHandler - 

Request DefaultFullHttpRequest(decodeResult: success, version: HTTP/1.1, content: EmptyByteBufBE)
GET /session/f0184842b6222cfdaa0a8abc54ac0d89/screenshot HTTP/1.1
User-Agent: selenium/4.8.1 (java windows)
Cache-Control: no-cache
Content-Type: application/json; charset=utf-8
host: localhost:11068
accept: */*

Response DefaultHttpResponse(decodeResult: success, version: HTTP/1.1)
HTTP/1.1 200 OK
Content-Length: 49568
Content-Type: application/json; charset=utf-8
cache-control: no-cache

18:43:51.804 [AsyncHttpClient-1-20] DEBUG org.asynchttpclient.netty.channel.ChannelManager - Adding key: http://localhost:11068 for channel [id: 0xfcd998b9, L:/127.0.0.1:64789 - R:localhost/127.0.0.1:11068]
18:43:51.805 [main] DEBUG net.serenitybdd.core.photography.Darkroom - Send negative for processing for target\site\serenity\5d798a6291677dd8723c75c3614bc350c4100fe5a1451798fa7bd32e7e3e8c83.png
18:43:51.806 [main] DEBUG net.thucydides.core.steps.StepInterceptor - STEP DONE: inputValidEmail
  &amp#27;[32mAnd &amp#27;[0m&amp#27;[32mI input valid email&amp#27;[0m                             &amp#27;[90m# starter.stepDefinition.RegisterPosSteps.inputValidEmail()&amp#27;[0m
18:43:51.806 [Darkroom Processing Line] DEBUG net.serenitybdd.core.photography.DarkroomProcessingLine - Processing screenshot image in /var/screenshots/screenshot-8549146645997265996
18:43:51.806 [Darkroom Processing Line] DEBUG net.serenitybdd.core.photography.DarkroomProcessingLine - Saving screenshot to target\site\serenity\5d798a6291677dd8723c75c3614bc350c4100fe5a1451798fa7bd32e7e3e8c83.png
18:43:51.810 [Forwarding getPageSource on session f0184842b6222cfdaa0a8abc54ac0d89 to remote] DEBUG org.asynchttpclient.netty.request.NettyRequestSender - Using pooled Channel '[id: 0xfcd998b9, L:/127.0.0.1:64789 - R:localhost/127.0.0.1:11068]' for 'POST' to 'http://localhost:11068/session/f0184842b6222cfdaa0a8abc54ac0d89/execute/sync'
18:43:51.810 [Forwarding getPageSource on session f0184842b6222cfdaa0a8abc54ac0d89 to remote] DEBUG org.asynchttpclient.netty.request.NettyRequestSender - Using open Channel [id: 0xfcd998b9, L:/127.0.0.1:64789 - R:localhost/127.0.0.1:11068] for POST '/session/f0184842b6222cfdaa0a8abc54ac0d89/execute/sync'
18:43:51.816 [AsyncHttpClient-1-20] DEBUG org.asynchttpclient.netty.handler.HttpHandler - 

Request DefaultHttpRequest(decodeResult: success, version: HTTP/1.1)
POST /session/f0184842b6222cfdaa0a8abc54ac0d89/execute/sync HTTP/1.1
User-Agent: selenium/4.8.1 (java windows)
Content-Length: 176
Content-Type: application/json; charset=utf-8
host: localhost:11068
accept: */*

Response DefaultHttpResponse(decodeResult: success, version: HTTP/1.1)
HTTP/1.1 200 OK
Content-Length: 22506
Content-Type: application/json; charset=utf-8
cache-control: no-cache

18:43:51.816 [AsyncHttpClient-1-20] DEBUG org.asynchttpclient.netty.channel.ChannelManager - Adding key: http://localhost:11068 for channel [id: 0xfcd998b9, L:/127.0.0.1:64789 - R:localhost/127.0.0.1:11068]
18:43:51.818 [Forwarding getCurrentUrl on session f0184842b6222cfdaa0a8abc54ac0d89 to remote] DEBUG org.asynchttpclient.netty.request.NettyRequestSender - Using pooled Channel '[id: 0xfcd998b9, L:/127.0.0.1:64789 - R:localhost/127.0.0.1:11068]' for 'GET' to 'http://localhost:11068/session/f0184842b6222cfdaa0a8abc54ac0d89/url'
18:43:51.818 [Forwarding getCurrentUrl on session f0184842b6222cfdaa0a8abc54ac0d89 to remote] DEBUG org.asynchttpclient.netty.request.NettyRequestSender - Using open Channel [id: 0xfcd998b9, L:/127.0.0.1:64789 - R:localhost/127.0.0.1:11068] for GET '/session/f0184842b6222cfdaa0a8abc54ac0d89/url'
18:43:51.821 [AsyncHttpClient-1-20] DEBUG org.asynchttpclient.netty.handler.HttpHandler - 

Request DefaultFullHttpRequest(decodeResult: success, version: HTTP/1.1, content: EmptyByteBufBE)
GET /session/f0184842b6222cfdaa0a8abc54ac0d89/url HTTP/1.1
User-Agent: selenium/4.8.1 (java windows)
Cache-Control: no-cache
Content-Type: application/json; charset=utf-8
host: localhost:11068
accept: */*

Response DefaultHttpResponse(decodeResult: success, version: HTTP/1.1)
HTTP/1.1 200 OK
Content-Length: 54
Content-Type: application/json; charset=utf-8
cache-control: no-cache

18:43:51.821 [AsyncHttpClient-1-20] DEBUG org.asynchttpclient.netty.channel.ChannelManager - Adding key: http://localhost:11068 for channel [id: 0xfcd998b9, L:/127.0.0.1:64789 - R:localhost/127.0.0.1:11068]
18:43:51.826 [Forwarding getPageSource on session f0184842b6222cfdaa0a8abc54ac0d89 to remote] DEBUG org.asynchttpclient.netty.request.NettyRequestSender - Using pooled Channel '[id: 0xfcd998b9, L:/127.0.0.1:64789 - R:localhost/127.0.0.1:11068]' for 'POST' to 'http://localhost:11068/session/f0184842b6222cfdaa0a8abc54ac0d89/execute/sync'
18:43:51.826 [Forwarding getPageSource on session f0184842b6222cfdaa0a8abc54ac0d89 to remote] DEBUG org.asynchttpclient.netty.request.NettyRequestSender - Using open Channel [id: 0xfcd998b9, L:/127.0.0.1:64789 - R:localhost/127.0.0.1:11068] for POST '/session/f0184842b6222cfdaa0a8abc54ac0d89/execute/sync'
18:43:51.828 [AsyncHttpClient-1-20] DEBUG org.asynchttpclient.netty.handler.HttpHandler - 

Request DefaultHttpRequest(decodeResult: success, version: HTTP/1.1)
POST /session/f0184842b6222cfdaa0a8abc54ac0d89/execute/sync HTTP/1.1
User-Agent: selenium/4.8.1 (java windows)
Content-Length: 176
Content-Type: application/json; charset=utf-8
host: localhost:11068
accept: */*

Response DefaultHttpResponse(decodeResult: success, version: HTTP/1.1)
HTTP/1.1 200 OK
Content-Length: 22506
Content-Type: application/json; charset=utf-8
cache-control: no-cache

18:43:51.828 [AsyncHttpClient-1-20] DEBUG org.asynchttpclient.netty.channel.ChannelManager - Adding key: http://localhost:11068 for channel [id: 0xfcd998b9, L:/127.0.0.1:64789 - R:localhost/127.0.0.1:11068]
18:43:51.832 [Forwarding getCurrentUrl on session f0184842b6222cfdaa0a8abc54ac0d89 to remote] DEBUG org.asynchttpclient.netty.request.NettyRequestSender - Using pooled Channel '[id: 0xfcd998b9, L:/127.0.0.1:64789 - R:localhost/127.0.0.1:11068]' for 'GET' to 'http://localhost:11068/session/f0184842b6222cfdaa0a8abc54ac0d89/url'
18:43:51.832 [Forwarding getCurrentUrl on session f0184842b6222cfdaa0a8abc54ac0d89 to remote] DEBUG org.asynchttpclient.netty.request.NettyRequestSender - Using open Channel [id: 0xfcd998b9, L:/127.0.0.1:64789 - R:localhost/127.0.0.1:11068] for GET '/session/f0184842b6222cfdaa0a8abc54ac0d89/url'
18:43:51.837 [AsyncHttpClient-1-20] DEBUG org.asynchttpclient.netty.handler.HttpHandler - 

Request DefaultFullHttpRequest(decodeResult: success, version: HTTP/1.1, content: EmptyByteBufBE)
GET /session/f0184842b6222cfdaa0a8abc54ac0d89/url HTTP/1.1
User-Agent: selenium/4.8.1 (java windows)
Cache-Control: no-cache
Content-Type: application/json; charset=utf-8
host: localhost:11068
accept: */*

Response DefaultHttpResponse(decodeResult: success, version: HTTP/1.1)
HTTP/1.1 200 OK
Content-Length: 54
Content-Type: application/json; charset=utf-8
cache-control: no-cache

18:43:51.837 [AsyncHttpClient-1-20] DEBUG org.asynchttpclient.netty.channel.ChannelManager - Adding key: http://localhost:11068 for channel [id: 0xfcd998b9, L:/127.0.0.1:64789 - R:localhost/127.0.0.1:11068]
18:43:51.839 [main] DEBUG net.thucydides.core.steps.StepInterceptor - STARTING STEP: RegisterPosSteps.inputValidPassword - inputValidPassword
18:43:51.840 [Forwarding findElement on session f0184842b6222cfdaa0a8abc54ac0d89 to remote] DEBUG org.asynchttpclient.netty.request.NettyRequestSender - Using pooled Channel '[id: 0xfcd998b9, L:/127.0.0.1:64789 - R:localhost/127.0.0.1:11068]' for 'POST' to 'http://localhost:11068/session/f0184842b6222cfdaa0a8abc54ac0d89/element'
18:43:51.840 [Forwarding findElement on session f0184842b6222cfdaa0a8abc54ac0d89 to remote] DEBUG org.asynchttpclient.netty.request.NettyRequestSender - Using open Channel [id: 0xfcd998b9, L:/127.0.0.1:64789 - R:localhost/127.0.0.1:11068] for POST '/session/f0184842b6222cfdaa0a8abc54ac0d89/element'
18:43:51.849 [AsyncHttpClient-1-20] DEBUG org.asynchttpclient.netty.handler.HttpHandler - 

Request DefaultHttpRequest(decodeResult: success, version: HTTP/1.1)
POST /session/f0184842b6222cfdaa0a8abc54ac0d89/element HTTP/1.1
User-Agent: selenium/4.8.1 (java windows)
Content-Length: 128
Content-Type: application/json; charset=utf-8
host: localhost:11068
accept: */*

Response DefaultHttpResponse(decodeResult: success, version: HTTP/1.1)
HTTP/1.1 200 OK
Content-Length: 88
Content-Type: application/json; charset=utf-8
cache-control: no-cache

18:43:51.849 [AsyncHttpClient-1-20] DEBUG org.asynchttpclient.netty.channel.ChannelManager - Adding key: http://localhost:11068 for channel [id: 0xfcd998b9, L:/127.0.0.1:64789 - R:localhost/127.0.0.1:11068]
18:43:51.851 [Forwarding clearElement on session f0184842b6222cfdaa0a8abc54ac0d89 to remote] DEBUG org.asynchttpclient.netty.request.NettyRequestSender - Using pooled Channel '[id: 0xfcd998b9, L:/127.0.0.1:64789 - R:localhost/127.0.0.1:11068]' for 'POST' to 'http://localhost:11068/session/f0184842b6222cfdaa0a8abc54ac0d89/element/a8e0e286-1c12-41ec-89e3-dffac04f4a3f/clear'
18:43:51.851 [Forwarding clearElement on session f0184842b6222cfdaa0a8abc54ac0d89 to remote] DEBUG org.asynchttpclient.netty.request.NettyRequestSender - Using open Channel [id: 0xfcd998b9, L:/127.0.0.1:64789 - R:localhost/127.0.0.1:11068] for POST '/session/f0184842b6222cfdaa0a8abc54ac0d89/element/a8e0e286-1c12-41ec-89e3-dffac04f4a3f/clear'
18:43:51.871 [AsyncHttpClient-1-20] DEBUG org.asynchttpclient.netty.handler.HttpHandler - 

Request DefaultHttpRequest(decodeResult: success, version: HTTP/1.1)
POST /session/f0184842b6222cfdaa0a8abc54ac0d89/element/a8e0e286-1c12-41ec-89e3-dffac04f4a3f/clear HTTP/1.1
User-Agent: selenium/4.8.1 (java windows)
Content-Length: 50
Content-Type: application/json; charset=utf-8
host: localhost:11068
accept: */*

Response DefaultHttpResponse(decodeResult: success, version: HTTP/1.1)
HTTP/1.1 200 OK
Content-Length: 14
Content-Type: application/json; charset=utf-8
cache-control: no-cache

18:43:51.871 [AsyncHttpClient-1-20] DEBUG org.asynchttpclient.netty.channel.ChannelManager - Adding key: http://localhost:11068 for channel [id: 0xfcd998b9, L:/127.0.0.1:64789 - R:localhost/127.0.0.1:11068]
18:43:51.872 [Forwarding sendKeysToElement on session f0184842b6222cfdaa0a8abc54ac0d89 to remote] DEBUG org.asynchttpclient.netty.request.NettyRequestSender - Using pooled Channel '[id: 0xfcd998b9, L:/127.0.0.1:64789 - R:localhost/127.0.0.1:11068]' for 'POST' to 'http://localhost:11068/session/f0184842b6222cfdaa0a8abc54ac0d89/element/a8e0e286-1c12-41ec-89e3-dffac04f4a3f/value'
18:43:51.872 [Forwarding sendKeysToElement on session f0184842b6222cfdaa0a8abc54ac0d89 to remote] DEBUG org.asynchttpclient.netty.request.NettyRequestSender - Using open Channel [id: 0xfcd998b9, L:/127.0.0.1:64789 - R:localhost/127.0.0.1:11068] for POST '/session/f0184842b6222cfdaa0a8abc54ac0d89/element/a8e0e286-1c12-41ec-89e3-dffac04f4a3f/value'
18:43:51.939 [AsyncHttpClient-1-20] DEBUG org.asynchttpclient.netty.handler.HttpHandler - 

Request DefaultHttpRequest(decodeResult: success, version: HTTP/1.1)
POST /session/f0184842b6222cfdaa0a8abc54ac0d89/element/a8e0e286-1c12-41ec-89e3-dffac04f4a3f/value HTTP/1.1
User-Agent: selenium/4.8.1 (java windows)
Content-Length: 211
Content-Type: application/json; charset=utf-8
host: localhost:11068
accept: */*

Response DefaultHttpResponse(decodeResult: success, version: HTTP/1.1)
HTTP/1.1 200 OK
Content-Length: 14
Content-Type: application/json; charset=utf-8
cache-control: no-cache

18:43:51.939 [AsyncHttpClient-1-20] DEBUG org.asynchttpclient.netty.channel.ChannelManager - Adding key: http://localhost:11068 for channel [id: 0xfcd998b9, L:/127.0.0.1:64789 - R:localhost/127.0.0.1:11068]
18:43:51.944 [Forwarding getAlertText on session f0184842b6222cfdaa0a8abc54ac0d89 to remote] DEBUG org.asynchttpclient.netty.request.NettyRequestSender - Using pooled Channel '[id: 0xfcd998b9, L:/127.0.0.1:64789 - R:localhost/127.0.0.1:11068]' for 'GET' to 'http://localhost:11068/session/f0184842b6222cfdaa0a8abc54ac0d89/alert/text'
18:43:51.944 [Forwarding getAlertText on session f0184842b6222cfdaa0a8abc54ac0d89 to remote] DEBUG org.asynchttpclient.netty.request.NettyRequestSender - Using open Channel [id: 0xfcd998b9, L:/127.0.0.1:64789 - R:localhost/127.0.0.1:11068] for GET '/session/f0184842b6222cfdaa0a8abc54ac0d89/alert/text'
18:43:51.946 [AsyncHttpClient-1-20] DEBUG org.asynchttpclient.netty.handler.HttpHandler - 

Request DefaultFullHttpRequest(decodeResult: success, version: HTTP/1.1, content: EmptyByteBufBE)
GET /session/f0184842b6222cfdaa0a8abc54ac0d89/alert/text HTTP/1.1
User-Agent: selenium/4.8.1 (java windows)
Cache-Control: no-cache
Content-Type: application/json; charset=utf-8
host: localhost:11068
accept: */*

Response DefaultHttpResponse(decodeResult: success, version: HTTP/1.1)
HTTP/1.1 404 Not Found
Content-Length: 821
Content-Type: application/json; charset=utf-8
cache-control: no-cache

18:43:51.946 [AsyncHttpClient-1-20] DEBUG org.asynchttpclient.netty.channel.ChannelManager - Adding key: http://localhost:11068 for channel [id: 0xfcd998b9, L:/127.0.0.1:64789 - R:localhost/127.0.0.1:11068]
18:43:51.947 [Forwarding getCurrentUrl on session f0184842b6222cfdaa0a8abc54ac0d89 to remote] DEBUG org.asynchttpclient.netty.request.NettyRequestSender - Using pooled Channel '[id: 0xfcd998b9, L:/127.0.0.1:64789 - R:localhost/127.0.0.1:11068]' for 'GET' to 'http://localhost:11068/session/f0184842b6222cfdaa0a8abc54ac0d89/url'
18:43:51.947 [Forwarding getCurrentUrl on session f0184842b6222cfdaa0a8abc54ac0d89 to remote] DEBUG org.asynchttpclient.netty.request.NettyRequestSender - Using open Channel [id: 0xfcd998b9, L:/127.0.0.1:64789 - R:localhost/127.0.0.1:11068] for GET '/session/f0184842b6222cfdaa0a8abc54ac0d89/url'
18:43:51.948 [AsyncHttpClient-1-20] DEBUG org.asynchttpclient.netty.handler.HttpHandler - 

Request DefaultFullHttpRequest(decodeResult: success, version: HTTP/1.1, content: EmptyByteBufBE)
GET /session/f0184842b6222cfdaa0a8abc54ac0d89/url HTTP/1.1
User-Agent: selenium/4.8.1 (java windows)
Cache-Control: no-cache
Content-Type: application/json; charset=utf-8
host: localhost:11068
accept: */*

Response DefaultHttpResponse(decodeResult: success, version: HTTP/1.1)
HTTP/1.1 200 OK
Content-Length: 54
Content-Type: application/json; charset=utf-8
cache-control: no-cache

18:43:51.948 [AsyncHttpClient-1-20] DEBUG org.asynchttpclient.netty.channel.ChannelManager - Adding key: http://localhost:11068 for channel [id: 0xfcd998b9, L:/127.0.0.1:64789 - R:localhost/127.0.0.1:11068]
18:43:51.950 [Forwarding screenshot on session f0184842b6222cfdaa0a8abc54ac0d89 to remote] DEBUG org.asynchttpclient.netty.request.NettyRequestSender - Using pooled Channel '[id: 0xfcd998b9, L:/127.0.0.1:64789 - R:localhost/127.0.0.1:11068]' for 'GET' to 'http://localhost:11068/session/f0184842b6222cfdaa0a8abc54ac0d89/screenshot'
18:43:51.950 [Forwarding screenshot on session f0184842b6222cfdaa0a8abc54ac0d89 to remote] DEBUG org.asynchttpclient.netty.request.NettyRequestSender - Using open Channel [id: 0xfcd998b9, L:/127.0.0.1:64789 - R:localhost/127.0.0.1:11068] for GET '/session/f0184842b6222cfdaa0a8abc54ac0d89/screenshot'
18:43:52.066 [AsyncHttpClient-1-20] DEBUG org.asynchttpclient.netty.handler.HttpHandler - 

Request DefaultFullHttpRequest(decodeResult: success, version: HTTP/1.1, content: EmptyByteBufBE)
GET /session/f0184842b6222cfdaa0a8abc54ac0d89/screenshot HTTP/1.1
User-Agent: selenium/4.8.1 (java windows)
Cache-Control: no-cache
Content-Type: application/json; charset=utf-8
host: localhost:11068
accept: */*

Response DefaultHttpResponse(decodeResult: success, version: HTTP/1.1)
HTTP/1.1 200 OK
Content-Length: 51144
Content-Type: application/json; charset=utf-8
cache-control: no-cache

18:43:52.067 [AsyncHttpClient-1-20] DEBUG org.asynchttpclient.netty.channel.ChannelManager - Adding key: http://localhost:11068 for channel [id: 0xfcd998b9, L:/127.0.0.1:64789 - R:localhost/127.0.0.1:11068]
18:43:52.069 [main] DEBUG net.serenitybdd.core.photography.Darkroom - Send negative for processing for target\site\serenity\32269a376c79120419f8350ff85a7965a45c2c221495faa44d8ffa59a13f196f.png
18:43:52.069 [main] DEBUG net.thucydides.core.steps.StepInterceptor - STEP DONE: inputValidPassword
  &amp#27;[32mAnd &amp#27;[0m&amp#27;[32mI input valid password&amp#27;[0m                          &amp#27;[90m# starter.stepDefinition.RegisterPosSteps.inputValidPassword()&amp#27;[0m
18:43:52.069 [Darkroom Processing Line] DEBUG net.serenitybdd.core.photography.DarkroomProcessingLine - Processing screenshot image in /var/screenshots/screenshot-9504240180830471208
18:43:52.069 [Darkroom Processing Line] DEBUG net.serenitybdd.core.photography.DarkroomProcessingLine - Saving screenshot to target\site\serenity\32269a376c79120419f8350ff85a7965a45c2c221495faa44d8ffa59a13f196f.png
18:43:52.074 [Forwarding getPageSource on session f0184842b6222cfdaa0a8abc54ac0d89 to remote] DEBUG org.asynchttpclient.netty.request.NettyRequestSender - Using pooled Channel '[id: 0xfcd998b9, L:/127.0.0.1:64789 - R:localhost/127.0.0.1:11068]' for 'POST' to 'http://localhost:11068/session/f0184842b6222cfdaa0a8abc54ac0d89/execute/sync'
18:43:52.074 [Forwarding getPageSource on session f0184842b6222cfdaa0a8abc54ac0d89 to remote] DEBUG org.asynchttpclient.netty.request.NettyRequestSender - Using open Channel [id: 0xfcd998b9, L:/127.0.0.1:64789 - R:localhost/127.0.0.1:11068] for POST '/session/f0184842b6222cfdaa0a8abc54ac0d89/execute/sync'
18:43:52.078 [AsyncHttpClient-1-20] DEBUG org.asynchttpclient.netty.handler.HttpHandler - 

Request DefaultHttpRequest(decodeResult: success, version: HTTP/1.1)
POST /session/f0184842b6222cfdaa0a8abc54ac0d89/execute/sync HTTP/1.1
User-Agent: selenium/4.8.1 (java windows)
Content-Length: 176
Content-Type: application/json; charset=utf-8
host: localhost:11068
accept: */*

Response DefaultHttpResponse(decodeResult: success, version: HTTP/1.1)
HTTP/1.1 200 OK
Content-Length: 22565
Content-Type: application/json; charset=utf-8
cache-control: no-cache

18:43:52.078 [AsyncHttpClient-1-20] DEBUG org.asynchttpclient.netty.channel.ChannelManager - Adding key: http://localhost:11068 for channel [id: 0xfcd998b9, L:/127.0.0.1:64789 - R:localhost/127.0.0.1:11068]
18:43:52.079 [Forwarding getCurrentUrl on session f0184842b6222cfdaa0a8abc54ac0d89 to remote] DEBUG org.asynchttpclient.netty.request.NettyRequestSender - Using pooled Channel '[id: 0xfcd998b9, L:/127.0.0.1:64789 - R:localhost/127.0.0.1:11068]' for 'GET' to 'http://localhost:11068/session/f0184842b6222cfdaa0a8abc54ac0d89/url'
18:43:52.079 [Forwarding getCurrentUrl on session f0184842b6222cfdaa0a8abc54ac0d89 to remote] DEBUG org.asynchttpclient.netty.request.NettyRequestSender - Using open Channel [id: 0xfcd998b9, L:/127.0.0.1:64789 - R:localhost/127.0.0.1:11068] for GET '/session/f0184842b6222cfdaa0a8abc54ac0d89/url'
18:43:52.080 [AsyncHttpClient-1-20] DEBUG org.asynchttpclient.netty.handler.HttpHandler - 

Request DefaultFullHttpRequest(decodeResult: success, version: HTTP/1.1, content: EmptyByteBufBE)
GET /session/f0184842b6222cfdaa0a8abc54ac0d89/url HTTP/1.1
User-Agent: selenium/4.8.1 (java windows)
Cache-Control: no-cache
Content-Type: application/json; charset=utf-8
host: localhost:11068
accept: */*

Response DefaultHttpResponse(decodeResult: success, version: HTTP/1.1)
HTTP/1.1 200 OK
Content-Length: 54
Content-Type: application/json; charset=utf-8
cache-control: no-cache

18:43:52.080 [AsyncHttpClient-1-20] DEBUG org.asynchttpclient.netty.channel.ChannelManager - Adding key: http://localhost:11068 for channel [id: 0xfcd998b9, L:/127.0.0.1:64789 - R:localhost/127.0.0.1:11068]
18:43:52.089 [Forwarding getPageSource on session f0184842b6222cfdaa0a8abc54ac0d89 to remote] DEBUG org.asynchttpclient.netty.request.NettyRequestSender - Using pooled Channel '[id: 0xfcd998b9, L:/127.0.0.1:64789 - R:localhost/127.0.0.1:11068]' for 'POST' to 'http://localhost:11068/session/f0184842b6222cfdaa0a8abc54ac0d89/execute/sync'
18:43:52.089 [Forwarding getPageSource on session f0184842b6222cfdaa0a8abc54ac0d89 to remote] DEBUG org.asynchttpclient.netty.request.NettyRequestSender - Using open Channel [id: 0xfcd998b9, L:/127.0.0.1:64789 - R:localhost/127.0.0.1:11068] for POST '/session/f0184842b6222cfdaa0a8abc54ac0d89/execute/sync'
18:43:52.093 [AsyncHttpClient-1-20] DEBUG org.asynchttpclient.netty.handler.HttpHandler - 

Request DefaultHttpRequest(decodeResult: success, version: HTTP/1.1)
POST /session/f0184842b6222cfdaa0a8abc54ac0d89/execute/sync HTTP/1.1
User-Agent: selenium/4.8.1 (java windows)
Content-Length: 176
Content-Type: application/json; charset=utf-8
host: localhost:11068
accept: */*

Response DefaultHttpResponse(decodeResult: success, version: HTTP/1.1)
HTTP/1.1 200 OK
Content-Length: 22565
Content-Type: application/json; charset=utf-8
cache-control: no-cache

18:43:52.093 [AsyncHttpClient-1-20] DEBUG org.asynchttpclient.netty.channel.ChannelManager - Adding key: http://localhost:11068 for channel [id: 0xfcd998b9, L:/127.0.0.1:64789 - R:localhost/127.0.0.1:11068]
18:43:52.094 [Forwarding getCurrentUrl on session f0184842b6222cfdaa0a8abc54ac0d89 to remote] DEBUG org.asynchttpclient.netty.request.NettyRequestSender - Using pooled Channel '[id: 0xfcd998b9, L:/127.0.0.1:64789 - R:localhost/127.0.0.1:11068]' for 'GET' to 'http://localhost:11068/session/f0184842b6222cfdaa0a8abc54ac0d89/url'
18:43:52.094 [Forwarding getCurrentUrl on session f0184842b6222cfdaa0a8abc54ac0d89 to remote] DEBUG org.asynchttpclient.netty.request.NettyRequestSender - Using open Channel [id: 0xfcd998b9, L:/127.0.0.1:64789 - R:localhost/127.0.0.1:11068] for GET '/session/f0184842b6222cfdaa0a8abc54ac0d89/url'
18:43:52.098 [AsyncHttpClient-1-20] DEBUG org.asynchttpclient.netty.handler.HttpHandler - 

Request DefaultFullHttpRequest(decodeResult: success, version: HTTP/1.1, content: EmptyByteBufBE)
GET /session/f0184842b6222cfdaa0a8abc54ac0d89/url HTTP/1.1
User-Agent: selenium/4.8.1 (java windows)
Cache-Control: no-cache
Content-Type: application/json; charset=utf-8
host: localhost:11068
accept: */*

Response DefaultHttpResponse(decodeResult: success, version: HTTP/1.1)
HTTP/1.1 200 OK
Content-Length: 54
Content-Type: application/json; charset=utf-8
cache-control: no-cache

18:43:52.098 [AsyncHttpClient-1-20] DEBUG org.asynchttpclient.netty.channel.ChannelManager - Adding key: http://localhost:11068 for channel [id: 0xfcd998b9, L:/127.0.0.1:64789 - R:localhost/127.0.0.1:11068]
18:43:52.100 [main] DEBUG net.thucydides.core.steps.StepInterceptor - STARTING STEP: RegisterPosSteps.clickRegisterButton - clickRegisterButton
18:43:52.102 [Forwarding findElement on session f0184842b6222cfdaa0a8abc54ac0d89 to remote] DEBUG org.asynchttpclient.netty.request.NettyRequestSender - Using pooled Channel '[id: 0xfcd998b9, L:/127.0.0.1:64789 - R:localhost/127.0.0.1:11068]' for 'POST' to 'http://localhost:11068/session/f0184842b6222cfdaa0a8abc54ac0d89/element'
18:43:52.103 [Forwarding findElement on session f0184842b6222cfdaa0a8abc54ac0d89 to remote] DEBUG org.asynchttpclient.netty.request.NettyRequestSender - Using open Channel [id: 0xfcd998b9, L:/127.0.0.1:64789 - R:localhost/127.0.0.1:11068] for POST '/session/f0184842b6222cfdaa0a8abc54ac0d89/element'
18:43:52.110 [AsyncHttpClient-1-20] DEBUG org.asynchttpclient.netty.handler.HttpHandler - 

Request DefaultHttpRequest(decodeResult: success, version: HTTP/1.1)
POST /session/f0184842b6222cfdaa0a8abc54ac0d89/element HTTP/1.1
User-Agent: selenium/4.8.1 (java windows)
Content-Length: 160
Content-Type: application/json; charset=utf-8
host: localhost:11068
accept: */*

Response DefaultHttpResponse(decodeResult: success, version: HTTP/1.1)
HTTP/1.1 200 OK
Content-Length: 88
Content-Type: application/json; charset=utf-8
cache-control: no-cache

18:43:52.110 [AsyncHttpClient-1-20] DEBUG org.asynchttpclient.netty.channel.ChannelManager - Adding key: http://localhost:11068 for channel [id: 0xfcd998b9, L:/127.0.0.1:64789 - R:localhost/127.0.0.1:11068]
18:43:52.112 [Forwarding getElementTagName on session f0184842b6222cfdaa0a8abc54ac0d89 to remote] DEBUG org.asynchttpclient.netty.request.NettyRequestSender - Using pooled Channel '[id: 0xfcd998b9, L:/127.0.0.1:64789 - R:localhost/127.0.0.1:11068]' for 'GET' to 'http://localhost:11068/session/f0184842b6222cfdaa0a8abc54ac0d89/element/d25873ed-0da1-4df9-8f99-96a3f7c8a200/name'
18:43:52.112 [Forwarding getElementTagName on session f0184842b6222cfdaa0a8abc54ac0d89 to remote] DEBUG org.asynchttpclient.netty.request.NettyRequestSender - Using open Channel [id: 0xfcd998b9, L:/127.0.0.1:64789 - R:localhost/127.0.0.1:11068] for GET '/session/f0184842b6222cfdaa0a8abc54ac0d89/element/d25873ed-0da1-4df9-8f99-96a3f7c8a200/name'
18:43:52.120 [AsyncHttpClient-1-20] DEBUG org.asynchttpclient.netty.handler.HttpHandler - 

Request DefaultFullHttpRequest(decodeResult: success, version: HTTP/1.1, content: EmptyByteBufBE)
GET /session/f0184842b6222cfdaa0a8abc54ac0d89/element/d25873ed-0da1-4df9-8f99-96a3f7c8a200/name HTTP/1.1
User-Agent: selenium/4.8.1 (java windows)
Cache-Control: no-cache
Content-Type: application/json; charset=utf-8
host: localhost:11068
accept: */*

Response DefaultHttpResponse(decodeResult: success, version: HTTP/1.1)
HTTP/1.1 200 OK
Content-Length: 16
Content-Type: application/json; charset=utf-8
cache-control: no-cache

18:43:52.120 [AsyncHttpClient-1-20] DEBUG org.asynchttpclient.netty.channel.ChannelManager - Adding key: http://localhost:11068 for channel [id: 0xfcd998b9, L:/127.0.0.1:64789 - R:localhost/127.0.0.1:11068]
18:43:52.121 [Forwarding getElementTagName on session f0184842b6222cfdaa0a8abc54ac0d89 to remote] DEBUG org.asynchttpclient.netty.request.NettyRequestSender - Using pooled Channel '[id: 0xfcd998b9, L:/127.0.0.1:64789 - R:localhost/127.0.0.1:11068]' for 'GET' to 'http://localhost:11068/session/f0184842b6222cfdaa0a8abc54ac0d89/element/d25873ed-0da1-4df9-8f99-96a3f7c8a200/name'
18:43:52.121 [Forwarding getElementTagName on session f0184842b6222cfdaa0a8abc54ac0d89 to remote] DEBUG org.asynchttpclient.netty.request.NettyRequestSender - Using open Channel [id: 0xfcd998b9, L:/127.0.0.1:64789 - R:localhost/127.0.0.1:11068] for GET '/session/f0184842b6222cfdaa0a8abc54ac0d89/element/d25873ed-0da1-4df9-8f99-96a3f7c8a200/name'
18:43:52.124 [AsyncHttpClient-1-20] DEBUG org.asynchttpclient.netty.handler.HttpHandler - 

Request DefaultFullHttpRequest(decodeResult: success, version: HTTP/1.1, content: EmptyByteBufBE)
GET /session/f0184842b6222cfdaa0a8abc54ac0d89/element/d25873ed-0da1-4df9-8f99-96a3f7c8a200/name HTTP/1.1
User-Agent: selenium/4.8.1 (java windows)
Cache-Control: no-cache
Content-Type: application/json; charset=utf-8
host: localhost:11068
accept: */*

Response DefaultHttpResponse(decodeResult: success, version: HTTP/1.1)
HTTP/1.1 200 OK
Content-Length: 16
Content-Type: application/json; charset=utf-8
cache-control: no-cache

18:43:52.124 [AsyncHttpClient-1-20] DEBUG org.asynchttpclient.netty.channel.ChannelManager - Adding key: http://localhost:11068 for channel [id: 0xfcd998b9, L:/127.0.0.1:64789 - R:localhost/127.0.0.1:11068]
18:43:52.125 [Forwarding findElement on session f0184842b6222cfdaa0a8abc54ac0d89 to remote] DEBUG org.asynchttpclient.netty.request.NettyRequestSender - Using pooled Channel '[id: 0xfcd998b9, L:/127.0.0.1:64789 - R:localhost/127.0.0.1:11068]' for 'POST' to 'http://localhost:11068/session/f0184842b6222cfdaa0a8abc54ac0d89/element'
18:43:52.125 [Forwarding findElement on session f0184842b6222cfdaa0a8abc54ac0d89 to remote] DEBUG org.asynchttpclient.netty.request.NettyRequestSender - Using open Channel [id: 0xfcd998b9, L:/127.0.0.1:64789 - R:localhost/127.0.0.1:11068] for POST '/session/f0184842b6222cfdaa0a8abc54ac0d89/element'
18:43:52.130 [AsyncHttpClient-1-20] DEBUG org.asynchttpclient.netty.handler.HttpHandler - 

Request DefaultHttpRequest(decodeResult: success, version: HTTP/1.1)
POST /session/f0184842b6222cfdaa0a8abc54ac0d89/element HTTP/1.1
User-Agent: selenium/4.8.1 (java windows)
Content-Length: 160
Content-Type: application/json; charset=utf-8
host: localhost:11068
accept: */*

Response DefaultHttpResponse(decodeResult: success, version: HTTP/1.1)
HTTP/1.1 200 OK
Content-Length: 88
Content-Type: application/json; charset=utf-8
cache-control: no-cache

18:43:52.130 [AsyncHttpClient-1-20] DEBUG org.asynchttpclient.netty.channel.ChannelManager - Adding key: http://localhost:11068 for channel [id: 0xfcd998b9, L:/127.0.0.1:64789 - R:localhost/127.0.0.1:11068]
18:43:52.131 [Forwarding clickElement on session f0184842b6222cfdaa0a8abc54ac0d89 to remote] DEBUG org.asynchttpclient.netty.request.NettyRequestSender - Using pooled Channel '[id: 0xfcd998b9, L:/127.0.0.1:64789 - R:localhost/127.0.0.1:11068]' for 'POST' to 'http://localhost:11068/session/f0184842b6222cfdaa0a8abc54ac0d89/element/d25873ed-0da1-4df9-8f99-96a3f7c8a200/click'
18:43:52.131 [Forwarding clickElement on session f0184842b6222cfdaa0a8abc54ac0d89 to remote] DEBUG org.asynchttpclient.netty.request.NettyRequestSender - Using open Channel [id: 0xfcd998b9, L:/127.0.0.1:64789 - R:localhost/127.0.0.1:11068] for POST '/session/f0184842b6222cfdaa0a8abc54ac0d89/element/d25873ed-0da1-4df9-8f99-96a3f7c8a200/click'
18:43:52.162 [AsyncHttpClient-1-20] DEBUG org.asynchttpclient.netty.handler.HttpHandler - 

Request DefaultHttpRequest(decodeResult: success, version: HTTP/1.1)
POST /session/f0184842b6222cfdaa0a8abc54ac0d89/element/d25873ed-0da1-4df9-8f99-96a3f7c8a200/click HTTP/1.1
User-Agent: selenium/4.8.1 (java windows)
Content-Length: 50
Content-Type: application/json; charset=utf-8
host: localhost:11068
accept: */*

Response DefaultHttpResponse(decodeResult: success, version: HTTP/1.1)
HTTP/1.1 200 OK
Content-Length: 14
Content-Type: application/json; charset=utf-8
cache-control: no-cache

18:43:52.163 [AsyncHttpClient-1-20] DEBUG org.asynchttpclient.netty.channel.ChannelManager - Adding key: http://localhost:11068 for channel [id: 0xfcd998b9, L:/127.0.0.1:64789 - R:localhost/127.0.0.1:11068]
18:43:52.168 [Forwarding getAlertText on session f0184842b6222cfdaa0a8abc54ac0d89 to remote] DEBUG org.asynchttpclient.netty.request.NettyRequestSender - Using pooled Channel '[id: 0xfcd998b9, L:/127.0.0.1:64789 - R:localhost/127.0.0.1:11068]' for 'GET' to 'http://localhost:11068/session/f0184842b6222cfdaa0a8abc54ac0d89/alert/text'
18:43:52.168 [Forwarding getAlertText on session f0184842b6222cfdaa0a8abc54ac0d89 to remote] DEBUG org.asynchttpclient.netty.request.NettyRequestSender - Using open Channel [id: 0xfcd998b9, L:/127.0.0.1:64789 - R:localhost/127.0.0.1:11068] for GET '/session/f0184842b6222cfdaa0a8abc54ac0d89/alert/text'
18:43:52.170 [AsyncHttpClient-1-20] DEBUG org.asynchttpclient.netty.handler.HttpHandler - 

Request DefaultFullHttpRequest(decodeResult: success, version: HTTP/1.1, content: EmptyByteBufBE)
GET /session/f0184842b6222cfdaa0a8abc54ac0d89/alert/text HTTP/1.1
User-Agent: selenium/4.8.1 (java windows)
Cache-Control: no-cache
Content-Type: application/json; charset=utf-8
host: localhost:11068
accept: */*

Response DefaultHttpResponse(decodeResult: success, version: HTTP/1.1)
HTTP/1.1 404 Not Found
Content-Length: 821
Content-Type: application/json; charset=utf-8
cache-control: no-cache

18:43:52.170 [AsyncHttpClient-1-20] DEBUG org.asynchttpclient.netty.channel.ChannelManager - Adding key: http://localhost:11068 for channel [id: 0xfcd998b9, L:/127.0.0.1:64789 - R:localhost/127.0.0.1:11068]
18:43:52.171 [Forwarding getCurrentUrl on session f0184842b6222cfdaa0a8abc54ac0d89 to remote] DEBUG org.asynchttpclient.netty.request.NettyRequestSender - Using pooled Channel '[id: 0xfcd998b9, L:/127.0.0.1:64789 - R:localhost/127.0.0.1:11068]' for 'GET' to 'http://localhost:11068/session/f0184842b6222cfdaa0a8abc54ac0d89/url'
18:43:52.171 [Forwarding getCurrentUrl on session f0184842b6222cfdaa0a8abc54ac0d89 to remote] DEBUG org.asynchttpclient.netty.request.NettyRequestSender - Using open Channel [id: 0xfcd998b9, L:/127.0.0.1:64789 - R:localhost/127.0.0.1:11068] for GET '/session/f0184842b6222cfdaa0a8abc54ac0d89/url'
18:43:52.175 [AsyncHttpClient-1-20] DEBUG org.asynchttpclient.netty.handler.HttpHandler - 

Request DefaultFullHttpRequest(decodeResult: success, version: HTTP/1.1, content: EmptyByteBufBE)
GET /session/f0184842b6222cfdaa0a8abc54ac0d89/url HTTP/1.1
User-Agent: selenium/4.8.1 (java windows)
Cache-Control: no-cache
Content-Type: application/json; charset=utf-8
host: localhost:11068
accept: */*

Response DefaultHttpResponse(decodeResult: success, version: HTTP/1.1)
HTTP/1.1 200 OK
Content-Length: 54
Content-Type: application/json; charset=utf-8
cache-control: no-cache

18:43:52.175 [AsyncHttpClient-1-20] DEBUG org.asynchttpclient.netty.channel.ChannelManager - Adding key: http://localhost:11068 for channel [id: 0xfcd998b9, L:/127.0.0.1:64789 - R:localhost/127.0.0.1:11068]
18:43:52.175 [Forwarding screenshot on session f0184842b6222cfdaa0a8abc54ac0d89 to remote] DEBUG org.asynchttpclient.netty.request.NettyRequestSender - Using pooled Channel '[id: 0xfcd998b9, L:/127.0.0.1:64789 - R:localhost/127.0.0.1:11068]' for 'GET' to 'http://localhost:11068/session/f0184842b6222cfdaa0a8abc54ac0d89/screenshot'
18:43:52.175 [Forwarding screenshot on session f0184842b6222cfdaa0a8abc54ac0d89 to remote] DEBUG org.asynchttpclient.netty.request.NettyRequestSender - Using open Channel [id: 0xfcd998b9, L:/127.0.0.1:64789 - R:localhost/127.0.0.1:11068] for GET '/session/f0184842b6222cfdaa0a8abc54ac0d89/screenshot'
18:43:52.281 [AsyncHttpClient-1-20] DEBUG org.asynchttpclient.netty.handler.HttpHandler - 

Request DefaultFullHttpRequest(decodeResult: success, version: HTTP/1.1, content: EmptyByteBufBE)
GET /session/f0184842b6222cfdaa0a8abc54ac0d89/screenshot HTTP/1.1
User-Agent: selenium/4.8.1 (java windows)
Cache-Control: no-cache
Content-Type: application/json; charset=utf-8
host: localhost:11068
accept: */*

Response DefaultHttpResponse(decodeResult: success, version: HTTP/1.1)
HTTP/1.1 200 OK
Content-Length: 50616
Content-Type: application/json; charset=utf-8
cache-control: no-cache

18:43:52.281 [AsyncHttpClient-1-20] DEBUG org.asynchttpclient.netty.channel.ChannelManager - Adding key: http://localhost:11068 for channel [id: 0xfcd998b9, L:/127.0.0.1:64789 - R:localhost/127.0.0.1:11068]
18:43:52.283 [main] DEBUG net.serenitybdd.core.photography.Darkroom - Send negative for processing for target\site\serenity\3ad777e15446e47a434b9e84009a31895f5851e493851c8651579c8388129717.png
18:43:52.283 [main] DEBUG net.thucydides.core.steps.StepInterceptor - STEP DONE: clickRegisterButton
18:43:52.283 [Darkroom Processing Line] DEBUG net.serenitybdd.core.photography.DarkroomProcessingLine - Processing screenshot image in /var/screenshots/screenshot-16752514709707267089
18:43:52.283 [Darkroom Processing Line] DEBUG net.serenitybdd.core.photography.DarkroomProcessingLine - Saving screenshot to target\site\serenity\3ad777e15446e47a434b9e84009a31895f5851e493851c8651579c8388129717.png
  &amp#27;[32mAnd &amp#27;[0m&amp#27;[32mI click Register button&amp#27;[0m                         &amp#27;[90m# starter.stepDefinition.RegisterPosSteps.clickRegisterButton()&amp#27;[0m
18:43:52.289 [Forwarding getPageSource on session f0184842b6222cfdaa0a8abc54ac0d89 to remote] DEBUG org.asynchttpclient.netty.request.NettyRequestSender - Using pooled Channel '[id: 0xfcd998b9, L:/127.0.0.1:64789 - R:localhost/127.0.0.1:11068]' for 'POST' to 'http://localhost:11068/session/f0184842b6222cfdaa0a8abc54ac0d89/execute/sync'
18:43:52.290 [Forwarding getPageSource on session f0184842b6222cfdaa0a8abc54ac0d89 to remote] DEBUG org.asynchttpclient.netty.request.NettyRequestSender - Using open Channel [id: 0xfcd998b9, L:/127.0.0.1:64789 - R:localhost/127.0.0.1:11068] for POST '/session/f0184842b6222cfdaa0a8abc54ac0d89/execute/sync'
18:43:52.292 [AsyncHttpClient-1-20] DEBUG org.asynchttpclient.netty.handler.HttpHandler - 

Request DefaultHttpRequest(decodeResult: success, version: HTTP/1.1)
POST /session/f0184842b6222cfdaa0a8abc54ac0d89/execute/sync HTTP/1.1
User-Agent: selenium/4.8.1 (java windows)
Content-Length: 176
Content-Type: application/json; charset=utf-8
host: localhost:11068
accept: */*

Response DefaultHttpResponse(decodeResult: success, version: HTTP/1.1)
HTTP/1.1 200 OK
Content-Length: 22831
Content-Type: application/json; charset=utf-8
cache-control: no-cache

18:43:52.292 [AsyncHttpClient-1-20] DEBUG org.asynchttpclient.netty.channel.ChannelManager - Adding key: http://localhost:11068 for channel [id: 0xfcd998b9, L:/127.0.0.1:64789 - R:localhost/127.0.0.1:11068]
18:43:52.294 [Forwarding getCurrentUrl on session f0184842b6222cfdaa0a8abc54ac0d89 to remote] DEBUG org.asynchttpclient.netty.request.NettyRequestSender - Using pooled Channel '[id: 0xfcd998b9, L:/127.0.0.1:64789 - R:localhost/127.0.0.1:11068]' for 'GET' to 'http://localhost:11068/session/f0184842b6222cfdaa0a8abc54ac0d89/url'
18:43:52.294 [Forwarding getCurrentUrl on session f0184842b6222cfdaa0a8abc54ac0d89 to remote] DEBUG org.asynchttpclient.netty.request.NettyRequestSender - Using open Channel [id: 0xfcd998b9, L:/127.0.0.1:64789 - R:localhost/127.0.0.1:11068] for GET '/session/f0184842b6222cfdaa0a8abc54ac0d89/url'
18:43:52.295 [AsyncHttpClient-1-20] DEBUG org.asynchttpclient.netty.handler.HttpHandler - 

Request DefaultFullHttpRequest(decodeResult: success, version: HTTP/1.1, content: EmptyByteBufBE)
GET /session/f0184842b6222cfdaa0a8abc54ac0d89/url HTTP/1.1
User-Agent: selenium/4.8.1 (java windows)
Cache-Control: no-cache
Content-Type: application/json; charset=utf-8
host: localhost:11068
accept: */*

Response DefaultHttpResponse(decodeResult: success, version: HTTP/1.1)
HTTP/1.1 200 OK
Content-Length: 54
Content-Type: application/json; charset=utf-8
cache-control: no-cache

18:43:52.296 [AsyncHttpClient-1-20] DEBUG org.asynchttpclient.netty.channel.ChannelManager - Adding key: http://localhost:11068 for channel [id: 0xfcd998b9, L:/127.0.0.1:64789 - R:localhost/127.0.0.1:11068]
18:43:52.300 [Forwarding findElement on session f0184842b6222cfdaa0a8abc54ac0d89 to remote] DEBUG org.asynchttpclient.netty.request.NettyRequestSender - Using pooled Channel '[id: 0xfcd998b9, L:/127.0.0.1:64789 - R:localhost/127.0.0.1:11068]' for 'POST' to 'http://localhost:11068/session/f0184842b6222cfdaa0a8abc54ac0d89/element'
18:43:52.300 [Forwarding findElement on session f0184842b6222cfdaa0a8abc54ac0d89 to remote] DEBUG org.asynchttpclient.netty.request.NettyRequestSender - Using open Channel [id: 0xfcd998b9, L:/127.0.0.1:64789 - R:localhost/127.0.0.1:11068] for POST '/session/f0184842b6222cfdaa0a8abc54ac0d89/element'
18:43:52.303 [AsyncHttpClient-1-20] DEBUG org.asynchttpclient.netty.handler.HttpHandler - 

Request DefaultHttpRequest(decodeResult: success, version: HTTP/1.1)
POST /session/f0184842b6222cfdaa0a8abc54ac0d89/element HTTP/1.1
User-Agent: selenium/4.8.1 (java windows)
Content-Length: 160
Content-Type: application/json; charset=utf-8
host: localhost:11068
accept: */*

Response DefaultHttpResponse(decodeResult: success, version: HTTP/1.1)
HTTP/1.1 200 OK
Content-Length: 88
Content-Type: application/json; charset=utf-8
cache-control: no-cache

18:43:52.304 [AsyncHttpClient-1-20] DEBUG org.asynchttpclient.netty.channel.ChannelManager - Adding key: http://localhost:11068 for channel [id: 0xfcd998b9, L:/127.0.0.1:64789 - R:localhost/127.0.0.1:11068]
18:43:52.306 [Forwarding isElementDisplayed on session f0184842b6222cfdaa0a8abc54ac0d89 to remote] DEBUG org.asynchttpclient.netty.request.NettyRequestSender - Using pooled Channel '[id: 0xfcd998b9, L:/127.0.0.1:64789 - R:localhost/127.0.0.1:11068]' for 'POST' to 'http://localhost:11068/session/f0184842b6222cfdaa0a8abc54ac0d89/execute/sync'
18:43:52.306 [Forwarding isElementDisplayed on session f0184842b6222cfdaa0a8abc54ac0d89 to remote] DEBUG org.asynchttpclient.netty.request.NettyRequestSender - Using open Channel [id: 0xfcd998b9, L:/127.0.0.1:64789 - R:localhost/127.0.0.1:11068] for POST '/session/f0184842b6222cfdaa0a8abc54ac0d89/execute/sync'
18:43:52.315 [AsyncHttpClient-1-20] DEBUG org.asynchttpclient.netty.handler.HttpHandler - 

Request DefaultHttpRequest(decodeResult: success, version: HTTP/1.1)
POST /session/f0184842b6222cfdaa0a8abc54ac0d89/execute/sync HTTP/1.1
User-Agent: selenium/4.8.1 (java windows)
Content-Length: 48807
Content-Type: application/json; charset=utf-8
host: localhost:11068
accept: */*

Response DefaultHttpResponse(decodeResult: success, version: HTTP/1.1)
HTTP/1.1 200 OK
Content-Length: 14
Content-Type: application/json; charset=utf-8
cache-control: no-cache

18:43:52.316 [AsyncHttpClient-1-20] DEBUG org.asynchttpclient.netty.channel.ChannelManager - Adding key: http://localhost:11068 for channel [id: 0xfcd998b9, L:/127.0.0.1:64789 - R:localhost/127.0.0.1:11068]
  &amp#27;[32mThen &amp#27;[0m&amp#27;[32mI am on the login form&amp#27;[0m                         &amp#27;[90m# starter.stepDefinition.RegisterPosSteps.onLoginForm()&amp#27;[0m
18:43:52.319 [main] INFO  - 
  _____   ___   ___   _____     ___     _     ___   ___   ___   ___  
 |_   _| | __| / __| |_   _|   | _ \   /_\   / __| / __| | __| |   \ 
   | |   | _|  \__ \   | |     |  _/  / _ \  \__ \ \__ \ | _|  | |) |
   |_|   |___| |___/   |_|     |_|   /_/ \_\ |___/ |___/ |___| |___/ 

As user, I have be able to success register
----------------------------------------------------------------------
18:43:52.320 [Driver Command Executor] DEBUG org.asynchttpclient.netty.request.NettyRequestSender - Using pooled Channel '[id: 0xfcd998b9, L:/127.0.0.1:64789 - R:localhost/127.0.0.1:11068]' for 'DELETE' to 'http://localhost:11068/session/f0184842b6222cfdaa0a8abc54ac0d89'
18:43:52.320 [Driver Command Executor] DEBUG org.asynchttpclient.netty.request.NettyRequestSender - Using open Channel [id: 0xfcd998b9, L:/127.0.0.1:64789 - R:localhost/127.0.0.1:11068] for DELETE '/session/f0184842b6222cfdaa0a8abc54ac0d89'
18:43:52.320 [AsyncHttpClient-1-22] DEBUG org.asynchttpclient.netty.handler.WebSocketHandler - Channel Closed: [id: 0x4db9f449, L:/127.0.0.1:64798 ! R:localhost/127.0.0.1:64791] with attribute NettyResponseFuture{currentRetry=0,
	isDone=1,
	isCancelled=0,
	asyncHandler=org.asynchttpclient.ws.WebSocketUpgradeHandler@24623b52,
	nettyRequest=org.asynchttpclient.netty.request.NettyRequest@6160a1ba,
	future=java.util.concurrent.CompletableFuture@1d87e6f4[Completed normally],
	uri=ws://localhost:64791/devtools/browser/389c9782-07f4-46df-8b6c-e834bc60e110,
	keepAlive=true,
	redirectCount=0,
	timeoutsHolder=null,
	inAuth=0,
	touch=1683632625544}
18:43:52.320 [AsyncHttpClient-1-22] DEBUG org.asynchttpclient.netty.channel.ChannelManager - Closing Channel [id: 0x4db9f449, L:/127.0.0.1:64798 ! R:localhost/127.0.0.1:64791] 
18:43:52.351 [AsyncHttpClient-1-21] DEBUG org.asynchttpclient.netty.handler.HttpHandler - Unexpected I/O exception on channel [id: 0x344e17ae, L:/127.0.0.1:64797 - R:localhost/127.0.0.1:64791]
java.net.SocketException: Connection reset
	at java.base/sun.nio.ch.SocketChannelImpl.throwConnectionReset(SocketChannelImpl.java:394)
	at java.base/sun.nio.ch.SocketChannelImpl.read(SocketChannelImpl.java:426)
	at io.netty.buffer.PooledByteBuf.setBytes(PooledByteBuf.java:259)
	at io.netty.buffer.AbstractByteBuf.writeBytes(AbstractByteBuf.java:1132)
	at io.netty.channel.socket.nio.NioSocketChannel.doReadBytes(NioSocketChannel.java:357)
	at io.netty.channel.nio.AbstractNioByteChannel$NioByteUnsafe.read(AbstractNioByteChannel.java:151)
	at io.netty.channel.nio.NioEventLoop.processSelectedKey(NioEventLoop.java:788)
	at io.netty.channel.nio.NioEventLoop.processSelectedKeysOptimized(NioEventLoop.java:724)
	at io.netty.channel.nio.NioEventLoop.processSelectedKeys(NioEventLoop.java:650)
	at io.netty.channel.nio.NioEventLoop.run(NioEventLoop.java:562)
	at io.netty.util.concurrent.SingleThreadEventExecutor$4.run(SingleThreadEventExecutor.java:997)
	at io.netty.util.internal.ThreadExecutorMap$2.run(ThreadExecutorMap.java:74)
	at io.netty.util.concurrent.FastThreadLocalRunnable.run(FastThreadLocalRunnable.java:30)
	at java.base/java.lang.Thread.run(Thread.java:833)
18:43:52.351 [AsyncHttpClient-1-21] DEBUG org.asynchttpclient.netty.channel.ChannelManager - Closing Channel [id: 0x344e17ae, L:/127.0.0.1:64797 - R:localhost/127.0.0.1:64791] 
18:43:52.352 [AsyncHttpClient-1-21] DEBUG org.asynchttpclient.netty.handler.HttpHandler - Channel Closed: [id: 0x344e17ae, L:/127.0.0.1:64797 ! R:localhost/127.0.0.1:64791] with attribute DISCARD
18:43:52.368 [AsyncHttpClient-1-20] DEBUG org.asynchttpclient.netty.handler.HttpHandler - 

Request DefaultFullHttpRequest(decodeResult: success, version: HTTP/1.1, content: EmptyByteBufBE)
DELETE /session/f0184842b6222cfdaa0a8abc54ac0d89 HTTP/1.1
User-Agent: selenium/4.8.1 (java windows)
Content-Type: application/json; charset=utf-8
host: localhost:11068
accept: */*

Response DefaultHttpResponse(decodeResult: success, version: HTTP/1.1)
HTTP/1.1 200 OK
Content-Length: 14
Content-Type: application/json; charset=utf-8
cache-control: no-cache

18:43:52.368 [AsyncHttpClient-1-20] DEBUG org.asynchttpclient.netty.channel.ChannelManager - Adding key: http://localhost:11068 for channel [id: 0xfcd998b9, L:/127.0.0.1:64789 - R:localhost/127.0.0.1:11068]
18:43:52.451 [AsyncHttpClient-1-20] DEBUG org.asynchttpclient.netty.handler.HttpHandler - Channel Closed: [id: 0xfcd998b9, L:/127.0.0.1:64789 ! R:localhost/127.0.0.1:11068] with attribute DISCARD
]]></system-out>
    <system-err><![CDATA[Starting ChromeDriver 112.0.5615.49 (bd2a7bcb881c11e8cfe3078709382934e3916914-refs/branch-heads/5615@{#936}) on port 11068
Only local connections are allowed.
Please see https://chromedriver.chromium.org/security-considerations for suggestions on keeping ChromeDriver safe.
ChromeDriver was started successfully.
May 09, 2023 6:43:45 PM org.openqa.selenium.devtools.CdpVersionFinder findNearestMatch
WARNING: Unable to find an exact match for CDP version 112, so returning the closest version found: 110
]]></system-err>
  </testcase>
  <testcase name="As user, I have be able to success view detail of product" classname="ViewDetailPos" time="5.258">
    <system-out><![CDATA[18:43:52.497 [main] DEBUG io.cucumber.core.plugin.SerenityReporter - Running feature from file:///C:/Users/VICTUS/IdeaProjects/MiniProject/src/test/resources/features/ViewDetailPos.feature
18:43:52.499 [main] DEBUG net.thucydides.core.steps.StepEventBus - Test suite started for story net.thucydides.core.model.Story@fb68f068
18:43:52.499 [main] INFO  - Test Suite Started: View detail pos

@ViewDetailPos @userA
Scenario: As user, I have be able to success view detail of product &amp#27;[90m# src/test/resources/features/ViewDetailPos.feature:8&amp#27;[0m
18:43:52.502 [main] DEBUG io.cucumber.core.plugin.SerenityReporter - Running feature from file:///C:/Users/VICTUS/IdeaProjects/MiniProject/src/test/resources/features/ViewDetailPos.feature
18:43:52.504 [main] INFO  - 
  _____   ___   ___   _____     ___   _____     _     ___   _____   ___   ___  
 |_   _| | __| / __| |_   _|   / __| |_   _|   /_\   | _ \ |_   _| | __| |   \ 
   | |   | _|  \__ \   | |     \__ \   | |    / _ \  |   /   | |   | _|  | |) |
   |_|   |___| |___/   |_|     |___/   |_|   /_/ \_\ |_|_\   |_|   |___| |___/ 

As user, I have be able to success view detail of product(viewdetailpos;as-user--i-have-be-able-to-success-view-detail-of-product)
--------------------------------------------------------------------------------
18:43:52.612 [main] INFO net.serenitybdd.core.webdriver.driverproviders.ChromeDriverProvider - Starting Chrome driver instance with capabilities:
18:43:52.612 [main] INFO net.serenitybdd.core.webdriver.driverproviders.ChromeDriverProvider - Capabilities {acceptInsecureCerts: false, browserName: chrome, goog:chromeOptions: {args: [remote-allow-origins=*], extensions: []}}
18:43:52.695 [AsyncHttpClient-1-23] DEBUG org.asynchttpclient.netty.channel.NettyConnectListener - Using new Channel '[id: 0xf2890019, L:/127.0.0.1:64816 - R:localhost/127.0.0.1:42584]' for 'POST' to '/session'
18:43:52.800 [AsyncHttpClient-1-1] DEBUG org.asynchttpclient.netty.channel.DefaultChannelPool - Entry count for : http://localhost:11068 : 1
18:43:52.800 [AsyncHttpClient-1-1] DEBUG org.asynchttpclient.netty.channel.DefaultChannelPool - Entry count for : http://localhost:64791 : 1
18:43:52.800 [AsyncHttpClient-1-1] DEBUG org.asynchttpclient.netty.channel.DefaultChannelPool - Adding Candidate expired Channel [id: 0xfcd998b9, L:/127.0.0.1:64789 ! R:localhost/127.0.0.1:11068] isIdleTimeoutExpired=false isRemotelyClosed=true isTtlExpired=false
18:43:52.800 [AsyncHttpClient-1-1] DEBUG org.asynchttpclient.netty.channel.DefaultChannelPool - Closing Idle Channel [id: 0xfcd998b9, L:/127.0.0.1:64789 ! R:localhost/127.0.0.1:11068]
18:43:52.800 [AsyncHttpClient-1-1] DEBUG org.asynchttpclient.netty.channel.DefaultChannelPool - Adding Candidate expired Channel [id: 0x344e17ae, L:/127.0.0.1:64797 ! R:localhost/127.0.0.1:64791] isIdleTimeoutExpired=false isRemotelyClosed=true isTtlExpired=false
18:43:52.800 [AsyncHttpClient-1-1] DEBUG org.asynchttpclient.netty.channel.DefaultChannelPool - Closing Idle Channel [id: 0x344e17ae, L:/127.0.0.1:64797 ! R:localhost/127.0.0.1:64791]
18:43:52.800 [AsyncHttpClient-1-1] DEBUG org.asynchttpclient.netty.channel.DefaultChannelPool - Closed 2 connections out of 2 in 0 ms
18:43:53.489 [AsyncHttpClient-1-23] DEBUG org.asynchttpclient.netty.handler.HttpHandler - 

Request DefaultHttpRequest(decodeResult: success, version: HTTP/1.1)
POST /session HTTP/1.1
User-Agent: selenium/4.8.1 (java windows)
Content-Length: 507
Content-Type: application/json; charset=utf-8
host: localhost:42584
accept: */*

Response DefaultHttpResponse(decodeResult: success, version: HTTP/1.1)
HTTP/1.1 200 OK
Content-Length: 860
Content-Type: application/json; charset=utf-8
cache-control: no-cache

18:43:53.489 [AsyncHttpClient-1-23] DEBUG org.asynchttpclient.netty.channel.ChannelManager - Adding key: http://localhost:42584 for channel [id: 0xf2890019, L:/127.0.0.1:64816 - R:localhost/127.0.0.1:42584]
18:43:53.506 [AsyncHttpClient-1-24] DEBUG org.asynchttpclient.netty.channel.NettyConnectListener - Using new Channel '[id: 0xe17cc1b1, L:/127.0.0.1:64824 - R:localhost/127.0.0.1:64818]' for 'GET' to '/json/version'
18:43:53.508 [AsyncHttpClient-1-24] DEBUG org.asynchttpclient.netty.handler.HttpHandler - 

Request DefaultFullHttpRequest(decodeResult: success, version: HTTP/1.1, content: EmptyByteBufBE)
GET /json/version HTTP/1.1
User-Agent: selenium/4.8.1 (java windows)
host: localhost:64818
accept: */*

Response DefaultHttpResponse(decodeResult: success, version: HTTP/1.1)
HTTP/1.1 200 OK
Content-Security-Policy: frame-ancestors 'none'
Content-Length: 424
Content-Type: application/json; charset=UTF-8

18:43:53.508 [AsyncHttpClient-1-24] DEBUG org.asynchttpclient.netty.channel.ChannelManager - Adding key: http://localhost:64818 for channel [id: 0xe17cc1b1, L:/127.0.0.1:64824 - R:localhost/127.0.0.1:64818]
18:43:53.519 [AsyncHttpClient-1-25] DEBUG org.asynchttpclient.netty.channel.NettyConnectListener - Using new Channel '[id: 0x65ff5692, L:/127.0.0.1:64825 - R:localhost/127.0.0.1:64818]' for 'GET' to '/devtools/browser/8198e335-c7e7-4247-b8e8-d9b0031984bc'
18:43:53.521 [AsyncHttpClient-1-25] DEBUG org.asynchttpclient.netty.handler.WebSocketHandler - 

Request DefaultFullHttpRequest(decodeResult: success, version: HTTP/1.1, content: EmptyByteBufBE)
GET /devtools/browser/8198e335-c7e7-4247-b8e8-d9b0031984bc HTTP/1.1
upgrade: websocket
connection: upgrade
sec-websocket-key: ywe0u9ompTj9UVJEQFbyoA==
sec-websocket-version: 13
origin: http://localhost:64818
host: localhost:64818
accept: */*
user-agent: AHC/2.1

Response DefaultHttpResponse(decodeResult: success, version: HTTP/1.1)
HTTP/1.1 101 WebSocket Protocol Handshake
Upgrade: WebSocket
Connection: Upgrade
Sec-WebSocket-Accept: w++SunmHzuORUeVUGmdyxhbFY38=

18:43:53.525 [Forwarding get on session ceb3df0511703fa117450a792626ae32 to remote] DEBUG org.asynchttpclient.netty.request.NettyRequestSender - Using pooled Channel '[id: 0xf2890019, L:/127.0.0.1:64816 - R:localhost/127.0.0.1:42584]' for 'POST' to 'http://localhost:42584/session/ceb3df0511703fa117450a792626ae32/url'
18:43:53.525 [Forwarding get on session ceb3df0511703fa117450a792626ae32 to remote] DEBUG org.asynchttpclient.netty.request.NettyRequestSender - Using open Channel [id: 0xf2890019, L:/127.0.0.1:64816 - R:localhost/127.0.0.1:42584] for POST '/session/ceb3df0511703fa117450a792626ae32/url'
18:43:53.887 [AsyncHttpClient-1-1] DEBUG org.asynchttpclient.netty.channel.DefaultChannelPool - Entry count for : http://localhost:64818 : 1
18:43:54.626 [AsyncHttpClient-1-23] DEBUG org.asynchttpclient.netty.handler.HttpHandler - 

Request DefaultHttpRequest(decodeResult: success, version: HTTP/1.1)
POST /session/ceb3df0511703fa117450a792626ae32/url HTTP/1.1
User-Agent: selenium/4.8.1 (java windows)
Content-Length: 59
Content-Type: application/json; charset=utf-8
host: localhost:42584
accept: */*

Response DefaultHttpResponse(decodeResult: success, version: HTTP/1.1)
HTTP/1.1 200 OK
Content-Length: 14
Content-Type: application/json; charset=utf-8
cache-control: no-cache

18:43:54.626 [AsyncHttpClient-1-23] DEBUG org.asynchttpclient.netty.channel.ChannelManager - Adding key: http://localhost:42584 for channel [id: 0xf2890019, L:/127.0.0.1:64816 - R:localhost/127.0.0.1:42584]
18:43:54.627 [Forwarding setTimeout on session ceb3df0511703fa117450a792626ae32 to remote] DEBUG org.asynchttpclient.netty.request.NettyRequestSender - Using pooled Channel '[id: 0xf2890019, L:/127.0.0.1:64816 - R:localhost/127.0.0.1:42584]' for 'POST' to 'http://localhost:42584/session/ceb3df0511703fa117450a792626ae32/timeouts'
18:43:54.627 [Forwarding setTimeout on session ceb3df0511703fa117450a792626ae32 to remote] DEBUG org.asynchttpclient.netty.request.NettyRequestSender - Using open Channel [id: 0xf2890019, L:/127.0.0.1:64816 - R:localhost/127.0.0.1:42584] for POST '/session/ceb3df0511703fa117450a792626ae32/timeouts'
18:43:54.628 [AsyncHttpClient-1-23] DEBUG org.asynchttpclient.netty.handler.HttpHandler - 

Request DefaultHttpRequest(decodeResult: success, version: HTTP/1.1)
POST /session/ceb3df0511703fa117450a792626ae32/timeouts HTTP/1.1
User-Agent: selenium/4.8.1 (java windows)
Content-Length: 22
Content-Type: application/json; charset=utf-8
host: localhost:42584
accept: */*

Response DefaultHttpResponse(decodeResult: success, version: HTTP/1.1)
HTTP/1.1 200 OK
Content-Length: 14
Content-Type: application/json; charset=utf-8
cache-control: no-cache

18:43:54.628 [AsyncHttpClient-1-23] DEBUG org.asynchttpclient.netty.channel.ChannelManager - Adding key: http://localhost:42584 for channel [id: 0xf2890019, L:/127.0.0.1:64816 - R:localhost/127.0.0.1:42584]
18:43:54.634 [main] DEBUG net.serenitybdd.core.photography.Darkroom - Opening darkroom
18:43:54.638 [Darkroom Processing Line] DEBUG net.serenitybdd.core.photography.DarkroomProcessingLine - Darkroom processing line starting up
18:43:54.639 [Forwarding getAlertText on session ceb3df0511703fa117450a792626ae32 to remote] DEBUG org.asynchttpclient.netty.request.NettyRequestSender - Using pooled Channel '[id: 0xf2890019, L:/127.0.0.1:64816 - R:localhost/127.0.0.1:42584]' for 'GET' to 'http://localhost:42584/session/ceb3df0511703fa117450a792626ae32/alert/text'
18:43:54.639 [Forwarding getAlertText on session ceb3df0511703fa117450a792626ae32 to remote] DEBUG org.asynchttpclient.netty.request.NettyRequestSender - Using open Channel [id: 0xf2890019, L:/127.0.0.1:64816 - R:localhost/127.0.0.1:42584] for GET '/session/ceb3df0511703fa117450a792626ae32/alert/text'
18:43:54.642 [AsyncHttpClient-1-23] DEBUG org.asynchttpclient.netty.handler.HttpHandler - 

Request DefaultFullHttpRequest(decodeResult: success, version: HTTP/1.1, content: EmptyByteBufBE)
GET /session/ceb3df0511703fa117450a792626ae32/alert/text HTTP/1.1
User-Agent: selenium/4.8.1 (java windows)
Cache-Control: no-cache
Content-Type: application/json; charset=utf-8
host: localhost:42584
accept: */*

Response DefaultHttpResponse(decodeResult: success, version: HTTP/1.1)
HTTP/1.1 404 Not Found
Content-Length: 821
Content-Type: application/json; charset=utf-8
cache-control: no-cache

18:43:54.642 [AsyncHttpClient-1-23] DEBUG org.asynchttpclient.netty.channel.ChannelManager - Adding key: http://localhost:42584 for channel [id: 0xf2890019, L:/127.0.0.1:64816 - R:localhost/127.0.0.1:42584]
18:43:54.643 [Forwarding getCurrentUrl on session ceb3df0511703fa117450a792626ae32 to remote] DEBUG org.asynchttpclient.netty.request.NettyRequestSender - Using pooled Channel '[id: 0xf2890019, L:/127.0.0.1:64816 - R:localhost/127.0.0.1:42584]' for 'GET' to 'http://localhost:42584/session/ceb3df0511703fa117450a792626ae32/url'
18:43:54.643 [Forwarding getCurrentUrl on session ceb3df0511703fa117450a792626ae32 to remote] DEBUG org.asynchttpclient.netty.request.NettyRequestSender - Using open Channel [id: 0xf2890019, L:/127.0.0.1:64816 - R:localhost/127.0.0.1:42584] for GET '/session/ceb3df0511703fa117450a792626ae32/url'
18:43:54.646 [AsyncHttpClient-1-23] DEBUG org.asynchttpclient.netty.handler.HttpHandler - 

Request DefaultFullHttpRequest(decodeResult: success, version: HTTP/1.1, content: EmptyByteBufBE)
GET /session/ceb3df0511703fa117450a792626ae32/url HTTP/1.1
User-Agent: selenium/4.8.1 (java windows)
Cache-Control: no-cache
Content-Type: application/json; charset=utf-8
host: localhost:42584
accept: */*

Response DefaultHttpResponse(decodeResult: success, version: HTTP/1.1)
HTTP/1.1 200 OK
Content-Length: 41
Content-Type: application/json; charset=utf-8
cache-control: no-cache

18:43:54.646 [AsyncHttpClient-1-23] DEBUG org.asynchttpclient.netty.channel.ChannelManager - Adding key: http://localhost:42584 for channel [id: 0xf2890019, L:/127.0.0.1:64816 - R:localhost/127.0.0.1:42584]
18:43:54.647 [Forwarding screenshot on session ceb3df0511703fa117450a792626ae32 to remote] DEBUG org.asynchttpclient.netty.request.NettyRequestSender - Using pooled Channel '[id: 0xf2890019, L:/127.0.0.1:64816 - R:localhost/127.0.0.1:42584]' for 'GET' to 'http://localhost:42584/session/ceb3df0511703fa117450a792626ae32/screenshot'
18:43:54.647 [Forwarding screenshot on session ceb3df0511703fa117450a792626ae32 to remote] DEBUG org.asynchttpclient.netty.request.NettyRequestSender - Using open Channel [id: 0xf2890019, L:/127.0.0.1:64816 - R:localhost/127.0.0.1:42584] for GET '/session/ceb3df0511703fa117450a792626ae32/screenshot'
18:43:54.990 [AsyncHttpClient-1-1] DEBUG org.asynchttpclient.netty.channel.DefaultChannelPool - Entry count for : http://localhost:64818 : 1
18:43:56.090 [AsyncHttpClient-1-1] DEBUG org.asynchttpclient.netty.channel.DefaultChannelPool - Entry count for : http://localhost:64818 : 1
18:43:56.150 [AsyncHttpClient-1-23] DEBUG org.asynchttpclient.netty.handler.HttpHandler - 

Request DefaultFullHttpRequest(decodeResult: success, version: HTTP/1.1, content: EmptyByteBufBE)
GET /session/ceb3df0511703fa117450a792626ae32/screenshot HTTP/1.1
User-Agent: selenium/4.8.1 (java windows)
Cache-Control: no-cache
Content-Type: application/json; charset=utf-8
host: localhost:42584
accept: */*

Response DefaultHttpResponse(decodeResult: success, version: HTTP/1.1)
HTTP/1.1 200 OK
Content-Length: 37696
Content-Type: application/json; charset=utf-8
cache-control: no-cache

18:43:56.151 [AsyncHttpClient-1-23] DEBUG org.asynchttpclient.netty.channel.ChannelManager - Adding key: http://localhost:42584 for channel [id: 0xf2890019, L:/127.0.0.1:64816 - R:localhost/127.0.0.1:42584]
18:43:56.153 [main] DEBUG net.serenitybdd.core.photography.Darkroom - Send negative for processing for target\site\serenity\c3772a3c5d899d59a968ea90db7d1eea75ad66fcf657e6aee642d6a85531f993.png
18:43:56.154 [Darkroom Processing Line] DEBUG net.serenitybdd.core.photography.DarkroomProcessingLine - Processing screenshot image in /var/screenshots/screenshot-12545176337317895097
18:43:56.154 [Darkroom Processing Line] DEBUG net.serenitybdd.core.photography.DarkroomProcessingLine - Saving screenshot to target\site\serenity\c3772a3c5d899d59a968ea90db7d1eea75ad66fcf657e6aee642d6a85531f993.png
18:43:56.156 [Forwarding getPageSource on session ceb3df0511703fa117450a792626ae32 to remote] DEBUG org.asynchttpclient.netty.request.NettyRequestSender - Using pooled Channel '[id: 0xf2890019, L:/127.0.0.1:64816 - R:localhost/127.0.0.1:42584]' for 'POST' to 'http://localhost:42584/session/ceb3df0511703fa117450a792626ae32/execute/sync'
18:43:56.156 [Forwarding getPageSource on session ceb3df0511703fa117450a792626ae32 to remote] DEBUG org.asynchttpclient.netty.request.NettyRequestSender - Using open Channel [id: 0xf2890019, L:/127.0.0.1:64816 - R:localhost/127.0.0.1:42584] for POST '/session/ceb3df0511703fa117450a792626ae32/execute/sync'
18:43:56.196 [AsyncHttpClient-1-23] DEBUG org.asynchttpclient.netty.handler.HttpHandler - 

Request DefaultHttpRequest(decodeResult: success, version: HTTP/1.1)
POST /session/ceb3df0511703fa117450a792626ae32/execute/sync HTTP/1.1
User-Agent: selenium/4.8.1 (java windows)
Content-Length: 176
Content-Type: application/json; charset=utf-8
host: localhost:42584
accept: */*

Response DefaultHttpResponse(decodeResult: success, version: HTTP/1.1)
HTTP/1.1 200 OK
Content-Length: 904358
Content-Type: application/json; charset=utf-8
cache-control: no-cache

18:43:56.198 [AsyncHttpClient-1-23] DEBUG org.asynchttpclient.netty.channel.ChannelManager - Adding key: http://localhost:42584 for channel [id: 0xf2890019, L:/127.0.0.1:64816 - R:localhost/127.0.0.1:42584]
18:43:56.253 [Forwarding getCurrentUrl on session ceb3df0511703fa117450a792626ae32 to remote] DEBUG org.asynchttpclient.netty.request.NettyRequestSender - Using pooled Channel '[id: 0xf2890019, L:/127.0.0.1:64816 - R:localhost/127.0.0.1:42584]' for 'GET' to 'http://localhost:42584/session/ceb3df0511703fa117450a792626ae32/url'
18:43:56.253 [Forwarding getCurrentUrl on session ceb3df0511703fa117450a792626ae32 to remote] DEBUG org.asynchttpclient.netty.request.NettyRequestSender - Using open Channel [id: 0xf2890019, L:/127.0.0.1:64816 - R:localhost/127.0.0.1:42584] for GET '/session/ceb3df0511703fa117450a792626ae32/url'
18:43:56.254 [AsyncHttpClient-1-23] DEBUG org.asynchttpclient.netty.handler.HttpHandler - 

Request DefaultFullHttpRequest(decodeResult: success, version: HTTP/1.1, content: EmptyByteBufBE)
GET /session/ceb3df0511703fa117450a792626ae32/url HTTP/1.1
User-Agent: selenium/4.8.1 (java windows)
Cache-Control: no-cache
Content-Type: application/json; charset=utf-8
host: localhost:42584
accept: */*

Response DefaultHttpResponse(decodeResult: success, version: HTTP/1.1)
HTTP/1.1 200 OK
Content-Length: 41
Content-Type: application/json; charset=utf-8
cache-control: no-cache

18:43:56.254 [AsyncHttpClient-1-23] DEBUG org.asynchttpclient.netty.channel.ChannelManager - Adding key: http://localhost:42584 for channel [id: 0xf2890019, L:/127.0.0.1:64816 - R:localhost/127.0.0.1:42584]
18:43:56.259 [main] DEBUG net.thucydides.core.steps.StepInterceptor - STARTING STEP: ViewDetailPosSteps.onTheNonAccountHomePage - validateOnHomePage
18:43:56.260 [Forwarding findElement on session ceb3df0511703fa117450a792626ae32 to remote] DEBUG org.asynchttpclient.netty.request.NettyRequestSender - Using pooled Channel '[id: 0xf2890019, L:/127.0.0.1:64816 - R:localhost/127.0.0.1:42584]' for 'POST' to 'http://localhost:42584/session/ceb3df0511703fa117450a792626ae32/element'
18:43:56.260 [Forwarding findElement on session ceb3df0511703fa117450a792626ae32 to remote] DEBUG org.asynchttpclient.netty.request.NettyRequestSender - Using open Channel [id: 0xf2890019, L:/127.0.0.1:64816 - R:localhost/127.0.0.1:42584] for POST '/session/ceb3df0511703fa117450a792626ae32/element'
18:43:56.271 [AsyncHttpClient-1-23] DEBUG org.asynchttpclient.netty.handler.HttpHandler - 

Request DefaultHttpRequest(decodeResult: success, version: HTTP/1.1)
POST /session/ceb3df0511703fa117450a792626ae32/element HTTP/1.1
User-Agent: selenium/4.8.1 (java windows)
Content-Length: 203
Content-Type: application/json; charset=utf-8
host: localhost:42584
accept: */*

Response DefaultHttpResponse(decodeResult: success, version: HTTP/1.1)
HTTP/1.1 200 OK
Content-Length: 88
Content-Type: application/json; charset=utf-8
cache-control: no-cache

18:43:56.271 [AsyncHttpClient-1-23] DEBUG org.asynchttpclient.netty.channel.ChannelManager - Adding key: http://localhost:42584 for channel [id: 0xf2890019, L:/127.0.0.1:64816 - R:localhost/127.0.0.1:42584]
18:43:56.273 [Forwarding isElementDisplayed on session ceb3df0511703fa117450a792626ae32 to remote] DEBUG org.asynchttpclient.netty.request.NettyRequestSender - Using pooled Channel '[id: 0xf2890019, L:/127.0.0.1:64816 - R:localhost/127.0.0.1:42584]' for 'POST' to 'http://localhost:42584/session/ceb3df0511703fa117450a792626ae32/execute/sync'
18:43:56.273 [Forwarding isElementDisplayed on session ceb3df0511703fa117450a792626ae32 to remote] DEBUG org.asynchttpclient.netty.request.NettyRequestSender - Using open Channel [id: 0xf2890019, L:/127.0.0.1:64816 - R:localhost/127.0.0.1:42584] for POST '/session/ceb3df0511703fa117450a792626ae32/execute/sync'
18:43:56.283 [AsyncHttpClient-1-23] DEBUG org.asynchttpclient.netty.handler.HttpHandler - 

Request DefaultHttpRequest(decodeResult: success, version: HTTP/1.1)
POST /session/ceb3df0511703fa117450a792626ae32/execute/sync HTTP/1.1
User-Agent: selenium/4.8.1 (java windows)
Content-Length: 48807
Content-Type: application/json; charset=utf-8
host: localhost:42584
accept: */*

Response DefaultHttpResponse(decodeResult: success, version: HTTP/1.1)
HTTP/1.1 200 OK
Content-Length: 14
Content-Type: application/json; charset=utf-8
cache-control: no-cache

18:43:56.283 [AsyncHttpClient-1-23] DEBUG org.asynchttpclient.netty.channel.ChannelManager - Adding key: http://localhost:42584 for channel [id: 0xf2890019, L:/127.0.0.1:64816 - R:localhost/127.0.0.1:42584]
18:43:56.285 [Forwarding getAlertText on session ceb3df0511703fa117450a792626ae32 to remote] DEBUG org.asynchttpclient.netty.request.NettyRequestSender - Using pooled Channel '[id: 0xf2890019, L:/127.0.0.1:64816 - R:localhost/127.0.0.1:42584]' for 'GET' to 'http://localhost:42584/session/ceb3df0511703fa117450a792626ae32/alert/text'
18:43:56.285 [Forwarding getAlertText on session ceb3df0511703fa117450a792626ae32 to remote] DEBUG org.asynchttpclient.netty.request.NettyRequestSender - Using open Channel [id: 0xf2890019, L:/127.0.0.1:64816 - R:localhost/127.0.0.1:42584] for GET '/session/ceb3df0511703fa117450a792626ae32/alert/text'
18:43:56.286 [AsyncHttpClient-1-23] DEBUG org.asynchttpclient.netty.handler.HttpHandler - 

Request DefaultFullHttpRequest(decodeResult: success, version: HTTP/1.1, content: EmptyByteBufBE)
GET /session/ceb3df0511703fa117450a792626ae32/alert/text HTTP/1.1
User-Agent: selenium/4.8.1 (java windows)
Cache-Control: no-cache
Content-Type: application/json; charset=utf-8
host: localhost:42584
accept: */*

Response DefaultHttpResponse(decodeResult: success, version: HTTP/1.1)
HTTP/1.1 404 Not Found
Content-Length: 821
Content-Type: application/json; charset=utf-8
cache-control: no-cache

18:43:56.286 [AsyncHttpClient-1-23] DEBUG org.asynchttpclient.netty.channel.ChannelManager - Adding key: http://localhost:42584 for channel [id: 0xf2890019, L:/127.0.0.1:64816 - R:localhost/127.0.0.1:42584]
18:43:56.287 [Forwarding getCurrentUrl on session ceb3df0511703fa117450a792626ae32 to remote] DEBUG org.asynchttpclient.netty.request.NettyRequestSender - Using pooled Channel '[id: 0xf2890019, L:/127.0.0.1:64816 - R:localhost/127.0.0.1:42584]' for 'GET' to 'http://localhost:42584/session/ceb3df0511703fa117450a792626ae32/url'
18:43:56.287 [Forwarding getCurrentUrl on session ceb3df0511703fa117450a792626ae32 to remote] DEBUG org.asynchttpclient.netty.request.NettyRequestSender - Using open Channel [id: 0xf2890019, L:/127.0.0.1:64816 - R:localhost/127.0.0.1:42584] for GET '/session/ceb3df0511703fa117450a792626ae32/url'
18:43:56.289 [AsyncHttpClient-1-23] DEBUG org.asynchttpclient.netty.handler.HttpHandler - 

Request DefaultFullHttpRequest(decodeResult: success, version: HTTP/1.1, content: EmptyByteBufBE)
GET /session/ceb3df0511703fa117450a792626ae32/url HTTP/1.1
User-Agent: selenium/4.8.1 (java windows)
Cache-Control: no-cache
Content-Type: application/json; charset=utf-8
host: localhost:42584
accept: */*

Response DefaultHttpResponse(decodeResult: success, version: HTTP/1.1)
HTTP/1.1 200 OK
Content-Length: 41
Content-Type: application/json; charset=utf-8
cache-control: no-cache

18:43:56.289 [AsyncHttpClient-1-23] DEBUG org.asynchttpclient.netty.channel.ChannelManager - Adding key: http://localhost:42584 for channel [id: 0xf2890019, L:/127.0.0.1:64816 - R:localhost/127.0.0.1:42584]
18:43:56.289 [Forwarding screenshot on session ceb3df0511703fa117450a792626ae32 to remote] DEBUG org.asynchttpclient.netty.request.NettyRequestSender - Using pooled Channel '[id: 0xf2890019, L:/127.0.0.1:64816 - R:localhost/127.0.0.1:42584]' for 'GET' to 'http://localhost:42584/session/ceb3df0511703fa117450a792626ae32/screenshot'
18:43:56.289 [Forwarding screenshot on session ceb3df0511703fa117450a792626ae32 to remote] DEBUG org.asynchttpclient.netty.request.NettyRequestSender - Using open Channel [id: 0xf2890019, L:/127.0.0.1:64816 - R:localhost/127.0.0.1:42584] for GET '/session/ceb3df0511703fa117450a792626ae32/screenshot'
18:43:56.358 [AsyncHttpClient-1-23] DEBUG org.asynchttpclient.netty.handler.HttpHandler - 

Request DefaultFullHttpRequest(decodeResult: success, version: HTTP/1.1, content: EmptyByteBufBE)
GET /session/ceb3df0511703fa117450a792626ae32/screenshot HTTP/1.1
User-Agent: selenium/4.8.1 (java windows)
Cache-Control: no-cache
Content-Type: application/json; charset=utf-8
host: localhost:42584
accept: */*

Response DefaultHttpResponse(decodeResult: success, version: HTTP/1.1)
HTTP/1.1 200 OK
Content-Length: 96608
Content-Type: application/json; charset=utf-8
cache-control: no-cache

18:43:56.358 [AsyncHttpClient-1-23] DEBUG org.asynchttpclient.netty.channel.ChannelManager - Adding key: http://localhost:42584 for channel [id: 0xf2890019, L:/127.0.0.1:64816 - R:localhost/127.0.0.1:42584]
18:43:56.360 [main] DEBUG net.serenitybdd.core.photography.Darkroom - Send negative for processing for target\site\serenity\122e58814d0fc629db23b4ff9ae0233e3316bf515077042bd85aa8163b0365ff.png
18:43:56.360 [main] DEBUG net.thucydides.core.steps.StepInterceptor - STEP DONE: validateOnHomePage
  &amp#27;[32mGiven &amp#27;[0m&amp#27;[32mI am on the Homepage&amp#27;[0m                                        &amp#27;[90m# starter.stepDefinition.ViewDetailPosSteps.onTheNonAccountHomePage()&amp#27;[0m
18:43:56.365 [Forwarding getPageSource on session ceb3df0511703fa117450a792626ae32 to remote] DEBUG org.asynchttpclient.netty.request.NettyRequestSender - Using pooled Channel '[id: 0xf2890019, L:/127.0.0.1:64816 - R:localhost/127.0.0.1:42584]' for 'POST' to 'http://localhost:42584/session/ceb3df0511703fa117450a792626ae32/execute/sync'
18:43:56.365 [Forwarding getPageSource on session ceb3df0511703fa117450a792626ae32 to remote] DEBUG org.asynchttpclient.netty.request.NettyRequestSender - Using open Channel [id: 0xf2890019, L:/127.0.0.1:64816 - R:localhost/127.0.0.1:42584] for POST '/session/ceb3df0511703fa117450a792626ae32/execute/sync'
18:43:56.399 [AsyncHttpClient-1-23] DEBUG org.asynchttpclient.netty.handler.HttpHandler - 

Request DefaultHttpRequest(decodeResult: success, version: HTTP/1.1)
POST /session/ceb3df0511703fa117450a792626ae32/execute/sync HTTP/1.1
User-Agent: selenium/4.8.1 (java windows)
Content-Length: 176
Content-Type: application/json; charset=utf-8
host: localhost:42584
accept: */*

Response DefaultHttpResponse(decodeResult: success, version: HTTP/1.1)
HTTP/1.1 200 OK
Content-Length: 904358
Content-Type: application/json; charset=utf-8
cache-control: no-cache

18:43:56.401 [AsyncHttpClient-1-23] DEBUG org.asynchttpclient.netty.channel.ChannelManager - Adding key: http://localhost:42584 for channel [id: 0xf2890019, L:/127.0.0.1:64816 - R:localhost/127.0.0.1:42584]
18:43:56.453 [Forwarding getCurrentUrl on session ceb3df0511703fa117450a792626ae32 to remote] DEBUG org.asynchttpclient.netty.request.NettyRequestSender - Using pooled Channel '[id: 0xf2890019, L:/127.0.0.1:64816 - R:localhost/127.0.0.1:42584]' for 'GET' to 'http://localhost:42584/session/ceb3df0511703fa117450a792626ae32/url'
18:43:56.453 [Forwarding getCurrentUrl on session ceb3df0511703fa117450a792626ae32 to remote] DEBUG org.asynchttpclient.netty.request.NettyRequestSender - Using open Channel [id: 0xf2890019, L:/127.0.0.1:64816 - R:localhost/127.0.0.1:42584] for GET '/session/ceb3df0511703fa117450a792626ae32/url'
18:43:56.455 [AsyncHttpClient-1-23] DEBUG org.asynchttpclient.netty.handler.HttpHandler - 

Request DefaultFullHttpRequest(decodeResult: success, version: HTTP/1.1, content: EmptyByteBufBE)
GET /session/ceb3df0511703fa117450a792626ae32/url HTTP/1.1
User-Agent: selenium/4.8.1 (java windows)
Cache-Control: no-cache
Content-Type: application/json; charset=utf-8
host: localhost:42584
accept: */*

Response DefaultHttpResponse(decodeResult: success, version: HTTP/1.1)
HTTP/1.1 200 OK
Content-Length: 41
Content-Type: application/json; charset=utf-8
cache-control: no-cache

18:43:56.455 [AsyncHttpClient-1-23] DEBUG org.asynchttpclient.netty.channel.ChannelManager - Adding key: http://localhost:42584 for channel [id: 0xf2890019, L:/127.0.0.1:64816 - R:localhost/127.0.0.1:42584]
18:43:56.463 [Forwarding getAlertText on session ceb3df0511703fa117450a792626ae32 to remote] DEBUG org.asynchttpclient.netty.request.NettyRequestSender - Using pooled Channel '[id: 0xf2890019, L:/127.0.0.1:64816 - R:localhost/127.0.0.1:42584]' for 'GET' to 'http://localhost:42584/session/ceb3df0511703fa117450a792626ae32/alert/text'
18:43:56.463 [Forwarding getAlertText on session ceb3df0511703fa117450a792626ae32 to remote] DEBUG org.asynchttpclient.netty.request.NettyRequestSender - Using open Channel [id: 0xf2890019, L:/127.0.0.1:64816 - R:localhost/127.0.0.1:42584] for GET '/session/ceb3df0511703fa117450a792626ae32/alert/text'
18:43:56.464 [AsyncHttpClient-1-23] DEBUG org.asynchttpclient.netty.handler.HttpHandler - 

Request DefaultFullHttpRequest(decodeResult: success, version: HTTP/1.1, content: EmptyByteBufBE)
GET /session/ceb3df0511703fa117450a792626ae32/alert/text HTTP/1.1
User-Agent: selenium/4.8.1 (java windows)
Cache-Control: no-cache
Content-Type: application/json; charset=utf-8
host: localhost:42584
accept: */*

Response DefaultHttpResponse(decodeResult: success, version: HTTP/1.1)
HTTP/1.1 404 Not Found
Content-Length: 821
Content-Type: application/json; charset=utf-8
cache-control: no-cache

18:43:56.464 [AsyncHttpClient-1-23] DEBUG org.asynchttpclient.netty.channel.ChannelManager - Adding key: http://localhost:42584 for channel [id: 0xf2890019, L:/127.0.0.1:64816 - R:localhost/127.0.0.1:42584]
18:43:56.465 [Forwarding getCurrentUrl on session ceb3df0511703fa117450a792626ae32 to remote] DEBUG org.asynchttpclient.netty.request.NettyRequestSender - Using pooled Channel '[id: 0xf2890019, L:/127.0.0.1:64816 - R:localhost/127.0.0.1:42584]' for 'GET' to 'http://localhost:42584/session/ceb3df0511703fa117450a792626ae32/url'
18:43:56.465 [Forwarding getCurrentUrl on session ceb3df0511703fa117450a792626ae32 to remote] DEBUG org.asynchttpclient.netty.request.NettyRequestSender - Using open Channel [id: 0xf2890019, L:/127.0.0.1:64816 - R:localhost/127.0.0.1:42584] for GET '/session/ceb3df0511703fa117450a792626ae32/url'
18:43:56.466 [AsyncHttpClient-1-23] DEBUG org.asynchttpclient.netty.handler.HttpHandler - 

Request DefaultFullHttpRequest(decodeResult: success, version: HTTP/1.1, content: EmptyByteBufBE)
GET /session/ceb3df0511703fa117450a792626ae32/url HTTP/1.1
User-Agent: selenium/4.8.1 (java windows)
Cache-Control: no-cache
Content-Type: application/json; charset=utf-8
host: localhost:42584
accept: */*

Response DefaultHttpResponse(decodeResult: success, version: HTTP/1.1)
HTTP/1.1 200 OK
Content-Length: 41
Content-Type: application/json; charset=utf-8
cache-control: no-cache

18:43:56.466 [AsyncHttpClient-1-23] DEBUG org.asynchttpclient.netty.channel.ChannelManager - Adding key: http://localhost:42584 for channel [id: 0xf2890019, L:/127.0.0.1:64816 - R:localhost/127.0.0.1:42584]
18:43:56.466 [Forwarding screenshot on session ceb3df0511703fa117450a792626ae32 to remote] DEBUG org.asynchttpclient.netty.request.NettyRequestSender - Using pooled Channel '[id: 0xf2890019, L:/127.0.0.1:64816 - R:localhost/127.0.0.1:42584]' for 'GET' to 'http://localhost:42584/session/ceb3df0511703fa117450a792626ae32/screenshot'
18:43:56.466 [Forwarding screenshot on session ceb3df0511703fa117450a792626ae32 to remote] DEBUG org.asynchttpclient.netty.request.NettyRequestSender - Using open Channel [id: 0xf2890019, L:/127.0.0.1:64816 - R:localhost/127.0.0.1:42584] for GET '/session/ceb3df0511703fa117450a792626ae32/screenshot'
18:43:56.540 [AsyncHttpClient-1-23] DEBUG org.asynchttpclient.netty.handler.HttpHandler - 

Request DefaultFullHttpRequest(decodeResult: success, version: HTTP/1.1, content: EmptyByteBufBE)
GET /session/ceb3df0511703fa117450a792626ae32/screenshot HTTP/1.1
User-Agent: selenium/4.8.1 (java windows)
Cache-Control: no-cache
Content-Type: application/json; charset=utf-8
host: localhost:42584
accept: */*

Response DefaultHttpResponse(decodeResult: success, version: HTTP/1.1)
HTTP/1.1 200 OK
Content-Length: 96608
Content-Type: application/json; charset=utf-8
cache-control: no-cache

18:43:56.540 [AsyncHttpClient-1-23] DEBUG org.asynchttpclient.netty.channel.ChannelManager - Adding key: http://localhost:42584 for channel [id: 0xf2890019, L:/127.0.0.1:64816 - R:localhost/127.0.0.1:42584]
18:43:56.543 [main] DEBUG net.serenitybdd.core.photography.Darkroom - Send negative for processing for target\site\serenity\122e58814d0fc629db23b4ff9ae0233e3316bf515077042bd85aa8163b0365ff.png
18:43:56.543 [Forwarding getPageSource on session ceb3df0511703fa117450a792626ae32 to remote] DEBUG org.asynchttpclient.netty.request.NettyRequestSender - Using pooled Channel '[id: 0xf2890019, L:/127.0.0.1:64816 - R:localhost/127.0.0.1:42584]' for 'POST' to 'http://localhost:42584/session/ceb3df0511703fa117450a792626ae32/execute/sync'
18:43:56.543 [Forwarding getPageSource on session ceb3df0511703fa117450a792626ae32 to remote] DEBUG org.asynchttpclient.netty.request.NettyRequestSender - Using open Channel [id: 0xf2890019, L:/127.0.0.1:64816 - R:localhost/127.0.0.1:42584] for POST '/session/ceb3df0511703fa117450a792626ae32/execute/sync'
18:43:56.577 [AsyncHttpClient-1-23] DEBUG org.asynchttpclient.netty.handler.HttpHandler - 

Request DefaultHttpRequest(decodeResult: success, version: HTTP/1.1)
POST /session/ceb3df0511703fa117450a792626ae32/execute/sync HTTP/1.1
User-Agent: selenium/4.8.1 (java windows)
Content-Length: 176
Content-Type: application/json; charset=utf-8
host: localhost:42584
accept: */*

Response DefaultHttpResponse(decodeResult: success, version: HTTP/1.1)
HTTP/1.1 200 OK
Content-Length: 904358
Content-Type: application/json; charset=utf-8
cache-control: no-cache

18:43:56.578 [AsyncHttpClient-1-23] DEBUG org.asynchttpclient.netty.channel.ChannelManager - Adding key: http://localhost:42584 for channel [id: 0xf2890019, L:/127.0.0.1:64816 - R:localhost/127.0.0.1:42584]
18:43:56.626 [Forwarding getCurrentUrl on session ceb3df0511703fa117450a792626ae32 to remote] DEBUG org.asynchttpclient.netty.request.NettyRequestSender - Using pooled Channel '[id: 0xf2890019, L:/127.0.0.1:64816 - R:localhost/127.0.0.1:42584]' for 'GET' to 'http://localhost:42584/session/ceb3df0511703fa117450a792626ae32/url'
18:43:56.626 [Forwarding getCurrentUrl on session ceb3df0511703fa117450a792626ae32 to remote] DEBUG org.asynchttpclient.netty.request.NettyRequestSender - Using open Channel [id: 0xf2890019, L:/127.0.0.1:64816 - R:localhost/127.0.0.1:42584] for GET '/session/ceb3df0511703fa117450a792626ae32/url'
18:43:56.628 [AsyncHttpClient-1-23] DEBUG org.asynchttpclient.netty.handler.HttpHandler - 

Request DefaultFullHttpRequest(decodeResult: success, version: HTTP/1.1, content: EmptyByteBufBE)
GET /session/ceb3df0511703fa117450a792626ae32/url HTTP/1.1
User-Agent: selenium/4.8.1 (java windows)
Cache-Control: no-cache
Content-Type: application/json; charset=utf-8
host: localhost:42584
accept: */*

Response DefaultHttpResponse(decodeResult: success, version: HTTP/1.1)
HTTP/1.1 200 OK
Content-Length: 41
Content-Type: application/json; charset=utf-8
cache-control: no-cache

18:43:56.628 [AsyncHttpClient-1-23] DEBUG org.asynchttpclient.netty.channel.ChannelManager - Adding key: http://localhost:42584 for channel [id: 0xf2890019, L:/127.0.0.1:64816 - R:localhost/127.0.0.1:42584]
18:43:56.632 [main] DEBUG net.thucydides.core.steps.StepInterceptor - STARTING STEP: ViewDetailPosSteps.clickLoginHomeButton - clickChoose
18:43:56.634 [Forwarding findElement on session ceb3df0511703fa117450a792626ae32 to remote] DEBUG org.asynchttpclient.netty.request.NettyRequestSender - Using pooled Channel '[id: 0xf2890019, L:/127.0.0.1:64816 - R:localhost/127.0.0.1:42584]' for 'POST' to 'http://localhost:42584/session/ceb3df0511703fa117450a792626ae32/element'
18:43:56.634 [Forwarding findElement on session ceb3df0511703fa117450a792626ae32 to remote] DEBUG org.asynchttpclient.netty.request.NettyRequestSender - Using open Channel [id: 0xf2890019, L:/127.0.0.1:64816 - R:localhost/127.0.0.1:42584] for POST '/session/ceb3df0511703fa117450a792626ae32/element'
18:43:56.641 [AsyncHttpClient-1-23] DEBUG org.asynchttpclient.netty.handler.HttpHandler - 

Request DefaultHttpRequest(decodeResult: success, version: HTTP/1.1)
POST /session/ceb3df0511703fa117450a792626ae32/element HTTP/1.1
User-Agent: selenium/4.8.1 (java windows)
Content-Length: 54
Content-Type: application/json; charset=utf-8
host: localhost:42584
accept: */*

Response DefaultHttpResponse(decodeResult: success, version: HTTP/1.1)
HTTP/1.1 200 OK
Content-Length: 88
Content-Type: application/json; charset=utf-8
cache-control: no-cache

18:43:56.641 [AsyncHttpClient-1-23] DEBUG org.asynchttpclient.netty.channel.ChannelManager - Adding key: http://localhost:42584 for channel [id: 0xf2890019, L:/127.0.0.1:64816 - R:localhost/127.0.0.1:42584]
18:43:56.642 [Forwarding getElementTagName on session ceb3df0511703fa117450a792626ae32 to remote] DEBUG org.asynchttpclient.netty.request.NettyRequestSender - Using pooled Channel '[id: 0xf2890019, L:/127.0.0.1:64816 - R:localhost/127.0.0.1:42584]' for 'GET' to 'http://localhost:42584/session/ceb3df0511703fa117450a792626ae32/element/cf341bb6-9930-4906-a333-24c87e96ff01/name'
18:43:56.642 [Forwarding getElementTagName on session ceb3df0511703fa117450a792626ae32 to remote] DEBUG org.asynchttpclient.netty.request.NettyRequestSender - Using open Channel [id: 0xf2890019, L:/127.0.0.1:64816 - R:localhost/127.0.0.1:42584] for GET '/session/ceb3df0511703fa117450a792626ae32/element/cf341bb6-9930-4906-a333-24c87e96ff01/name'
18:43:56.644 [AsyncHttpClient-1-23] DEBUG org.asynchttpclient.netty.handler.HttpHandler - 

Request DefaultFullHttpRequest(decodeResult: success, version: HTTP/1.1, content: EmptyByteBufBE)
GET /session/ceb3df0511703fa117450a792626ae32/element/cf341bb6-9930-4906-a333-24c87e96ff01/name HTTP/1.1
User-Agent: selenium/4.8.1 (java windows)
Cache-Control: no-cache
Content-Type: application/json; charset=utf-8
host: localhost:42584
accept: */*

Response DefaultHttpResponse(decodeResult: success, version: HTTP/1.1)
HTTP/1.1 200 OK
Content-Length: 15
Content-Type: application/json; charset=utf-8
cache-control: no-cache

18:43:56.644 [AsyncHttpClient-1-23] DEBUG org.asynchttpclient.netty.channel.ChannelManager - Adding key: http://localhost:42584 for channel [id: 0xf2890019, L:/127.0.0.1:64816 - R:localhost/127.0.0.1:42584]
18:43:56.644 [Forwarding getElementTagName on session ceb3df0511703fa117450a792626ae32 to remote] DEBUG org.asynchttpclient.netty.request.NettyRequestSender - Using pooled Channel '[id: 0xf2890019, L:/127.0.0.1:64816 - R:localhost/127.0.0.1:42584]' for 'GET' to 'http://localhost:42584/session/ceb3df0511703fa117450a792626ae32/element/cf341bb6-9930-4906-a333-24c87e96ff01/name'
18:43:56.644 [Forwarding getElementTagName on session ceb3df0511703fa117450a792626ae32 to remote] DEBUG org.asynchttpclient.netty.request.NettyRequestSender - Using open Channel [id: 0xf2890019, L:/127.0.0.1:64816 - R:localhost/127.0.0.1:42584] for GET '/session/ceb3df0511703fa117450a792626ae32/element/cf341bb6-9930-4906-a333-24c87e96ff01/name'
18:43:56.646 [AsyncHttpClient-1-23] DEBUG org.asynchttpclient.netty.handler.HttpHandler - 

Request DefaultFullHttpRequest(decodeResult: success, version: HTTP/1.1, content: EmptyByteBufBE)
GET /session/ceb3df0511703fa117450a792626ae32/element/cf341bb6-9930-4906-a333-24c87e96ff01/name HTTP/1.1
User-Agent: selenium/4.8.1 (java windows)
Cache-Control: no-cache
Content-Type: application/json; charset=utf-8
host: localhost:42584
accept: */*

Response DefaultHttpResponse(decodeResult: success, version: HTTP/1.1)
HTTP/1.1 200 OK
Content-Length: 15
Content-Type: application/json; charset=utf-8
cache-control: no-cache

18:43:56.646 [AsyncHttpClient-1-23] DEBUG org.asynchttpclient.netty.channel.ChannelManager - Adding key: http://localhost:42584 for channel [id: 0xf2890019, L:/127.0.0.1:64816 - R:localhost/127.0.0.1:42584]
18:43:56.647 [Forwarding findElement on session ceb3df0511703fa117450a792626ae32 to remote] DEBUG org.asynchttpclient.netty.request.NettyRequestSender - Using pooled Channel '[id: 0xf2890019, L:/127.0.0.1:64816 - R:localhost/127.0.0.1:42584]' for 'POST' to 'http://localhost:42584/session/ceb3df0511703fa117450a792626ae32/element'
18:43:56.647 [Forwarding findElement on session ceb3df0511703fa117450a792626ae32 to remote] DEBUG org.asynchttpclient.netty.request.NettyRequestSender - Using open Channel [id: 0xf2890019, L:/127.0.0.1:64816 - R:localhost/127.0.0.1:42584] for POST '/session/ceb3df0511703fa117450a792626ae32/element'
18:43:56.651 [AsyncHttpClient-1-23] DEBUG org.asynchttpclient.netty.handler.HttpHandler - 

Request DefaultHttpRequest(decodeResult: success, version: HTTP/1.1)
POST /session/ceb3df0511703fa117450a792626ae32/element HTTP/1.1
User-Agent: selenium/4.8.1 (java windows)
Content-Length: 54
Content-Type: application/json; charset=utf-8
host: localhost:42584
accept: */*

Response DefaultHttpResponse(decodeResult: success, version: HTTP/1.1)
HTTP/1.1 200 OK
Content-Length: 88
Content-Type: application/json; charset=utf-8
cache-control: no-cache

18:43:56.651 [AsyncHttpClient-1-23] DEBUG org.asynchttpclient.netty.channel.ChannelManager - Adding key: http://localhost:42584 for channel [id: 0xf2890019, L:/127.0.0.1:64816 - R:localhost/127.0.0.1:42584]
18:43:56.652 [Forwarding clickElement on session ceb3df0511703fa117450a792626ae32 to remote] DEBUG org.asynchttpclient.netty.request.NettyRequestSender - Using pooled Channel '[id: 0xf2890019, L:/127.0.0.1:64816 - R:localhost/127.0.0.1:42584]' for 'POST' to 'http://localhost:42584/session/ceb3df0511703fa117450a792626ae32/element/cf341bb6-9930-4906-a333-24c87e96ff01/click'
18:43:56.652 [Forwarding clickElement on session ceb3df0511703fa117450a792626ae32 to remote] DEBUG org.asynchttpclient.netty.request.NettyRequestSender - Using open Channel [id: 0xf2890019, L:/127.0.0.1:64816 - R:localhost/127.0.0.1:42584] for POST '/session/ceb3df0511703fa117450a792626ae32/element/cf341bb6-9930-4906-a333-24c87e96ff01/click'
18:43:56.690 [AsyncHttpClient-1-23] DEBUG org.asynchttpclient.netty.handler.HttpHandler - 

Request DefaultHttpRequest(decodeResult: success, version: HTTP/1.1)
POST /session/ceb3df0511703fa117450a792626ae32/element/cf341bb6-9930-4906-a333-24c87e96ff01/click HTTP/1.1
User-Agent: selenium/4.8.1 (java windows)
Content-Length: 50
Content-Type: application/json; charset=utf-8
host: localhost:42584
accept: */*

Response DefaultHttpResponse(decodeResult: success, version: HTTP/1.1)
HTTP/1.1 200 OK
Content-Length: 14
Content-Type: application/json; charset=utf-8
cache-control: no-cache

18:43:56.690 [AsyncHttpClient-1-23] DEBUG org.asynchttpclient.netty.channel.ChannelManager - Adding key: http://localhost:42584 for channel [id: 0xf2890019, L:/127.0.0.1:64816 - R:localhost/127.0.0.1:42584]
18:43:56.695 [Forwarding getAlertText on session ceb3df0511703fa117450a792626ae32 to remote] DEBUG org.asynchttpclient.netty.request.NettyRequestSender - Using pooled Channel '[id: 0xf2890019, L:/127.0.0.1:64816 - R:localhost/127.0.0.1:42584]' for 'GET' to 'http://localhost:42584/session/ceb3df0511703fa117450a792626ae32/alert/text'
18:43:56.695 [Forwarding getAlertText on session ceb3df0511703fa117450a792626ae32 to remote] DEBUG org.asynchttpclient.netty.request.NettyRequestSender - Using open Channel [id: 0xf2890019, L:/127.0.0.1:64816 - R:localhost/127.0.0.1:42584] for GET '/session/ceb3df0511703fa117450a792626ae32/alert/text'
18:43:56.695 [AsyncHttpClient-1-23] DEBUG org.asynchttpclient.netty.handler.HttpHandler - 

Request DefaultFullHttpRequest(decodeResult: success, version: HTTP/1.1, content: EmptyByteBufBE)
GET /session/ceb3df0511703fa117450a792626ae32/alert/text HTTP/1.1
User-Agent: selenium/4.8.1 (java windows)
Cache-Control: no-cache
Content-Type: application/json; charset=utf-8
host: localhost:42584
accept: */*

Response DefaultHttpResponse(decodeResult: success, version: HTTP/1.1)
HTTP/1.1 404 Not Found
Content-Length: 821
Content-Type: application/json; charset=utf-8
cache-control: no-cache

18:43:56.695 [AsyncHttpClient-1-23] DEBUG org.asynchttpclient.netty.channel.ChannelManager - Adding key: http://localhost:42584 for channel [id: 0xf2890019, L:/127.0.0.1:64816 - R:localhost/127.0.0.1:42584]
18:43:56.696 [Forwarding getCurrentUrl on session ceb3df0511703fa117450a792626ae32 to remote] DEBUG org.asynchttpclient.netty.request.NettyRequestSender - Using pooled Channel '[id: 0xf2890019, L:/127.0.0.1:64816 - R:localhost/127.0.0.1:42584]' for 'GET' to 'http://localhost:42584/session/ceb3df0511703fa117450a792626ae32/url'
18:43:56.696 [Forwarding getCurrentUrl on session ceb3df0511703fa117450a792626ae32 to remote] DEBUG org.asynchttpclient.netty.request.NettyRequestSender - Using open Channel [id: 0xf2890019, L:/127.0.0.1:64816 - R:localhost/127.0.0.1:42584] for GET '/session/ceb3df0511703fa117450a792626ae32/url'
18:43:56.698 [AsyncHttpClient-1-23] DEBUG org.asynchttpclient.netty.handler.HttpHandler - 

Request DefaultFullHttpRequest(decodeResult: success, version: HTTP/1.1, content: EmptyByteBufBE)
GET /session/ceb3df0511703fa117450a792626ae32/url HTTP/1.1
User-Agent: selenium/4.8.1 (java windows)
Cache-Control: no-cache
Content-Type: application/json; charset=utf-8
host: localhost:42584
accept: */*

Response DefaultHttpResponse(decodeResult: success, version: HTTP/1.1)
HTTP/1.1 200 OK
Content-Length: 41
Content-Type: application/json; charset=utf-8
cache-control: no-cache

18:43:56.698 [AsyncHttpClient-1-23] DEBUG org.asynchttpclient.netty.channel.ChannelManager - Adding key: http://localhost:42584 for channel [id: 0xf2890019, L:/127.0.0.1:64816 - R:localhost/127.0.0.1:42584]
18:43:56.698 [Forwarding screenshot on session ceb3df0511703fa117450a792626ae32 to remote] DEBUG org.asynchttpclient.netty.request.NettyRequestSender - Using pooled Channel '[id: 0xf2890019, L:/127.0.0.1:64816 - R:localhost/127.0.0.1:42584]' for 'GET' to 'http://localhost:42584/session/ceb3df0511703fa117450a792626ae32/screenshot'
18:43:56.698 [Forwarding screenshot on session ceb3df0511703fa117450a792626ae32 to remote] DEBUG org.asynchttpclient.netty.request.NettyRequestSender - Using open Channel [id: 0xf2890019, L:/127.0.0.1:64816 - R:localhost/127.0.0.1:42584] for GET '/session/ceb3df0511703fa117450a792626ae32/screenshot'
18:43:56.774 [AsyncHttpClient-1-23] DEBUG org.asynchttpclient.netty.handler.HttpHandler - 

Request DefaultFullHttpRequest(decodeResult: success, version: HTTP/1.1, content: EmptyByteBufBE)
GET /session/ceb3df0511703fa117450a792626ae32/screenshot HTTP/1.1
User-Agent: selenium/4.8.1 (java windows)
Cache-Control: no-cache
Content-Type: application/json; charset=utf-8
host: localhost:42584
accept: */*

Response DefaultHttpResponse(decodeResult: success, version: HTTP/1.1)
HTTP/1.1 200 OK
Content-Length: 96608
Content-Type: application/json; charset=utf-8
cache-control: no-cache

18:43:56.775 [AsyncHttpClient-1-23] DEBUG org.asynchttpclient.netty.channel.ChannelManager - Adding key: http://localhost:42584 for channel [id: 0xf2890019, L:/127.0.0.1:64816 - R:localhost/127.0.0.1:42584]
18:43:56.776 [main] DEBUG net.serenitybdd.core.photography.Darkroom - Send negative for processing for target\site\serenity\122e58814d0fc629db23b4ff9ae0233e3316bf515077042bd85aa8163b0365ff.png
18:43:56.776 [main] DEBUG net.thucydides.core.steps.StepInterceptor - STEP DONE: clickChoose
  &amp#27;[32mWhen &amp#27;[0m&amp#27;[32mI choose product i want&amp#27;[0m                                      &amp#27;[90m# starter.stepDefinition.ViewDetailPosSteps.clickLoginHomeButton()&amp#27;[0m
18:43:56.780 [Forwarding getPageSource on session ceb3df0511703fa117450a792626ae32 to remote] DEBUG org.asynchttpclient.netty.request.NettyRequestSender - Using pooled Channel '[id: 0xf2890019, L:/127.0.0.1:64816 - R:localhost/127.0.0.1:42584]' for 'POST' to 'http://localhost:42584/session/ceb3df0511703fa117450a792626ae32/execute/sync'
18:43:56.780 [Forwarding getPageSource on session ceb3df0511703fa117450a792626ae32 to remote] DEBUG org.asynchttpclient.netty.request.NettyRequestSender - Using open Channel [id: 0xf2890019, L:/127.0.0.1:64816 - R:localhost/127.0.0.1:42584] for POST '/session/ceb3df0511703fa117450a792626ae32/execute/sync'
18:43:56.813 [AsyncHttpClient-1-23] DEBUG org.asynchttpclient.netty.handler.HttpHandler - 

Request DefaultHttpRequest(decodeResult: success, version: HTTP/1.1)
POST /session/ceb3df0511703fa117450a792626ae32/execute/sync HTTP/1.1
User-Agent: selenium/4.8.1 (java windows)
Content-Length: 176
Content-Type: application/json; charset=utf-8
host: localhost:42584
accept: */*

Response DefaultHttpResponse(decodeResult: success, version: HTTP/1.1)
HTTP/1.1 200 OK
Content-Length: 904358
Content-Type: application/json; charset=utf-8
cache-control: no-cache

18:43:56.813 [AsyncHttpClient-1-23] DEBUG org.asynchttpclient.netty.channel.ChannelManager - Adding key: http://localhost:42584 for channel [id: 0xf2890019, L:/127.0.0.1:64816 - R:localhost/127.0.0.1:42584]
18:43:56.860 [Forwarding getCurrentUrl on session ceb3df0511703fa117450a792626ae32 to remote] DEBUG org.asynchttpclient.netty.request.NettyRequestSender - Using pooled Channel '[id: 0xf2890019, L:/127.0.0.1:64816 - R:localhost/127.0.0.1:42584]' for 'GET' to 'http://localhost:42584/session/ceb3df0511703fa117450a792626ae32/url'
18:43:56.860 [Forwarding getCurrentUrl on session ceb3df0511703fa117450a792626ae32 to remote] DEBUG org.asynchttpclient.netty.request.NettyRequestSender - Using open Channel [id: 0xf2890019, L:/127.0.0.1:64816 - R:localhost/127.0.0.1:42584] for GET '/session/ceb3df0511703fa117450a792626ae32/url'
18:43:56.861 [AsyncHttpClient-1-23] DEBUG org.asynchttpclient.netty.handler.HttpHandler - 

Request DefaultFullHttpRequest(decodeResult: success, version: HTTP/1.1, content: EmptyByteBufBE)
GET /session/ceb3df0511703fa117450a792626ae32/url HTTP/1.1
User-Agent: selenium/4.8.1 (java windows)
Cache-Control: no-cache
Content-Type: application/json; charset=utf-8
host: localhost:42584
accept: */*

Response DefaultHttpResponse(decodeResult: success, version: HTTP/1.1)
HTTP/1.1 200 OK
Content-Length: 41
Content-Type: application/json; charset=utf-8
cache-control: no-cache

18:43:56.861 [AsyncHttpClient-1-23] DEBUG org.asynchttpclient.netty.channel.ChannelManager - Adding key: http://localhost:42584 for channel [id: 0xf2890019, L:/127.0.0.1:64816 - R:localhost/127.0.0.1:42584]
18:43:56.870 [Forwarding getAlertText on session ceb3df0511703fa117450a792626ae32 to remote] DEBUG org.asynchttpclient.netty.request.NettyRequestSender - Using pooled Channel '[id: 0xf2890019, L:/127.0.0.1:64816 - R:localhost/127.0.0.1:42584]' for 'GET' to 'http://localhost:42584/session/ceb3df0511703fa117450a792626ae32/alert/text'
18:43:56.870 [Forwarding getAlertText on session ceb3df0511703fa117450a792626ae32 to remote] DEBUG org.asynchttpclient.netty.request.NettyRequestSender - Using open Channel [id: 0xf2890019, L:/127.0.0.1:64816 - R:localhost/127.0.0.1:42584] for GET '/session/ceb3df0511703fa117450a792626ae32/alert/text'
18:43:56.871 [AsyncHttpClient-1-23] DEBUG org.asynchttpclient.netty.handler.HttpHandler - 

Request DefaultFullHttpRequest(decodeResult: success, version: HTTP/1.1, content: EmptyByteBufBE)
GET /session/ceb3df0511703fa117450a792626ae32/alert/text HTTP/1.1
User-Agent: selenium/4.8.1 (java windows)
Cache-Control: no-cache
Content-Type: application/json; charset=utf-8
host: localhost:42584
accept: */*

Response DefaultHttpResponse(decodeResult: success, version: HTTP/1.1)
HTTP/1.1 404 Not Found
Content-Length: 821
Content-Type: application/json; charset=utf-8
cache-control: no-cache

18:43:56.871 [AsyncHttpClient-1-23] DEBUG org.asynchttpclient.netty.channel.ChannelManager - Adding key: http://localhost:42584 for channel [id: 0xf2890019, L:/127.0.0.1:64816 - R:localhost/127.0.0.1:42584]
18:43:56.871 [Forwarding getCurrentUrl on session ceb3df0511703fa117450a792626ae32 to remote] DEBUG org.asynchttpclient.netty.request.NettyRequestSender - Using pooled Channel '[id: 0xf2890019, L:/127.0.0.1:64816 - R:localhost/127.0.0.1:42584]' for 'GET' to 'http://localhost:42584/session/ceb3df0511703fa117450a792626ae32/url'
18:43:56.872 [Forwarding getCurrentUrl on session ceb3df0511703fa117450a792626ae32 to remote] DEBUG org.asynchttpclient.netty.request.NettyRequestSender - Using open Channel [id: 0xf2890019, L:/127.0.0.1:64816 - R:localhost/127.0.0.1:42584] for GET '/session/ceb3df0511703fa117450a792626ae32/url'
18:43:56.873 [AsyncHttpClient-1-23] DEBUG org.asynchttpclient.netty.handler.HttpHandler - 

Request DefaultFullHttpRequest(decodeResult: success, version: HTTP/1.1, content: EmptyByteBufBE)
GET /session/ceb3df0511703fa117450a792626ae32/url HTTP/1.1
User-Agent: selenium/4.8.1 (java windows)
Cache-Control: no-cache
Content-Type: application/json; charset=utf-8
host: localhost:42584
accept: */*

Response DefaultHttpResponse(decodeResult: success, version: HTTP/1.1)
HTTP/1.1 200 OK
Content-Length: 41
Content-Type: application/json; charset=utf-8
cache-control: no-cache

18:43:56.873 [AsyncHttpClient-1-23] DEBUG org.asynchttpclient.netty.channel.ChannelManager - Adding key: http://localhost:42584 for channel [id: 0xf2890019, L:/127.0.0.1:64816 - R:localhost/127.0.0.1:42584]
18:43:56.873 [Forwarding screenshot on session ceb3df0511703fa117450a792626ae32 to remote] DEBUG org.asynchttpclient.netty.request.NettyRequestSender - Using pooled Channel '[id: 0xf2890019, L:/127.0.0.1:64816 - R:localhost/127.0.0.1:42584]' for 'GET' to 'http://localhost:42584/session/ceb3df0511703fa117450a792626ae32/screenshot'
18:43:56.873 [Forwarding screenshot on session ceb3df0511703fa117450a792626ae32 to remote] DEBUG org.asynchttpclient.netty.request.NettyRequestSender - Using open Channel [id: 0xf2890019, L:/127.0.0.1:64816 - R:localhost/127.0.0.1:42584] for GET '/session/ceb3df0511703fa117450a792626ae32/screenshot'
18:43:56.941 [AsyncHttpClient-1-23] DEBUG org.asynchttpclient.netty.handler.HttpHandler - 

Request DefaultFullHttpRequest(decodeResult: success, version: HTTP/1.1, content: EmptyByteBufBE)
GET /session/ceb3df0511703fa117450a792626ae32/screenshot HTTP/1.1
User-Agent: selenium/4.8.1 (java windows)
Cache-Control: no-cache
Content-Type: application/json; charset=utf-8
host: localhost:42584
accept: */*

Response DefaultHttpResponse(decodeResult: success, version: HTTP/1.1)
HTTP/1.1 200 OK
Content-Length: 96608
Content-Type: application/json; charset=utf-8
cache-control: no-cache

18:43:56.941 [AsyncHttpClient-1-23] DEBUG org.asynchttpclient.netty.channel.ChannelManager - Adding key: http://localhost:42584 for channel [id: 0xf2890019, L:/127.0.0.1:64816 - R:localhost/127.0.0.1:42584]
18:43:56.943 [main] DEBUG net.serenitybdd.core.photography.Darkroom - Send negative for processing for target\site\serenity\122e58814d0fc629db23b4ff9ae0233e3316bf515077042bd85aa8163b0365ff.png
18:43:56.944 [Forwarding getPageSource on session ceb3df0511703fa117450a792626ae32 to remote] DEBUG org.asynchttpclient.netty.request.NettyRequestSender - Using pooled Channel '[id: 0xf2890019, L:/127.0.0.1:64816 - R:localhost/127.0.0.1:42584]' for 'POST' to 'http://localhost:42584/session/ceb3df0511703fa117450a792626ae32/execute/sync'
18:43:56.944 [Forwarding getPageSource on session ceb3df0511703fa117450a792626ae32 to remote] DEBUG org.asynchttpclient.netty.request.NettyRequestSender - Using open Channel [id: 0xf2890019, L:/127.0.0.1:64816 - R:localhost/127.0.0.1:42584] for POST '/session/ceb3df0511703fa117450a792626ae32/execute/sync'
18:43:56.975 [AsyncHttpClient-1-23] DEBUG org.asynchttpclient.netty.handler.HttpHandler - 

Request DefaultHttpRequest(decodeResult: success, version: HTTP/1.1)
POST /session/ceb3df0511703fa117450a792626ae32/execute/sync HTTP/1.1
User-Agent: selenium/4.8.1 (java windows)
Content-Length: 176
Content-Type: application/json; charset=utf-8
host: localhost:42584
accept: */*

Response DefaultHttpResponse(decodeResult: success, version: HTTP/1.1)
HTTP/1.1 200 OK
Content-Length: 904358
Content-Type: application/json; charset=utf-8
cache-control: no-cache

18:43:56.976 [AsyncHttpClient-1-23] DEBUG org.asynchttpclient.netty.channel.ChannelManager - Adding key: http://localhost:42584 for channel [id: 0xf2890019, L:/127.0.0.1:64816 - R:localhost/127.0.0.1:42584]
18:43:57.019 [Forwarding getCurrentUrl on session ceb3df0511703fa117450a792626ae32 to remote] DEBUG org.asynchttpclient.netty.request.NettyRequestSender - Using pooled Channel '[id: 0xf2890019, L:/127.0.0.1:64816 - R:localhost/127.0.0.1:42584]' for 'GET' to 'http://localhost:42584/session/ceb3df0511703fa117450a792626ae32/url'
18:43:57.019 [Forwarding getCurrentUrl on session ceb3df0511703fa117450a792626ae32 to remote] DEBUG org.asynchttpclient.netty.request.NettyRequestSender - Using open Channel [id: 0xf2890019, L:/127.0.0.1:64816 - R:localhost/127.0.0.1:42584] for GET '/session/ceb3df0511703fa117450a792626ae32/url'
18:43:57.021 [AsyncHttpClient-1-23] DEBUG org.asynchttpclient.netty.handler.HttpHandler - 

Request DefaultFullHttpRequest(decodeResult: success, version: HTTP/1.1, content: EmptyByteBufBE)
GET /session/ceb3df0511703fa117450a792626ae32/url HTTP/1.1
User-Agent: selenium/4.8.1 (java windows)
Cache-Control: no-cache
Content-Type: application/json; charset=utf-8
host: localhost:42584
accept: */*

Response DefaultHttpResponse(decodeResult: success, version: HTTP/1.1)
HTTP/1.1 200 OK
Content-Length: 41
Content-Type: application/json; charset=utf-8
cache-control: no-cache

18:43:57.021 [AsyncHttpClient-1-23] DEBUG org.asynchttpclient.netty.channel.ChannelManager - Adding key: http://localhost:42584 for channel [id: 0xf2890019, L:/127.0.0.1:64816 - R:localhost/127.0.0.1:42584]
18:43:57.024 [main] DEBUG net.thucydides.core.steps.StepInterceptor - STARTING STEP: ViewDetailPosSteps.clickCartIcon - clickDetailIcon
18:43:57.026 [Forwarding findElement on session ceb3df0511703fa117450a792626ae32 to remote] DEBUG org.asynchttpclient.netty.request.NettyRequestSender - Using pooled Channel '[id: 0xf2890019, L:/127.0.0.1:64816 - R:localhost/127.0.0.1:42584]' for 'POST' to 'http://localhost:42584/session/ceb3df0511703fa117450a792626ae32/element'
18:43:57.026 [Forwarding findElement on session ceb3df0511703fa117450a792626ae32 to remote] DEBUG org.asynchttpclient.netty.request.NettyRequestSender - Using open Channel [id: 0xf2890019, L:/127.0.0.1:64816 - R:localhost/127.0.0.1:42584] for POST '/session/ceb3df0511703fa117450a792626ae32/element'
18:43:57.036 [AsyncHttpClient-1-23] DEBUG org.asynchttpclient.netty.handler.HttpHandler - 

Request DefaultHttpRequest(decodeResult: success, version: HTTP/1.1)
POST /session/ceb3df0511703fa117450a792626ae32/element HTTP/1.1
User-Agent: selenium/4.8.1 (java windows)
Content-Length: 203
Content-Type: application/json; charset=utf-8
host: localhost:42584
accept: */*

Response DefaultHttpResponse(decodeResult: success, version: HTTP/1.1)
HTTP/1.1 200 OK
Content-Length: 88
Content-Type: application/json; charset=utf-8
cache-control: no-cache

18:43:57.036 [AsyncHttpClient-1-23] DEBUG org.asynchttpclient.netty.channel.ChannelManager - Adding key: http://localhost:42584 for channel [id: 0xf2890019, L:/127.0.0.1:64816 - R:localhost/127.0.0.1:42584]
18:43:57.036 [Forwarding getElementTagName on session ceb3df0511703fa117450a792626ae32 to remote] DEBUG org.asynchttpclient.netty.request.NettyRequestSender - Using pooled Channel '[id: 0xf2890019, L:/127.0.0.1:64816 - R:localhost/127.0.0.1:42584]' for 'GET' to 'http://localhost:42584/session/ceb3df0511703fa117450a792626ae32/element/e23e0d3d-3aeb-42cf-a609-b513f720035c/name'
18:43:57.036 [Forwarding getElementTagName on session ceb3df0511703fa117450a792626ae32 to remote] DEBUG org.asynchttpclient.netty.request.NettyRequestSender - Using open Channel [id: 0xf2890019, L:/127.0.0.1:64816 - R:localhost/127.0.0.1:42584] for GET '/session/ceb3df0511703fa117450a792626ae32/element/e23e0d3d-3aeb-42cf-a609-b513f720035c/name'
18:43:57.039 [AsyncHttpClient-1-23] DEBUG org.asynchttpclient.netty.handler.HttpHandler - 

Request DefaultFullHttpRequest(decodeResult: success, version: HTTP/1.1, content: EmptyByteBufBE)
GET /session/ceb3df0511703fa117450a792626ae32/element/e23e0d3d-3aeb-42cf-a609-b513f720035c/name HTTP/1.1
User-Agent: selenium/4.8.1 (java windows)
Cache-Control: no-cache
Content-Type: application/json; charset=utf-8
host: localhost:42584
accept: */*

Response DefaultHttpResponse(decodeResult: success, version: HTTP/1.1)
HTTP/1.1 200 OK
Content-Length: 16
Content-Type: application/json; charset=utf-8
cache-control: no-cache

18:43:57.039 [AsyncHttpClient-1-23] DEBUG org.asynchttpclient.netty.channel.ChannelManager - Adding key: http://localhost:42584 for channel [id: 0xf2890019, L:/127.0.0.1:64816 - R:localhost/127.0.0.1:42584]
18:43:57.039 [Forwarding getElementTagName on session ceb3df0511703fa117450a792626ae32 to remote] DEBUG org.asynchttpclient.netty.request.NettyRequestSender - Using pooled Channel '[id: 0xf2890019, L:/127.0.0.1:64816 - R:localhost/127.0.0.1:42584]' for 'GET' to 'http://localhost:42584/session/ceb3df0511703fa117450a792626ae32/element/e23e0d3d-3aeb-42cf-a609-b513f720035c/name'
18:43:57.039 [Forwarding getElementTagName on session ceb3df0511703fa117450a792626ae32 to remote] DEBUG org.asynchttpclient.netty.request.NettyRequestSender - Using open Channel [id: 0xf2890019, L:/127.0.0.1:64816 - R:localhost/127.0.0.1:42584] for GET '/session/ceb3df0511703fa117450a792626ae32/element/e23e0d3d-3aeb-42cf-a609-b513f720035c/name'
18:43:57.040 [AsyncHttpClient-1-23] DEBUG org.asynchttpclient.netty.handler.HttpHandler - 

Request DefaultFullHttpRequest(decodeResult: success, version: HTTP/1.1, content: EmptyByteBufBE)
GET /session/ceb3df0511703fa117450a792626ae32/element/e23e0d3d-3aeb-42cf-a609-b513f720035c/name HTTP/1.1
User-Agent: selenium/4.8.1 (java windows)
Cache-Control: no-cache
Content-Type: application/json; charset=utf-8
host: localhost:42584
accept: */*

Response DefaultHttpResponse(decodeResult: success, version: HTTP/1.1)
HTTP/1.1 200 OK
Content-Length: 16
Content-Type: application/json; charset=utf-8
cache-control: no-cache

18:43:57.040 [AsyncHttpClient-1-23] DEBUG org.asynchttpclient.netty.channel.ChannelManager - Adding key: http://localhost:42584 for channel [id: 0xf2890019, L:/127.0.0.1:64816 - R:localhost/127.0.0.1:42584]
18:43:57.042 [Forwarding findElement on session ceb3df0511703fa117450a792626ae32 to remote] DEBUG org.asynchttpclient.netty.request.NettyRequestSender - Using pooled Channel '[id: 0xf2890019, L:/127.0.0.1:64816 - R:localhost/127.0.0.1:42584]' for 'POST' to 'http://localhost:42584/session/ceb3df0511703fa117450a792626ae32/element'
18:43:57.042 [Forwarding findElement on session ceb3df0511703fa117450a792626ae32 to remote] DEBUG org.asynchttpclient.netty.request.NettyRequestSender - Using open Channel [id: 0xf2890019, L:/127.0.0.1:64816 - R:localhost/127.0.0.1:42584] for POST '/session/ceb3df0511703fa117450a792626ae32/element'
18:43:57.048 [AsyncHttpClient-1-23] DEBUG org.asynchttpclient.netty.handler.HttpHandler - 

Request DefaultHttpRequest(decodeResult: success, version: HTTP/1.1)
POST /session/ceb3df0511703fa117450a792626ae32/element HTTP/1.1
User-Agent: selenium/4.8.1 (java windows)
Content-Length: 203
Content-Type: application/json; charset=utf-8
host: localhost:42584
accept: */*

Response DefaultHttpResponse(decodeResult: success, version: HTTP/1.1)
HTTP/1.1 200 OK
Content-Length: 88
Content-Type: application/json; charset=utf-8
cache-control: no-cache

18:43:57.048 [AsyncHttpClient-1-23] DEBUG org.asynchttpclient.netty.channel.ChannelManager - Adding key: http://localhost:42584 for channel [id: 0xf2890019, L:/127.0.0.1:64816 - R:localhost/127.0.0.1:42584]
18:43:57.049 [Forwarding clickElement on session ceb3df0511703fa117450a792626ae32 to remote] DEBUG org.asynchttpclient.netty.request.NettyRequestSender - Using pooled Channel '[id: 0xf2890019, L:/127.0.0.1:64816 - R:localhost/127.0.0.1:42584]' for 'POST' to 'http://localhost:42584/session/ceb3df0511703fa117450a792626ae32/element/e23e0d3d-3aeb-42cf-a609-b513f720035c/click'
18:43:57.049 [Forwarding clickElement on session ceb3df0511703fa117450a792626ae32 to remote] DEBUG org.asynchttpclient.netty.request.NettyRequestSender - Using open Channel [id: 0xf2890019, L:/127.0.0.1:64816 - R:localhost/127.0.0.1:42584] for POST '/session/ceb3df0511703fa117450a792626ae32/element/e23e0d3d-3aeb-42cf-a609-b513f720035c/click'
18:43:57.103 [AsyncHttpClient-1-23] DEBUG org.asynchttpclient.netty.handler.HttpHandler - 

Request DefaultHttpRequest(decodeResult: success, version: HTTP/1.1)
POST /session/ceb3df0511703fa117450a792626ae32/element/e23e0d3d-3aeb-42cf-a609-b513f720035c/click HTTP/1.1
User-Agent: selenium/4.8.1 (java windows)
Content-Length: 50
Content-Type: application/json; charset=utf-8
host: localhost:42584
accept: */*

Response DefaultHttpResponse(decodeResult: success, version: HTTP/1.1)
HTTP/1.1 200 OK
Content-Length: 14
Content-Type: application/json; charset=utf-8
cache-control: no-cache

18:43:57.103 [AsyncHttpClient-1-23] DEBUG org.asynchttpclient.netty.channel.ChannelManager - Adding key: http://localhost:42584 for channel [id: 0xf2890019, L:/127.0.0.1:64816 - R:localhost/127.0.0.1:42584]
18:43:57.107 [Forwarding getAlertText on session ceb3df0511703fa117450a792626ae32 to remote] DEBUG org.asynchttpclient.netty.request.NettyRequestSender - Using pooled Channel '[id: 0xf2890019, L:/127.0.0.1:64816 - R:localhost/127.0.0.1:42584]' for 'GET' to 'http://localhost:42584/session/ceb3df0511703fa117450a792626ae32/alert/text'
18:43:57.107 [Forwarding getAlertText on session ceb3df0511703fa117450a792626ae32 to remote] DEBUG org.asynchttpclient.netty.request.NettyRequestSender - Using open Channel [id: 0xf2890019, L:/127.0.0.1:64816 - R:localhost/127.0.0.1:42584] for GET '/session/ceb3df0511703fa117450a792626ae32/alert/text'
18:43:57.186 [AsyncHttpClient-1-1] DEBUG org.asynchttpclient.netty.channel.DefaultChannelPool - Entry count for : http://localhost:64818 : 1
18:43:57.250 [AsyncHttpClient-1-23] DEBUG org.asynchttpclient.netty.handler.HttpHandler - 

Request DefaultFullHttpRequest(decodeResult: success, version: HTTP/1.1, content: EmptyByteBufBE)
GET /session/ceb3df0511703fa117450a792626ae32/alert/text HTTP/1.1
User-Agent: selenium/4.8.1 (java windows)
Cache-Control: no-cache
Content-Type: application/json; charset=utf-8
host: localhost:42584
accept: */*

Response DefaultHttpResponse(decodeResult: success, version: HTTP/1.1)
HTTP/1.1 404 Not Found
Content-Length: 821
Content-Type: application/json; charset=utf-8
cache-control: no-cache

18:43:57.250 [AsyncHttpClient-1-23] DEBUG org.asynchttpclient.netty.channel.ChannelManager - Adding key: http://localhost:42584 for channel [id: 0xf2890019, L:/127.0.0.1:64816 - R:localhost/127.0.0.1:42584]
18:43:57.251 [Forwarding getCurrentUrl on session ceb3df0511703fa117450a792626ae32 to remote] DEBUG org.asynchttpclient.netty.request.NettyRequestSender - Using pooled Channel '[id: 0xf2890019, L:/127.0.0.1:64816 - R:localhost/127.0.0.1:42584]' for 'GET' to 'http://localhost:42584/session/ceb3df0511703fa117450a792626ae32/url'
18:43:57.251 [Forwarding getCurrentUrl on session ceb3df0511703fa117450a792626ae32 to remote] DEBUG org.asynchttpclient.netty.request.NettyRequestSender - Using open Channel [id: 0xf2890019, L:/127.0.0.1:64816 - R:localhost/127.0.0.1:42584] for GET '/session/ceb3df0511703fa117450a792626ae32/url'
18:43:57.252 [AsyncHttpClient-1-23] DEBUG org.asynchttpclient.netty.handler.HttpHandler - 

Request DefaultFullHttpRequest(decodeResult: success, version: HTTP/1.1, content: EmptyByteBufBE)
GET /session/ceb3df0511703fa117450a792626ae32/url HTTP/1.1
User-Agent: selenium/4.8.1 (java windows)
Cache-Control: no-cache
Content-Type: application/json; charset=utf-8
host: localhost:42584
accept: */*

Response DefaultHttpResponse(decodeResult: success, version: HTTP/1.1)
HTTP/1.1 200 OK
Content-Length: 55
Content-Type: application/json; charset=utf-8
cache-control: no-cache

18:43:57.252 [AsyncHttpClient-1-23] DEBUG org.asynchttpclient.netty.channel.ChannelManager - Adding key: http://localhost:42584 for channel [id: 0xf2890019, L:/127.0.0.1:64816 - R:localhost/127.0.0.1:42584]
18:43:57.253 [Forwarding screenshot on session ceb3df0511703fa117450a792626ae32 to remote] DEBUG org.asynchttpclient.netty.request.NettyRequestSender - Using pooled Channel '[id: 0xf2890019, L:/127.0.0.1:64816 - R:localhost/127.0.0.1:42584]' for 'GET' to 'http://localhost:42584/session/ceb3df0511703fa117450a792626ae32/screenshot'
18:43:57.253 [Forwarding screenshot on session ceb3df0511703fa117450a792626ae32 to remote] DEBUG org.asynchttpclient.netty.request.NettyRequestSender - Using open Channel [id: 0xf2890019, L:/127.0.0.1:64816 - R:localhost/127.0.0.1:42584] for GET '/session/ceb3df0511703fa117450a792626ae32/screenshot'
18:43:57.432 [AsyncHttpClient-1-23] DEBUG org.asynchttpclient.netty.handler.HttpHandler - 

Request DefaultFullHttpRequest(decodeResult: success, version: HTTP/1.1, content: EmptyByteBufBE)
GET /session/ceb3df0511703fa117450a792626ae32/screenshot HTTP/1.1
User-Agent: selenium/4.8.1 (java windows)
Cache-Control: no-cache
Content-Type: application/json; charset=utf-8
host: localhost:42584
accept: */*

Response DefaultHttpResponse(decodeResult: success, version: HTTP/1.1)
HTTP/1.1 200 OK
Content-Length: 17432
Content-Type: application/json; charset=utf-8
cache-control: no-cache

18:43:57.433 [AsyncHttpClient-1-23] DEBUG org.asynchttpclient.netty.channel.ChannelManager - Adding key: http://localhost:42584 for channel [id: 0xf2890019, L:/127.0.0.1:64816 - R:localhost/127.0.0.1:42584]
18:43:57.434 [main] DEBUG net.serenitybdd.core.photography.Darkroom - Send negative for processing for target\site\serenity\4e902a3361dff59d77c55ea17976c7fbe21e65dab11d00029502bdb65c2bd8cc.png
18:43:57.434 [main] DEBUG net.thucydides.core.steps.StepInterceptor - STEP DONE: clickDetailIcon
  &amp#27;[32mAnd &amp#27;[0m&amp#27;[32mI click detail button in one of many items&amp#27;[0m                    &amp#27;[90m# starter.stepDefinition.ViewDetailPosSteps.clickCartIcon()&amp#27;[0m
18:43:57.434 [Darkroom Processing Line] DEBUG net.serenitybdd.core.photography.DarkroomProcessingLine - Processing screenshot image in /var/screenshots/screenshot-13316144700788588086
18:43:57.434 [Darkroom Processing Line] DEBUG net.serenitybdd.core.photography.DarkroomProcessingLine - Saving screenshot to target\site\serenity\4e902a3361dff59d77c55ea17976c7fbe21e65dab11d00029502bdb65c2bd8cc.png
18:43:57.442 [Forwarding getPageSource on session ceb3df0511703fa117450a792626ae32 to remote] DEBUG org.asynchttpclient.netty.request.NettyRequestSender - Using pooled Channel '[id: 0xf2890019, L:/127.0.0.1:64816 - R:localhost/127.0.0.1:42584]' for 'POST' to 'http://localhost:42584/session/ceb3df0511703fa117450a792626ae32/execute/sync'
18:43:57.442 [Forwarding getPageSource on session ceb3df0511703fa117450a792626ae32 to remote] DEBUG org.asynchttpclient.netty.request.NettyRequestSender - Using open Channel [id: 0xf2890019, L:/127.0.0.1:64816 - R:localhost/127.0.0.1:42584] for POST '/session/ceb3df0511703fa117450a792626ae32/execute/sync'
18:43:57.446 [AsyncHttpClient-1-23] DEBUG org.asynchttpclient.netty.handler.HttpHandler - 

Request DefaultHttpRequest(decodeResult: success, version: HTTP/1.1)
POST /session/ceb3df0511703fa117450a792626ae32/execute/sync HTTP/1.1
User-Agent: selenium/4.8.1 (java windows)
Content-Length: 176
Content-Type: application/json; charset=utf-8
host: localhost:42584
accept: */*

Response DefaultHttpResponse(decodeResult: success, version: HTTP/1.1)
HTTP/1.1 200 OK
Content-Length: 20580
Content-Type: application/json; charset=utf-8
cache-control: no-cache

18:43:57.446 [AsyncHttpClient-1-23] DEBUG org.asynchttpclient.netty.channel.ChannelManager - Adding key: http://localhost:42584 for channel [id: 0xf2890019, L:/127.0.0.1:64816 - R:localhost/127.0.0.1:42584]
18:43:57.447 [Forwarding getCurrentUrl on session ceb3df0511703fa117450a792626ae32 to remote] DEBUG org.asynchttpclient.netty.request.NettyRequestSender - Using pooled Channel '[id: 0xf2890019, L:/127.0.0.1:64816 - R:localhost/127.0.0.1:42584]' for 'GET' to 'http://localhost:42584/session/ceb3df0511703fa117450a792626ae32/url'
18:43:57.447 [Forwarding getCurrentUrl on session ceb3df0511703fa117450a792626ae32 to remote] DEBUG org.asynchttpclient.netty.request.NettyRequestSender - Using open Channel [id: 0xf2890019, L:/127.0.0.1:64816 - R:localhost/127.0.0.1:42584] for GET '/session/ceb3df0511703fa117450a792626ae32/url'
18:43:57.448 [AsyncHttpClient-1-23] DEBUG org.asynchttpclient.netty.handler.HttpHandler - 

Request DefaultFullHttpRequest(decodeResult: success, version: HTTP/1.1, content: EmptyByteBufBE)
GET /session/ceb3df0511703fa117450a792626ae32/url HTTP/1.1
User-Agent: selenium/4.8.1 (java windows)
Cache-Control: no-cache
Content-Type: application/json; charset=utf-8
host: localhost:42584
accept: */*

Response DefaultHttpResponse(decodeResult: success, version: HTTP/1.1)
HTTP/1.1 200 OK
Content-Length: 55
Content-Type: application/json; charset=utf-8
cache-control: no-cache

18:43:57.450 [AsyncHttpClient-1-23] DEBUG org.asynchttpclient.netty.channel.ChannelManager - Adding key: http://localhost:42584 for channel [id: 0xf2890019, L:/127.0.0.1:64816 - R:localhost/127.0.0.1:42584]
18:43:57.454 [Forwarding findElement on session ceb3df0511703fa117450a792626ae32 to remote] DEBUG org.asynchttpclient.netty.request.NettyRequestSender - Using pooled Channel '[id: 0xf2890019, L:/127.0.0.1:64816 - R:localhost/127.0.0.1:42584]' for 'POST' to 'http://localhost:42584/session/ceb3df0511703fa117450a792626ae32/element'
18:43:57.454 [Forwarding findElement on session ceb3df0511703fa117450a792626ae32 to remote] DEBUG org.asynchttpclient.netty.request.NettyRequestSender - Using open Channel [id: 0xf2890019, L:/127.0.0.1:64816 - R:localhost/127.0.0.1:42584] for POST '/session/ceb3df0511703fa117450a792626ae32/element'
18:43:57.460 [AsyncHttpClient-1-23] DEBUG org.asynchttpclient.netty.handler.HttpHandler - 

Request DefaultHttpRequest(decodeResult: success, version: HTTP/1.1)
POST /session/ceb3df0511703fa117450a792626ae32/element HTTP/1.1
User-Agent: selenium/4.8.1 (java windows)
Content-Length: 209
Content-Type: application/json; charset=utf-8
host: localhost:42584
accept: */*

Response DefaultHttpResponse(decodeResult: success, version: HTTP/1.1)
HTTP/1.1 200 OK
Content-Length: 88
Content-Type: application/json; charset=utf-8
cache-control: no-cache

18:43:57.461 [AsyncHttpClient-1-23] DEBUG org.asynchttpclient.netty.channel.ChannelManager - Adding key: http://localhost:42584 for channel [id: 0xf2890019, L:/127.0.0.1:64816 - R:localhost/127.0.0.1:42584]
18:43:57.463 [Forwarding isElementDisplayed on session ceb3df0511703fa117450a792626ae32 to remote] DEBUG org.asynchttpclient.netty.request.NettyRequestSender - Using pooled Channel '[id: 0xf2890019, L:/127.0.0.1:64816 - R:localhost/127.0.0.1:42584]' for 'POST' to 'http://localhost:42584/session/ceb3df0511703fa117450a792626ae32/execute/sync'
18:43:57.463 [Forwarding isElementDisplayed on session ceb3df0511703fa117450a792626ae32 to remote] DEBUG org.asynchttpclient.netty.request.NettyRequestSender - Using open Channel [id: 0xf2890019, L:/127.0.0.1:64816 - R:localhost/127.0.0.1:42584] for POST '/session/ceb3df0511703fa117450a792626ae32/execute/sync'
18:43:57.484 [AsyncHttpClient-1-23] DEBUG org.asynchttpclient.netty.handler.HttpHandler - 

Request DefaultHttpRequest(decodeResult: success, version: HTTP/1.1)
POST /session/ceb3df0511703fa117450a792626ae32/execute/sync HTTP/1.1
User-Agent: selenium/4.8.1 (java windows)
Content-Length: 48807
Content-Type: application/json; charset=utf-8
host: localhost:42584
accept: */*

Response DefaultHttpResponse(decodeResult: success, version: HTTP/1.1)
HTTP/1.1 200 OK
Content-Length: 14
Content-Type: application/json; charset=utf-8
cache-control: no-cache

18:43:57.484 [AsyncHttpClient-1-23] DEBUG org.asynchttpclient.netty.channel.ChannelManager - Adding key: http://localhost:42584 for channel [id: 0xf2890019, L:/127.0.0.1:64816 - R:localhost/127.0.0.1:42584]
  &amp#27;[32mThen &amp#27;[0m&amp#27;[32mI have seen the details of product&amp#27;[0m                           &amp#27;[90m# starter.stepDefinition.ViewDetailPosSteps.validateOnDetailPage()&amp#27;[0m
18:43:57.490 [Forwarding getAlertText on session ceb3df0511703fa117450a792626ae32 to remote] DEBUG org.asynchttpclient.netty.request.NettyRequestSender - Using pooled Channel '[id: 0xf2890019, L:/127.0.0.1:64816 - R:localhost/127.0.0.1:42584]' for 'GET' to 'http://localhost:42584/session/ceb3df0511703fa117450a792626ae32/alert/text'
18:43:57.490 [Forwarding getAlertText on session ceb3df0511703fa117450a792626ae32 to remote] DEBUG org.asynchttpclient.netty.request.NettyRequestSender - Using open Channel [id: 0xf2890019, L:/127.0.0.1:64816 - R:localhost/127.0.0.1:42584] for GET '/session/ceb3df0511703fa117450a792626ae32/alert/text'
18:43:57.495 [AsyncHttpClient-1-23] DEBUG org.asynchttpclient.netty.handler.HttpHandler - 

Request DefaultFullHttpRequest(decodeResult: success, version: HTTP/1.1, content: EmptyByteBufBE)
GET /session/ceb3df0511703fa117450a792626ae32/alert/text HTTP/1.1
User-Agent: selenium/4.8.1 (java windows)
Cache-Control: no-cache
Content-Type: application/json; charset=utf-8
host: localhost:42584
accept: */*

Response DefaultHttpResponse(decodeResult: success, version: HTTP/1.1)
HTTP/1.1 404 Not Found
Content-Length: 821
Content-Type: application/json; charset=utf-8
cache-control: no-cache

18:43:57.495 [AsyncHttpClient-1-23] DEBUG org.asynchttpclient.netty.channel.ChannelManager - Adding key: http://localhost:42584 for channel [id: 0xf2890019, L:/127.0.0.1:64816 - R:localhost/127.0.0.1:42584]
18:43:57.496 [Forwarding getCurrentUrl on session ceb3df0511703fa117450a792626ae32 to remote] DEBUG org.asynchttpclient.netty.request.NettyRequestSender - Using pooled Channel '[id: 0xf2890019, L:/127.0.0.1:64816 - R:localhost/127.0.0.1:42584]' for 'GET' to 'http://localhost:42584/session/ceb3df0511703fa117450a792626ae32/url'
18:43:57.496 [Forwarding getCurrentUrl on session ceb3df0511703fa117450a792626ae32 to remote] DEBUG org.asynchttpclient.netty.request.NettyRequestSender - Using open Channel [id: 0xf2890019, L:/127.0.0.1:64816 - R:localhost/127.0.0.1:42584] for GET '/session/ceb3df0511703fa117450a792626ae32/url'
18:43:57.499 [AsyncHttpClient-1-23] DEBUG org.asynchttpclient.netty.handler.HttpHandler - 

Request DefaultFullHttpRequest(decodeResult: success, version: HTTP/1.1, content: EmptyByteBufBE)
GET /session/ceb3df0511703fa117450a792626ae32/url HTTP/1.1
User-Agent: selenium/4.8.1 (java windows)
Cache-Control: no-cache
Content-Type: application/json; charset=utf-8
host: localhost:42584
accept: */*

Response DefaultHttpResponse(decodeResult: success, version: HTTP/1.1)
HTTP/1.1 200 OK
Content-Length: 55
Content-Type: application/json; charset=utf-8
cache-control: no-cache

18:43:57.499 [AsyncHttpClient-1-23] DEBUG org.asynchttpclient.netty.channel.ChannelManager - Adding key: http://localhost:42584 for channel [id: 0xf2890019, L:/127.0.0.1:64816 - R:localhost/127.0.0.1:42584]
18:43:57.499 [Forwarding screenshot on session ceb3df0511703fa117450a792626ae32 to remote] DEBUG org.asynchttpclient.netty.request.NettyRequestSender - Using pooled Channel '[id: 0xf2890019, L:/127.0.0.1:64816 - R:localhost/127.0.0.1:42584]' for 'GET' to 'http://localhost:42584/session/ceb3df0511703fa117450a792626ae32/screenshot'
18:43:57.499 [Forwarding screenshot on session ceb3df0511703fa117450a792626ae32 to remote] DEBUG org.asynchttpclient.netty.request.NettyRequestSender - Using open Channel [id: 0xf2890019, L:/127.0.0.1:64816 - R:localhost/127.0.0.1:42584] for GET '/session/ceb3df0511703fa117450a792626ae32/screenshot'
18:43:57.571 [AsyncHttpClient-1-23] DEBUG org.asynchttpclient.netty.handler.HttpHandler - 

Request DefaultFullHttpRequest(decodeResult: success, version: HTTP/1.1, content: EmptyByteBufBE)
GET /session/ceb3df0511703fa117450a792626ae32/screenshot HTTP/1.1
User-Agent: selenium/4.8.1 (java windows)
Cache-Control: no-cache
Content-Type: application/json; charset=utf-8
host: localhost:42584
accept: */*

Response DefaultHttpResponse(decodeResult: success, version: HTTP/1.1)
HTTP/1.1 200 OK
Content-Length: 28928
Content-Type: application/json; charset=utf-8
cache-control: no-cache

18:43:57.571 [AsyncHttpClient-1-23] DEBUG org.asynchttpclient.netty.channel.ChannelManager - Adding key: http://localhost:42584 for channel [id: 0xf2890019, L:/127.0.0.1:64816 - R:localhost/127.0.0.1:42584]
18:43:57.572 [main] DEBUG net.serenitybdd.core.photography.Darkroom - Send negative for processing for target\site\serenity\de838ece9e3a758415d68772b0d92c23b253fda98c50013c8b34a16e0355ca97.png
18:43:57.572 [Darkroom Processing Line] DEBUG net.serenitybdd.core.photography.DarkroomProcessingLine - Processing screenshot image in /var/screenshots/screenshot-9344501355251978046
18:43:57.572 [Darkroom Processing Line] DEBUG net.serenitybdd.core.photography.DarkroomProcessingLine - Saving screenshot to target\site\serenity\de838ece9e3a758415d68772b0d92c23b253fda98c50013c8b34a16e0355ca97.png
18:43:57.573 [main] INFO  - 
  _____   ___   ___   _____     ___     _     ___   ___   ___   ___  
 |_   _| | __| / __| |_   _|   | _ \   /_\   / __| / __| | __| |   \ 
   | |   | _|  \__ \   | |     |  _/  / _ \  \__ \ \__ \ | _|  | |) |
   |_|   |___| |___/   |_|     |_|   /_/ \_\ |___/ |___/ |___| |___/ 

As user, I have be able to success view detail of product
----------------------------------------------------------------------
18:43:57.573 [Driver Command Executor] DEBUG org.asynchttpclient.netty.request.NettyRequestSender - Using pooled Channel '[id: 0xf2890019, L:/127.0.0.1:64816 - R:localhost/127.0.0.1:42584]' for 'DELETE' to 'http://localhost:42584/session/ceb3df0511703fa117450a792626ae32'
18:43:57.575 [Driver Command Executor] DEBUG org.asynchttpclient.netty.request.NettyRequestSender - Using open Channel [id: 0xf2890019, L:/127.0.0.1:64816 - R:localhost/127.0.0.1:42584] for DELETE '/session/ceb3df0511703fa117450a792626ae32'
18:43:57.575 [AsyncHttpClient-1-25] DEBUG org.asynchttpclient.netty.handler.WebSocketHandler - Channel Closed: [id: 0x65ff5692, L:/127.0.0.1:64825 ! R:localhost/127.0.0.1:64818] with attribute NettyResponseFuture{currentRetry=0,
	isDone=1,
	isCancelled=0,
	asyncHandler=org.asynchttpclient.ws.WebSocketUpgradeHandler@2eb4fd5c,
	nettyRequest=org.asynchttpclient.netty.request.NettyRequest@6bb666ee,
	future=java.util.concurrent.CompletableFuture@2b0b7042[Completed normally],
	uri=ws://localhost:64818/devtools/browser/8198e335-c7e7-4247-b8e8-d9b0031984bc,
	keepAlive=true,
	redirectCount=0,
	timeoutsHolder=null,
	inAuth=0,
	touch=1683632633522}
18:43:57.575 [AsyncHttpClient-1-25] DEBUG org.asynchttpclient.netty.channel.ChannelManager - Closing Channel [id: 0x65ff5692, L:/127.0.0.1:64825 ! R:localhost/127.0.0.1:64818] 
18:43:57.615 [AsyncHttpClient-1-24] DEBUG org.asynchttpclient.netty.handler.HttpHandler - Unexpected I/O exception on channel [id: 0xe17cc1b1, L:/127.0.0.1:64824 - R:localhost/127.0.0.1:64818]
java.net.SocketException: Connection reset
	at java.base/sun.nio.ch.SocketChannelImpl.throwConnectionReset(SocketChannelImpl.java:394)
	at java.base/sun.nio.ch.SocketChannelImpl.read(SocketChannelImpl.java:426)
	at io.netty.buffer.PooledByteBuf.setBytes(PooledByteBuf.java:259)
	at io.netty.buffer.AbstractByteBuf.writeBytes(AbstractByteBuf.java:1132)
	at io.netty.channel.socket.nio.NioSocketChannel.doReadBytes(NioSocketChannel.java:357)
	at io.netty.channel.nio.AbstractNioByteChannel$NioByteUnsafe.read(AbstractNioByteChannel.java:151)
	at io.netty.channel.nio.NioEventLoop.processSelectedKey(NioEventLoop.java:788)
	at io.netty.channel.nio.NioEventLoop.processSelectedKeysOptimized(NioEventLoop.java:724)
	at io.netty.channel.nio.NioEventLoop.processSelectedKeys(NioEventLoop.java:650)
	at io.netty.channel.nio.NioEventLoop.run(NioEventLoop.java:562)
	at io.netty.util.concurrent.SingleThreadEventExecutor$4.run(SingleThreadEventExecutor.java:997)
	at io.netty.util.internal.ThreadExecutorMap$2.run(ThreadExecutorMap.java:74)
	at io.netty.util.concurrent.FastThreadLocalRunnable.run(FastThreadLocalRunnable.java:30)
	at java.base/java.lang.Thread.run(Thread.java:833)
18:43:57.615 [AsyncHttpClient-1-24] DEBUG org.asynchttpclient.netty.channel.ChannelManager - Closing Channel [id: 0xe17cc1b1, L:/127.0.0.1:64824 - R:localhost/127.0.0.1:64818] 
18:43:57.617 [AsyncHttpClient-1-24] DEBUG org.asynchttpclient.netty.handler.HttpHandler - Channel Closed: [id: 0xe17cc1b1, L:/127.0.0.1:64824 ! R:localhost/127.0.0.1:64818] with attribute DISCARD
18:43:57.627 [AsyncHttpClient-1-23] DEBUG org.asynchttpclient.netty.handler.HttpHandler - 

Request DefaultFullHttpRequest(decodeResult: success, version: HTTP/1.1, content: EmptyByteBufBE)
DELETE /session/ceb3df0511703fa117450a792626ae32 HTTP/1.1
User-Agent: selenium/4.8.1 (java windows)
Content-Type: application/json; charset=utf-8
host: localhost:42584
accept: */*

Response DefaultHttpResponse(decodeResult: success, version: HTTP/1.1)
HTTP/1.1 200 OK
Content-Length: 14
Content-Type: application/json; charset=utf-8
cache-control: no-cache

18:43:57.627 [AsyncHttpClient-1-23] DEBUG org.asynchttpclient.netty.channel.ChannelManager - Adding key: http://localhost:42584 for channel [id: 0xf2890019, L:/127.0.0.1:64816 - R:localhost/127.0.0.1:42584]
18:43:57.692 [AsyncHttpClient-1-23] DEBUG org.asynchttpclient.netty.handler.HttpHandler - Channel Closed: [id: 0xf2890019, L:/127.0.0.1:64816 ! R:localhost/127.0.0.1:42584] with attribute DISCARD
]]></system-out>
    <system-err><![CDATA[Starting ChromeDriver 112.0.5615.49 (bd2a7bcb881c11e8cfe3078709382934e3916914-refs/branch-heads/5615@{#936}) on port 42584
Only local connections are allowed.
Please see https://chromedriver.chromium.org/security-considerations for suggestions on keeping ChromeDriver safe.
ChromeDriver was started successfully.
May 09, 2023 6:43:53 PM org.openqa.selenium.devtools.CdpVersionFinder findNearestMatch
WARNING: Unable to find an exact match for CDP version 112, so returning the closest version found: 110
]]></system-err>
  </testcase>
</testsuite>