<?xml version="1.0" encoding="UTF-8"?>
<testsuite xmlns:xsi="http://www.w3.org/2001/XMLSchema-instance" xsi:noNamespaceSchemaLocation="https://maven.apache.org/surefire/maven-failsafe-plugin/xsd/failsafe-test-report-3.0.xsd" version="3.0" name="starter.CucumberTestSuite" time="14.636" tests="16" errors="0" skipped="0" failures="0">
  <properties>
    <property name="java.specification.version" value="17"/>
    <property name="sun.cpu.isalist" value="amd64"/>
    <property name="sun.jnu.encoding" value="Cp1252"/>
    <property name="java.class.path" value="C:\Users\VICTUS\IdeaProjects\RestAssuredMiniProject\target\test-classes;C:\Users\VICTUS\.m2\repository\net\serenity-bdd\serenity-core\3.5.1\serenity-core-3.5.1.jar;C:\Users\VICTUS\.m2\repository\net\serenity-bdd\serenity-model\3.5.1\serenity-model-3.5.1.jar;C:\Users\VICTUS\.m2\repository\org\apache\commons\commons-text\1.10.0\commons-text-1.10.0.jar;C:\Users\VICTUS\.m2\repository\commons-net\commons-net\3.8.0\commons-net-3.8.0.jar;C:\Users\VICTUS\.m2\repository\com\google\guava\guava\31.1-jre\guava-31.1-jre.jar;C:\Users\VICTUS\.m2\repository\com\google\guava\failureaccess\1.0.1\failureaccess-1.0.1.jar;C:\Users\VICTUS\.m2\repository\com\google\guava\listenablefuture\9999.0-empty-to-avoid-conflict-with-guava\listenablefuture-9999.0-empty-to-avoid-conflict-with-guava.jar;C:\Users\VICTUS\.m2\repository\com\google\code\findbugs\jsr305\3.0.2\jsr305-3.0.2.jar;C:\Users\VICTUS\.m2\repository\org\checkerframework\checker-qual\3.12.0\checker-qual-3.12.0.jar;C:\Users\VICTUS\.m2\repository\com\google\errorprone\error_prone_annotations\2.11.0\error_prone_annotations-2.11.0.jar;C:\Users\VICTUS\.m2\repository\com\google\j2objc\j2objc-annotations\1.3\j2objc-annotations-1.3.jar;C:\Users\VICTUS\.m2\repository\com\google\inject\guice\5.1.0\guice-5.1.0.jar;C:\Users\VICTUS\.m2\repository\javax\inject\javax.inject\1\javax.inject-1.jar;C:\Users\VICTUS\.m2\repository\aopalliance\aopalliance\1.0\aopalliance-1.0.jar;C:\Users\VICTUS\.m2\repository\org\jsoup\jsoup\1.14.3\jsoup-1.14.3.jar;C:\Users\VICTUS\.m2\repository\com\thoughtworks\xstream\xstream\1.4.19\xstream-1.4.19.jar;C:\Users\VICTUS\.m2\repository\io\github\x-stream\mxparser\1.2.2\mxparser-1.2.2.jar;C:\Users\VICTUS\.m2\repository\xmlpull\xmlpull\1.1.3.1\xmlpull-1.1.3.1.jar;C:\Users\VICTUS\.m2\repository\com\typesafe\config\1.4.2\config-1.4.2.jar;C:\Users\VICTUS\.m2\repository\org\imgscalr\imgscalr-lib\4.2\imgscalr-lib-4.2.jar;C:\Users\VICTUS\.m2\repository\org\awaitility\awaitility\4.2.0\awaitility-4.2.0.jar;C:\Users\VICTUS\.m2\repository\org\freemarker\freemarker\2.3.31\freemarker-2.3.31.jar;C:\Users\VICTUS\.m2\repository\io\github\classgraph\classgraph\4.8.138\classgraph-4.8.138.jar;C:\Users\VICTUS\.m2\repository\net\sourceforge\jexcelapi\jxl\2.6.12\jxl-2.6.12.jar;C:\Users\VICTUS\.m2\repository\net\bytebuddy\byte-buddy-agent\1.12.18\byte-buddy-agent-1.12.18.jar;C:\Users\VICTUS\.m2\repository\org\objenesis\objenesis\3.1\objenesis-3.1.jar;C:\Users\VICTUS\.m2\repository\net\serenity-bdd\serenity-reports\3.5.1\serenity-reports-3.5.1.jar;C:\Users\VICTUS\.m2\repository\net\serenity-bdd\serenity-stats\3.5.1\serenity-stats-3.5.1.jar;C:\Users\VICTUS\.m2\repository\net\serenity-bdd\serenity-reports-configuration\3.5.1\serenity-reports-configuration-3.5.1.jar;C:\Users\VICTUS\.m2\repository\com\vladsch\flexmark\flexmark-all\0.34.30\flexmark-all-0.34.30.jar;C:\Users\VICTUS\.m2\repository\com\vladsch\flexmark\flexmark\0.34.30\flexmark-0.34.30.jar;C:\Users\VICTUS\.m2\repository\com\vladsch\flexmark\flexmark-ext-abbreviation\0.34.30\flexmark-ext-abbreviation-0.34.30.jar;C:\Users\VICTUS\.m2\repository\com\vladsch\flexmark\flexmark-ext-admonition\0.34.30\flexmark-ext-admonition-0.34.30.jar;C:\Users\VICTUS\.m2\repository\com\vladsch\flexmark\flexmark-ext-anchorlink\0.34.30\flexmark-ext-anchorlink-0.34.30.jar;C:\Users\VICTUS\.m2\repository\com\vladsch\flexmark\flexmark-ext-aside\0.34.30\flexmark-ext-aside-0.34.30.jar;C:\Users\VICTUS\.m2\repository\com\vladsch\flexmark\flexmark-ext-attributes\0.34.30\flexmark-ext-attributes-0.34.30.jar;C:\Users\VICTUS\.m2\repository\com\vladsch\flexmark\flexmark-ext-autolink\0.34.30\flexmark-ext-autolink-0.34.30.jar;C:\Users\VICTUS\.m2\repository\org\nibor\autolink\autolink\0.6.0\autolink-0.6.0.jar;C:\Users\VICTUS\.m2\repository\com\vladsch\flexmark\flexmark-ext-definition\0.34.30\flexmark-ext-definition-0.34.30.jar;C:\Users\VICTUS\.m2\repository\com\vladsch\flexmark\flexmark-ext-emoji\0.34.30\flexmark-ext-emoji-0.34.30.jar;C:\Users\VICTUS\.m2\repository\com\vladsch\flexmark\flexmark-ext-enumerated-reference\0.34.30\flexmark-ext-enumerated-reference-0.34.30.jar;C:\Users\VICTUS\.m2\repository\com\vladsch\flexmark\flexmark-ext-escaped-character\0.34.30\flexmark-ext-escaped-character-0.34.30.jar;C:\Users\VICTUS\.m2\repository\com\vladsch\flexmark\flexmark-ext-footnotes\0.34.30\flexmark-ext-footnotes-0.34.30.jar;C:\Users\VICTUS\.m2\repository\com\vladsch\flexmark\flexmark-ext-gfm-issues\0.34.30\flexmark-ext-gfm-issues-0.34.30.jar;C:\Users\VICTUS\.m2\repository\com\vladsch\flexmark\flexmark-ext-gfm-strikethrough\0.34.30\flexmark-ext-gfm-strikethrough-0.34.30.jar;C:\Users\VICTUS\.m2\repository\com\vladsch\flexmark\flexmark-ext-gfm-tables\0.34.30\flexmark-ext-gfm-tables-0.34.30.jar;C:\Users\VICTUS\.m2\repository\com\vladsch\flexmark\flexmark-ext-gfm-tasklist\0.34.30\flexmark-ext-gfm-tasklist-0.34.30.jar;C:\Users\VICTUS\.m2\repository\com\vladsch\flexmark\flexmark-ext-gfm-users\0.34.30\flexmark-ext-gfm-users-0.34.30.jar;C:\Users\VICTUS\.m2\repository\com\vladsch\flexmark\flexmark-ext-gitlab\0.34.30\flexmark-ext-gitlab-0.34.30.jar;C:\Users\VICTUS\.m2\repository\com\vladsch\flexmark\flexmark-ext-jekyll-front-matter\0.34.30\flexmark-ext-jekyll-front-matter-0.34.30.jar;C:\Users\VICTUS\.m2\repository\com\vladsch\flexmark\flexmark-ext-jekyll-tag\0.34.30\flexmark-ext-jekyll-tag-0.34.30.jar;C:\Users\VICTUS\.m2\repository\com\vladsch\flexmark\flexmark-ext-media-tags\0.34.30\flexmark-ext-media-tags-0.34.30.jar;C:\Users\VICTUS\.m2\repository\com\vladsch\flexmark\flexmark-test-util\0.34.30\flexmark-test-util-0.34.30.jar;C:\Users\VICTUS\.m2\repository\com\vladsch\flexmark\flexmark-ext-ins\0.34.30\flexmark-ext-ins-0.34.30.jar;C:\Users\VICTUS\.m2\repository\com\vladsch\flexmark\flexmark-ext-xwiki-macros\0.34.30\flexmark-ext-xwiki-macros-0.34.30.jar;C:\Users\VICTUS\.m2\repository\com\vladsch\flexmark\flexmark-ext-superscript\0.34.30\flexmark-ext-superscript-0.34.30.jar;C:\Users\VICTUS\.m2\repository\com\vladsch\flexmark\flexmark-ext-tables\0.34.30\flexmark-ext-tables-0.34.30.jar;C:\Users\VICTUS\.m2\repository\com\vladsch\flexmark\flexmark-ext-toc\0.34.30\flexmark-ext-toc-0.34.30.jar;C:\Users\VICTUS\.m2\repository\com\vladsch\flexmark\flexmark-ext-typographic\0.34.30\flexmark-ext-typographic-0.34.30.jar;C:\Users\VICTUS\.m2\repository\com\vladsch\flexmark\flexmark-ext-wikilink\0.34.30\flexmark-ext-wikilink-0.34.30.jar;C:\Users\VICTUS\.m2\repository\com\vladsch\flexmark\flexmark-ext-yaml-front-matter\0.34.30\flexmark-ext-yaml-front-matter-0.34.30.jar;C:\Users\VICTUS\.m2\repository\com\vladsch\flexmark\flexmark-ext-youtube-embedded\0.34.30\flexmark-ext-youtube-embedded-0.34.30.jar;C:\Users\VICTUS\.m2\repository\com\vladsch\flexmark\flexmark-formatter\0.34.30\flexmark-formatter-0.34.30.jar;C:\Users\VICTUS\.m2\repository\com\vladsch\flexmark\flexmark-html-parser\0.34.30\flexmark-html-parser-0.34.30.jar;C:\Users\VICTUS\.m2\repository\com\vladsch\flexmark\flexmark-jira-converter\0.34.30\flexmark-jira-converter-0.34.30.jar;C:\Users\VICTUS\.m2\repository\com\vladsch\flexmark\flexmark-pdf-converter\0.34.30\flexmark-pdf-converter-0.34.30.jar;C:\Users\VICTUS\.m2\repository\com\openhtmltopdf\openhtmltopdf-core\0.0.1-RC13\openhtmltopdf-core-0.0.1-RC13.jar;C:\Users\VICTUS\.m2\repository\com\openhtmltopdf\openhtmltopdf-pdfbox\0.0.1-RC13\openhtmltopdf-pdfbox-0.0.1-RC13.jar;C:\Users\VICTUS\.m2\repository\org\apache\pdfbox\pdfbox\2.0.8\pdfbox-2.0.8.jar;C:\Users\VICTUS\.m2\repository\org\apache\pdfbox\fontbox\2.0.8\fontbox-2.0.8.jar;C:\Users\VICTUS\.m2\repository\org\apache\pdfbox\xmpbox\2.0.8\xmpbox-2.0.8.jar;C:\Users\VICTUS\.m2\repository\de\rototor\pdfbox\graphics2d\0.12\graphics2d-0.12.jar;C:\Users\VICTUS\.m2\repository\com\openhtmltopdf\openhtmltopdf-rtl-support\0.0.1-RC13\openhtmltopdf-rtl-support-0.0.1-RC13.jar;C:\Users\VICTUS\.m2\repository\com\ibm\icu\icu4j\59.1\icu4j-59.1.jar;C:\Users\VICTUS\.m2\repository\com\openhtmltopdf\openhtmltopdf-jsoup-dom-converter\0.0.1-RC13\openhtmltopdf-jsoup-dom-converter-0.0.1-RC13.jar;C:\Users\VICTUS\.m2\repository\com\vladsch\flexmark\flexmark-profile-pegdown\0.34.30\flexmark-profile-pegdown-0.34.30.jar;C:\Users\VICTUS\.m2\repository\com\vladsch\flexmark\flexmark-util\0.34.30\flexmark-util-0.34.30.jar;C:\Users\VICTUS\.m2\repository\com\vladsch\flexmark\flexmark-youtrack-converter\0.34.30\flexmark-youtrack-converter-0.34.30.jar;C:\Users\VICTUS\.m2\repository\es\nitaur\markdown\txtmark\0.16\txtmark-0.16.jar;C:\Users\VICTUS\.m2\repository\net\serenity-bdd\serenity-report-resources\3.5.1\serenity-report-resources-3.5.1.jar;C:\Users\VICTUS\.m2\repository\com\google\code\gson\gson\2.9.0\gson-2.9.0.jar;C:\Users\VICTUS\.m2\repository\com\fasterxml\jackson\core\jackson-core\2.13.4\jackson-core-2.13.4.jar;C:\Users\VICTUS\.m2\repository\com\fasterxml\jackson\core\jackson-databind\2.13.4\jackson-databind-2.13.4.jar;C:\Users\VICTUS\.m2\repository\com\fasterxml\jackson\core\jackson-annotations\2.13.4\jackson-annotations-2.13.4.jar;C:\Users\VICTUS\.m2\repository\commons-codec\commons-codec\1.15\commons-codec-1.15.jar;C:\Users\VICTUS\.m2\repository\commons-io\commons-io\2.11.0\commons-io-2.11.0.jar;C:\Users\VICTUS\.m2\repository\org\apache\httpcomponents\httpclient\4.5.13\httpclient-4.5.13.jar;C:\Users\VICTUS\.m2\repository\org\apache\httpcomponents\httpcore\4.4.13\httpcore-4.4.13.jar;C:\Users\VICTUS\.m2\repository\commons-logging\commons-logging\1.2\commons-logging-1.2.jar;C:\Users\VICTUS\.m2\repository\org\seleniumhq\selenium\selenium-java\4.7.1\selenium-java-4.7.1.jar;C:\Users\VICTUS\.m2\repository\org\seleniumhq\selenium\selenium-devtools-v106\4.7.1\selenium-devtools-v106-4.7.1.jar;C:\Users\VICTUS\.m2\repository\org\seleniumhq\selenium\selenium-devtools-v107\4.7.1\selenium-devtools-v107-4.7.1.jar;C:\Users\VICTUS\.m2\repository\org\seleniumhq\selenium\selenium-devtools-v108\4.7.1\selenium-devtools-v108-4.7.1.jar;C:\Users\VICTUS\.m2\repository\org\seleniumhq\selenium\selenium-devtools-v85\4.7.1\selenium-devtools-v85-4.7.1.jar;C:\Users\VICTUS\.m2\repository\org\seleniumhq\selenium\selenium-remote-driver\4.7.1\selenium-remote-driver-4.7.1.jar;C:\Users\VICTUS\.m2\repository\com\beust\jcommander\1.82\jcommander-1.82.jar;C:\Users\VICTUS\.m2\repository\io\netty\netty-buffer\4.1.84.Final\netty-buffer-4.1.84.Final.jar;C:\Users\VICTUS\.m2\repository\io\netty\netty-codec-http\4.1.84.Final\netty-codec-http-4.1.84.Final.jar;C:\Users\VICTUS\.m2\repository\io\netty\netty-codec\4.1.84.Final\netty-codec-4.1.84.Final.jar;C:\Users\VICTUS\.m2\repository\io\netty\netty-handler\4.1.84.Final\netty-handler-4.1.84.Final.jar;C:\Users\VICTUS\.m2\repository\io\netty\netty-common\4.1.84.Final\netty-common-4.1.84.Final.jar;C:\Users\VICTUS\.m2\repository\io\netty\netty-transport-classes-epoll\4.1.84.Final\netty-transport-classes-epoll-4.1.84.Final.jar;C:\Users\VICTUS\.m2\repository\io\netty\netty-transport-classes-kqueue\4.1.84.Final\netty-transport-classes-kqueue-4.1.84.Final.jar;C:\Users\VICTUS\.m2\repository\io\netty\netty-transport-native-epoll\4.1.84.Final\netty-transport-native-epoll-4.1.84.Final.jar;C:\Users\VICTUS\.m2\repository\io\netty\netty-transport-native-kqueue\4.1.84.Final\netty-transport-native-kqueue-4.1.84.Final.jar;C:\Users\VICTUS\.m2\repository\io\netty\netty-transport-native-unix-common\4.1.84.Final\netty-transport-native-unix-common-4.1.84.Final.jar;C:\Users\VICTUS\.m2\repository\io\netty\netty-transport\4.1.84.Final\netty-transport-4.1.84.Final.jar;C:\Users\VICTUS\.m2\repository\io\netty\netty-resolver\4.1.84.Final\netty-resolver-4.1.84.Final.jar;C:\Users\VICTUS\.m2\repository\io\opentelemetry\opentelemetry-api\1.19.0\opentelemetry-api-1.19.0.jar;C:\Users\VICTUS\.m2\repository\io\opentelemetry\opentelemetry-context\1.19.0\opentelemetry-context-1.19.0.jar;C:\Users\VICTUS\.m2\repository\io\opentelemetry\opentelemetry-exporter-logging\1.19.0\opentelemetry-exporter-logging-1.19.0.jar;C:\Users\VICTUS\.m2\repository\io\opentelemetry\opentelemetry-sdk-metrics\1.19.0\opentelemetry-sdk-metrics-1.19.0.jar;C:\Users\VICTUS\.m2\repository\io\opentelemetry\opentelemetry-sdk-logs\1.19.0-alpha\opentelemetry-sdk-logs-1.19.0-alpha.jar;C:\Users\VICTUS\.m2\repository\io\opentelemetry\opentelemetry-api-logs\1.19.0-alpha\opentelemetry-api-logs-1.19.0-alpha.jar;C:\Users\VICTUS\.m2\repository\io\opentelemetry\opentelemetry-sdk-common\1.19.0\opentelemetry-sdk-common-1.19.0.jar;C:\Users\VICTUS\.m2\repository\io\opentelemetry\opentelemetry-sdk-extension-autoconfigure-spi\1.19.0\opentelemetry-sdk-extension-autoconfigure-spi-1.19.0.jar;C:\Users\VICTUS\.m2\repository\io\opentelemetry\opentelemetry-sdk-extension-autoconfigure\1.19.0-alpha\opentelemetry-sdk-extension-autoconfigure-1.19.0-alpha.jar;C:\Users\VICTUS\.m2\repository\io\opentelemetry\opentelemetry-exporter-common\1.19.0\opentelemetry-exporter-common-1.19.0.jar;C:\Users\VICTUS\.m2\repository\io\opentelemetry\opentelemetry-sdk-trace\1.19.0\opentelemetry-sdk-trace-1.19.0.jar;C:\Users\VICTUS\.m2\repository\io\opentelemetry\opentelemetry-sdk\1.19.0\opentelemetry-sdk-1.19.0.jar;C:\Users\VICTUS\.m2\repository\io\opentelemetry\opentelemetry-semconv\1.19.0-alpha\opentelemetry-semconv-1.19.0-alpha.jar;C:\Users\VICTUS\.m2\repository\io\ous\jtoml\2.0.0\jtoml-2.0.0.jar;C:\Users\VICTUS\.m2\repository\org\apache\commons\commons-exec\1.3\commons-exec-1.3.jar;C:\Users\VICTUS\.m2\repository\org\asynchttpclient\async-http-client\2.12.3\async-http-client-2.12.3.jar;C:\Users\VICTUS\.m2\repository\org\asynchttpclient\async-http-client-netty-utils\2.12.3\async-http-client-netty-utils-2.12.3.jar;C:\Users\VICTUS\.m2\repository\io\netty\netty-codec-socks\4.1.60.Final\netty-codec-socks-4.1.60.Final.jar;C:\Users\VICTUS\.m2\repository\io\netty\netty-handler-proxy\4.1.60.Final\netty-handler-proxy-4.1.60.Final.jar;C:\Users\VICTUS\.m2\repository\io\netty\netty-transport-native-epoll\4.1.60.Final\netty-transport-native-epoll-4.1.60.Final-linux-x86_64.jar;C:\Users\VICTUS\.m2\repository\io\netty\netty-transport-native-kqueue\4.1.60.Final\netty-transport-native-kqueue-4.1.60.Final-osx-x86_64.jar;C:\Users\VICTUS\.m2\repository\org\reactivestreams\reactive-streams\1.0.3\reactive-streams-1.0.3.jar;C:\Users\VICTUS\.m2\repository\com\typesafe\netty\netty-reactive-streams\2.0.4\netty-reactive-streams-2.0.4.jar;C:\Users\VICTUS\.m2\repository\org\seleniumhq\selenium\selenium-manager\4.7.1\selenium-manager-4.7.1.jar;C:\Users\VICTUS\.m2\repository\org\seleniumhq\selenium\selenium-safari-driver\4.7.1\selenium-safari-driver-4.7.1.jar;C:\Users\VICTUS\.m2\repository\org\seleniumhq\selenium\selenium-api\4.7.1\selenium-api-4.7.1.jar;C:\Users\VICTUS\.m2\repository\org\seleniumhq\selenium\selenium-support\4.7.1\selenium-support-4.7.1.jar;C:\Users\VICTUS\.m2\repository\com\google\auto\service\auto-service-annotations\1.0.1\auto-service-annotations-1.0.1.jar;C:\Users\VICTUS\.m2\repository\com\google\auto\service\auto-service\1.0.1\auto-service-1.0.1.jar;C:\Users\VICTUS\.m2\repository\com\google\auto\auto-common\1.2\auto-common-1.2.jar;C:\Users\VICTUS\.m2\repository\org\seleniumhq\selenium\selenium-json\4.7.1\selenium-json-4.7.1.jar;C:\Users\VICTUS\.m2\repository\org\seleniumhq\selenium\selenium-chrome-driver\4.7.1\selenium-chrome-driver-4.7.1.jar;C:\Users\VICTUS\.m2\repository\org\seleniumhq\selenium\selenium-chromium-driver\4.7.1\selenium-chromium-driver-4.7.1.jar;C:\Users\VICTUS\.m2\repository\org\seleniumhq\selenium\selenium-firefox-driver\4.7.1\selenium-firefox-driver-4.7.1.jar;C:\Users\VICTUS\.m2\repository\org\seleniumhq\selenium\selenium-http\4.7.1\selenium-http-4.7.1.jar;C:\Users\VICTUS\.m2\repository\dev\failsafe\failsafe\3.3.0\failsafe-3.3.0.jar;C:\Users\VICTUS\.m2\repository\org\seleniumhq\selenium\selenium-edge-driver\4.7.1\selenium-edge-driver-4.7.1.jar;C:\Users\VICTUS\.m2\repository\org\seleniumhq\selenium\selenium-ie-driver\4.7.1\selenium-ie-driver-4.7.1.jar;C:\Users\VICTUS\.m2\repository\org\projectlombok\lombok\1.18.20\lombok-1.18.20.jar;C:\Users\VICTUS\.m2\repository\io\appium\java-client\8.3.0\java-client-8.3.0.jar;C:\Users\VICTUS\.m2\repository\commons-validator\commons-validator\1.7\commons-validator-1.7.jar;C:\Users\VICTUS\.m2\repository\commons-digester\commons-digester\2.1\commons-digester-2.1.jar;C:\Users\VICTUS\.m2\repository\org\apache\groovy\groovy\4.0.6\groovy-4.0.6.jar;C:\Users\VICTUS\.m2\repository\net\sf\opencsv\opencsv\2.0\opencsv-2.0.jar;C:\Users\VICTUS\.m2\repository\commons-beanutils\commons-beanutils\1.9.4\commons-beanutils-1.9.4.jar;C:\Users\VICTUS\.m2\repository\org\apache\commons\commons-lang3\3.12.0\commons-lang3-3.12.0.jar;C:\Users\VICTUS\.m2\repository\commons-collections\commons-collections\3.2.2\commons-collections-3.2.2.jar;C:\Users\VICTUS\.m2\repository\org\fluentlenium\fluentlenium-core\0.10.2\fluentlenium-core-0.10.2.jar;C:\Users\VICTUS\.m2\repository\io\github\bonigarcia\webdrivermanager\5.3.0\webdrivermanager-5.3.0.jar;C:\Users\VICTUS\.m2\repository\com\github\docker-java\docker-java\3.2.13\docker-java-3.2.13.jar;C:\Users\VICTUS\.m2\repository\com\github\docker-java\docker-java-core\3.2.13\docker-java-core-3.2.13.jar;C:\Users\VICTUS\.m2\repository\com\github\docker-java\docker-java-api\3.2.13\docker-java-api-3.2.13.jar;C:\Users\VICTUS\.m2\repository\org\apache\commons\commons-compress\1.21\commons-compress-1.21.jar;C:\Users\VICTUS\.m2\repository\org\bouncycastle\bcpkix-jdk15on\1.64\bcpkix-jdk15on-1.64.jar;C:\Users\VICTUS\.m2\repository\org\bouncycastle\bcprov-jdk15on\1.64\bcprov-jdk15on-1.64.jar;C:\Users\VICTUS\.m2\repository\org\slf4j\jcl-over-slf4j\1.7.30\jcl-over-slf4j-1.7.30.jar;C:\Users\VICTUS\.m2\repository\com\github\docker-java\docker-java-transport-httpclient5\3.2.13\docker-java-transport-httpclient5-3.2.13.jar;C:\Users\VICTUS\.m2\repository\com\github\docker-java\docker-java-transport\3.2.13\docker-java-transport-3.2.13.jar;C:\Users\VICTUS\.m2\repository\net\java\dev\jna\jna\5.8.0\jna-5.8.0.jar;C:\Users\VICTUS\.m2\repository\org\brotli\dec\0.1.2\dec-0.1.2.jar;C:\Users\VICTUS\.m2\repository\org\apache\httpcomponents\client5\httpclient5\5.1.3\httpclient5-5.1.3.jar;C:\Users\VICTUS\.m2\repository\org\apache\httpcomponents\core5\httpcore5\5.1.3\httpcore5-5.1.3.jar;C:\Users\VICTUS\.m2\repository\org\apache\httpcomponents\core5\httpcore5-h2\5.1.3\httpcore5-h2-5.1.3.jar;C:\Users\VICTUS\.m2\repository\com\jhlabs\filters\2.0.235\filters-2.0.235.jar;C:\Users\VICTUS\.m2\repository\com\paulhammant\ngwebdriver\1.1.6\ngwebdriver-1.1.6.jar;C:\Users\VICTUS\.m2\repository\joda-time\joda-time\2.8.2\joda-time-2.8.2.jar;C:\Users\VICTUS\.m2\repository\org\hamcrest\hamcrest\2.2\hamcrest-2.2.jar;C:\Users\VICTUS\.m2\repository\com\google\jimfs\jimfs\1.2\jimfs-1.2.jar;C:\Users\VICTUS\.m2\repository\org\mockito\mockito-core\3.3.3\mockito-core-3.3.3.jar;C:\Users\VICTUS\.m2\repository\javax\xml\bind\jaxb-api\2.3.1\jaxb-api-2.3.1.jar;C:\Users\VICTUS\.m2\repository\javax\activation\javax.activation-api\1.2.0\javax.activation-api-1.2.0.jar;C:\Users\VICTUS\.m2\repository\com\sun\xml\bind\jaxb-core\2.3.0.1\jaxb-core-2.3.0.1.jar;C:\Users\VICTUS\.m2\repository\com\sun\xml\bind\jaxb-impl\2.3.3\jaxb-impl-2.3.3.jar;C:\Users\VICTUS\.m2\repository\jakarta\xml\bind\jakarta.xml.bind-api\2.3.3\jakarta.xml.bind-api-2.3.3.jar;C:\Users\VICTUS\.m2\repository\com\sun\activation\jakarta.activation\1.2.2\jakarta.activation-1.2.2.jar;C:\Users\VICTUS\.m2\repository\javax\activation\activation\1.1.1\activation-1.1.1.jar;C:\Users\VICTUS\.m2\repository\net\serenity-bdd\serenity-rest-assured\3.5.1\serenity-rest-assured-3.5.1.jar;C:\Users\VICTUS\.m2\repository\io\rest-assured\rest-assured\5.2.0\rest-assured-5.2.0.jar;C:\Users\VICTUS\.m2\repository\org\apache\httpcomponents\httpmime\4.5.13\httpmime-4.5.13.jar;C:\Users\VICTUS\.m2\repository\org\ccil\cowan\tagsoup\tagsoup\1.2.1\tagsoup-1.2.1.jar;C:\Users\VICTUS\.m2\repository\io\rest-assured\json-path\5.2.0\json-path-5.2.0.jar;C:\Users\VICTUS\.m2\repository\io\rest-assured\rest-assured-common\5.2.0\rest-assured-common-5.2.0.jar;C:\Users\VICTUS\.m2\repository\io\rest-assured\xml-path\5.2.0\xml-path-5.2.0.jar;C:\Users\VICTUS\.m2\repository\org\apache\groovy\groovy-json\4.0.6\groovy-json-4.0.6.jar;C:\Users\VICTUS\.m2\repository\org\apache\groovy\groovy-xml\4.0.6\groovy-xml-4.0.6.jar;C:\Users\VICTUS\.m2\repository\org\opentest4j\opentest4j\1.2.0\opentest4j-1.2.0.jar;C:\Users\VICTUS\.m2\repository\net\serenity-bdd\serenity-cucumber\3.5.1\serenity-cucumber-3.5.1.jar;C:\Users\VICTUS\.m2\repository\io\cucumber\cucumber-core\7.8.1\cucumber-core-7.8.1.jar;C:\Users\VICTUS\.m2\repository\io\cucumber\cucumber-gherkin\7.8.1\cucumber-gherkin-7.8.1.jar;C:\Users\VICTUS\.m2\repository\io\cucumber\cucumber-gherkin-messages\7.8.1\cucumber-gherkin-messages-7.8.1.jar;C:\Users\VICTUS\.m2\repository\io\cucumber\gherkin\24.0.0\gherkin-24.0.0.jar;C:\Users\VICTUS\.m2\repository\io\cucumber\messages\19.1.4\messages-19.1.4.jar;C:\Users\VICTUS\.m2\repository\io\cucumber\tag-expressions\4.1.0\tag-expressions-4.1.0.jar;C:\Users\VICTUS\.m2\repository\io\cucumber\cucumber-expressions\16.0.0\cucumber-expressions-16.0.0.jar;C:\Users\VICTUS\.m2\repository\io\cucumber\datatable\7.8.1\datatable-7.8.1.jar;C:\Users\VICTUS\.m2\repository\io\cucumber\cucumber-plugin\7.8.1\cucumber-plugin-7.8.1.jar;C:\Users\VICTUS\.m2\repository\io\cucumber\docstring\7.8.1\docstring-7.8.1.jar;C:\Users\VICTUS\.m2\repository\io\cucumber\html-formatter\20.1.0\html-formatter-20.1.0.jar;C:\Users\VICTUS\.m2\repository\io\cucumber\ci-environment\9.1.0\ci-environment-9.1.0.jar;C:\Users\VICTUS\.m2\repository\io\cucumber\cucumber-java\7.8.1\cucumber-java-7.8.1.jar;C:\Users\VICTUS\.m2\repository\io\cucumber\cucumber-junit\7.8.1\cucumber-junit-7.8.1.jar;C:\Users\VICTUS\.m2\repository\org\apache\commons\commons-csv\1.5\commons-csv-1.5.jar;C:\Users\VICTUS\.m2\repository\net\serenity-bdd\serenity-screenplay\3.5.1\serenity-screenplay-3.5.1.jar;C:\Users\VICTUS\.m2\repository\net\serenity-bdd\serenity-screenplay-webdriver\3.5.1\serenity-screenplay-webdriver-3.5.1.jar;C:\Users\VICTUS\.m2\repository\net\serenity-bdd\serenity-ensure\3.5.1\serenity-ensure-3.5.1.jar;C:\Users\VICTUS\.m2\repository\net\serenity-bdd\serenity-junit\3.5.1\serenity-junit-3.5.1.jar;C:\Users\VICTUS\.m2\repository\org\jetbrains\kotlin\kotlin-stdlib\1.7.21\kotlin-stdlib-1.7.21.jar;C:\Users\VICTUS\.m2\repository\org\jetbrains\kotlin\kotlin-stdlib-common\1.7.21\kotlin-stdlib-common-1.7.21.jar;C:\Users\VICTUS\.m2\repository\org\jetbrains\annotations\13.0\annotations-13.0.jar;C:\Users\VICTUS\.m2\repository\org\junit\platform\junit-platform-launcher\1.8.2\junit-platform-launcher-1.8.2.jar;C:\Users\VICTUS\.m2\repository\org\junit\platform\junit-platform-engine\1.8.2\junit-platform-engine-1.8.2.jar;C:\Users\VICTUS\.m2\repository\org\junit\platform\junit-platform-commons\1.8.2\junit-platform-commons-1.8.2.jar;C:\Users\VICTUS\.m2\repository\org\apiguardian\apiguardian-api\1.1.2\apiguardian-api-1.1.2.jar;C:\Users\VICTUS\.m2\repository\org\junit\jupiter\junit-jupiter-engine\5.8.2\junit-jupiter-engine-5.8.2.jar;C:\Users\VICTUS\.m2\repository\org\junit\jupiter\junit-jupiter-api\5.8.2\junit-jupiter-api-5.8.2.jar;C:\Users\VICTUS\.m2\repository\org\junit\vintage\junit-vintage-engine\5.8.2\junit-vintage-engine-5.8.2.jar;C:\Users\VICTUS\.m2\repository\junit\junit\4.13.2\junit-4.13.2.jar;C:\Users\VICTUS\.m2\repository\org\hamcrest\hamcrest-core\1.3\hamcrest-core-1.3.jar;C:\Users\VICTUS\.m2\repository\ch\qos\logback\logback-classic\1.2.10\logback-classic-1.2.10.jar;C:\Users\VICTUS\.m2\repository\ch\qos\logback\logback-core\1.2.10\logback-core-1.2.10.jar;C:\Users\VICTUS\.m2\repository\org\slf4j\slf4j-api\1.7.32\slf4j-api-1.7.32.jar;C:\Users\VICTUS\.m2\repository\org\assertj\assertj-core\3.23.1\assertj-core-3.23.1.jar;C:\Users\VICTUS\.m2\repository\net\bytebuddy\byte-buddy\1.12.10\byte-buddy-1.12.10.jar;C:\Users\VICTUS\.m2\repository\com\googlecode\json-simple\json-simple\1.1.1\json-simple-1.1.1.jar;"/>
    <property name="java.vm.vendor" value="Oracle Corporation"/>
    <property name="sun.arch.data.model" value="64"/>
    <property name="user.variant" value=""/>
    <property name="java.vendor.url" value="https://java.oracle.com/"/>
    <property name="user.timezone" value="Asia/Jakarta"/>
    <property name="os.name" value="Windows 11"/>
    <property name="java.vm.specification.version" value="17"/>
    <property name="sun.java.launcher" value="SUN_STANDARD"/>
    <property name="user.country" value="ID"/>
    <property name="sun.boot.library.path" value="C:\Program Files\Java\jdk-17.0.3.1\bin"/>
    <property name="sun.java.command" value="org.apache.maven.surefire.booter.ForkedBooter C:\Users\VICTUS\AppData\Local\Temp\surefire2685539468742772877 2023-05-09T17-04-51_761-jvmRun1 surefire14424456224070365260tmp surefire_017497403067807735343tmp"/>
    <property name="jdk.debug" value="release"/>
    <property name="surefire.test.class.path" value="C:\Users\VICTUS\IdeaProjects\RestAssuredMiniProject\target\test-classes;C:\Users\VICTUS\.m2\repository\net\serenity-bdd\serenity-core\3.5.1\serenity-core-3.5.1.jar;C:\Users\VICTUS\.m2\repository\net\serenity-bdd\serenity-model\3.5.1\serenity-model-3.5.1.jar;C:\Users\VICTUS\.m2\repository\org\apache\commons\commons-text\1.10.0\commons-text-1.10.0.jar;C:\Users\VICTUS\.m2\repository\commons-net\commons-net\3.8.0\commons-net-3.8.0.jar;C:\Users\VICTUS\.m2\repository\com\google\guava\guava\31.1-jre\guava-31.1-jre.jar;C:\Users\VICTUS\.m2\repository\com\google\guava\failureaccess\1.0.1\failureaccess-1.0.1.jar;C:\Users\VICTUS\.m2\repository\com\google\guava\listenablefuture\9999.0-empty-to-avoid-conflict-with-guava\listenablefuture-9999.0-empty-to-avoid-conflict-with-guava.jar;C:\Users\VICTUS\.m2\repository\com\google\code\findbugs\jsr305\3.0.2\jsr305-3.0.2.jar;C:\Users\VICTUS\.m2\repository\org\checkerframework\checker-qual\3.12.0\checker-qual-3.12.0.jar;C:\Users\VICTUS\.m2\repository\com\google\errorprone\error_prone_annotations\2.11.0\error_prone_annotations-2.11.0.jar;C:\Users\VICTUS\.m2\repository\com\google\j2objc\j2objc-annotations\1.3\j2objc-annotations-1.3.jar;C:\Users\VICTUS\.m2\repository\com\google\inject\guice\5.1.0\guice-5.1.0.jar;C:\Users\VICTUS\.m2\repository\javax\inject\javax.inject\1\javax.inject-1.jar;C:\Users\VICTUS\.m2\repository\aopalliance\aopalliance\1.0\aopalliance-1.0.jar;C:\Users\VICTUS\.m2\repository\org\jsoup\jsoup\1.14.3\jsoup-1.14.3.jar;C:\Users\VICTUS\.m2\repository\com\thoughtworks\xstream\xstream\1.4.19\xstream-1.4.19.jar;C:\Users\VICTUS\.m2\repository\io\github\x-stream\mxparser\1.2.2\mxparser-1.2.2.jar;C:\Users\VICTUS\.m2\repository\xmlpull\xmlpull\1.1.3.1\xmlpull-1.1.3.1.jar;C:\Users\VICTUS\.m2\repository\com\typesafe\config\1.4.2\config-1.4.2.jar;C:\Users\VICTUS\.m2\repository\org\imgscalr\imgscalr-lib\4.2\imgscalr-lib-4.2.jar;C:\Users\VICTUS\.m2\repository\org\awaitility\awaitility\4.2.0\awaitility-4.2.0.jar;C:\Users\VICTUS\.m2\repository\org\freemarker\freemarker\2.3.31\freemarker-2.3.31.jar;C:\Users\VICTUS\.m2\repository\io\github\classgraph\classgraph\4.8.138\classgraph-4.8.138.jar;C:\Users\VICTUS\.m2\repository\net\sourceforge\jexcelapi\jxl\2.6.12\jxl-2.6.12.jar;C:\Users\VICTUS\.m2\repository\net\bytebuddy\byte-buddy-agent\1.12.18\byte-buddy-agent-1.12.18.jar;C:\Users\VICTUS\.m2\repository\org\objenesis\objenesis\3.1\objenesis-3.1.jar;C:\Users\VICTUS\.m2\repository\net\serenity-bdd\serenity-reports\3.5.1\serenity-reports-3.5.1.jar;C:\Users\VICTUS\.m2\repository\net\serenity-bdd\serenity-stats\3.5.1\serenity-stats-3.5.1.jar;C:\Users\VICTUS\.m2\repository\net\serenity-bdd\serenity-reports-configuration\3.5.1\serenity-reports-configuration-3.5.1.jar;C:\Users\VICTUS\.m2\repository\com\vladsch\flexmark\flexmark-all\0.34.30\flexmark-all-0.34.30.jar;C:\Users\VICTUS\.m2\repository\com\vladsch\flexmark\flexmark\0.34.30\flexmark-0.34.30.jar;C:\Users\VICTUS\.m2\repository\com\vladsch\flexmark\flexmark-ext-abbreviation\0.34.30\flexmark-ext-abbreviation-0.34.30.jar;C:\Users\VICTUS\.m2\repository\com\vladsch\flexmark\flexmark-ext-admonition\0.34.30\flexmark-ext-admonition-0.34.30.jar;C:\Users\VICTUS\.m2\repository\com\vladsch\flexmark\flexmark-ext-anchorlink\0.34.30\flexmark-ext-anchorlink-0.34.30.jar;C:\Users\VICTUS\.m2\repository\com\vladsch\flexmark\flexmark-ext-aside\0.34.30\flexmark-ext-aside-0.34.30.jar;C:\Users\VICTUS\.m2\repository\com\vladsch\flexmark\flexmark-ext-attributes\0.34.30\flexmark-ext-attributes-0.34.30.jar;C:\Users\VICTUS\.m2\repository\com\vladsch\flexmark\flexmark-ext-autolink\0.34.30\flexmark-ext-autolink-0.34.30.jar;C:\Users\VICTUS\.m2\repository\org\nibor\autolink\autolink\0.6.0\autolink-0.6.0.jar;C:\Users\VICTUS\.m2\repository\com\vladsch\flexmark\flexmark-ext-definition\0.34.30\flexmark-ext-definition-0.34.30.jar;C:\Users\VICTUS\.m2\repository\com\vladsch\flexmark\flexmark-ext-emoji\0.34.30\flexmark-ext-emoji-0.34.30.jar;C:\Users\VICTUS\.m2\repository\com\vladsch\flexmark\flexmark-ext-enumerated-reference\0.34.30\flexmark-ext-enumerated-reference-0.34.30.jar;C:\Users\VICTUS\.m2\repository\com\vladsch\flexmark\flexmark-ext-escaped-character\0.34.30\flexmark-ext-escaped-character-0.34.30.jar;C:\Users\VICTUS\.m2\repository\com\vladsch\flexmark\flexmark-ext-footnotes\0.34.30\flexmark-ext-footnotes-0.34.30.jar;C:\Users\VICTUS\.m2\repository\com\vladsch\flexmark\flexmark-ext-gfm-issues\0.34.30\flexmark-ext-gfm-issues-0.34.30.jar;C:\Users\VICTUS\.m2\repository\com\vladsch\flexmark\flexmark-ext-gfm-strikethrough\0.34.30\flexmark-ext-gfm-strikethrough-0.34.30.jar;C:\Users\VICTUS\.m2\repository\com\vladsch\flexmark\flexmark-ext-gfm-tables\0.34.30\flexmark-ext-gfm-tables-0.34.30.jar;C:\Users\VICTUS\.m2\repository\com\vladsch\flexmark\flexmark-ext-gfm-tasklist\0.34.30\flexmark-ext-gfm-tasklist-0.34.30.jar;C:\Users\VICTUS\.m2\repository\com\vladsch\flexmark\flexmark-ext-gfm-users\0.34.30\flexmark-ext-gfm-users-0.34.30.jar;C:\Users\VICTUS\.m2\repository\com\vladsch\flexmark\flexmark-ext-gitlab\0.34.30\flexmark-ext-gitlab-0.34.30.jar;C:\Users\VICTUS\.m2\repository\com\vladsch\flexmark\flexmark-ext-jekyll-front-matter\0.34.30\flexmark-ext-jekyll-front-matter-0.34.30.jar;C:\Users\VICTUS\.m2\repository\com\vladsch\flexmark\flexmark-ext-jekyll-tag\0.34.30\flexmark-ext-jekyll-tag-0.34.30.jar;C:\Users\VICTUS\.m2\repository\com\vladsch\flexmark\flexmark-ext-media-tags\0.34.30\flexmark-ext-media-tags-0.34.30.jar;C:\Users\VICTUS\.m2\repository\com\vladsch\flexmark\flexmark-test-util\0.34.30\flexmark-test-util-0.34.30.jar;C:\Users\VICTUS\.m2\repository\com\vladsch\flexmark\flexmark-ext-ins\0.34.30\flexmark-ext-ins-0.34.30.jar;C:\Users\VICTUS\.m2\repository\com\vladsch\flexmark\flexmark-ext-xwiki-macros\0.34.30\flexmark-ext-xwiki-macros-0.34.30.jar;C:\Users\VICTUS\.m2\repository\com\vladsch\flexmark\flexmark-ext-superscript\0.34.30\flexmark-ext-superscript-0.34.30.jar;C:\Users\VICTUS\.m2\repository\com\vladsch\flexmark\flexmark-ext-tables\0.34.30\flexmark-ext-tables-0.34.30.jar;C:\Users\VICTUS\.m2\repository\com\vladsch\flexmark\flexmark-ext-toc\0.34.30\flexmark-ext-toc-0.34.30.jar;C:\Users\VICTUS\.m2\repository\com\vladsch\flexmark\flexmark-ext-typographic\0.34.30\flexmark-ext-typographic-0.34.30.jar;C:\Users\VICTUS\.m2\repository\com\vladsch\flexmark\flexmark-ext-wikilink\0.34.30\flexmark-ext-wikilink-0.34.30.jar;C:\Users\VICTUS\.m2\repository\com\vladsch\flexmark\flexmark-ext-yaml-front-matter\0.34.30\flexmark-ext-yaml-front-matter-0.34.30.jar;C:\Users\VICTUS\.m2\repository\com\vladsch\flexmark\flexmark-ext-youtube-embedded\0.34.30\flexmark-ext-youtube-embedded-0.34.30.jar;C:\Users\VICTUS\.m2\repository\com\vladsch\flexmark\flexmark-formatter\0.34.30\flexmark-formatter-0.34.30.jar;C:\Users\VICTUS\.m2\repository\com\vladsch\flexmark\flexmark-html-parser\0.34.30\flexmark-html-parser-0.34.30.jar;C:\Users\VICTUS\.m2\repository\com\vladsch\flexmark\flexmark-jira-converter\0.34.30\flexmark-jira-converter-0.34.30.jar;C:\Users\VICTUS\.m2\repository\com\vladsch\flexmark\flexmark-pdf-converter\0.34.30\flexmark-pdf-converter-0.34.30.jar;C:\Users\VICTUS\.m2\repository\com\openhtmltopdf\openhtmltopdf-core\0.0.1-RC13\openhtmltopdf-core-0.0.1-RC13.jar;C:\Users\VICTUS\.m2\repository\com\openhtmltopdf\openhtmltopdf-pdfbox\0.0.1-RC13\openhtmltopdf-pdfbox-0.0.1-RC13.jar;C:\Users\VICTUS\.m2\repository\org\apache\pdfbox\pdfbox\2.0.8\pdfbox-2.0.8.jar;C:\Users\VICTUS\.m2\repository\org\apache\pdfbox\fontbox\2.0.8\fontbox-2.0.8.jar;C:\Users\VICTUS\.m2\repository\org\apache\pdfbox\xmpbox\2.0.8\xmpbox-2.0.8.jar;C:\Users\VICTUS\.m2\repository\de\rototor\pdfbox\graphics2d\0.12\graphics2d-0.12.jar;C:\Users\VICTUS\.m2\repository\com\openhtmltopdf\openhtmltopdf-rtl-support\0.0.1-RC13\openhtmltopdf-rtl-support-0.0.1-RC13.jar;C:\Users\VICTUS\.m2\repository\com\ibm\icu\icu4j\59.1\icu4j-59.1.jar;C:\Users\VICTUS\.m2\repository\com\openhtmltopdf\openhtmltopdf-jsoup-dom-converter\0.0.1-RC13\openhtmltopdf-jsoup-dom-converter-0.0.1-RC13.jar;C:\Users\VICTUS\.m2\repository\com\vladsch\flexmark\flexmark-profile-pegdown\0.34.30\flexmark-profile-pegdown-0.34.30.jar;C:\Users\VICTUS\.m2\repository\com\vladsch\flexmark\flexmark-util\0.34.30\flexmark-util-0.34.30.jar;C:\Users\VICTUS\.m2\repository\com\vladsch\flexmark\flexmark-youtrack-converter\0.34.30\flexmark-youtrack-converter-0.34.30.jar;C:\Users\VICTUS\.m2\repository\es\nitaur\markdown\txtmark\0.16\txtmark-0.16.jar;C:\Users\VICTUS\.m2\repository\net\serenity-bdd\serenity-report-resources\3.5.1\serenity-report-resources-3.5.1.jar;C:\Users\VICTUS\.m2\repository\com\google\code\gson\gson\2.9.0\gson-2.9.0.jar;C:\Users\VICTUS\.m2\repository\com\fasterxml\jackson\core\jackson-core\2.13.4\jackson-core-2.13.4.jar;C:\Users\VICTUS\.m2\repository\com\fasterxml\jackson\core\jackson-databind\2.13.4\jackson-databind-2.13.4.jar;C:\Users\VICTUS\.m2\repository\com\fasterxml\jackson\core\jackson-annotations\2.13.4\jackson-annotations-2.13.4.jar;C:\Users\VICTUS\.m2\repository\commons-codec\commons-codec\1.15\commons-codec-1.15.jar;C:\Users\VICTUS\.m2\repository\commons-io\commons-io\2.11.0\commons-io-2.11.0.jar;C:\Users\VICTUS\.m2\repository\org\apache\httpcomponents\httpclient\4.5.13\httpclient-4.5.13.jar;C:\Users\VICTUS\.m2\repository\org\apache\httpcomponents\httpcore\4.4.13\httpcore-4.4.13.jar;C:\Users\VICTUS\.m2\repository\commons-logging\commons-logging\1.2\commons-logging-1.2.jar;C:\Users\VICTUS\.m2\repository\org\seleniumhq\selenium\selenium-java\4.7.1\selenium-java-4.7.1.jar;C:\Users\VICTUS\.m2\repository\org\seleniumhq\selenium\selenium-devtools-v106\4.7.1\selenium-devtools-v106-4.7.1.jar;C:\Users\VICTUS\.m2\repository\org\seleniumhq\selenium\selenium-devtools-v107\4.7.1\selenium-devtools-v107-4.7.1.jar;C:\Users\VICTUS\.m2\repository\org\seleniumhq\selenium\selenium-devtools-v108\4.7.1\selenium-devtools-v108-4.7.1.jar;C:\Users\VICTUS\.m2\repository\org\seleniumhq\selenium\selenium-devtools-v85\4.7.1\selenium-devtools-v85-4.7.1.jar;C:\Users\VICTUS\.m2\repository\org\seleniumhq\selenium\selenium-remote-driver\4.7.1\selenium-remote-driver-4.7.1.jar;C:\Users\VICTUS\.m2\repository\com\beust\jcommander\1.82\jcommander-1.82.jar;C:\Users\VICTUS\.m2\repository\io\netty\netty-buffer\4.1.84.Final\netty-buffer-4.1.84.Final.jar;C:\Users\VICTUS\.m2\repository\io\netty\netty-codec-http\4.1.84.Final\netty-codec-http-4.1.84.Final.jar;C:\Users\VICTUS\.m2\repository\io\netty\netty-codec\4.1.84.Final\netty-codec-4.1.84.Final.jar;C:\Users\VICTUS\.m2\repository\io\netty\netty-handler\4.1.84.Final\netty-handler-4.1.84.Final.jar;C:\Users\VICTUS\.m2\repository\io\netty\netty-common\4.1.84.Final\netty-common-4.1.84.Final.jar;C:\Users\VICTUS\.m2\repository\io\netty\netty-transport-classes-epoll\4.1.84.Final\netty-transport-classes-epoll-4.1.84.Final.jar;C:\Users\VICTUS\.m2\repository\io\netty\netty-transport-classes-kqueue\4.1.84.Final\netty-transport-classes-kqueue-4.1.84.Final.jar;C:\Users\VICTUS\.m2\repository\io\netty\netty-transport-native-epoll\4.1.84.Final\netty-transport-native-epoll-4.1.84.Final.jar;C:\Users\VICTUS\.m2\repository\io\netty\netty-transport-native-kqueue\4.1.84.Final\netty-transport-native-kqueue-4.1.84.Final.jar;C:\Users\VICTUS\.m2\repository\io\netty\netty-transport-native-unix-common\4.1.84.Final\netty-transport-native-unix-common-4.1.84.Final.jar;C:\Users\VICTUS\.m2\repository\io\netty\netty-transport\4.1.84.Final\netty-transport-4.1.84.Final.jar;C:\Users\VICTUS\.m2\repository\io\netty\netty-resolver\4.1.84.Final\netty-resolver-4.1.84.Final.jar;C:\Users\VICTUS\.m2\repository\io\opentelemetry\opentelemetry-api\1.19.0\opentelemetry-api-1.19.0.jar;C:\Users\VICTUS\.m2\repository\io\opentelemetry\opentelemetry-context\1.19.0\opentelemetry-context-1.19.0.jar;C:\Users\VICTUS\.m2\repository\io\opentelemetry\opentelemetry-exporter-logging\1.19.0\opentelemetry-exporter-logging-1.19.0.jar;C:\Users\VICTUS\.m2\repository\io\opentelemetry\opentelemetry-sdk-metrics\1.19.0\opentelemetry-sdk-metrics-1.19.0.jar;C:\Users\VICTUS\.m2\repository\io\opentelemetry\opentelemetry-sdk-logs\1.19.0-alpha\opentelemetry-sdk-logs-1.19.0-alpha.jar;C:\Users\VICTUS\.m2\repository\io\opentelemetry\opentelemetry-api-logs\1.19.0-alpha\opentelemetry-api-logs-1.19.0-alpha.jar;C:\Users\VICTUS\.m2\repository\io\opentelemetry\opentelemetry-sdk-common\1.19.0\opentelemetry-sdk-common-1.19.0.jar;C:\Users\VICTUS\.m2\repository\io\opentelemetry\opentelemetry-sdk-extension-autoconfigure-spi\1.19.0\opentelemetry-sdk-extension-autoconfigure-spi-1.19.0.jar;C:\Users\VICTUS\.m2\repository\io\opentelemetry\opentelemetry-sdk-extension-autoconfigure\1.19.0-alpha\opentelemetry-sdk-extension-autoconfigure-1.19.0-alpha.jar;C:\Users\VICTUS\.m2\repository\io\opentelemetry\opentelemetry-exporter-common\1.19.0\opentelemetry-exporter-common-1.19.0.jar;C:\Users\VICTUS\.m2\repository\io\opentelemetry\opentelemetry-sdk-trace\1.19.0\opentelemetry-sdk-trace-1.19.0.jar;C:\Users\VICTUS\.m2\repository\io\opentelemetry\opentelemetry-sdk\1.19.0\opentelemetry-sdk-1.19.0.jar;C:\Users\VICTUS\.m2\repository\io\opentelemetry\opentelemetry-semconv\1.19.0-alpha\opentelemetry-semconv-1.19.0-alpha.jar;C:\Users\VICTUS\.m2\repository\io\ous\jtoml\2.0.0\jtoml-2.0.0.jar;C:\Users\VICTUS\.m2\repository\org\apache\commons\commons-exec\1.3\commons-exec-1.3.jar;C:\Users\VICTUS\.m2\repository\org\asynchttpclient\async-http-client\2.12.3\async-http-client-2.12.3.jar;C:\Users\VICTUS\.m2\repository\org\asynchttpclient\async-http-client-netty-utils\2.12.3\async-http-client-netty-utils-2.12.3.jar;C:\Users\VICTUS\.m2\repository\io\netty\netty-codec-socks\4.1.60.Final\netty-codec-socks-4.1.60.Final.jar;C:\Users\VICTUS\.m2\repository\io\netty\netty-handler-proxy\4.1.60.Final\netty-handler-proxy-4.1.60.Final.jar;C:\Users\VICTUS\.m2\repository\io\netty\netty-transport-native-epoll\4.1.60.Final\netty-transport-native-epoll-4.1.60.Final-linux-x86_64.jar;C:\Users\VICTUS\.m2\repository\io\netty\netty-transport-native-kqueue\4.1.60.Final\netty-transport-native-kqueue-4.1.60.Final-osx-x86_64.jar;C:\Users\VICTUS\.m2\repository\org\reactivestreams\reactive-streams\1.0.3\reactive-streams-1.0.3.jar;C:\Users\VICTUS\.m2\repository\com\typesafe\netty\netty-reactive-streams\2.0.4\netty-reactive-streams-2.0.4.jar;C:\Users\VICTUS\.m2\repository\org\seleniumhq\selenium\selenium-manager\4.7.1\selenium-manager-4.7.1.jar;C:\Users\VICTUS\.m2\repository\org\seleniumhq\selenium\selenium-safari-driver\4.7.1\selenium-safari-driver-4.7.1.jar;C:\Users\VICTUS\.m2\repository\org\seleniumhq\selenium\selenium-api\4.7.1\selenium-api-4.7.1.jar;C:\Users\VICTUS\.m2\repository\org\seleniumhq\selenium\selenium-support\4.7.1\selenium-support-4.7.1.jar;C:\Users\VICTUS\.m2\repository\com\google\auto\service\auto-service-annotations\1.0.1\auto-service-annotations-1.0.1.jar;C:\Users\VICTUS\.m2\repository\com\google\auto\service\auto-service\1.0.1\auto-service-1.0.1.jar;C:\Users\VICTUS\.m2\repository\com\google\auto\auto-common\1.2\auto-common-1.2.jar;C:\Users\VICTUS\.m2\repository\org\seleniumhq\selenium\selenium-json\4.7.1\selenium-json-4.7.1.jar;C:\Users\VICTUS\.m2\repository\org\seleniumhq\selenium\selenium-chrome-driver\4.7.1\selenium-chrome-driver-4.7.1.jar;C:\Users\VICTUS\.m2\repository\org\seleniumhq\selenium\selenium-chromium-driver\4.7.1\selenium-chromium-driver-4.7.1.jar;C:\Users\VICTUS\.m2\repository\org\seleniumhq\selenium\selenium-firefox-driver\4.7.1\selenium-firefox-driver-4.7.1.jar;C:\Users\VICTUS\.m2\repository\org\seleniumhq\selenium\selenium-http\4.7.1\selenium-http-4.7.1.jar;C:\Users\VICTUS\.m2\repository\dev\failsafe\failsafe\3.3.0\failsafe-3.3.0.jar;C:\Users\VICTUS\.m2\repository\org\seleniumhq\selenium\selenium-edge-driver\4.7.1\selenium-edge-driver-4.7.1.jar;C:\Users\VICTUS\.m2\repository\org\seleniumhq\selenium\selenium-ie-driver\4.7.1\selenium-ie-driver-4.7.1.jar;C:\Users\VICTUS\.m2\repository\org\projectlombok\lombok\1.18.20\lombok-1.18.20.jar;C:\Users\VICTUS\.m2\repository\io\appium\java-client\8.3.0\java-client-8.3.0.jar;C:\Users\VICTUS\.m2\repository\commons-validator\commons-validator\1.7\commons-validator-1.7.jar;C:\Users\VICTUS\.m2\repository\commons-digester\commons-digester\2.1\commons-digester-2.1.jar;C:\Users\VICTUS\.m2\repository\org\apache\groovy\groovy\4.0.6\groovy-4.0.6.jar;C:\Users\VICTUS\.m2\repository\net\sf\opencsv\opencsv\2.0\opencsv-2.0.jar;C:\Users\VICTUS\.m2\repository\commons-beanutils\commons-beanutils\1.9.4\commons-beanutils-1.9.4.jar;C:\Users\VICTUS\.m2\repository\org\apache\commons\commons-lang3\3.12.0\commons-lang3-3.12.0.jar;C:\Users\VICTUS\.m2\repository\commons-collections\commons-collections\3.2.2\commons-collections-3.2.2.jar;C:\Users\VICTUS\.m2\repository\org\fluentlenium\fluentlenium-core\0.10.2\fluentlenium-core-0.10.2.jar;C:\Users\VICTUS\.m2\repository\io\github\bonigarcia\webdrivermanager\5.3.0\webdrivermanager-5.3.0.jar;C:\Users\VICTUS\.m2\repository\com\github\docker-java\docker-java\3.2.13\docker-java-3.2.13.jar;C:\Users\VICTUS\.m2\repository\com\github\docker-java\docker-java-core\3.2.13\docker-java-core-3.2.13.jar;C:\Users\VICTUS\.m2\repository\com\github\docker-java\docker-java-api\3.2.13\docker-java-api-3.2.13.jar;C:\Users\VICTUS\.m2\repository\org\apache\commons\commons-compress\1.21\commons-compress-1.21.jar;C:\Users\VICTUS\.m2\repository\org\bouncycastle\bcpkix-jdk15on\1.64\bcpkix-jdk15on-1.64.jar;C:\Users\VICTUS\.m2\repository\org\bouncycastle\bcprov-jdk15on\1.64\bcprov-jdk15on-1.64.jar;C:\Users\VICTUS\.m2\repository\org\slf4j\jcl-over-slf4j\1.7.30\jcl-over-slf4j-1.7.30.jar;C:\Users\VICTUS\.m2\repository\com\github\docker-java\docker-java-transport-httpclient5\3.2.13\docker-java-transport-httpclient5-3.2.13.jar;C:\Users\VICTUS\.m2\repository\com\github\docker-java\docker-java-transport\3.2.13\docker-java-transport-3.2.13.jar;C:\Users\VICTUS\.m2\repository\net\java\dev\jna\jna\5.8.0\jna-5.8.0.jar;C:\Users\VICTUS\.m2\repository\org\brotli\dec\0.1.2\dec-0.1.2.jar;C:\Users\VICTUS\.m2\repository\org\apache\httpcomponents\client5\httpclient5\5.1.3\httpclient5-5.1.3.jar;C:\Users\VICTUS\.m2\repository\org\apache\httpcomponents\core5\httpcore5\5.1.3\httpcore5-5.1.3.jar;C:\Users\VICTUS\.m2\repository\org\apache\httpcomponents\core5\httpcore5-h2\5.1.3\httpcore5-h2-5.1.3.jar;C:\Users\VICTUS\.m2\repository\com\jhlabs\filters\2.0.235\filters-2.0.235.jar;C:\Users\VICTUS\.m2\repository\com\paulhammant\ngwebdriver\1.1.6\ngwebdriver-1.1.6.jar;C:\Users\VICTUS\.m2\repository\joda-time\joda-time\2.8.2\joda-time-2.8.2.jar;C:\Users\VICTUS\.m2\repository\org\hamcrest\hamcrest\2.2\hamcrest-2.2.jar;C:\Users\VICTUS\.m2\repository\com\google\jimfs\jimfs\1.2\jimfs-1.2.jar;C:\Users\VICTUS\.m2\repository\org\mockito\mockito-core\3.3.3\mockito-core-3.3.3.jar;C:\Users\VICTUS\.m2\repository\javax\xml\bind\jaxb-api\2.3.1\jaxb-api-2.3.1.jar;C:\Users\VICTUS\.m2\repository\javax\activation\javax.activation-api\1.2.0\javax.activation-api-1.2.0.jar;C:\Users\VICTUS\.m2\repository\com\sun\xml\bind\jaxb-core\2.3.0.1\jaxb-core-2.3.0.1.jar;C:\Users\VICTUS\.m2\repository\com\sun\xml\bind\jaxb-impl\2.3.3\jaxb-impl-2.3.3.jar;C:\Users\VICTUS\.m2\repository\jakarta\xml\bind\jakarta.xml.bind-api\2.3.3\jakarta.xml.bind-api-2.3.3.jar;C:\Users\VICTUS\.m2\repository\com\sun\activation\jakarta.activation\1.2.2\jakarta.activation-1.2.2.jar;C:\Users\VICTUS\.m2\repository\javax\activation\activation\1.1.1\activation-1.1.1.jar;C:\Users\VICTUS\.m2\repository\net\serenity-bdd\serenity-rest-assured\3.5.1\serenity-rest-assured-3.5.1.jar;C:\Users\VICTUS\.m2\repository\io\rest-assured\rest-assured\5.2.0\rest-assured-5.2.0.jar;C:\Users\VICTUS\.m2\repository\org\apache\httpcomponents\httpmime\4.5.13\httpmime-4.5.13.jar;C:\Users\VICTUS\.m2\repository\org\ccil\cowan\tagsoup\tagsoup\1.2.1\tagsoup-1.2.1.jar;C:\Users\VICTUS\.m2\repository\io\rest-assured\json-path\5.2.0\json-path-5.2.0.jar;C:\Users\VICTUS\.m2\repository\io\rest-assured\rest-assured-common\5.2.0\rest-assured-common-5.2.0.jar;C:\Users\VICTUS\.m2\repository\io\rest-assured\xml-path\5.2.0\xml-path-5.2.0.jar;C:\Users\VICTUS\.m2\repository\org\apache\groovy\groovy-json\4.0.6\groovy-json-4.0.6.jar;C:\Users\VICTUS\.m2\repository\org\apache\groovy\groovy-xml\4.0.6\groovy-xml-4.0.6.jar;C:\Users\VICTUS\.m2\repository\org\opentest4j\opentest4j\1.2.0\opentest4j-1.2.0.jar;C:\Users\VICTUS\.m2\repository\net\serenity-bdd\serenity-cucumber\3.5.1\serenity-cucumber-3.5.1.jar;C:\Users\VICTUS\.m2\repository\io\cucumber\cucumber-core\7.8.1\cucumber-core-7.8.1.jar;C:\Users\VICTUS\.m2\repository\io\cucumber\cucumber-gherkin\7.8.1\cucumber-gherkin-7.8.1.jar;C:\Users\VICTUS\.m2\repository\io\cucumber\cucumber-gherkin-messages\7.8.1\cucumber-gherkin-messages-7.8.1.jar;C:\Users\VICTUS\.m2\repository\io\cucumber\gherkin\24.0.0\gherkin-24.0.0.jar;C:\Users\VICTUS\.m2\repository\io\cucumber\messages\19.1.4\messages-19.1.4.jar;C:\Users\VICTUS\.m2\repository\io\cucumber\tag-expressions\4.1.0\tag-expressions-4.1.0.jar;C:\Users\VICTUS\.m2\repository\io\cucumber\cucumber-expressions\16.0.0\cucumber-expressions-16.0.0.jar;C:\Users\VICTUS\.m2\repository\io\cucumber\datatable\7.8.1\datatable-7.8.1.jar;C:\Users\VICTUS\.m2\repository\io\cucumber\cucumber-plugin\7.8.1\cucumber-plugin-7.8.1.jar;C:\Users\VICTUS\.m2\repository\io\cucumber\docstring\7.8.1\docstring-7.8.1.jar;C:\Users\VICTUS\.m2\repository\io\cucumber\html-formatter\20.1.0\html-formatter-20.1.0.jar;C:\Users\VICTUS\.m2\repository\io\cucumber\ci-environment\9.1.0\ci-environment-9.1.0.jar;C:\Users\VICTUS\.m2\repository\io\cucumber\cucumber-java\7.8.1\cucumber-java-7.8.1.jar;C:\Users\VICTUS\.m2\repository\io\cucumber\cucumber-junit\7.8.1\cucumber-junit-7.8.1.jar;C:\Users\VICTUS\.m2\repository\org\apache\commons\commons-csv\1.5\commons-csv-1.5.jar;C:\Users\VICTUS\.m2\repository\net\serenity-bdd\serenity-screenplay\3.5.1\serenity-screenplay-3.5.1.jar;C:\Users\VICTUS\.m2\repository\net\serenity-bdd\serenity-screenplay-webdriver\3.5.1\serenity-screenplay-webdriver-3.5.1.jar;C:\Users\VICTUS\.m2\repository\net\serenity-bdd\serenity-ensure\3.5.1\serenity-ensure-3.5.1.jar;C:\Users\VICTUS\.m2\repository\net\serenity-bdd\serenity-junit\3.5.1\serenity-junit-3.5.1.jar;C:\Users\VICTUS\.m2\repository\org\jetbrains\kotlin\kotlin-stdlib\1.7.21\kotlin-stdlib-1.7.21.jar;C:\Users\VICTUS\.m2\repository\org\jetbrains\kotlin\kotlin-stdlib-common\1.7.21\kotlin-stdlib-common-1.7.21.jar;C:\Users\VICTUS\.m2\repository\org\jetbrains\annotations\13.0\annotations-13.0.jar;C:\Users\VICTUS\.m2\repository\org\junit\platform\junit-platform-launcher\1.8.2\junit-platform-launcher-1.8.2.jar;C:\Users\VICTUS\.m2\repository\org\junit\platform\junit-platform-engine\1.8.2\junit-platform-engine-1.8.2.jar;C:\Users\VICTUS\.m2\repository\org\junit\platform\junit-platform-commons\1.8.2\junit-platform-commons-1.8.2.jar;C:\Users\VICTUS\.m2\repository\org\apiguardian\apiguardian-api\1.1.2\apiguardian-api-1.1.2.jar;C:\Users\VICTUS\.m2\repository\org\junit\jupiter\junit-jupiter-engine\5.8.2\junit-jupiter-engine-5.8.2.jar;C:\Users\VICTUS\.m2\repository\org\junit\jupiter\junit-jupiter-api\5.8.2\junit-jupiter-api-5.8.2.jar;C:\Users\VICTUS\.m2\repository\org\junit\vintage\junit-vintage-engine\5.8.2\junit-vintage-engine-5.8.2.jar;C:\Users\VICTUS\.m2\repository\junit\junit\4.13.2\junit-4.13.2.jar;C:\Users\VICTUS\.m2\repository\org\hamcrest\hamcrest-core\1.3\hamcrest-core-1.3.jar;C:\Users\VICTUS\.m2\repository\ch\qos\logback\logback-classic\1.2.10\logback-classic-1.2.10.jar;C:\Users\VICTUS\.m2\repository\ch\qos\logback\logback-core\1.2.10\logback-core-1.2.10.jar;C:\Users\VICTUS\.m2\repository\org\slf4j\slf4j-api\1.7.32\slf4j-api-1.7.32.jar;C:\Users\VICTUS\.m2\repository\org\assertj\assertj-core\3.23.1\assertj-core-3.23.1.jar;C:\Users\VICTUS\.m2\repository\net\bytebuddy\byte-buddy\1.12.10\byte-buddy-1.12.10.jar;C:\Users\VICTUS\.m2\repository\com\googlecode\json-simple\json-simple\1.1.1\json-simple-1.1.1.jar;"/>
    <property name="sun.cpu.endian" value="little"/>
    <property name="user.home" value="C:\Users\VICTUS"/>
    <property name="user.language" value="en"/>
    <property name="java.specification.vendor" value="Oracle Corporation"/>
    <property name="jdk.module.path" value="C:\Users\VICTUS\IdeaProjects\RestAssuredMiniProject\target\RestAssuredMiniProject-1.0-SNAPSHOT.jar"/>
    <property name="java.version.date" value="2022-04-22"/>
    <property name="java.home" value="C:\Program Files\Java\jdk-17.0.3.1"/>
    <property name="file.separator" value="\"/>
    <property name="basedir" value="C:\Users\VICTUS\IdeaProjects\RestAssuredMiniProject"/>
    <property name="java.vm.compressedOopsMode" value="Zero based"/>
    <property name="line.separator" value="&#10;"/>
    <property name="java.vm.specification.vendor" value="Oracle Corporation"/>
    <property name="java.specification.name" value="Java Platform API Specification"/>
    <property name="surefire.real.class.path" value="C:\Users\VICTUS\.m2\repository\org\apache\maven\surefire\surefire-booter\3.0.0-M5\surefire-booter-3.0.0-M5.jar;C:\Users\VICTUS\.m2\repository\org\apache\maven\surefire\surefire-api\3.0.0-M5\surefire-api-3.0.0-M5.jar;C:\Users\VICTUS\.m2\repository\org\apache\maven\surefire\surefire-logger-api\3.0.0-M5\surefire-logger-api-3.0.0-M5.jar;C:\Users\VICTUS\.m2\repository\org\apache\maven\surefire\surefire-shared-utils\3.0.0-M4\surefire-shared-utils-3.0.0-M4.jar;C:\Users\VICTUS\.m2\repository\org\apache\maven\surefire\surefire-extensions-spi\3.0.0-M5\surefire-extensions-spi-3.0.0-M5.jar;C:\Users\VICTUS\IdeaProjects\RestAssuredMiniProject\target\test-classes;C:\Users\VICTUS\.m2\repository\net\serenity-bdd\serenity-core\3.5.1\serenity-core-3.5.1.jar;C:\Users\VICTUS\.m2\repository\net\serenity-bdd\serenity-model\3.5.1\serenity-model-3.5.1.jar;C:\Users\VICTUS\.m2\repository\org\apache\commons\commons-text\1.10.0\commons-text-1.10.0.jar;C:\Users\VICTUS\.m2\repository\commons-net\commons-net\3.8.0\commons-net-3.8.0.jar;C:\Users\VICTUS\.m2\repository\com\google\guava\guava\31.1-jre\guava-31.1-jre.jar;C:\Users\VICTUS\.m2\repository\com\google\guava\failureaccess\1.0.1\failureaccess-1.0.1.jar;C:\Users\VICTUS\.m2\repository\com\google\guava\listenablefuture\9999.0-empty-to-avoid-conflict-with-guava\listenablefuture-9999.0-empty-to-avoid-conflict-with-guava.jar;C:\Users\VICTUS\.m2\repository\com\google\code\findbugs\jsr305\3.0.2\jsr305-3.0.2.jar;C:\Users\VICTUS\.m2\repository\org\checkerframework\checker-qual\3.12.0\checker-qual-3.12.0.jar;C:\Users\VICTUS\.m2\repository\com\google\errorprone\error_prone_annotations\2.11.0\error_prone_annotations-2.11.0.jar;C:\Users\VICTUS\.m2\repository\com\google\j2objc\j2objc-annotations\1.3\j2objc-annotations-1.3.jar;C:\Users\VICTUS\.m2\repository\com\google\inject\guice\5.1.0\guice-5.1.0.jar;C:\Users\VICTUS\.m2\repository\javax\inject\javax.inject\1\javax.inject-1.jar;C:\Users\VICTUS\.m2\repository\aopalliance\aopalliance\1.0\aopalliance-1.0.jar;C:\Users\VICTUS\.m2\repository\org\jsoup\jsoup\1.14.3\jsoup-1.14.3.jar;C:\Users\VICTUS\.m2\repository\com\thoughtworks\xstream\xstream\1.4.19\xstream-1.4.19.jar;C:\Users\VICTUS\.m2\repository\io\github\x-stream\mxparser\1.2.2\mxparser-1.2.2.jar;C:\Users\VICTUS\.m2\repository\xmlpull\xmlpull\1.1.3.1\xmlpull-1.1.3.1.jar;C:\Users\VICTUS\.m2\repository\com\typesafe\config\1.4.2\config-1.4.2.jar;C:\Users\VICTUS\.m2\repository\org\imgscalr\imgscalr-lib\4.2\imgscalr-lib-4.2.jar;C:\Users\VICTUS\.m2\repository\org\awaitility\awaitility\4.2.0\awaitility-4.2.0.jar;C:\Users\VICTUS\.m2\repository\org\freemarker\freemarker\2.3.31\freemarker-2.3.31.jar;C:\Users\VICTUS\.m2\repository\io\github\classgraph\classgraph\4.8.138\classgraph-4.8.138.jar;C:\Users\VICTUS\.m2\repository\net\sourceforge\jexcelapi\jxl\2.6.12\jxl-2.6.12.jar;C:\Users\VICTUS\.m2\repository\net\bytebuddy\byte-buddy-agent\1.12.18\byte-buddy-agent-1.12.18.jar;C:\Users\VICTUS\.m2\repository\org\objenesis\objenesis\3.1\objenesis-3.1.jar;C:\Users\VICTUS\.m2\repository\net\serenity-bdd\serenity-reports\3.5.1\serenity-reports-3.5.1.jar;C:\Users\VICTUS\.m2\repository\net\serenity-bdd\serenity-stats\3.5.1\serenity-stats-3.5.1.jar;C:\Users\VICTUS\.m2\repository\net\serenity-bdd\serenity-reports-configuration\3.5.1\serenity-reports-configuration-3.5.1.jar;C:\Users\VICTUS\.m2\repository\com\vladsch\flexmark\flexmark-all\0.34.30\flexmark-all-0.34.30.jar;C:\Users\VICTUS\.m2\repository\com\vladsch\flexmark\flexmark\0.34.30\flexmark-0.34.30.jar;C:\Users\VICTUS\.m2\repository\com\vladsch\flexmark\flexmark-ext-abbreviation\0.34.30\flexmark-ext-abbreviation-0.34.30.jar;C:\Users\VICTUS\.m2\repository\com\vladsch\flexmark\flexmark-ext-admonition\0.34.30\flexmark-ext-admonition-0.34.30.jar;C:\Users\VICTUS\.m2\repository\com\vladsch\flexmark\flexmark-ext-anchorlink\0.34.30\flexmark-ext-anchorlink-0.34.30.jar;C:\Users\VICTUS\.m2\repository\com\vladsch\flexmark\flexmark-ext-aside\0.34.30\flexmark-ext-aside-0.34.30.jar;C:\Users\VICTUS\.m2\repository\com\vladsch\flexmark\flexmark-ext-attributes\0.34.30\flexmark-ext-attributes-0.34.30.jar;C:\Users\VICTUS\.m2\repository\com\vladsch\flexmark\flexmark-ext-autolink\0.34.30\flexmark-ext-autolink-0.34.30.jar;C:\Users\VICTUS\.m2\repository\org\nibor\autolink\autolink\0.6.0\autolink-0.6.0.jar;C:\Users\VICTUS\.m2\repository\com\vladsch\flexmark\flexmark-ext-definition\0.34.30\flexmark-ext-definition-0.34.30.jar;C:\Users\VICTUS\.m2\repository\com\vladsch\flexmark\flexmark-ext-emoji\0.34.30\flexmark-ext-emoji-0.34.30.jar;C:\Users\VICTUS\.m2\repository\com\vladsch\flexmark\flexmark-ext-enumerated-reference\0.34.30\flexmark-ext-enumerated-reference-0.34.30.jar;C:\Users\VICTUS\.m2\repository\com\vladsch\flexmark\flexmark-ext-escaped-character\0.34.30\flexmark-ext-escaped-character-0.34.30.jar;C:\Users\VICTUS\.m2\repository\com\vladsch\flexmark\flexmark-ext-footnotes\0.34.30\flexmark-ext-footnotes-0.34.30.jar;C:\Users\VICTUS\.m2\repository\com\vladsch\flexmark\flexmark-ext-gfm-issues\0.34.30\flexmark-ext-gfm-issues-0.34.30.jar;C:\Users\VICTUS\.m2\repository\com\vladsch\flexmark\flexmark-ext-gfm-strikethrough\0.34.30\flexmark-ext-gfm-strikethrough-0.34.30.jar;C:\Users\VICTUS\.m2\repository\com\vladsch\flexmark\flexmark-ext-gfm-tables\0.34.30\flexmark-ext-gfm-tables-0.34.30.jar;C:\Users\VICTUS\.m2\repository\com\vladsch\flexmark\flexmark-ext-gfm-tasklist\0.34.30\flexmark-ext-gfm-tasklist-0.34.30.jar;C:\Users\VICTUS\.m2\repository\com\vladsch\flexmark\flexmark-ext-gfm-users\0.34.30\flexmark-ext-gfm-users-0.34.30.jar;C:\Users\VICTUS\.m2\repository\com\vladsch\flexmark\flexmark-ext-gitlab\0.34.30\flexmark-ext-gitlab-0.34.30.jar;C:\Users\VICTUS\.m2\repository\com\vladsch\flexmark\flexmark-ext-jekyll-front-matter\0.34.30\flexmark-ext-jekyll-front-matter-0.34.30.jar;C:\Users\VICTUS\.m2\repository\com\vladsch\flexmark\flexmark-ext-jekyll-tag\0.34.30\flexmark-ext-jekyll-tag-0.34.30.jar;C:\Users\VICTUS\.m2\repository\com\vladsch\flexmark\flexmark-ext-media-tags\0.34.30\flexmark-ext-media-tags-0.34.30.jar;C:\Users\VICTUS\.m2\repository\com\vladsch\flexmark\flexmark-test-util\0.34.30\flexmark-test-util-0.34.30.jar;C:\Users\VICTUS\.m2\repository\com\vladsch\flexmark\flexmark-ext-ins\0.34.30\flexmark-ext-ins-0.34.30.jar;C:\Users\VICTUS\.m2\repository\com\vladsch\flexmark\flexmark-ext-xwiki-macros\0.34.30\flexmark-ext-xwiki-macros-0.34.30.jar;C:\Users\VICTUS\.m2\repository\com\vladsch\flexmark\flexmark-ext-superscript\0.34.30\flexmark-ext-superscript-0.34.30.jar;C:\Users\VICTUS\.m2\repository\com\vladsch\flexmark\flexmark-ext-tables\0.34.30\flexmark-ext-tables-0.34.30.jar;C:\Users\VICTUS\.m2\repository\com\vladsch\flexmark\flexmark-ext-toc\0.34.30\flexmark-ext-toc-0.34.30.jar;C:\Users\VICTUS\.m2\repository\com\vladsch\flexmark\flexmark-ext-typographic\0.34.30\flexmark-ext-typographic-0.34.30.jar;C:\Users\VICTUS\.m2\repository\com\vladsch\flexmark\flexmark-ext-wikilink\0.34.30\flexmark-ext-wikilink-0.34.30.jar;C:\Users\VICTUS\.m2\repository\com\vladsch\flexmark\flexmark-ext-yaml-front-matter\0.34.30\flexmark-ext-yaml-front-matter-0.34.30.jar;C:\Users\VICTUS\.m2\repository\com\vladsch\flexmark\flexmark-ext-youtube-embedded\0.34.30\flexmark-ext-youtube-embedded-0.34.30.jar;C:\Users\VICTUS\.m2\repository\com\vladsch\flexmark\flexmark-formatter\0.34.30\flexmark-formatter-0.34.30.jar;C:\Users\VICTUS\.m2\repository\com\vladsch\flexmark\flexmark-html-parser\0.34.30\flexmark-html-parser-0.34.30.jar;C:\Users\VICTUS\.m2\repository\com\vladsch\flexmark\flexmark-jira-converter\0.34.30\flexmark-jira-converter-0.34.30.jar;C:\Users\VICTUS\.m2\repository\com\vladsch\flexmark\flexmark-pdf-converter\0.34.30\flexmark-pdf-converter-0.34.30.jar;C:\Users\VICTUS\.m2\repository\com\openhtmltopdf\openhtmltopdf-core\0.0.1-RC13\openhtmltopdf-core-0.0.1-RC13.jar;C:\Users\VICTUS\.m2\repository\com\openhtmltopdf\openhtmltopdf-pdfbox\0.0.1-RC13\openhtmltopdf-pdfbox-0.0.1-RC13.jar;C:\Users\VICTUS\.m2\repository\org\apache\pdfbox\pdfbox\2.0.8\pdfbox-2.0.8.jar;C:\Users\VICTUS\.m2\repository\org\apache\pdfbox\fontbox\2.0.8\fontbox-2.0.8.jar;C:\Users\VICTUS\.m2\repository\org\apache\pdfbox\xmpbox\2.0.8\xmpbox-2.0.8.jar;C:\Users\VICTUS\.m2\repository\de\rototor\pdfbox\graphics2d\0.12\graphics2d-0.12.jar;C:\Users\VICTUS\.m2\repository\com\openhtmltopdf\openhtmltopdf-rtl-support\0.0.1-RC13\openhtmltopdf-rtl-support-0.0.1-RC13.jar;C:\Users\VICTUS\.m2\repository\com\ibm\icu\icu4j\59.1\icu4j-59.1.jar;C:\Users\VICTUS\.m2\repository\com\openhtmltopdf\openhtmltopdf-jsoup-dom-converter\0.0.1-RC13\openhtmltopdf-jsoup-dom-converter-0.0.1-RC13.jar;C:\Users\VICTUS\.m2\repository\com\vladsch\flexmark\flexmark-profile-pegdown\0.34.30\flexmark-profile-pegdown-0.34.30.jar;C:\Users\VICTUS\.m2\repository\com\vladsch\flexmark\flexmark-util\0.34.30\flexmark-util-0.34.30.jar;C:\Users\VICTUS\.m2\repository\com\vladsch\flexmark\flexmark-youtrack-converter\0.34.30\flexmark-youtrack-converter-0.34.30.jar;C:\Users\VICTUS\.m2\repository\es\nitaur\markdown\txtmark\0.16\txtmark-0.16.jar;C:\Users\VICTUS\.m2\repository\net\serenity-bdd\serenity-report-resources\3.5.1\serenity-report-resources-3.5.1.jar;C:\Users\VICTUS\.m2\repository\com\google\code\gson\gson\2.9.0\gson-2.9.0.jar;C:\Users\VICTUS\.m2\repository\com\fasterxml\jackson\core\jackson-core\2.13.4\jackson-core-2.13.4.jar;C:\Users\VICTUS\.m2\repository\com\fasterxml\jackson\core\jackson-databind\2.13.4\jackson-databind-2.13.4.jar;C:\Users\VICTUS\.m2\repository\com\fasterxml\jackson\core\jackson-annotations\2.13.4\jackson-annotations-2.13.4.jar;C:\Users\VICTUS\.m2\repository\commons-codec\commons-codec\1.15\commons-codec-1.15.jar;C:\Users\VICTUS\.m2\repository\commons-io\commons-io\2.11.0\commons-io-2.11.0.jar;C:\Users\VICTUS\.m2\repository\org\apache\httpcomponents\httpclient\4.5.13\httpclient-4.5.13.jar;C:\Users\VICTUS\.m2\repository\org\apache\httpcomponents\httpcore\4.4.13\httpcore-4.4.13.jar;C:\Users\VICTUS\.m2\repository\commons-logging\commons-logging\1.2\commons-logging-1.2.jar;C:\Users\VICTUS\.m2\repository\org\seleniumhq\selenium\selenium-java\4.7.1\selenium-java-4.7.1.jar;C:\Users\VICTUS\.m2\repository\org\seleniumhq\selenium\selenium-devtools-v106\4.7.1\selenium-devtools-v106-4.7.1.jar;C:\Users\VICTUS\.m2\repository\org\seleniumhq\selenium\selenium-devtools-v107\4.7.1\selenium-devtools-v107-4.7.1.jar;C:\Users\VICTUS\.m2\repository\org\seleniumhq\selenium\selenium-devtools-v108\4.7.1\selenium-devtools-v108-4.7.1.jar;C:\Users\VICTUS\.m2\repository\org\seleniumhq\selenium\selenium-devtools-v85\4.7.1\selenium-devtools-v85-4.7.1.jar;C:\Users\VICTUS\.m2\repository\org\seleniumhq\selenium\selenium-remote-driver\4.7.1\selenium-remote-driver-4.7.1.jar;C:\Users\VICTUS\.m2\repository\com\beust\jcommander\1.82\jcommander-1.82.jar;C:\Users\VICTUS\.m2\repository\io\netty\netty-buffer\4.1.84.Final\netty-buffer-4.1.84.Final.jar;C:\Users\VICTUS\.m2\repository\io\netty\netty-codec-http\4.1.84.Final\netty-codec-http-4.1.84.Final.jar;C:\Users\VICTUS\.m2\repository\io\netty\netty-codec\4.1.84.Final\netty-codec-4.1.84.Final.jar;C:\Users\VICTUS\.m2\repository\io\netty\netty-handler\4.1.84.Final\netty-handler-4.1.84.Final.jar;C:\Users\VICTUS\.m2\repository\io\netty\netty-common\4.1.84.Final\netty-common-4.1.84.Final.jar;C:\Users\VICTUS\.m2\repository\io\netty\netty-transport-classes-epoll\4.1.84.Final\netty-transport-classes-epoll-4.1.84.Final.jar;C:\Users\VICTUS\.m2\repository\io\netty\netty-transport-classes-kqueue\4.1.84.Final\netty-transport-classes-kqueue-4.1.84.Final.jar;C:\Users\VICTUS\.m2\repository\io\netty\netty-transport-native-epoll\4.1.84.Final\netty-transport-native-epoll-4.1.84.Final.jar;C:\Users\VICTUS\.m2\repository\io\netty\netty-transport-native-kqueue\4.1.84.Final\netty-transport-native-kqueue-4.1.84.Final.jar;C:\Users\VICTUS\.m2\repository\io\netty\netty-transport-native-unix-common\4.1.84.Final\netty-transport-native-unix-common-4.1.84.Final.jar;C:\Users\VICTUS\.m2\repository\io\netty\netty-transport\4.1.84.Final\netty-transport-4.1.84.Final.jar;C:\Users\VICTUS\.m2\repository\io\netty\netty-resolver\4.1.84.Final\netty-resolver-4.1.84.Final.jar;C:\Users\VICTUS\.m2\repository\io\opentelemetry\opentelemetry-api\1.19.0\opentelemetry-api-1.19.0.jar;C:\Users\VICTUS\.m2\repository\io\opentelemetry\opentelemetry-context\1.19.0\opentelemetry-context-1.19.0.jar;C:\Users\VICTUS\.m2\repository\io\opentelemetry\opentelemetry-exporter-logging\1.19.0\opentelemetry-exporter-logging-1.19.0.jar;C:\Users\VICTUS\.m2\repository\io\opentelemetry\opentelemetry-sdk-metrics\1.19.0\opentelemetry-sdk-metrics-1.19.0.jar;C:\Users\VICTUS\.m2\repository\io\opentelemetry\opentelemetry-sdk-logs\1.19.0-alpha\opentelemetry-sdk-logs-1.19.0-alpha.jar;C:\Users\VICTUS\.m2\repository\io\opentelemetry\opentelemetry-api-logs\1.19.0-alpha\opentelemetry-api-logs-1.19.0-alpha.jar;C:\Users\VICTUS\.m2\repository\io\opentelemetry\opentelemetry-sdk-common\1.19.0\opentelemetry-sdk-common-1.19.0.jar;C:\Users\VICTUS\.m2\repository\io\opentelemetry\opentelemetry-sdk-extension-autoconfigure-spi\1.19.0\opentelemetry-sdk-extension-autoconfigure-spi-1.19.0.jar;C:\Users\VICTUS\.m2\repository\io\opentelemetry\opentelemetry-sdk-extension-autoconfigure\1.19.0-alpha\opentelemetry-sdk-extension-autoconfigure-1.19.0-alpha.jar;C:\Users\VICTUS\.m2\repository\io\opentelemetry\opentelemetry-exporter-common\1.19.0\opentelemetry-exporter-common-1.19.0.jar;C:\Users\VICTUS\.m2\repository\io\opentelemetry\opentelemetry-sdk-trace\1.19.0\opentelemetry-sdk-trace-1.19.0.jar;C:\Users\VICTUS\.m2\repository\io\opentelemetry\opentelemetry-sdk\1.19.0\opentelemetry-sdk-1.19.0.jar;C:\Users\VICTUS\.m2\repository\io\opentelemetry\opentelemetry-semconv\1.19.0-alpha\opentelemetry-semconv-1.19.0-alpha.jar;C:\Users\VICTUS\.m2\repository\io\ous\jtoml\2.0.0\jtoml-2.0.0.jar;C:\Users\VICTUS\.m2\repository\org\apache\commons\commons-exec\1.3\commons-exec-1.3.jar;C:\Users\VICTUS\.m2\repository\org\asynchttpclient\async-http-client\2.12.3\async-http-client-2.12.3.jar;C:\Users\VICTUS\.m2\repository\org\asynchttpclient\async-http-client-netty-utils\2.12.3\async-http-client-netty-utils-2.12.3.jar;C:\Users\VICTUS\.m2\repository\io\netty\netty-codec-socks\4.1.60.Final\netty-codec-socks-4.1.60.Final.jar;C:\Users\VICTUS\.m2\repository\io\netty\netty-handler-proxy\4.1.60.Final\netty-handler-proxy-4.1.60.Final.jar;C:\Users\VICTUS\.m2\repository\io\netty\netty-transport-native-epoll\4.1.60.Final\netty-transport-native-epoll-4.1.60.Final-linux-x86_64.jar;C:\Users\VICTUS\.m2\repository\io\netty\netty-transport-native-kqueue\4.1.60.Final\netty-transport-native-kqueue-4.1.60.Final-osx-x86_64.jar;C:\Users\VICTUS\.m2\repository\org\reactivestreams\reactive-streams\1.0.3\reactive-streams-1.0.3.jar;C:\Users\VICTUS\.m2\repository\com\typesafe\netty\netty-reactive-streams\2.0.4\netty-reactive-streams-2.0.4.jar;C:\Users\VICTUS\.m2\repository\org\seleniumhq\selenium\selenium-manager\4.7.1\selenium-manager-4.7.1.jar;C:\Users\VICTUS\.m2\repository\org\seleniumhq\selenium\selenium-safari-driver\4.7.1\selenium-safari-driver-4.7.1.jar;C:\Users\VICTUS\.m2\repository\org\seleniumhq\selenium\selenium-api\4.7.1\selenium-api-4.7.1.jar;C:\Users\VICTUS\.m2\repository\org\seleniumhq\selenium\selenium-support\4.7.1\selenium-support-4.7.1.jar;C:\Users\VICTUS\.m2\repository\com\google\auto\service\auto-service-annotations\1.0.1\auto-service-annotations-1.0.1.jar;C:\Users\VICTUS\.m2\repository\com\google\auto\service\auto-service\1.0.1\auto-service-1.0.1.jar;C:\Users\VICTUS\.m2\repository\com\google\auto\auto-common\1.2\auto-common-1.2.jar;C:\Users\VICTUS\.m2\repository\org\seleniumhq\selenium\selenium-json\4.7.1\selenium-json-4.7.1.jar;C:\Users\VICTUS\.m2\repository\org\seleniumhq\selenium\selenium-chrome-driver\4.7.1\selenium-chrome-driver-4.7.1.jar;C:\Users\VICTUS\.m2\repository\org\seleniumhq\selenium\selenium-chromium-driver\4.7.1\selenium-chromium-driver-4.7.1.jar;C:\Users\VICTUS\.m2\repository\org\seleniumhq\selenium\selenium-firefox-driver\4.7.1\selenium-firefox-driver-4.7.1.jar;C:\Users\VICTUS\.m2\repository\org\seleniumhq\selenium\selenium-http\4.7.1\selenium-http-4.7.1.jar;C:\Users\VICTUS\.m2\repository\dev\failsafe\failsafe\3.3.0\failsafe-3.3.0.jar;C:\Users\VICTUS\.m2\repository\org\seleniumhq\selenium\selenium-edge-driver\4.7.1\selenium-edge-driver-4.7.1.jar;C:\Users\VICTUS\.m2\repository\org\seleniumhq\selenium\selenium-ie-driver\4.7.1\selenium-ie-driver-4.7.1.jar;C:\Users\VICTUS\.m2\repository\org\projectlombok\lombok\1.18.20\lombok-1.18.20.jar;C:\Users\VICTUS\.m2\repository\io\appium\java-client\8.3.0\java-client-8.3.0.jar;C:\Users\VICTUS\.m2\repository\commons-validator\commons-validator\1.7\commons-validator-1.7.jar;C:\Users\VICTUS\.m2\repository\commons-digester\commons-digester\2.1\commons-digester-2.1.jar;C:\Users\VICTUS\.m2\repository\org\apache\groovy\groovy\4.0.6\groovy-4.0.6.jar;C:\Users\VICTUS\.m2\repository\net\sf\opencsv\opencsv\2.0\opencsv-2.0.jar;C:\Users\VICTUS\.m2\repository\commons-beanutils\commons-beanutils\1.9.4\commons-beanutils-1.9.4.jar;C:\Users\VICTUS\.m2\repository\org\apache\commons\commons-lang3\3.12.0\commons-lang3-3.12.0.jar;C:\Users\VICTUS\.m2\repository\commons-collections\commons-collections\3.2.2\commons-collections-3.2.2.jar;C:\Users\VICTUS\.m2\repository\org\fluentlenium\fluentlenium-core\0.10.2\fluentlenium-core-0.10.2.jar;C:\Users\VICTUS\.m2\repository\io\github\bonigarcia\webdrivermanager\5.3.0\webdrivermanager-5.3.0.jar;C:\Users\VICTUS\.m2\repository\com\github\docker-java\docker-java\3.2.13\docker-java-3.2.13.jar;C:\Users\VICTUS\.m2\repository\com\github\docker-java\docker-java-core\3.2.13\docker-java-core-3.2.13.jar;C:\Users\VICTUS\.m2\repository\com\github\docker-java\docker-java-api\3.2.13\docker-java-api-3.2.13.jar;C:\Users\VICTUS\.m2\repository\org\apache\commons\commons-compress\1.21\commons-compress-1.21.jar;C:\Users\VICTUS\.m2\repository\org\bouncycastle\bcpkix-jdk15on\1.64\bcpkix-jdk15on-1.64.jar;C:\Users\VICTUS\.m2\repository\org\bouncycastle\bcprov-jdk15on\1.64\bcprov-jdk15on-1.64.jar;C:\Users\VICTUS\.m2\repository\org\slf4j\jcl-over-slf4j\1.7.30\jcl-over-slf4j-1.7.30.jar;C:\Users\VICTUS\.m2\repository\com\github\docker-java\docker-java-transport-httpclient5\3.2.13\docker-java-transport-httpclient5-3.2.13.jar;C:\Users\VICTUS\.m2\repository\com\github\docker-java\docker-java-transport\3.2.13\docker-java-transport-3.2.13.jar;C:\Users\VICTUS\.m2\repository\net\java\dev\jna\jna\5.8.0\jna-5.8.0.jar;C:\Users\VICTUS\.m2\repository\org\brotli\dec\0.1.2\dec-0.1.2.jar;C:\Users\VICTUS\.m2\repository\org\apache\httpcomponents\client5\httpclient5\5.1.3\httpclient5-5.1.3.jar;C:\Users\VICTUS\.m2\repository\org\apache\httpcomponents\core5\httpcore5\5.1.3\httpcore5-5.1.3.jar;C:\Users\VICTUS\.m2\repository\org\apache\httpcomponents\core5\httpcore5-h2\5.1.3\httpcore5-h2-5.1.3.jar;C:\Users\VICTUS\.m2\repository\com\jhlabs\filters\2.0.235\filters-2.0.235.jar;C:\Users\VICTUS\.m2\repository\com\paulhammant\ngwebdriver\1.1.6\ngwebdriver-1.1.6.jar;C:\Users\VICTUS\.m2\repository\joda-time\joda-time\2.8.2\joda-time-2.8.2.jar;C:\Users\VICTUS\.m2\repository\org\hamcrest\hamcrest\2.2\hamcrest-2.2.jar;C:\Users\VICTUS\.m2\repository\com\google\jimfs\jimfs\1.2\jimfs-1.2.jar;C:\Users\VICTUS\.m2\repository\org\mockito\mockito-core\3.3.3\mockito-core-3.3.3.jar;C:\Users\VICTUS\.m2\repository\javax\xml\bind\jaxb-api\2.3.1\jaxb-api-2.3.1.jar;C:\Users\VICTUS\.m2\repository\javax\activation\javax.activation-api\1.2.0\javax.activation-api-1.2.0.jar;C:\Users\VICTUS\.m2\repository\com\sun\xml\bind\jaxb-core\2.3.0.1\jaxb-core-2.3.0.1.jar;C:\Users\VICTUS\.m2\repository\com\sun\xml\bind\jaxb-impl\2.3.3\jaxb-impl-2.3.3.jar;C:\Users\VICTUS\.m2\repository\jakarta\xml\bind\jakarta.xml.bind-api\2.3.3\jakarta.xml.bind-api-2.3.3.jar;C:\Users\VICTUS\.m2\repository\com\sun\activation\jakarta.activation\1.2.2\jakarta.activation-1.2.2.jar;C:\Users\VICTUS\.m2\repository\javax\activation\activation\1.1.1\activation-1.1.1.jar;C:\Users\VICTUS\.m2\repository\net\serenity-bdd\serenity-rest-assured\3.5.1\serenity-rest-assured-3.5.1.jar;C:\Users\VICTUS\.m2\repository\io\rest-assured\rest-assured\5.2.0\rest-assured-5.2.0.jar;C:\Users\VICTUS\.m2\repository\org\apache\httpcomponents\httpmime\4.5.13\httpmime-4.5.13.jar;C:\Users\VICTUS\.m2\repository\org\ccil\cowan\tagsoup\tagsoup\1.2.1\tagsoup-1.2.1.jar;C:\Users\VICTUS\.m2\repository\io\rest-assured\json-path\5.2.0\json-path-5.2.0.jar;C:\Users\VICTUS\.m2\repository\io\rest-assured\rest-assured-common\5.2.0\rest-assured-common-5.2.0.jar;C:\Users\VICTUS\.m2\repository\io\rest-assured\xml-path\5.2.0\xml-path-5.2.0.jar;C:\Users\VICTUS\.m2\repository\org\apache\groovy\groovy-json\4.0.6\groovy-json-4.0.6.jar;C:\Users\VICTUS\.m2\repository\org\apache\groovy\groovy-xml\4.0.6\groovy-xml-4.0.6.jar;C:\Users\VICTUS\.m2\repository\org\opentest4j\opentest4j\1.2.0\opentest4j-1.2.0.jar;C:\Users\VICTUS\.m2\repository\net\serenity-bdd\serenity-cucumber\3.5.1\serenity-cucumber-3.5.1.jar;C:\Users\VICTUS\.m2\repository\io\cucumber\cucumber-core\7.8.1\cucumber-core-7.8.1.jar;C:\Users\VICTUS\.m2\repository\io\cucumber\cucumber-gherkin\7.8.1\cucumber-gherkin-7.8.1.jar;C:\Users\VICTUS\.m2\repository\io\cucumber\cucumber-gherkin-messages\7.8.1\cucumber-gherkin-messages-7.8.1.jar;C:\Users\VICTUS\.m2\repository\io\cucumber\gherkin\24.0.0\gherkin-24.0.0.jar;C:\Users\VICTUS\.m2\repository\io\cucumber\messages\19.1.4\messages-19.1.4.jar;C:\Users\VICTUS\.m2\repository\io\cucumber\tag-expressions\4.1.0\tag-expressions-4.1.0.jar;C:\Users\VICTUS\.m2\repository\io\cucumber\cucumber-expressions\16.0.0\cucumber-expressions-16.0.0.jar;C:\Users\VICTUS\.m2\repository\io\cucumber\datatable\7.8.1\datatable-7.8.1.jar;C:\Users\VICTUS\.m2\repository\io\cucumber\cucumber-plugin\7.8.1\cucumber-plugin-7.8.1.jar;C:\Users\VICTUS\.m2\repository\io\cucumber\docstring\7.8.1\docstring-7.8.1.jar;C:\Users\VICTUS\.m2\repository\io\cucumber\html-formatter\20.1.0\html-formatter-20.1.0.jar;C:\Users\VICTUS\.m2\repository\io\cucumber\ci-environment\9.1.0\ci-environment-9.1.0.jar;C:\Users\VICTUS\.m2\repository\io\cucumber\cucumber-java\7.8.1\cucumber-java-7.8.1.jar;C:\Users\VICTUS\.m2\repository\io\cucumber\cucumber-junit\7.8.1\cucumber-junit-7.8.1.jar;C:\Users\VICTUS\.m2\repository\org\apache\commons\commons-csv\1.5\commons-csv-1.5.jar;C:\Users\VICTUS\.m2\repository\net\serenity-bdd\serenity-screenplay\3.5.1\serenity-screenplay-3.5.1.jar;C:\Users\VICTUS\.m2\repository\net\serenity-bdd\serenity-screenplay-webdriver\3.5.1\serenity-screenplay-webdriver-3.5.1.jar;C:\Users\VICTUS\.m2\repository\net\serenity-bdd\serenity-ensure\3.5.1\serenity-ensure-3.5.1.jar;C:\Users\VICTUS\.m2\repository\net\serenity-bdd\serenity-junit\3.5.1\serenity-junit-3.5.1.jar;C:\Users\VICTUS\.m2\repository\org\jetbrains\kotlin\kotlin-stdlib\1.7.21\kotlin-stdlib-1.7.21.jar;C:\Users\VICTUS\.m2\repository\org\jetbrains\kotlin\kotlin-stdlib-common\1.7.21\kotlin-stdlib-common-1.7.21.jar;C:\Users\VICTUS\.m2\repository\org\jetbrains\annotations\13.0\annotations-13.0.jar;C:\Users\VICTUS\.m2\repository\org\junit\platform\junit-platform-launcher\1.8.2\junit-platform-launcher-1.8.2.jar;C:\Users\VICTUS\.m2\repository\org\junit\platform\junit-platform-engine\1.8.2\junit-platform-engine-1.8.2.jar;C:\Users\VICTUS\.m2\repository\org\junit\platform\junit-platform-commons\1.8.2\junit-platform-commons-1.8.2.jar;C:\Users\VICTUS\.m2\repository\org\apiguardian\apiguardian-api\1.1.2\apiguardian-api-1.1.2.jar;C:\Users\VICTUS\.m2\repository\org\junit\jupiter\junit-jupiter-engine\5.8.2\junit-jupiter-engine-5.8.2.jar;C:\Users\VICTUS\.m2\repository\org\junit\jupiter\junit-jupiter-api\5.8.2\junit-jupiter-api-5.8.2.jar;C:\Users\VICTUS\.m2\repository\org\junit\vintage\junit-vintage-engine\5.8.2\junit-vintage-engine-5.8.2.jar;C:\Users\VICTUS\.m2\repository\junit\junit\4.13.2\junit-4.13.2.jar;C:\Users\VICTUS\.m2\repository\org\hamcrest\hamcrest-core\1.3\hamcrest-core-1.3.jar;C:\Users\VICTUS\.m2\repository\ch\qos\logback\logback-classic\1.2.10\logback-classic-1.2.10.jar;C:\Users\VICTUS\.m2\repository\ch\qos\logback\logback-core\1.2.10\logback-core-1.2.10.jar;C:\Users\VICTUS\.m2\repository\org\slf4j\slf4j-api\1.7.32\slf4j-api-1.7.32.jar;C:\Users\VICTUS\.m2\repository\org\assertj\assertj-core\3.23.1\assertj-core-3.23.1.jar;C:\Users\VICTUS\.m2\repository\net\bytebuddy\byte-buddy\1.12.10\byte-buddy-1.12.10.jar;C:\Users\VICTUS\.m2\repository\com\googlecode\json-simple\json-simple\1.1.1\json-simple-1.1.1.jar;C:\Users\VICTUS\.m2\repository\org\apache\maven\surefire\surefire-junit-platform\3.0.0-M5\surefire-junit-platform-3.0.0-M5.jar;C:\Users\VICTUS\.m2\repository\org\apache\maven\surefire\common-java5\3.0.0-M5\common-java5-3.0.0-M5.jar"/>
    <property name="user.script" value=""/>
    <property name="sun.management.compiler" value="HotSpot 64-Bit Tiered Compilers"/>
    <property name="java.runtime.version" value="17.0.3.1+2-LTS-6"/>
    <property name="user.name" value="VICTUS"/>
    <property name="path.separator" value=";"/>
    <property name="os.version" value="10.0"/>
    <property name="java.runtime.name" value="Java(TM) SE Runtime Environment"/>
    <property name="file.encoding" value="Cp1252"/>
    <property name="webdriver.base.url" value=""/>
    <property name="java.vm.name" value="Java HotSpot(TM) 64-Bit Server VM"/>
    <property name="localRepository" value="C:\Users\VICTUS\.m2\repository"/>
    <property name="java.vendor.url.bug" value="https://bugreport.java.com/bugreport/"/>
    <property name="java.io.tmpdir" value="C:\Users\VICTUS\AppData\Local\Temp\"/>
    <property name="java.version" value="17.0.3.1"/>
    <property name="user.dir" value="C:\Users\VICTUS\IdeaProjects\RestAssuredMiniProject"/>
    <property name="os.arch" value="amd64"/>
    <property name="java.vm.specification.name" value="Java Virtual Machine Specification"/>
    <property name="sun.os.patch.level" value=""/>
    <property name="native.encoding" value="Cp1252"/>
    <property name="java.library.path" value="C:\Program Files\Java\jdk-17.0.3.1\bin;C:\WINDOWS\Sun\Java\bin;C:\WINDOWS\system32;C:\WINDOWS;C:\Python311\Scripts\;C:\Python311\;C:\Program Files\Common Files\Oracle\Java\javapath;C:\windows\system32;C:\windows;C:\windows\System32\Wbem;C:\windows\System32\WindowsPowerShell\v1.0\;C:\windows\System32\OpenSSH\;C:\Program Files (x86)\NVIDIA Corporation\PhysX\Common;C:\Program Files\NVIDIA Corporation\NVIDIA NvDLISR;C:\xampp\php;C:\ProgramData\ComposerSetup\bin;C:\Program Files\apache-maven-3.9.0\bin;C:\Program Files\Git\cmd;C:\Program Files\nodejs\;C:\ProgramData\chocolatey\bin;;%SystemRoot%\system32;%SystemRoot%;%SystemRoot%\System32\Wbem;%SYSTEMROOT%\System32\WindowsPowerShell\v1.0\;%SYSTEMROOT%\System32\OpenSSH\;C:\Users\VICTUS\AppData\Local\Programs\Python\Python310\Scripts\;C:\Users\VICTUS\AppData\Local\Programs\Python\Python310\;C:\Users\VICTUS\AppData\Local\Microsoft\WindowsApps;C:\Users\VICTUS\AppData\Local\Programs\Microsoft VS Code\bin;C:\Users\VICTUS\AppData\Roaming\Composer\vendor\bin;C:\Program Files\JetBrains\IntelliJ IDEA Community Edition 2022.2.1\bin;;C:\Users\VICTUS\AppData\Roaming\npm;C:\Users\VICTUS\AppData\Local\Android\sdk\platform-tools;;."/>
    <property name="java.vm.info" value="mixed mode"/>
    <property name="java.vendor" value="Oracle Corporation"/>
    <property name="java.vm.version" value="17.0.3.1+2-LTS-6"/>
    <property name="sun.io.unicode.encoding" value="UnicodeLittle"/>
    <property name="java.class.version" value="61.0"/>
  </properties>
  <testcase name="GET - As admin I have be able to get user information" classname="Auth" time="3.098">
    <system-out><![CDATA[17:04:54.011 [main] DEBUG net.thucydides.core.guice.Injectors - Created injector for module net.thucydides.core.guice.ThucydidesModule
17:04:54.216 [main] INFO io.cucumber.core.plugin.SerenityReporter - Running feature from file:///C:/Users/VICTUS/IdeaProjects/RestAssuredMiniProject/src/test/resources/features/Auth.feature
17:04:54.346 [main] DEBUG net.thucydides.core.guice.Injectors - Created injector for module net.thucydides.core.guice.webdriver.WebDriverModule
17:04:54.358 [main] INFO  - 

-------------------------------------------------------------------------------------
     _______. _______ .______       _______ .__   __.  __  .___________.____    ____ 
    /       ||   ____||   _  \     |   ____||  \ |  | |  | |           |\   \  /   / 
   |   (----`|  |__   |  |_)  |    |  |__   |   \|  | |  | `---|  |----` \   \/   /  
    \   \    |   __|  |      /     |   __|  |  . `  | |  |     |  |       \_    _/   
.----)   |   |  |____ |  |\  \----.|  |____ |  |\   | |  |     |  |         |  |     
|_______/    |_______|| _| `._____||_______||__| \__| |__|     |__|         |__|    
                                                                                     
 News and tutorials at http://www.serenity-bdd.info                                  
 Documentation at https://wakaleo.gitbooks.io/the-serenity-book/content/             
 Join the Serenity Community on Gitter: https://gitter.im/serenity-bdd/serenity-core 
 Serenity BDD Support and Training at http://serenity-bdd.info/#/trainingandsupport  
-------------------------------------------------------------------------------------

17:04:54.360 [main] DEBUG net.thucydides.core.steps.StepEventBus - Test suite started for story net.thucydides.core.model.Story@635b6c28
17:04:54.362 [main] INFO  - Test Suite Started: Auth
17:04:54.376 [main] INFO io.cucumber.core.plugin.SerenityReporter - Running feature from file:///C:/Users/VICTUS/IdeaProjects/RestAssuredMiniProject/src/test/resources/features/Category.feature
17:04:54.380 [main] DEBUG net.thucydides.core.steps.StepEventBus - Test suite started for story net.thucydides.core.model.Story@d99e90e8
17:04:54.380 [main] INFO  - Test Suite Started: Category
17:04:54.380 [main] INFO io.cucumber.core.plugin.SerenityReporter - Running feature from file:///C:/Users/VICTUS/IdeaProjects/RestAssuredMiniProject/src/test/resources/features/Comment.feature
17:04:54.382 [main] DEBUG net.thucydides.core.steps.StepEventBus - Test suite started for story net.thucydides.core.model.Story@79003fc8
17:04:54.383 [main] INFO  - Test Suite Started: Comment
17:04:54.383 [main] INFO io.cucumber.core.plugin.SerenityReporter - Running feature from file:///C:/Users/VICTUS/IdeaProjects/RestAssuredMiniProject/src/test/resources/features/Index.feature
17:04:54.385 [main] DEBUG net.thucydides.core.steps.StepEventBus - Test suite started for story net.thucydides.core.model.Story@8597e328
17:04:54.385 [main] INFO  - Test Suite Started: Index
17:04:54.386 [main] INFO io.cucumber.core.plugin.SerenityReporter - Running feature from file:///C:/Users/VICTUS/IdeaProjects/RestAssuredMiniProject/src/test/resources/features/Order.feature
17:04:54.388 [main] DEBUG net.thucydides.core.steps.StepEventBus - Test suite started for story net.thucydides.core.model.Story@cc4b76a8
17:04:54.389 [main] INFO  - Test Suite Started: Order
17:04:54.389 [main] INFO io.cucumber.core.plugin.SerenityReporter - Running feature from file:///C:/Users/VICTUS/IdeaProjects/RestAssuredMiniProject/src/test/resources/features/Product.feature
17:04:54.391 [main] DEBUG net.thucydides.core.steps.StepEventBus - Test suite started for story net.thucydides.core.model.Story@fdbc81c8
17:04:54.391 [main] INFO  - Test Suite Started: Product
17:04:54.391 [main] INFO io.cucumber.core.plugin.SerenityReporter - Running feature from file:///C:/Users/VICTUS/IdeaProjects/RestAssuredMiniProject/src/test/resources/features/Rating.feature
17:04:54.393 [main] DEBUG net.thucydides.core.steps.StepEventBus - Test suite started for story net.thucydides.core.model.Story@90cc9dc8
17:04:54.393 [main] INFO  - Test Suite Started: Rating
17:04:54.394 [main] INFO io.cucumber.core.plugin.SerenityReporter - Running feature from file:///C:/Users/VICTUS/IdeaProjects/RestAssuredMiniProject/src/test/resources/features/Auth.feature
17:04:54.395 [main] DEBUG net.thucydides.core.steps.StepEventBus - Test suite started for story net.thucydides.core.model.Story@635b6c28
17:04:54.395 [main] INFO  - Test Suite Started: Auth

Scenario: GET - As admin I have be able to get user information &amp#27;[90m# src/test/resources/features/Auth.feature:6&amp#27;[0m
17:04:54.463 [main] INFO io.cucumber.core.plugin.SerenityReporter - Running feature from file:///C:/Users/VICTUS/IdeaProjects/RestAssuredMiniProject/src/test/resources/features/Auth.feature
17:04:54.561 [main] INFO  - 
  _____   ___   ___   _____     ___   _____     _     ___   _____   ___   ___  
 |_   _| | __| / __| |_   _|   / __| |_   _|   /_\   | _ \ |_   _| | __| |   \ 
   | |   | _|  \__ \   | |     \__ \   | |    / _ \  |   /   | |   | _|  | |) |
   |_|   |___| |___/   |_|     |___/   |_|   /_/ \_\ |_|_\   |_|   |___| |___/ 

GET - As admin I have be able to get user information(auth;get---as-admin-i-have-be-able-to-get-user-information)
--------------------------------------------------------------------------------
17:04:54.959 [main] DEBUG net.thucydides.core.steps.StepInterceptor - STARTING STEP: AuthSteps.setGetApiEndpoints - I set GET API endpoint
17:04:54.962 [main] DEBUG net.thucydides.core.steps.StepInterceptor - STEP DONE: I set GET API endpoint
  &amp#27;[32mGiven &amp#27;[0m&amp#27;[32mI set Get api endpoint&amp#27;[0m                                  &amp#27;[90m# starter.stepDefinition.AuthSteps.setGetApiEndpoints()&amp#27;[0m
17:04:54.969 [main] DEBUG net.thucydides.core.steps.StepInterceptor - STARTING STEP: AuthSteps.sendGetHttpRequest - I send GET HTTP Request
17:04:56.162 [main] DEBUG net.thucydides.core.steps.StepInterceptor - STARTING STEP: Get.sendGetHttpRequest - I set GET API endpoint
17:04:56.162 [main] DEBUG net.thucydides.core.steps.StepInterceptor - STEP DONE: I set GET API endpoint
17:04:56.603 [main] DEBUG org.apache.http.impl.conn.BasicClientConnectionManager - Get connection for route {s}->https://altashop-api.fly.dev:443
17:04:56.733 [main] DEBUG org.apache.http.impl.conn.DefaultClientConnectionOperator - Connecting to altashop-api.fly.dev:443
17:04:56.950 [main] DEBUG org.apache.http.client.protocol.RequestAddCookies - CookieSpec selected: ignoreCookies
17:04:56.951 [main] DEBUG org.apache.http.client.protocol.RequestAuthCache - Auth cache not set in the context
17:04:56.951 [main] DEBUG org.apache.http.client.protocol.RequestProxyAuthentication - Proxy auth state: UNCHALLENGED
17:04:56.951 [main] DEBUG org.apache.http.impl.client.DefaultHttpClient - Attempt 1 to execute request
17:04:56.951 [main] DEBUG org.apache.http.impl.conn.DefaultClientConnection - Sending request: GET /api/auth/info HTTP/1.1
17:04:56.951 [main] DEBUG org.apache.http.wire -  >> "GET /api/auth/info HTTP/1.1[\r][\n]"
17:04:56.952 [main] DEBUG org.apache.http.wire -  >> "Content-Type: application/json[\r][\n]"
17:04:56.952 [main] DEBUG org.apache.http.wire -  >> "Authorization: Bearer eyJhbGciOiJIUzI1NiIsInR5cCI6IkpXVCJ9.eyJGdWxsbmFtZSI6IkpvaG4gRG9lIiwiRW1haWwiOiJzb21lb25lQG1haWwuY29tIn0.WvBSxcQEqqniC1v08LzkrHcELegs0b7vtjGPWiaEWcI[\r][\n]"
17:04:56.952 [main] DEBUG org.apache.http.wire -  >> "Accept: */*[\r][\n]"
17:04:56.952 [main] DEBUG org.apache.http.wire -  >> "Host: altashop-api.fly.dev[\r][\n]"
17:04:56.952 [main] DEBUG org.apache.http.wire -  >> "Connection: Keep-Alive[\r][\n]"
17:04:56.952 [main] DEBUG org.apache.http.wire -  >> "User-Agent: Apache-HttpClient/4.5.13 (Java/17.0.3.1)[\r][\n]"
17:04:56.952 [main] DEBUG org.apache.http.wire -  >> "Accept-Encoding: gzip,deflate[\r][\n]"
17:04:56.952 [main] DEBUG org.apache.http.wire -  >> "[\r][\n]"
17:04:56.952 [main] DEBUG org.apache.http.headers - >> GET /api/auth/info HTTP/1.1
17:04:56.952 [main] DEBUG org.apache.http.headers - >> Content-Type: application/json
17:04:56.953 [main] DEBUG org.apache.http.headers - >> Authorization: Bearer eyJhbGciOiJIUzI1NiIsInR5cCI6IkpXVCJ9.eyJGdWxsbmFtZSI6IkpvaG4gRG9lIiwiRW1haWwiOiJzb21lb25lQG1haWwuY29tIn0.WvBSxcQEqqniC1v08LzkrHcELegs0b7vtjGPWiaEWcI
17:04:56.953 [main] DEBUG org.apache.http.headers - >> Accept: */*
17:04:56.953 [main] DEBUG org.apache.http.headers - >> Host: altashop-api.fly.dev
17:04:56.953 [main] DEBUG org.apache.http.headers - >> Connection: Keep-Alive
17:04:56.953 [main] DEBUG org.apache.http.headers - >> User-Agent: Apache-HttpClient/4.5.13 (Java/17.0.3.1)
17:04:56.953 [main] DEBUG org.apache.http.headers - >> Accept-Encoding: gzip,deflate
17:04:57.031 [main] DEBUG org.apache.http.wire -  << "HTTP/1.1 200 OK[\r][\n]"
17:04:57.032 [main] DEBUG org.apache.http.wire -  << "content-type: application/json[\r][\n]"
17:04:57.032 [main] DEBUG org.apache.http.wire -  << "date: Tue, 09 May 2023 10:05:00 GMT[\r][\n]"
17:04:57.032 [main] DEBUG org.apache.http.wire -  << "content-encoding: gzip[\r][\n]"
17:04:57.033 [main] DEBUG org.apache.http.wire -  << "transfer-encoding: chunked[\r][\n]"
17:04:57.033 [main] DEBUG org.apache.http.wire -  << "server: Fly/3f2597ca (2023-05-03)[\r][\n]"
17:04:57.033 [main] DEBUG org.apache.http.wire -  << "via: 1.1 fly.io[\r][\n]"
17:04:57.033 [main] DEBUG org.apache.http.wire -  << "fly-request-id: 01GZZZHBRZT2W4A8A3QM1JH889-sin[\r][\n]"
17:04:57.033 [main] DEBUG org.apache.http.wire -  << "[\r][\n]"
17:04:57.033 [main] DEBUG org.apache.http.impl.conn.DefaultClientConnection - Receiving response: HTTP/1.1 200 OK
17:04:57.033 [main] DEBUG org.apache.http.headers - << HTTP/1.1 200 OK
17:04:57.033 [main] DEBUG org.apache.http.headers - << content-type: application/json
17:04:57.033 [main] DEBUG org.apache.http.headers - << date: Tue, 09 May 2023 10:05:00 GMT
17:04:57.033 [main] DEBUG org.apache.http.headers - << content-encoding: gzip
17:04:57.033 [main] DEBUG org.apache.http.headers - << transfer-encoding: chunked
17:04:57.033 [main] DEBUG org.apache.http.headers - << server: Fly/3f2597ca (2023-05-03)
17:04:57.033 [main] DEBUG org.apache.http.headers - << via: 1.1 fly.io
17:04:57.033 [main] DEBUG org.apache.http.headers - << fly-request-id: 01GZZZHBRZT2W4A8A3QM1JH889-sin
17:04:57.037 [main] DEBUG org.apache.http.impl.client.DefaultHttpClient - Connection can be kept alive indefinitely
17:04:57.040 [main] DEBUG io.restassured.internal.RestAssuredHttpBuilder - Parsing response as: application/json
17:04:57.040 [main] DEBUG org.apache.http.wire -  << "6C[\r][\n]"
17:04:57.042 [main] DEBUG org.apache.http.wire -  << "[0x1f][0x8b][0x8][0x0][0x0][0x0][0x0][0x0][0x4][0xff][0xab]VJI,IT[0xb2][0xaa]V[0xf2]tQ[0xb2]24[0xb3]4[0xb1][0xd0]Qr+[0xcd][0xc9][0xc9]K[0xcc]MU[0xb2]R[0xf2][0xca][0xcf][0xc8]Sp[0xc9]OU[0xd2]Qr[0xcd]M[0xcc][0xcc]Q[0xb2]R*[0xce][0xcf]M[0xcd][0xcf]Ku[0x0]q[0xf5][0x92][0xf3]s[0x95]t[0x94][0x2][0x12][0x8b][0x8b][0xcb][0xf3][0x8b]R[0x94][0xac][0x94][0xc][0x8d][0x8c][\r][0x8d][0x8c][0x95]jk[0xb9][0x0][0xbf][0xec][0xea][0x18][[0x0][0x0][0x0]"
17:04:57.042 [main] DEBUG org.apache.http.wire -  << "[\r][\n]"
17:04:57.042 [main] DEBUG org.apache.http.wire -  << "0[\r][\n]"
17:04:57.042 [main] DEBUG org.apache.http.wire -  << "[\r][\n]"
17:04:57.042 [main] DEBUG io.restassured.internal.RestAssuredHttpBuilder - Parsed data to instance of: class org.apache.http.conn.EofSensorInputStream
17:04:57.066 [main] DEBUG org.apache.http.impl.conn.BasicClientConnectionManager - Releasing connection org.apache.http.impl.conn.ManagedClientConnectionImpl@1fe05fff
17:04:57.066 [main] DEBUG org.apache.http.impl.conn.BasicClientConnectionManager - Connection can be kept alive indefinitely
17:04:57.083 [main] DEBUG net.thucydides.core.steps.StepInterceptor - STEP DONE: I send GET HTTP Request
  &amp#27;[32mWhen &amp#27;[0m&amp#27;[32mI send Get HTTP Request&amp#27;[0m                                  &amp#27;[90m# starter.stepDefinition.AuthSteps.sendGetHttpRequest()&amp#27;[0m
17:04:57.087 [main] DEBUG net.thucydides.core.steps.StepInterceptor - STARTING STEP: AuthSteps.receiveValidHttpResponse - I receive valid HTTP response code is 200
17:04:57.098 [main] DEBUG net.thucydides.core.steps.StepInterceptor - STEP DONE: I receive valid HTTP response code is 200
  &amp#27;[32mThen &amp#27;[0m&amp#27;[32mI receive valid HTTP Response code 200&amp#27;[0m                   &amp#27;[90m# starter.stepDefinition.AuthSteps.receiveValidHttpResponse()&amp#27;[0m
17:04:57.101 [main] DEBUG net.thucydides.core.steps.StepInterceptor - STARTING STEP: AuthSteps.receiveValidDataForDetailProduct - I receive valid data for product comment
17:04:57.493 [main] DEBUG net.thucydides.core.steps.StepInterceptor - STEP DONE: I receive valid data for product comment
  &amp#27;[32mAnd &amp#27;[0m&amp#27;[32mI receive valid data for user information&amp#27;[0m                 &amp#27;[90m# starter.stepDefinition.AuthSteps.receiveValidDataForDetailProduct()&amp#27;[0m
17:04:57.496 [main] INFO  - 
  _____   ___   ___   _____     ___     _     ___   ___   ___   ___  
 |_   _| | __| / __| |_   _|   | _ \   /_\   / __| / __| | __| |   \ 
   | |   | _|  \__ \   | |     |  _/  / _ \  \__ \ \__ \ | _|  | |) |
   |_|   |___| |___/   |_|     |_|   /_/ \_\ |___/ |___/ |___| |___/ 

GET - As admin I have be able to get user information
----------------------------------------------------------------------
]]></system-out>
  </testcase>
  <testcase name="POST - As admin I have be able to register a new user account" classname="Auth" time="0.229">
    <system-out><![CDATA[
Scenario: POST - As admin I have be able to register a new user account &amp#27;[90m# src/test/resources/features/Auth.feature:12&amp#27;[0m
17:04:57.505 [main] INFO io.cucumber.core.plugin.SerenityReporter - Running feature from file:///C:/Users/VICTUS/IdeaProjects/RestAssuredMiniProject/src/test/resources/features/Auth.feature
17:04:57.507 [main] INFO  - 
  _____   ___   ___   _____     ___   _____     _     ___   _____   ___   ___  
 |_   _| | __| / __| |_   _|   / __| |_   _|   /_\   | _ \ |_   _| | __| |   \ 
   | |   | _|  \__ \   | |     \__ \   | |    / _ \  |   /   | |   | _|  | |) |
   |_|   |___| |___/   |_|     |___/   |_|   /_/ \_\ |_|_\   |_|   |___| |___/ 

POST - As admin I have be able to register a new user account(auth;post---as-admin-i-have-be-able-to-register-a-new-user-account)
--------------------------------------------------------------------------------
17:04:57.513 [main] DEBUG net.thucydides.core.steps.StepInterceptor - STARTING STEP: AuthSteps.setPostApiEndpoints - I set POST api endpoint
17:04:57.513 [main] DEBUG net.thucydides.core.steps.StepInterceptor - STEP DONE: I set POST api endpoint
  &amp#27;[32mGiven &amp#27;[0m&amp#27;[32mI set Post api endpoint&amp#27;[0m                                         &amp#27;[90m# starter.stepDefinition.AuthSteps.setPostApiEndpoints()&amp#27;[0m
17:04:57.517 [main] DEBUG net.thucydides.core.steps.StepInterceptor - STARTING STEP: AuthSteps.sendPostHttpRequest - I send POST HTTP Request
17:04:57.520 [main] DEBUG net.thucydides.core.steps.StepInterceptor - STARTING STEP: PostReg.sendPostHttpRequest - I set POST api endpoint
17:04:57.520 [main] DEBUG net.thucydides.core.steps.StepInterceptor - STEP DONE: I set POST api endpoint
17:04:57.539 [main] DEBUG org.apache.http.impl.conn.BasicClientConnectionManager - Get connection for route {s}->https://altashop-api.fly.dev:443
17:04:57.539 [main] DEBUG org.apache.http.impl.conn.DefaultClientConnectionOperator - Connecting to altashop-api.fly.dev:443
17:04:57.633 [main] DEBUG org.apache.http.client.protocol.RequestAddCookies - CookieSpec selected: ignoreCookies
17:04:57.633 [main] DEBUG org.apache.http.client.protocol.RequestAuthCache - Auth cache not set in the context
17:04:57.633 [main] DEBUG org.apache.http.client.protocol.RequestTargetAuthentication - Target auth state: UNCHALLENGED
17:04:57.633 [main] DEBUG org.apache.http.client.protocol.RequestProxyAuthentication - Proxy auth state: UNCHALLENGED
17:04:57.633 [main] DEBUG org.apache.http.impl.client.DefaultHttpClient - Attempt 1 to execute request
17:04:57.633 [main] DEBUG org.apache.http.impl.conn.DefaultClientConnection - Sending request: POST /api/auth/register HTTP/1.1
17:04:57.633 [main] DEBUG org.apache.http.wire -  >> "POST /api/auth/register HTTP/1.1[\r][\n]"
17:04:57.633 [main] DEBUG org.apache.http.wire -  >> "Accept: */*[\r][\n]"
17:04:57.633 [main] DEBUG org.apache.http.wire -  >> "Content-Type: application/json[\r][\n]"
17:04:57.633 [main] DEBUG org.apache.http.wire -  >> "Content-Length: 104[\r][\n]"
17:04:57.633 [main] DEBUG org.apache.http.wire -  >> "Host: altashop-api.fly.dev[\r][\n]"
17:04:57.633 [main] DEBUG org.apache.http.wire -  >> "Connection: Keep-Alive[\r][\n]"
17:04:57.633 [main] DEBUG org.apache.http.wire -  >> "User-Agent: Apache-HttpClient/4.5.13 (Java/17.0.3.1)[\r][\n]"
17:04:57.633 [main] DEBUG org.apache.http.wire -  >> "Accept-Encoding: gzip,deflate[\r][\n]"
17:04:57.633 [main] DEBUG org.apache.http.wire -  >> "[\r][\n]"
17:04:57.633 [main] DEBUG org.apache.http.headers - >> POST /api/auth/register HTTP/1.1
17:04:57.633 [main] DEBUG org.apache.http.headers - >> Accept: */*
17:04:57.633 [main] DEBUG org.apache.http.headers - >> Content-Type: application/json
17:04:57.633 [main] DEBUG org.apache.http.headers - >> Content-Length: 104
17:04:57.633 [main] DEBUG org.apache.http.headers - >> Host: altashop-api.fly.dev
17:04:57.633 [main] DEBUG org.apache.http.headers - >> Connection: Keep-Alive
17:04:57.633 [main] DEBUG org.apache.http.headers - >> User-Agent: Apache-HttpClient/4.5.13 (Java/17.0.3.1)
17:04:57.633 [main] DEBUG org.apache.http.headers - >> Accept-Encoding: gzip,deflate
17:04:57.633 [main] DEBUG org.apache.http.wire -  >> "{"password":"sayaganteng123","fullname":"Boboiboy Taufan bin Amat","email":"boboiboytaufan11@gmail.com"}"
17:04:57.688 [main] DEBUG org.apache.http.wire -  << "HTTP/1.1 200 OK[\r][\n]"
17:04:57.688 [main] DEBUG org.apache.http.wire -  << "content-type: application/json[\r][\n]"
17:04:57.688 [main] DEBUG org.apache.http.wire -  << "date: Tue, 09 May 2023 10:05:01 GMT[\r][\n]"
17:04:57.688 [main] DEBUG org.apache.http.wire -  << "content-encoding: gzip[\r][\n]"
17:04:57.688 [main] DEBUG org.apache.http.wire -  << "transfer-encoding: chunked[\r][\n]"
17:04:57.688 [main] DEBUG org.apache.http.wire -  << "server: Fly/3f2597ca (2023-05-03)[\r][\n]"
17:04:57.688 [main] DEBUG org.apache.http.wire -  << "via: 1.1 fly.io[\r][\n]"
17:04:57.688 [main] DEBUG org.apache.http.wire -  << "fly-request-id: 01GZZZHCEBZKV66GCSECQHFDAK-sin[\r][\n]"
17:04:57.688 [main] DEBUG org.apache.http.wire -  << "[\r][\n]"
17:04:57.688 [main] DEBUG org.apache.http.impl.conn.DefaultClientConnection - Receiving response: HTTP/1.1 200 OK
17:04:57.688 [main] DEBUG org.apache.http.headers - << HTTP/1.1 200 OK
17:04:57.688 [main] DEBUG org.apache.http.headers - << content-type: application/json
17:04:57.688 [main] DEBUG org.apache.http.headers - << date: Tue, 09 May 2023 10:05:01 GMT
17:04:57.688 [main] DEBUG org.apache.http.headers - << content-encoding: gzip
17:04:57.688 [main] DEBUG org.apache.http.headers - << transfer-encoding: chunked
17:04:57.688 [main] DEBUG org.apache.http.headers - << server: Fly/3f2597ca (2023-05-03)
17:04:57.688 [main] DEBUG org.apache.http.headers - << via: 1.1 fly.io
17:04:57.688 [main] DEBUG org.apache.http.headers - << fly-request-id: 01GZZZHCEBZKV66GCSECQHFDAK-sin
17:04:57.688 [main] DEBUG org.apache.http.impl.client.DefaultHttpClient - Connection can be kept alive indefinitely
17:04:57.688 [main] DEBUG io.restassured.internal.RestAssuredHttpBuilder - Parsing response as: application/json
17:04:57.688 [main] DEBUG org.apache.http.wire -  << "87[\r][\n]"
17:04:57.688 [main] DEBUG org.apache.http.wire -  << "[0x1f][0x8b][0x8][0x0][0x0][0x0][0x0][0x0][0x4][0xff][0xab]VJI,IT[0xb2][0xaa]V[0xf2]tQ[0xb2]22203[0xd0]Qr+[0xcd][0xc9][0xc9]K[0xcc]MU[0xb2]Rr[0xca]O[0xca][0xcf]L[0xca][0xaf]T[0x8]I,MK[0xcc]SH[0xca][0xcc]Sp[0xcc]M,Q[0xd2]Qr[0xcd]M[0xcc][0xcc]Q[0xb2]RJ[0x82]*)[0x1][0xab]04tH[0x7]I[0xe8]%[0xe7][0xe7]*[0xe9]([0x5]$[0x16][0x17][0x97][0xe7][0x17][0xa5](Y)[0x15]'V&[0xa6]'[0xe6][0x95][0xa4][0xe6][0xa5][0x1b][0x1a][0x19]+[0xd5][0xd6]r[0x1][0x0][0xc8][0xe2][0x83][0x85]}[0x0][0x0][0x0]"
17:04:57.688 [main] DEBUG org.apache.http.wire -  << "[\r][\n]"
17:04:57.688 [main] DEBUG org.apache.http.wire -  << "0[\r][\n]"
17:04:57.688 [main] DEBUG org.apache.http.wire -  << "[\r][\n]"
17:04:57.688 [main] DEBUG io.restassured.internal.RestAssuredHttpBuilder - Parsed data to instance of: class org.apache.http.conn.EofSensorInputStream
17:04:57.690 [main] DEBUG org.apache.http.impl.conn.BasicClientConnectionManager - Releasing connection org.apache.http.impl.conn.ManagedClientConnectionImpl@3d50a3d9
17:04:57.690 [main] DEBUG org.apache.http.impl.conn.BasicClientConnectionManager - Connection can be kept alive indefinitely
17:04:57.691 [main] DEBUG net.thucydides.core.steps.StepInterceptor - STEP DONE: I send POST HTTP Request
  &amp#27;[32mWhen &amp#27;[0m&amp#27;[32mI send Post HTTP Request&amp#27;[0m                                         &amp#27;[90m# starter.stepDefinition.AuthSteps.sendPostHttpRequest()&amp#27;[0m
17:04:57.693 [main] DEBUG net.thucydides.core.steps.StepInterceptor - STARTING STEP: AuthSteps.receiveValidHttp201 - I receive valid HTTP response code is 201
17:04:57.694 [main] DEBUG net.thucydides.core.steps.StepInterceptor - STEP DONE: I receive valid HTTP response code is 201
  &amp#27;[32mThen &amp#27;[0m&amp#27;[32mI receive valid HTTP Response code 201&amp#27;[0m                           &amp#27;[90m# starter.stepDefinition.AuthSteps.receiveValidHttp201()&amp#27;[0m
17:04:57.696 [main] DEBUG net.thucydides.core.steps.StepInterceptor - STARTING STEP: AuthSteps.receiveValidDataForRatingProduct - I receive valid data for product category
17:04:57.725 [main] DEBUG net.thucydides.core.steps.StepInterceptor - STEP DONE: I receive valid data for product category
  &amp#27;[32mAnd &amp#27;[0m&amp#27;[32mI receive valid data for new user account&amp#27;[0m                         &amp#27;[90m# starter.stepDefinition.AuthSteps.receiveValidDataForRatingProduct()&amp#27;[0m
17:04:57.727 [main] INFO  - 
  _____   ___   ___   _____     ___     _     ___   ___   ___   ___  
 |_   _| | __| / __| |_   _|   | _ \   /_\   / __| / __| | __| |   \ 
   | |   | _|  \__ \   | |     |  _/  / _ \  \__ \ \__ \ | _|  | |) |
   |_|   |___| |___/   |_|     |_|   /_/ \_\ |___/ |___/ |___| |___/ 

POST - As admin I have be able to register a new user account
----------------------------------------------------------------------
]]></system-out>
  </testcase>
  <testcase name="POST - As admin I have be able to login existing user account" classname="Auth" time="0.194">
    <system-out><![CDATA[
Scenario: POST - As admin I have be able to login existing user account &amp#27;[90m# src/test/resources/features/Auth.feature:18&amp#27;[0m
17:04:57.736 [main] INFO io.cucumber.core.plugin.SerenityReporter - Running feature from file:///C:/Users/VICTUS/IdeaProjects/RestAssuredMiniProject/src/test/resources/features/Auth.feature
17:04:57.737 [main] INFO  - 
  _____   ___   ___   _____     ___   _____     _     ___   _____   ___   ___  
 |_   _| | __| / __| |_   _|   / __| |_   _|   /_\   | _ \ |_   _| | __| |   \ 
   | |   | _|  \__ \   | |     \__ \   | |    / _ \  |   /   | |   | _|  | |) |
   |_|   |___| |___/   |_|     |___/   |_|   /_/ \_\ |_|_\   |_|   |___| |___/ 

POST - As admin I have be able to login existing user account(auth;post---as-admin-i-have-be-able-to-login-existing-user-account)
--------------------------------------------------------------------------------
17:04:57.744 [main] DEBUG net.thucydides.core.steps.StepInterceptor - STARTING STEP: AuthSteps.setPostApiEndpoint - I set POST api endpoint
17:04:57.744 [main] DEBUG net.thucydides.core.steps.StepInterceptor - STEP DONE: I set POST api endpoint
  &amp#27;[32mGiven &amp#27;[0m&amp#27;[32mI set Post API endpoint&amp#27;[0m                                         &amp#27;[90m# starter.stepDefinition.AuthSteps.setPostApiEndpoint()&amp#27;[0m
17:04:57.746 [main] DEBUG net.thucydides.core.steps.StepInterceptor - STARTING STEP: AuthSteps.sendPostHTTPRequest - I send POST HTTP Request
17:04:57.749 [main] DEBUG net.thucydides.core.steps.StepInterceptor - STARTING STEP: PostLog.sendPostHttpRequest - I set POST api endpoint
17:04:57.749 [main] DEBUG net.thucydides.core.steps.StepInterceptor - STEP DONE: I set POST api endpoint
17:04:57.762 [main] DEBUG org.apache.http.impl.conn.BasicClientConnectionManager - Get connection for route {s}->https://altashop-api.fly.dev:443
17:04:57.762 [main] DEBUG org.apache.http.impl.conn.DefaultClientConnectionOperator - Connecting to altashop-api.fly.dev:443
17:04:57.861 [main] DEBUG org.apache.http.client.protocol.RequestAddCookies - CookieSpec selected: ignoreCookies
17:04:57.862 [main] DEBUG org.apache.http.client.protocol.RequestAuthCache - Auth cache not set in the context
17:04:57.862 [main] DEBUG org.apache.http.client.protocol.RequestTargetAuthentication - Target auth state: UNCHALLENGED
17:04:57.862 [main] DEBUG org.apache.http.client.protocol.RequestProxyAuthentication - Proxy auth state: UNCHALLENGED
17:04:57.862 [main] DEBUG org.apache.http.impl.client.DefaultHttpClient - Attempt 1 to execute request
17:04:57.862 [main] DEBUG org.apache.http.impl.conn.DefaultClientConnection - Sending request: POST /api/auth/login HTTP/1.1
17:04:57.862 [main] DEBUG org.apache.http.wire -  >> "POST /api/auth/login HTTP/1.1[\r][\n]"
17:04:57.862 [main] DEBUG org.apache.http.wire -  >> "Accept: */*[\r][\n]"
17:04:57.862 [main] DEBUG org.apache.http.wire -  >> "Content-Type: application/json[\r][\n]"
17:04:57.862 [main] DEBUG org.apache.http.wire -  >> "Content-Length: 48[\r][\n]"
17:04:57.862 [main] DEBUG org.apache.http.wire -  >> "Host: altashop-api.fly.dev[\r][\n]"
17:04:57.862 [main] DEBUG org.apache.http.wire -  >> "Connection: Keep-Alive[\r][\n]"
17:04:57.862 [main] DEBUG org.apache.http.wire -  >> "User-Agent: Apache-HttpClient/4.5.13 (Java/17.0.3.1)[\r][\n]"
17:04:57.862 [main] DEBUG org.apache.http.wire -  >> "Accept-Encoding: gzip,deflate[\r][\n]"
17:04:57.862 [main] DEBUG org.apache.http.wire -  >> "[\r][\n]"
17:04:57.862 [main] DEBUG org.apache.http.headers - >> POST /api/auth/login HTTP/1.1
17:04:57.862 [main] DEBUG org.apache.http.headers - >> Accept: */*
17:04:57.862 [main] DEBUG org.apache.http.headers - >> Content-Type: application/json
17:04:57.862 [main] DEBUG org.apache.http.headers - >> Content-Length: 48
17:04:57.862 [main] DEBUG org.apache.http.headers - >> Host: altashop-api.fly.dev
17:04:57.862 [main] DEBUG org.apache.http.headers - >> Connection: Keep-Alive
17:04:57.862 [main] DEBUG org.apache.http.headers - >> User-Agent: Apache-HttpClient/4.5.13 (Java/17.0.3.1)
17:04:57.862 [main] DEBUG org.apache.http.headers - >> Accept-Encoding: gzip,deflate
17:04:57.862 [main] DEBUG org.apache.http.wire -  >> "{"password":"123123","email":"someone@mail.com"}"
17:04:57.905 [main] DEBUG org.apache.http.wire -  << "HTTP/1.1 200 OK[\r][\n]"
17:04:57.905 [main] DEBUG org.apache.http.wire -  << "content-type: application/json[\r][\n]"
17:04:57.905 [main] DEBUG org.apache.http.wire -  << "date: Tue, 09 May 2023 10:05:01 GMT[\r][\n]"
17:04:57.905 [main] DEBUG org.apache.http.wire -  << "content-encoding: gzip[\r][\n]"
17:04:57.905 [main] DEBUG org.apache.http.wire -  << "transfer-encoding: chunked[\r][\n]"
17:04:57.905 [main] DEBUG org.apache.http.wire -  << "server: Fly/3f2597ca (2023-05-03)[\r][\n]"
17:04:57.905 [main] DEBUG org.apache.http.wire -  << "via: 1.1 fly.io[\r][\n]"
17:04:57.905 [main] DEBUG org.apache.http.wire -  << "fly-request-id: 01GZZZHCNDH88X6RKT9358GG9J-sin[\r][\n]"
17:04:57.905 [main] DEBUG org.apache.http.wire -  << "[\r][\n]"
17:04:57.905 [main] DEBUG org.apache.http.impl.conn.DefaultClientConnection - Receiving response: HTTP/1.1 200 OK
17:04:57.905 [main] DEBUG org.apache.http.headers - << HTTP/1.1 200 OK
17:04:57.905 [main] DEBUG org.apache.http.headers - << content-type: application/json
17:04:57.905 [main] DEBUG org.apache.http.headers - << date: Tue, 09 May 2023 10:05:01 GMT
17:04:57.905 [main] DEBUG org.apache.http.headers - << content-encoding: gzip
17:04:57.905 [main] DEBUG org.apache.http.headers - << transfer-encoding: chunked
17:04:57.905 [main] DEBUG org.apache.http.headers - << server: Fly/3f2597ca (2023-05-03)
17:04:57.905 [main] DEBUG org.apache.http.headers - << via: 1.1 fly.io
17:04:57.905 [main] DEBUG org.apache.http.headers - << fly-request-id: 01GZZZHCNDH88X6RKT9358GG9J-sin
17:04:57.905 [main] DEBUG org.apache.http.impl.client.DefaultHttpClient - Connection can be kept alive indefinitely
17:04:57.905 [main] DEBUG io.restassured.internal.RestAssuredHttpBuilder - Parsing response as: application/json
17:04:57.905 [main] DEBUG org.apache.http.wire -  << "AC[\r][\n]"
17:04:57.905 [main] DEBUG org.apache.http.wire -  << "[0x1f][0x8b][0x8][0x0][0x0][0x0][0x0][0x0][0x4][0xff][0xab]VJI,IT[0xb2]RJ[0xad][0xf4][0xca]HrO[0xce][0xf4][0xcf][0xf4][0xf2][0xc][0xad][0xf2]4[0xf4][0xcb][0xf4],[0xf6][0xcc][0xb]2Mv[0xf6]4[0xf3][0xcc].[0x88][0x8]s[0xf6][0xb2][0xd4]K[0xad][0xf4]rO[0x9][0xaf](N[0xca]u+[0x89][\n]"
17:04:57.905 [main] DEBUG org.apache.http.wire -  << "[0x6]K[0x94]%[0xba][0x9b][0xa4][0x7][0xb9][[0xe6]xf[0x96]g[0x6][0x85][0x1b]f$[0x86][0x97][0x83][0xc][0xa9]J22[0xcc]I22[0xcd][0x9]t[0x7][0x8b][0x95]F[0x1a]Y[0x96]x[0xe6][0x19][0xe8][0x85][0x97]9[0x5]W$[0x7][0xba][0x16][0x16][0xe6]e:[0x1b][0x96][0x19]X[0xf8]Te[0x17]y$[0xbb][0xfa][0xa4][0xa6][0x17][0x1b]$[0x99][0x97][0x95]d[0xb9][0x7][0x84]g&[0xba][0x86]'{*[0xd5]r[0x1][0x0]?[0x99][0xcf]j[0xa0][0x0][0x0][0x0]"
17:04:57.905 [main] DEBUG org.apache.http.wire -  << "[\r][\n]"
17:04:57.906 [main] DEBUG org.apache.http.wire -  << "0[\r][\n]"
17:04:57.906 [main] DEBUG org.apache.http.wire -  << "[\r][\n]"
17:04:57.906 [main] DEBUG io.restassured.internal.RestAssuredHttpBuilder - Parsed data to instance of: class org.apache.http.conn.EofSensorInputStream
17:04:57.907 [main] DEBUG org.apache.http.impl.conn.BasicClientConnectionManager - Releasing connection org.apache.http.impl.conn.ManagedClientConnectionImpl@4c8a9266
17:04:57.907 [main] DEBUG org.apache.http.impl.conn.BasicClientConnectionManager - Connection can be kept alive indefinitely
17:04:57.907 [main] DEBUG net.thucydides.core.steps.StepInterceptor - STEP DONE: I send POST HTTP Request
  &amp#27;[32mWhen &amp#27;[0m&amp#27;[32mI send Post HTTP request&amp#27;[0m                                         &amp#27;[90m# starter.stepDefinition.AuthSteps.sendPostHTTPRequest()&amp#27;[0m
17:04:57.909 [main] DEBUG net.thucydides.core.steps.StepInterceptor - STARTING STEP: AuthSteps.receiveValidHTTP201 - I receive valid HTTP response code is 201
17:04:57.910 [main] DEBUG net.thucydides.core.steps.StepInterceptor - STEP DONE: I receive valid HTTP response code is 201
  &amp#27;[32mThen &amp#27;[0m&amp#27;[32mI receive valid HTTP Response code is 201&amp#27;[0m                        &amp#27;[90m# starter.stepDefinition.AuthSteps.receiveValidHTTP201()&amp#27;[0m
17:04:57.912 [main] DEBUG net.thucydides.core.steps.StepInterceptor - STARTING STEP: AuthSteps.receiveValidDataRatingProduct - I receive valid data for product category
17:04:57.919 [main] DEBUG net.thucydides.core.steps.StepInterceptor - STEP DONE: I receive valid data for product category
  &amp#27;[32mAnd &amp#27;[0m&amp#27;[32mI receive valid data for existing user account&amp#27;[0m                    &amp#27;[90m# starter.stepDefinition.AuthSteps.receiveValidDataRatingProduct()&amp#27;[0m
17:04:57.921 [main] INFO  - 
  _____   ___   ___   _____     ___     _     ___   ___   ___   ___  
 |_   _| | __| / __| |_   _|   | _ \   /_\   / __| / __| | __| |   \ 
   | |   | _|  \__ \   | |     |  _/  / _ \  \__ \ \__ \ | _|  | |) |
   |_|   |___| |___/   |_|     |_|   /_/ \_\ |___/ |___/ |___| |___/ 

POST - As admin I have be able to login existing user account
----------------------------------------------------------------------
]]></system-out>
  </testcase>
  <testcase name="GET - As admin I have be able to get product category" classname="Category" time="0.203">
    <system-out><![CDATA[17:04:57.922 [main] INFO io.cucumber.core.plugin.SerenityReporter - Running feature from file:///C:/Users/VICTUS/IdeaProjects/RestAssuredMiniProject/src/test/resources/features/Category.feature
17:04:57.924 [main] DEBUG net.thucydides.core.steps.StepEventBus - Test suite started for story net.thucydides.core.model.Story@d99e90e8
17:04:57.924 [main] INFO  - Test Suite Started: Category

Scenario: GET - As admin I have be able to get product category &amp#27;[90m# src/test/resources/features/Category.feature:6&amp#27;[0m
17:04:57.931 [main] INFO io.cucumber.core.plugin.SerenityReporter - Running feature from file:///C:/Users/VICTUS/IdeaProjects/RestAssuredMiniProject/src/test/resources/features/Category.feature
17:04:57.933 [main] INFO  - 
  _____   ___   ___   _____     ___   _____     _     ___   _____   ___   ___  
 |_   _| | __| / __| |_   _|   / __| |_   _|   /_\   | _ \ |_   _| | __| |   \ 
   | |   | _|  \__ \   | |     \__ \   | |    / _ \  |   /   | |   | _|  | |) |
   |_|   |___| |___/   |_|     |___/   |_|   /_/ \_\ |_|_\   |_|   |___| |___/ 

GET - As admin I have be able to get product category(category;get---as-admin-i-have-be-able-to-get-product-category)
--------------------------------------------------------------------------------
17:04:57.952 [main] DEBUG net.thucydides.core.steps.StepInterceptor - STARTING STEP: CategorySteps.setGetApiEndpoints - I set GET API endpoint
17:04:57.952 [main] DEBUG net.thucydides.core.steps.StepInterceptor - STEP DONE: I set GET API endpoint
  &amp#27;[32mGiven &amp#27;[0m&amp#27;[32mI set GET api endpoint&amp#27;[0m                                  &amp#27;[90m# starter.stepDefinition.CategorySteps.setGetApiEndpoints()&amp#27;[0m
17:04:57.955 [main] DEBUG net.thucydides.core.steps.StepInterceptor - STARTING STEP: CategorySteps.sendGetHttpRequest - I send GET HTTP Request
17:04:57.955 [main] DEBUG net.thucydides.core.steps.StepInterceptor - STARTING STEP: Get.sendGetHttpRequest - I set GET API endpoint
17:04:57.955 [main] DEBUG net.thucydides.core.steps.StepInterceptor - STEP DONE: I set GET API endpoint
17:04:57.964 [main] DEBUG org.apache.http.impl.conn.BasicClientConnectionManager - Get connection for route {s}->https://altashop-api.fly.dev:443
17:04:57.964 [main] DEBUG org.apache.http.impl.conn.DefaultClientConnectionOperator - Connecting to altashop-api.fly.dev:443
17:04:58.067 [main] DEBUG org.apache.http.client.protocol.RequestAddCookies - CookieSpec selected: ignoreCookies
17:04:58.067 [main] DEBUG org.apache.http.client.protocol.RequestAuthCache - Auth cache not set in the context
17:04:58.067 [main] DEBUG org.apache.http.client.protocol.RequestTargetAuthentication - Target auth state: UNCHALLENGED
17:04:58.067 [main] DEBUG org.apache.http.client.protocol.RequestProxyAuthentication - Proxy auth state: UNCHALLENGED
17:04:58.067 [main] DEBUG org.apache.http.impl.client.DefaultHttpClient - Attempt 1 to execute request
17:04:58.067 [main] DEBUG org.apache.http.impl.conn.DefaultClientConnection - Sending request: GET /api/categories/12594 HTTP/1.1
17:04:58.067 [main] DEBUG org.apache.http.wire -  >> "GET /api/categories/12594 HTTP/1.1[\r][\n]"
17:04:58.067 [main] DEBUG org.apache.http.wire -  >> "Accept: */*[\r][\n]"
17:04:58.067 [main] DEBUG org.apache.http.wire -  >> "Host: altashop-api.fly.dev[\r][\n]"
17:04:58.067 [main] DEBUG org.apache.http.wire -  >> "Connection: Keep-Alive[\r][\n]"
17:04:58.067 [main] DEBUG org.apache.http.wire -  >> "User-Agent: Apache-HttpClient/4.5.13 (Java/17.0.3.1)[\r][\n]"
17:04:58.067 [main] DEBUG org.apache.http.wire -  >> "Accept-Encoding: gzip,deflate[\r][\n]"
17:04:58.067 [main] DEBUG org.apache.http.wire -  >> "[\r][\n]"
17:04:58.067 [main] DEBUG org.apache.http.headers - >> GET /api/categories/12594 HTTP/1.1
17:04:58.067 [main] DEBUG org.apache.http.headers - >> Accept: */*
17:04:58.067 [main] DEBUG org.apache.http.headers - >> Host: altashop-api.fly.dev
17:04:58.067 [main] DEBUG org.apache.http.headers - >> Connection: Keep-Alive
17:04:58.067 [main] DEBUG org.apache.http.headers - >> User-Agent: Apache-HttpClient/4.5.13 (Java/17.0.3.1)
17:04:58.067 [main] DEBUG org.apache.http.headers - >> Accept-Encoding: gzip,deflate
17:04:58.106 [main] DEBUG org.apache.http.wire -  << "HTTP/1.1 200 OK[\r][\n]"
17:04:58.106 [main] DEBUG org.apache.http.wire -  << "content-type: application/json[\r][\n]"
17:04:58.106 [main] DEBUG org.apache.http.wire -  << "date: Tue, 09 May 2023 10:05:01 GMT[\r][\n]"
17:04:58.106 [main] DEBUG org.apache.http.wire -  << "content-encoding: gzip[\r][\n]"
17:04:58.106 [main] DEBUG org.apache.http.wire -  << "transfer-encoding: chunked[\r][\n]"
17:04:58.106 [main] DEBUG org.apache.http.wire -  << "server: Fly/3f2597ca (2023-05-03)[\r][\n]"
17:04:58.106 [main] DEBUG org.apache.http.wire -  << "via: 1.1 fly.io[\r][\n]"
17:04:58.106 [main] DEBUG org.apache.http.wire -  << "fly-request-id: 01GZZZHCVQBAFFPCE06YDM6RPZ-sin[\r][\n]"
17:04:58.106 [main] DEBUG org.apache.http.wire -  << "[\r][\n]"
17:04:58.106 [main] DEBUG org.apache.http.impl.conn.DefaultClientConnection - Receiving response: HTTP/1.1 200 OK
17:04:58.106 [main] DEBUG org.apache.http.headers - << HTTP/1.1 200 OK
17:04:58.106 [main] DEBUG org.apache.http.headers - << content-type: application/json
17:04:58.106 [main] DEBUG org.apache.http.headers - << date: Tue, 09 May 2023 10:05:01 GMT
17:04:58.106 [main] DEBUG org.apache.http.headers - << content-encoding: gzip
17:04:58.106 [main] DEBUG org.apache.http.headers - << transfer-encoding: chunked
17:04:58.106 [main] DEBUG org.apache.http.headers - << server: Fly/3f2597ca (2023-05-03)
17:04:58.106 [main] DEBUG org.apache.http.headers - << via: 1.1 fly.io
17:04:58.106 [main] DEBUG org.apache.http.headers - << fly-request-id: 01GZZZHCVQBAFFPCE06YDM6RPZ-sin
17:04:58.107 [main] DEBUG org.apache.http.impl.client.DefaultHttpClient - Connection can be kept alive indefinitely
17:04:58.107 [main] DEBUG io.restassured.internal.RestAssuredHttpBuilder - Parsing response as: application/json
17:04:58.107 [main] DEBUG org.apache.http.wire -  << "5A[\r][\n]"
17:04:58.107 [main] DEBUG org.apache.http.wire -  << "[0x1f][0x8b][0x8][0x0][0x0][0x0][0x0][0x0][0x4][0xff][0xab]VJI,IT[0xb2][0xaa]V[0xf2]tQ[0xb2]242[0xb5]4[0xd1]Q[0xf2]K[0xcc]MU[0xb2]RJO[0xcc][0xcd][0xcc]KW[0xd2]QrI-N.[0xca],([0xc9][0xcc][0xcf]S[0xb2]RJ[0xcb]/R[0x80]H)[0x14][0x94][0x16][0x15][0xe4][0x17][0xa7][0x16]+[0xd5][0xd6]r[0x1][0x0]i4[0x90][0xe9]J[0x0][0x0][0x0]"
17:04:58.107 [main] DEBUG org.apache.http.wire -  << "[\r][\n]"
17:04:58.107 [main] DEBUG org.apache.http.wire -  << "0[\r][\n]"
17:04:58.107 [main] DEBUG org.apache.http.wire -  << "[\r][\n]"
17:04:58.107 [main] DEBUG io.restassured.internal.RestAssuredHttpBuilder - Parsed data to instance of: class org.apache.http.conn.EofSensorInputStream
17:04:58.108 [main] DEBUG org.apache.http.impl.conn.BasicClientConnectionManager - Releasing connection org.apache.http.impl.conn.ManagedClientConnectionImpl@3cc817bd
17:04:58.108 [main] DEBUG org.apache.http.impl.conn.BasicClientConnectionManager - Connection can be kept alive indefinitely
17:04:58.108 [main] DEBUG net.thucydides.core.steps.StepInterceptor - STEP DONE: I send GET HTTP Request
  &amp#27;[32mWhen &amp#27;[0m&amp#27;[32mI send GET HTTP Request&amp#27;[0m                                  &amp#27;[90m# starter.stepDefinition.CategorySteps.sendGetHttpRequest()&amp#27;[0m
17:04:58.111 [main] DEBUG net.thucydides.core.steps.StepInterceptor - STARTING STEP: CategorySteps.receiveValidHttpResponse - I receive valid HTTP response code is 200
17:04:58.111 [main] DEBUG net.thucydides.core.steps.StepInterceptor - STEP DONE: I receive valid HTTP response code is 200
  &amp#27;[32mThen &amp#27;[0m&amp#27;[32mI receive valid HTTP response code is 200&amp#27;[0m                &amp#27;[90m# starter.stepDefinition.CategorySteps.receiveValidHttpResponse()&amp#27;[0m
17:04:58.113 [main] DEBUG net.thucydides.core.steps.StepInterceptor - STARTING STEP: CategorySteps.receiveValidDataForDetailProduct - I receive valid data for product comment
17:04:58.126 [main] DEBUG net.thucydides.core.steps.StepInterceptor - STEP DONE: I receive valid data for product comment
  &amp#27;[32mAnd &amp#27;[0m&amp#27;[32mI receive valid data for product category&amp#27;[0m                 &amp#27;[90m# starter.stepDefinition.CategorySteps.receiveValidDataForDetailProduct()&amp#27;[0m
17:04:58.127 [main] INFO  - 
  _____   ___   ___   _____     ___     _     ___   ___   ___   ___  
 |_   _| | __| / __| |_   _|   | _ \   /_\   / __| / __| | __| |   \ 
   | |   | _|  \__ \   | |     |  _/  / _ \  \__ \ \__ \ | _|  | |) |
   |_|   |___| |___/   |_|     |_|   /_/ \_\ |___/ |___/ |___| |___/ 

GET - As admin I have be able to get product category
----------------------------------------------------------------------
]]></system-out>
  </testcase>
  <testcase name="POST - As admin I have be able to assign a product category" classname="Category" time="0.194">
    <system-out><![CDATA[
Scenario: POST - As admin I have be able to assign a product category &amp#27;[90m# src/test/resources/features/Category.feature:12&amp#27;[0m
17:04:58.135 [main] INFO io.cucumber.core.plugin.SerenityReporter - Running feature from file:///C:/Users/VICTUS/IdeaProjects/RestAssuredMiniProject/src/test/resources/features/Category.feature
17:04:58.136 [main] INFO  - 
  _____   ___   ___   _____     ___   _____     _     ___   _____   ___   ___  
 |_   _| | __| / __| |_   _|   / __| |_   _|   /_\   | _ \ |_   _| | __| |   \ 
   | |   | _|  \__ \   | |     \__ \   | |    / _ \  |   /   | |   | _|  | |) |
   |_|   |___| |___/   |_|     |___/   |_|   /_/ \_\ |_|_\   |_|   |___| |___/ 

POST - As admin I have be able to assign a product category(category;post---as-admin-i-have-be-able-to-assign-a-product-category)
--------------------------------------------------------------------------------
17:04:58.142 [main] DEBUG net.thucydides.core.steps.StepInterceptor - STARTING STEP: CategorySteps.setPostApiEndpoints - I set POST api endpoint
17:04:58.143 [main] DEBUG net.thucydides.core.steps.StepInterceptor - STEP DONE: I set POST api endpoint
  &amp#27;[32mGiven &amp#27;[0m&amp#27;[32mI set POST api endpoint&amp#27;[0m                                       &amp#27;[90m# starter.stepDefinition.CategorySteps.setPostApiEndpoints()&amp#27;[0m
17:04:58.144 [main] DEBUG net.thucydides.core.steps.StepInterceptor - STARTING STEP: CategorySteps.sendPostHttpRequest - I send POST HTTP Request
17:04:58.156 [main] DEBUG net.thucydides.core.steps.StepInterceptor - STARTING STEP: Post.sendPostHttpRequest - I set POST api endpoint
17:04:58.156 [main] DEBUG net.thucydides.core.steps.StepInterceptor - STEP DONE: I set POST api endpoint
17:04:58.158 [Finalizer] DEBUG org.apache.http.impl.conn.DefaultClientConnection - Connection 0.0.0.0:61622<->149.248.193.56:443 closed
17:04:58.159 [Finalizer] DEBUG org.apache.http.impl.conn.DefaultClientConnection - Connection 0.0.0.0:61621<->149.248.193.56:443 closed
17:04:58.159 [Finalizer] DEBUG org.apache.http.impl.conn.DefaultClientConnection - Connection 0.0.0.0:61623<->149.248.193.56:443 closed
17:04:58.164 [main] DEBUG org.apache.http.impl.conn.BasicClientConnectionManager - Get connection for route {s}->https://altashop-api.fly.dev:443
17:04:58.164 [main] DEBUG org.apache.http.impl.conn.DefaultClientConnectionOperator - Connecting to altashop-api.fly.dev:443
17:04:58.254 [main] DEBUG org.apache.http.client.protocol.RequestAddCookies - CookieSpec selected: ignoreCookies
17:04:58.254 [main] DEBUG org.apache.http.client.protocol.RequestAuthCache - Auth cache not set in the context
17:04:58.254 [main] DEBUG org.apache.http.client.protocol.RequestTargetAuthentication - Target auth state: UNCHALLENGED
17:04:58.254 [main] DEBUG org.apache.http.client.protocol.RequestProxyAuthentication - Proxy auth state: UNCHALLENGED
17:04:58.254 [main] DEBUG org.apache.http.impl.client.DefaultHttpClient - Attempt 1 to execute request
17:04:58.254 [main] DEBUG org.apache.http.impl.conn.DefaultClientConnection - Sending request: POST /api/categories HTTP/1.1
17:04:58.254 [main] DEBUG org.apache.http.wire -  >> "POST /api/categories HTTP/1.1[\r][\n]"
17:04:58.254 [main] DEBUG org.apache.http.wire -  >> "Accept: */*[\r][\n]"
17:04:58.255 [main] DEBUG org.apache.http.wire -  >> "Content-Type: application/json[\r][\n]"
17:04:58.255 [main] DEBUG org.apache.http.wire -  >> "Content-Length: 94[\r][\n]"
17:04:58.255 [main] DEBUG org.apache.http.wire -  >> "Host: altashop-api.fly.dev[\r][\n]"
17:04:58.255 [main] DEBUG org.apache.http.wire -  >> "Connection: Keep-Alive[\r][\n]"
17:04:58.255 [main] DEBUG org.apache.http.wire -  >> "User-Agent: Apache-HttpClient/4.5.13 (Java/17.0.3.1)[\r][\n]"
17:04:58.255 [main] DEBUG org.apache.http.wire -  >> "Accept-Encoding: gzip,deflate[\r][\n]"
17:04:58.255 [main] DEBUG org.apache.http.wire -  >> "[\r][\n]"
17:04:58.255 [main] DEBUG org.apache.http.headers - >> POST /api/categories HTTP/1.1
17:04:58.255 [main] DEBUG org.apache.http.headers - >> Accept: */*
17:04:58.255 [main] DEBUG org.apache.http.headers - >> Content-Type: application/json
17:04:58.255 [main] DEBUG org.apache.http.headers - >> Content-Length: 94
17:04:58.255 [main] DEBUG org.apache.http.headers - >> Host: altashop-api.fly.dev
17:04:58.255 [main] DEBUG org.apache.http.headers - >> Connection: Keep-Alive
17:04:58.255 [main] DEBUG org.apache.http.headers - >> User-Agent: Apache-HttpClient/4.5.13 (Java/17.0.3.1)
17:04:58.255 [main] DEBUG org.apache.http.headers - >> Accept-Encoding: gzip,deflate
17:04:58.255 [main] DEBUG org.apache.http.wire -  >> "{"name":"film anak anak","description":"meskipun film anak anak, ortu harus tetap dampingi y"}"
17:04:58.301 [main] DEBUG org.apache.http.wire -  << "HTTP/1.1 200 OK[\r][\n]"
17:04:58.301 [main] DEBUG org.apache.http.wire -  << "content-type: application/json[\r][\n]"
17:04:58.301 [main] DEBUG org.apache.http.wire -  << "date: Tue, 09 May 2023 10:05:01 GMT[\r][\n]"
17:04:58.301 [main] DEBUG org.apache.http.wire -  << "content-encoding: gzip[\r][\n]"
17:04:58.301 [main] DEBUG org.apache.http.wire -  << "transfer-encoding: chunked[\r][\n]"
17:04:58.301 [main] DEBUG org.apache.http.wire -  << "server: Fly/3f2597ca (2023-05-03)[\r][\n]"
17:04:58.301 [main] DEBUG org.apache.http.wire -  << "via: 1.1 fly.io[\r][\n]"
17:04:58.301 [main] DEBUG org.apache.http.wire -  << "fly-request-id: 01GZZZHD1QV0TPT9TZH2ZEP5C7-sin[\r][\n]"
17:04:58.301 [main] DEBUG org.apache.http.wire -  << "[\r][\n]"
17:04:58.302 [main] DEBUG org.apache.http.impl.conn.DefaultClientConnection - Receiving response: HTTP/1.1 200 OK
17:04:58.302 [main] DEBUG org.apache.http.headers - << HTTP/1.1 200 OK
17:04:58.302 [main] DEBUG org.apache.http.headers - << content-type: application/json
17:04:58.302 [main] DEBUG org.apache.http.headers - << date: Tue, 09 May 2023 10:05:01 GMT
17:04:58.302 [main] DEBUG org.apache.http.headers - << content-encoding: gzip
17:04:58.302 [main] DEBUG org.apache.http.headers - << transfer-encoding: chunked
17:04:58.302 [main] DEBUG org.apache.http.headers - << server: Fly/3f2597ca (2023-05-03)
17:04:58.302 [main] DEBUG org.apache.http.headers - << via: 1.1 fly.io
17:04:58.302 [main] DEBUG org.apache.http.headers - << fly-request-id: 01GZZZHD1QV0TPT9TZH2ZEP5C7-sin
17:04:58.302 [main] DEBUG org.apache.http.impl.client.DefaultHttpClient - Connection can be kept alive indefinitely
17:04:58.302 [main] DEBUG io.restassured.internal.RestAssuredHttpBuilder - Parsing response as: application/json
17:04:58.302 [main] DEBUG org.apache.http.wire -  << "77[\r][\n]"
17:04:58.302 [main] DEBUG org.apache.http.wire -  << "[0x1f][0x8b][0x8][0x0][0x0][0x0][0x0][0x0][0x4][0xff][0xab]VJI,IT[0xb2][0xaa]V[0xf2]tQ[0xb2]24[0xb6]40[0xd1]Q[0xf2]K[0xcc]MU[0xb2]RJ[0xcb][0xcc][0xc9]UH[0xcc]K[0xcc][0x6][0x13]J:J.[0xa9][0xc5][0xc9]E[0x99][0x5]%[0x99][0xf9]yJVJ[0xb9][0xa9][0xc5][0xd9][0x99][0x5][0xa5]y[\n]"
17:04:58.302 [main] DEBUG org.apache.http.wire -  << "[0xa8][0xea]t[0x14][0xf2][0x8b]JJ[0x15]2[0x12][0x8b]J[0x8b][0x15]JRK[0x12][0xb][0x14]R[0x12]s[0xb]2[0xf3][0xd2]3[0x15]*[0x95]jk[0xb9][0x0]iw[0xe8]Us[0x0][0x0][0x0]"
17:04:58.302 [main] DEBUG org.apache.http.wire -  << "[\r][\n]"
17:04:58.302 [main] DEBUG org.apache.http.wire -  << "0[\r][\n]"
17:04:58.302 [main] DEBUG org.apache.http.wire -  << "[\r][\n]"
17:04:58.302 [main] DEBUG io.restassured.internal.RestAssuredHttpBuilder - Parsed data to instance of: class org.apache.http.conn.EofSensorInputStream
17:04:58.303 [main] DEBUG org.apache.http.impl.conn.BasicClientConnectionManager - Releasing connection org.apache.http.impl.conn.ManagedClientConnectionImpl@6ad26381
17:04:58.303 [main] DEBUG org.apache.http.impl.conn.BasicClientConnectionManager - Connection can be kept alive indefinitely
17:04:58.303 [main] DEBUG net.thucydides.core.steps.StepInterceptor - STEP DONE: I send POST HTTP Request
  &amp#27;[32mWhen &amp#27;[0m&amp#27;[32mI send POST HTTP Request&amp#27;[0m                                       &amp#27;[90m# starter.stepDefinition.CategorySteps.sendPostHttpRequest()&amp#27;[0m
17:04:58.305 [main] DEBUG net.thucydides.core.steps.StepInterceptor - STARTING STEP: CategorySteps.receiveValidHttp201 - I receive valid HTTP response code is 201
17:04:58.306 [main] DEBUG net.thucydides.core.steps.StepInterceptor - STEP DONE: I receive valid HTTP response code is 201
  &amp#27;[32mThen &amp#27;[0m&amp#27;[32mI receive valid HTTP response code is 201&amp#27;[0m                      &amp#27;[90m# starter.stepDefinition.CategorySteps.receiveValidHttp201()&amp#27;[0m
17:04:58.309 [main] DEBUG net.thucydides.core.steps.StepInterceptor - STARTING STEP: CategorySteps.receiveValidDataForRatingProduct - I receive valid data for product category
17:04:58.319 [main] DEBUG net.thucydides.core.steps.StepInterceptor - STEP DONE: I receive valid data for product category
  &amp#27;[32mAnd &amp#27;[0m&amp#27;[32mI receive valid data for new product category&amp#27;[0m                   &amp#27;[90m# starter.stepDefinition.CategorySteps.receiveValidDataForRatingProduct()&amp#27;[0m
17:04:58.320 [main] INFO  - 
  _____   ___   ___   _____     ___     _     ___   ___   ___   ___  
 |_   _| | __| / __| |_   _|   | _ \   /_\   / __| / __| | __| |   \ 
   | |   | _|  \__ \   | |     |  _/  / _ \  \__ \ \__ \ | _|  | |) |
   |_|   |___| |___/   |_|     |_|   /_/ \_\ |___/ |___/ |___| |___/ 

POST - As admin I have be able to assign a product category
----------------------------------------------------------------------
]]></system-out>
  </testcase>
  <testcase name="DELETE - As admin I have be able to delete existing category" classname="Category" time="0.165">
    <system-out><![CDATA[
Scenario: DELETE - As admin I have be able to delete existing category &amp#27;[90m# src/test/resources/features/Category.feature:18&amp#27;[0m
17:04:58.327 [main] INFO io.cucumber.core.plugin.SerenityReporter - Running feature from file:///C:/Users/VICTUS/IdeaProjects/RestAssuredMiniProject/src/test/resources/features/Category.feature
17:04:58.328 [main] INFO  - 
  _____   ___   ___   _____     ___   _____     _     ___   _____   ___   ___  
 |_   _| | __| / __| |_   _|   / __| |_   _|   /_\   | _ \ |_   _| | __| |   \ 
   | |   | _|  \__ \   | |     \__ \   | |    / _ \  |   /   | |   | _|  | |) |
   |_|   |___| |___/   |_|     |___/   |_|   /_/ \_\ |_|_\   |_|   |___| |___/ 

DELETE - As admin I have be able to delete existing category(category;delete---as-admin-i-have-be-able-to-delete-existing-category)
--------------------------------------------------------------------------------
17:04:58.334 [main] DEBUG net.thucydides.core.steps.StepInterceptor - STARTING STEP: CategorySteps.setDeleteApiEndpoints - I set DELETE api endpoint
17:04:58.334 [main] DEBUG net.thucydides.core.steps.StepInterceptor - STEP DONE: I set DELETE api endpoint
  &amp#27;[32mGiven &amp#27;[0m&amp#27;[32mI set DELETE api endpoint&amp#27;[0m                                      &amp#27;[90m# starter.stepDefinition.CategorySteps.setDeleteApiEndpoints()&amp#27;[0m
17:04:58.336 [main] DEBUG net.thucydides.core.steps.StepInterceptor - STARTING STEP: CategorySteps.sendDeleteHttpRequest - I send DELETE HTTP request
17:04:58.336 [main] DEBUG net.thucydides.core.steps.StepInterceptor - STARTING STEP: Delete.sendDeleteHttpRequest - I set DELETE api endpoint
17:04:58.336 [main] DEBUG net.thucydides.core.steps.StepInterceptor - STEP DONE: I set DELETE api endpoint
17:04:58.343 [main] DEBUG org.apache.http.impl.conn.BasicClientConnectionManager - Get connection for route {s}->https://altashop-api.fly.dev:443
17:04:58.343 [main] DEBUG org.apache.http.impl.conn.DefaultClientConnectionOperator - Connecting to altashop-api.fly.dev:443
17:04:58.440 [main] DEBUG org.apache.http.client.protocol.RequestAddCookies - CookieSpec selected: ignoreCookies
17:04:58.440 [main] DEBUG org.apache.http.client.protocol.RequestAuthCache - Auth cache not set in the context
17:04:58.440 [main] DEBUG org.apache.http.client.protocol.RequestTargetAuthentication - Target auth state: UNCHALLENGED
17:04:58.440 [main] DEBUG org.apache.http.client.protocol.RequestProxyAuthentication - Proxy auth state: UNCHALLENGED
17:04:58.440 [main] DEBUG org.apache.http.impl.client.DefaultHttpClient - Attempt 1 to execute request
17:04:58.440 [main] DEBUG org.apache.http.impl.conn.DefaultClientConnection - Sending request: DELETE /api/categories/12615 HTTP/1.1
17:04:58.440 [main] DEBUG org.apache.http.wire -  >> "DELETE /api/categories/12615 HTTP/1.1[\r][\n]"
17:04:58.440 [main] DEBUG org.apache.http.wire -  >> "Accept: */*[\r][\n]"
17:04:58.440 [main] DEBUG org.apache.http.wire -  >> "Host: altashop-api.fly.dev[\r][\n]"
17:04:58.440 [main] DEBUG org.apache.http.wire -  >> "Connection: Keep-Alive[\r][\n]"
17:04:58.440 [main] DEBUG org.apache.http.wire -  >> "User-Agent: Apache-HttpClient/4.5.13 (Java/17.0.3.1)[\r][\n]"
17:04:58.440 [main] DEBUG org.apache.http.wire -  >> "Accept-Encoding: gzip,deflate[\r][\n]"
17:04:58.440 [main] DEBUG org.apache.http.wire -  >> "[\r][\n]"
17:04:58.440 [main] DEBUG org.apache.http.headers - >> DELETE /api/categories/12615 HTTP/1.1
17:04:58.440 [main] DEBUG org.apache.http.headers - >> Accept: */*
17:04:58.440 [main] DEBUG org.apache.http.headers - >> Host: altashop-api.fly.dev
17:04:58.440 [main] DEBUG org.apache.http.headers - >> Connection: Keep-Alive
17:04:58.440 [main] DEBUG org.apache.http.headers - >> User-Agent: Apache-HttpClient/4.5.13 (Java/17.0.3.1)
17:04:58.440 [main] DEBUG org.apache.http.headers - >> Accept-Encoding: gzip,deflate
17:04:58.481 [main] DEBUG org.apache.http.wire -  << "HTTP/1.1 200 OK[\r][\n]"
17:04:58.481 [main] DEBUG org.apache.http.wire -  << "content-type: application/json[\r][\n]"
17:04:58.481 [main] DEBUG org.apache.http.wire -  << "date: Tue, 09 May 2023 10:05:02 GMT[\r][\n]"
17:04:58.481 [main] DEBUG org.apache.http.wire -  << "content-encoding: gzip[\r][\n]"
17:04:58.481 [main] DEBUG org.apache.http.wire -  << "transfer-encoding: chunked[\r][\n]"
17:04:58.481 [main] DEBUG org.apache.http.wire -  << "server: Fly/3f2597ca (2023-05-03)[\r][\n]"
17:04:58.481 [main] DEBUG org.apache.http.wire -  << "via: 1.1 fly.io[\r][\n]"
17:04:58.481 [main] DEBUG org.apache.http.wire -  << "fly-request-id: 01GZZZHD7C5AX1G41X4SYJT7C5-sin[\r][\n]"
17:04:58.481 [main] DEBUG org.apache.http.wire -  << "[\r][\n]"
17:04:58.481 [main] DEBUG org.apache.http.impl.conn.DefaultClientConnection - Receiving response: HTTP/1.1 200 OK
17:04:58.481 [main] DEBUG org.apache.http.headers - << HTTP/1.1 200 OK
17:04:58.481 [main] DEBUG org.apache.http.headers - << content-type: application/json
17:04:58.481 [main] DEBUG org.apache.http.headers - << date: Tue, 09 May 2023 10:05:02 GMT
17:04:58.481 [main] DEBUG org.apache.http.headers - << content-encoding: gzip
17:04:58.481 [main] DEBUG org.apache.http.headers - << transfer-encoding: chunked
17:04:58.481 [main] DEBUG org.apache.http.headers - << server: Fly/3f2597ca (2023-05-03)
17:04:58.481 [main] DEBUG org.apache.http.headers - << via: 1.1 fly.io
17:04:58.481 [main] DEBUG org.apache.http.headers - << fly-request-id: 01GZZZHD7C5AX1G41X4SYJT7C5-sin
17:04:58.481 [main] DEBUG org.apache.http.impl.client.DefaultHttpClient - Connection can be kept alive indefinitely
17:04:58.481 [main] DEBUG io.restassured.internal.RestAssuredHttpBuilder - Parsing response as: application/json
17:04:58.481 [main] DEBUG org.apache.http.wire -  << "22[\r][\n]"
17:04:58.481 [main] DEBUG org.apache.http.wire -  << "[0x1f][0x8b][0x8][0x0][0x0][0x0][0x0][0x0][0x4][0xff][0xab]VJI,IT[0xb2][0xca]+[0xcd][0xc9][0xa9][0xe5][0x2][0x0][0xa3][0xab][0x8f]W[0xe][0x0][0x0][0x0]"
17:04:58.481 [main] DEBUG org.apache.http.wire -  << "[\r][\n]"
17:04:58.482 [main] DEBUG org.apache.http.wire -  << "0[\r][\n]"
17:04:58.482 [main] DEBUG org.apache.http.wire -  << "[\r][\n]"
17:04:58.482 [main] DEBUG io.restassured.internal.RestAssuredHttpBuilder - Parsed data to instance of: class org.apache.http.conn.EofSensorInputStream
17:04:58.482 [main] DEBUG org.apache.http.impl.conn.BasicClientConnectionManager - Releasing connection org.apache.http.impl.conn.ManagedClientConnectionImpl@632b96b8
17:04:58.482 [main] DEBUG org.apache.http.impl.conn.BasicClientConnectionManager - Connection can be kept alive indefinitely
17:04:58.483 [main] DEBUG net.thucydides.core.steps.StepInterceptor - STEP DONE: I send DELETE HTTP request
  &amp#27;[32mWhen &amp#27;[0m&amp#27;[32mI send DELETE HTTP Request&amp#27;[0m                                      &amp#27;[90m# starter.stepDefinition.CategorySteps.sendDeleteHttpRequest()&amp#27;[0m
17:04:58.485 [main] DEBUG net.thucydides.core.steps.StepInterceptor - STARTING STEP: CategorySteps.receiveValidHTTPresponse - I receive valid HTTP response code 204
17:04:58.485 [main] DEBUG net.thucydides.core.steps.StepInterceptor - STEP DONE: I receive valid HTTP response code 204
  &amp#27;[32mThen &amp#27;[0m&amp#27;[32mI receive valid HTTP response code is 204&amp#27;[0m                       &amp#27;[90m# starter.stepDefinition.CategorySteps.receiveValidHTTPresponse()&amp#27;[0m
17:04:58.486 [main] INFO  - 
  _____   ___   ___   _____     ___     _     ___   ___   ___   ___  
 |_   _| | __| / __| |_   _|   | _ \   /_\   / __| / __| | __| |   \ 
   | |   | _|  \__ \   | |     |  _/  / _ \  \__ \ \__ \ | _|  | |) |
   |_|   |___| |___/   |_|     |_|   /_/ \_\ |___/ |___/ |___| |___/ 

DELETE - As admin I have be able to delete existing category
----------------------------------------------------------------------
]]></system-out>
  </testcase>
  <testcase name="GET - As admin I have be able to get product comment" classname="Comment" time="0.186">
    <system-out><![CDATA[17:04:58.487 [main] INFO io.cucumber.core.plugin.SerenityReporter - Running feature from file:///C:/Users/VICTUS/IdeaProjects/RestAssuredMiniProject/src/test/resources/features/Comment.feature
17:04:58.487 [main] DEBUG net.thucydides.core.steps.StepEventBus - Test suite started for story net.thucydides.core.model.Story@79003fc8
17:04:58.488 [main] INFO  - Test Suite Started: Comment

Scenario: GET - As admin I have be able to get product comment &amp#27;[90m# src/test/resources/features/Comment.feature:6&amp#27;[0m
17:04:58.492 [main] INFO io.cucumber.core.plugin.SerenityReporter - Running feature from file:///C:/Users/VICTUS/IdeaProjects/RestAssuredMiniProject/src/test/resources/features/Comment.feature
17:04:58.493 [main] INFO  - 
  _____   ___   ___   _____     ___   _____     _     ___   _____   ___   ___  
 |_   _| | __| / __| |_   _|   / __| |_   _|   /_\   | _ \ |_   _| | __| |   \ 
   | |   | _|  \__ \   | |     \__ \   | |    / _ \  |   /   | |   | _|  | |) |
   |_|   |___| |___/   |_|     |___/   |_|   /_/ \_\ |_|_\   |_|   |___| |___/ 

GET - As admin I have be able to get product comment(comment;get---as-admin-i-have-be-able-to-get-product-comment)
--------------------------------------------------------------------------------
17:04:58.503 [main] DEBUG net.thucydides.core.steps.StepInterceptor - STARTING STEP: CommentSteps.setGetApiEndpoints - I set GET API endpoint
17:04:58.504 [main] DEBUG net.thucydides.core.steps.StepInterceptor - STEP DONE: I set GET API endpoint
  &amp#27;[32mGiven &amp#27;[0m&amp#27;[32mI set GET API endpoint&amp#27;[0m                                 &amp#27;[90m# starter.stepDefinition.CommentSteps.setGetApiEndpoints()&amp#27;[0m
17:04:58.505 [main] DEBUG net.thucydides.core.steps.StepInterceptor - STARTING STEP: CommentSteps.sendGetHttpRequest - I send GET HTTP Request
17:04:58.506 [main] DEBUG net.thucydides.core.steps.StepInterceptor - STARTING STEP: Get.sendGetHttpRequest - I set GET API endpoint
17:04:58.506 [main] DEBUG net.thucydides.core.steps.StepInterceptor - STEP DONE: I set GET API endpoint
17:04:58.513 [main] DEBUG org.apache.http.impl.conn.BasicClientConnectionManager - Get connection for route {s}->https://altashop-api.fly.dev:443
17:04:58.513 [main] DEBUG org.apache.http.impl.conn.DefaultClientConnectionOperator - Connecting to altashop-api.fly.dev:443
17:04:58.611 [main] DEBUG org.apache.http.client.protocol.RequestAddCookies - CookieSpec selected: ignoreCookies
17:04:58.611 [main] DEBUG org.apache.http.client.protocol.RequestAuthCache - Auth cache not set in the context
17:04:58.611 [main] DEBUG org.apache.http.client.protocol.RequestTargetAuthentication - Target auth state: UNCHALLENGED
17:04:58.611 [main] DEBUG org.apache.http.client.protocol.RequestProxyAuthentication - Proxy auth state: UNCHALLENGED
17:04:58.611 [main] DEBUG org.apache.http.impl.client.DefaultHttpClient - Attempt 1 to execute request
17:04:58.611 [main] DEBUG org.apache.http.impl.conn.DefaultClientConnection - Sending request: GET /api/products/13425/comments HTTP/1.1
17:04:58.611 [main] DEBUG org.apache.http.wire -  >> "GET /api/products/13425/comments HTTP/1.1[\r][\n]"
17:04:58.611 [main] DEBUG org.apache.http.wire -  >> "Accept: */*[\r][\n]"
17:04:58.611 [main] DEBUG org.apache.http.wire -  >> "Host: altashop-api.fly.dev[\r][\n]"
17:04:58.612 [main] DEBUG org.apache.http.wire -  >> "Connection: Keep-Alive[\r][\n]"
17:04:58.612 [main] DEBUG org.apache.http.wire -  >> "User-Agent: Apache-HttpClient/4.5.13 (Java/17.0.3.1)[\r][\n]"
17:04:58.612 [main] DEBUG org.apache.http.wire -  >> "Accept-Encoding: gzip,deflate[\r][\n]"
17:04:58.612 [main] DEBUG org.apache.http.wire -  >> "[\r][\n]"
17:04:58.612 [main] DEBUG org.apache.http.headers - >> GET /api/products/13425/comments HTTP/1.1
17:04:58.612 [main] DEBUG org.apache.http.headers - >> Accept: */*
17:04:58.612 [main] DEBUG org.apache.http.headers - >> Host: altashop-api.fly.dev
17:04:58.612 [main] DEBUG org.apache.http.headers - >> Connection: Keep-Alive
17:04:58.612 [main] DEBUG org.apache.http.headers - >> User-Agent: Apache-HttpClient/4.5.13 (Java/17.0.3.1)
17:04:58.612 [main] DEBUG org.apache.http.headers - >> Accept-Encoding: gzip,deflate
17:04:58.649 [main] DEBUG org.apache.http.wire -  << "HTTP/1.1 200 OK[\r][\n]"
17:04:58.649 [main] DEBUG org.apache.http.wire -  << "content-type: application/json[\r][\n]"
17:04:58.649 [main] DEBUG org.apache.http.wire -  << "date: Tue, 09 May 2023 10:05:02 GMT[\r][\n]"
17:04:58.649 [main] DEBUG org.apache.http.wire -  << "transfer-encoding: chunked[\r][\n]"
17:04:58.649 [main] DEBUG org.apache.http.wire -  << "content-encoding: gzip[\r][\n]"
17:04:58.649 [main] DEBUG org.apache.http.wire -  << "server: Fly/3f2597ca (2023-05-03)[\r][\n]"
17:04:58.649 [main] DEBUG org.apache.http.wire -  << "via: 1.1 fly.io[\r][\n]"
17:04:58.649 [main] DEBUG org.apache.http.wire -  << "fly-request-id: 01GZZZHDCRNM6CY0P5RW1QYRVR-sin[\r][\n]"
17:04:58.649 [main] DEBUG org.apache.http.wire -  << "[\r][\n]"
17:04:58.649 [main] DEBUG org.apache.http.impl.conn.DefaultClientConnection - Receiving response: HTTP/1.1 200 OK
17:04:58.649 [main] DEBUG org.apache.http.headers - << HTTP/1.1 200 OK
17:04:58.649 [main] DEBUG org.apache.http.headers - << content-type: application/json
17:04:58.649 [main] DEBUG org.apache.http.headers - << date: Tue, 09 May 2023 10:05:02 GMT
17:04:58.649 [main] DEBUG org.apache.http.headers - << transfer-encoding: chunked
17:04:58.649 [main] DEBUG org.apache.http.headers - << content-encoding: gzip
17:04:58.649 [main] DEBUG org.apache.http.headers - << server: Fly/3f2597ca (2023-05-03)
17:04:58.649 [main] DEBUG org.apache.http.headers - << via: 1.1 fly.io
17:04:58.649 [main] DEBUG org.apache.http.headers - << fly-request-id: 01GZZZHDCRNM6CY0P5RW1QYRVR-sin
17:04:58.651 [main] DEBUG org.apache.http.impl.client.DefaultHttpClient - Connection can be kept alive indefinitely
17:04:58.651 [main] DEBUG io.restassured.internal.RestAssuredHttpBuilder - Parsing response as: application/json
17:04:58.651 [main] DEBUG org.apache.http.wire -  << "CA[\r][\n]"
17:04:58.651 [main] DEBUG org.apache.http.wire -  << "[0x1f][0x8b][0x8][0x0][0x0][0x0][0x0][0x0][0x4][0xff][0xaa]VJI,IT[0xb2][0x8a][0xae]V[0xf2]tQ[0xb2]240[0xb3]0[0xd0]Qr[0xce][0xcf]+I[0xcd]+Q[0xb2]R[\n]"
17:04:58.651 [main] DEBUG org.apache.http.wire -  << "[0xc9]HUHI-[0xce]L[0xcf]S[0xc8],VH[0xcd]IMO[0xcc]+QH[0xcc]KQ([0xc9]HUHN,JM+[0xcd][0xc9][0xa9]T(N[0xcd]IM.IMQ(HM,[0xca])VH[0xcf],KU[0xc8],QHTHJM,-[0xc9]L+[0xcd]Q(.H,[0xca][0xce]IU[0xd2]Q[\n]"
17:04:58.651 [main] DEBUG org.apache.http.wire -  << "-N-R[0xb2][0xca]+[0xcd][0xc9][0xd1]Q[\n]"
17:04:58.651 [main] DEBUG org.apache.http.wire -  << "([0xca]O)M.[0x81]q[0x9d][0xf3]ss[0xc1]V[0x83]dku[0x10][0xce]2[0x1f][0x9c][0xce][0xb2][0x18][0x94][0xce][0xb2]4[0x1e][0x9c][0xce][0x1a][0x94][0xa1]en`6[0x18]C[0xcb][0xdc][0xd0]pp:[0xcb]hp:[0xb][$[0x2][0x0][0x0][0x0][0xff][0xff]"
17:04:58.651 [main] DEBUG org.apache.http.wire -  << "[\r][\n]"
17:04:58.651 [main] DEBUG org.apache.http.wire -  << "41[\r][\n]"
17:04:58.651 [main] DEBUG org.apache.http.wire -  << "[0x1a][0xf0]r[0xcb][0xdc]pP[0x96][[0xe6][0x86][0x83]1'[0x1a][0x1a][0x9a][0xe][0xc6][0xd0]244[0xb5][0x1c][0x84]I[0xde][0xd0][0xd0]|0&yC#[0xcb]A[0x19][0x89]F[0x96][0x83]2[0xc9][0x1b]Y[0xe][0xca][0xb4]el2[0x98]J[0xf9][0xd8]Z.[0x0][0x0][0x0][0x0][0xff][0xff]"
17:04:58.651 [main] DEBUG org.apache.http.wire -  << "[\r][\n]"
17:04:58.651 [main] DEBUG org.apache.http.wire -  << "A[\r][\n]"
17:04:58.651 [main] DEBUG org.apache.http.wire -  << "[0x3][0x0]Yx[0xec][0xd1][0xa9][\n]"
17:04:58.651 [main] DEBUG org.apache.http.wire -  << "[0x0][0x0]"
17:04:58.651 [main] DEBUG org.apache.http.wire -  << "[\r][\n]"
17:04:58.651 [main] DEBUG org.apache.http.wire -  << "0[\r][\n]"
17:04:58.651 [main] DEBUG org.apache.http.wire -  << "[\r][\n]"
17:04:58.651 [main] DEBUG io.restassured.internal.RestAssuredHttpBuilder - Parsed data to instance of: class org.apache.http.conn.EofSensorInputStream
17:04:58.652 [main] DEBUG org.apache.http.impl.conn.BasicClientConnectionManager - Releasing connection org.apache.http.impl.conn.ManagedClientConnectionImpl@1831447c
17:04:58.652 [main] DEBUG org.apache.http.impl.conn.BasicClientConnectionManager - Connection can be kept alive indefinitely
17:04:58.654 [main] DEBUG net.thucydides.core.steps.StepInterceptor - STEP DONE: I send GET HTTP Request
  &amp#27;[32mWhen &amp#27;[0m&amp#27;[32mI send GET Http Request&amp#27;[0m                                 &amp#27;[90m# starter.stepDefinition.CommentSteps.sendGetHttpRequest()&amp#27;[0m
17:04:58.656 [main] DEBUG net.thucydides.core.steps.StepInterceptor - STARTING STEP: CommentSteps.receiveValidHttpResponse - I receive valid HTTP response code is 200
17:04:58.656 [main] DEBUG net.thucydides.core.steps.StepInterceptor - STEP DONE: I receive valid HTTP response code is 200
  &amp#27;[32mThen &amp#27;[0m&amp#27;[32mI receive valid Http response code is 200&amp#27;[0m               &amp#27;[90m# starter.stepDefinition.CommentSteps.receiveValidHttpResponse()&amp#27;[0m
17:04:58.658 [main] DEBUG net.thucydides.core.steps.StepInterceptor - STARTING STEP: CommentSteps.receiveValidDataForDetailProduct - I receive valid data for product comment
17:04:58.673 [main] DEBUG net.thucydides.core.steps.StepInterceptor - STEP DONE: I receive valid data for product comment
  &amp#27;[32mAnd &amp#27;[0m&amp#27;[32mI receive valid data for product comment&amp#27;[0m                 &amp#27;[90m# starter.stepDefinition.CommentSteps.receiveValidDataForDetailProduct()&amp#27;[0m
17:04:58.674 [main] INFO  - 
  _____   ___   ___   _____     ___     _     ___   ___   ___   ___  
 |_   _| | __| / __| |_   _|   | _ \   /_\   / __| / __| | __| |   \ 
   | |   | _|  \__ \   | |     |  _/  / _ \  \__ \ \__ \ | _|  | |) |
   |_|   |___| |___/   |_|     |_|   /_/ \_\ |___/ |___/ |___| |___/ 

GET - As admin I have be able to get product comment
----------------------------------------------------------------------
]]></system-out>
  </testcase>
  <testcase name="POST - As admin I have be able to assign a product comment" classname="Comment" time="0.157">
    <system-out><![CDATA[
Scenario: POST - As admin I have be able to assign a product comment &amp#27;[90m# src/test/resources/features/Comment.feature:12&amp#27;[0m
17:04:58.678 [main] INFO io.cucumber.core.plugin.SerenityReporter - Running feature from file:///C:/Users/VICTUS/IdeaProjects/RestAssuredMiniProject/src/test/resources/features/Comment.feature
17:04:58.679 [main] INFO  - 
  _____   ___   ___   _____     ___   _____     _     ___   _____   ___   ___  
 |_   _| | __| / __| |_   _|   / __| |_   _|   /_\   | _ \ |_   _| | __| |   \ 
   | |   | _|  \__ \   | |     \__ \   | |    / _ \  |   /   | |   | _|  | |) |
   |_|   |___| |___/   |_|     |___/   |_|   /_/ \_\ |_|_\   |_|   |___| |___/ 

POST - As admin I have be able to assign a product comment(comment;post---as-admin-i-have-be-able-to-assign-a-product-comment)
--------------------------------------------------------------------------------
17:04:58.684 [main] DEBUG net.thucydides.core.steps.StepInterceptor - STARTING STEP: CommentSteps.setPostApiEndpoints - I set POST api endpoint
17:04:58.684 [main] DEBUG net.thucydides.core.steps.StepInterceptor - STEP DONE: I set POST api endpoint
  &amp#27;[32mGiven &amp#27;[0m&amp#27;[32mI set POST API endpoint&amp#27;[0m                                      &amp#27;[90m# starter.stepDefinition.CommentSteps.setPostApiEndpoints()&amp#27;[0m
17:04:58.686 [main] DEBUG net.thucydides.core.steps.StepInterceptor - STARTING STEP: CommentSteps.sendPostHttpRequest - I send POST HTTP Request
17:04:58.688 [main] DEBUG net.thucydides.core.steps.StepInterceptor - STARTING STEP: Post.sendPostHttpRequest - I set POST api endpoint
17:04:58.688 [main] DEBUG net.thucydides.core.steps.StepInterceptor - STEP DONE: I set POST api endpoint
17:04:58.696 [main] DEBUG org.apache.http.impl.conn.BasicClientConnectionManager - Get connection for route {s}->https://altashop-api.fly.dev:443
17:04:58.697 [main] DEBUG org.apache.http.impl.conn.DefaultClientConnectionOperator - Connecting to altashop-api.fly.dev:443
17:04:58.774 [main] DEBUG org.apache.http.client.protocol.RequestAddCookies - CookieSpec selected: ignoreCookies
17:04:58.775 [main] DEBUG org.apache.http.client.protocol.RequestAuthCache - Auth cache not set in the context
17:04:58.775 [main] DEBUG org.apache.http.client.protocol.RequestProxyAuthentication - Proxy auth state: UNCHALLENGED
17:04:58.775 [main] DEBUG org.apache.http.impl.client.DefaultHttpClient - Attempt 1 to execute request
17:04:58.775 [main] DEBUG org.apache.http.impl.conn.DefaultClientConnection - Sending request: POST /api/products/14117/comments HTTP/1.1
17:04:58.775 [main] DEBUG org.apache.http.wire -  >> "POST /api/products/14117/comments HTTP/1.1[\r][\n]"
17:04:58.775 [main] DEBUG org.apache.http.wire -  >> "Authorization: Bearer eyJhbGciOiJIUzI1NiIsInR5cCI6IkpXVCJ9.eyJGdWxsbmFtZSI6IkpvaG4gRG9lIiwiRW1haWwiOiJzb21lb25lQG1haWwuY29tIn0.WvBSxcQEqqniC1v08LzkrHcELegs0b7vtjGPWiaEWcI[\r][\n]"
17:04:58.775 [main] DEBUG org.apache.http.wire -  >> "Accept: */*[\r][\n]"
17:04:58.775 [main] DEBUG org.apache.http.wire -  >> "Content-Type: application/json[\r][\n]"
17:04:58.775 [main] DEBUG org.apache.http.wire -  >> "Content-Length: 65[\r][\n]"
17:04:58.775 [main] DEBUG org.apache.http.wire -  >> "Host: altashop-api.fly.dev[\r][\n]"
17:04:58.775 [main] DEBUG org.apache.http.wire -  >> "Connection: Keep-Alive[\r][\n]"
17:04:58.775 [main] DEBUG org.apache.http.wire -  >> "User-Agent: Apache-HttpClient/4.5.13 (Java/17.0.3.1)[\r][\n]"
17:04:58.775 [main] DEBUG org.apache.http.wire -  >> "Accept-Encoding: gzip,deflate[\r][\n]"
17:04:58.775 [main] DEBUG org.apache.http.wire -  >> "[\r][\n]"
17:04:58.775 [main] DEBUG org.apache.http.headers - >> POST /api/products/14117/comments HTTP/1.1
17:04:58.775 [main] DEBUG org.apache.http.headers - >> Authorization: Bearer eyJhbGciOiJIUzI1NiIsInR5cCI6IkpXVCJ9.eyJGdWxsbmFtZSI6IkpvaG4gRG9lIiwiRW1haWwiOiJzb21lb25lQG1haWwuY29tIn0.WvBSxcQEqqniC1v08LzkrHcELegs0b7vtjGPWiaEWcI
17:04:58.775 [main] DEBUG org.apache.http.headers - >> Accept: */*
17:04:58.775 [main] DEBUG org.apache.http.headers - >> Content-Type: application/json
17:04:58.775 [main] DEBUG org.apache.http.headers - >> Content-Length: 65
17:04:58.775 [main] DEBUG org.apache.http.headers - >> Host: altashop-api.fly.dev
17:04:58.775 [main] DEBUG org.apache.http.headers - >> Connection: Keep-Alive
17:04:58.775 [main] DEBUG org.apache.http.headers - >> User-Agent: Apache-HttpClient/4.5.13 (Java/17.0.3.1)
17:04:58.775 [main] DEBUG org.apache.http.headers - >> Accept-Encoding: gzip,deflate
17:04:58.775 [main] DEBUG org.apache.http.wire -  >> "{"content":"wah ini bagus banget filmnya aku sampe nangis 1 jam"}"
17:04:58.813 [main] DEBUG org.apache.http.wire -  << "HTTP/1.1 200 OK[\r][\n]"
17:04:58.814 [main] DEBUG org.apache.http.wire -  << "content-type: application/json[\r][\n]"
17:04:58.814 [main] DEBUG org.apache.http.wire -  << "date: Tue, 09 May 2023 10:05:02 GMT[\r][\n]"
17:04:58.814 [main] DEBUG org.apache.http.wire -  << "content-encoding: gzip[\r][\n]"
17:04:58.814 [main] DEBUG org.apache.http.wire -  << "transfer-encoding: chunked[\r][\n]"
17:04:58.814 [main] DEBUG org.apache.http.wire -  << "server: Fly/3f2597ca (2023-05-03)[\r][\n]"
17:04:58.814 [main] DEBUG org.apache.http.wire -  << "via: 1.1 fly.io[\r][\n]"
17:04:58.814 [main] DEBUG org.apache.http.wire -  << "fly-request-id: 01GZZZHDHVE76ZH9TENH6WVWX3-sin[\r][\n]"
17:04:58.814 [main] DEBUG org.apache.http.wire -  << "[\r][\n]"
17:04:58.814 [main] DEBUG org.apache.http.impl.conn.DefaultClientConnection - Receiving response: HTTP/1.1 200 OK
17:04:58.814 [main] DEBUG org.apache.http.headers - << HTTP/1.1 200 OK
17:04:58.814 [main] DEBUG org.apache.http.headers - << content-type: application/json
17:04:58.814 [main] DEBUG org.apache.http.headers - << date: Tue, 09 May 2023 10:05:02 GMT
17:04:58.814 [main] DEBUG org.apache.http.headers - << content-encoding: gzip
17:04:58.814 [main] DEBUG org.apache.http.headers - << transfer-encoding: chunked
17:04:58.814 [main] DEBUG org.apache.http.headers - << server: Fly/3f2597ca (2023-05-03)
17:04:58.814 [main] DEBUG org.apache.http.headers - << via: 1.1 fly.io
17:04:58.814 [main] DEBUG org.apache.http.headers - << fly-request-id: 01GZZZHDHVE76ZH9TENH6WVWX3-sin
17:04:58.814 [main] DEBUG org.apache.http.impl.client.DefaultHttpClient - Connection can be kept alive indefinitely
17:04:58.814 [main] DEBUG io.restassured.internal.RestAssuredHttpBuilder - Parsing response as: application/json
17:04:58.814 [main] DEBUG org.apache.http.wire -  << "88[\r][\n]"
17:04:58.814 [main] DEBUG org.apache.http.wire -  << "[0x1f][0x8b][0x8][0x0][0x0][0x0][0x0][0x0][0x4][0xff][0xab]VJI,IT[0xb2][0xaa]V[0xf2]tQ[0xb2]24461[0xd5]Qr[0xce][0xcf]+I[0xcd]+Q[0xb2]R*O[0xcc]P[0xc8][0xcc][0xcb]THJL/-VHJ[0xcc]KO-QH[0xcb][0xcc][0xc9][0xcd][0xab]LTH[0xcc].U(N[0xcc]-HU[0xc8]K[0xcc]K[0xcf],V0T[0xc8]J[0xcc]U[0xd2]Q[\n]"
17:04:58.814 [main] DEBUG org.apache.http.wire -  << "-N-R[0xb2][0xca]+[0xcd][0xc9][0xd1]Q[\n]"
17:04:58.814 [main] DEBUG org.apache.http.wire -  << "([0xca]O)M.[0x81]q[0x9d][0xf3]ss[0xc1]F[0x83]dkk[0xb9][0x0]5[0xfb][0xc7][0xb5][0x80][0x0][0x0][0x0]"
17:04:58.814 [main] DEBUG org.apache.http.wire -  << "[\r][\n]"
17:04:58.814 [main] DEBUG org.apache.http.wire -  << "0[\r][\n]"
17:04:58.814 [main] DEBUG org.apache.http.wire -  << "[\r][\n]"
17:04:58.814 [main] DEBUG io.restassured.internal.RestAssuredHttpBuilder - Parsed data to instance of: class org.apache.http.conn.EofSensorInputStream
17:04:58.815 [main] DEBUG org.apache.http.impl.conn.BasicClientConnectionManager - Releasing connection org.apache.http.impl.conn.ManagedClientConnectionImpl@147ad4bb
17:04:58.815 [main] DEBUG org.apache.http.impl.conn.BasicClientConnectionManager - Connection can be kept alive indefinitely
17:04:58.816 [main] DEBUG net.thucydides.core.steps.StepInterceptor - STEP DONE: I send POST HTTP Request
  &amp#27;[32mWhen &amp#27;[0m&amp#27;[32mI send POST Http Request&amp#27;[0m                                      &amp#27;[90m# starter.stepDefinition.CommentSteps.sendPostHttpRequest()&amp#27;[0m
17:04:58.817 [main] DEBUG net.thucydides.core.steps.StepInterceptor - STARTING STEP: CommentSteps.receiveValidHttp201 - I receive valid HTTP response code is 201
17:04:58.818 [main] DEBUG net.thucydides.core.steps.StepInterceptor - STEP DONE: I receive valid HTTP response code is 201
  &amp#27;[32mThen &amp#27;[0m&amp#27;[32mI receive valid Http response code is 201&amp#27;[0m                     &amp#27;[90m# starter.stepDefinition.CommentSteps.receiveValidHttp201()&amp#27;[0m
17:04:58.819 [main] DEBUG net.thucydides.core.steps.StepInterceptor - STARTING STEP: CommentSteps.receiveValidDataForRatingProduct - I receive valid data for product comment
17:04:58.830 [main] DEBUG net.thucydides.core.steps.StepInterceptor - STEP DONE: I receive valid data for product comment
  &amp#27;[32mAnd &amp#27;[0m&amp#27;[32mI receive valid data for new product comment&amp#27;[0m                   &amp#27;[90m# starter.stepDefinition.CommentSteps.receiveValidDataForRatingProduct()&amp#27;[0m
17:04:58.831 [main] INFO  - 
  _____   ___   ___   _____     ___     _     ___   ___   ___   ___  
 |_   _| | __| / __| |_   _|   | _ \   /_\   / __| / __| | __| |   \ 
   | |   | _|  \__ \   | |     |  _/  / _ \  \__ \ \__ \ | _|  | |) |
   |_|   |___| |___/   |_|     |_|   /_/ \_\ |___/ |___/ |___| |___/ 

POST - As admin I have be able to assign a product comment
----------------------------------------------------------------------
]]></system-out>
  </testcase>
  <testcase name="GET - As admin I have be able to get to say hello" classname="Index" time="0.157">
    <system-out><![CDATA[17:04:58.832 [main] INFO io.cucumber.core.plugin.SerenityReporter - Running feature from file:///C:/Users/VICTUS/IdeaProjects/RestAssuredMiniProject/src/test/resources/features/Index.feature
17:04:58.833 [main] DEBUG net.thucydides.core.steps.StepEventBus - Test suite started for story net.thucydides.core.model.Story@8597e328
17:04:58.833 [main] INFO  - Test Suite Started: Index

Scenario: GET - As admin I have be able to get to say hello &amp#27;[90m# src/test/resources/features/Index.feature:6&amp#27;[0m
17:04:58.837 [main] INFO io.cucumber.core.plugin.SerenityReporter - Running feature from file:///C:/Users/VICTUS/IdeaProjects/RestAssuredMiniProject/src/test/resources/features/Index.feature
17:04:58.837 [main] INFO  - 
  _____   ___   ___   _____     ___   _____     _     ___   _____   ___   ___  
 |_   _| | __| / __| |_   _|   / __| |_   _|   /_\   | _ \ |_   _| | __| |   \ 
   | |   | _|  \__ \   | |     \__ \   | |    / _ \  |   /   | |   | _|  | |) |
   |_|   |___| |___/   |_|     |___/   |_|   /_/ \_\ |_|_\   |_|   |___| |___/ 

GET - As admin I have be able to get to say hello(index;get---as-admin-i-have-be-able-to-get-to-say-hello)
--------------------------------------------------------------------------------
17:04:58.846 [main] DEBUG net.thucydides.core.steps.StepInterceptor - STARTING STEP: IndexSteps.setGetApiEndpoints - I set GET API endpoint
17:04:58.846 [main] DEBUG net.thucydides.core.steps.StepInterceptor - STEP DONE: I set GET API endpoint
  &amp#27;[32mGiven &amp#27;[0m&amp#27;[32mI set Get API endpoint&amp#27;[0m                              &amp#27;[90m# starter.stepDefinition.IndexSteps.setGetApiEndpoints()&amp#27;[0m
17:04:58.847 [main] DEBUG net.thucydides.core.steps.StepInterceptor - STARTING STEP: IndexSteps.sendGetHttpRequest - I send GET HTTP Request
17:04:58.848 [main] DEBUG net.thucydides.core.steps.StepInterceptor - STARTING STEP: Get.sendGetHttpRequest - I set GET API endpoint
17:04:58.848 [main] DEBUG net.thucydides.core.steps.StepInterceptor - STEP DONE: I set GET API endpoint
17:04:58.853 [main] DEBUG org.apache.http.impl.conn.BasicClientConnectionManager - Get connection for route {s}->https://altashop-api.fly.dev:443
17:04:58.853 [main] DEBUG org.apache.http.impl.conn.DefaultClientConnectionOperator - Connecting to altashop-api.fly.dev:443
17:04:58.940 [main] DEBUG org.apache.http.client.protocol.RequestAddCookies - CookieSpec selected: ignoreCookies
17:04:58.940 [main] DEBUG org.apache.http.client.protocol.RequestAuthCache - Auth cache not set in the context
17:04:58.940 [main] DEBUG org.apache.http.client.protocol.RequestTargetAuthentication - Target auth state: UNCHALLENGED
17:04:58.940 [main] DEBUG org.apache.http.client.protocol.RequestProxyAuthentication - Proxy auth state: UNCHALLENGED
17:04:58.940 [main] DEBUG org.apache.http.impl.client.DefaultHttpClient - Attempt 1 to execute request
17:04:58.940 [main] DEBUG org.apache.http.impl.conn.DefaultClientConnection - Sending request: GET /api/hello HTTP/1.1
17:04:58.940 [main] DEBUG org.apache.http.wire -  >> "GET /api/hello HTTP/1.1[\r][\n]"
17:04:58.940 [main] DEBUG org.apache.http.wire -  >> "Accept: */*[\r][\n]"
17:04:58.940 [main] DEBUG org.apache.http.wire -  >> "Host: altashop-api.fly.dev[\r][\n]"
17:04:58.940 [main] DEBUG org.apache.http.wire -  >> "Connection: Keep-Alive[\r][\n]"
17:04:58.940 [main] DEBUG org.apache.http.wire -  >> "User-Agent: Apache-HttpClient/4.5.13 (Java/17.0.3.1)[\r][\n]"
17:04:58.940 [main] DEBUG org.apache.http.wire -  >> "Accept-Encoding: gzip,deflate[\r][\n]"
17:04:58.940 [main] DEBUG org.apache.http.wire -  >> "[\r][\n]"
17:04:58.940 [main] DEBUG org.apache.http.headers - >> GET /api/hello HTTP/1.1
17:04:58.940 [main] DEBUG org.apache.http.headers - >> Accept: */*
17:04:58.940 [main] DEBUG org.apache.http.headers - >> Host: altashop-api.fly.dev
17:04:58.940 [main] DEBUG org.apache.http.headers - >> Connection: Keep-Alive
17:04:58.940 [main] DEBUG org.apache.http.headers - >> User-Agent: Apache-HttpClient/4.5.13 (Java/17.0.3.1)
17:04:58.940 [main] DEBUG org.apache.http.headers - >> Accept-Encoding: gzip,deflate
17:04:58.976 [main] DEBUG org.apache.http.wire -  << "HTTP/1.1 200 OK[\r][\n]"
17:04:58.976 [main] DEBUG org.apache.http.wire -  << "content-type: application/json[\r][\n]"
17:04:58.976 [main] DEBUG org.apache.http.wire -  << "date: Tue, 09 May 2023 10:05:02 GMT[\r][\n]"
17:04:58.976 [main] DEBUG org.apache.http.wire -  << "content-encoding: gzip[\r][\n]"
17:04:58.976 [main] DEBUG org.apache.http.wire -  << "transfer-encoding: chunked[\r][\n]"
17:04:58.976 [main] DEBUG org.apache.http.wire -  << "server: Fly/3f2597ca (2023-05-03)[\r][\n]"
17:04:58.976 [main] DEBUG org.apache.http.wire -  << "via: 1.1 fly.io[\r][\n]"
17:04:58.976 [main] DEBUG org.apache.http.wire -  << "fly-request-id: 01GZZZHDQ1QQ9870HNCQ847AT5-sin[\r][\n]"
17:04:58.976 [main] DEBUG org.apache.http.wire -  << "[\r][\n]"
17:04:58.976 [main] DEBUG org.apache.http.impl.conn.DefaultClientConnection - Receiving response: HTTP/1.1 200 OK
17:04:58.976 [main] DEBUG org.apache.http.headers - << HTTP/1.1 200 OK
17:04:58.976 [main] DEBUG org.apache.http.headers - << content-type: application/json
17:04:58.976 [main] DEBUG org.apache.http.headers - << date: Tue, 09 May 2023 10:05:02 GMT
17:04:58.976 [main] DEBUG org.apache.http.headers - << content-encoding: gzip
17:04:58.976 [main] DEBUG org.apache.http.headers - << transfer-encoding: chunked
17:04:58.976 [main] DEBUG org.apache.http.headers - << server: Fly/3f2597ca (2023-05-03)
17:04:58.976 [main] DEBUG org.apache.http.headers - << via: 1.1 fly.io
17:04:58.976 [main] DEBUG org.apache.http.headers - << fly-request-id: 01GZZZHDQ1QQ9870HNCQ847AT5-sin
17:04:58.976 [main] DEBUG org.apache.http.impl.client.DefaultHttpClient - Connection can be kept alive indefinitely
17:04:58.976 [main] DEBUG io.restassured.internal.RestAssuredHttpBuilder - Parsing response as: application/json
17:04:58.976 [main] DEBUG org.apache.http.wire -  << "25[\r][\n]"
17:04:58.976 [main] DEBUG org.apache.http.wire -  << "[0x1f][0x8b][0x8][0x0][0x0][0x0][0x0][0x0][0x4][0xff][0xab]VJI,IT[0xb2]R[0xca]H[0xcd][0xc9][0xc9]W[0xaa][0xe5][0x2][0x0][0xfd][0x95][0xfe]N[0x11][0x0][0x0][0x0]"
17:04:58.976 [main] DEBUG org.apache.http.wire -  << "[\r][\n]"
17:04:58.976 [main] DEBUG org.apache.http.wire -  << "0[\r][\n]"
17:04:58.976 [main] DEBUG org.apache.http.wire -  << "[\r][\n]"
17:04:58.977 [main] DEBUG io.restassured.internal.RestAssuredHttpBuilder - Parsed data to instance of: class org.apache.http.conn.EofSensorInputStream
17:04:58.978 [main] DEBUG org.apache.http.impl.conn.BasicClientConnectionManager - Releasing connection org.apache.http.impl.conn.ManagedClientConnectionImpl@7abd75fc
17:04:58.978 [main] DEBUG org.apache.http.impl.conn.BasicClientConnectionManager - Connection can be kept alive indefinitely
17:04:58.978 [main] DEBUG net.thucydides.core.steps.StepInterceptor - STEP DONE: I send GET HTTP Request
  &amp#27;[32mWhen &amp#27;[0m&amp#27;[32mI send Get HTTP request&amp#27;[0m                              &amp#27;[90m# starter.stepDefinition.IndexSteps.sendGetHttpRequest()&amp#27;[0m
17:04:58.980 [main] DEBUG net.thucydides.core.steps.StepInterceptor - STARTING STEP: IndexSteps.receiveValidHttpResponse - I receive valid HTTP response code is 200
17:04:58.981 [main] DEBUG net.thucydides.core.steps.StepInterceptor - STEP DONE: I receive valid HTTP response code is 200
  &amp#27;[32mThen &amp#27;[0m&amp#27;[32mI receive valid HTTP Response code is 200&amp#27;[0m            &amp#27;[90m# starter.stepDefinition.IndexSteps.receiveValidHttpResponse()&amp#27;[0m
17:04:58.982 [main] DEBUG net.thucydides.core.steps.StepInterceptor - STARTING STEP: IndexSteps.receiveValidDataForDetailProduct - I receive valid data for product comment
17:04:58.989 [main] DEBUG net.thucydides.core.steps.StepInterceptor - STEP DONE: I receive valid data for product comment
  &amp#27;[32mAnd &amp#27;[0m&amp#27;[32mI receive valid data for say hello&amp#27;[0m                    &amp#27;[90m# starter.stepDefinition.IndexSteps.receiveValidDataForDetailProduct()&amp#27;[0m
17:04:58.990 [main] INFO  - 
  _____   ___   ___   _____     ___     _     ___   ___   ___   ___  
 |_   _| | __| / __| |_   _|   | _ \   /_\   / __| / __| | __| |   \ 
   | |   | _|  \__ \   | |     |  _/  / _ \  \__ \ \__ \ | _|  | |) |
   |_|   |___| |___/   |_|     |_|   /_/ \_\ |___/ |___/ |___| |___/ 

GET - As admin I have be able to get to say hello
----------------------------------------------------------------------
]]></system-out>
  </testcase>
  <testcase name="GET - As admin I have be able to get order" classname="Order" time="0.431">
    <system-out><![CDATA[17:04:58.990 [main] INFO io.cucumber.core.plugin.SerenityReporter - Running feature from file:///C:/Users/VICTUS/IdeaProjects/RestAssuredMiniProject/src/test/resources/features/Order.feature
17:04:58.991 [main] DEBUG net.thucydides.core.steps.StepEventBus - Test suite started for story net.thucydides.core.model.Story@cc4b76a8
17:04:58.991 [main] INFO  - Test Suite Started: Order

Scenario: GET - As admin I have be able to get order &amp#27;[90m# src/test/resources/features/Order.feature:6&amp#27;[0m
17:04:58.995 [main] INFO io.cucumber.core.plugin.SerenityReporter - Running feature from file:///C:/Users/VICTUS/IdeaProjects/RestAssuredMiniProject/src/test/resources/features/Order.feature
17:04:58.996 [main] INFO  - 
  _____   ___   ___   _____     ___   _____     _     ___   _____   ___   ___  
 |_   _| | __| / __| |_   _|   / __| |_   _|   /_\   | _ \ |_   _| | __| |   \ 
   | |   | _|  \__ \   | |     \__ \   | |    / _ \  |   /   | |   | _|  | |) |
   |_|   |___| |___/   |_|     |___/   |_|   /_/ \_\ |_|_\   |_|   |___| |___/ 

GET - As admin I have be able to get order(order;get---as-admin-i-have-be-able-to-get-order)
--------------------------------------------------------------------------------
17:04:59.006 [main] DEBUG net.thucydides.core.steps.StepInterceptor - STARTING STEP: OrderSteps.setGetApiEndpoints - I set GET API endpoint
17:04:59.006 [main] DEBUG net.thucydides.core.steps.StepInterceptor - STEP DONE: I set GET API endpoint
  &amp#27;[32mGiven &amp#27;[0m&amp#27;[32mI set Get API endpoints&amp#27;[0m                      &amp#27;[90m# starter.stepDefinition.OrderSteps.setGetApiEndpoints()&amp#27;[0m
17:04:59.007 [main] DEBUG net.thucydides.core.steps.StepInterceptor - STARTING STEP: OrderSteps.sendGetHttpRequest - I send GET HTTP Request
17:04:59.008 [main] DEBUG net.thucydides.core.steps.StepInterceptor - STARTING STEP: Get.sendGetHttpRequest - I set GET API endpoint
17:04:59.008 [main] DEBUG net.thucydides.core.steps.StepInterceptor - STEP DONE: I set GET API endpoint
17:04:59.014 [main] DEBUG org.apache.http.impl.conn.BasicClientConnectionManager - Get connection for route {s}->https://altashop-api.fly.dev:443
17:04:59.014 [main] DEBUG org.apache.http.impl.conn.DefaultClientConnectionOperator - Connecting to altashop-api.fly.dev:443
17:04:59.113 [main] DEBUG org.apache.http.client.protocol.RequestAddCookies - CookieSpec selected: ignoreCookies
17:04:59.113 [main] DEBUG org.apache.http.client.protocol.RequestAuthCache - Auth cache not set in the context
17:04:59.113 [main] DEBUG org.apache.http.client.protocol.RequestProxyAuthentication - Proxy auth state: UNCHALLENGED
17:04:59.113 [main] DEBUG org.apache.http.impl.client.DefaultHttpClient - Attempt 1 to execute request
17:04:59.113 [main] DEBUG org.apache.http.impl.conn.DefaultClientConnection - Sending request: GET /api/orders HTTP/1.1
17:04:59.113 [main] DEBUG org.apache.http.wire -  >> "GET /api/orders HTTP/1.1[\r][\n]"
17:04:59.113 [main] DEBUG org.apache.http.wire -  >> "Content-Type: application/json[\r][\n]"
17:04:59.113 [main] DEBUG org.apache.http.wire -  >> "Authorization: Bearer eyJhbGciOiJIUzI1NiIsInR5cCI6IkpXVCJ9.eyJGdWxsbmFtZSI6IkpvaG4gRG9lIiwiRW1haWwiOiJzb21lb25lQG1haWwuY29tIn0.WvBSxcQEqqniC1v08LzkrHcELegs0b7vtjGPWiaEWcI[\r][\n]"
17:04:59.113 [main] DEBUG org.apache.http.wire -  >> "Accept: */*[\r][\n]"
17:04:59.113 [main] DEBUG org.apache.http.wire -  >> "Host: altashop-api.fly.dev[\r][\n]"
17:04:59.113 [main] DEBUG org.apache.http.wire -  >> "Connection: Keep-Alive[\r][\n]"
17:04:59.113 [main] DEBUG org.apache.http.wire -  >> "User-Agent: Apache-HttpClient/4.5.13 (Java/17.0.3.1)[\r][\n]"
17:04:59.113 [main] DEBUG org.apache.http.wire -  >> "Accept-Encoding: gzip,deflate[\r][\n]"
17:04:59.113 [main] DEBUG org.apache.http.wire -  >> "[\r][\n]"
17:04:59.113 [main] DEBUG org.apache.http.headers - >> GET /api/orders HTTP/1.1
17:04:59.113 [main] DEBUG org.apache.http.headers - >> Content-Type: application/json
17:04:59.113 [main] DEBUG org.apache.http.headers - >> Authorization: Bearer eyJhbGciOiJIUzI1NiIsInR5cCI6IkpXVCJ9.eyJGdWxsbmFtZSI6IkpvaG4gRG9lIiwiRW1haWwiOiJzb21lb25lQG1haWwuY29tIn0.WvBSxcQEqqniC1v08LzkrHcELegs0b7vtjGPWiaEWcI
17:04:59.113 [main] DEBUG org.apache.http.headers - >> Accept: */*
17:04:59.113 [main] DEBUG org.apache.http.headers - >> Host: altashop-api.fly.dev
17:04:59.113 [main] DEBUG org.apache.http.headers - >> Connection: Keep-Alive
17:04:59.113 [main] DEBUG org.apache.http.headers - >> User-Agent: Apache-HttpClient/4.5.13 (Java/17.0.3.1)
17:04:59.113 [main] DEBUG org.apache.http.headers - >> Accept-Encoding: gzip,deflate
17:04:59.354 [main] DEBUG org.apache.http.wire -  << "HTTP/1.1 200 OK[\r][\n]"
17:04:59.354 [main] DEBUG org.apache.http.wire -  << "content-type: application/json[\r][\n]"
17:04:59.354 [main] DEBUG org.apache.http.wire -  << "date: Tue, 09 May 2023 10:05:02 GMT[\r][\n]"
17:04:59.354 [main] DEBUG org.apache.http.wire -  << "transfer-encoding: chunked[\r][\n]"
17:04:59.354 [main] DEBUG org.apache.http.wire -  << "content-encoding: gzip[\r][\n]"
17:04:59.354 [main] DEBUG org.apache.http.wire -  << "server: Fly/3f2597ca (2023-05-03)[\r][\n]"
17:04:59.354 [main] DEBUG org.apache.http.wire -  << "via: 1.1 fly.io[\r][\n]"
17:04:59.354 [main] DEBUG org.apache.http.wire -  << "fly-request-id: 01GZZZHDWDRN0C4WM2KQTZE2HV-sin[\r][\n]"
17:04:59.354 [main] DEBUG org.apache.http.wire -  << "[\r][\n]"
17:04:59.354 [main] DEBUG org.apache.http.impl.conn.DefaultClientConnection - Receiving response: HTTP/1.1 200 OK
17:04:59.354 [main] DEBUG org.apache.http.headers - << HTTP/1.1 200 OK
17:04:59.354 [main] DEBUG org.apache.http.headers - << content-type: application/json
17:04:59.354 [main] DEBUG org.apache.http.headers - << date: Tue, 09 May 2023 10:05:02 GMT
17:04:59.354 [main] DEBUG org.apache.http.headers - << transfer-encoding: chunked
17:04:59.354 [main] DEBUG org.apache.http.headers - << content-encoding: gzip
17:04:59.354 [main] DEBUG org.apache.http.headers - << server: Fly/3f2597ca (2023-05-03)
17:04:59.354 [main] DEBUG org.apache.http.headers - << via: 1.1 fly.io
17:04:59.354 [main] DEBUG org.apache.http.headers - << fly-request-id: 01GZZZHDWDRN0C4WM2KQTZE2HV-sin
17:04:59.355 [main] DEBUG org.apache.http.impl.client.DefaultHttpClient - Connection can be kept alive indefinitely
17:04:59.355 [main] DEBUG io.restassured.internal.RestAssuredHttpBuilder - Parsing response as: application/json
17:04:59.355 [main] DEBUG org.apache.http.wire -  << "2AC[\r][\n]"
17:04:59.355 [main] DEBUG org.apache.http.wire -  << "[0x1f][0x8b][0x8][0x0][0x0][0x0][0x0][0x0][0x4][0xff][0xaa]VJI,IT[0xb2][0x8a][0xae]V[\n]"
17:04:59.355 [main] DEBUG org.apache.http.wire -  << "([0xca]O)M.Q[0xb2]R[\n]"
17:04:59.355 [main] DEBUG org.apache.http.wire -  << "*-.[0xc9]LV[0x8][0xcf][0xcf]OI[0xcd]SpJLW[0xd2]Q[\n]"
17:04:59.355 [main] DEBUG org.apache.http.wire -  << "([0xca]LNU[0xb2]240[0xd0]Q[\n]"
17:04:59.355 [main] DEBUG org.apache.http.wire -  << ",M[0xcc]+[0xc9],[0xa9]T[0xb2]2[0xd4]Q[\n]"
17:04:59.355 [main] DEBUG org.apache.http.wire -  << ".M*[0xc9]/I[0xcc][0x1][0xcb][0xd5][0xea] [0x9b][0x13]P[0x94][0x98]\[0x92][0x99][0x9c][0x98][0xa3][0xe0][0x93][0x99][0x7]2)[0xbf][0xa4]$'[0x95]L[0xc3][0x82]sRS[0xb3][0xa1][0x6][0xb9][0xe7][0xe4][0x97][0xa5][0x16][0x93]i[0x90]SQbrjNj[0x9]B[0xbb][0x91][0x11]nO[0x19][0x19][0x19][0xe0][0xf2][0x94]{Qb^fI[0xaa][0x82]s~"[0x92]a$[0x85]Ppe^jQz&,[0xb8]s[0x14][0x82]32[0x8b][0xc8]5L[0x1][0xc9]G[0x96][0x96]8[0xa3][0xc9][0xc8][0xd2][0x12][0xd5]G[0x14][0x6][0x88]_bq[0xa6][0x82]Kbi[0x9e][0x82]WjQi[0xb6]Bbeb[0xae]Bz~Qj[0x1e]r[0xba][0xb1]4[0xc0][0x97]r@[0xb2][0xa8][0x8e][0xf2][0xcc]+I[0xcd][0xc9][0xc9]LO[0xcd]+[0x81]Fz@b^[0x9]R[0x9c][0x9b][[0x18][0x9a]"[0xfb][0xd1][0x8]%)[0x9a][0x9a][0x19][0xa3][0xc5][0x1b]4Q;[0xe7][0x17][0x14][0xa4][0x16][0xa1][0xc5][0x99][0xa5][0xa9][0x91][0x9]n[0xb3],[\r]L,P[0x1d][0xe7][0x98]Z[0x94][0x9f]R[0x99][0x97][0x98][0x9b][0x99][0xac][0x10]T[0x9a][0x94][0x94]Z[0xa4][0xe0][0x81][0x9c][0x6][0x8c]L[0xcc]-p[0x9a]gbij[0x86]j\pnbN[0x8e][0x82]s~^rQjI[0xaa][0x2][0x9a]G[0xcd],L[0x8d]q[0x1a]fhln[0x80]f[0x9a]kQz~^>[0xc8]i[0xb0][0x4][0x1a][0x90][0x93]X[0x82][0x94][0xed][0x8c][0x8d]-q[0x1b]hfn[0x81]f[0x1e]4[0xe0][0xa0][0xa5][0x1][0x9a]Y[0xe6][0x86][0x16]F[0xb8][0x1d]gblf[0x82][0xea]U[0x9f][0xcc][0xf4][0x8c][0x92][0xf2]T[0x10][0xa9][0xe0][0x98]S[0x9a][0x9b][0x99]W[0x9a][0x8b][0x1a]v[0xa6][0x86][0x16](i[0x17]5^[\r][0x8c][0xcd][0xd1][0xe2][0xc2]=[0xbf](=5[0xbf][0xb4]X! [0x11][0x14][0xb1][0xe1][0x89]%[0xc9][0x19]H[0x19][0xc1][0xc4][0x2][0xb7]_M,[0xcd][0xd0][0xfc][\n]"
17:04:59.355 [main] DEBUG org.apache.http.wire -  << "[0x89][0x9][0x1c][0xe1]fij[0x86][0xdb],CKC#4[0xc3][0x90][0x8a][0xbf][0xd4][0xc4][0x92][0xc]P[0xaa][0xcb][0xc9]O[0xce]F8[0xce][0xc4][0xd4][0xc][0xa5][0xe0]A[0xf1][0xaa][0xa5]!z[0xc9][0xe3][0x9b][0x9a][0x92][0x99][0x9f]\[0x4]*p[0xc0]i[0x18]-[0x9d]X[0x18]Y[0xe2][0x89][\n]"
17:04:59.355 [main] DEBUG org.apache.http.wire -  << "3S[0xb][0xb4][0xa8]@[0xce]a[0xe1][0xf9][0xf9]9[\n]"
17:04:59.355 [main] DEBUG org.apache.http.wire -  << "[0xde]y[0x99]iH[0xc9][0xc4][0xd2][0xd0][0x8]O[0x6][0xb3]02E[0xcb]`%[0xa9][0xc5]%[0x99]y[0xe9][\n]"
17:04:59.355 [main] DEBUG org.apache.http.wire -  << "[0x5][0xd0]z[0x4][0xb9][0xce][0xc0][0x97][0xf7][\r][0xc][0xc][0xd0]L[0x8a]p[0xf2][0x8f]0D[\n]"
17:04:59.355 [main] DEBUG org.apache.http.wire -  << "&<[0x85][0x99][0x9]zaF[0x89][0xde][0x94][0xd4][0xe2][0xe4][0xa2][0xcc][0x82][0x92][0xcc][0xfc]<[0x84][0xed](1dh[0x8c]\[0xca][0xa0]9[0xdb][0xb3] #?/U[0xc1][0xd0]P[0xc1][0xcc]D!=[0x9]a[0x84][0x11][0x9a][0x7]LM[0x91]M11361E[0xcd]%[0x14]:[0x84]B[0xed][0x83][0xc6][0x1f][0x3][0xe9][0x90][0xd8]Z.[0x0][0x0][0x0][0x0][0xff][0xff]"
17:04:59.355 [main] DEBUG org.apache.http.wire -  << "[\r][\n]"
17:04:59.355 [main] DEBUG org.apache.http.wire -  << "A[\r][\n]"
17:04:59.355 [main] DEBUG org.apache.http.wire -  << "[0x3][0x0][0xc6][0xe8][0xd3][0xbb][0x1c][0x9][0x0][0x0]"
17:04:59.355 [main] DEBUG org.apache.http.wire -  << "[\r][\n]"
17:04:59.355 [main] DEBUG org.apache.http.wire -  << "0[\r][\n]"
17:04:59.355 [main] DEBUG org.apache.http.wire -  << "[\r][\n]"
17:04:59.355 [main] DEBUG io.restassured.internal.RestAssuredHttpBuilder - Parsed data to instance of: class org.apache.http.conn.EofSensorInputStream
17:04:59.356 [main] DEBUG org.apache.http.impl.conn.BasicClientConnectionManager - Releasing connection org.apache.http.impl.conn.ManagedClientConnectionImpl@1e38e8b6
17:04:59.356 [main] DEBUG org.apache.http.impl.conn.BasicClientConnectionManager - Connection can be kept alive indefinitely
17:04:59.357 [main] DEBUG net.thucydides.core.steps.StepInterceptor - STEP DONE: I send GET HTTP Request
  &amp#27;[32mWhen &amp#27;[0m&amp#27;[32mI send Get Http Request&amp#27;[0m                       &amp#27;[90m# starter.stepDefinition.OrderSteps.sendGetHttpRequest()&amp#27;[0m
17:04:59.360 [main] DEBUG net.thucydides.core.steps.StepInterceptor - STARTING STEP: OrderSteps.receiveValidHttpResponse - I receive valid HTTP response code is 200
17:04:59.360 [main] DEBUG net.thucydides.core.steps.StepInterceptor - STEP DONE: I receive valid HTTP response code is 200
  &amp#27;[32mThen &amp#27;[0m&amp#27;[32mI receive valid Http Response code 200&amp#27;[0m        &amp#27;[90m# starter.stepDefinition.OrderSteps.receiveValidHttpResponse()&amp#27;[0m
17:04:59.364 [main] DEBUG net.thucydides.core.steps.StepInterceptor - STARTING STEP: OrderSteps.receiveValidDataForDetailProduct - I receive valid data for product comment
17:04:59.421 [main] DEBUG net.thucydides.core.steps.StepInterceptor - STEP DONE: I receive valid data for product comment
  &amp#27;[32mAnd &amp#27;[0m&amp#27;[32mI receive valid data for the order&amp#27;[0m             &amp#27;[90m# starter.stepDefinition.OrderSteps.receiveValidDataForDetailProduct()&amp#27;[0m
17:04:59.423 [main] INFO  - 
  _____   ___   ___   _____     ___     _     ___   ___   ___   ___  
 |_   _| | __| / __| |_   _|   | _ \   /_\   / __| / __| | __| |   \ 
   | |   | _|  \__ \   | |     |  _/  / _ \  \__ \ \__ \ | _|  | |) |
   |_|   |___| |___/   |_|     |_|   /_/ \_\ |___/ |___/ |___| |___/ 

GET - As admin I have be able to get order
----------------------------------------------------------------------
]]></system-out>
  </testcase>
  <testcase name="POST - As admin I have be able to create a new order" classname="Order" time="0.174">
    <system-out><![CDATA[
Scenario: POST - As admin I have be able to create a new order &amp#27;[90m# src/test/resources/features/Order.feature:12&amp#27;[0m
17:04:59.428 [main] INFO io.cucumber.core.plugin.SerenityReporter - Running feature from file:///C:/Users/VICTUS/IdeaProjects/RestAssuredMiniProject/src/test/resources/features/Order.feature
17:04:59.429 [main] INFO  - 
  _____   ___   ___   _____     ___   _____     _     ___   _____   ___   ___  
 |_   _| | __| / __| |_   _|   / __| |_   _|   /_\   | _ \ |_   _| | __| |   \ 
   | |   | _|  \__ \   | |     \__ \   | |    / _ \  |   /   | |   | _|  | |) |
   |_|   |___| |___/   |_|     |___/   |_|   /_/ \_\ |_|_\   |_|   |___| |___/ 

POST - As admin I have be able to create a new order(order;post---as-admin-i-have-be-able-to-create-a-new-order)
--------------------------------------------------------------------------------
17:04:59.434 [main] DEBUG net.thucydides.core.steps.StepInterceptor - STARTING STEP: OrderSteps.setPostApiEndpoints - I set POST api endpoint
17:04:59.434 [main] DEBUG net.thucydides.core.steps.StepInterceptor - STEP DONE: I set POST api endpoint
  &amp#27;[32mGiven &amp#27;[0m&amp#27;[32mI set Post API endpoints&amp#27;[0m                               &amp#27;[90m# starter.stepDefinition.OrderSteps.setPostApiEndpoints()&amp#27;[0m
17:04:59.436 [main] DEBUG net.thucydides.core.steps.StepInterceptor - STARTING STEP: OrderSteps.sendPostHttpRequest - I send POST HTTP Request
17:04:59.436 [main] DEBUG net.thucydides.core.steps.StepInterceptor - STARTING STEP: Post.sendPostHttpRequest - I set POST api endpoint
17:04:59.437 [main] DEBUG net.thucydides.core.steps.StepInterceptor - STEP DONE: I set POST api endpoint
17:04:59.443 [main] DEBUG org.apache.http.impl.conn.BasicClientConnectionManager - Get connection for route {s}->https://altashop-api.fly.dev:443
17:04:59.443 [main] DEBUG org.apache.http.impl.conn.DefaultClientConnectionOperator - Connecting to altashop-api.fly.dev:443
17:04:59.526 [main] DEBUG org.apache.http.client.protocol.RequestAddCookies - CookieSpec selected: ignoreCookies
17:04:59.526 [main] DEBUG org.apache.http.client.protocol.RequestAuthCache - Auth cache not set in the context
17:04:59.526 [main] DEBUG org.apache.http.client.protocol.RequestProxyAuthentication - Proxy auth state: UNCHALLENGED
17:04:59.526 [main] DEBUG org.apache.http.impl.client.DefaultHttpClient - Attempt 1 to execute request
17:04:59.526 [main] DEBUG org.apache.http.impl.conn.DefaultClientConnection - Sending request: POST /api/orders HTTP/1.1
17:04:59.526 [main] DEBUG org.apache.http.wire -  >> "POST /api/orders HTTP/1.1[\r][\n]"
17:04:59.526 [main] DEBUG org.apache.http.wire -  >> "Authorization: Bearer eyJhbGciOiJIUzI1NiIsInR5cCI6IkpXVCJ9.eyJGdWxsbmFtZSI6IkpvaG4gRG9lIiwiRW1haWwiOiJzb21lb25lQG1haWwuY29tIn0.WvBSxcQEqqniC1v08LzkrHcELegs0b7vtjGPWiaEWcI[\r][\n]"
17:04:59.526 [main] DEBUG org.apache.http.wire -  >> "Accept: */*[\r][\n]"
17:04:59.526 [main] DEBUG org.apache.http.wire -  >> "Content-Type: application/json[\r][\n]"
17:04:59.526 [main] DEBUG org.apache.http.wire -  >> "Content-Length: 29[\r][\n]"
17:04:59.526 [main] DEBUG org.apache.http.wire -  >> "Host: altashop-api.fly.dev[\r][\n]"
17:04:59.526 [main] DEBUG org.apache.http.wire -  >> "Connection: Keep-Alive[\r][\n]"
17:04:59.526 [main] DEBUG org.apache.http.wire -  >> "User-Agent: Apache-HttpClient/4.5.13 (Java/17.0.3.1)[\r][\n]"
17:04:59.526 [main] DEBUG org.apache.http.wire -  >> "Accept-Encoding: gzip,deflate[\r][\n]"
17:04:59.526 [main] DEBUG org.apache.http.wire -  >> "[\r][\n]"
17:04:59.526 [main] DEBUG org.apache.http.headers - >> POST /api/orders HTTP/1.1
17:04:59.526 [main] DEBUG org.apache.http.headers - >> Authorization: Bearer eyJhbGciOiJIUzI1NiIsInR5cCI6IkpXVCJ9.eyJGdWxsbmFtZSI6IkpvaG4gRG9lIiwiRW1haWwiOiJzb21lb25lQG1haWwuY29tIn0.WvBSxcQEqqniC1v08LzkrHcELegs0b7vtjGPWiaEWcI
17:04:59.526 [main] DEBUG org.apache.http.headers - >> Accept: */*
17:04:59.526 [main] DEBUG org.apache.http.headers - >> Content-Type: application/json
17:04:59.526 [main] DEBUG org.apache.http.headers - >> Content-Length: 29
17:04:59.526 [main] DEBUG org.apache.http.headers - >> Host: altashop-api.fly.dev
17:04:59.526 [main] DEBUG org.apache.http.headers - >> Connection: Keep-Alive
17:04:59.526 [main] DEBUG org.apache.http.headers - >> User-Agent: Apache-HttpClient/4.5.13 (Java/17.0.3.1)
17:04:59.526 [main] DEBUG org.apache.http.headers - >> Accept-Encoding: gzip,deflate
17:04:59.526 [main] DEBUG org.apache.http.wire -  >> "{"quantity":1,"product_id":2}"
17:04:59.569 [main] DEBUG org.apache.http.wire -  << "HTTP/1.1 400 Bad Request[\r][\n]"
17:04:59.569 [main] DEBUG org.apache.http.wire -  << "content-type: application/json[\r][\n]"
17:04:59.569 [main] DEBUG org.apache.http.wire -  << "date: Tue, 09 May 2023 10:05:03 GMT[\r][\n]"
17:04:59.569 [main] DEBUG org.apache.http.wire -  << "content-encoding: gzip[\r][\n]"
17:04:59.569 [main] DEBUG org.apache.http.wire -  << "transfer-encoding: chunked[\r][\n]"
17:04:59.569 [main] DEBUG org.apache.http.wire -  << "server: Fly/3f2597ca (2023-05-03)[\r][\n]"
17:04:59.569 [main] DEBUG org.apache.http.wire -  << "via: 1.1 fly.io[\r][\n]"
17:04:59.569 [main] DEBUG org.apache.http.wire -  << "fly-request-id: 01GZZZHE9E9BHGT2KDD9KC7BPA-sin[\r][\n]"
17:04:59.569 [main] DEBUG org.apache.http.wire -  << "[\r][\n]"
17:04:59.569 [main] DEBUG org.apache.http.impl.conn.DefaultClientConnection - Receiving response: HTTP/1.1 400 Bad Request
17:04:59.569 [main] DEBUG org.apache.http.headers - << HTTP/1.1 400 Bad Request
17:04:59.569 [main] DEBUG org.apache.http.headers - << content-type: application/json
17:04:59.569 [main] DEBUG org.apache.http.headers - << date: Tue, 09 May 2023 10:05:03 GMT
17:04:59.569 [main] DEBUG org.apache.http.headers - << content-encoding: gzip
17:04:59.569 [main] DEBUG org.apache.http.headers - << transfer-encoding: chunked
17:04:59.569 [main] DEBUG org.apache.http.headers - << server: Fly/3f2597ca (2023-05-03)
17:04:59.569 [main] DEBUG org.apache.http.headers - << via: 1.1 fly.io
17:04:59.569 [main] DEBUG org.apache.http.headers - << fly-request-id: 01GZZZHE9E9BHGT2KDD9KC7BPA-sin
17:04:59.569 [main] DEBUG org.apache.http.impl.client.DefaultHttpClient - Connection can be kept alive indefinitely
17:04:59.569 [main] DEBUG io.restassured.internal.RestAssuredHttpBuilder - Parsing response as: application/json
17:04:59.569 [main] DEBUG org.apache.http.wire -  << "6B[\r][\n]"
17:04:59.569 [main] DEBUG org.apache.http.wire -  << "[0x1f][0x8b][0x8][0x0][0x0][0x0][0x0][0x0][0x4][0xff][0xab]VJ-*[0xca]/R[0xb2]R[0xca]*[0xce][0xcf][0xb3]RHN[0xcc][0xcb][0xcb]/Q([0xcd][0xcb]M,*[0xce]H[0xcc]Q[0xc8]O[0xca]JM.Q[0xc8][0xcc]+[0xc9]Wp[0xcf]W(K[0xcc])MU[0xc8]OS([0xa9],HU[0x88][0x8e][0xd5]*J-,M-.[0xd1][0xf3]/JI-r.JM,IU[0xaa][0xe5][0x2][0x0][0x3][0x8e][0xac][0xe4]W[0x0][0x0][0x0]"
17:04:59.569 [main] DEBUG org.apache.http.wire -  << "[\r][\n]"
17:04:59.569 [main] DEBUG org.apache.http.wire -  << "0[\r][\n]"
17:04:59.569 [main] DEBUG org.apache.http.wire -  << "[\r][\n]"
17:04:59.569 [main] DEBUG io.restassured.internal.RestAssuredHttpBuilder - Parsed data to instance of: class org.apache.http.conn.EofSensorInputStream
17:04:59.571 [main] DEBUG org.apache.http.impl.conn.BasicClientConnectionManager - Releasing connection org.apache.http.impl.conn.ManagedClientConnectionImpl@be9cc86
17:04:59.571 [main] DEBUG org.apache.http.impl.conn.BasicClientConnectionManager - Connection can be kept alive indefinitely
17:04:59.571 [main] DEBUG net.thucydides.core.steps.StepInterceptor - STEP DONE: I send POST HTTP Request
  &amp#27;[32mWhen &amp#27;[0m&amp#27;[32mI send Post Http Request&amp#27;[0m                                &amp#27;[90m# starter.stepDefinition.OrderSteps.sendPostHttpRequest()&amp#27;[0m
17:04:59.573 [main] DEBUG net.thucydides.core.steps.StepInterceptor - STARTING STEP: OrderSteps.receiveValidHttp201 - I receive valid HTTP response code is 201
17:04:59.573 [main] DEBUG net.thucydides.core.steps.StepInterceptor - STEP DONE: I receive valid HTTP response code is 201
  &amp#27;[32mThen &amp#27;[0m&amp#27;[32mI receive valid Http Response code 201&amp#27;[0m                  &amp#27;[90m# starter.stepDefinition.OrderSteps.receiveValidHttp201()&amp#27;[0m
17:04:59.576 [main] DEBUG net.thucydides.core.steps.StepInterceptor - STARTING STEP: OrderSteps.receiveValidDataForRatingProduct - I receive valid data for product category
17:04:59.596 [main] DEBUG net.thucydides.core.steps.StepInterceptor - STEP DONE: I receive valid data for product category
  &amp#27;[32mAnd &amp#27;[0m&amp#27;[32mI receive valid data for new order&amp#27;[0m                       &amp#27;[90m# starter.stepDefinition.OrderSteps.receiveValidDataForRatingProduct()&amp#27;[0m
17:04:59.598 [main] INFO  - 
  _____   ___   ___   _____     ___     _     ___   ___   ___   ___  
 |_   _| | __| / __| |_   _|   | _ \   /_\   / __| / __| | __| |   \ 
   | |   | _|  \__ \   | |     |  _/  / _ \  \__ \ \__ \ | _|  | |) |
   |_|   |___| |___/   |_|     |_|   /_/ \_\ |___/ |___/ |___| |___/ 

POST - As admin I have be able to create a new order
----------------------------------------------------------------------
]]></system-out>
  </testcase>
  <testcase name="GET - As admin I have be able to get detail product" classname="Product" time="0.388">
    <system-out><![CDATA[17:04:59.598 [main] INFO io.cucumber.core.plugin.SerenityReporter - Running feature from file:///C:/Users/VICTUS/IdeaProjects/RestAssuredMiniProject/src/test/resources/features/Product.feature
17:04:59.600 [main] DEBUG net.thucydides.core.steps.StepEventBus - Test suite started for story net.thucydides.core.model.Story@fdbc81c8
17:04:59.600 [main] INFO  - Test Suite Started: Product

Scenario: GET - As admin I have be able to get detail product &amp#27;[90m# src/test/resources/features/Product.feature:6&amp#27;[0m
17:04:59.605 [main] INFO io.cucumber.core.plugin.SerenityReporter - Running feature from file:///C:/Users/VICTUS/IdeaProjects/RestAssuredMiniProject/src/test/resources/features/Product.feature
17:04:59.606 [main] INFO  - 
  _____   ___   ___   _____     ___   _____     _     ___   _____   ___   ___  
 |_   _| | __| / __| |_   _|   / __| |_   _|   /_\   | _ \ |_   _| | __| |   \ 
   | |   | _|  \__ \   | |     \__ \   | |    / _ \  |   /   | |   | _|  | |) |
   |_|   |___| |___/   |_|     |___/   |_|   /_/ \_\ |_|_\   |_|   |___| |___/ 

GET - As admin I have be able to get detail product(product;get---as-admin-i-have-be-able-to-get-detail-product)
--------------------------------------------------------------------------------
17:04:59.625 [main] DEBUG net.thucydides.core.steps.StepInterceptor - STARTING STEP: ProductSteps.setGetApiEndpoints - I set GET api endpoints
17:04:59.625 [main] DEBUG net.thucydides.core.steps.StepInterceptor - STEP DONE: I set GET api endpoints
  &amp#27;[32mGiven &amp#27;[0m&amp#27;[32mI set GET api endpoints&amp#27;[0m                               &amp#27;[90m# starter.stepDefinition.ProductSteps.setGetApiEndpoints()&amp#27;[0m
17:04:59.628 [main] DEBUG net.thucydides.core.steps.StepInterceptor - STARTING STEP: ProductSteps.sendGetHttpRequest - I send GET HTTP request
17:04:59.629 [main] DEBUG net.thucydides.core.steps.StepInterceptor - STARTING STEP: Get.sendGetHttpRequest - I set GET api endpoints
17:04:59.629 [main] DEBUG net.thucydides.core.steps.StepInterceptor - STEP DONE: I set GET api endpoints
17:04:59.636 [main] DEBUG org.apache.http.impl.conn.BasicClientConnectionManager - Get connection for route {s}->https://altashop-api.fly.dev:443
17:04:59.636 [main] DEBUG org.apache.http.impl.conn.DefaultClientConnectionOperator - Connecting to altashop-api.fly.dev:443
17:04:59.919 [main] DEBUG org.apache.http.client.protocol.RequestAddCookies - CookieSpec selected: ignoreCookies
17:04:59.919 [main] DEBUG org.apache.http.client.protocol.RequestAuthCache - Auth cache not set in the context
17:04:59.919 [main] DEBUG org.apache.http.client.protocol.RequestTargetAuthentication - Target auth state: UNCHALLENGED
17:04:59.919 [main] DEBUG org.apache.http.client.protocol.RequestProxyAuthentication - Proxy auth state: UNCHALLENGED
17:04:59.919 [main] DEBUG org.apache.http.impl.client.DefaultHttpClient - Attempt 1 to execute request
17:04:59.919 [main] DEBUG org.apache.http.impl.conn.DefaultClientConnection - Sending request: GET /api/products/13437 HTTP/1.1
17:04:59.920 [main] DEBUG org.apache.http.wire -  >> "GET /api/products/13437 HTTP/1.1[\r][\n]"
17:04:59.920 [main] DEBUG org.apache.http.wire -  >> "Accept: */*[\r][\n]"
17:04:59.920 [main] DEBUG org.apache.http.wire -  >> "Host: altashop-api.fly.dev[\r][\n]"
17:04:59.920 [main] DEBUG org.apache.http.wire -  >> "Connection: Keep-Alive[\r][\n]"
17:04:59.920 [main] DEBUG org.apache.http.wire -  >> "User-Agent: Apache-HttpClient/4.5.13 (Java/17.0.3.1)[\r][\n]"
17:04:59.920 [main] DEBUG org.apache.http.wire -  >> "Accept-Encoding: gzip,deflate[\r][\n]"
17:04:59.920 [main] DEBUG org.apache.http.wire -  >> "[\r][\n]"
17:04:59.920 [main] DEBUG org.apache.http.headers - >> GET /api/products/13437 HTTP/1.1
17:04:59.920 [main] DEBUG org.apache.http.headers - >> Accept: */*
17:04:59.920 [main] DEBUG org.apache.http.headers - >> Host: altashop-api.fly.dev
17:04:59.920 [main] DEBUG org.apache.http.headers - >> Connection: Keep-Alive
17:04:59.920 [main] DEBUG org.apache.http.headers - >> User-Agent: Apache-HttpClient/4.5.13 (Java/17.0.3.1)
17:04:59.920 [main] DEBUG org.apache.http.headers - >> Accept-Encoding: gzip,deflate
17:04:59.959 [main] DEBUG org.apache.http.wire -  << "HTTP/1.1 200 OK[\r][\n]"
17:04:59.959 [main] DEBUG org.apache.http.wire -  << "content-type: application/json[\r][\n]"
17:04:59.959 [main] DEBUG org.apache.http.wire -  << "date: Tue, 09 May 2023 10:05:03 GMT[\r][\n]"
17:04:59.959 [main] DEBUG org.apache.http.wire -  << "content-encoding: gzip[\r][\n]"
17:04:59.959 [main] DEBUG org.apache.http.wire -  << "transfer-encoding: chunked[\r][\n]"
17:04:59.959 [main] DEBUG org.apache.http.wire -  << "server: Fly/3f2597ca (2023-05-03)[\r][\n]"
17:04:59.959 [main] DEBUG org.apache.http.wire -  << "via: 1.1 fly.io[\r][\n]"
17:04:59.959 [main] DEBUG org.apache.http.wire -  << "fly-request-id: 01GZZZHENPDH8P27BWS9EGZD7M-sin[\r][\n]"
17:04:59.959 [main] DEBUG org.apache.http.wire -  << "[\r][\n]"
17:04:59.959 [main] DEBUG org.apache.http.impl.conn.DefaultClientConnection - Receiving response: HTTP/1.1 200 OK
17:04:59.959 [main] DEBUG org.apache.http.headers - << HTTP/1.1 200 OK
17:04:59.959 [main] DEBUG org.apache.http.headers - << content-type: application/json
17:04:59.959 [main] DEBUG org.apache.http.headers - << date: Tue, 09 May 2023 10:05:03 GMT
17:04:59.959 [main] DEBUG org.apache.http.headers - << content-encoding: gzip
17:04:59.959 [main] DEBUG org.apache.http.headers - << transfer-encoding: chunked
17:04:59.959 [main] DEBUG org.apache.http.headers - << server: Fly/3f2597ca (2023-05-03)
17:04:59.959 [main] DEBUG org.apache.http.headers - << via: 1.1 fly.io
17:04:59.959 [main] DEBUG org.apache.http.headers - << fly-request-id: 01GZZZHENPDH8P27BWS9EGZD7M-sin
17:04:59.960 [main] DEBUG org.apache.http.impl.client.DefaultHttpClient - Connection can be kept alive indefinitely
17:04:59.960 [main] DEBUG io.restassured.internal.RestAssuredHttpBuilder - Parsing response as: application/json
17:04:59.960 [main] DEBUG org.apache.http.wire -  << "90[\r][\n]"
17:04:59.960 [main] DEBUG org.apache.http.wire -  << "[0x1f][0x8b][0x8][0x0][0x0][0x0][0x0][0x0][0x4][0xff][0xab]VJI,IT[0xb2][0xaa]V[0xf2]tQ[0xb2]24616[0xd7]Q[0xf2]K[0xcc]MU[0xb2]Rr*JLN[0xcd]I-Q[0xd2]QrI-N.[0xca],([0xc9][0xcc][0xcf]S[0xb2]R[0xf2]MLIU[0xc8]OS[0xc8][0xc8]L[0xcf]P(,M[0xcc][0xc9],[0xa9]T(HM,[0xca])V[0xd2]Q[\n]"
17:04:59.960 [main] DEBUG org.apache.http.wire -  << "([0xca]LNU[0xb2]222[0xd0]Q[\n]"
17:04:59.960 [main] DEBUG org.apache.http.wire -  << "J,[0xc9][0xcc]K/V[0xb2]2[0xd0]QrN,IM[0xcf]/[0xca]L-V[0xb2][0x8a][0x8e][0xad][0xad][0xe5][0x2][0x0]D[\r]n[0xa6]|[0x0][0x0][0x0]"
17:04:59.960 [main] DEBUG org.apache.http.wire -  << "[\r][\n]"
17:04:59.960 [main] DEBUG org.apache.http.wire -  << "0[\r][\n]"
17:04:59.960 [main] DEBUG org.apache.http.wire -  << "[\r][\n]"
17:04:59.960 [main] DEBUG io.restassured.internal.RestAssuredHttpBuilder - Parsed data to instance of: class org.apache.http.conn.EofSensorInputStream
17:04:59.961 [main] DEBUG org.apache.http.impl.conn.BasicClientConnectionManager - Releasing connection org.apache.http.impl.conn.ManagedClientConnectionImpl@2de82bf8
17:04:59.961 [main] DEBUG org.apache.http.impl.conn.BasicClientConnectionManager - Connection can be kept alive indefinitely
17:04:59.961 [main] DEBUG net.thucydides.core.steps.StepInterceptor - STEP DONE: I send GET HTTP request
  &amp#27;[32mWhen &amp#27;[0m&amp#27;[32mI send GET HTTP request&amp#27;[0m                                &amp#27;[90m# starter.stepDefinition.ProductSteps.sendGetHttpRequest()&amp#27;[0m
17:04:59.963 [main] DEBUG net.thucydides.core.steps.StepInterceptor - STARTING STEP: ProductSteps.receiveValidHttpResponse - I receive valid HTTP response code 200
17:04:59.963 [main] DEBUG net.thucydides.core.steps.StepInterceptor - STEP DONE: I receive valid HTTP response code 200
  &amp#27;[32mThen &amp#27;[0m&amp#27;[32mI receive valid HTTP response code 200&amp#27;[0m                 &amp#27;[90m# starter.stepDefinition.ProductSteps.receiveValidHttpResponse()&amp#27;[0m
17:04:59.966 [main] DEBUG net.thucydides.core.steps.StepInterceptor - STARTING STEP: ProductSteps.receiveValidDataForDetailProduct - I receive valid data for detail product
17:04:59.987 [main] DEBUG net.thucydides.core.steps.StepInterceptor - STEP DONE: I receive valid data for detail product
  &amp#27;[32mAnd &amp#27;[0m&amp#27;[32mI receive valid data for detail product&amp#27;[0m                 &amp#27;[90m# starter.stepDefinition.ProductSteps.receiveValidDataForDetailProduct()&amp#27;[0m
17:04:59.988 [main] INFO  - 
  _____   ___   ___   _____     ___     _     ___   ___   ___   ___  
 |_   _| | __| / __| |_   _|   | _ \   /_\   / __| / __| | __| |   \ 
   | |   | _|  \__ \   | |     |  _/  / _ \  \__ \ \__ \ | _|  | |) |
   |_|   |___| |___/   |_|     |_|   /_/ \_\ |___/ |___/ |___| |___/ 

GET - As admin I have be able to get detail product
----------------------------------------------------------------------
]]></system-out>
  </testcase>
  <testcase name="POST - As admin I have be able to create new product" classname="Product" time="0.441">
    <system-out><![CDATA[
Scenario: POST - As admin I have be able to create new product &amp#27;[90m# src/test/resources/features/Product.feature:12&amp#27;[0m
17:04:59.992 [main] INFO io.cucumber.core.plugin.SerenityReporter - Running feature from file:///C:/Users/VICTUS/IdeaProjects/RestAssuredMiniProject/src/test/resources/features/Product.feature
17:04:59.995 [main] INFO  - 
  _____   ___   ___   _____     ___   _____     _     ___   _____   ___   ___  
 |_   _| | __| / __| |_   _|   / __| |_   _|   /_\   | _ \ |_   _| | __| |   \ 
   | |   | _|  \__ \   | |     \__ \   | |    / _ \  |   /   | |   | _|  | |) |
   |_|   |___| |___/   |_|     |___/   |_|   /_/ \_\ |_|_\   |_|   |___| |___/ 

POST - As admin I have be able to create new product(product;post---as-admin-i-have-be-able-to-create-new-product)
--------------------------------------------------------------------------------
17:05:00.003 [main] DEBUG net.thucydides.core.steps.StepInterceptor - STARTING STEP: ProductSteps.setPostApiEndpoints - I set POST api endpoints
17:05:00.003 [main] DEBUG net.thucydides.core.steps.StepInterceptor - STEP DONE: I set POST api endpoints
  &amp#27;[32mGiven &amp#27;[0m&amp#27;[32mI set POST api endpoints&amp#27;[0m                               &amp#27;[90m# starter.stepDefinition.ProductSteps.setPostApiEndpoints()&amp#27;[0m
17:05:00.005 [main] DEBUG net.thucydides.core.steps.StepInterceptor - STARTING STEP: ProductSteps.sendPostHttpRequest - I send POST HTTP request
17:05:00.006 [main] DEBUG net.thucydides.core.steps.StepInterceptor - STARTING STEP: Post.sendPostHttpRequest - I set POST api endpoints
17:05:00.006 [main] DEBUG net.thucydides.core.steps.StepInterceptor - STEP DONE: I set POST api endpoints
17:05:00.011 [main] DEBUG org.apache.http.impl.conn.BasicClientConnectionManager - Get connection for route {s}->https://altashop-api.fly.dev:443
17:05:00.011 [main] DEBUG org.apache.http.impl.conn.DefaultClientConnectionOperator - Connecting to altashop-api.fly.dev:443
17:05:00.110 [main] DEBUG org.apache.http.client.protocol.RequestAddCookies - CookieSpec selected: ignoreCookies
17:05:00.110 [main] DEBUG org.apache.http.client.protocol.RequestAuthCache - Auth cache not set in the context
17:05:00.110 [main] DEBUG org.apache.http.client.protocol.RequestTargetAuthentication - Target auth state: UNCHALLENGED
17:05:00.110 [main] DEBUG org.apache.http.client.protocol.RequestProxyAuthentication - Proxy auth state: UNCHALLENGED
17:05:00.110 [main] DEBUG org.apache.http.impl.client.DefaultHttpClient - Attempt 1 to execute request
17:05:00.110 [main] DEBUG org.apache.http.impl.conn.DefaultClientConnection - Sending request: POST /api/products HTTP/1.1
17:05:00.110 [main] DEBUG org.apache.http.wire -  >> "POST /api/products HTTP/1.1[\r][\n]"
17:05:00.110 [main] DEBUG org.apache.http.wire -  >> "Accept: */*[\r][\n]"
17:05:00.110 [main] DEBUG org.apache.http.wire -  >> "Content-Type: application/json[\r][\n]"
17:05:00.110 [main] DEBUG org.apache.http.wire -  >> "Content-Length: 41[\r][\n]"
17:05:00.110 [main] DEBUG org.apache.http.wire -  >> "Host: altashop-api.fly.dev[\r][\n]"
17:05:00.110 [main] DEBUG org.apache.http.wire -  >> "Connection: Keep-Alive[\r][\n]"
17:05:00.110 [main] DEBUG org.apache.http.wire -  >> "User-Agent: Apache-HttpClient/4.5.13 (Java/17.0.3.1)[\r][\n]"
17:05:00.110 [main] DEBUG org.apache.http.wire -  >> "Accept-Encoding: gzip,deflate[\r][\n]"
17:05:00.110 [main] DEBUG org.apache.http.wire -  >> "[\r][\n]"
17:05:00.110 [main] DEBUG org.apache.http.headers - >> POST /api/products HTTP/1.1
17:05:00.110 [main] DEBUG org.apache.http.headers - >> Accept: */*
17:05:00.110 [main] DEBUG org.apache.http.headers - >> Content-Type: application/json
17:05:00.110 [main] DEBUG org.apache.http.headers - >> Content-Length: 41
17:05:00.110 [main] DEBUG org.apache.http.headers - >> Host: altashop-api.fly.dev
17:05:00.110 [main] DEBUG org.apache.http.headers - >> Connection: Keep-Alive
17:05:00.110 [main] DEBUG org.apache.http.headers - >> User-Agent: Apache-HttpClient/4.5.13 (Java/17.0.3.1)
17:05:00.110 [main] DEBUG org.apache.http.headers - >> Accept-Encoding: gzip,deflate
17:05:00.110 [main] DEBUG org.apache.http.wire -  >> "{"Price":120000,"Name":"DVD Mugen Train"}"
17:05:00.413 [main] DEBUG org.apache.http.wire -  << "HTTP/1.1 200 OK[\r][\n]"
17:05:00.413 [main] DEBUG org.apache.http.wire -  << "content-type: application/json[\r][\n]"
17:05:00.413 [main] DEBUG org.apache.http.wire -  << "date: Tue, 09 May 2023 10:05:03 GMT[\r][\n]"
17:05:00.413 [main] DEBUG org.apache.http.wire -  << "content-encoding: gzip[\r][\n]"
17:05:00.413 [main] DEBUG org.apache.http.wire -  << "transfer-encoding: chunked[\r][\n]"
17:05:00.413 [main] DEBUG org.apache.http.wire -  << "server: Fly/3f2597ca (2023-05-03)[\r][\n]"
17:05:00.413 [main] DEBUG org.apache.http.wire -  << "via: 1.1 fly.io[\r][\n]"
17:05:00.413 [main] DEBUG org.apache.http.wire -  << "fly-request-id: 01GZZZHEVNQBH6WRHFXAWZVBHJ-sin[\r][\n]"
17:05:00.413 [main] DEBUG org.apache.http.wire -  << "[\r][\n]"
17:05:00.413 [main] DEBUG org.apache.http.impl.conn.DefaultClientConnection - Receiving response: HTTP/1.1 200 OK
17:05:00.413 [main] DEBUG org.apache.http.headers - << HTTP/1.1 200 OK
17:05:00.413 [main] DEBUG org.apache.http.headers - << content-type: application/json
17:05:00.413 [main] DEBUG org.apache.http.headers - << date: Tue, 09 May 2023 10:05:03 GMT
17:05:00.413 [main] DEBUG org.apache.http.headers - << content-encoding: gzip
17:05:00.413 [main] DEBUG org.apache.http.headers - << transfer-encoding: chunked
17:05:00.413 [main] DEBUG org.apache.http.headers - << server: Fly/3f2597ca (2023-05-03)
17:05:00.413 [main] DEBUG org.apache.http.headers - << via: 1.1 fly.io
17:05:00.413 [main] DEBUG org.apache.http.headers - << fly-request-id: 01GZZZHEVNQBH6WRHFXAWZVBHJ-sin
17:05:00.413 [main] DEBUG org.apache.http.impl.client.DefaultHttpClient - Connection can be kept alive indefinitely
17:05:00.413 [main] DEBUG io.restassured.internal.RestAssuredHttpBuilder - Parsing response as: application/json
17:05:00.413 [main] DEBUG org.apache.http.wire -  << "7F[\r][\n]"
17:05:00.413 [main] DEBUG org.apache.http.wire -  << "[0x1f][0x8b][0x8][0x0][0x0][0x0][0x0][0x0][0x4][0xff][0xab]VJI,IT[0xb2][0xaa]V[0xf2]tQ[0xb2]24137[0xd6]Q[0xf2]K[0xcc]MU[0xb2]Rr[0x9]sQ[0xf0]-MO[0xcd]S[0x8])J[0xcc][0xcc]S[0xd2]QrI-N.[0xca],([0xc9][0xcc][0xcf]S[0xb2]RR[0xd2]Q[\n]"
17:05:00.413 [main] DEBUG org.apache.http.wire -  << "([0xca]LNU[0xb2]242000[0xd0]Q[\n]"
17:05:00.413 [main] DEBUG org.apache.http.wire -  << "J,[0xc9][0xcc]K/V[0xb2]2[0xd0]QrN,IM[0xcf]/[0xca]L-V[0xb2][0x8a][0x8e][0xad][0xad][0xe5][0x2][0x0]QHW[0xc9]k[0x0][0x0][0x0]"
17:05:00.413 [main] DEBUG org.apache.http.wire -  << "[\r][\n]"
17:05:00.413 [main] DEBUG org.apache.http.wire -  << "0[\r][\n]"
17:05:00.413 [main] DEBUG org.apache.http.wire -  << "[\r][\n]"
17:05:00.413 [main] DEBUG io.restassured.internal.RestAssuredHttpBuilder - Parsed data to instance of: class org.apache.http.conn.EofSensorInputStream
17:05:00.414 [main] DEBUG org.apache.http.impl.conn.BasicClientConnectionManager - Releasing connection org.apache.http.impl.conn.ManagedClientConnectionImpl@1e489957
17:05:00.414 [main] DEBUG org.apache.http.impl.conn.BasicClientConnectionManager - Connection can be kept alive indefinitely
17:05:00.415 [main] DEBUG net.thucydides.core.steps.StepInterceptor - STEP DONE: I send POST HTTP request
  &amp#27;[32mWhen &amp#27;[0m&amp#27;[32mI send POST HTTP request&amp#27;[0m                                &amp#27;[90m# starter.stepDefinition.ProductSteps.sendPostHttpRequest()&amp#27;[0m
17:05:00.416 [main] DEBUG net.thucydides.core.steps.StepInterceptor - STARTING STEP: ProductSteps.receiveValidHttp201 - I receive valid HTTP response code 201
17:05:00.417 [main] DEBUG net.thucydides.core.steps.StepInterceptor - STEP DONE: I receive valid HTTP response code 201
  &amp#27;[32mThen &amp#27;[0m&amp#27;[32mI receive valid HTTP response code 201&amp#27;[0m                  &amp#27;[90m# starter.stepDefinition.ProductSteps.receiveValidHttp201()&amp#27;[0m
17:05:00.419 [main] DEBUG net.thucydides.core.steps.StepInterceptor - STARTING STEP: ProductSteps.receiveValidDataForNewProduct - I receive valid data for new product
17:05:00.428 [main] DEBUG net.thucydides.core.steps.StepInterceptor - STEP DONE: I receive valid data for new product
  &amp#27;[32mAnd &amp#27;[0m&amp#27;[32mI receive valid data for new product&amp#27;[0m                     &amp#27;[90m# starter.stepDefinition.ProductSteps.receiveValidDataForNewProduct()&amp#27;[0m
17:05:00.430 [main] INFO  - 
  _____   ___   ___   _____     ___     _     ___   ___   ___   ___  
 |_   _| | __| / __| |_   _|   | _ \   /_\   / __| / __| | __| |   \ 
   | |   | _|  \__ \   | |     |  _/  / _ \  \__ \ \__ \ | _|  | |) |
   |_|   |___| |___/   |_|     |_|   /_/ \_\ |___/ |___/ |___| |___/ 

POST - As admin I have be able to create new product
----------------------------------------------------------------------
]]></system-out>
  </testcase>
  <testcase name="DELETE - As admin I have be able to delete existing product" classname="Product" time="0.635">
    <system-out><![CDATA[
Scenario: DELETE - As admin I have be able to delete existing product &amp#27;[90m# src/test/resources/features/Product.feature:18&amp#27;[0m
17:05:00.433 [main] INFO io.cucumber.core.plugin.SerenityReporter - Running feature from file:///C:/Users/VICTUS/IdeaProjects/RestAssuredMiniProject/src/test/resources/features/Product.feature
17:05:00.434 [main] INFO  - 
  _____   ___   ___   _____     ___   _____     _     ___   _____   ___   ___  
 |_   _| | __| / __| |_   _|   / __| |_   _|   /_\   | _ \ |_   _| | __| |   \ 
   | |   | _|  \__ \   | |     \__ \   | |    / _ \  |   /   | |   | _|  | |) |
   |_|   |___| |___/   |_|     |___/   |_|   /_/ \_\ |_|_\   |_|   |___| |___/ 

DELETE - As admin I have be able to delete existing product(product;delete---as-admin-i-have-be-able-to-delete-existing-product)
--------------------------------------------------------------------------------
17:05:00.440 [main] DEBUG net.thucydides.core.steps.StepInterceptor - STARTING STEP: ProductSteps.setDeleteApiEndpoints - I set DELETE api endpoints
17:05:00.440 [main] DEBUG net.thucydides.core.steps.StepInterceptor - STEP DONE: I set DELETE api endpoints
  &amp#27;[32mGiven &amp#27;[0m&amp#27;[32mI set DELETE api endpoints&amp#27;[0m                                    &amp#27;[90m# starter.stepDefinition.ProductSteps.setDeleteApiEndpoints()&amp#27;[0m
17:05:00.442 [main] DEBUG net.thucydides.core.steps.StepInterceptor - STARTING STEP: ProductSteps.sendDeleteHttpRequest - I send DELETE HTTP request
17:05:00.442 [main] DEBUG net.thucydides.core.steps.StepInterceptor - STARTING STEP: Delete.sendDeleteHttpRequest - I set DELETE api endpoints
17:05:00.442 [main] DEBUG net.thucydides.core.steps.StepInterceptor - STEP DONE: I set DELETE api endpoints
17:05:00.447 [Finalizer] DEBUG org.apache.http.impl.conn.DefaultClientConnection - Connection 0.0.0.0:61627<->149.248.193.56:443 closed
17:05:00.448 [Finalizer] DEBUG org.apache.http.impl.conn.DefaultClientConnection - Connection 0.0.0.0:61626<->149.248.193.56:443 closed
17:05:00.448 [Finalizer] DEBUG org.apache.http.impl.conn.DefaultClientConnection - Connection 0.0.0.0:61625<->149.248.193.56:443 closed
17:05:00.448 [Finalizer] DEBUG org.apache.http.impl.conn.DefaultClientConnection - Connection 0.0.0.0:61624<->149.248.193.56:443 closed
17:05:00.448 [Finalizer] DEBUG org.apache.http.impl.conn.DefaultClientConnection - Connection 0.0.0.0:61634<->149.248.193.56:443 closed
17:05:00.449 [Finalizer] DEBUG org.apache.http.impl.conn.DefaultClientConnection - Connection 0.0.0.0:61629<->149.248.193.56:443 closed
17:05:00.449 [Finalizer] DEBUG org.apache.http.impl.conn.DefaultClientConnection - Connection 0.0.0.0:61628<->149.248.193.56:443 closed
17:05:00.449 [Finalizer] DEBUG org.apache.http.impl.conn.DefaultClientConnection - Connection 0.0.0.0:61644<->149.248.193.56:443 closed
17:05:00.451 [Finalizer] DEBUG org.apache.http.impl.conn.DefaultClientConnection - Connection 0.0.0.0:61643<->149.248.193.56:443 closed
17:05:00.452 [main] DEBUG org.apache.http.impl.conn.BasicClientConnectionManager - Get connection for route {s}->https://altashop-api.fly.dev:443
17:05:00.452 [main] DEBUG org.apache.http.impl.conn.DefaultClientConnectionOperator - Connecting to altashop-api.fly.dev:443
17:05:00.796 [main] DEBUG org.apache.http.client.protocol.RequestAddCookies - CookieSpec selected: ignoreCookies
17:05:00.796 [main] DEBUG org.apache.http.client.protocol.RequestAuthCache - Auth cache not set in the context
17:05:00.796 [main] DEBUG org.apache.http.client.protocol.RequestTargetAuthentication - Target auth state: UNCHALLENGED
17:05:00.796 [main] DEBUG org.apache.http.client.protocol.RequestProxyAuthentication - Proxy auth state: UNCHALLENGED
17:05:00.796 [main] DEBUG org.apache.http.impl.client.DefaultHttpClient - Attempt 1 to execute request
17:05:00.796 [main] DEBUG org.apache.http.impl.conn.DefaultClientConnection - Sending request: DELETE /api/products/13448 HTTP/1.1
17:05:00.796 [main] DEBUG org.apache.http.wire -  >> "DELETE /api/products/13448 HTTP/1.1[\r][\n]"
17:05:00.796 [main] DEBUG org.apache.http.wire -  >> "Accept: */*[\r][\n]"
17:05:00.796 [main] DEBUG org.apache.http.wire -  >> "Host: altashop-api.fly.dev[\r][\n]"
17:05:00.796 [main] DEBUG org.apache.http.wire -  >> "Connection: Keep-Alive[\r][\n]"
17:05:00.796 [main] DEBUG org.apache.http.wire -  >> "User-Agent: Apache-HttpClient/4.5.13 (Java/17.0.3.1)[\r][\n]"
17:05:00.796 [main] DEBUG org.apache.http.wire -  >> "Accept-Encoding: gzip,deflate[\r][\n]"
17:05:00.796 [main] DEBUG org.apache.http.wire -  >> "[\r][\n]"
17:05:00.796 [main] DEBUG org.apache.http.headers - >> DELETE /api/products/13448 HTTP/1.1
17:05:00.796 [main] DEBUG org.apache.http.headers - >> Accept: */*
17:05:00.796 [main] DEBUG org.apache.http.headers - >> Host: altashop-api.fly.dev
17:05:00.796 [main] DEBUG org.apache.http.headers - >> Connection: Keep-Alive
17:05:00.796 [main] DEBUG org.apache.http.headers - >> User-Agent: Apache-HttpClient/4.5.13 (Java/17.0.3.1)
17:05:00.796 [main] DEBUG org.apache.http.headers - >> Accept-Encoding: gzip,deflate
17:05:01.061 [main] DEBUG org.apache.http.wire -  << "HTTP/1.1 200 OK[\r][\n]"
17:05:01.061 [main] DEBUG org.apache.http.wire -  << "content-type: application/json[\r][\n]"
17:05:01.061 [main] DEBUG org.apache.http.wire -  << "date: Tue, 09 May 2023 10:05:04 GMT[\r][\n]"
17:05:01.061 [main] DEBUG org.apache.http.wire -  << "content-encoding: gzip[\r][\n]"
17:05:01.061 [main] DEBUG org.apache.http.wire -  << "transfer-encoding: chunked[\r][\n]"
17:05:01.061 [main] DEBUG org.apache.http.wire -  << "server: Fly/3f2597ca (2023-05-03)[\r][\n]"
17:05:01.061 [main] DEBUG org.apache.http.wire -  << "via: 1.1 fly.io[\r][\n]"
17:05:01.061 [main] DEBUG org.apache.http.wire -  << "fly-request-id: 01GZZZHFGZT7C15T6W1JQPY8GZ-sin[\r][\n]"
17:05:01.061 [main] DEBUG org.apache.http.wire -  << "[\r][\n]"
17:05:01.061 [main] DEBUG org.apache.http.impl.conn.DefaultClientConnection - Receiving response: HTTP/1.1 200 OK
17:05:01.061 [main] DEBUG org.apache.http.headers - << HTTP/1.1 200 OK
17:05:01.061 [main] DEBUG org.apache.http.headers - << content-type: application/json
17:05:01.061 [main] DEBUG org.apache.http.headers - << date: Tue, 09 May 2023 10:05:04 GMT
17:05:01.061 [main] DEBUG org.apache.http.headers - << content-encoding: gzip
17:05:01.061 [main] DEBUG org.apache.http.headers - << transfer-encoding: chunked
17:05:01.061 [main] DEBUG org.apache.http.headers - << server: Fly/3f2597ca (2023-05-03)
17:05:01.061 [main] DEBUG org.apache.http.headers - << via: 1.1 fly.io
17:05:01.061 [main] DEBUG org.apache.http.headers - << fly-request-id: 01GZZZHFGZT7C15T6W1JQPY8GZ-sin
17:05:01.061 [main] DEBUG org.apache.http.impl.client.DefaultHttpClient - Connection can be kept alive indefinitely
17:05:01.061 [main] DEBUG io.restassured.internal.RestAssuredHttpBuilder - Parsing response as: application/json
17:05:01.061 [main] DEBUG org.apache.http.wire -  << "22[\r][\n]"
17:05:01.061 [main] DEBUG org.apache.http.wire -  << "[0x1f][0x8b][0x8][0x0][0x0][0x0][0x0][0x0][0x4][0xff][0xab]VJI,IT[0xb2][0xca]+[0xcd][0xc9][0xa9][0xe5][0x2][0x0][0xa3][0xab][0x8f]W[0xe][0x0][0x0][0x0]"
17:05:01.061 [main] DEBUG org.apache.http.wire -  << "[\r][\n]"
17:05:01.062 [main] DEBUG org.apache.http.wire -  << "0[\r][\n]"
17:05:01.062 [main] DEBUG org.apache.http.wire -  << "[\r][\n]"
17:05:01.062 [main] DEBUG io.restassured.internal.RestAssuredHttpBuilder - Parsed data to instance of: class org.apache.http.conn.EofSensorInputStream
17:05:01.063 [main] DEBUG org.apache.http.impl.conn.BasicClientConnectionManager - Releasing connection org.apache.http.impl.conn.ManagedClientConnectionImpl@1693d505
17:05:01.063 [main] DEBUG org.apache.http.impl.conn.BasicClientConnectionManager - Connection can be kept alive indefinitely
17:05:01.063 [main] DEBUG net.thucydides.core.steps.StepInterceptor - STEP DONE: I send DELETE HTTP request
  &amp#27;[32mWhen &amp#27;[0m&amp#27;[32mI send DELETE HTTP request&amp#27;[0m                                     &amp#27;[90m# starter.stepDefinition.ProductSteps.sendDeleteHttpRequest()&amp#27;[0m
17:05:01.064 [main] DEBUG net.thucydides.core.steps.StepInterceptor - STARTING STEP: ProductSteps.receiveValidHTTPresponse - I receive valid HTTP response code 204
17:05:01.065 [main] DEBUG net.thucydides.core.steps.StepInterceptor - STEP DONE: I receive valid HTTP response code 204
  &amp#27;[32mThen &amp#27;[0m&amp#27;[32mI receive valid HTTP response code 204&amp#27;[0m                         &amp#27;[90m# starter.stepDefinition.ProductSteps.receiveValidHTTPresponse()&amp#27;[0m
17:05:01.066 [main] INFO  - 
  _____   ___   ___   _____     ___     _     ___   ___   ___   ___  
 |_   _| | __| / __| |_   _|   | _ \   /_\   / __| / __| | __| |   \ 
   | |   | _|  \__ \   | |     |  _/  / _ \  \__ \ \__ \ | _|  | |) |
   |_|   |___| |___/   |_|     |_|   /_/ \_\ |___/ |___/ |___| |___/ 

DELETE - As admin I have be able to delete existing product
----------------------------------------------------------------------
]]></system-out>
  </testcase>
  <testcase name="GET - As admin I have be able to get rating product" classname="Rating" time="0.472">
    <system-out><![CDATA[17:05:01.066 [main] INFO io.cucumber.core.plugin.SerenityReporter - Running feature from file:///C:/Users/VICTUS/IdeaProjects/RestAssuredMiniProject/src/test/resources/features/Rating.feature
17:05:01.067 [main] DEBUG net.thucydides.core.steps.StepEventBus - Test suite started for story net.thucydides.core.model.Story@90cc9dc8
17:05:01.068 [main] INFO  - Test Suite Started: Rating

Scenario: GET - As admin I have be able to get rating product &amp#27;[90m# src/test/resources/features/Rating.feature:6&amp#27;[0m
17:05:01.070 [main] INFO io.cucumber.core.plugin.SerenityReporter - Running feature from file:///C:/Users/VICTUS/IdeaProjects/RestAssuredMiniProject/src/test/resources/features/Rating.feature
17:05:01.071 [main] INFO  - 
  _____   ___   ___   _____     ___   _____     _     ___   _____   ___   ___  
 |_   _| | __| / __| |_   _|   / __| |_   _|   /_\   | _ \ |_   _| | __| |   \ 
   | |   | _|  \__ \   | |     \__ \   | |    / _ \  |   /   | |   | _|  | |) |
   |_|   |___| |___/   |_|     |___/   |_|   /_/ \_\ |_|_\   |_|   |___| |___/ 

GET - As admin I have be able to get rating product(rating;get---as-admin-i-have-be-able-to-get-rating-product)
--------------------------------------------------------------------------------
17:05:01.083 [main] DEBUG net.thucydides.core.steps.StepInterceptor - STARTING STEP: RatingSteps.setGetApiEndpoints - I set GET api endpoints
17:05:01.083 [main] DEBUG net.thucydides.core.steps.StepInterceptor - STEP DONE: I set GET api endpoints
  &amp#27;[32mGiven &amp#27;[0m&amp#27;[32mI set GET API endpoints&amp#27;[0m                               &amp#27;[90m# starter.stepDefinition.RatingSteps.setGetApiEndpoints()&amp#27;[0m
17:05:01.084 [main] DEBUG net.thucydides.core.steps.StepInterceptor - STARTING STEP: RatingSteps.sendGetHttpRequest - I send GET HTTP request
17:05:01.085 [main] DEBUG net.thucydides.core.steps.StepInterceptor - STARTING STEP: Get.sendGetHttpRequest - I set GET api endpoints
17:05:01.085 [main] DEBUG net.thucydides.core.steps.StepInterceptor - STEP DONE: I set GET api endpoints
17:05:01.089 [main] DEBUG org.apache.http.impl.conn.BasicClientConnectionManager - Get connection for route {s}->https://altashop-api.fly.dev:443
17:05:01.089 [main] DEBUG org.apache.http.impl.conn.DefaultClientConnectionOperator - Connecting to altashop-api.fly.dev:443
17:05:01.434 [main] DEBUG org.apache.http.client.protocol.RequestAddCookies - CookieSpec selected: ignoreCookies
17:05:01.434 [main] DEBUG org.apache.http.client.protocol.RequestAuthCache - Auth cache not set in the context
17:05:01.434 [main] DEBUG org.apache.http.client.protocol.RequestTargetAuthentication - Target auth state: UNCHALLENGED
17:05:01.434 [main] DEBUG org.apache.http.client.protocol.RequestProxyAuthentication - Proxy auth state: UNCHALLENGED
17:05:01.434 [main] DEBUG org.apache.http.impl.client.DefaultHttpClient - Attempt 1 to execute request
17:05:01.434 [main] DEBUG org.apache.http.impl.conn.DefaultClientConnection - Sending request: GET /api/products/13425/ratings HTTP/1.1
17:05:01.434 [main] DEBUG org.apache.http.wire -  >> "GET /api/products/13425/ratings HTTP/1.1[\r][\n]"
17:05:01.434 [main] DEBUG org.apache.http.wire -  >> "Accept: */*[\r][\n]"
17:05:01.434 [main] DEBUG org.apache.http.wire -  >> "Host: altashop-api.fly.dev[\r][\n]"
17:05:01.434 [main] DEBUG org.apache.http.wire -  >> "Connection: Keep-Alive[\r][\n]"
17:05:01.434 [main] DEBUG org.apache.http.wire -  >> "User-Agent: Apache-HttpClient/4.5.13 (Java/17.0.3.1)[\r][\n]"
17:05:01.434 [main] DEBUG org.apache.http.wire -  >> "Accept-Encoding: gzip,deflate[\r][\n]"
17:05:01.434 [main] DEBUG org.apache.http.wire -  >> "[\r][\n]"
17:05:01.434 [main] DEBUG org.apache.http.headers - >> GET /api/products/13425/ratings HTTP/1.1
17:05:01.434 [main] DEBUG org.apache.http.headers - >> Accept: */*
17:05:01.434 [main] DEBUG org.apache.http.headers - >> Host: altashop-api.fly.dev
17:05:01.434 [main] DEBUG org.apache.http.headers - >> Connection: Keep-Alive
17:05:01.434 [main] DEBUG org.apache.http.headers - >> User-Agent: Apache-HttpClient/4.5.13 (Java/17.0.3.1)
17:05:01.434 [main] DEBUG org.apache.http.headers - >> Accept-Encoding: gzip,deflate
17:05:01.525 [main] DEBUG org.apache.http.wire -  << "HTTP/1.1 200 OK[\r][\n]"
17:05:01.525 [main] DEBUG org.apache.http.wire -  << "content-type: application/json[\r][\n]"
17:05:01.525 [main] DEBUG org.apache.http.wire -  << "date: Tue, 09 May 2023 10:05:05 GMT[\r][\n]"
17:05:01.525 [main] DEBUG org.apache.http.wire -  << "content-encoding: gzip[\r][\n]"
17:05:01.525 [main] DEBUG org.apache.http.wire -  << "transfer-encoding: chunked[\r][\n]"
17:05:01.525 [main] DEBUG org.apache.http.wire -  << "server: Fly/3f2597ca (2023-05-03)[\r][\n]"
17:05:01.525 [main] DEBUG org.apache.http.wire -  << "via: 1.1 fly.io[\r][\n]"
17:05:01.525 [main] DEBUG org.apache.http.wire -  << "fly-request-id: 01GZZZHG5E0ZX8971KXFQ901F4-sin[\r][\n]"
17:05:01.525 [main] DEBUG org.apache.http.wire -  << "[\r][\n]"
17:05:01.525 [main] DEBUG org.apache.http.impl.conn.DefaultClientConnection - Receiving response: HTTP/1.1 200 OK
17:05:01.525 [main] DEBUG org.apache.http.headers - << HTTP/1.1 200 OK
17:05:01.525 [main] DEBUG org.apache.http.headers - << content-type: application/json
17:05:01.525 [main] DEBUG org.apache.http.headers - << date: Tue, 09 May 2023 10:05:05 GMT
17:05:01.525 [main] DEBUG org.apache.http.headers - << content-encoding: gzip
17:05:01.525 [main] DEBUG org.apache.http.headers - << transfer-encoding: chunked
17:05:01.525 [main] DEBUG org.apache.http.headers - << server: Fly/3f2597ca (2023-05-03)
17:05:01.525 [main] DEBUG org.apache.http.headers - << via: 1.1 fly.io
17:05:01.525 [main] DEBUG org.apache.http.headers - << fly-request-id: 01GZZZHG5E0ZX8971KXFQ901F4-sin
17:05:01.526 [main] DEBUG org.apache.http.impl.client.DefaultHttpClient - Connection can be kept alive indefinitely
17:05:01.526 [main] DEBUG io.restassured.internal.RestAssuredHttpBuilder - Parsing response as: application/json
17:05:01.526 [main] DEBUG org.apache.http.wire -  << "1F[\r][\n]"
17:05:01.526 [main] DEBUG org.apache.http.wire -  << "[0x1f][0x8b][0x8][0x0][0x0][0x0][0x0][0x0][0x4][0xff][0xab]VJI,IT[0xb2]2[0xa9][0xe5][0x2][0x0][0xb4]([0xdc]F[0xb][0x0][0x0][0x0]"
17:05:01.526 [main] DEBUG org.apache.http.wire -  << "[\r][\n]"
17:05:01.526 [main] DEBUG org.apache.http.wire -  << "0[\r][\n]"
17:05:01.526 [main] DEBUG org.apache.http.wire -  << "[\r][\n]"
17:05:01.526 [main] DEBUG io.restassured.internal.RestAssuredHttpBuilder - Parsed data to instance of: class org.apache.http.conn.EofSensorInputStream
17:05:01.527 [main] DEBUG org.apache.http.impl.conn.BasicClientConnectionManager - Releasing connection org.apache.http.impl.conn.ManagedClientConnectionImpl@4f3e65f4
17:05:01.527 [main] DEBUG org.apache.http.impl.conn.BasicClientConnectionManager - Connection can be kept alive indefinitely
17:05:01.527 [main] DEBUG net.thucydides.core.steps.StepInterceptor - STEP DONE: I send GET HTTP request
  &amp#27;[32mWhen &amp#27;[0m&amp#27;[32mI send GET Http request&amp#27;[0m                                &amp#27;[90m# starter.stepDefinition.RatingSteps.sendGetHttpRequest()&amp#27;[0m
17:05:01.528 [main] DEBUG net.thucydides.core.steps.StepInterceptor - STARTING STEP: RatingSteps.receiveValidHttpResponse - I receive valid HTTP response code 200
17:05:01.530 [main] DEBUG net.thucydides.core.steps.StepInterceptor - STEP DONE: I receive valid HTTP response code 200
  &amp#27;[32mThen &amp#27;[0m&amp#27;[32mI receive valid Http response code 200&amp#27;[0m                 &amp#27;[90m# starter.stepDefinition.RatingSteps.receiveValidHttpResponse()&amp#27;[0m
17:05:01.531 [main] DEBUG net.thucydides.core.steps.StepInterceptor - STARTING STEP: RatingSteps.receiveValidDataForDetailProduct - I receive valid data for detail product
17:05:01.538 [main] DEBUG net.thucydides.core.steps.StepInterceptor - STEP DONE: I receive valid data for detail product
  &amp#27;[32mAnd &amp#27;[0m&amp#27;[32mI receive valid data for rating product&amp#27;[0m                 &amp#27;[90m# starter.stepDefinition.RatingSteps.receiveValidDataForDetailProduct()&amp#27;[0m
17:05:01.538 [main] INFO  - 
  _____   ___   ___   _____     ___     _     ___   ___   ___   ___  
 |_   _| | __| / __| |_   _|   | _ \   /_\   / __| / __| | __| |   \ 
   | |   | _|  \__ \   | |     |  _/  / _ \  \__ \ \__ \ | _|  | |) |
   |_|   |___| |___/   |_|     |_|   /_/ \_\ |___/ |___/ |___| |___/ 

GET - As admin I have be able to get rating product
----------------------------------------------------------------------
]]></system-out>
  </testcase>
  <testcase name="POST - As admin I have be able to assign a rating product" classname="Rating" time="0.205">
    <system-out><![CDATA[
Scenario: POST - As admin I have be able to assign a rating product &amp#27;[90m# src/test/resources/features/Rating.feature:12&amp#27;[0m
17:05:01.542 [main] INFO io.cucumber.core.plugin.SerenityReporter - Running feature from file:///C:/Users/VICTUS/IdeaProjects/RestAssuredMiniProject/src/test/resources/features/Rating.feature
17:05:01.543 [main] INFO  - 
  _____   ___   ___   _____     ___   _____     _     ___   _____   ___   ___  
 |_   _| | __| / __| |_   _|   / __| |_   _|   /_\   | _ \ |_   _| | __| |   \ 
   | |   | _|  \__ \   | |     \__ \   | |    / _ \  |   /   | |   | _|  | |) |
   |_|   |___| |___/   |_|     |___/   |_|   /_/ \_\ |_|_\   |_|   |___| |___/ 

POST - As admin I have be able to assign a rating product(rating;post---as-admin-i-have-be-able-to-assign-a-rating-product)
--------------------------------------------------------------------------------
17:05:01.547 [main] DEBUG net.thucydides.core.steps.StepInterceptor - STARTING STEP: RatingSteps.setPostApiEndpoints - I set POST api endpoints
17:05:01.548 [main] DEBUG net.thucydides.core.steps.StepInterceptor - STEP DONE: I set POST api endpoints
  &amp#27;[32mGiven &amp#27;[0m&amp#27;[32mI set POST API endpoints&amp#27;[0m                                    &amp#27;[90m# starter.stepDefinition.RatingSteps.setPostApiEndpoints()&amp#27;[0m
17:05:01.549 [main] DEBUG net.thucydides.core.steps.StepInterceptor - STARTING STEP: RatingSteps.sendPostHttpRequest - I send POST HTTP request
17:05:01.551 [main] DEBUG net.thucydides.core.steps.StepInterceptor - STARTING STEP: Post.sendPostHttpRequest - I set POST api endpoints
17:05:01.551 [main] DEBUG net.thucydides.core.steps.StepInterceptor - STEP DONE: I set POST api endpoints
17:05:01.564 [main] DEBUG org.apache.http.impl.conn.BasicClientConnectionManager - Get connection for route {s}->https://altashop-api.fly.dev:443
17:05:01.564 [main] DEBUG org.apache.http.impl.conn.DefaultClientConnectionOperator - Connecting to altashop-api.fly.dev:443
17:05:01.668 [main] DEBUG org.apache.http.client.protocol.RequestAddCookies - CookieSpec selected: ignoreCookies
17:05:01.668 [main] DEBUG org.apache.http.client.protocol.RequestAuthCache - Auth cache not set in the context
17:05:01.668 [main] DEBUG org.apache.http.client.protocol.RequestProxyAuthentication - Proxy auth state: UNCHALLENGED
17:05:01.668 [main] DEBUG org.apache.http.impl.client.DefaultHttpClient - Attempt 1 to execute request
17:05:01.668 [main] DEBUG org.apache.http.impl.conn.DefaultClientConnection - Sending request: POST /api/products/14117/ratings HTTP/1.1
17:05:01.668 [main] DEBUG org.apache.http.wire -  >> "POST /api/products/14117/ratings HTTP/1.1[\r][\n]"
17:05:01.668 [main] DEBUG org.apache.http.wire -  >> "Authorization: Bearer eyJhbGciOiJIUzI1NiIsInR5cCI6IkpXVCJ9.eyJGdWxsbmFtZSI6IkpvaG4gRG9lIiwiRW1haWwiOiJzb21lb25lQG1haWwuY29tIn0.WvBSxcQEqqniC1v08LzkrHcELegs0b7vtjGPWiaEWcI[\r][\n]"
17:05:01.668 [main] DEBUG org.apache.http.wire -  >> "Accept: */*[\r][\n]"
17:05:01.668 [main] DEBUG org.apache.http.wire -  >> "Content-Type: application/json[\r][\n]"
17:05:01.668 [main] DEBUG org.apache.http.wire -  >> "Content-Length: 11[\r][\n]"
17:05:01.668 [main] DEBUG org.apache.http.wire -  >> "Host: altashop-api.fly.dev[\r][\n]"
17:05:01.668 [main] DEBUG org.apache.http.wire -  >> "Connection: Keep-Alive[\r][\n]"
17:05:01.668 [main] DEBUG org.apache.http.wire -  >> "User-Agent: Apache-HttpClient/4.5.13 (Java/17.0.3.1)[\r][\n]"
17:05:01.668 [main] DEBUG org.apache.http.wire -  >> "Accept-Encoding: gzip,deflate[\r][\n]"
17:05:01.668 [main] DEBUG org.apache.http.wire -  >> "[\r][\n]"
17:05:01.668 [main] DEBUG org.apache.http.headers - >> POST /api/products/14117/ratings HTTP/1.1
17:05:01.668 [main] DEBUG org.apache.http.headers - >> Authorization: Bearer eyJhbGciOiJIUzI1NiIsInR5cCI6IkpXVCJ9.eyJGdWxsbmFtZSI6IkpvaG4gRG9lIiwiRW1haWwiOiJzb21lb25lQG1haWwuY29tIn0.WvBSxcQEqqniC1v08LzkrHcELegs0b7vtjGPWiaEWcI
17:05:01.668 [main] DEBUG org.apache.http.headers - >> Accept: */*
17:05:01.668 [main] DEBUG org.apache.http.headers - >> Content-Type: application/json
17:05:01.668 [main] DEBUG org.apache.http.headers - >> Content-Length: 11
17:05:01.668 [main] DEBUG org.apache.http.headers - >> Host: altashop-api.fly.dev
17:05:01.668 [main] DEBUG org.apache.http.headers - >> Connection: Keep-Alive
17:05:01.668 [main] DEBUG org.apache.http.headers - >> User-Agent: Apache-HttpClient/4.5.13 (Java/17.0.3.1)
17:05:01.668 [main] DEBUG org.apache.http.headers - >> Accept-Encoding: gzip,deflate
17:05:01.668 [main] DEBUG org.apache.http.wire -  >> "{"count":5}"
17:05:01.713 [main] DEBUG org.apache.http.wire -  << "HTTP/1.1 200 OK[\r][\n]"
17:05:01.714 [main] DEBUG org.apache.http.wire -  << "content-type: application/json[\r][\n]"
17:05:01.714 [main] DEBUG org.apache.http.wire -  << "date: Tue, 09 May 2023 10:05:05 GMT[\r][\n]"
17:05:01.714 [main] DEBUG org.apache.http.wire -  << "content-encoding: gzip[\r][\n]"
17:05:01.714 [main] DEBUG org.apache.http.wire -  << "transfer-encoding: chunked[\r][\n]"
17:05:01.714 [main] DEBUG org.apache.http.wire -  << "server: Fly/3f2597ca (2023-05-03)[\r][\n]"
17:05:01.714 [main] DEBUG org.apache.http.wire -  << "via: 1.1 fly.io[\r][\n]"
17:05:01.714 [main] DEBUG org.apache.http.wire -  << "fly-request-id: 01GZZZHGCANAB6MXXSS34XDW65-sin[\r][\n]"
17:05:01.714 [main] DEBUG org.apache.http.wire -  << "[\r][\n]"
17:05:01.714 [main] DEBUG org.apache.http.impl.conn.DefaultClientConnection - Receiving response: HTTP/1.1 200 OK
17:05:01.714 [main] DEBUG org.apache.http.headers - << HTTP/1.1 200 OK
17:05:01.714 [main] DEBUG org.apache.http.headers - << content-type: application/json
17:05:01.714 [main] DEBUG org.apache.http.headers - << date: Tue, 09 May 2023 10:05:05 GMT
17:05:01.714 [main] DEBUG org.apache.http.headers - << content-encoding: gzip
17:05:01.714 [main] DEBUG org.apache.http.headers - << transfer-encoding: chunked
17:05:01.714 [main] DEBUG org.apache.http.headers - << server: Fly/3f2597ca (2023-05-03)
17:05:01.714 [main] DEBUG org.apache.http.headers - << via: 1.1 fly.io
17:05:01.714 [main] DEBUG org.apache.http.headers - << fly-request-id: 01GZZZHGCANAB6MXXSS34XDW65-sin
17:05:01.714 [main] DEBUG org.apache.http.impl.client.DefaultHttpClient - Connection can be kept alive indefinitely
17:05:01.714 [main] DEBUG io.restassured.internal.RestAssuredHttpBuilder - Parsing response as: application/json
17:05:01.714 [main] DEBUG org.apache.http.wire -  << "84[\r][\n]"
17:05:01.714 [main] DEBUG org.apache.http.wire -  << "[0x1f][0x8b][0x8][0x0][0x0][0x0][0x0][0x0][0x4][0xff][0xab]VJI,IT[0xb2][0xaa]V[0xf2]tQ[0xb2]24144[0xd7]Q[0xf2]K[0xcc]MU[0xb2]Rr[0x9]sQ[0xf0][0xce][0xcc]M-).U[0xc8][0xcb]W[0x88]L[0xcc]LJT[0xd2]QrI-N.[0xca],([0xc9][0xcc][0xcf]S[0xb2]RR[0xd2]Q[\n]"
17:05:01.714 [main] DEBUG org.apache.http.wire -  << "([0xca]LNU[0xb2]242000[0xd0]Q[\n]"
17:05:01.714 [main] DEBUG org.apache.http.wire -  << "J,[0xc9][0xcc]K/V[0xb2]2[0xd5]QrN,IM[0xcf]/[0xca]L-V[0xb2][0x8a][0x8e][0xad][0xad][0xe5][0x2][0x0][0xea][0x8c][0xd1][0xc0]p[0x0][0x0][0x0]"
17:05:01.714 [main] DEBUG org.apache.http.wire -  << "[\r][\n]"
17:05:01.714 [main] DEBUG org.apache.http.wire -  << "0[\r][\n]"
17:05:01.714 [main] DEBUG org.apache.http.wire -  << "[\r][\n]"
17:05:01.714 [main] DEBUG io.restassured.internal.RestAssuredHttpBuilder - Parsed data to instance of: class org.apache.http.conn.EofSensorInputStream
17:05:01.716 [main] DEBUG org.apache.http.impl.conn.BasicClientConnectionManager - Releasing connection org.apache.http.impl.conn.ManagedClientConnectionImpl@4629dde5
17:05:01.716 [main] DEBUG org.apache.http.impl.conn.BasicClientConnectionManager - Connection can be kept alive indefinitely
17:05:01.717 [main] DEBUG net.thucydides.core.steps.StepInterceptor - STEP DONE: I send POST HTTP request
  &amp#27;[32mWhen &amp#27;[0m&amp#27;[32mI send POST Http request&amp#27;[0m                                     &amp#27;[90m# starter.stepDefinition.RatingSteps.sendPostHttpRequest()&amp#27;[0m
17:05:01.718 [main] DEBUG net.thucydides.core.steps.StepInterceptor - STARTING STEP: RatingSteps.receiveValidHttp201 - I receive valid HTTP response code 201
17:05:01.719 [main] DEBUG net.thucydides.core.steps.StepInterceptor - STEP DONE: I receive valid HTTP response code 201
  &amp#27;[32mThen &amp#27;[0m&amp#27;[32mI receive valid Http response code 201&amp#27;[0m                       &amp#27;[90m# starter.stepDefinition.RatingSteps.receiveValidHttp201()&amp#27;[0m
17:05:01.720 [main] DEBUG net.thucydides.core.steps.StepInterceptor - STARTING STEP: RatingSteps.receiveValidDataForRatingProduct - I receive valid data for new rating product
17:05:01.743 [main] DEBUG net.thucydides.core.steps.StepInterceptor - STEP DONE: I receive valid data for new rating product
  &amp#27;[32mAnd &amp#27;[0m&amp#27;[32mI receive valid data for new rating product&amp#27;[0m                   &amp#27;[90m# starter.stepDefinition.RatingSteps.receiveValidDataForRatingProduct()&amp#27;[0m
17:05:01.744 [main] INFO  - 
  _____   ___   ___   _____     ___     _     ___   ___   ___   ___  
 |_   _| | __| / __| |_   _|   | _ \   /_\   / __| / __| | __| |   \ 
   | |   | _|  \__ \   | |     |  _/  / _ \  \__ \ \__ \ | _|  | |) |
   |_|   |___| |___/   |_|     |_|   /_/ \_\ |___/ |___/ |___| |___/ 

POST - As admin I have be able to assign a rating product
----------------------------------------------------------------------
]]></system-out>
  </testcase>
</testsuite>